[2026-04-29T21:08:41.858+0000] {taskinstance.py:1956} INFO - Dependencies all met for dep_context=non-requeueable deps ti=<TaskInstance: dbt_pipeline.dbt_snapshot manual__2026-04-29T21:08:40.476406+00:00 [queued]>
[2026-04-29T21:08:41.883+0000] {taskinstance.py:1956} INFO - Dependencies all met for dep_context=requeueable deps ti=<TaskInstance: dbt_pipeline.dbt_snapshot manual__2026-04-29T21:08:40.476406+00:00 [queued]>
[2026-04-29T21:08:41.885+0000] {taskinstance.py:2170} INFO - Starting attempt 1 of 1
[2026-04-29T21:08:41.925+0000] {taskinstance.py:2191} INFO - Executing <Task(BashOperator): dbt_snapshot> on 2026-04-29 21:08:40.476406+00:00
[2026-04-29T21:08:41.934+0000] {standard_task_runner.py:60} INFO - Started process 223 to run task
[2026-04-29T21:08:41.940+0000] {standard_task_runner.py:87} INFO - Running: ['***', 'tasks', 'run', 'dbt_pipeline', 'dbt_snapshot', 'manual__2026-04-29T21:08:40.476406+00:00', '--job-id', '64', '--raw', '--subdir', 'DAGS_FOLDER/dbt_pipeline_dag.py', '--cfg-path', '/tmp/tmph6n1xtd4']
[2026-04-29T21:08:41.943+0000] {standard_task_runner.py:88} INFO - Job 64: Subtask dbt_snapshot
[2026-04-29T21:08:42.055+0000] {task_command.py:423} INFO - Running <TaskInstance: dbt_pipeline.dbt_snapshot manual__2026-04-29T21:08:40.476406+00:00 [running]> on host c5c53f6c77ae
[2026-04-29T21:08:42.252+0000] {taskinstance.py:2480} INFO - Exporting env vars: AIRFLOW_CTX_DAG_OWNER='***' AIRFLOW_CTX_DAG_ID='dbt_pipeline' AIRFLOW_CTX_TASK_ID='dbt_snapshot' AIRFLOW_CTX_EXECUTION_DATE='2026-04-29T21:08:40.476406+00:00' AIRFLOW_CTX_TRY_NUMBER='1' AIRFLOW_CTX_DAG_RUN_ID='manual__2026-04-29T21:08:40.476406+00:00'
[2026-04-29T21:08:42.254+0000] {subprocess.py:63} INFO - Tmp dir root location: /tmp
[2026-04-29T21:08:42.257+0000] {subprocess.py:75} INFO - Running command: ['/usr/bin/bash', '-c', 'cd /opt/***/project/week7/de_journey && dbt snapshot --profiles-dir /opt/***/project/week7/de_journey --no-version-check']
[2026-04-29T21:08:42.278+0000] {subprocess.py:86} INFO - Output:
[2026-04-29T21:08:45.892+0000] {subprocess.py:93} INFO - [0m21:08:45  Running with dbt=1.8.7
[2026-04-29T21:08:48.224+0000] {subprocess.py:93} INFO - [0m21:08:48  Registered adapter: bigquery=1.8.3
[2026-04-29T21:08:48.926+0000] {subprocess.py:93} INFO - [0m21:08:48  Unable to do partial parsing because of a version mismatch
[2026-04-29T21:09:00.156+0000] {subprocess.py:93} INFO - [0m21:09:00  [[33mWARNING[0m]: Deprecated functionality
[2026-04-29T21:09:00.159+0000] {subprocess.py:93} INFO - The `tests` config has been renamed to `data_tests`. Please see
[2026-04-29T21:09:00.161+0000] {subprocess.py:93} INFO - https://docs.getdbt.com/docs/build/data-tests#new-data_tests-syntax for more
[2026-04-29T21:09:00.163+0000] {subprocess.py:93} INFO - information.
[2026-04-29T21:09:01.864+0000] {subprocess.py:93} INFO - [0m21:09:01  Found 2 models, 1 snapshot, 13 data tests, 1 source, 759 macros
[2026-04-29T21:09:01.871+0000] {subprocess.py:93} INFO - [0m21:09:01
[2026-04-29T21:09:03.805+0000] {subprocess.py:93} INFO - [0m21:09:03  Concurrency: 4 threads (target='dev')
[2026-04-29T21:09:03.807+0000] {subprocess.py:93} INFO - [0m21:09:03
[2026-04-29T21:09:03.831+0000] {subprocess.py:93} INFO - [0m21:09:03  1 of 1 START snapshot snapshots.sales_snapshot ................................. [RUN]
[2026-04-29T21:09:12.250+0000] {subprocess.py:93} INFO - [0m21:09:12  1 of 1 OK snapshotted snapshots.sales_snapshot ................................. [[32mMERGE (0.0 rows, 351.0 Bytes processed)[0m in 8.41s]
[2026-04-29T21:09:12.273+0000] {subprocess.py:93} INFO - [0m21:09:12
[2026-04-29T21:09:12.275+0000] {subprocess.py:93} INFO - [0m21:09:12  Finished running 1 snapshot in 0 hours 0 minutes and 10.40 seconds (10.40s).
[2026-04-29T21:09:12.616+0000] {subprocess.py:93} INFO - [0m21:09:12
[2026-04-29T21:09:12.620+0000] {subprocess.py:93} INFO - [0m21:09:12  [32mCompleted successfully[0m
[2026-04-29T21:09:12.625+0000] {subprocess.py:93} INFO - [0m21:09:12
[2026-04-29T21:09:12.629+0000] {subprocess.py:93} INFO - [0m21:09:12  Done. PASS=1 WARN=0 ERROR=0 SKIP=0 TOTAL=1
[2026-04-29T21:09:14.580+0000] {subprocess.py:97} INFO - Command exited with return code 0
[2026-04-29T21:09:14.640+0000] {taskinstance.py:1138} INFO - Marking task as SUCCESS. dag_id=dbt_pipeline, task_id=dbt_snapshot, execution_date=20260429T210840, start_date=20260429T210841, end_date=20260429T210914
[2026-04-29T21:09:14.692+0000] {local_task_job_runner.py:234} INFO - Task exited with return code 0
[2026-04-29T21:09:14.741+0000] {taskinstance.py:3280} INFO - 1 downstream tasks scheduled from follow-on schedule check
