[2026-05-08T20:04:01.798+0000] {processor.py:161} INFO - Started process (PID=4460) to work on /opt/airflow/dags/dbt_pipeline_dag.py
[2026-05-08T20:04:01.800+0000] {processor.py:830} INFO - Processing file /opt/airflow/dags/dbt_pipeline_dag.py for tasks to queue
[2026-05-08T20:04:01.803+0000] {logging_mixin.py:188} INFO - [2026-05-08T20:04:01.802+0000] {dagbag.py:538} INFO - Filling up the DagBag from /opt/airflow/dags/dbt_pipeline_dag.py
[2026-05-08T20:04:01.865+0000] {processor.py:840} INFO - DAG(s) 'dbt_pipeline' retrieved from /opt/airflow/dags/dbt_pipeline_dag.py
[2026-05-08T20:04:01.963+0000] {logging_mixin.py:188} INFO - [2026-05-08T20:04:01.963+0000] {dag.py:3036} INFO - Sync 1 DAGs
[2026-05-08T20:04:02.016+0000] {logging_mixin.py:188} INFO - [2026-05-08T20:04:02.016+0000] {dag.py:3823} INFO - Setting next_dagrun for dbt_pipeline to 2026-05-08 00:00:00+00:00, run_after=2026-05-09 00:00:00+00:00
[2026-05-08T20:04:02.379+0000] {processor.py:183} INFO - Processing /opt/airflow/dags/dbt_pipeline_dag.py took 0.589 seconds
[2026-05-08T20:04:32.844+0000] {processor.py:161} INFO - Started process (PID=4490) to work on /opt/airflow/dags/dbt_pipeline_dag.py
[2026-05-08T20:04:32.849+0000] {processor.py:830} INFO - Processing file /opt/airflow/dags/dbt_pipeline_dag.py for tasks to queue
[2026-05-08T20:04:32.851+0000] {logging_mixin.py:188} INFO - [2026-05-08T20:04:32.851+0000] {dagbag.py:538} INFO - Filling up the DagBag from /opt/airflow/dags/dbt_pipeline_dag.py
[2026-05-08T20:04:32.944+0000] {processor.py:840} INFO - DAG(s) 'dbt_pipeline' retrieved from /opt/airflow/dags/dbt_pipeline_dag.py
[2026-05-08T20:04:33.033+0000] {logging_mixin.py:188} INFO - [2026-05-08T20:04:33.032+0000] {dag.py:3036} INFO - Sync 1 DAGs
[2026-05-08T20:04:33.118+0000] {logging_mixin.py:188} INFO - [2026-05-08T20:04:33.115+0000] {dag.py:3823} INFO - Setting next_dagrun for dbt_pipeline to 2026-05-08 00:00:00+00:00, run_after=2026-05-09 00:00:00+00:00
[2026-05-08T20:04:33.533+0000] {processor.py:183} INFO - Processing /opt/airflow/dags/dbt_pipeline_dag.py took 0.690 seconds
[2026-05-08T20:05:04.248+0000] {processor.py:161} INFO - Started process (PID=4501) to work on /opt/airflow/dags/dbt_pipeline_dag.py
[2026-05-08T20:05:04.250+0000] {processor.py:830} INFO - Processing file /opt/airflow/dags/dbt_pipeline_dag.py for tasks to queue
[2026-05-08T20:05:04.253+0000] {logging_mixin.py:188} INFO - [2026-05-08T20:05:04.252+0000] {dagbag.py:538} INFO - Filling up the DagBag from /opt/airflow/dags/dbt_pipeline_dag.py
[2026-05-08T20:05:04.309+0000] {processor.py:840} INFO - DAG(s) 'dbt_pipeline' retrieved from /opt/airflow/dags/dbt_pipeline_dag.py
[2026-05-08T20:05:04.372+0000] {logging_mixin.py:188} INFO - [2026-05-08T20:05:04.372+0000] {dag.py:3036} INFO - Sync 1 DAGs
[2026-05-08T20:05:04.538+0000] {logging_mixin.py:188} INFO - [2026-05-08T20:05:04.538+0000] {dag.py:3823} INFO - Setting next_dagrun for dbt_pipeline to 2026-05-08 00:00:00+00:00, run_after=2026-05-09 00:00:00+00:00
[2026-05-08T20:05:05.869+0000] {processor.py:183} INFO - Processing /opt/airflow/dags/dbt_pipeline_dag.py took 1.626 seconds
[2026-05-08T20:05:36.727+0000] {processor.py:161} INFO - Started process (PID=4512) to work on /opt/airflow/dags/dbt_pipeline_dag.py
[2026-05-08T20:05:37.457+0000] {processor.py:830} INFO - Processing file /opt/airflow/dags/dbt_pipeline_dag.py for tasks to queue
[2026-05-08T20:05:37.461+0000] {logging_mixin.py:188} INFO - [2026-05-08T20:05:37.460+0000] {dagbag.py:538} INFO - Filling up the DagBag from /opt/airflow/dags/dbt_pipeline_dag.py
[2026-05-08T20:05:37.522+0000] {processor.py:840} INFO - DAG(s) 'dbt_pipeline' retrieved from /opt/airflow/dags/dbt_pipeline_dag.py
[2026-05-08T20:05:38.192+0000] {logging_mixin.py:188} INFO - [2026-05-08T20:05:38.192+0000] {dag.py:3036} INFO - Sync 1 DAGs
[2026-05-08T20:05:38.232+0000] {logging_mixin.py:188} INFO - [2026-05-08T20:05:38.232+0000] {dag.py:3823} INFO - Setting next_dagrun for dbt_pipeline to 2026-05-08 00:00:00+00:00, run_after=2026-05-09 00:00:00+00:00
[2026-05-08T20:05:41.428+0000] {processor.py:183} INFO - Processing /opt/airflow/dags/dbt_pipeline_dag.py took 5.122 seconds
[2026-05-08T20:06:12.104+0000] {processor.py:161} INFO - Started process (PID=4532) to work on /opt/airflow/dags/dbt_pipeline_dag.py
[2026-05-08T20:06:12.168+0000] {processor.py:830} INFO - Processing file /opt/airflow/dags/dbt_pipeline_dag.py for tasks to queue
[2026-05-08T20:06:12.171+0000] {logging_mixin.py:188} INFO - [2026-05-08T20:06:12.170+0000] {dagbag.py:538} INFO - Filling up the DagBag from /opt/airflow/dags/dbt_pipeline_dag.py
[2026-05-08T20:06:12.236+0000] {processor.py:840} INFO - DAG(s) 'dbt_pipeline' retrieved from /opt/airflow/dags/dbt_pipeline_dag.py
[2026-05-08T20:06:12.304+0000] {logging_mixin.py:188} INFO - [2026-05-08T20:06:12.304+0000] {dag.py:3036} INFO - Sync 1 DAGs
[2026-05-08T20:06:12.370+0000] {logging_mixin.py:188} INFO - [2026-05-08T20:06:12.369+0000] {dag.py:3823} INFO - Setting next_dagrun for dbt_pipeline to 2026-05-08 00:00:00+00:00, run_after=2026-05-09 00:00:00+00:00
[2026-05-08T20:06:12.425+0000] {processor.py:183} INFO - Processing /opt/airflow/dags/dbt_pipeline_dag.py took 0.327 seconds
[2026-05-08T20:06:42.807+0000] {processor.py:161} INFO - Started process (PID=4543) to work on /opt/airflow/dags/dbt_pipeline_dag.py
[2026-05-08T20:06:42.809+0000] {processor.py:830} INFO - Processing file /opt/airflow/dags/dbt_pipeline_dag.py for tasks to queue
[2026-05-08T20:06:42.811+0000] {logging_mixin.py:188} INFO - [2026-05-08T20:06:42.810+0000] {dagbag.py:538} INFO - Filling up the DagBag from /opt/airflow/dags/dbt_pipeline_dag.py
[2026-05-08T20:06:42.852+0000] {processor.py:840} INFO - DAG(s) 'dbt_pipeline' retrieved from /opt/airflow/dags/dbt_pipeline_dag.py
[2026-05-08T20:06:42.905+0000] {logging_mixin.py:188} INFO - [2026-05-08T20:06:42.904+0000] {dag.py:3036} INFO - Sync 1 DAGs
[2026-05-08T20:06:42.940+0000] {logging_mixin.py:188} INFO - [2026-05-08T20:06:42.939+0000] {dag.py:3823} INFO - Setting next_dagrun for dbt_pipeline to 2026-05-08 00:00:00+00:00, run_after=2026-05-09 00:00:00+00:00
[2026-05-08T20:06:43.081+0000] {processor.py:183} INFO - Processing /opt/airflow/dags/dbt_pipeline_dag.py took 0.277 seconds
[2026-05-08T20:07:13.399+0000] {processor.py:161} INFO - Started process (PID=4565) to work on /opt/airflow/dags/dbt_pipeline_dag.py
[2026-05-08T20:07:13.401+0000] {processor.py:830} INFO - Processing file /opt/airflow/dags/dbt_pipeline_dag.py for tasks to queue
[2026-05-08T20:07:13.404+0000] {logging_mixin.py:188} INFO - [2026-05-08T20:07:13.403+0000] {dagbag.py:538} INFO - Filling up the DagBag from /opt/airflow/dags/dbt_pipeline_dag.py
[2026-05-08T20:07:13.452+0000] {processor.py:840} INFO - DAG(s) 'dbt_pipeline' retrieved from /opt/airflow/dags/dbt_pipeline_dag.py
[2026-05-08T20:07:13.534+0000] {logging_mixin.py:188} INFO - [2026-05-08T20:07:13.534+0000] {dag.py:3036} INFO - Sync 1 DAGs
[2026-05-08T20:07:13.619+0000] {logging_mixin.py:188} INFO - [2026-05-08T20:07:13.619+0000] {dag.py:3823} INFO - Setting next_dagrun for dbt_pipeline to 2026-05-08 00:00:00+00:00, run_after=2026-05-09 00:00:00+00:00
[2026-05-08T20:07:13.690+0000] {processor.py:183} INFO - Processing /opt/airflow/dags/dbt_pipeline_dag.py took 0.297 seconds
[2026-05-08T20:07:44.387+0000] {processor.py:161} INFO - Started process (PID=4603) to work on /opt/airflow/dags/dbt_pipeline_dag.py
[2026-05-08T20:07:44.390+0000] {processor.py:830} INFO - Processing file /opt/airflow/dags/dbt_pipeline_dag.py for tasks to queue
[2026-05-08T20:07:44.393+0000] {logging_mixin.py:188} INFO - [2026-05-08T20:07:44.392+0000] {dagbag.py:538} INFO - Filling up the DagBag from /opt/airflow/dags/dbt_pipeline_dag.py
[2026-05-08T20:07:44.444+0000] {processor.py:840} INFO - DAG(s) 'dbt_pipeline' retrieved from /opt/airflow/dags/dbt_pipeline_dag.py
[2026-05-08T20:07:45.163+0000] {logging_mixin.py:188} INFO - [2026-05-08T20:07:45.162+0000] {dag.py:3036} INFO - Sync 1 DAGs
[2026-05-08T20:07:45.216+0000] {logging_mixin.py:188} INFO - [2026-05-08T20:07:45.216+0000] {dag.py:3823} INFO - Setting next_dagrun for dbt_pipeline to 2026-05-08 00:00:00+00:00, run_after=2026-05-09 00:00:00+00:00
[2026-05-08T20:07:45.896+0000] {processor.py:183} INFO - Processing /opt/airflow/dags/dbt_pipeline_dag.py took 1.515 seconds
[2026-05-08T20:08:16.452+0000] {processor.py:161} INFO - Started process (PID=4639) to work on /opt/airflow/dags/dbt_pipeline_dag.py
[2026-05-08T20:08:16.455+0000] {processor.py:830} INFO - Processing file /opt/airflow/dags/dbt_pipeline_dag.py for tasks to queue
[2026-05-08T20:08:16.458+0000] {logging_mixin.py:188} INFO - [2026-05-08T20:08:16.457+0000] {dagbag.py:538} INFO - Filling up the DagBag from /opt/airflow/dags/dbt_pipeline_dag.py
[2026-05-08T20:08:16.506+0000] {processor.py:840} INFO - DAG(s) 'dbt_pipeline' retrieved from /opt/airflow/dags/dbt_pipeline_dag.py
[2026-05-08T20:08:16.606+0000] {logging_mixin.py:188} INFO - [2026-05-08T20:08:16.605+0000] {dag.py:3036} INFO - Sync 1 DAGs
[2026-05-08T20:08:16.786+0000] {logging_mixin.py:188} INFO - [2026-05-08T20:08:16.785+0000] {dag.py:3823} INFO - Setting next_dagrun for dbt_pipeline to 2026-05-08 00:00:00+00:00, run_after=2026-05-09 00:00:00+00:00
[2026-05-08T20:08:16.892+0000] {processor.py:183} INFO - Processing /opt/airflow/dags/dbt_pipeline_dag.py took 0.447 seconds
[2026-05-08T20:08:47.271+0000] {processor.py:161} INFO - Started process (PID=4659) to work on /opt/airflow/dags/dbt_pipeline_dag.py
[2026-05-08T20:08:47.274+0000] {processor.py:830} INFO - Processing file /opt/airflow/dags/dbt_pipeline_dag.py for tasks to queue
[2026-05-08T20:08:47.277+0000] {logging_mixin.py:188} INFO - [2026-05-08T20:08:47.277+0000] {dagbag.py:538} INFO - Filling up the DagBag from /opt/airflow/dags/dbt_pipeline_dag.py
[2026-05-08T20:08:47.329+0000] {processor.py:840} INFO - DAG(s) 'dbt_pipeline' retrieved from /opt/airflow/dags/dbt_pipeline_dag.py
[2026-05-08T20:08:47.390+0000] {logging_mixin.py:188} INFO - [2026-05-08T20:08:47.390+0000] {dag.py:3036} INFO - Sync 1 DAGs
[2026-05-08T20:08:47.442+0000] {logging_mixin.py:188} INFO - [2026-05-08T20:08:47.441+0000] {dag.py:3823} INFO - Setting next_dagrun for dbt_pipeline to 2026-05-08 00:00:00+00:00, run_after=2026-05-09 00:00:00+00:00
[2026-05-08T20:08:47.839+0000] {processor.py:183} INFO - Processing /opt/airflow/dags/dbt_pipeline_dag.py took 0.575 seconds
[2026-05-08T20:09:18.819+0000] {processor.py:161} INFO - Started process (PID=4670) to work on /opt/airflow/dags/dbt_pipeline_dag.py
[2026-05-08T20:09:18.820+0000] {processor.py:830} INFO - Processing file /opt/airflow/dags/dbt_pipeline_dag.py for tasks to queue
[2026-05-08T20:09:18.822+0000] {logging_mixin.py:188} INFO - [2026-05-08T20:09:18.821+0000] {dagbag.py:538} INFO - Filling up the DagBag from /opt/airflow/dags/dbt_pipeline_dag.py
[2026-05-08T20:09:18.854+0000] {processor.py:840} INFO - DAG(s) 'dbt_pipeline' retrieved from /opt/airflow/dags/dbt_pipeline_dag.py
[2026-05-08T20:09:18.908+0000] {logging_mixin.py:188} INFO - [2026-05-08T20:09:18.907+0000] {dag.py:3036} INFO - Sync 1 DAGs
[2026-05-08T20:09:18.951+0000] {logging_mixin.py:188} INFO - [2026-05-08T20:09:18.950+0000] {dag.py:3823} INFO - Setting next_dagrun for dbt_pipeline to 2026-05-08 00:00:00+00:00, run_after=2026-05-09 00:00:00+00:00
[2026-05-08T20:09:18.994+0000] {processor.py:183} INFO - Processing /opt/airflow/dags/dbt_pipeline_dag.py took 0.180 seconds
[2026-05-08T20:09:49.849+0000] {processor.py:161} INFO - Started process (PID=4681) to work on /opt/airflow/dags/dbt_pipeline_dag.py
[2026-05-08T20:09:49.853+0000] {processor.py:830} INFO - Processing file /opt/airflow/dags/dbt_pipeline_dag.py for tasks to queue
[2026-05-08T20:09:49.856+0000] {logging_mixin.py:188} INFO - [2026-05-08T20:09:49.855+0000] {dagbag.py:538} INFO - Filling up the DagBag from /opt/airflow/dags/dbt_pipeline_dag.py
[2026-05-08T20:09:50.073+0000] {processor.py:840} INFO - DAG(s) 'dbt_pipeline' retrieved from /opt/airflow/dags/dbt_pipeline_dag.py
[2026-05-08T20:09:50.151+0000] {logging_mixin.py:188} INFO - [2026-05-08T20:09:50.151+0000] {dag.py:3036} INFO - Sync 1 DAGs
[2026-05-08T20:09:50.202+0000] {logging_mixin.py:188} INFO - [2026-05-08T20:09:50.201+0000] {dag.py:3823} INFO - Setting next_dagrun for dbt_pipeline to 2026-05-08 00:00:00+00:00, run_after=2026-05-09 00:00:00+00:00
[2026-05-08T20:09:50.771+0000] {processor.py:183} INFO - Processing /opt/airflow/dags/dbt_pipeline_dag.py took 0.927 seconds
[2026-05-08T20:10:21.838+0000] {processor.py:161} INFO - Started process (PID=4692) to work on /opt/airflow/dags/dbt_pipeline_dag.py
[2026-05-08T20:10:21.840+0000] {processor.py:830} INFO - Processing file /opt/airflow/dags/dbt_pipeline_dag.py for tasks to queue
[2026-05-08T20:10:21.842+0000] {logging_mixin.py:188} INFO - [2026-05-08T20:10:21.842+0000] {dagbag.py:538} INFO - Filling up the DagBag from /opt/airflow/dags/dbt_pipeline_dag.py
[2026-05-08T20:10:21.895+0000] {processor.py:840} INFO - DAG(s) 'dbt_pipeline' retrieved from /opt/airflow/dags/dbt_pipeline_dag.py
[2026-05-08T20:10:21.954+0000] {logging_mixin.py:188} INFO - [2026-05-08T20:10:21.954+0000] {dag.py:3036} INFO - Sync 1 DAGs
[2026-05-08T20:10:22.002+0000] {logging_mixin.py:188} INFO - [2026-05-08T20:10:22.002+0000] {dag.py:3823} INFO - Setting next_dagrun for dbt_pipeline to 2026-05-08 00:00:00+00:00, run_after=2026-05-09 00:00:00+00:00
[2026-05-08T20:10:22.067+0000] {processor.py:183} INFO - Processing /opt/airflow/dags/dbt_pipeline_dag.py took 0.234 seconds
[2026-05-08T20:10:52.298+0000] {processor.py:161} INFO - Started process (PID=4703) to work on /opt/airflow/dags/dbt_pipeline_dag.py
[2026-05-08T20:10:52.300+0000] {processor.py:830} INFO - Processing file /opt/airflow/dags/dbt_pipeline_dag.py for tasks to queue
[2026-05-08T20:10:52.303+0000] {logging_mixin.py:188} INFO - [2026-05-08T20:10:52.302+0000] {dagbag.py:538} INFO - Filling up the DagBag from /opt/airflow/dags/dbt_pipeline_dag.py
[2026-05-08T20:10:52.343+0000] {processor.py:840} INFO - DAG(s) 'dbt_pipeline' retrieved from /opt/airflow/dags/dbt_pipeline_dag.py
[2026-05-08T20:10:52.414+0000] {logging_mixin.py:188} INFO - [2026-05-08T20:10:52.413+0000] {dag.py:3036} INFO - Sync 1 DAGs
[2026-05-08T20:10:52.470+0000] {logging_mixin.py:188} INFO - [2026-05-08T20:10:52.470+0000] {dag.py:3823} INFO - Setting next_dagrun for dbt_pipeline to 2026-05-08 00:00:00+00:00, run_after=2026-05-09 00:00:00+00:00
[2026-05-08T20:10:52.588+0000] {processor.py:183} INFO - Processing /opt/airflow/dags/dbt_pipeline_dag.py took 0.291 seconds
[2026-05-08T20:11:22.701+0000] {processor.py:161} INFO - Started process (PID=4714) to work on /opt/airflow/dags/dbt_pipeline_dag.py
[2026-05-08T20:11:22.703+0000] {processor.py:830} INFO - Processing file /opt/airflow/dags/dbt_pipeline_dag.py for tasks to queue
[2026-05-08T20:11:22.705+0000] {logging_mixin.py:188} INFO - [2026-05-08T20:11:22.704+0000] {dagbag.py:538} INFO - Filling up the DagBag from /opt/airflow/dags/dbt_pipeline_dag.py
[2026-05-08T20:11:22.760+0000] {processor.py:840} INFO - DAG(s) 'dbt_pipeline' retrieved from /opt/airflow/dags/dbt_pipeline_dag.py
[2026-05-08T20:11:22.825+0000] {logging_mixin.py:188} INFO - [2026-05-08T20:11:22.825+0000] {dag.py:3036} INFO - Sync 1 DAGs
[2026-05-08T20:11:22.875+0000] {logging_mixin.py:188} INFO - [2026-05-08T20:11:22.874+0000] {dag.py:3823} INFO - Setting next_dagrun for dbt_pipeline to 2026-05-08 00:00:00+00:00, run_after=2026-05-09 00:00:00+00:00
[2026-05-08T20:11:22.920+0000] {processor.py:183} INFO - Processing /opt/airflow/dags/dbt_pipeline_dag.py took 0.225 seconds
[2026-05-08T20:11:53.051+0000] {processor.py:161} INFO - Started process (PID=4725) to work on /opt/airflow/dags/dbt_pipeline_dag.py
[2026-05-08T20:11:53.053+0000] {processor.py:830} INFO - Processing file /opt/airflow/dags/dbt_pipeline_dag.py for tasks to queue
[2026-05-08T20:11:53.055+0000] {logging_mixin.py:188} INFO - [2026-05-08T20:11:53.054+0000] {dagbag.py:538} INFO - Filling up the DagBag from /opt/airflow/dags/dbt_pipeline_dag.py
[2026-05-08T20:11:53.102+0000] {processor.py:840} INFO - DAG(s) 'dbt_pipeline' retrieved from /opt/airflow/dags/dbt_pipeline_dag.py
[2026-05-08T20:11:53.168+0000] {logging_mixin.py:188} INFO - [2026-05-08T20:11:53.168+0000] {dag.py:3036} INFO - Sync 1 DAGs
[2026-05-08T20:11:53.214+0000] {logging_mixin.py:188} INFO - [2026-05-08T20:11:53.213+0000] {dag.py:3823} INFO - Setting next_dagrun for dbt_pipeline to 2026-05-08 00:00:00+00:00, run_after=2026-05-09 00:00:00+00:00
[2026-05-08T20:11:53.312+0000] {processor.py:183} INFO - Processing /opt/airflow/dags/dbt_pipeline_dag.py took 0.265 seconds
[2026-05-08T20:12:23.956+0000] {processor.py:161} INFO - Started process (PID=4736) to work on /opt/airflow/dags/dbt_pipeline_dag.py
[2026-05-08T20:12:23.958+0000] {processor.py:830} INFO - Processing file /opt/airflow/dags/dbt_pipeline_dag.py for tasks to queue
[2026-05-08T20:12:23.960+0000] {logging_mixin.py:188} INFO - [2026-05-08T20:12:23.960+0000] {dagbag.py:538} INFO - Filling up the DagBag from /opt/airflow/dags/dbt_pipeline_dag.py
[2026-05-08T20:12:24.014+0000] {processor.py:840} INFO - DAG(s) 'dbt_pipeline' retrieved from /opt/airflow/dags/dbt_pipeline_dag.py
[2026-05-08T20:12:24.078+0000] {logging_mixin.py:188} INFO - [2026-05-08T20:12:24.077+0000] {dag.py:3036} INFO - Sync 1 DAGs
[2026-05-08T20:12:24.127+0000] {logging_mixin.py:188} INFO - [2026-05-08T20:12:24.127+0000] {dag.py:3823} INFO - Setting next_dagrun for dbt_pipeline to 2026-05-08 00:00:00+00:00, run_after=2026-05-09 00:00:00+00:00
[2026-05-08T20:12:24.174+0000] {processor.py:183} INFO - Processing /opt/airflow/dags/dbt_pipeline_dag.py took 0.224 seconds
[2026-05-08T20:12:54.604+0000] {processor.py:161} INFO - Started process (PID=4747) to work on /opt/airflow/dags/dbt_pipeline_dag.py
[2026-05-08T20:12:54.615+0000] {processor.py:830} INFO - Processing file /opt/airflow/dags/dbt_pipeline_dag.py for tasks to queue
[2026-05-08T20:12:54.618+0000] {logging_mixin.py:188} INFO - [2026-05-08T20:12:54.617+0000] {dagbag.py:538} INFO - Filling up the DagBag from /opt/airflow/dags/dbt_pipeline_dag.py
[2026-05-08T20:12:54.709+0000] {processor.py:840} INFO - DAG(s) 'dbt_pipeline' retrieved from /opt/airflow/dags/dbt_pipeline_dag.py
[2026-05-08T20:12:54.826+0000] {logging_mixin.py:188} INFO - [2026-05-08T20:12:54.825+0000] {dag.py:3036} INFO - Sync 1 DAGs
[2026-05-08T20:12:54.951+0000] {logging_mixin.py:188} INFO - [2026-05-08T20:12:54.950+0000] {dag.py:3823} INFO - Setting next_dagrun for dbt_pipeline to 2026-05-08 00:00:00+00:00, run_after=2026-05-09 00:00:00+00:00
[2026-05-08T20:12:55.110+0000] {processor.py:183} INFO - Processing /opt/airflow/dags/dbt_pipeline_dag.py took 0.514 seconds
[2026-05-08T20:13:25.610+0000] {processor.py:161} INFO - Started process (PID=4758) to work on /opt/airflow/dags/dbt_pipeline_dag.py
[2026-05-08T20:13:25.612+0000] {processor.py:830} INFO - Processing file /opt/airflow/dags/dbt_pipeline_dag.py for tasks to queue
[2026-05-08T20:13:25.614+0000] {logging_mixin.py:188} INFO - [2026-05-08T20:13:25.614+0000] {dagbag.py:538} INFO - Filling up the DagBag from /opt/airflow/dags/dbt_pipeline_dag.py
[2026-05-08T20:13:25.657+0000] {processor.py:840} INFO - DAG(s) 'dbt_pipeline' retrieved from /opt/airflow/dags/dbt_pipeline_dag.py
[2026-05-08T20:13:25.711+0000] {logging_mixin.py:188} INFO - [2026-05-08T20:13:25.710+0000] {dag.py:3036} INFO - Sync 1 DAGs
[2026-05-08T20:13:25.760+0000] {logging_mixin.py:188} INFO - [2026-05-08T20:13:25.759+0000] {dag.py:3823} INFO - Setting next_dagrun for dbt_pipeline to 2026-05-08 00:00:00+00:00, run_after=2026-05-09 00:00:00+00:00
[2026-05-08T20:13:25.980+0000] {processor.py:183} INFO - Processing /opt/airflow/dags/dbt_pipeline_dag.py took 0.375 seconds
[2026-05-08T20:13:56.179+0000] {processor.py:161} INFO - Started process (PID=4769) to work on /opt/airflow/dags/dbt_pipeline_dag.py
[2026-05-08T20:13:56.181+0000] {processor.py:830} INFO - Processing file /opt/airflow/dags/dbt_pipeline_dag.py for tasks to queue
[2026-05-08T20:13:56.183+0000] {logging_mixin.py:188} INFO - [2026-05-08T20:13:56.183+0000] {dagbag.py:538} INFO - Filling up the DagBag from /opt/airflow/dags/dbt_pipeline_dag.py
[2026-05-08T20:13:56.220+0000] {processor.py:840} INFO - DAG(s) 'dbt_pipeline' retrieved from /opt/airflow/dags/dbt_pipeline_dag.py
[2026-05-08T20:13:56.269+0000] {logging_mixin.py:188} INFO - [2026-05-08T20:13:56.268+0000] {dag.py:3036} INFO - Sync 1 DAGs
[2026-05-08T20:13:56.315+0000] {logging_mixin.py:188} INFO - [2026-05-08T20:13:56.315+0000] {dag.py:3823} INFO - Setting next_dagrun for dbt_pipeline to 2026-05-08 00:00:00+00:00, run_after=2026-05-09 00:00:00+00:00
[2026-05-08T20:13:56.359+0000] {processor.py:183} INFO - Processing /opt/airflow/dags/dbt_pipeline_dag.py took 0.185 seconds
[2026-05-08T20:14:26.457+0000] {processor.py:161} INFO - Started process (PID=4780) to work on /opt/airflow/dags/dbt_pipeline_dag.py
[2026-05-08T20:14:26.459+0000] {processor.py:830} INFO - Processing file /opt/airflow/dags/dbt_pipeline_dag.py for tasks to queue
[2026-05-08T20:14:26.462+0000] {logging_mixin.py:188} INFO - [2026-05-08T20:14:26.461+0000] {dagbag.py:538} INFO - Filling up the DagBag from /opt/airflow/dags/dbt_pipeline_dag.py
[2026-05-08T20:14:26.517+0000] {processor.py:840} INFO - DAG(s) 'dbt_pipeline' retrieved from /opt/airflow/dags/dbt_pipeline_dag.py
[2026-05-08T20:14:26.585+0000] {logging_mixin.py:188} INFO - [2026-05-08T20:14:26.585+0000] {dag.py:3036} INFO - Sync 1 DAGs
[2026-05-08T20:14:26.637+0000] {logging_mixin.py:188} INFO - [2026-05-08T20:14:26.637+0000] {dag.py:3823} INFO - Setting next_dagrun for dbt_pipeline to 2026-05-08 00:00:00+00:00, run_after=2026-05-09 00:00:00+00:00
[2026-05-08T20:14:26.693+0000] {processor.py:183} INFO - Processing /opt/airflow/dags/dbt_pipeline_dag.py took 0.241 seconds
[2026-05-08T20:14:56.883+0000] {processor.py:161} INFO - Started process (PID=4791) to work on /opt/airflow/dags/dbt_pipeline_dag.py
[2026-05-08T20:14:56.884+0000] {processor.py:830} INFO - Processing file /opt/airflow/dags/dbt_pipeline_dag.py for tasks to queue
[2026-05-08T20:14:56.886+0000] {logging_mixin.py:188} INFO - [2026-05-08T20:14:56.885+0000] {dagbag.py:538} INFO - Filling up the DagBag from /opt/airflow/dags/dbt_pipeline_dag.py
[2026-05-08T20:14:56.933+0000] {processor.py:840} INFO - DAG(s) 'dbt_pipeline' retrieved from /opt/airflow/dags/dbt_pipeline_dag.py
[2026-05-08T20:14:56.991+0000] {logging_mixin.py:188} INFO - [2026-05-08T20:14:56.990+0000] {dag.py:3036} INFO - Sync 1 DAGs
[2026-05-08T20:14:57.030+0000] {logging_mixin.py:188} INFO - [2026-05-08T20:14:57.029+0000] {dag.py:3823} INFO - Setting next_dagrun for dbt_pipeline to 2026-05-08 00:00:00+00:00, run_after=2026-05-09 00:00:00+00:00
[2026-05-08T20:14:57.067+0000] {processor.py:183} INFO - Processing /opt/airflow/dags/dbt_pipeline_dag.py took 0.188 seconds
[2026-05-08T20:15:27.193+0000] {processor.py:161} INFO - Started process (PID=4802) to work on /opt/airflow/dags/dbt_pipeline_dag.py
[2026-05-08T20:15:27.197+0000] {processor.py:830} INFO - Processing file /opt/airflow/dags/dbt_pipeline_dag.py for tasks to queue
[2026-05-08T20:15:27.201+0000] {logging_mixin.py:188} INFO - [2026-05-08T20:15:27.199+0000] {dagbag.py:538} INFO - Filling up the DagBag from /opt/airflow/dags/dbt_pipeline_dag.py
[2026-05-08T20:15:27.273+0000] {processor.py:840} INFO - DAG(s) 'dbt_pipeline' retrieved from /opt/airflow/dags/dbt_pipeline_dag.py
[2026-05-08T20:15:27.389+0000] {logging_mixin.py:188} INFO - [2026-05-08T20:15:27.388+0000] {dag.py:3036} INFO - Sync 1 DAGs
[2026-05-08T20:15:27.475+0000] {logging_mixin.py:188} INFO - [2026-05-08T20:15:27.474+0000] {dag.py:3823} INFO - Setting next_dagrun for dbt_pipeline to 2026-05-08 00:00:00+00:00, run_after=2026-05-09 00:00:00+00:00
[2026-05-08T20:15:27.542+0000] {processor.py:183} INFO - Processing /opt/airflow/dags/dbt_pipeline_dag.py took 0.359 seconds
[2026-05-08T20:15:57.974+0000] {processor.py:161} INFO - Started process (PID=4813) to work on /opt/airflow/dags/dbt_pipeline_dag.py
[2026-05-08T20:15:57.976+0000] {processor.py:830} INFO - Processing file /opt/airflow/dags/dbt_pipeline_dag.py for tasks to queue
[2026-05-08T20:15:57.978+0000] {logging_mixin.py:188} INFO - [2026-05-08T20:15:57.978+0000] {dagbag.py:538} INFO - Filling up the DagBag from /opt/airflow/dags/dbt_pipeline_dag.py
[2026-05-08T20:15:58.016+0000] {processor.py:840} INFO - DAG(s) 'dbt_pipeline' retrieved from /opt/airflow/dags/dbt_pipeline_dag.py
[2026-05-08T20:15:58.070+0000] {logging_mixin.py:188} INFO - [2026-05-08T20:15:58.070+0000] {dag.py:3036} INFO - Sync 1 DAGs
[2026-05-08T20:15:58.116+0000] {logging_mixin.py:188} INFO - [2026-05-08T20:15:58.115+0000] {dag.py:3823} INFO - Setting next_dagrun for dbt_pipeline to 2026-05-08 00:00:00+00:00, run_after=2026-05-09 00:00:00+00:00
[2026-05-08T20:15:58.157+0000] {processor.py:183} INFO - Processing /opt/airflow/dags/dbt_pipeline_dag.py took 0.187 seconds
[2026-05-08T20:16:28.520+0000] {processor.py:161} INFO - Started process (PID=4824) to work on /opt/airflow/dags/dbt_pipeline_dag.py
[2026-05-08T20:16:28.522+0000] {processor.py:830} INFO - Processing file /opt/airflow/dags/dbt_pipeline_dag.py for tasks to queue
[2026-05-08T20:16:28.524+0000] {logging_mixin.py:188} INFO - [2026-05-08T20:16:28.523+0000] {dagbag.py:538} INFO - Filling up the DagBag from /opt/airflow/dags/dbt_pipeline_dag.py
[2026-05-08T20:16:28.572+0000] {processor.py:840} INFO - DAG(s) 'dbt_pipeline' retrieved from /opt/airflow/dags/dbt_pipeline_dag.py
[2026-05-08T20:16:28.631+0000] {logging_mixin.py:188} INFO - [2026-05-08T20:16:28.630+0000] {dag.py:3036} INFO - Sync 1 DAGs
[2026-05-08T20:16:28.677+0000] {logging_mixin.py:188} INFO - [2026-05-08T20:16:28.676+0000] {dag.py:3823} INFO - Setting next_dagrun for dbt_pipeline to 2026-05-08 00:00:00+00:00, run_after=2026-05-09 00:00:00+00:00
[2026-05-08T20:16:28.710+0000] {processor.py:183} INFO - Processing /opt/airflow/dags/dbt_pipeline_dag.py took 0.194 seconds
[2026-05-08T20:16:59.051+0000] {processor.py:161} INFO - Started process (PID=4835) to work on /opt/airflow/dags/dbt_pipeline_dag.py
[2026-05-08T20:16:59.053+0000] {processor.py:830} INFO - Processing file /opt/airflow/dags/dbt_pipeline_dag.py for tasks to queue
[2026-05-08T20:16:59.056+0000] {logging_mixin.py:188} INFO - [2026-05-08T20:16:59.055+0000] {dagbag.py:538} INFO - Filling up the DagBag from /opt/airflow/dags/dbt_pipeline_dag.py
[2026-05-08T20:16:59.112+0000] {processor.py:840} INFO - DAG(s) 'dbt_pipeline' retrieved from /opt/airflow/dags/dbt_pipeline_dag.py
[2026-05-08T20:16:59.169+0000] {logging_mixin.py:188} INFO - [2026-05-08T20:16:59.168+0000] {dag.py:3036} INFO - Sync 1 DAGs
[2026-05-08T20:16:59.216+0000] {logging_mixin.py:188} INFO - [2026-05-08T20:16:59.216+0000] {dag.py:3823} INFO - Setting next_dagrun for dbt_pipeline to 2026-05-08 00:00:00+00:00, run_after=2026-05-09 00:00:00+00:00
[2026-05-08T20:16:59.263+0000] {processor.py:183} INFO - Processing /opt/airflow/dags/dbt_pipeline_dag.py took 0.219 seconds
[2026-05-08T20:17:29.762+0000] {processor.py:161} INFO - Started process (PID=4846) to work on /opt/airflow/dags/dbt_pipeline_dag.py
[2026-05-08T20:17:29.764+0000] {processor.py:830} INFO - Processing file /opt/airflow/dags/dbt_pipeline_dag.py for tasks to queue
[2026-05-08T20:17:29.766+0000] {logging_mixin.py:188} INFO - [2026-05-08T20:17:29.766+0000] {dagbag.py:538} INFO - Filling up the DagBag from /opt/airflow/dags/dbt_pipeline_dag.py
[2026-05-08T20:17:29.808+0000] {processor.py:840} INFO - DAG(s) 'dbt_pipeline' retrieved from /opt/airflow/dags/dbt_pipeline_dag.py
[2026-05-08T20:17:35.914+0000] {logging_mixin.py:188} INFO - [2026-05-08T20:17:35.913+0000] {dag.py:3036} INFO - Sync 1 DAGs
[2026-05-08T20:17:29.427+0000] {logging_mixin.py:188} INFO - [2026-05-08T20:17:29.427+0000] {dag.py:3823} INFO - Setting next_dagrun for dbt_pipeline to 2026-05-08 00:00:00+00:00, run_after=2026-05-09 00:00:00+00:00
[2026-05-08T20:17:29.482+0000] {processor.py:183} INFO - Processing /opt/airflow/dags/dbt_pipeline_dag.py took 0.226 seconds
[2026-05-08T20:17:59.792+0000] {processor.py:161} INFO - Started process (PID=4857) to work on /opt/airflow/dags/dbt_pipeline_dag.py
[2026-05-08T20:17:59.795+0000] {processor.py:830} INFO - Processing file /opt/airflow/dags/dbt_pipeline_dag.py for tasks to queue
[2026-05-08T20:17:59.797+0000] {logging_mixin.py:188} INFO - [2026-05-08T20:17:59.796+0000] {dagbag.py:538} INFO - Filling up the DagBag from /opt/airflow/dags/dbt_pipeline_dag.py
[2026-05-08T20:17:59.847+0000] {processor.py:840} INFO - DAG(s) 'dbt_pipeline' retrieved from /opt/airflow/dags/dbt_pipeline_dag.py
[2026-05-08T20:17:59.904+0000] {logging_mixin.py:188} INFO - [2026-05-08T20:17:59.904+0000] {dag.py:3036} INFO - Sync 1 DAGs
[2026-05-08T20:17:59.953+0000] {logging_mixin.py:188} INFO - [2026-05-08T20:17:59.952+0000] {dag.py:3823} INFO - Setting next_dagrun for dbt_pipeline to 2026-05-08 00:00:00+00:00, run_after=2026-05-09 00:00:00+00:00
[2026-05-08T20:17:59.991+0000] {processor.py:183} INFO - Processing /opt/airflow/dags/dbt_pipeline_dag.py took 0.203 seconds
[2026-05-08T20:18:30.187+0000] {processor.py:161} INFO - Started process (PID=4868) to work on /opt/airflow/dags/dbt_pipeline_dag.py
[2026-05-08T20:18:30.190+0000] {processor.py:830} INFO - Processing file /opt/airflow/dags/dbt_pipeline_dag.py for tasks to queue
[2026-05-08T20:18:30.196+0000] {logging_mixin.py:188} INFO - [2026-05-08T20:18:30.194+0000] {dagbag.py:538} INFO - Filling up the DagBag from /opt/airflow/dags/dbt_pipeline_dag.py
[2026-05-08T20:18:30.244+0000] {processor.py:840} INFO - DAG(s) 'dbt_pipeline' retrieved from /opt/airflow/dags/dbt_pipeline_dag.py
[2026-05-08T20:18:30.294+0000] {logging_mixin.py:188} INFO - [2026-05-08T20:18:30.294+0000] {dag.py:3036} INFO - Sync 1 DAGs
[2026-05-08T20:18:30.336+0000] {logging_mixin.py:188} INFO - [2026-05-08T20:18:30.335+0000] {dag.py:3823} INFO - Setting next_dagrun for dbt_pipeline to 2026-05-08 00:00:00+00:00, run_after=2026-05-09 00:00:00+00:00
[2026-05-08T20:18:30.380+0000] {processor.py:183} INFO - Processing /opt/airflow/dags/dbt_pipeline_dag.py took 0.198 seconds
[2026-05-08T20:19:00.707+0000] {processor.py:161} INFO - Started process (PID=4879) to work on /opt/airflow/dags/dbt_pipeline_dag.py
[2026-05-08T20:19:00.709+0000] {processor.py:830} INFO - Processing file /opt/airflow/dags/dbt_pipeline_dag.py for tasks to queue
[2026-05-08T20:19:00.711+0000] {logging_mixin.py:188} INFO - [2026-05-08T20:19:00.711+0000] {dagbag.py:538} INFO - Filling up the DagBag from /opt/airflow/dags/dbt_pipeline_dag.py
[2026-05-08T20:19:00.751+0000] {processor.py:840} INFO - DAG(s) 'dbt_pipeline' retrieved from /opt/airflow/dags/dbt_pipeline_dag.py
[2026-05-08T20:19:00.811+0000] {logging_mixin.py:188} INFO - [2026-05-08T20:19:00.811+0000] {dag.py:3036} INFO - Sync 1 DAGs
[2026-05-08T20:19:00.860+0000] {logging_mixin.py:188} INFO - [2026-05-08T20:19:00.859+0000] {dag.py:3823} INFO - Setting next_dagrun for dbt_pipeline to 2026-05-08 00:00:00+00:00, run_after=2026-05-09 00:00:00+00:00
[2026-05-08T20:19:00.912+0000] {processor.py:183} INFO - Processing /opt/airflow/dags/dbt_pipeline_dag.py took 0.209 seconds
[2026-05-08T20:19:24.602+0000] {processor.py:161} INFO - Started process (PID=4884) to work on /opt/airflow/dags/dbt_pipeline_dag.py
[2026-05-08T20:19:24.604+0000] {processor.py:830} INFO - Processing file /opt/airflow/dags/dbt_pipeline_dag.py for tasks to queue
[2026-05-08T20:19:24.606+0000] {logging_mixin.py:188} INFO - [2026-05-08T20:19:24.605+0000] {dagbag.py:538} INFO - Filling up the DagBag from /opt/airflow/dags/dbt_pipeline_dag.py
[2026-05-08T20:19:24.649+0000] {processor.py:840} INFO - DAG(s) 'dbt_pipeline' retrieved from /opt/airflow/dags/dbt_pipeline_dag.py
[2026-05-08T20:19:24.704+0000] {logging_mixin.py:188} INFO - [2026-05-08T20:19:24.703+0000] {dag.py:3036} INFO - Sync 1 DAGs
[2026-05-08T20:19:24.768+0000] {logging_mixin.py:188} INFO - [2026-05-08T20:19:24.768+0000] {dag.py:3823} INFO - Setting next_dagrun for dbt_pipeline to 2026-05-08 00:00:00+00:00, run_after=2026-05-09 00:00:00+00:00
[2026-05-08T20:19:24.817+0000] {processor.py:183} INFO - Processing /opt/airflow/dags/dbt_pipeline_dag.py took 0.220 seconds
[2026-05-08T20:19:55.162+0000] {processor.py:161} INFO - Started process (PID=4895) to work on /opt/airflow/dags/dbt_pipeline_dag.py
[2026-05-08T20:19:55.165+0000] {processor.py:830} INFO - Processing file /opt/airflow/dags/dbt_pipeline_dag.py for tasks to queue
[2026-05-08T20:19:55.172+0000] {logging_mixin.py:188} INFO - [2026-05-08T20:19:55.172+0000] {dagbag.py:538} INFO - Filling up the DagBag from /opt/airflow/dags/dbt_pipeline_dag.py
[2026-05-08T20:19:55.217+0000] {processor.py:840} INFO - DAG(s) 'dbt_pipeline' retrieved from /opt/airflow/dags/dbt_pipeline_dag.py
[2026-05-08T20:19:55.290+0000] {logging_mixin.py:188} INFO - [2026-05-08T20:19:55.289+0000] {dag.py:3036} INFO - Sync 1 DAGs
[2026-05-08T20:19:55.356+0000] {logging_mixin.py:188} INFO - [2026-05-08T20:19:55.355+0000] {dag.py:3823} INFO - Setting next_dagrun for dbt_pipeline to 2026-05-08 00:00:00+00:00, run_after=2026-05-09 00:00:00+00:00
[2026-05-08T20:19:55.403+0000] {processor.py:183} INFO - Processing /opt/airflow/dags/dbt_pipeline_dag.py took 0.244 seconds
[2026-05-08T20:20:26.109+0000] {processor.py:161} INFO - Started process (PID=4906) to work on /opt/airflow/dags/dbt_pipeline_dag.py
[2026-05-08T20:20:26.110+0000] {processor.py:830} INFO - Processing file /opt/airflow/dags/dbt_pipeline_dag.py for tasks to queue
[2026-05-08T20:20:26.113+0000] {logging_mixin.py:188} INFO - [2026-05-08T20:20:26.112+0000] {dagbag.py:538} INFO - Filling up the DagBag from /opt/airflow/dags/dbt_pipeline_dag.py
[2026-05-08T20:20:26.157+0000] {processor.py:840} INFO - DAG(s) 'dbt_pipeline' retrieved from /opt/airflow/dags/dbt_pipeline_dag.py
[2026-05-08T20:20:26.212+0000] {logging_mixin.py:188} INFO - [2026-05-08T20:20:26.212+0000] {dag.py:3036} INFO - Sync 1 DAGs
[2026-05-08T20:20:26.254+0000] {logging_mixin.py:188} INFO - [2026-05-08T20:20:26.253+0000] {dag.py:3823} INFO - Setting next_dagrun for dbt_pipeline to 2026-05-08 00:00:00+00:00, run_after=2026-05-09 00:00:00+00:00
[2026-05-08T20:20:32.661+0000] {processor.py:183} INFO - Processing /opt/airflow/dags/dbt_pipeline_dag.py took 0.194 seconds
[2026-05-08T20:21:02.864+0000] {processor.py:161} INFO - Started process (PID=4923) to work on /opt/airflow/dags/dbt_pipeline_dag.py
[2026-05-08T20:21:02.868+0000] {processor.py:830} INFO - Processing file /opt/airflow/dags/dbt_pipeline_dag.py for tasks to queue
[2026-05-08T20:21:02.872+0000] {logging_mixin.py:188} INFO - [2026-05-08T20:21:02.871+0000] {dagbag.py:538} INFO - Filling up the DagBag from /opt/airflow/dags/dbt_pipeline_dag.py
[2026-05-08T20:21:02.988+0000] {processor.py:840} INFO - DAG(s) 'dbt_pipeline' retrieved from /opt/airflow/dags/dbt_pipeline_dag.py
[2026-05-08T20:21:03.185+0000] {logging_mixin.py:188} INFO - [2026-05-08T20:21:03.184+0000] {dag.py:3036} INFO - Sync 1 DAGs
[2026-05-08T20:21:03.334+0000] {logging_mixin.py:188} INFO - [2026-05-08T20:21:03.333+0000] {dag.py:3823} INFO - Setting next_dagrun for dbt_pipeline to 2026-05-08 00:00:00+00:00, run_after=2026-05-09 00:00:00+00:00
[2026-05-08T20:21:03.407+0000] {processor.py:183} INFO - Processing /opt/airflow/dags/dbt_pipeline_dag.py took 0.552 seconds
[2026-05-08T20:21:33.924+0000] {processor.py:161} INFO - Started process (PID=4934) to work on /opt/airflow/dags/dbt_pipeline_dag.py
[2026-05-08T20:21:33.926+0000] {processor.py:830} INFO - Processing file /opt/airflow/dags/dbt_pipeline_dag.py for tasks to queue
[2026-05-08T20:21:33.929+0000] {logging_mixin.py:188} INFO - [2026-05-08T20:21:33.928+0000] {dagbag.py:538} INFO - Filling up the DagBag from /opt/airflow/dags/dbt_pipeline_dag.py
[2026-05-08T20:21:33.966+0000] {processor.py:840} INFO - DAG(s) 'dbt_pipeline' retrieved from /opt/airflow/dags/dbt_pipeline_dag.py
[2026-05-08T20:21:34.018+0000] {logging_mixin.py:188} INFO - [2026-05-08T20:21:34.018+0000] {dag.py:3036} INFO - Sync 1 DAGs
[2026-05-08T20:21:34.057+0000] {logging_mixin.py:188} INFO - [2026-05-08T20:21:34.056+0000] {dag.py:3823} INFO - Setting next_dagrun for dbt_pipeline to 2026-05-08 00:00:00+00:00, run_after=2026-05-09 00:00:00+00:00
[2026-05-08T20:21:34.106+0000] {processor.py:183} INFO - Processing /opt/airflow/dags/dbt_pipeline_dag.py took 0.188 seconds
[2026-05-08T20:22:04.431+0000] {processor.py:161} INFO - Started process (PID=4945) to work on /opt/airflow/dags/dbt_pipeline_dag.py
[2026-05-08T20:22:04.433+0000] {processor.py:830} INFO - Processing file /opt/airflow/dags/dbt_pipeline_dag.py for tasks to queue
[2026-05-08T20:22:04.436+0000] {logging_mixin.py:188} INFO - [2026-05-08T20:22:04.435+0000] {dagbag.py:538} INFO - Filling up the DagBag from /opt/airflow/dags/dbt_pipeline_dag.py
[2026-05-08T20:22:04.487+0000] {processor.py:840} INFO - DAG(s) 'dbt_pipeline' retrieved from /opt/airflow/dags/dbt_pipeline_dag.py
[2026-05-08T20:22:04.548+0000] {logging_mixin.py:188} INFO - [2026-05-08T20:22:04.548+0000] {dag.py:3036} INFO - Sync 1 DAGs
[2026-05-08T20:22:04.598+0000] {logging_mixin.py:188} INFO - [2026-05-08T20:22:04.597+0000] {dag.py:3823} INFO - Setting next_dagrun for dbt_pipeline to 2026-05-08 00:00:00+00:00, run_after=2026-05-09 00:00:00+00:00
[2026-05-08T20:22:04.647+0000] {processor.py:183} INFO - Processing /opt/airflow/dags/dbt_pipeline_dag.py took 0.222 seconds
[2026-05-08T20:22:34.970+0000] {processor.py:161} INFO - Started process (PID=4954) to work on /opt/airflow/dags/dbt_pipeline_dag.py
[2026-05-08T20:22:34.972+0000] {processor.py:830} INFO - Processing file /opt/airflow/dags/dbt_pipeline_dag.py for tasks to queue
[2026-05-08T20:22:34.975+0000] {logging_mixin.py:188} INFO - [2026-05-08T20:22:34.974+0000] {dagbag.py:538} INFO - Filling up the DagBag from /opt/airflow/dags/dbt_pipeline_dag.py
[2026-05-08T20:22:35.025+0000] {processor.py:840} INFO - DAG(s) 'dbt_pipeline' retrieved from /opt/airflow/dags/dbt_pipeline_dag.py
[2026-05-08T20:22:35.100+0000] {logging_mixin.py:188} INFO - [2026-05-08T20:22:35.100+0000] {dag.py:3036} INFO - Sync 1 DAGs
[2026-05-08T20:22:35.171+0000] {logging_mixin.py:188} INFO - [2026-05-08T20:22:35.171+0000] {dag.py:3823} INFO - Setting next_dagrun for dbt_pipeline to 2026-05-08 00:00:00+00:00, run_after=2026-05-09 00:00:00+00:00
[2026-05-08T20:22:35.228+0000] {processor.py:183} INFO - Processing /opt/airflow/dags/dbt_pipeline_dag.py took 0.264 seconds
[2026-05-08T20:23:05.581+0000] {processor.py:161} INFO - Started process (PID=4961) to work on /opt/airflow/dags/dbt_pipeline_dag.py
[2026-05-08T20:23:05.583+0000] {processor.py:830} INFO - Processing file /opt/airflow/dags/dbt_pipeline_dag.py for tasks to queue
[2026-05-08T20:23:05.585+0000] {logging_mixin.py:188} INFO - [2026-05-08T20:23:05.584+0000] {dagbag.py:538} INFO - Filling up the DagBag from /opt/airflow/dags/dbt_pipeline_dag.py
[2026-05-08T20:23:05.629+0000] {processor.py:840} INFO - DAG(s) 'dbt_pipeline' retrieved from /opt/airflow/dags/dbt_pipeline_dag.py
[2026-05-08T20:23:05.702+0000] {logging_mixin.py:188} INFO - [2026-05-08T20:23:05.701+0000] {dag.py:3036} INFO - Sync 1 DAGs
[2026-05-08T20:23:05.801+0000] {logging_mixin.py:188} INFO - [2026-05-08T20:23:05.801+0000] {dag.py:3823} INFO - Setting next_dagrun for dbt_pipeline to 2026-05-08 00:00:00+00:00, run_after=2026-05-09 00:00:00+00:00
[2026-05-08T20:23:05.856+0000] {processor.py:183} INFO - Processing /opt/airflow/dags/dbt_pipeline_dag.py took 0.280 seconds
[2026-05-08T20:23:37.000+0000] {processor.py:161} INFO - Started process (PID=4972) to work on /opt/airflow/dags/dbt_pipeline_dag.py
[2026-05-08T20:23:37.003+0000] {processor.py:830} INFO - Processing file /opt/airflow/dags/dbt_pipeline_dag.py for tasks to queue
[2026-05-08T20:23:37.005+0000] {logging_mixin.py:188} INFO - [2026-05-08T20:23:37.005+0000] {dagbag.py:538} INFO - Filling up the DagBag from /opt/airflow/dags/dbt_pipeline_dag.py
[2026-05-08T20:23:37.052+0000] {processor.py:840} INFO - DAG(s) 'dbt_pipeline' retrieved from /opt/airflow/dags/dbt_pipeline_dag.py
[2026-05-08T20:23:37.109+0000] {logging_mixin.py:188} INFO - [2026-05-08T20:23:37.108+0000] {dag.py:3036} INFO - Sync 1 DAGs
[2026-05-08T20:23:37.157+0000] {logging_mixin.py:188} INFO - [2026-05-08T20:23:37.156+0000] {dag.py:3823} INFO - Setting next_dagrun for dbt_pipeline to 2026-05-08 00:00:00+00:00, run_after=2026-05-09 00:00:00+00:00
[2026-05-08T20:23:37.205+0000] {processor.py:183} INFO - Processing /opt/airflow/dags/dbt_pipeline_dag.py took 0.210 seconds
[2026-05-08T20:24:07.477+0000] {processor.py:161} INFO - Started process (PID=4983) to work on /opt/airflow/dags/dbt_pipeline_dag.py
[2026-05-08T20:24:07.479+0000] {processor.py:830} INFO - Processing file /opt/airflow/dags/dbt_pipeline_dag.py for tasks to queue
[2026-05-08T20:24:07.481+0000] {logging_mixin.py:188} INFO - [2026-05-08T20:24:07.481+0000] {dagbag.py:538} INFO - Filling up the DagBag from /opt/airflow/dags/dbt_pipeline_dag.py
[2026-05-08T20:24:07.528+0000] {processor.py:840} INFO - DAG(s) 'dbt_pipeline' retrieved from /opt/airflow/dags/dbt_pipeline_dag.py
[2026-05-08T20:24:07.592+0000] {logging_mixin.py:188} INFO - [2026-05-08T20:24:07.592+0000] {dag.py:3036} INFO - Sync 1 DAGs
[2026-05-08T20:24:07.638+0000] {logging_mixin.py:188} INFO - [2026-05-08T20:24:07.638+0000] {dag.py:3823} INFO - Setting next_dagrun for dbt_pipeline to 2026-05-08 00:00:00+00:00, run_after=2026-05-09 00:00:00+00:00
[2026-05-08T20:24:07.682+0000] {processor.py:183} INFO - Processing /opt/airflow/dags/dbt_pipeline_dag.py took 0.209 seconds
[2026-05-08T20:24:38.652+0000] {processor.py:161} INFO - Started process (PID=4994) to work on /opt/airflow/dags/dbt_pipeline_dag.py
[2026-05-08T20:24:38.654+0000] {processor.py:830} INFO - Processing file /opt/airflow/dags/dbt_pipeline_dag.py for tasks to queue
[2026-05-08T20:24:38.657+0000] {logging_mixin.py:188} INFO - [2026-05-08T20:24:38.656+0000] {dagbag.py:538} INFO - Filling up the DagBag from /opt/airflow/dags/dbt_pipeline_dag.py
[2026-05-08T20:24:38.716+0000] {processor.py:840} INFO - DAG(s) 'dbt_pipeline' retrieved from /opt/airflow/dags/dbt_pipeline_dag.py
[2026-05-08T20:24:38.770+0000] {logging_mixin.py:188} INFO - [2026-05-08T20:24:38.770+0000] {dag.py:3036} INFO - Sync 1 DAGs
[2026-05-08T20:24:38.818+0000] {logging_mixin.py:188} INFO - [2026-05-08T20:24:38.817+0000] {dag.py:3823} INFO - Setting next_dagrun for dbt_pipeline to 2026-05-08 00:00:00+00:00, run_after=2026-05-09 00:00:00+00:00
[2026-05-08T20:24:38.866+0000] {processor.py:183} INFO - Processing /opt/airflow/dags/dbt_pipeline_dag.py took 0.221 seconds
[2026-05-08T20:25:09.224+0000] {processor.py:161} INFO - Started process (PID=5005) to work on /opt/airflow/dags/dbt_pipeline_dag.py
[2026-05-08T20:25:09.226+0000] {processor.py:830} INFO - Processing file /opt/airflow/dags/dbt_pipeline_dag.py for tasks to queue
[2026-05-08T20:25:09.228+0000] {logging_mixin.py:188} INFO - [2026-05-08T20:25:09.228+0000] {dagbag.py:538} INFO - Filling up the DagBag from /opt/airflow/dags/dbt_pipeline_dag.py
[2026-05-08T20:25:09.273+0000] {processor.py:840} INFO - DAG(s) 'dbt_pipeline' retrieved from /opt/airflow/dags/dbt_pipeline_dag.py
[2026-05-08T20:25:09.327+0000] {logging_mixin.py:188} INFO - [2026-05-08T20:25:09.326+0000] {dag.py:3036} INFO - Sync 1 DAGs
[2026-05-08T20:25:09.377+0000] {logging_mixin.py:188} INFO - [2026-05-08T20:25:09.376+0000] {dag.py:3823} INFO - Setting next_dagrun for dbt_pipeline to 2026-05-08 00:00:00+00:00, run_after=2026-05-09 00:00:00+00:00
[2026-05-08T20:25:09.422+0000] {processor.py:183} INFO - Processing /opt/airflow/dags/dbt_pipeline_dag.py took 0.202 seconds
[2026-05-08T20:25:40.228+0000] {processor.py:161} INFO - Started process (PID=5016) to work on /opt/airflow/dags/dbt_pipeline_dag.py
[2026-05-08T20:25:40.230+0000] {processor.py:830} INFO - Processing file /opt/airflow/dags/dbt_pipeline_dag.py for tasks to queue
[2026-05-08T20:25:40.232+0000] {logging_mixin.py:188} INFO - [2026-05-08T20:25:40.231+0000] {dagbag.py:538} INFO - Filling up the DagBag from /opt/airflow/dags/dbt_pipeline_dag.py
[2026-05-08T20:25:40.273+0000] {processor.py:840} INFO - DAG(s) 'dbt_pipeline' retrieved from /opt/airflow/dags/dbt_pipeline_dag.py
[2026-05-08T20:25:40.342+0000] {logging_mixin.py:188} INFO - [2026-05-08T20:25:40.341+0000] {dag.py:3036} INFO - Sync 1 DAGs
[2026-05-08T20:25:40.389+0000] {logging_mixin.py:188} INFO - [2026-05-08T20:25:40.388+0000] {dag.py:3823} INFO - Setting next_dagrun for dbt_pipeline to 2026-05-08 00:00:00+00:00, run_after=2026-05-09 00:00:00+00:00
[2026-05-08T20:25:40.442+0000] {processor.py:183} INFO - Processing /opt/airflow/dags/dbt_pipeline_dag.py took 0.219 seconds
[2026-05-08T20:26:10.799+0000] {processor.py:161} INFO - Started process (PID=5027) to work on /opt/airflow/dags/dbt_pipeline_dag.py
[2026-05-08T20:26:10.801+0000] {processor.py:830} INFO - Processing file /opt/airflow/dags/dbt_pipeline_dag.py for tasks to queue
[2026-05-08T20:26:10.803+0000] {logging_mixin.py:188} INFO - [2026-05-08T20:26:10.803+0000] {dagbag.py:538} INFO - Filling up the DagBag from /opt/airflow/dags/dbt_pipeline_dag.py
[2026-05-08T20:26:10.843+0000] {processor.py:840} INFO - DAG(s) 'dbt_pipeline' retrieved from /opt/airflow/dags/dbt_pipeline_dag.py
[2026-05-08T20:26:10.905+0000] {logging_mixin.py:188} INFO - [2026-05-08T20:26:10.904+0000] {dag.py:3036} INFO - Sync 1 DAGs
[2026-05-08T20:26:10.954+0000] {logging_mixin.py:188} INFO - [2026-05-08T20:26:10.953+0000] {dag.py:3823} INFO - Setting next_dagrun for dbt_pipeline to 2026-05-08 00:00:00+00:00, run_after=2026-05-09 00:00:00+00:00
[2026-05-08T20:26:11.062+0000] {processor.py:183} INFO - Processing /opt/airflow/dags/dbt_pipeline_dag.py took 0.269 seconds
[2026-05-08T20:26:41.691+0000] {processor.py:161} INFO - Started process (PID=5038) to work on /opt/airflow/dags/dbt_pipeline_dag.py
[2026-05-08T20:26:41.693+0000] {processor.py:830} INFO - Processing file /opt/airflow/dags/dbt_pipeline_dag.py for tasks to queue
[2026-05-08T20:26:41.694+0000] {logging_mixin.py:188} INFO - [2026-05-08T20:26:41.694+0000] {dagbag.py:538} INFO - Filling up the DagBag from /opt/airflow/dags/dbt_pipeline_dag.py
[2026-05-08T20:26:41.727+0000] {processor.py:840} INFO - DAG(s) 'dbt_pipeline' retrieved from /opt/airflow/dags/dbt_pipeline_dag.py
[2026-05-08T20:26:41.783+0000] {logging_mixin.py:188} INFO - [2026-05-08T20:26:41.783+0000] {dag.py:3036} INFO - Sync 1 DAGs
[2026-05-08T20:26:41.833+0000] {logging_mixin.py:188} INFO - [2026-05-08T20:26:41.832+0000] {dag.py:3823} INFO - Setting next_dagrun for dbt_pipeline to 2026-05-08 00:00:00+00:00, run_after=2026-05-09 00:00:00+00:00
[2026-05-08T20:26:41.873+0000] {processor.py:183} INFO - Processing /opt/airflow/dags/dbt_pipeline_dag.py took 0.186 seconds
[2026-05-08T20:27:12.417+0000] {processor.py:161} INFO - Started process (PID=5049) to work on /opt/airflow/dags/dbt_pipeline_dag.py
[2026-05-08T20:27:12.419+0000] {processor.py:830} INFO - Processing file /opt/airflow/dags/dbt_pipeline_dag.py for tasks to queue
[2026-05-08T20:27:12.422+0000] {logging_mixin.py:188} INFO - [2026-05-08T20:27:12.421+0000] {dagbag.py:538} INFO - Filling up the DagBag from /opt/airflow/dags/dbt_pipeline_dag.py
[2026-05-08T20:27:12.477+0000] {processor.py:840} INFO - DAG(s) 'dbt_pipeline' retrieved from /opt/airflow/dags/dbt_pipeline_dag.py
[2026-05-08T20:27:12.543+0000] {logging_mixin.py:188} INFO - [2026-05-08T20:27:12.542+0000] {dag.py:3036} INFO - Sync 1 DAGs
[2026-05-08T20:27:12.592+0000] {logging_mixin.py:188} INFO - [2026-05-08T20:27:12.592+0000] {dag.py:3823} INFO - Setting next_dagrun for dbt_pipeline to 2026-05-08 00:00:00+00:00, run_after=2026-05-09 00:00:00+00:00
[2026-05-08T20:27:12.646+0000] {processor.py:183} INFO - Processing /opt/airflow/dags/dbt_pipeline_dag.py took 0.234 seconds
[2026-05-08T20:27:43.292+0000] {processor.py:161} INFO - Started process (PID=5060) to work on /opt/airflow/dags/dbt_pipeline_dag.py
[2026-05-08T20:27:43.294+0000] {processor.py:830} INFO - Processing file /opt/airflow/dags/dbt_pipeline_dag.py for tasks to queue
[2026-05-08T20:27:43.297+0000] {logging_mixin.py:188} INFO - [2026-05-08T20:27:43.296+0000] {dagbag.py:538} INFO - Filling up the DagBag from /opt/airflow/dags/dbt_pipeline_dag.py
[2026-05-08T20:27:43.341+0000] {processor.py:840} INFO - DAG(s) 'dbt_pipeline' retrieved from /opt/airflow/dags/dbt_pipeline_dag.py
[2026-05-08T20:27:43.403+0000] {logging_mixin.py:188} INFO - [2026-05-08T20:27:43.402+0000] {dag.py:3036} INFO - Sync 1 DAGs
[2026-05-08T20:27:43.465+0000] {logging_mixin.py:188} INFO - [2026-05-08T20:27:43.463+0000] {dag.py:3823} INFO - Setting next_dagrun for dbt_pipeline to 2026-05-08 00:00:00+00:00, run_after=2026-05-09 00:00:00+00:00
[2026-05-08T20:27:43.532+0000] {processor.py:183} INFO - Processing /opt/airflow/dags/dbt_pipeline_dag.py took 0.244 seconds
[2026-05-08T20:28:14.676+0000] {processor.py:161} INFO - Started process (PID=5071) to work on /opt/airflow/dags/dbt_pipeline_dag.py
[2026-05-08T20:28:14.678+0000] {processor.py:830} INFO - Processing file /opt/airflow/dags/dbt_pipeline_dag.py for tasks to queue
[2026-05-08T20:28:14.680+0000] {logging_mixin.py:188} INFO - [2026-05-08T20:28:14.679+0000] {dagbag.py:538} INFO - Filling up the DagBag from /opt/airflow/dags/dbt_pipeline_dag.py
[2026-05-08T20:28:14.726+0000] {processor.py:840} INFO - DAG(s) 'dbt_pipeline' retrieved from /opt/airflow/dags/dbt_pipeline_dag.py
[2026-05-08T20:28:14.775+0000] {logging_mixin.py:188} INFO - [2026-05-08T20:28:14.774+0000] {dag.py:3036} INFO - Sync 1 DAGs
[2026-05-08T20:28:14.815+0000] {logging_mixin.py:188} INFO - [2026-05-08T20:28:14.815+0000] {dag.py:3823} INFO - Setting next_dagrun for dbt_pipeline to 2026-05-08 00:00:00+00:00, run_after=2026-05-09 00:00:00+00:00
[2026-05-08T20:28:14.856+0000] {processor.py:183} INFO - Processing /opt/airflow/dags/dbt_pipeline_dag.py took 0.184 seconds
[2026-05-08T20:28:45.518+0000] {processor.py:161} INFO - Started process (PID=5082) to work on /opt/airflow/dags/dbt_pipeline_dag.py
[2026-05-08T20:28:45.520+0000] {processor.py:830} INFO - Processing file /opt/airflow/dags/dbt_pipeline_dag.py for tasks to queue
[2026-05-08T20:28:45.522+0000] {logging_mixin.py:188} INFO - [2026-05-08T20:28:45.521+0000] {dagbag.py:538} INFO - Filling up the DagBag from /opt/airflow/dags/dbt_pipeline_dag.py
[2026-05-08T20:28:45.556+0000] {processor.py:840} INFO - DAG(s) 'dbt_pipeline' retrieved from /opt/airflow/dags/dbt_pipeline_dag.py
[2026-05-08T20:28:45.614+0000] {logging_mixin.py:188} INFO - [2026-05-08T20:28:45.613+0000] {dag.py:3036} INFO - Sync 1 DAGs
[2026-05-08T20:28:45.663+0000] {logging_mixin.py:188} INFO - [2026-05-08T20:28:45.663+0000] {dag.py:3823} INFO - Setting next_dagrun for dbt_pipeline to 2026-05-08 00:00:00+00:00, run_after=2026-05-09 00:00:00+00:00
[2026-05-08T20:28:45.721+0000] {processor.py:183} INFO - Processing /opt/airflow/dags/dbt_pipeline_dag.py took 0.207 seconds
[2026-05-08T20:29:16.035+0000] {processor.py:161} INFO - Started process (PID=5093) to work on /opt/airflow/dags/dbt_pipeline_dag.py
[2026-05-08T20:29:16.039+0000] {processor.py:830} INFO - Processing file /opt/airflow/dags/dbt_pipeline_dag.py for tasks to queue
[2026-05-08T20:29:16.041+0000] {logging_mixin.py:188} INFO - [2026-05-08T20:29:16.040+0000] {dagbag.py:538} INFO - Filling up the DagBag from /opt/airflow/dags/dbt_pipeline_dag.py
[2026-05-08T20:29:16.097+0000] {processor.py:840} INFO - DAG(s) 'dbt_pipeline' retrieved from /opt/airflow/dags/dbt_pipeline_dag.py
[2026-05-08T20:29:16.152+0000] {logging_mixin.py:188} INFO - [2026-05-08T20:29:16.152+0000] {dag.py:3036} INFO - Sync 1 DAGs
[2026-05-08T20:29:16.191+0000] {logging_mixin.py:188} INFO - [2026-05-08T20:29:16.190+0000] {dag.py:3823} INFO - Setting next_dagrun for dbt_pipeline to 2026-05-08 00:00:00+00:00, run_after=2026-05-09 00:00:00+00:00
[2026-05-08T20:29:16.237+0000] {processor.py:183} INFO - Processing /opt/airflow/dags/dbt_pipeline_dag.py took 0.208 seconds
[2026-05-08T20:29:47.575+0000] {processor.py:161} INFO - Started process (PID=5104) to work on /opt/airflow/dags/dbt_pipeline_dag.py
[2026-05-08T20:29:47.577+0000] {processor.py:830} INFO - Processing file /opt/airflow/dags/dbt_pipeline_dag.py for tasks to queue
[2026-05-08T20:29:47.580+0000] {logging_mixin.py:188} INFO - [2026-05-08T20:29:47.579+0000] {dagbag.py:538} INFO - Filling up the DagBag from /opt/airflow/dags/dbt_pipeline_dag.py
[2026-05-08T20:29:47.625+0000] {processor.py:840} INFO - DAG(s) 'dbt_pipeline' retrieved from /opt/airflow/dags/dbt_pipeline_dag.py
[2026-05-08T20:29:47.681+0000] {logging_mixin.py:188} INFO - [2026-05-08T20:29:47.680+0000] {dag.py:3036} INFO - Sync 1 DAGs
[2026-05-08T20:29:47.730+0000] {logging_mixin.py:188} INFO - [2026-05-08T20:29:47.730+0000] {dag.py:3823} INFO - Setting next_dagrun for dbt_pipeline to 2026-05-08 00:00:00+00:00, run_after=2026-05-09 00:00:00+00:00
[2026-05-08T20:29:47.781+0000] {processor.py:183} INFO - Processing /opt/airflow/dags/dbt_pipeline_dag.py took 0.211 seconds
[2026-05-08T20:30:18.848+0000] {processor.py:161} INFO - Started process (PID=5115) to work on /opt/airflow/dags/dbt_pipeline_dag.py
[2026-05-08T20:30:18.849+0000] {processor.py:830} INFO - Processing file /opt/airflow/dags/dbt_pipeline_dag.py for tasks to queue
[2026-05-08T20:30:18.852+0000] {logging_mixin.py:188} INFO - [2026-05-08T20:30:18.851+0000] {dagbag.py:538} INFO - Filling up the DagBag from /opt/airflow/dags/dbt_pipeline_dag.py
[2026-05-08T20:30:18.893+0000] {processor.py:840} INFO - DAG(s) 'dbt_pipeline' retrieved from /opt/airflow/dags/dbt_pipeline_dag.py
[2026-05-08T20:30:18.940+0000] {logging_mixin.py:188} INFO - [2026-05-08T20:30:18.939+0000] {dag.py:3036} INFO - Sync 1 DAGs
[2026-05-08T20:30:18.977+0000] {logging_mixin.py:188} INFO - [2026-05-08T20:30:18.977+0000] {dag.py:3823} INFO - Setting next_dagrun for dbt_pipeline to 2026-05-08 00:00:00+00:00, run_after=2026-05-09 00:00:00+00:00
[2026-05-08T20:30:19.015+0000] {processor.py:183} INFO - Processing /opt/airflow/dags/dbt_pipeline_dag.py took 0.171 seconds
[2026-05-08T20:30:49.907+0000] {processor.py:161} INFO - Started process (PID=5126) to work on /opt/airflow/dags/dbt_pipeline_dag.py
[2026-05-08T20:30:49.909+0000] {processor.py:830} INFO - Processing file /opt/airflow/dags/dbt_pipeline_dag.py for tasks to queue
[2026-05-08T20:30:49.911+0000] {logging_mixin.py:188} INFO - [2026-05-08T20:30:49.910+0000] {dagbag.py:538} INFO - Filling up the DagBag from /opt/airflow/dags/dbt_pipeline_dag.py
[2026-05-08T20:30:49.978+0000] {processor.py:840} INFO - DAG(s) 'dbt_pipeline' retrieved from /opt/airflow/dags/dbt_pipeline_dag.py
[2026-05-08T20:30:50.115+0000] {logging_mixin.py:188} INFO - [2026-05-08T20:30:50.115+0000] {dag.py:3036} INFO - Sync 1 DAGs
[2026-05-08T20:30:50.197+0000] {logging_mixin.py:188} INFO - [2026-05-08T20:30:50.196+0000] {dag.py:3823} INFO - Setting next_dagrun for dbt_pipeline to 2026-05-08 00:00:00+00:00, run_after=2026-05-09 00:00:00+00:00
[2026-05-08T20:30:50.253+0000] {processor.py:183} INFO - Processing /opt/airflow/dags/dbt_pipeline_dag.py took 0.353 seconds
[2026-05-08T20:31:20.913+0000] {processor.py:161} INFO - Started process (PID=5137) to work on /opt/airflow/dags/dbt_pipeline_dag.py
[2026-05-08T20:31:20.915+0000] {processor.py:830} INFO - Processing file /opt/airflow/dags/dbt_pipeline_dag.py for tasks to queue
[2026-05-08T20:31:20.917+0000] {logging_mixin.py:188} INFO - [2026-05-08T20:31:20.916+0000] {dagbag.py:538} INFO - Filling up the DagBag from /opt/airflow/dags/dbt_pipeline_dag.py
[2026-05-08T20:31:20.974+0000] {processor.py:840} INFO - DAG(s) 'dbt_pipeline' retrieved from /opt/airflow/dags/dbt_pipeline_dag.py
[2026-05-08T20:31:21.031+0000] {logging_mixin.py:188} INFO - [2026-05-08T20:31:21.031+0000] {dag.py:3036} INFO - Sync 1 DAGs
[2026-05-08T20:31:21.083+0000] {logging_mixin.py:188} INFO - [2026-05-08T20:31:21.083+0000] {dag.py:3823} INFO - Setting next_dagrun for dbt_pipeline to 2026-05-08 00:00:00+00:00, run_after=2026-05-09 00:00:00+00:00
[2026-05-08T20:31:21.130+0000] {processor.py:183} INFO - Processing /opt/airflow/dags/dbt_pipeline_dag.py took 0.221 seconds
[2026-05-08T20:31:51.343+0000] {processor.py:161} INFO - Started process (PID=5148) to work on /opt/airflow/dags/dbt_pipeline_dag.py
[2026-05-08T20:31:51.345+0000] {processor.py:830} INFO - Processing file /opt/airflow/dags/dbt_pipeline_dag.py for tasks to queue
[2026-05-08T20:31:51.347+0000] {logging_mixin.py:188} INFO - [2026-05-08T20:31:51.347+0000] {dagbag.py:538} INFO - Filling up the DagBag from /opt/airflow/dags/dbt_pipeline_dag.py
[2026-05-08T20:31:51.389+0000] {processor.py:840} INFO - DAG(s) 'dbt_pipeline' retrieved from /opt/airflow/dags/dbt_pipeline_dag.py
[2026-05-08T20:31:51.439+0000] {logging_mixin.py:188} INFO - [2026-05-08T20:31:51.438+0000] {dag.py:3036} INFO - Sync 1 DAGs
[2026-05-08T20:31:51.477+0000] {logging_mixin.py:188} INFO - [2026-05-08T20:31:51.476+0000] {dag.py:3823} INFO - Setting next_dagrun for dbt_pipeline to 2026-05-08 00:00:00+00:00, run_after=2026-05-09 00:00:00+00:00
[2026-05-08T20:31:51.510+0000] {processor.py:183} INFO - Processing /opt/airflow/dags/dbt_pipeline_dag.py took 0.171 seconds
[2026-05-08T20:32:20.935+0000] {processor.py:161} INFO - Started process (PID=5159) to work on /opt/airflow/dags/dbt_pipeline_dag.py
[2026-05-08T20:32:20.937+0000] {processor.py:830} INFO - Processing file /opt/airflow/dags/dbt_pipeline_dag.py for tasks to queue
[2026-05-08T20:32:20.940+0000] {logging_mixin.py:188} INFO - [2026-05-08T20:32:20.939+0000] {dagbag.py:538} INFO - Filling up the DagBag from /opt/airflow/dags/dbt_pipeline_dag.py
[2026-05-08T20:32:21.127+0000] {processor.py:840} INFO - DAG(s) 'dbt_pipeline' retrieved from /opt/airflow/dags/dbt_pipeline_dag.py
[2026-05-08T20:32:21.288+0000] {logging_mixin.py:188} INFO - [2026-05-08T20:32:21.288+0000] {dag.py:3036} INFO - Sync 1 DAGs
[2026-05-08T20:32:21.333+0000] {logging_mixin.py:188} INFO - [2026-05-08T20:32:21.332+0000] {dag.py:3823} INFO - Setting next_dagrun for dbt_pipeline to 2026-05-08 00:00:00+00:00, run_after=2026-05-09 00:00:00+00:00
[2026-05-08T20:32:21.377+0000] {processor.py:183} INFO - Processing /opt/airflow/dags/dbt_pipeline_dag.py took 0.446 seconds
[2026-05-08T20:32:51.617+0000] {processor.py:161} INFO - Started process (PID=5170) to work on /opt/airflow/dags/dbt_pipeline_dag.py
[2026-05-08T20:32:51.619+0000] {processor.py:830} INFO - Processing file /opt/airflow/dags/dbt_pipeline_dag.py for tasks to queue
[2026-05-08T20:32:51.621+0000] {logging_mixin.py:188} INFO - [2026-05-08T20:32:51.620+0000] {dagbag.py:538} INFO - Filling up the DagBag from /opt/airflow/dags/dbt_pipeline_dag.py
[2026-05-08T20:32:51.660+0000] {processor.py:840} INFO - DAG(s) 'dbt_pipeline' retrieved from /opt/airflow/dags/dbt_pipeline_dag.py
[2026-05-08T20:32:51.716+0000] {logging_mixin.py:188} INFO - [2026-05-08T20:32:51.716+0000] {dag.py:3036} INFO - Sync 1 DAGs
[2026-05-08T20:32:51.752+0000] {logging_mixin.py:188} INFO - [2026-05-08T20:32:51.752+0000] {dag.py:3823} INFO - Setting next_dagrun for dbt_pipeline to 2026-05-08 00:00:00+00:00, run_after=2026-05-09 00:00:00+00:00
[2026-05-08T20:32:51.785+0000] {processor.py:183} INFO - Processing /opt/airflow/dags/dbt_pipeline_dag.py took 0.172 seconds
[2026-05-08T20:33:22.251+0000] {processor.py:161} INFO - Started process (PID=5181) to work on /opt/airflow/dags/dbt_pipeline_dag.py
[2026-05-08T20:33:22.253+0000] {processor.py:830} INFO - Processing file /opt/airflow/dags/dbt_pipeline_dag.py for tasks to queue
[2026-05-08T20:33:22.255+0000] {logging_mixin.py:188} INFO - [2026-05-08T20:33:22.254+0000] {dagbag.py:538} INFO - Filling up the DagBag from /opt/airflow/dags/dbt_pipeline_dag.py
[2026-05-08T20:33:22.296+0000] {processor.py:840} INFO - DAG(s) 'dbt_pipeline' retrieved from /opt/airflow/dags/dbt_pipeline_dag.py
[2026-05-08T20:33:22.358+0000] {logging_mixin.py:188} INFO - [2026-05-08T20:33:22.358+0000] {dag.py:3036} INFO - Sync 1 DAGs
[2026-05-08T20:33:22.405+0000] {logging_mixin.py:188} INFO - [2026-05-08T20:33:22.405+0000] {dag.py:3823} INFO - Setting next_dagrun for dbt_pipeline to 2026-05-08 00:00:00+00:00, run_after=2026-05-09 00:00:00+00:00
[2026-05-08T20:33:22.452+0000] {processor.py:183} INFO - Processing /opt/airflow/dags/dbt_pipeline_dag.py took 0.205 seconds
[2026-05-08T20:33:53.264+0000] {processor.py:161} INFO - Started process (PID=5192) to work on /opt/airflow/dags/dbt_pipeline_dag.py
[2026-05-08T20:33:53.266+0000] {processor.py:830} INFO - Processing file /opt/airflow/dags/dbt_pipeline_dag.py for tasks to queue
[2026-05-08T20:33:53.268+0000] {logging_mixin.py:188} INFO - [2026-05-08T20:33:53.267+0000] {dagbag.py:538} INFO - Filling up the DagBag from /opt/airflow/dags/dbt_pipeline_dag.py
[2026-05-08T20:33:53.336+0000] {processor.py:840} INFO - DAG(s) 'dbt_pipeline' retrieved from /opt/airflow/dags/dbt_pipeline_dag.py
[2026-05-08T20:33:53.402+0000] {logging_mixin.py:188} INFO - [2026-05-08T20:33:53.401+0000] {dag.py:3036} INFO - Sync 1 DAGs
[2026-05-08T20:33:53.454+0000] {logging_mixin.py:188} INFO - [2026-05-08T20:33:53.453+0000] {dag.py:3823} INFO - Setting next_dagrun for dbt_pipeline to 2026-05-08 00:00:00+00:00, run_after=2026-05-09 00:00:00+00:00
[2026-05-08T20:33:53.502+0000] {processor.py:183} INFO - Processing /opt/airflow/dags/dbt_pipeline_dag.py took 0.241 seconds
[2026-05-08T20:34:23.629+0000] {processor.py:161} INFO - Started process (PID=5203) to work on /opt/airflow/dags/dbt_pipeline_dag.py
[2026-05-08T20:34:23.631+0000] {processor.py:830} INFO - Processing file /opt/airflow/dags/dbt_pipeline_dag.py for tasks to queue
[2026-05-08T20:34:23.633+0000] {logging_mixin.py:188} INFO - [2026-05-08T20:34:23.632+0000] {dagbag.py:538} INFO - Filling up the DagBag from /opt/airflow/dags/dbt_pipeline_dag.py
[2026-05-08T20:34:23.668+0000] {processor.py:840} INFO - DAG(s) 'dbt_pipeline' retrieved from /opt/airflow/dags/dbt_pipeline_dag.py
[2026-05-08T20:34:23.722+0000] {logging_mixin.py:188} INFO - [2026-05-08T20:34:23.722+0000] {dag.py:3036} INFO - Sync 1 DAGs
[2026-05-08T20:34:23.768+0000] {logging_mixin.py:188} INFO - [2026-05-08T20:34:23.767+0000] {dag.py:3823} INFO - Setting next_dagrun for dbt_pipeline to 2026-05-08 00:00:00+00:00, run_after=2026-05-09 00:00:00+00:00
[2026-05-08T20:34:23.812+0000] {processor.py:183} INFO - Processing /opt/airflow/dags/dbt_pipeline_dag.py took 0.187 seconds
[2026-05-08T20:34:54.624+0000] {processor.py:161} INFO - Started process (PID=5214) to work on /opt/airflow/dags/dbt_pipeline_dag.py
[2026-05-08T20:34:54.625+0000] {processor.py:830} INFO - Processing file /opt/airflow/dags/dbt_pipeline_dag.py for tasks to queue
[2026-05-08T20:34:54.628+0000] {logging_mixin.py:188} INFO - [2026-05-08T20:34:54.627+0000] {dagbag.py:538} INFO - Filling up the DagBag from /opt/airflow/dags/dbt_pipeline_dag.py
[2026-05-08T20:34:54.672+0000] {processor.py:840} INFO - DAG(s) 'dbt_pipeline' retrieved from /opt/airflow/dags/dbt_pipeline_dag.py
[2026-05-08T20:34:54.729+0000] {logging_mixin.py:188} INFO - [2026-05-08T20:34:54.728+0000] {dag.py:3036} INFO - Sync 1 DAGs
[2026-05-08T20:34:54.774+0000] {logging_mixin.py:188} INFO - [2026-05-08T20:34:54.773+0000] {dag.py:3823} INFO - Setting next_dagrun for dbt_pipeline to 2026-05-08 00:00:00+00:00, run_after=2026-05-09 00:00:00+00:00
[2026-05-08T20:34:54.822+0000] {processor.py:183} INFO - Processing /opt/airflow/dags/dbt_pipeline_dag.py took 0.203 seconds
[2026-05-08T20:35:25.463+0000] {processor.py:161} INFO - Started process (PID=5225) to work on /opt/airflow/dags/dbt_pipeline_dag.py
[2026-05-08T20:35:25.466+0000] {processor.py:830} INFO - Processing file /opt/airflow/dags/dbt_pipeline_dag.py for tasks to queue
[2026-05-08T20:35:25.469+0000] {logging_mixin.py:188} INFO - [2026-05-08T20:35:25.468+0000] {dagbag.py:538} INFO - Filling up the DagBag from /opt/airflow/dags/dbt_pipeline_dag.py
[2026-05-08T20:35:25.519+0000] {processor.py:840} INFO - DAG(s) 'dbt_pipeline' retrieved from /opt/airflow/dags/dbt_pipeline_dag.py
[2026-05-08T20:35:25.579+0000] {logging_mixin.py:188} INFO - [2026-05-08T20:35:25.578+0000] {dag.py:3036} INFO - Sync 1 DAGs
[2026-05-08T20:35:25.634+0000] {logging_mixin.py:188} INFO - [2026-05-08T20:35:25.633+0000] {dag.py:3823} INFO - Setting next_dagrun for dbt_pipeline to 2026-05-08 00:00:00+00:00, run_after=2026-05-09 00:00:00+00:00
[2026-05-08T20:35:25.688+0000] {processor.py:183} INFO - Processing /opt/airflow/dags/dbt_pipeline_dag.py took 0.231 seconds
[2026-05-08T20:35:55.881+0000] {processor.py:161} INFO - Started process (PID=5236) to work on /opt/airflow/dags/dbt_pipeline_dag.py
[2026-05-08T20:35:55.884+0000] {processor.py:830} INFO - Processing file /opt/airflow/dags/dbt_pipeline_dag.py for tasks to queue
[2026-05-08T20:35:55.887+0000] {logging_mixin.py:188} INFO - [2026-05-08T20:35:55.886+0000] {dagbag.py:538} INFO - Filling up the DagBag from /opt/airflow/dags/dbt_pipeline_dag.py
[2026-05-08T20:35:55.956+0000] {processor.py:840} INFO - DAG(s) 'dbt_pipeline' retrieved from /opt/airflow/dags/dbt_pipeline_dag.py
[2026-05-08T20:35:56.031+0000] {logging_mixin.py:188} INFO - [2026-05-08T20:35:56.031+0000] {dag.py:3036} INFO - Sync 1 DAGs
[2026-05-08T20:35:56.110+0000] {logging_mixin.py:188} INFO - [2026-05-08T20:35:56.108+0000] {dag.py:3823} INFO - Setting next_dagrun for dbt_pipeline to 2026-05-08 00:00:00+00:00, run_after=2026-05-09 00:00:00+00:00
[2026-05-08T20:35:56.161+0000] {processor.py:183} INFO - Processing /opt/airflow/dags/dbt_pipeline_dag.py took 0.288 seconds
[2026-05-08T20:36:26.559+0000] {processor.py:161} INFO - Started process (PID=5247) to work on /opt/airflow/dags/dbt_pipeline_dag.py
[2026-05-08T20:36:26.561+0000] {processor.py:830} INFO - Processing file /opt/airflow/dags/dbt_pipeline_dag.py for tasks to queue
[2026-05-08T20:36:26.563+0000] {logging_mixin.py:188} INFO - [2026-05-08T20:36:26.563+0000] {dagbag.py:538} INFO - Filling up the DagBag from /opt/airflow/dags/dbt_pipeline_dag.py
[2026-05-08T20:36:26.615+0000] {processor.py:840} INFO - DAG(s) 'dbt_pipeline' retrieved from /opt/airflow/dags/dbt_pipeline_dag.py
[2026-05-08T20:36:26.298+0000] {logging_mixin.py:188} INFO - [2026-05-08T20:36:26.298+0000] {dag.py:3036} INFO - Sync 1 DAGs
[2026-05-08T20:36:26.358+0000] {logging_mixin.py:188} INFO - [2026-05-08T20:36:26.357+0000] {dag.py:3823} INFO - Setting next_dagrun for dbt_pipeline to 2026-05-08 00:00:00+00:00, run_after=2026-05-09 00:00:00+00:00
[2026-05-08T20:36:26.427+0000] {processor.py:183} INFO - Processing /opt/airflow/dags/dbt_pipeline_dag.py took 0.270 seconds
[2026-05-08T20:36:51.359+0000] {processor.py:161} INFO - Started process (PID=5252) to work on /opt/airflow/dags/dbt_pipeline_dag.py
[2026-05-08T20:36:51.362+0000] {processor.py:830} INFO - Processing file /opt/airflow/dags/dbt_pipeline_dag.py for tasks to queue
[2026-05-08T20:36:51.363+0000] {logging_mixin.py:188} INFO - [2026-05-08T20:36:51.363+0000] {dagbag.py:538} INFO - Filling up the DagBag from /opt/airflow/dags/dbt_pipeline_dag.py
[2026-05-08T20:36:51.413+0000] {processor.py:840} INFO - DAG(s) 'dbt_pipeline' retrieved from /opt/airflow/dags/dbt_pipeline_dag.py
[2026-05-08T20:36:51.498+0000] {logging_mixin.py:188} INFO - [2026-05-08T20:36:51.497+0000] {dag.py:3036} INFO - Sync 1 DAGs
[2026-05-08T20:36:51.569+0000] {logging_mixin.py:188} INFO - [2026-05-08T20:36:51.569+0000] {dag.py:3823} INFO - Setting next_dagrun for dbt_pipeline to 2026-05-08 00:00:00+00:00, run_after=2026-05-09 00:00:00+00:00
[2026-05-08T20:36:51.625+0000] {processor.py:183} INFO - Processing /opt/airflow/dags/dbt_pipeline_dag.py took 0.273 seconds
[2026-05-08T20:37:21.804+0000] {processor.py:161} INFO - Started process (PID=5263) to work on /opt/airflow/dags/dbt_pipeline_dag.py
[2026-05-08T20:37:21.806+0000] {processor.py:830} INFO - Processing file /opt/airflow/dags/dbt_pipeline_dag.py for tasks to queue
[2026-05-08T20:37:21.808+0000] {logging_mixin.py:188} INFO - [2026-05-08T20:37:21.808+0000] {dagbag.py:538} INFO - Filling up the DagBag from /opt/airflow/dags/dbt_pipeline_dag.py
[2026-05-08T20:37:21.847+0000] {processor.py:840} INFO - DAG(s) 'dbt_pipeline' retrieved from /opt/airflow/dags/dbt_pipeline_dag.py
[2026-05-08T20:37:21.907+0000] {logging_mixin.py:188} INFO - [2026-05-08T20:37:21.906+0000] {dag.py:3036} INFO - Sync 1 DAGs
[2026-05-08T20:37:21.966+0000] {logging_mixin.py:188} INFO - [2026-05-08T20:37:21.966+0000] {dag.py:3823} INFO - Setting next_dagrun for dbt_pipeline to 2026-05-08 00:00:00+00:00, run_after=2026-05-09 00:00:00+00:00
[2026-05-08T20:37:22.012+0000] {processor.py:183} INFO - Processing /opt/airflow/dags/dbt_pipeline_dag.py took 0.212 seconds
[2026-05-08T20:37:52.762+0000] {processor.py:161} INFO - Started process (PID=5274) to work on /opt/airflow/dags/dbt_pipeline_dag.py
[2026-05-08T20:37:52.764+0000] {processor.py:830} INFO - Processing file /opt/airflow/dags/dbt_pipeline_dag.py for tasks to queue
[2026-05-08T20:37:52.766+0000] {logging_mixin.py:188} INFO - [2026-05-08T20:37:52.766+0000] {dagbag.py:538} INFO - Filling up the DagBag from /opt/airflow/dags/dbt_pipeline_dag.py
[2026-05-08T20:37:52.810+0000] {processor.py:840} INFO - DAG(s) 'dbt_pipeline' retrieved from /opt/airflow/dags/dbt_pipeline_dag.py
[2026-05-08T20:37:52.919+0000] {logging_mixin.py:188} INFO - [2026-05-08T20:37:52.907+0000] {dag.py:3036} INFO - Sync 1 DAGs
[2026-05-08T20:37:53.017+0000] {logging_mixin.py:188} INFO - [2026-05-08T20:37:53.016+0000] {dag.py:3823} INFO - Setting next_dagrun for dbt_pipeline to 2026-05-08 00:00:00+00:00, run_after=2026-05-09 00:00:00+00:00
[2026-05-08T20:37:53.079+0000] {processor.py:183} INFO - Processing /opt/airflow/dags/dbt_pipeline_dag.py took 0.323 seconds
[2026-05-08T20:38:24.223+0000] {processor.py:161} INFO - Started process (PID=5285) to work on /opt/airflow/dags/dbt_pipeline_dag.py
[2026-05-08T20:38:24.225+0000] {processor.py:830} INFO - Processing file /opt/airflow/dags/dbt_pipeline_dag.py for tasks to queue
[2026-05-08T20:38:24.227+0000] {logging_mixin.py:188} INFO - [2026-05-08T20:38:24.227+0000] {dagbag.py:538} INFO - Filling up the DagBag from /opt/airflow/dags/dbt_pipeline_dag.py
[2026-05-08T20:38:24.286+0000] {processor.py:840} INFO - DAG(s) 'dbt_pipeline' retrieved from /opt/airflow/dags/dbt_pipeline_dag.py
[2026-05-08T20:38:24.354+0000] {logging_mixin.py:188} INFO - [2026-05-08T20:38:24.354+0000] {dag.py:3036} INFO - Sync 1 DAGs
[2026-05-08T20:38:24.411+0000] {logging_mixin.py:188} INFO - [2026-05-08T20:38:24.411+0000] {dag.py:3823} INFO - Setting next_dagrun for dbt_pipeline to 2026-05-08 00:00:00+00:00, run_after=2026-05-09 00:00:00+00:00
[2026-05-08T20:38:24.485+0000] {processor.py:183} INFO - Processing /opt/airflow/dags/dbt_pipeline_dag.py took 0.266 seconds
[2026-05-08T20:38:55.206+0000] {processor.py:161} INFO - Started process (PID=5296) to work on /opt/airflow/dags/dbt_pipeline_dag.py
[2026-05-08T20:38:55.208+0000] {processor.py:830} INFO - Processing file /opt/airflow/dags/dbt_pipeline_dag.py for tasks to queue
[2026-05-08T20:38:55.211+0000] {logging_mixin.py:188} INFO - [2026-05-08T20:38:55.210+0000] {dagbag.py:538} INFO - Filling up the DagBag from /opt/airflow/dags/dbt_pipeline_dag.py
[2026-05-08T20:38:55.250+0000] {processor.py:840} INFO - DAG(s) 'dbt_pipeline' retrieved from /opt/airflow/dags/dbt_pipeline_dag.py
[2026-05-08T20:38:55.311+0000] {logging_mixin.py:188} INFO - [2026-05-08T20:38:55.311+0000] {dag.py:3036} INFO - Sync 1 DAGs
[2026-05-08T20:38:55.357+0000] {logging_mixin.py:188} INFO - [2026-05-08T20:38:55.357+0000] {dag.py:3823} INFO - Setting next_dagrun for dbt_pipeline to 2026-05-08 00:00:00+00:00, run_after=2026-05-09 00:00:00+00:00
[2026-05-08T20:38:55.410+0000] {processor.py:183} INFO - Processing /opt/airflow/dags/dbt_pipeline_dag.py took 0.210 seconds
[2026-05-08T20:39:25.689+0000] {processor.py:161} INFO - Started process (PID=5307) to work on /opt/airflow/dags/dbt_pipeline_dag.py
[2026-05-08T20:39:25.690+0000] {processor.py:830} INFO - Processing file /opt/airflow/dags/dbt_pipeline_dag.py for tasks to queue
[2026-05-08T20:39:25.692+0000] {logging_mixin.py:188} INFO - [2026-05-08T20:39:25.692+0000] {dagbag.py:538} INFO - Filling up the DagBag from /opt/airflow/dags/dbt_pipeline_dag.py
[2026-05-08T20:39:25.729+0000] {processor.py:840} INFO - DAG(s) 'dbt_pipeline' retrieved from /opt/airflow/dags/dbt_pipeline_dag.py
[2026-05-08T20:39:25.782+0000] {logging_mixin.py:188} INFO - [2026-05-08T20:39:25.781+0000] {dag.py:3036} INFO - Sync 1 DAGs
[2026-05-08T20:39:25.829+0000] {logging_mixin.py:188} INFO - [2026-05-08T20:39:25.829+0000] {dag.py:3823} INFO - Setting next_dagrun for dbt_pipeline to 2026-05-08 00:00:00+00:00, run_after=2026-05-09 00:00:00+00:00
[2026-05-08T20:39:25.872+0000] {processor.py:183} INFO - Processing /opt/airflow/dags/dbt_pipeline_dag.py took 0.187 seconds
[2026-05-08T20:39:56.168+0000] {processor.py:161} INFO - Started process (PID=5318) to work on /opt/airflow/dags/dbt_pipeline_dag.py
[2026-05-08T20:39:56.171+0000] {processor.py:830} INFO - Processing file /opt/airflow/dags/dbt_pipeline_dag.py for tasks to queue
[2026-05-08T20:39:56.173+0000] {logging_mixin.py:188} INFO - [2026-05-08T20:39:56.172+0000] {dagbag.py:538} INFO - Filling up the DagBag from /opt/airflow/dags/dbt_pipeline_dag.py
[2026-05-08T20:39:56.219+0000] {processor.py:840} INFO - DAG(s) 'dbt_pipeline' retrieved from /opt/airflow/dags/dbt_pipeline_dag.py
[2026-05-08T20:39:56.278+0000] {logging_mixin.py:188} INFO - [2026-05-08T20:39:56.277+0000] {dag.py:3036} INFO - Sync 1 DAGs
[2026-05-08T20:39:56.325+0000] {logging_mixin.py:188} INFO - [2026-05-08T20:39:56.324+0000] {dag.py:3823} INFO - Setting next_dagrun for dbt_pipeline to 2026-05-08 00:00:00+00:00, run_after=2026-05-09 00:00:00+00:00
[2026-05-08T20:39:56.380+0000] {processor.py:183} INFO - Processing /opt/airflow/dags/dbt_pipeline_dag.py took 0.216 seconds
[2026-05-08T20:40:27.118+0000] {processor.py:161} INFO - Started process (PID=5329) to work on /opt/airflow/dags/dbt_pipeline_dag.py
[2026-05-08T20:40:27.120+0000] {processor.py:830} INFO - Processing file /opt/airflow/dags/dbt_pipeline_dag.py for tasks to queue
[2026-05-08T20:40:27.122+0000] {logging_mixin.py:188} INFO - [2026-05-08T20:40:27.122+0000] {dagbag.py:538} INFO - Filling up the DagBag from /opt/airflow/dags/dbt_pipeline_dag.py
[2026-05-08T20:40:27.165+0000] {processor.py:840} INFO - DAG(s) 'dbt_pipeline' retrieved from /opt/airflow/dags/dbt_pipeline_dag.py
[2026-05-08T20:40:27.221+0000] {logging_mixin.py:188} INFO - [2026-05-08T20:40:27.220+0000] {dag.py:3036} INFO - Sync 1 DAGs
[2026-05-08T20:40:27.269+0000] {logging_mixin.py:188} INFO - [2026-05-08T20:40:27.269+0000] {dag.py:3823} INFO - Setting next_dagrun for dbt_pipeline to 2026-05-08 00:00:00+00:00, run_after=2026-05-09 00:00:00+00:00
[2026-05-08T20:40:27.315+0000] {processor.py:183} INFO - Processing /opt/airflow/dags/dbt_pipeline_dag.py took 0.202 seconds
[2026-05-08T20:40:57.766+0000] {processor.py:161} INFO - Started process (PID=5340) to work on /opt/airflow/dags/dbt_pipeline_dag.py
[2026-05-08T20:40:57.768+0000] {processor.py:830} INFO - Processing file /opt/airflow/dags/dbt_pipeline_dag.py for tasks to queue
[2026-05-08T20:40:57.769+0000] {logging_mixin.py:188} INFO - [2026-05-08T20:40:57.769+0000] {dagbag.py:538} INFO - Filling up the DagBag from /opt/airflow/dags/dbt_pipeline_dag.py
[2026-05-08T20:40:57.810+0000] {processor.py:840} INFO - DAG(s) 'dbt_pipeline' retrieved from /opt/airflow/dags/dbt_pipeline_dag.py
[2026-05-08T20:40:57.866+0000] {logging_mixin.py:188} INFO - [2026-05-08T20:40:57.866+0000] {dag.py:3036} INFO - Sync 1 DAGs
[2026-05-08T20:40:57.907+0000] {logging_mixin.py:188} INFO - [2026-05-08T20:40:57.906+0000] {dag.py:3823} INFO - Setting next_dagrun for dbt_pipeline to 2026-05-08 00:00:00+00:00, run_after=2026-05-09 00:00:00+00:00
[2026-05-08T20:40:57.946+0000] {processor.py:183} INFO - Processing /opt/airflow/dags/dbt_pipeline_dag.py took 0.185 seconds
[2026-05-08T20:41:28.918+0000] {processor.py:161} INFO - Started process (PID=5351) to work on /opt/airflow/dags/dbt_pipeline_dag.py
[2026-05-08T20:41:28.920+0000] {processor.py:830} INFO - Processing file /opt/airflow/dags/dbt_pipeline_dag.py for tasks to queue
[2026-05-08T20:41:28.922+0000] {logging_mixin.py:188} INFO - [2026-05-08T20:41:28.921+0000] {dagbag.py:538} INFO - Filling up the DagBag from /opt/airflow/dags/dbt_pipeline_dag.py
[2026-05-08T20:41:28.966+0000] {processor.py:840} INFO - DAG(s) 'dbt_pipeline' retrieved from /opt/airflow/dags/dbt_pipeline_dag.py
[2026-05-08T20:41:29.023+0000] {logging_mixin.py:188} INFO - [2026-05-08T20:41:29.023+0000] {dag.py:3036} INFO - Sync 1 DAGs
[2026-05-08T20:41:29.066+0000] {logging_mixin.py:188} INFO - [2026-05-08T20:41:29.065+0000] {dag.py:3823} INFO - Setting next_dagrun for dbt_pipeline to 2026-05-08 00:00:00+00:00, run_after=2026-05-09 00:00:00+00:00
[2026-05-08T20:41:29.111+0000] {processor.py:183} INFO - Processing /opt/airflow/dags/dbt_pipeline_dag.py took 0.197 seconds
[2026-05-08T20:42:00.180+0000] {processor.py:161} INFO - Started process (PID=5362) to work on /opt/airflow/dags/dbt_pipeline_dag.py
[2026-05-08T20:42:00.182+0000] {processor.py:830} INFO - Processing file /opt/airflow/dags/dbt_pipeline_dag.py for tasks to queue
[2026-05-08T20:42:00.184+0000] {logging_mixin.py:188} INFO - [2026-05-08T20:42:00.184+0000] {dagbag.py:538} INFO - Filling up the DagBag from /opt/airflow/dags/dbt_pipeline_dag.py
[2026-05-08T20:42:00.216+0000] {processor.py:840} INFO - DAG(s) 'dbt_pipeline' retrieved from /opt/airflow/dags/dbt_pipeline_dag.py
[2026-05-08T20:42:00.278+0000] {logging_mixin.py:188} INFO - [2026-05-08T20:42:00.277+0000] {dag.py:3036} INFO - Sync 1 DAGs
[2026-05-08T20:42:00.324+0000] {logging_mixin.py:188} INFO - [2026-05-08T20:42:00.323+0000] {dag.py:3823} INFO - Setting next_dagrun for dbt_pipeline to 2026-05-08 00:00:00+00:00, run_after=2026-05-09 00:00:00+00:00
[2026-05-08T20:42:00.369+0000] {processor.py:183} INFO - Processing /opt/airflow/dags/dbt_pipeline_dag.py took 0.195 seconds
[2026-05-08T20:42:31.430+0000] {processor.py:161} INFO - Started process (PID=5373) to work on /opt/airflow/dags/dbt_pipeline_dag.py
[2026-05-08T20:42:31.431+0000] {processor.py:830} INFO - Processing file /opt/airflow/dags/dbt_pipeline_dag.py for tasks to queue
[2026-05-08T20:42:31.434+0000] {logging_mixin.py:188} INFO - [2026-05-08T20:42:31.433+0000] {dagbag.py:538} INFO - Filling up the DagBag from /opt/airflow/dags/dbt_pipeline_dag.py
[2026-05-08T20:42:31.476+0000] {processor.py:840} INFO - DAG(s) 'dbt_pipeline' retrieved from /opt/airflow/dags/dbt_pipeline_dag.py
[2026-05-08T20:42:31.526+0000] {logging_mixin.py:188} INFO - [2026-05-08T20:42:31.525+0000] {dag.py:3036} INFO - Sync 1 DAGs
[2026-05-08T20:42:31.567+0000] {logging_mixin.py:188} INFO - [2026-05-08T20:42:31.567+0000] {dag.py:3823} INFO - Setting next_dagrun for dbt_pipeline to 2026-05-08 00:00:00+00:00, run_after=2026-05-09 00:00:00+00:00
[2026-05-08T20:42:31.619+0000] {processor.py:183} INFO - Processing /opt/airflow/dags/dbt_pipeline_dag.py took 0.193 seconds
[2026-05-08T20:43:01.790+0000] {processor.py:161} INFO - Started process (PID=5384) to work on /opt/airflow/dags/dbt_pipeline_dag.py
[2026-05-08T20:43:01.853+0000] {processor.py:830} INFO - Processing file /opt/airflow/dags/dbt_pipeline_dag.py for tasks to queue
[2026-05-08T20:43:01.855+0000] {logging_mixin.py:188} INFO - [2026-05-08T20:43:01.855+0000] {dagbag.py:538} INFO - Filling up the DagBag from /opt/airflow/dags/dbt_pipeline_dag.py
[2026-05-08T20:43:01.894+0000] {processor.py:840} INFO - DAG(s) 'dbt_pipeline' retrieved from /opt/airflow/dags/dbt_pipeline_dag.py
[2026-05-08T20:43:01.947+0000] {logging_mixin.py:188} INFO - [2026-05-08T20:43:01.947+0000] {dag.py:3036} INFO - Sync 1 DAGs
[2026-05-08T20:43:02.005+0000] {logging_mixin.py:188} INFO - [2026-05-08T20:43:02.005+0000] {dag.py:3823} INFO - Setting next_dagrun for dbt_pipeline to 2026-05-08 00:00:00+00:00, run_after=2026-05-09 00:00:00+00:00
[2026-05-08T20:43:02.065+0000] {processor.py:183} INFO - Processing /opt/airflow/dags/dbt_pipeline_dag.py took 0.280 seconds
[2026-05-08T20:43:32.358+0000] {processor.py:161} INFO - Started process (PID=5395) to work on /opt/airflow/dags/dbt_pipeline_dag.py
[2026-05-08T20:43:32.361+0000] {processor.py:830} INFO - Processing file /opt/airflow/dags/dbt_pipeline_dag.py for tasks to queue
[2026-05-08T20:43:32.364+0000] {logging_mixin.py:188} INFO - [2026-05-08T20:43:32.363+0000] {dagbag.py:538} INFO - Filling up the DagBag from /opt/airflow/dags/dbt_pipeline_dag.py
[2026-05-08T20:43:38.498+0000] {processor.py:840} INFO - DAG(s) 'dbt_pipeline' retrieved from /opt/airflow/dags/dbt_pipeline_dag.py
[2026-05-08T20:43:32.022+0000] {logging_mixin.py:188} INFO - [2026-05-08T20:43:32.021+0000] {dag.py:3036} INFO - Sync 1 DAGs
[2026-05-08T20:43:32.086+0000] {logging_mixin.py:188} INFO - [2026-05-08T20:43:32.085+0000] {dag.py:3823} INFO - Setting next_dagrun for dbt_pipeline to 2026-05-08 00:00:00+00:00, run_after=2026-05-09 00:00:00+00:00
[2026-05-08T20:43:32.198+0000] {processor.py:183} INFO - Processing /opt/airflow/dags/dbt_pipeline_dag.py took 0.352 seconds
[2026-05-08T23:44:32.553+0000] {processor.py:161} INFO - Started process (PID=5406) to work on /opt/airflow/dags/dbt_pipeline_dag.py
[2026-05-08T23:44:32.653+0000] {processor.py:830} INFO - Processing file /opt/airflow/dags/dbt_pipeline_dag.py for tasks to queue
[2026-05-08T23:44:32.672+0000] {logging_mixin.py:188} INFO - [2026-05-08T23:44:32.671+0000] {dagbag.py:538} INFO - Filling up the DagBag from /opt/airflow/dags/dbt_pipeline_dag.py
[2026-05-08T23:44:32.823+0000] {processor.py:840} INFO - DAG(s) 'dbt_pipeline' retrieved from /opt/airflow/dags/dbt_pipeline_dag.py
[2026-05-08T23:44:32.966+0000] {logging_mixin.py:188} INFO - [2026-05-08T23:44:32.965+0000] {dag.py:3036} INFO - Sync 1 DAGs
[2026-05-08T23:44:33.044+0000] {logging_mixin.py:188} INFO - [2026-05-08T23:44:33.043+0000] {dag.py:3823} INFO - Setting next_dagrun for dbt_pipeline to 2026-05-08 00:00:00+00:00, run_after=2026-05-09 00:00:00+00:00
[2026-05-08T23:44:35.007+0000] {processor.py:183} INFO - Processing /opt/airflow/dags/dbt_pipeline_dag.py took 2.468 seconds
