[2026-05-08T20:04:01.803+0000] {processor.py:161} INFO - Started process (PID=4463) to work on /opt/airflow/dags/sales_pipeline_dag.py
[2026-05-08T20:04:01.806+0000] {processor.py:830} INFO - Processing file /opt/airflow/dags/sales_pipeline_dag.py for tasks to queue
[2026-05-08T20:04:01.809+0000] {logging_mixin.py:188} INFO - [2026-05-08T20:04:01.808+0000] {dagbag.py:538} INFO - Filling up the DagBag from /opt/airflow/dags/sales_pipeline_dag.py
[2026-05-08T20:04:03.613+0000] {processor.py:840} INFO - DAG(s) 'sales_pipeline' retrieved from /opt/airflow/dags/sales_pipeline_dag.py
[2026-05-08T20:04:04.074+0000] {logging_mixin.py:188} INFO - [2026-05-08T20:04:04.074+0000] {dag.py:3036} INFO - Sync 1 DAGs
[2026-05-08T20:04:04.179+0000] {logging_mixin.py:188} INFO - [2026-05-08T20:04:04.179+0000] {dag.py:3823} INFO - Setting next_dagrun for sales_pipeline to 2026-05-08 00:00:00+00:00, run_after=2026-05-09 00:00:00+00:00
[2026-05-08T20:04:04.727+0000] {processor.py:183} INFO - Processing /opt/airflow/dags/sales_pipeline_dag.py took 2.911 seconds
[2026-05-08T20:04:34.846+0000] {processor.py:161} INFO - Started process (PID=4495) to work on /opt/airflow/dags/sales_pipeline_dag.py
[2026-05-08T20:04:34.971+0000] {processor.py:830} INFO - Processing file /opt/airflow/dags/sales_pipeline_dag.py for tasks to queue
[2026-05-08T20:04:34.974+0000] {logging_mixin.py:188} INFO - [2026-05-08T20:04:34.973+0000] {dagbag.py:538} INFO - Filling up the DagBag from /opt/airflow/dags/sales_pipeline_dag.py
[2026-05-08T20:04:36.364+0000] {processor.py:840} INFO - DAG(s) 'sales_pipeline' retrieved from /opt/airflow/dags/sales_pipeline_dag.py
[2026-05-08T20:04:36.428+0000] {logging_mixin.py:188} INFO - [2026-05-08T20:04:36.427+0000] {dag.py:3036} INFO - Sync 1 DAGs
[2026-05-08T20:04:36.491+0000] {logging_mixin.py:188} INFO - [2026-05-08T20:04:36.491+0000] {dag.py:3823} INFO - Setting next_dagrun for sales_pipeline to 2026-05-08 00:00:00+00:00, run_after=2026-05-09 00:00:00+00:00
[2026-05-08T20:04:37.061+0000] {processor.py:183} INFO - Processing /opt/airflow/dags/sales_pipeline_dag.py took 2.221 seconds
[2026-05-08T20:05:07.644+0000] {processor.py:161} INFO - Started process (PID=4506) to work on /opt/airflow/dags/sales_pipeline_dag.py
[2026-05-08T20:05:07.672+0000] {processor.py:830} INFO - Processing file /opt/airflow/dags/sales_pipeline_dag.py for tasks to queue
[2026-05-08T20:05:07.676+0000] {logging_mixin.py:188} INFO - [2026-05-08T20:05:07.675+0000] {dagbag.py:538} INFO - Filling up the DagBag from /opt/airflow/dags/sales_pipeline_dag.py
[2026-05-08T20:05:09.163+0000] {processor.py:840} INFO - DAG(s) 'sales_pipeline' retrieved from /opt/airflow/dags/sales_pipeline_dag.py
[2026-05-08T20:05:09.212+0000] {logging_mixin.py:188} INFO - [2026-05-08T20:05:09.211+0000] {dag.py:3036} INFO - Sync 1 DAGs
[2026-05-08T20:05:09.264+0000] {logging_mixin.py:188} INFO - [2026-05-08T20:05:09.263+0000] {dag.py:3823} INFO - Setting next_dagrun for sales_pipeline to 2026-05-08 00:00:00+00:00, run_after=2026-05-09 00:00:00+00:00
[2026-05-08T20:05:09.675+0000] {processor.py:183} INFO - Processing /opt/airflow/dags/sales_pipeline_dag.py took 2.094 seconds
[2026-05-08T20:05:40.417+0000] {processor.py:161} INFO - Started process (PID=4515) to work on /opt/airflow/dags/sales_pipeline_dag.py
[2026-05-08T20:05:40.720+0000] {processor.py:830} INFO - Processing file /opt/airflow/dags/sales_pipeline_dag.py for tasks to queue
[2026-05-08T20:05:40.724+0000] {logging_mixin.py:188} INFO - [2026-05-08T20:05:40.723+0000] {dagbag.py:538} INFO - Filling up the DagBag from /opt/airflow/dags/sales_pipeline_dag.py
[2026-05-08T20:05:41.851+0000] {processor.py:840} INFO - DAG(s) 'sales_pipeline' retrieved from /opt/airflow/dags/sales_pipeline_dag.py
[2026-05-08T20:05:41.902+0000] {logging_mixin.py:188} INFO - [2026-05-08T20:05:41.901+0000] {dag.py:3036} INFO - Sync 1 DAGs
[2026-05-08T20:05:41.939+0000] {logging_mixin.py:188} INFO - [2026-05-08T20:05:41.939+0000] {dag.py:3823} INFO - Setting next_dagrun for sales_pipeline to 2026-05-08 00:00:00+00:00, run_after=2026-05-09 00:00:00+00:00
[2026-05-08T20:05:43.620+0000] {processor.py:183} INFO - Processing /opt/airflow/dags/sales_pipeline_dag.py took 3.621 seconds
[2026-05-08T20:06:13.889+0000] {processor.py:161} INFO - Started process (PID=4537) to work on /opt/airflow/dags/sales_pipeline_dag.py
[2026-05-08T20:06:13.891+0000] {processor.py:830} INFO - Processing file /opt/airflow/dags/sales_pipeline_dag.py for tasks to queue
[2026-05-08T20:06:13.895+0000] {logging_mixin.py:188} INFO - [2026-05-08T20:06:13.894+0000] {dagbag.py:538} INFO - Filling up the DagBag from /opt/airflow/dags/sales_pipeline_dag.py
[2026-05-08T20:06:15.336+0000] {processor.py:840} INFO - DAG(s) 'sales_pipeline' retrieved from /opt/airflow/dags/sales_pipeline_dag.py
[2026-05-08T20:06:15.390+0000] {logging_mixin.py:188} INFO - [2026-05-08T20:06:15.389+0000] {dag.py:3036} INFO - Sync 1 DAGs
[2026-05-08T20:06:15.433+0000] {logging_mixin.py:188} INFO - [2026-05-08T20:06:15.433+0000] {dag.py:3823} INFO - Setting next_dagrun for sales_pipeline to 2026-05-08 00:00:00+00:00, run_after=2026-05-09 00:00:00+00:00
[2026-05-08T20:06:16.537+0000] {processor.py:183} INFO - Processing /opt/airflow/dags/sales_pipeline_dag.py took 2.653 seconds
[2026-05-08T20:06:46.596+0000] {processor.py:161} INFO - Started process (PID=4548) to work on /opt/airflow/dags/sales_pipeline_dag.py
[2026-05-08T20:06:46.598+0000] {processor.py:830} INFO - Processing file /opt/airflow/dags/sales_pipeline_dag.py for tasks to queue
[2026-05-08T20:06:46.601+0000] {logging_mixin.py:188} INFO - [2026-05-08T20:06:46.600+0000] {dagbag.py:538} INFO - Filling up the DagBag from /opt/airflow/dags/sales_pipeline_dag.py
[2026-05-08T20:06:47.845+0000] {processor.py:840} INFO - DAG(s) 'sales_pipeline' retrieved from /opt/airflow/dags/sales_pipeline_dag.py
[2026-05-08T20:06:47.894+0000] {logging_mixin.py:188} INFO - [2026-05-08T20:06:47.893+0000] {dag.py:3036} INFO - Sync 1 DAGs
[2026-05-08T20:06:47.936+0000] {logging_mixin.py:188} INFO - [2026-05-08T20:06:47.936+0000] {dag.py:3823} INFO - Setting next_dagrun for sales_pipeline to 2026-05-08 00:00:00+00:00, run_after=2026-05-09 00:00:00+00:00
[2026-05-08T20:06:48.093+0000] {processor.py:183} INFO - Processing /opt/airflow/dags/sales_pipeline_dag.py took 1.503 seconds
[2026-05-08T20:07:14.341+0000] {processor.py:161} INFO - Started process (PID=4570) to work on /opt/airflow/dags/sales_pipeline_dag.py
[2026-05-08T20:07:14.343+0000] {processor.py:830} INFO - Processing file /opt/airflow/dags/sales_pipeline_dag.py for tasks to queue
[2026-05-08T20:07:14.345+0000] {logging_mixin.py:188} INFO - [2026-05-08T20:07:14.344+0000] {dagbag.py:538} INFO - Filling up the DagBag from /opt/airflow/dags/sales_pipeline_dag.py
[2026-05-08T20:07:16.295+0000] {processor.py:840} INFO - DAG(s) 'sales_pipeline' retrieved from /opt/airflow/dags/sales_pipeline_dag.py
[2026-05-08T20:07:16.355+0000] {logging_mixin.py:188} INFO - [2026-05-08T20:07:16.354+0000] {dag.py:3036} INFO - Sync 1 DAGs
[2026-05-08T20:07:16.439+0000] {logging_mixin.py:188} INFO - [2026-05-08T20:07:16.437+0000] {dag.py:3823} INFO - Setting next_dagrun for sales_pipeline to 2026-05-08 00:00:00+00:00, run_after=2026-05-09 00:00:00+00:00
[2026-05-08T20:07:16.556+0000] {processor.py:183} INFO - Processing /opt/airflow/dags/sales_pipeline_dag.py took 2.221 seconds
[2026-05-08T20:07:46.997+0000] {processor.py:161} INFO - Started process (PID=4610) to work on /opt/airflow/dags/sales_pipeline_dag.py
[2026-05-08T20:07:46.999+0000] {processor.py:830} INFO - Processing file /opt/airflow/dags/sales_pipeline_dag.py for tasks to queue
[2026-05-08T20:07:47.001+0000] {logging_mixin.py:188} INFO - [2026-05-08T20:07:47.000+0000] {dagbag.py:538} INFO - Filling up the DagBag from /opt/airflow/dags/sales_pipeline_dag.py
[2026-05-08T20:07:48.363+0000] {processor.py:840} INFO - DAG(s) 'sales_pipeline' retrieved from /opt/airflow/dags/sales_pipeline_dag.py
[2026-05-08T20:07:48.411+0000] {logging_mixin.py:188} INFO - [2026-05-08T20:07:48.410+0000] {dag.py:3036} INFO - Sync 1 DAGs
[2026-05-08T20:07:48.460+0000] {logging_mixin.py:188} INFO - [2026-05-08T20:07:48.460+0000] {dag.py:3823} INFO - Setting next_dagrun for sales_pipeline to 2026-05-08 00:00:00+00:00, run_after=2026-05-09 00:00:00+00:00
[2026-05-08T20:07:48.635+0000] {processor.py:183} INFO - Processing /opt/airflow/dags/sales_pipeline_dag.py took 1.643 seconds
[2026-05-08T20:08:19.070+0000] {processor.py:161} INFO - Started process (PID=4652) to work on /opt/airflow/dags/sales_pipeline_dag.py
[2026-05-08T20:08:19.593+0000] {processor.py:830} INFO - Processing file /opt/airflow/dags/sales_pipeline_dag.py for tasks to queue
[2026-05-08T20:08:19.599+0000] {logging_mixin.py:188} INFO - [2026-05-08T20:08:19.598+0000] {dagbag.py:538} INFO - Filling up the DagBag from /opt/airflow/dags/sales_pipeline_dag.py
[2026-05-08T20:08:21.151+0000] {processor.py:840} INFO - DAG(s) 'sales_pipeline' retrieved from /opt/airflow/dags/sales_pipeline_dag.py
[2026-05-08T20:08:21.208+0000] {logging_mixin.py:188} INFO - [2026-05-08T20:08:21.207+0000] {dag.py:3036} INFO - Sync 1 DAGs
[2026-05-08T20:08:21.256+0000] {logging_mixin.py:188} INFO - [2026-05-08T20:08:21.255+0000] {dag.py:3823} INFO - Setting next_dagrun for sales_pipeline to 2026-05-08 00:00:00+00:00, run_after=2026-05-09 00:00:00+00:00
[2026-05-08T20:08:21.485+0000] {processor.py:183} INFO - Processing /opt/airflow/dags/sales_pipeline_dag.py took 2.421 seconds
[2026-05-08T20:08:51.899+0000] {processor.py:161} INFO - Started process (PID=4664) to work on /opt/airflow/dags/sales_pipeline_dag.py
[2026-05-08T20:08:52.079+0000] {processor.py:830} INFO - Processing file /opt/airflow/dags/sales_pipeline_dag.py for tasks to queue
[2026-05-08T20:08:52.081+0000] {logging_mixin.py:188} INFO - [2026-05-08T20:08:52.080+0000] {dagbag.py:538} INFO - Filling up the DagBag from /opt/airflow/dags/sales_pipeline_dag.py
[2026-05-08T20:08:53.206+0000] {processor.py:840} INFO - DAG(s) 'sales_pipeline' retrieved from /opt/airflow/dags/sales_pipeline_dag.py
[2026-05-08T20:08:53.242+0000] {logging_mixin.py:188} INFO - [2026-05-08T20:08:53.241+0000] {dag.py:3036} INFO - Sync 1 DAGs
[2026-05-08T20:08:53.285+0000] {logging_mixin.py:188} INFO - [2026-05-08T20:08:53.285+0000] {dag.py:3823} INFO - Setting next_dagrun for sales_pipeline to 2026-05-08 00:00:00+00:00, run_after=2026-05-09 00:00:00+00:00
[2026-05-08T20:08:53.631+0000] {processor.py:183} INFO - Processing /opt/airflow/dags/sales_pipeline_dag.py took 1.738 seconds
[2026-05-08T20:09:24.034+0000] {processor.py:161} INFO - Started process (PID=4675) to work on /opt/airflow/dags/sales_pipeline_dag.py
[2026-05-08T20:09:24.036+0000] {processor.py:830} INFO - Processing file /opt/airflow/dags/sales_pipeline_dag.py for tasks to queue
[2026-05-08T20:09:24.039+0000] {logging_mixin.py:188} INFO - [2026-05-08T20:09:24.038+0000] {dagbag.py:538} INFO - Filling up the DagBag from /opt/airflow/dags/sales_pipeline_dag.py
[2026-05-08T20:09:25.437+0000] {processor.py:840} INFO - DAG(s) 'sales_pipeline' retrieved from /opt/airflow/dags/sales_pipeline_dag.py
[2026-05-08T20:09:25.488+0000] {logging_mixin.py:188} INFO - [2026-05-08T20:09:25.487+0000] {dag.py:3036} INFO - Sync 1 DAGs
[2026-05-08T20:09:25.526+0000] {logging_mixin.py:188} INFO - [2026-05-08T20:09:25.525+0000] {dag.py:3823} INFO - Setting next_dagrun for sales_pipeline to 2026-05-08 00:00:00+00:00, run_after=2026-05-09 00:00:00+00:00
[2026-05-08T20:09:25.794+0000] {processor.py:183} INFO - Processing /opt/airflow/dags/sales_pipeline_dag.py took 1.766 seconds
[2026-05-08T20:09:56.568+0000] {processor.py:161} INFO - Started process (PID=4686) to work on /opt/airflow/dags/sales_pipeline_dag.py
[2026-05-08T20:09:56.569+0000] {processor.py:830} INFO - Processing file /opt/airflow/dags/sales_pipeline_dag.py for tasks to queue
[2026-05-08T20:09:56.572+0000] {logging_mixin.py:188} INFO - [2026-05-08T20:09:56.571+0000] {dagbag.py:538} INFO - Filling up the DagBag from /opt/airflow/dags/sales_pipeline_dag.py
[2026-05-08T20:09:57.965+0000] {processor.py:840} INFO - DAG(s) 'sales_pipeline' retrieved from /opt/airflow/dags/sales_pipeline_dag.py
[2026-05-08T20:09:58.012+0000] {logging_mixin.py:188} INFO - [2026-05-08T20:09:58.011+0000] {dag.py:3036} INFO - Sync 1 DAGs
[2026-05-08T20:09:58.054+0000] {logging_mixin.py:188} INFO - [2026-05-08T20:09:58.053+0000] {dag.py:3823} INFO - Setting next_dagrun for sales_pipeline to 2026-05-08 00:00:00+00:00, run_after=2026-05-09 00:00:00+00:00
[2026-05-08T20:09:58.411+0000] {processor.py:183} INFO - Processing /opt/airflow/dags/sales_pipeline_dag.py took 1.848 seconds
[2026-05-08T20:10:28.620+0000] {processor.py:161} INFO - Started process (PID=4697) to work on /opt/airflow/dags/sales_pipeline_dag.py
[2026-05-08T20:10:28.623+0000] {processor.py:830} INFO - Processing file /opt/airflow/dags/sales_pipeline_dag.py for tasks to queue
[2026-05-08T20:10:28.625+0000] {logging_mixin.py:188} INFO - [2026-05-08T20:10:28.625+0000] {dagbag.py:538} INFO - Filling up the DagBag from /opt/airflow/dags/sales_pipeline_dag.py
[2026-05-08T20:10:29.443+0000] {processor.py:840} INFO - DAG(s) 'sales_pipeline' retrieved from /opt/airflow/dags/sales_pipeline_dag.py
[2026-05-08T20:10:29.497+0000] {logging_mixin.py:188} INFO - [2026-05-08T20:10:29.496+0000] {dag.py:3036} INFO - Sync 1 DAGs
[2026-05-08T20:10:29.552+0000] {logging_mixin.py:188} INFO - [2026-05-08T20:10:29.551+0000] {dag.py:3823} INFO - Setting next_dagrun for sales_pipeline to 2026-05-08 00:00:00+00:00, run_after=2026-05-09 00:00:00+00:00
[2026-05-08T20:10:29.599+0000] {processor.py:183} INFO - Processing /opt/airflow/dags/sales_pipeline_dag.py took 1.299 seconds
[2026-05-08T20:10:59.949+0000] {processor.py:161} INFO - Started process (PID=4708) to work on /opt/airflow/dags/sales_pipeline_dag.py
[2026-05-08T20:10:59.951+0000] {processor.py:830} INFO - Processing file /opt/airflow/dags/sales_pipeline_dag.py for tasks to queue
[2026-05-08T20:10:59.953+0000] {logging_mixin.py:188} INFO - [2026-05-08T20:10:59.952+0000] {dagbag.py:538} INFO - Filling up the DagBag from /opt/airflow/dags/sales_pipeline_dag.py
[2026-05-08T20:11:01.170+0000] {processor.py:840} INFO - DAG(s) 'sales_pipeline' retrieved from /opt/airflow/dags/sales_pipeline_dag.py
[2026-05-08T20:11:01.211+0000] {logging_mixin.py:188} INFO - [2026-05-08T20:11:01.210+0000] {dag.py:3036} INFO - Sync 1 DAGs
[2026-05-08T20:11:01.247+0000] {logging_mixin.py:188} INFO - [2026-05-08T20:11:01.247+0000] {dag.py:3823} INFO - Setting next_dagrun for sales_pipeline to 2026-05-08 00:00:00+00:00, run_after=2026-05-09 00:00:00+00:00
[2026-05-08T20:11:01.298+0000] {processor.py:183} INFO - Processing /opt/airflow/dags/sales_pipeline_dag.py took 1.353 seconds
[2026-05-08T20:11:32.359+0000] {processor.py:161} INFO - Started process (PID=4719) to work on /opt/airflow/dags/sales_pipeline_dag.py
[2026-05-08T20:11:32.361+0000] {processor.py:830} INFO - Processing file /opt/airflow/dags/sales_pipeline_dag.py for tasks to queue
[2026-05-08T20:11:32.364+0000] {logging_mixin.py:188} INFO - [2026-05-08T20:11:32.363+0000] {dagbag.py:538} INFO - Filling up the DagBag from /opt/airflow/dags/sales_pipeline_dag.py
[2026-05-08T20:11:33.902+0000] {processor.py:840} INFO - DAG(s) 'sales_pipeline' retrieved from /opt/airflow/dags/sales_pipeline_dag.py
[2026-05-08T20:11:33.954+0000] {logging_mixin.py:188} INFO - [2026-05-08T20:11:33.954+0000] {dag.py:3036} INFO - Sync 1 DAGs
[2026-05-08T20:11:34.003+0000] {logging_mixin.py:188} INFO - [2026-05-08T20:11:34.003+0000] {dag.py:3823} INFO - Setting next_dagrun for sales_pipeline to 2026-05-08 00:00:00+00:00, run_after=2026-05-09 00:00:00+00:00
[2026-05-08T20:11:34.052+0000] {processor.py:183} INFO - Processing /opt/airflow/dags/sales_pipeline_dag.py took 1.700 seconds
[2026-05-08T20:12:04.208+0000] {processor.py:161} INFO - Started process (PID=4730) to work on /opt/airflow/dags/sales_pipeline_dag.py
[2026-05-08T20:12:04.210+0000] {processor.py:830} INFO - Processing file /opt/airflow/dags/sales_pipeline_dag.py for tasks to queue
[2026-05-08T20:12:04.212+0000] {logging_mixin.py:188} INFO - [2026-05-08T20:12:04.211+0000] {dagbag.py:538} INFO - Filling up the DagBag from /opt/airflow/dags/sales_pipeline_dag.py
[2026-05-08T20:12:05.531+0000] {processor.py:840} INFO - DAG(s) 'sales_pipeline' retrieved from /opt/airflow/dags/sales_pipeline_dag.py
[2026-05-08T20:12:05.575+0000] {logging_mixin.py:188} INFO - [2026-05-08T20:12:05.574+0000] {dag.py:3036} INFO - Sync 1 DAGs
[2026-05-08T20:12:05.618+0000] {logging_mixin.py:188} INFO - [2026-05-08T20:12:05.617+0000] {dag.py:3823} INFO - Setting next_dagrun for sales_pipeline to 2026-05-08 00:00:00+00:00, run_after=2026-05-09 00:00:00+00:00
[2026-05-08T20:12:05.664+0000] {processor.py:183} INFO - Processing /opt/airflow/dags/sales_pipeline_dag.py took 1.462 seconds
[2026-05-08T20:12:35.869+0000] {processor.py:161} INFO - Started process (PID=4741) to work on /opt/airflow/dags/sales_pipeline_dag.py
[2026-05-08T20:12:35.871+0000] {processor.py:830} INFO - Processing file /opt/airflow/dags/sales_pipeline_dag.py for tasks to queue
[2026-05-08T20:12:35.884+0000] {logging_mixin.py:188} INFO - [2026-05-08T20:12:35.884+0000] {dagbag.py:538} INFO - Filling up the DagBag from /opt/airflow/dags/sales_pipeline_dag.py
[2026-05-08T20:12:39.038+0000] {processor.py:840} INFO - DAG(s) 'sales_pipeline' retrieved from /opt/airflow/dags/sales_pipeline_dag.py
[2026-05-08T20:12:39.167+0000] {logging_mixin.py:188} INFO - [2026-05-08T20:12:39.166+0000] {dag.py:3036} INFO - Sync 1 DAGs
[2026-05-08T20:12:39.307+0000] {logging_mixin.py:188} INFO - [2026-05-08T20:12:39.307+0000] {dag.py:3823} INFO - Setting next_dagrun for sales_pipeline to 2026-05-08 00:00:00+00:00, run_after=2026-05-09 00:00:00+00:00
[2026-05-08T20:12:39.452+0000] {processor.py:183} INFO - Processing /opt/airflow/dags/sales_pipeline_dag.py took 4.091 seconds
[2026-05-08T20:13:03.999+0000] {processor.py:161} INFO - Started process (PID=4752) to work on /opt/airflow/dags/sales_pipeline_dag.py
[2026-05-08T20:13:04.002+0000] {processor.py:830} INFO - Processing file /opt/airflow/dags/sales_pipeline_dag.py for tasks to queue
[2026-05-08T20:13:04.005+0000] {logging_mixin.py:188} INFO - [2026-05-08T20:13:04.004+0000] {dagbag.py:538} INFO - Filling up the DagBag from /opt/airflow/dags/sales_pipeline_dag.py
[2026-05-08T20:13:05.936+0000] {processor.py:840} INFO - DAG(s) 'sales_pipeline' retrieved from /opt/airflow/dags/sales_pipeline_dag.py
[2026-05-08T20:13:06.008+0000] {logging_mixin.py:188} INFO - [2026-05-08T20:13:06.007+0000] {dag.py:3036} INFO - Sync 1 DAGs
[2026-05-08T20:13:06.073+0000] {logging_mixin.py:188} INFO - [2026-05-08T20:13:06.072+0000] {dag.py:3823} INFO - Setting next_dagrun for sales_pipeline to 2026-05-08 00:00:00+00:00, run_after=2026-05-09 00:00:00+00:00
[2026-05-08T20:13:06.125+0000] {processor.py:183} INFO - Processing /opt/airflow/dags/sales_pipeline_dag.py took 2.133 seconds
[2026-05-08T20:13:36.390+0000] {processor.py:161} INFO - Started process (PID=4763) to work on /opt/airflow/dags/sales_pipeline_dag.py
[2026-05-08T20:13:36.393+0000] {processor.py:830} INFO - Processing file /opt/airflow/dags/sales_pipeline_dag.py for tasks to queue
[2026-05-08T20:13:36.396+0000] {logging_mixin.py:188} INFO - [2026-05-08T20:13:36.395+0000] {dagbag.py:538} INFO - Filling up the DagBag from /opt/airflow/dags/sales_pipeline_dag.py
[2026-05-08T20:13:37.255+0000] {processor.py:840} INFO - DAG(s) 'sales_pipeline' retrieved from /opt/airflow/dags/sales_pipeline_dag.py
[2026-05-08T20:13:37.304+0000] {logging_mixin.py:188} INFO - [2026-05-08T20:13:37.304+0000] {dag.py:3036} INFO - Sync 1 DAGs
[2026-05-08T20:13:37.345+0000] {logging_mixin.py:188} INFO - [2026-05-08T20:13:37.345+0000] {dag.py:3823} INFO - Setting next_dagrun for sales_pipeline to 2026-05-08 00:00:00+00:00, run_after=2026-05-09 00:00:00+00:00
[2026-05-08T20:13:37.379+0000] {processor.py:183} INFO - Processing /opt/airflow/dags/sales_pipeline_dag.py took 1.280 seconds
[2026-05-08T20:14:07.748+0000] {processor.py:161} INFO - Started process (PID=4774) to work on /opt/airflow/dags/sales_pipeline_dag.py
[2026-05-08T20:14:07.750+0000] {processor.py:830} INFO - Processing file /opt/airflow/dags/sales_pipeline_dag.py for tasks to queue
[2026-05-08T20:14:07.753+0000] {logging_mixin.py:188} INFO - [2026-05-08T20:14:07.752+0000] {dagbag.py:538} INFO - Filling up the DagBag from /opt/airflow/dags/sales_pipeline_dag.py
[2026-05-08T20:14:08.874+0000] {processor.py:840} INFO - DAG(s) 'sales_pipeline' retrieved from /opt/airflow/dags/sales_pipeline_dag.py
[2026-05-08T20:14:08.936+0000] {logging_mixin.py:188} INFO - [2026-05-08T20:14:08.936+0000] {dag.py:3036} INFO - Sync 1 DAGs
[2026-05-08T20:14:08.984+0000] {logging_mixin.py:188} INFO - [2026-05-08T20:14:08.983+0000] {dag.py:3823} INFO - Setting next_dagrun for sales_pipeline to 2026-05-08 00:00:00+00:00, run_after=2026-05-09 00:00:00+00:00
[2026-05-08T20:14:09.030+0000] {processor.py:183} INFO - Processing /opt/airflow/dags/sales_pipeline_dag.py took 1.287 seconds
[2026-05-08T20:14:39.274+0000] {processor.py:161} INFO - Started process (PID=4785) to work on /opt/airflow/dags/sales_pipeline_dag.py
[2026-05-08T20:14:39.277+0000] {processor.py:830} INFO - Processing file /opt/airflow/dags/sales_pipeline_dag.py for tasks to queue
[2026-05-08T20:14:39.280+0000] {logging_mixin.py:188} INFO - [2026-05-08T20:14:39.279+0000] {dagbag.py:538} INFO - Filling up the DagBag from /opt/airflow/dags/sales_pipeline_dag.py
[2026-05-08T20:14:40.204+0000] {processor.py:840} INFO - DAG(s) 'sales_pipeline' retrieved from /opt/airflow/dags/sales_pipeline_dag.py
[2026-05-08T20:14:40.264+0000] {logging_mixin.py:188} INFO - [2026-05-08T20:14:40.262+0000] {dag.py:3036} INFO - Sync 1 DAGs
[2026-05-08T20:14:40.319+0000] {logging_mixin.py:188} INFO - [2026-05-08T20:14:40.318+0000] {dag.py:3823} INFO - Setting next_dagrun for sales_pipeline to 2026-05-08 00:00:00+00:00, run_after=2026-05-09 00:00:00+00:00
[2026-05-08T20:14:41.174+0000] {processor.py:183} INFO - Processing /opt/airflow/dags/sales_pipeline_dag.py took 2.448 seconds
[2026-05-08T20:15:11.961+0000] {processor.py:161} INFO - Started process (PID=4796) to work on /opt/airflow/dags/sales_pipeline_dag.py
[2026-05-08T20:15:11.964+0000] {processor.py:830} INFO - Processing file /opt/airflow/dags/sales_pipeline_dag.py for tasks to queue
[2026-05-08T20:15:11.967+0000] {logging_mixin.py:188} INFO - [2026-05-08T20:15:11.966+0000] {dagbag.py:538} INFO - Filling up the DagBag from /opt/airflow/dags/sales_pipeline_dag.py
[2026-05-08T20:15:13.297+0000] {processor.py:840} INFO - DAG(s) 'sales_pipeline' retrieved from /opt/airflow/dags/sales_pipeline_dag.py
[2026-05-08T20:15:13.353+0000] {logging_mixin.py:188} INFO - [2026-05-08T20:15:13.352+0000] {dag.py:3036} INFO - Sync 1 DAGs
[2026-05-08T20:15:13.406+0000] {logging_mixin.py:188} INFO - [2026-05-08T20:15:13.405+0000] {dag.py:3823} INFO - Setting next_dagrun for sales_pipeline to 2026-05-08 00:00:00+00:00, run_after=2026-05-09 00:00:00+00:00
[2026-05-08T20:15:13.453+0000] {processor.py:183} INFO - Processing /opt/airflow/dags/sales_pipeline_dag.py took 1.497 seconds
[2026-05-08T20:15:43.826+0000] {processor.py:161} INFO - Started process (PID=4807) to work on /opt/airflow/dags/sales_pipeline_dag.py
[2026-05-08T20:15:43.828+0000] {processor.py:830} INFO - Processing file /opt/airflow/dags/sales_pipeline_dag.py for tasks to queue
[2026-05-08T20:15:43.831+0000] {logging_mixin.py:188} INFO - [2026-05-08T20:15:43.830+0000] {dagbag.py:538} INFO - Filling up the DagBag from /opt/airflow/dags/sales_pipeline_dag.py
[2026-05-08T20:15:44.561+0000] {processor.py:840} INFO - DAG(s) 'sales_pipeline' retrieved from /opt/airflow/dags/sales_pipeline_dag.py
[2026-05-08T20:15:44.619+0000] {logging_mixin.py:188} INFO - [2026-05-08T20:15:44.618+0000] {dag.py:3036} INFO - Sync 1 DAGs
[2026-05-08T20:15:44.672+0000] {logging_mixin.py:188} INFO - [2026-05-08T20:15:44.672+0000] {dag.py:3823} INFO - Setting next_dagrun for sales_pipeline to 2026-05-08 00:00:00+00:00, run_after=2026-05-09 00:00:00+00:00
[2026-05-08T20:15:44.715+0000] {processor.py:183} INFO - Processing /opt/airflow/dags/sales_pipeline_dag.py took 1.426 seconds
[2026-05-08T20:16:15.788+0000] {processor.py:161} INFO - Started process (PID=4818) to work on /opt/airflow/dags/sales_pipeline_dag.py
[2026-05-08T20:16:15.789+0000] {processor.py:830} INFO - Processing file /opt/airflow/dags/sales_pipeline_dag.py for tasks to queue
[2026-05-08T20:16:15.791+0000] {logging_mixin.py:188} INFO - [2026-05-08T20:16:15.790+0000] {dagbag.py:538} INFO - Filling up the DagBag from /opt/airflow/dags/sales_pipeline_dag.py
[2026-05-08T20:16:16.966+0000] {processor.py:840} INFO - DAG(s) 'sales_pipeline' retrieved from /opt/airflow/dags/sales_pipeline_dag.py
[2026-05-08T20:16:17.025+0000] {logging_mixin.py:188} INFO - [2026-05-08T20:16:17.024+0000] {dag.py:3036} INFO - Sync 1 DAGs
[2026-05-08T20:16:17.072+0000] {logging_mixin.py:188} INFO - [2026-05-08T20:16:17.071+0000] {dag.py:3823} INFO - Setting next_dagrun for sales_pipeline to 2026-05-08 00:00:00+00:00, run_after=2026-05-09 00:00:00+00:00
[2026-05-08T20:16:17.114+0000] {processor.py:183} INFO - Processing /opt/airflow/dags/sales_pipeline_dag.py took 1.330 seconds
[2026-05-08T20:16:47.636+0000] {processor.py:161} INFO - Started process (PID=4829) to work on /opt/airflow/dags/sales_pipeline_dag.py
[2026-05-08T20:16:47.637+0000] {processor.py:830} INFO - Processing file /opt/airflow/dags/sales_pipeline_dag.py for tasks to queue
[2026-05-08T20:16:47.639+0000] {logging_mixin.py:188} INFO - [2026-05-08T20:16:47.639+0000] {dagbag.py:538} INFO - Filling up the DagBag from /opt/airflow/dags/sales_pipeline_dag.py
[2026-05-08T20:16:48.381+0000] {processor.py:840} INFO - DAG(s) 'sales_pipeline' retrieved from /opt/airflow/dags/sales_pipeline_dag.py
[2026-05-08T20:16:48.421+0000] {logging_mixin.py:188} INFO - [2026-05-08T20:16:48.421+0000] {dag.py:3036} INFO - Sync 1 DAGs
[2026-05-08T20:16:48.455+0000] {logging_mixin.py:188} INFO - [2026-05-08T20:16:48.455+0000] {dag.py:3823} INFO - Setting next_dagrun for sales_pipeline to 2026-05-08 00:00:00+00:00, run_after=2026-05-09 00:00:00+00:00
[2026-05-08T20:16:48.495+0000] {processor.py:183} INFO - Processing /opt/airflow/dags/sales_pipeline_dag.py took 1.207 seconds
[2026-05-08T20:17:19.092+0000] {processor.py:161} INFO - Started process (PID=4840) to work on /opt/airflow/dags/sales_pipeline_dag.py
[2026-05-08T20:17:19.095+0000] {processor.py:830} INFO - Processing file /opt/airflow/dags/sales_pipeline_dag.py for tasks to queue
[2026-05-08T20:17:19.098+0000] {logging_mixin.py:188} INFO - [2026-05-08T20:17:19.097+0000] {dagbag.py:538} INFO - Filling up the DagBag from /opt/airflow/dags/sales_pipeline_dag.py
[2026-05-08T20:17:19.988+0000] {processor.py:840} INFO - DAG(s) 'sales_pipeline' retrieved from /opt/airflow/dags/sales_pipeline_dag.py
[2026-05-08T20:17:20.041+0000] {logging_mixin.py:188} INFO - [2026-05-08T20:17:20.040+0000] {dag.py:3036} INFO - Sync 1 DAGs
[2026-05-08T20:17:20.089+0000] {logging_mixin.py:188} INFO - [2026-05-08T20:17:20.088+0000] {dag.py:3823} INFO - Setting next_dagrun for sales_pipeline to 2026-05-08 00:00:00+00:00, run_after=2026-05-09 00:00:00+00:00
[2026-05-08T20:17:20.139+0000] {processor.py:183} INFO - Processing /opt/airflow/dags/sales_pipeline_dag.py took 1.452 seconds
[2026-05-08T20:17:50.348+0000] {processor.py:161} INFO - Started process (PID=4851) to work on /opt/airflow/dags/sales_pipeline_dag.py
[2026-05-08T20:17:50.350+0000] {processor.py:830} INFO - Processing file /opt/airflow/dags/sales_pipeline_dag.py for tasks to queue
[2026-05-08T20:17:50.353+0000] {logging_mixin.py:188} INFO - [2026-05-08T20:17:50.352+0000] {dagbag.py:538} INFO - Filling up the DagBag from /opt/airflow/dags/sales_pipeline_dag.py
[2026-05-08T20:17:51.432+0000] {processor.py:840} INFO - DAG(s) 'sales_pipeline' retrieved from /opt/airflow/dags/sales_pipeline_dag.py
[2026-05-08T20:17:51.476+0000] {logging_mixin.py:188} INFO - [2026-05-08T20:17:51.475+0000] {dag.py:3036} INFO - Sync 1 DAGs
[2026-05-08T20:17:51.526+0000] {logging_mixin.py:188} INFO - [2026-05-08T20:17:51.526+0000] {dag.py:3823} INFO - Setting next_dagrun for sales_pipeline to 2026-05-08 00:00:00+00:00, run_after=2026-05-09 00:00:00+00:00
[2026-05-08T20:17:51.569+0000] {processor.py:183} INFO - Processing /opt/airflow/dags/sales_pipeline_dag.py took 1.225 seconds
[2026-05-08T20:18:21.813+0000] {processor.py:161} INFO - Started process (PID=4862) to work on /opt/airflow/dags/sales_pipeline_dag.py
[2026-05-08T20:18:21.815+0000] {processor.py:830} INFO - Processing file /opt/airflow/dags/sales_pipeline_dag.py for tasks to queue
[2026-05-08T20:18:21.818+0000] {logging_mixin.py:188} INFO - [2026-05-08T20:18:21.817+0000] {dagbag.py:538} INFO - Filling up the DagBag from /opt/airflow/dags/sales_pipeline_dag.py
[2026-05-08T20:18:23.077+0000] {processor.py:840} INFO - DAG(s) 'sales_pipeline' retrieved from /opt/airflow/dags/sales_pipeline_dag.py
[2026-05-08T20:18:23.141+0000] {logging_mixin.py:188} INFO - [2026-05-08T20:18:23.140+0000] {dag.py:3036} INFO - Sync 1 DAGs
[2026-05-08T20:18:23.210+0000] {logging_mixin.py:188} INFO - [2026-05-08T20:18:23.210+0000] {dag.py:3823} INFO - Setting next_dagrun for sales_pipeline to 2026-05-08 00:00:00+00:00, run_after=2026-05-09 00:00:00+00:00
[2026-05-08T20:18:23.262+0000] {processor.py:183} INFO - Processing /opt/airflow/dags/sales_pipeline_dag.py took 1.452 seconds
[2026-05-08T20:18:53.418+0000] {processor.py:161} INFO - Started process (PID=4873) to work on /opt/airflow/dags/sales_pipeline_dag.py
[2026-05-08T20:18:53.420+0000] {processor.py:830} INFO - Processing file /opt/airflow/dags/sales_pipeline_dag.py for tasks to queue
[2026-05-08T20:18:53.422+0000] {logging_mixin.py:188} INFO - [2026-05-08T20:18:53.421+0000] {dagbag.py:538} INFO - Filling up the DagBag from /opt/airflow/dags/sales_pipeline_dag.py
[2026-05-08T20:18:54.647+0000] {processor.py:840} INFO - DAG(s) 'sales_pipeline' retrieved from /opt/airflow/dags/sales_pipeline_dag.py
[2026-05-08T20:18:54.697+0000] {logging_mixin.py:188} INFO - [2026-05-08T20:18:54.696+0000] {dag.py:3036} INFO - Sync 1 DAGs
[2026-05-08T20:18:54.740+0000] {logging_mixin.py:188} INFO - [2026-05-08T20:18:54.740+0000] {dag.py:3823} INFO - Setting next_dagrun for sales_pipeline to 2026-05-08 00:00:00+00:00, run_after=2026-05-09 00:00:00+00:00
[2026-05-08T20:18:54.781+0000] {processor.py:183} INFO - Processing /opt/airflow/dags/sales_pipeline_dag.py took 1.367 seconds
[2026-05-08T20:19:24.614+0000] {processor.py:161} INFO - Started process (PID=4887) to work on /opt/airflow/dags/sales_pipeline_dag.py
[2026-05-08T20:19:24.615+0000] {processor.py:830} INFO - Processing file /opt/airflow/dags/sales_pipeline_dag.py for tasks to queue
[2026-05-08T20:19:24.617+0000] {logging_mixin.py:188} INFO - [2026-05-08T20:19:24.617+0000] {dagbag.py:538} INFO - Filling up the DagBag from /opt/airflow/dags/sales_pipeline_dag.py
[2026-05-08T20:19:25.857+0000] {processor.py:840} INFO - DAG(s) 'sales_pipeline' retrieved from /opt/airflow/dags/sales_pipeline_dag.py
[2026-05-08T20:19:25.918+0000] {logging_mixin.py:188} INFO - [2026-05-08T20:19:25.917+0000] {dag.py:3036} INFO - Sync 1 DAGs
[2026-05-08T20:19:25.960+0000] {logging_mixin.py:188} INFO - [2026-05-08T20:19:25.960+0000] {dag.py:3823} INFO - Setting next_dagrun for sales_pipeline to 2026-05-08 00:00:00+00:00, run_after=2026-05-09 00:00:00+00:00
[2026-05-08T20:19:26.002+0000] {processor.py:183} INFO - Processing /opt/airflow/dags/sales_pipeline_dag.py took 1.393 seconds
[2026-05-08T20:19:56.282+0000] {processor.py:161} INFO - Started process (PID=4900) to work on /opt/airflow/dags/sales_pipeline_dag.py
[2026-05-08T20:19:56.286+0000] {processor.py:830} INFO - Processing file /opt/airflow/dags/sales_pipeline_dag.py for tasks to queue
[2026-05-08T20:19:56.290+0000] {logging_mixin.py:188} INFO - [2026-05-08T20:19:56.289+0000] {dagbag.py:538} INFO - Filling up the DagBag from /opt/airflow/dags/sales_pipeline_dag.py
[2026-05-08T20:19:57.707+0000] {processor.py:840} INFO - DAG(s) 'sales_pipeline' retrieved from /opt/airflow/dags/sales_pipeline_dag.py
[2026-05-08T20:19:57.758+0000] {logging_mixin.py:188} INFO - [2026-05-08T20:19:57.757+0000] {dag.py:3036} INFO - Sync 1 DAGs
[2026-05-08T20:19:57.816+0000] {logging_mixin.py:188} INFO - [2026-05-08T20:19:57.815+0000] {dag.py:3823} INFO - Setting next_dagrun for sales_pipeline to 2026-05-08 00:00:00+00:00, run_after=2026-05-09 00:00:00+00:00
[2026-05-08T20:19:57.867+0000] {processor.py:183} INFO - Processing /opt/airflow/dags/sales_pipeline_dag.py took 1.593 seconds
[2026-05-08T20:20:26.243+0000] {processor.py:161} INFO - Started process (PID=4911) to work on /opt/airflow/dags/sales_pipeline_dag.py
[2026-05-08T20:20:26.245+0000] {processor.py:830} INFO - Processing file /opt/airflow/dags/sales_pipeline_dag.py for tasks to queue
[2026-05-08T20:20:26.247+0000] {logging_mixin.py:188} INFO - [2026-05-08T20:20:26.247+0000] {dagbag.py:538} INFO - Filling up the DagBag from /opt/airflow/dags/sales_pipeline_dag.py
[2026-05-08T20:20:27.532+0000] {processor.py:840} INFO - DAG(s) 'sales_pipeline' retrieved from /opt/airflow/dags/sales_pipeline_dag.py
[2026-05-08T20:20:27.591+0000] {logging_mixin.py:188} INFO - [2026-05-08T20:20:27.590+0000] {dag.py:3036} INFO - Sync 1 DAGs
[2026-05-08T20:20:27.647+0000] {logging_mixin.py:188} INFO - [2026-05-08T20:20:27.647+0000] {dag.py:3823} INFO - Setting next_dagrun for sales_pipeline to 2026-05-08 00:00:00+00:00, run_after=2026-05-09 00:00:00+00:00
[2026-05-08T20:20:27.703+0000] {processor.py:183} INFO - Processing /opt/airflow/dags/sales_pipeline_dag.py took 1.466 seconds
[2026-05-08T20:20:58.490+0000] {processor.py:161} INFO - Started process (PID=4917) to work on /opt/airflow/dags/sales_pipeline_dag.py
[2026-05-08T20:20:58.493+0000] {processor.py:830} INFO - Processing file /opt/airflow/dags/sales_pipeline_dag.py for tasks to queue
[2026-05-08T20:20:58.496+0000] {logging_mixin.py:188} INFO - [2026-05-08T20:20:58.495+0000] {dagbag.py:538} INFO - Filling up the DagBag from /opt/airflow/dags/sales_pipeline_dag.py
[2026-05-08T20:20:59.923+0000] {processor.py:840} INFO - DAG(s) 'sales_pipeline' retrieved from /opt/airflow/dags/sales_pipeline_dag.py
[2026-05-08T20:20:59.979+0000] {logging_mixin.py:188} INFO - [2026-05-08T20:20:59.979+0000] {dag.py:3036} INFO - Sync 1 DAGs
[2026-05-08T20:21:00.028+0000] {logging_mixin.py:188} INFO - [2026-05-08T20:21:00.027+0000] {dag.py:3823} INFO - Setting next_dagrun for sales_pipeline to 2026-05-08 00:00:00+00:00, run_after=2026-05-09 00:00:00+00:00
[2026-05-08T20:21:00.117+0000] {processor.py:183} INFO - Processing /opt/airflow/dags/sales_pipeline_dag.py took 1.634 seconds
[2026-05-08T20:21:30.729+0000] {processor.py:161} INFO - Started process (PID=4928) to work on /opt/airflow/dags/sales_pipeline_dag.py
[2026-05-08T20:21:30.731+0000] {processor.py:830} INFO - Processing file /opt/airflow/dags/sales_pipeline_dag.py for tasks to queue
[2026-05-08T20:21:30.733+0000] {logging_mixin.py:188} INFO - [2026-05-08T20:21:30.733+0000] {dagbag.py:538} INFO - Filling up the DagBag from /opt/airflow/dags/sales_pipeline_dag.py
[2026-05-08T20:21:31.942+0000] {processor.py:840} INFO - DAG(s) 'sales_pipeline' retrieved from /opt/airflow/dags/sales_pipeline_dag.py
[2026-05-08T20:21:31.989+0000] {logging_mixin.py:188} INFO - [2026-05-08T20:21:31.988+0000] {dag.py:3036} INFO - Sync 1 DAGs
[2026-05-08T20:21:32.034+0000] {logging_mixin.py:188} INFO - [2026-05-08T20:21:32.034+0000] {dag.py:3823} INFO - Setting next_dagrun for sales_pipeline to 2026-05-08 00:00:00+00:00, run_after=2026-05-09 00:00:00+00:00
[2026-05-08T20:21:32.147+0000] {processor.py:183} INFO - Processing /opt/airflow/dags/sales_pipeline_dag.py took 1.422 seconds
[2026-05-08T20:22:02.329+0000] {processor.py:161} INFO - Started process (PID=4939) to work on /opt/airflow/dags/sales_pipeline_dag.py
[2026-05-08T20:22:02.331+0000] {processor.py:830} INFO - Processing file /opt/airflow/dags/sales_pipeline_dag.py for tasks to queue
[2026-05-08T20:22:02.334+0000] {logging_mixin.py:188} INFO - [2026-05-08T20:22:02.333+0000] {dagbag.py:538} INFO - Filling up the DagBag from /opt/airflow/dags/sales_pipeline_dag.py
[2026-05-08T20:22:03.659+0000] {processor.py:840} INFO - DAG(s) 'sales_pipeline' retrieved from /opt/airflow/dags/sales_pipeline_dag.py
[2026-05-08T20:22:03.712+0000] {logging_mixin.py:188} INFO - [2026-05-08T20:22:03.710+0000] {dag.py:3036} INFO - Sync 1 DAGs
[2026-05-08T20:22:03.760+0000] {logging_mixin.py:188} INFO - [2026-05-08T20:22:03.760+0000] {dag.py:3823} INFO - Setting next_dagrun for sales_pipeline to 2026-05-08 00:00:00+00:00, run_after=2026-05-09 00:00:00+00:00
[2026-05-08T20:22:03.835+0000] {processor.py:183} INFO - Processing /opt/airflow/dags/sales_pipeline_dag.py took 1.510 seconds
[2026-05-08T20:22:33.934+0000] {processor.py:161} INFO - Started process (PID=4950) to work on /opt/airflow/dags/sales_pipeline_dag.py
[2026-05-08T20:22:33.937+0000] {processor.py:830} INFO - Processing file /opt/airflow/dags/sales_pipeline_dag.py for tasks to queue
[2026-05-08T20:22:33.939+0000] {logging_mixin.py:188} INFO - [2026-05-08T20:22:33.938+0000] {dagbag.py:538} INFO - Filling up the DagBag from /opt/airflow/dags/sales_pipeline_dag.py
[2026-05-08T20:22:34.897+0000] {processor.py:840} INFO - DAG(s) 'sales_pipeline' retrieved from /opt/airflow/dags/sales_pipeline_dag.py
[2026-05-08T20:22:34.962+0000] {logging_mixin.py:188} INFO - [2026-05-08T20:22:34.961+0000] {dag.py:3036} INFO - Sync 1 DAGs
[2026-05-08T20:22:35.031+0000] {logging_mixin.py:188} INFO - [2026-05-08T20:22:35.030+0000] {dag.py:3823} INFO - Setting next_dagrun for sales_pipeline to 2026-05-08 00:00:00+00:00, run_after=2026-05-09 00:00:00+00:00
[2026-05-08T20:22:35.082+0000] {processor.py:183} INFO - Processing /opt/airflow/dags/sales_pipeline_dag.py took 1.649 seconds
[2026-05-08T20:23:05.593+0000] {processor.py:161} INFO - Started process (PID=4964) to work on /opt/airflow/dags/sales_pipeline_dag.py
[2026-05-08T20:23:05.595+0000] {processor.py:830} INFO - Processing file /opt/airflow/dags/sales_pipeline_dag.py for tasks to queue
[2026-05-08T20:23:05.597+0000] {logging_mixin.py:188} INFO - [2026-05-08T20:23:05.596+0000] {dagbag.py:538} INFO - Filling up the DagBag from /opt/airflow/dags/sales_pipeline_dag.py
[2026-05-08T20:23:06.904+0000] {processor.py:840} INFO - DAG(s) 'sales_pipeline' retrieved from /opt/airflow/dags/sales_pipeline_dag.py
[2026-05-08T20:23:06.973+0000] {logging_mixin.py:188} INFO - [2026-05-08T20:23:06.972+0000] {dag.py:3036} INFO - Sync 1 DAGs
[2026-05-08T20:23:07.021+0000] {logging_mixin.py:188} INFO - [2026-05-08T20:23:07.020+0000] {dag.py:3823} INFO - Setting next_dagrun for sales_pipeline to 2026-05-08 00:00:00+00:00, run_after=2026-05-09 00:00:00+00:00
[2026-05-08T20:23:07.067+0000] {processor.py:183} INFO - Processing /opt/airflow/dags/sales_pipeline_dag.py took 1.478 seconds
[2026-05-08T20:23:37.290+0000] {processor.py:161} INFO - Started process (PID=4977) to work on /opt/airflow/dags/sales_pipeline_dag.py
[2026-05-08T20:23:37.292+0000] {processor.py:830} INFO - Processing file /opt/airflow/dags/sales_pipeline_dag.py for tasks to queue
[2026-05-08T20:23:37.295+0000] {logging_mixin.py:188} INFO - [2026-05-08T20:23:37.294+0000] {dagbag.py:538} INFO - Filling up the DagBag from /opt/airflow/dags/sales_pipeline_dag.py
[2026-05-08T20:23:38.385+0000] {processor.py:840} INFO - DAG(s) 'sales_pipeline' retrieved from /opt/airflow/dags/sales_pipeline_dag.py
[2026-05-08T20:23:38.468+0000] {logging_mixin.py:188} INFO - [2026-05-08T20:23:38.467+0000] {dag.py:3036} INFO - Sync 1 DAGs
[2026-05-08T20:23:38.517+0000] {logging_mixin.py:188} INFO - [2026-05-08T20:23:38.517+0000] {dag.py:3823} INFO - Setting next_dagrun for sales_pipeline to 2026-05-08 00:00:00+00:00, run_after=2026-05-09 00:00:00+00:00
[2026-05-08T20:23:38.562+0000] {processor.py:183} INFO - Processing /opt/airflow/dags/sales_pipeline_dag.py took 1.516 seconds
[2026-05-08T20:24:08.661+0000] {processor.py:161} INFO - Started process (PID=4988) to work on /opt/airflow/dags/sales_pipeline_dag.py
[2026-05-08T20:24:08.663+0000] {processor.py:830} INFO - Processing file /opt/airflow/dags/sales_pipeline_dag.py for tasks to queue
[2026-05-08T20:24:08.665+0000] {logging_mixin.py:188} INFO - [2026-05-08T20:24:08.664+0000] {dagbag.py:538} INFO - Filling up the DagBag from /opt/airflow/dags/sales_pipeline_dag.py
[2026-05-08T20:24:10.091+0000] {processor.py:840} INFO - DAG(s) 'sales_pipeline' retrieved from /opt/airflow/dags/sales_pipeline_dag.py
[2026-05-08T20:24:10.143+0000] {logging_mixin.py:188} INFO - [2026-05-08T20:24:10.142+0000] {dag.py:3036} INFO - Sync 1 DAGs
[2026-05-08T20:24:10.187+0000] {logging_mixin.py:188} INFO - [2026-05-08T20:24:10.187+0000] {dag.py:3823} INFO - Setting next_dagrun for sales_pipeline to 2026-05-08 00:00:00+00:00, run_after=2026-05-09 00:00:00+00:00
[2026-05-08T20:24:10.232+0000] {processor.py:183} INFO - Processing /opt/airflow/dags/sales_pipeline_dag.py took 1.577 seconds
[2026-05-08T20:24:40.601+0000] {processor.py:161} INFO - Started process (PID=4999) to work on /opt/airflow/dags/sales_pipeline_dag.py
[2026-05-08T20:24:40.603+0000] {processor.py:830} INFO - Processing file /opt/airflow/dags/sales_pipeline_dag.py for tasks to queue
[2026-05-08T20:24:40.606+0000] {logging_mixin.py:188} INFO - [2026-05-08T20:24:40.605+0000] {dagbag.py:538} INFO - Filling up the DagBag from /opt/airflow/dags/sales_pipeline_dag.py
[2026-05-08T20:24:41.981+0000] {processor.py:840} INFO - DAG(s) 'sales_pipeline' retrieved from /opt/airflow/dags/sales_pipeline_dag.py
[2026-05-08T20:24:42.036+0000] {logging_mixin.py:188} INFO - [2026-05-08T20:24:42.035+0000] {dag.py:3036} INFO - Sync 1 DAGs
[2026-05-08T20:24:42.082+0000] {logging_mixin.py:188} INFO - [2026-05-08T20:24:42.081+0000] {dag.py:3823} INFO - Setting next_dagrun for sales_pipeline to 2026-05-08 00:00:00+00:00, run_after=2026-05-09 00:00:00+00:00
[2026-05-08T20:24:42.139+0000] {processor.py:183} INFO - Processing /opt/airflow/dags/sales_pipeline_dag.py took 1.545 seconds
[2026-05-08T20:25:13.009+0000] {processor.py:161} INFO - Started process (PID=5010) to work on /opt/airflow/dags/sales_pipeline_dag.py
[2026-05-08T20:25:13.012+0000] {processor.py:830} INFO - Processing file /opt/airflow/dags/sales_pipeline_dag.py for tasks to queue
[2026-05-08T20:25:13.014+0000] {logging_mixin.py:188} INFO - [2026-05-08T20:25:13.013+0000] {dagbag.py:538} INFO - Filling up the DagBag from /opt/airflow/dags/sales_pipeline_dag.py
[2026-05-08T20:25:14.184+0000] {processor.py:840} INFO - DAG(s) 'sales_pipeline' retrieved from /opt/airflow/dags/sales_pipeline_dag.py
[2026-05-08T20:25:14.228+0000] {logging_mixin.py:188} INFO - [2026-05-08T20:25:14.228+0000] {dag.py:3036} INFO - Sync 1 DAGs
[2026-05-08T20:25:14.269+0000] {logging_mixin.py:188} INFO - [2026-05-08T20:25:14.268+0000] {dag.py:3823} INFO - Setting next_dagrun for sales_pipeline to 2026-05-08 00:00:00+00:00, run_after=2026-05-09 00:00:00+00:00
[2026-05-08T20:25:14.311+0000] {processor.py:183} INFO - Processing /opt/airflow/dags/sales_pipeline_dag.py took 1.307 seconds
[2026-05-08T20:25:44.977+0000] {processor.py:161} INFO - Started process (PID=5021) to work on /opt/airflow/dags/sales_pipeline_dag.py
[2026-05-08T20:25:44.979+0000] {processor.py:830} INFO - Processing file /opt/airflow/dags/sales_pipeline_dag.py for tasks to queue
[2026-05-08T20:25:44.981+0000] {logging_mixin.py:188} INFO - [2026-05-08T20:25:44.980+0000] {dagbag.py:538} INFO - Filling up the DagBag from /opt/airflow/dags/sales_pipeline_dag.py
[2026-05-08T20:25:45.678+0000] {processor.py:840} INFO - DAG(s) 'sales_pipeline' retrieved from /opt/airflow/dags/sales_pipeline_dag.py
[2026-05-08T20:25:45.720+0000] {logging_mixin.py:188} INFO - [2026-05-08T20:25:45.719+0000] {dag.py:3036} INFO - Sync 1 DAGs
[2026-05-08T20:25:45.775+0000] {logging_mixin.py:188} INFO - [2026-05-08T20:25:45.774+0000] {dag.py:3823} INFO - Setting next_dagrun for sales_pipeline to 2026-05-08 00:00:00+00:00, run_after=2026-05-09 00:00:00+00:00
[2026-05-08T20:25:45.822+0000] {processor.py:183} INFO - Processing /opt/airflow/dags/sales_pipeline_dag.py took 1.353 seconds
[2026-05-08T20:26:16.641+0000] {processor.py:161} INFO - Started process (PID=5032) to work on /opt/airflow/dags/sales_pipeline_dag.py
[2026-05-08T20:26:16.643+0000] {processor.py:830} INFO - Processing file /opt/airflow/dags/sales_pipeline_dag.py for tasks to queue
[2026-05-08T20:26:16.645+0000] {logging_mixin.py:188} INFO - [2026-05-08T20:26:16.644+0000] {dagbag.py:538} INFO - Filling up the DagBag from /opt/airflow/dags/sales_pipeline_dag.py
[2026-05-08T20:26:17.744+0000] {processor.py:840} INFO - DAG(s) 'sales_pipeline' retrieved from /opt/airflow/dags/sales_pipeline_dag.py
[2026-05-08T20:26:17.798+0000] {logging_mixin.py:188} INFO - [2026-05-08T20:26:17.798+0000] {dag.py:3036} INFO - Sync 1 DAGs
[2026-05-08T20:26:17.841+0000] {logging_mixin.py:188} INFO - [2026-05-08T20:26:17.840+0000] {dag.py:3823} INFO - Setting next_dagrun for sales_pipeline to 2026-05-08 00:00:00+00:00, run_after=2026-05-09 00:00:00+00:00
[2026-05-08T20:26:17.887+0000] {processor.py:183} INFO - Processing /opt/airflow/dags/sales_pipeline_dag.py took 1.250 seconds
[2026-05-08T20:26:48.459+0000] {processor.py:161} INFO - Started process (PID=5043) to work on /opt/airflow/dags/sales_pipeline_dag.py
[2026-05-08T20:26:48.461+0000] {processor.py:830} INFO - Processing file /opt/airflow/dags/sales_pipeline_dag.py for tasks to queue
[2026-05-08T20:26:48.463+0000] {logging_mixin.py:188} INFO - [2026-05-08T20:26:48.462+0000] {dagbag.py:538} INFO - Filling up the DagBag from /opt/airflow/dags/sales_pipeline_dag.py
[2026-05-08T20:26:49.131+0000] {processor.py:840} INFO - DAG(s) 'sales_pipeline' retrieved from /opt/airflow/dags/sales_pipeline_dag.py
[2026-05-08T20:26:49.175+0000] {logging_mixin.py:188} INFO - [2026-05-08T20:26:49.175+0000] {dag.py:3036} INFO - Sync 1 DAGs
[2026-05-08T20:26:49.213+0000] {logging_mixin.py:188} INFO - [2026-05-08T20:26:49.212+0000] {dag.py:3823} INFO - Setting next_dagrun for sales_pipeline to 2026-05-08 00:00:00+00:00, run_after=2026-05-09 00:00:00+00:00
[2026-05-08T20:26:49.256+0000] {processor.py:183} INFO - Processing /opt/airflow/dags/sales_pipeline_dag.py took 1.136 seconds
[2026-05-08T20:27:15.406+0000] {processor.py:161} INFO - Started process (PID=5054) to work on /opt/airflow/dags/sales_pipeline_dag.py
[2026-05-08T20:27:15.408+0000] {processor.py:830} INFO - Processing file /opt/airflow/dags/sales_pipeline_dag.py for tasks to queue
[2026-05-08T20:27:15.411+0000] {logging_mixin.py:188} INFO - [2026-05-08T20:27:15.410+0000] {dagbag.py:538} INFO - Filling up the DagBag from /opt/airflow/dags/sales_pipeline_dag.py
[2026-05-08T20:27:16.590+0000] {processor.py:840} INFO - DAG(s) 'sales_pipeline' retrieved from /opt/airflow/dags/sales_pipeline_dag.py
[2026-05-08T20:27:16.637+0000] {logging_mixin.py:188} INFO - [2026-05-08T20:27:16.636+0000] {dag.py:3036} INFO - Sync 1 DAGs
[2026-05-08T20:27:16.672+0000] {logging_mixin.py:188} INFO - [2026-05-08T20:27:16.671+0000] {dag.py:3823} INFO - Setting next_dagrun for sales_pipeline to 2026-05-08 00:00:00+00:00, run_after=2026-05-09 00:00:00+00:00
[2026-05-08T20:27:16.713+0000] {processor.py:183} INFO - Processing /opt/airflow/dags/sales_pipeline_dag.py took 1.363 seconds
[2026-05-08T20:27:47.321+0000] {processor.py:161} INFO - Started process (PID=5065) to work on /opt/airflow/dags/sales_pipeline_dag.py
[2026-05-08T20:27:47.322+0000] {processor.py:830} INFO - Processing file /opt/airflow/dags/sales_pipeline_dag.py for tasks to queue
[2026-05-08T20:27:47.324+0000] {logging_mixin.py:188} INFO - [2026-05-08T20:27:47.324+0000] {dagbag.py:538} INFO - Filling up the DagBag from /opt/airflow/dags/sales_pipeline_dag.py
[2026-05-08T20:27:48.399+0000] {processor.py:840} INFO - DAG(s) 'sales_pipeline' retrieved from /opt/airflow/dags/sales_pipeline_dag.py
[2026-05-08T20:27:48.457+0000] {logging_mixin.py:188} INFO - [2026-05-08T20:27:48.456+0000] {dag.py:3036} INFO - Sync 1 DAGs
[2026-05-08T20:27:48.493+0000] {logging_mixin.py:188} INFO - [2026-05-08T20:27:48.492+0000] {dag.py:3823} INFO - Setting next_dagrun for sales_pipeline to 2026-05-08 00:00:00+00:00, run_after=2026-05-09 00:00:00+00:00
[2026-05-08T20:27:48.528+0000] {processor.py:183} INFO - Processing /opt/airflow/dags/sales_pipeline_dag.py took 1.211 seconds
[2026-05-08T20:28:19.463+0000] {processor.py:161} INFO - Started process (PID=5076) to work on /opt/airflow/dags/sales_pipeline_dag.py
[2026-05-08T20:28:19.464+0000] {processor.py:830} INFO - Processing file /opt/airflow/dags/sales_pipeline_dag.py for tasks to queue
[2026-05-08T20:28:19.466+0000] {logging_mixin.py:188} INFO - [2026-05-08T20:28:19.466+0000] {dagbag.py:538} INFO - Filling up the DagBag from /opt/airflow/dags/sales_pipeline_dag.py
[2026-05-08T20:28:20.765+0000] {processor.py:840} INFO - DAG(s) 'sales_pipeline' retrieved from /opt/airflow/dags/sales_pipeline_dag.py
[2026-05-08T20:28:20.815+0000] {logging_mixin.py:188} INFO - [2026-05-08T20:28:20.814+0000] {dag.py:3036} INFO - Sync 1 DAGs
[2026-05-08T20:28:20.870+0000] {logging_mixin.py:188} INFO - [2026-05-08T20:28:20.869+0000] {dag.py:3823} INFO - Setting next_dagrun for sales_pipeline to 2026-05-08 00:00:00+00:00, run_after=2026-05-09 00:00:00+00:00
[2026-05-08T20:28:20.924+0000] {processor.py:183} INFO - Processing /opt/airflow/dags/sales_pipeline_dag.py took 1.465 seconds
[2026-05-08T20:28:57.815+0000] {processor.py:161} INFO - Started process (PID=5087) to work on /opt/airflow/dags/sales_pipeline_dag.py
[2026-05-08T20:28:57.817+0000] {processor.py:830} INFO - Processing file /opt/airflow/dags/sales_pipeline_dag.py for tasks to queue
[2026-05-08T20:28:57.819+0000] {logging_mixin.py:188} INFO - [2026-05-08T20:28:57.818+0000] {dagbag.py:538} INFO - Filling up the DagBag from /opt/airflow/dags/sales_pipeline_dag.py
[2026-05-08T20:28:58.931+0000] {processor.py:840} INFO - DAG(s) 'sales_pipeline' retrieved from /opt/airflow/dags/sales_pipeline_dag.py
[2026-05-08T20:28:58.980+0000] {logging_mixin.py:188} INFO - [2026-05-08T20:28:58.979+0000] {dag.py:3036} INFO - Sync 1 DAGs
[2026-05-08T20:28:59.015+0000] {logging_mixin.py:188} INFO - [2026-05-08T20:28:59.015+0000] {dag.py:3823} INFO - Setting next_dagrun for sales_pipeline to 2026-05-08 00:00:00+00:00, run_after=2026-05-09 00:00:00+00:00
[2026-05-08T20:28:59.053+0000] {processor.py:183} INFO - Processing /opt/airflow/dags/sales_pipeline_dag.py took 1.242 seconds
[2026-05-08T20:29:29.950+0000] {processor.py:161} INFO - Started process (PID=5098) to work on /opt/airflow/dags/sales_pipeline_dag.py
[2026-05-08T20:29:29.953+0000] {processor.py:830} INFO - Processing file /opt/airflow/dags/sales_pipeline_dag.py for tasks to queue
[2026-05-08T20:29:29.955+0000] {logging_mixin.py:188} INFO - [2026-05-08T20:29:29.954+0000] {dagbag.py:538} INFO - Filling up the DagBag from /opt/airflow/dags/sales_pipeline_dag.py
[2026-05-08T20:29:37.166+0000] {processor.py:840} INFO - DAG(s) 'sales_pipeline' retrieved from /opt/airflow/dags/sales_pipeline_dag.py
[2026-05-08T20:29:37.229+0000] {logging_mixin.py:188} INFO - [2026-05-08T20:29:37.228+0000] {dag.py:3036} INFO - Sync 1 DAGs
[2026-05-08T20:29:30.688+0000] {logging_mixin.py:188} INFO - [2026-05-08T20:29:30.688+0000] {dag.py:3823} INFO - Setting next_dagrun for sales_pipeline to 2026-05-08 00:00:00+00:00, run_after=2026-05-09 00:00:00+00:00
[2026-05-08T20:29:30.752+0000] {processor.py:183} INFO - Processing /opt/airflow/dags/sales_pipeline_dag.py took 1.326 seconds
[2026-05-08T20:30:01.216+0000] {processor.py:161} INFO - Started process (PID=5109) to work on /opt/airflow/dags/sales_pipeline_dag.py
[2026-05-08T20:30:01.218+0000] {processor.py:830} INFO - Processing file /opt/airflow/dags/sales_pipeline_dag.py for tasks to queue
[2026-05-08T20:30:01.221+0000] {logging_mixin.py:188} INFO - [2026-05-08T20:30:01.220+0000] {dagbag.py:538} INFO - Filling up the DagBag from /opt/airflow/dags/sales_pipeline_dag.py
[2026-05-08T20:29:54.479+0000] {processor.py:840} INFO - DAG(s) 'sales_pipeline' retrieved from /opt/airflow/dags/sales_pipeline_dag.py
[2026-05-08T20:29:54.524+0000] {logging_mixin.py:188} INFO - [2026-05-08T20:29:54.523+0000] {dag.py:3036} INFO - Sync 1 DAGs
[2026-05-08T20:29:54.572+0000] {logging_mixin.py:188} INFO - [2026-05-08T20:29:54.571+0000] {dag.py:3823} INFO - Setting next_dagrun for sales_pipeline to 2026-05-08 00:00:00+00:00, run_after=2026-05-09 00:00:00+00:00
[2026-05-08T20:29:54.630+0000] {processor.py:183} INFO - Processing /opt/airflow/dags/sales_pipeline_dag.py took 1.382 seconds
[2026-05-08T20:30:25.748+0000] {processor.py:161} INFO - Started process (PID=5120) to work on /opt/airflow/dags/sales_pipeline_dag.py
[2026-05-08T20:30:25.750+0000] {processor.py:830} INFO - Processing file /opt/airflow/dags/sales_pipeline_dag.py for tasks to queue
[2026-05-08T20:30:25.752+0000] {logging_mixin.py:188} INFO - [2026-05-08T20:30:25.751+0000] {dagbag.py:538} INFO - Filling up the DagBag from /opt/airflow/dags/sales_pipeline_dag.py
[2026-05-08T20:30:26.508+0000] {processor.py:840} INFO - DAG(s) 'sales_pipeline' retrieved from /opt/airflow/dags/sales_pipeline_dag.py
[2026-05-08T20:30:26.563+0000] {logging_mixin.py:188} INFO - [2026-05-08T20:30:26.562+0000] {dag.py:3036} INFO - Sync 1 DAGs
[2026-05-08T20:30:26.604+0000] {logging_mixin.py:188} INFO - [2026-05-08T20:30:26.603+0000] {dag.py:3823} INFO - Setting next_dagrun for sales_pipeline to 2026-05-08 00:00:00+00:00, run_after=2026-05-09 00:00:00+00:00
[2026-05-08T20:30:26.657+0000] {processor.py:183} INFO - Processing /opt/airflow/dags/sales_pipeline_dag.py took 1.406 seconds
[2026-05-08T20:30:57.551+0000] {processor.py:161} INFO - Started process (PID=5131) to work on /opt/airflow/dags/sales_pipeline_dag.py
[2026-05-08T20:30:57.553+0000] {processor.py:830} INFO - Processing file /opt/airflow/dags/sales_pipeline_dag.py for tasks to queue
[2026-05-08T20:30:57.556+0000] {logging_mixin.py:188} INFO - [2026-05-08T20:30:57.555+0000] {dagbag.py:538} INFO - Filling up the DagBag from /opt/airflow/dags/sales_pipeline_dag.py
[2026-05-08T20:31:01.143+0000] {processor.py:840} INFO - DAG(s) 'sales_pipeline' retrieved from /opt/airflow/dags/sales_pipeline_dag.py
[2026-05-08T20:31:07.279+0000] {logging_mixin.py:188} INFO - [2026-05-08T20:31:07.278+0000] {dag.py:3036} INFO - Sync 1 DAGs
[2026-05-08T20:31:00.796+0000] {logging_mixin.py:188} INFO - [2026-05-08T20:31:00.794+0000] {dag.py:3823} INFO - Setting next_dagrun for sales_pipeline to 2026-05-08 00:00:00+00:00, run_after=2026-05-09 00:00:00+00:00
[2026-05-08T20:31:00.909+0000] {processor.py:183} INFO - Processing /opt/airflow/dags/sales_pipeline_dag.py took 3.871 seconds
[2026-05-08T20:31:31.162+0000] {processor.py:161} INFO - Started process (PID=5142) to work on /opt/airflow/dags/sales_pipeline_dag.py
[2026-05-08T20:31:31.164+0000] {processor.py:830} INFO - Processing file /opt/airflow/dags/sales_pipeline_dag.py for tasks to queue
[2026-05-08T20:31:31.166+0000] {logging_mixin.py:188} INFO - [2026-05-08T20:31:31.166+0000] {dagbag.py:538} INFO - Filling up the DagBag from /opt/airflow/dags/sales_pipeline_dag.py
[2026-05-08T20:31:32.526+0000] {processor.py:840} INFO - DAG(s) 'sales_pipeline' retrieved from /opt/airflow/dags/sales_pipeline_dag.py
[2026-05-08T20:31:32.586+0000] {logging_mixin.py:188} INFO - [2026-05-08T20:31:32.585+0000] {dag.py:3036} INFO - Sync 1 DAGs
[2026-05-08T20:31:32.645+0000] {logging_mixin.py:188} INFO - [2026-05-08T20:31:32.644+0000] {dag.py:3823} INFO - Setting next_dagrun for sales_pipeline to 2026-05-08 00:00:00+00:00, run_after=2026-05-09 00:00:00+00:00
[2026-05-08T20:31:32.699+0000] {processor.py:183} INFO - Processing /opt/airflow/dags/sales_pipeline_dag.py took 1.543 seconds
[2026-05-08T20:32:02.989+0000] {processor.py:161} INFO - Started process (PID=5153) to work on /opt/airflow/dags/sales_pipeline_dag.py
[2026-05-08T20:32:02.991+0000] {processor.py:830} INFO - Processing file /opt/airflow/dags/sales_pipeline_dag.py for tasks to queue
[2026-05-08T20:32:02.992+0000] {logging_mixin.py:188} INFO - [2026-05-08T20:32:02.992+0000] {dagbag.py:538} INFO - Filling up the DagBag from /opt/airflow/dags/sales_pipeline_dag.py
[2026-05-08T20:32:04.053+0000] {processor.py:840} INFO - DAG(s) 'sales_pipeline' retrieved from /opt/airflow/dags/sales_pipeline_dag.py
[2026-05-08T20:32:04.101+0000] {logging_mixin.py:188} INFO - [2026-05-08T20:32:04.101+0000] {dag.py:3036} INFO - Sync 1 DAGs
[2026-05-08T20:32:04.137+0000] {logging_mixin.py:188} INFO - [2026-05-08T20:32:04.136+0000] {dag.py:3823} INFO - Setting next_dagrun for sales_pipeline to 2026-05-08 00:00:00+00:00, run_after=2026-05-09 00:00:00+00:00
[2026-05-08T20:32:04.172+0000] {processor.py:183} INFO - Processing /opt/airflow/dags/sales_pipeline_dag.py took 1.187 seconds
[2026-05-08T20:32:30.960+0000] {processor.py:161} INFO - Started process (PID=5164) to work on /opt/airflow/dags/sales_pipeline_dag.py
[2026-05-08T20:32:30.962+0000] {processor.py:830} INFO - Processing file /opt/airflow/dags/sales_pipeline_dag.py for tasks to queue
[2026-05-08T20:32:30.965+0000] {logging_mixin.py:188} INFO - [2026-05-08T20:32:30.964+0000] {dagbag.py:538} INFO - Filling up the DagBag from /opt/airflow/dags/sales_pipeline_dag.py
[2026-05-08T20:32:32.451+0000] {processor.py:840} INFO - DAG(s) 'sales_pipeline' retrieved from /opt/airflow/dags/sales_pipeline_dag.py
[2026-05-08T20:32:32.494+0000] {logging_mixin.py:188} INFO - [2026-05-08T20:32:32.493+0000] {dag.py:3036} INFO - Sync 1 DAGs
[2026-05-08T20:32:32.534+0000] {logging_mixin.py:188} INFO - [2026-05-08T20:32:32.534+0000] {dag.py:3823} INFO - Setting next_dagrun for sales_pipeline to 2026-05-08 00:00:00+00:00, run_after=2026-05-09 00:00:00+00:00
[2026-05-08T20:32:32.579+0000] {processor.py:183} INFO - Processing /opt/airflow/dags/sales_pipeline_dag.py took 1.623 seconds
[2026-05-08T20:33:03.337+0000] {processor.py:161} INFO - Started process (PID=5175) to work on /opt/airflow/dags/sales_pipeline_dag.py
[2026-05-08T20:33:03.339+0000] {processor.py:830} INFO - Processing file /opt/airflow/dags/sales_pipeline_dag.py for tasks to queue
[2026-05-08T20:33:03.341+0000] {logging_mixin.py:188} INFO - [2026-05-08T20:33:03.341+0000] {dagbag.py:538} INFO - Filling up the DagBag from /opt/airflow/dags/sales_pipeline_dag.py
[2026-05-08T20:33:04.426+0000] {processor.py:840} INFO - DAG(s) 'sales_pipeline' retrieved from /opt/airflow/dags/sales_pipeline_dag.py
[2026-05-08T20:33:04.460+0000] {logging_mixin.py:188} INFO - [2026-05-08T20:33:04.460+0000] {dag.py:3036} INFO - Sync 1 DAGs
[2026-05-08T20:33:04.494+0000] {logging_mixin.py:188} INFO - [2026-05-08T20:33:04.494+0000] {dag.py:3823} INFO - Setting next_dagrun for sales_pipeline to 2026-05-08 00:00:00+00:00, run_after=2026-05-09 00:00:00+00:00
[2026-05-08T20:33:04.526+0000] {processor.py:183} INFO - Processing /opt/airflow/dags/sales_pipeline_dag.py took 1.193 seconds
[2026-05-08T20:33:35.197+0000] {processor.py:161} INFO - Started process (PID=5186) to work on /opt/airflow/dags/sales_pipeline_dag.py
[2026-05-08T20:33:35.199+0000] {processor.py:830} INFO - Processing file /opt/airflow/dags/sales_pipeline_dag.py for tasks to queue
[2026-05-08T20:33:35.201+0000] {logging_mixin.py:188} INFO - [2026-05-08T20:33:35.200+0000] {dagbag.py:538} INFO - Filling up the DagBag from /opt/airflow/dags/sales_pipeline_dag.py
[2026-05-08T20:33:36.285+0000] {processor.py:840} INFO - DAG(s) 'sales_pipeline' retrieved from /opt/airflow/dags/sales_pipeline_dag.py
[2026-05-08T20:33:36.343+0000] {logging_mixin.py:188} INFO - [2026-05-08T20:33:36.342+0000] {dag.py:3036} INFO - Sync 1 DAGs
[2026-05-08T20:33:36.407+0000] {logging_mixin.py:188} INFO - [2026-05-08T20:33:36.406+0000] {dag.py:3823} INFO - Setting next_dagrun for sales_pipeline to 2026-05-08 00:00:00+00:00, run_after=2026-05-09 00:00:00+00:00
[2026-05-08T20:33:36.453+0000] {processor.py:183} INFO - Processing /opt/airflow/dags/sales_pipeline_dag.py took 1.259 seconds
[2026-05-08T20:34:13.539+0000] {processor.py:161} INFO - Started process (PID=5197) to work on /opt/airflow/dags/sales_pipeline_dag.py
[2026-05-08T20:34:13.542+0000] {processor.py:830} INFO - Processing file /opt/airflow/dags/sales_pipeline_dag.py for tasks to queue
[2026-05-08T20:34:13.545+0000] {logging_mixin.py:188} INFO - [2026-05-08T20:34:13.544+0000] {dagbag.py:538} INFO - Filling up the DagBag from /opt/airflow/dags/sales_pipeline_dag.py
[2026-05-08T20:34:14.859+0000] {processor.py:840} INFO - DAG(s) 'sales_pipeline' retrieved from /opt/airflow/dags/sales_pipeline_dag.py
[2026-05-08T20:34:14.904+0000] {logging_mixin.py:188} INFO - [2026-05-08T20:34:14.903+0000] {dag.py:3036} INFO - Sync 1 DAGs
[2026-05-08T20:34:14.948+0000] {logging_mixin.py:188} INFO - [2026-05-08T20:34:14.948+0000] {dag.py:3823} INFO - Setting next_dagrun for sales_pipeline to 2026-05-08 00:00:00+00:00, run_after=2026-05-09 00:00:00+00:00
[2026-05-08T20:34:14.991+0000] {processor.py:183} INFO - Processing /opt/airflow/dags/sales_pipeline_dag.py took 1.456 seconds
[2026-05-08T20:34:46.108+0000] {processor.py:161} INFO - Started process (PID=5208) to work on /opt/airflow/dags/sales_pipeline_dag.py
[2026-05-08T20:34:46.110+0000] {processor.py:830} INFO - Processing file /opt/airflow/dags/sales_pipeline_dag.py for tasks to queue
[2026-05-08T20:34:46.112+0000] {logging_mixin.py:188} INFO - [2026-05-08T20:34:46.111+0000] {dagbag.py:538} INFO - Filling up the DagBag from /opt/airflow/dags/sales_pipeline_dag.py
[2026-05-08T20:34:46.833+0000] {processor.py:840} INFO - DAG(s) 'sales_pipeline' retrieved from /opt/airflow/dags/sales_pipeline_dag.py
[2026-05-08T20:34:46.883+0000] {logging_mixin.py:188} INFO - [2026-05-08T20:34:46.883+0000] {dag.py:3036} INFO - Sync 1 DAGs
[2026-05-08T20:34:46.924+0000] {logging_mixin.py:188} INFO - [2026-05-08T20:34:46.924+0000] {dag.py:3823} INFO - Setting next_dagrun for sales_pipeline to 2026-05-08 00:00:00+00:00, run_after=2026-05-09 00:00:00+00:00
[2026-05-08T20:34:46.965+0000] {processor.py:183} INFO - Processing /opt/airflow/dags/sales_pipeline_dag.py took 1.418 seconds
[2026-05-08T20:35:17.501+0000] {processor.py:161} INFO - Started process (PID=5219) to work on /opt/airflow/dags/sales_pipeline_dag.py
[2026-05-08T20:35:17.503+0000] {processor.py:830} INFO - Processing file /opt/airflow/dags/sales_pipeline_dag.py for tasks to queue
[2026-05-08T20:35:17.504+0000] {logging_mixin.py:188} INFO - [2026-05-08T20:35:17.504+0000] {dagbag.py:538} INFO - Filling up the DagBag from /opt/airflow/dags/sales_pipeline_dag.py
[2026-05-08T20:35:18.568+0000] {processor.py:840} INFO - DAG(s) 'sales_pipeline' retrieved from /opt/airflow/dags/sales_pipeline_dag.py
[2026-05-08T20:35:18.606+0000] {logging_mixin.py:188} INFO - [2026-05-08T20:35:18.605+0000] {dag.py:3036} INFO - Sync 1 DAGs
[2026-05-08T20:35:18.640+0000] {logging_mixin.py:188} INFO - [2026-05-08T20:35:18.640+0000] {dag.py:3823} INFO - Setting next_dagrun for sales_pipeline to 2026-05-08 00:00:00+00:00, run_after=2026-05-09 00:00:00+00:00
[2026-05-08T20:35:18.673+0000] {processor.py:183} INFO - Processing /opt/airflow/dags/sales_pipeline_dag.py took 1.176 seconds
[2026-05-08T20:35:49.763+0000] {processor.py:161} INFO - Started process (PID=5230) to work on /opt/airflow/dags/sales_pipeline_dag.py
[2026-05-08T20:35:49.765+0000] {processor.py:830} INFO - Processing file /opt/airflow/dags/sales_pipeline_dag.py for tasks to queue
[2026-05-08T20:35:49.769+0000] {logging_mixin.py:188} INFO - [2026-05-08T20:35:49.768+0000] {dagbag.py:538} INFO - Filling up the DagBag from /opt/airflow/dags/sales_pipeline_dag.py
[2026-05-08T20:35:51.091+0000] {processor.py:840} INFO - DAG(s) 'sales_pipeline' retrieved from /opt/airflow/dags/sales_pipeline_dag.py
[2026-05-08T20:35:51.152+0000] {logging_mixin.py:188} INFO - [2026-05-08T20:35:51.151+0000] {dag.py:3036} INFO - Sync 1 DAGs
[2026-05-08T20:35:51.215+0000] {logging_mixin.py:188} INFO - [2026-05-08T20:35:51.214+0000] {dag.py:3823} INFO - Setting next_dagrun for sales_pipeline to 2026-05-08 00:00:00+00:00, run_after=2026-05-09 00:00:00+00:00
[2026-05-08T20:35:51.268+0000] {processor.py:183} INFO - Processing /opt/airflow/dags/sales_pipeline_dag.py took 1.511 seconds
[2026-05-08T20:36:21.413+0000] {processor.py:161} INFO - Started process (PID=5241) to work on /opt/airflow/dags/sales_pipeline_dag.py
[2026-05-08T20:36:21.415+0000] {processor.py:830} INFO - Processing file /opt/airflow/dags/sales_pipeline_dag.py for tasks to queue
[2026-05-08T20:36:21.418+0000] {logging_mixin.py:188} INFO - [2026-05-08T20:36:21.417+0000] {dagbag.py:538} INFO - Filling up the DagBag from /opt/airflow/dags/sales_pipeline_dag.py
[2026-05-08T20:36:22.292+0000] {processor.py:840} INFO - DAG(s) 'sales_pipeline' retrieved from /opt/airflow/dags/sales_pipeline_dag.py
[2026-05-08T20:36:22.344+0000] {logging_mixin.py:188} INFO - [2026-05-08T20:36:22.343+0000] {dag.py:3036} INFO - Sync 1 DAGs
[2026-05-08T20:36:28.788+0000] {logging_mixin.py:188} INFO - [2026-05-08T20:36:28.788+0000] {dag.py:3823} INFO - Setting next_dagrun for sales_pipeline to 2026-05-08 00:00:00+00:00, run_after=2026-05-09 00:00:00+00:00
[2026-05-08T20:36:22.340+0000] {processor.py:183} INFO - Processing /opt/airflow/dags/sales_pipeline_dag.py took 1.537 seconds
[2026-05-08T20:36:51.369+0000] {processor.py:161} INFO - Started process (PID=5255) to work on /opt/airflow/dags/sales_pipeline_dag.py
[2026-05-08T20:36:51.371+0000] {processor.py:830} INFO - Processing file /opt/airflow/dags/sales_pipeline_dag.py for tasks to queue
[2026-05-08T20:36:51.374+0000] {logging_mixin.py:188} INFO - [2026-05-08T20:36:51.373+0000] {dagbag.py:538} INFO - Filling up the DagBag from /opt/airflow/dags/sales_pipeline_dag.py
[2026-05-08T20:36:52.658+0000] {processor.py:840} INFO - DAG(s) 'sales_pipeline' retrieved from /opt/airflow/dags/sales_pipeline_dag.py
[2026-05-08T20:36:52.713+0000] {logging_mixin.py:188} INFO - [2026-05-08T20:36:52.712+0000] {dag.py:3036} INFO - Sync 1 DAGs
[2026-05-08T20:36:52.760+0000] {logging_mixin.py:188} INFO - [2026-05-08T20:36:52.759+0000] {dag.py:3823} INFO - Setting next_dagrun for sales_pipeline to 2026-05-08 00:00:00+00:00, run_after=2026-05-09 00:00:00+00:00
[2026-05-08T20:36:52.806+0000] {processor.py:183} INFO - Processing /opt/airflow/dags/sales_pipeline_dag.py took 1.443 seconds
[2026-05-08T20:37:22.887+0000] {processor.py:161} INFO - Started process (PID=5268) to work on /opt/airflow/dags/sales_pipeline_dag.py
[2026-05-08T20:37:22.889+0000] {processor.py:830} INFO - Processing file /opt/airflow/dags/sales_pipeline_dag.py for tasks to queue
[2026-05-08T20:37:22.891+0000] {logging_mixin.py:188} INFO - [2026-05-08T20:37:22.891+0000] {dagbag.py:538} INFO - Filling up the DagBag from /opt/airflow/dags/sales_pipeline_dag.py
[2026-05-08T20:37:23.894+0000] {processor.py:840} INFO - DAG(s) 'sales_pipeline' retrieved from /opt/airflow/dags/sales_pipeline_dag.py
[2026-05-08T20:37:23.941+0000] {logging_mixin.py:188} INFO - [2026-05-08T20:37:23.940+0000] {dag.py:3036} INFO - Sync 1 DAGs
[2026-05-08T20:37:23.980+0000] {logging_mixin.py:188} INFO - [2026-05-08T20:37:23.980+0000] {dag.py:3823} INFO - Setting next_dagrun for sales_pipeline to 2026-05-08 00:00:00+00:00, run_after=2026-05-09 00:00:00+00:00
[2026-05-08T20:37:24.021+0000] {processor.py:183} INFO - Processing /opt/airflow/dags/sales_pipeline_dag.py took 1.138 seconds
[2026-05-08T20:37:54.279+0000] {processor.py:161} INFO - Started process (PID=5279) to work on /opt/airflow/dags/sales_pipeline_dag.py
[2026-05-08T20:37:54.284+0000] {processor.py:830} INFO - Processing file /opt/airflow/dags/sales_pipeline_dag.py for tasks to queue
[2026-05-08T20:37:54.291+0000] {logging_mixin.py:188} INFO - [2026-05-08T20:37:54.290+0000] {dagbag.py:538} INFO - Filling up the DagBag from /opt/airflow/dags/sales_pipeline_dag.py
[2026-05-08T20:37:56.146+0000] {processor.py:840} INFO - DAG(s) 'sales_pipeline' retrieved from /opt/airflow/dags/sales_pipeline_dag.py
[2026-05-08T20:37:56.239+0000] {logging_mixin.py:188} INFO - [2026-05-08T20:37:56.237+0000] {dag.py:3036} INFO - Sync 1 DAGs
[2026-05-08T20:37:56.349+0000] {logging_mixin.py:188} INFO - [2026-05-08T20:37:56.348+0000] {dag.py:3823} INFO - Setting next_dagrun for sales_pipeline to 2026-05-08 00:00:00+00:00, run_after=2026-05-09 00:00:00+00:00
[2026-05-08T20:37:56.451+0000] {processor.py:183} INFO - Processing /opt/airflow/dags/sales_pipeline_dag.py took 2.180 seconds
[2026-05-08T20:38:26.663+0000] {processor.py:161} INFO - Started process (PID=5290) to work on /opt/airflow/dags/sales_pipeline_dag.py
[2026-05-08T20:38:26.666+0000] {processor.py:830} INFO - Processing file /opt/airflow/dags/sales_pipeline_dag.py for tasks to queue
[2026-05-08T20:38:26.670+0000] {logging_mixin.py:188} INFO - [2026-05-08T20:38:26.669+0000] {dagbag.py:538} INFO - Filling up the DagBag from /opt/airflow/dags/sales_pipeline_dag.py
[2026-05-08T20:38:27.453+0000] {processor.py:840} INFO - DAG(s) 'sales_pipeline' retrieved from /opt/airflow/dags/sales_pipeline_dag.py
[2026-05-08T20:38:27.498+0000] {logging_mixin.py:188} INFO - [2026-05-08T20:38:27.498+0000] {dag.py:3036} INFO - Sync 1 DAGs
[2026-05-08T20:38:27.554+0000] {logging_mixin.py:188} INFO - [2026-05-08T20:38:27.554+0000] {dag.py:3823} INFO - Setting next_dagrun for sales_pipeline to 2026-05-08 00:00:00+00:00, run_after=2026-05-09 00:00:00+00:00
[2026-05-08T20:38:27.599+0000] {processor.py:183} INFO - Processing /opt/airflow/dags/sales_pipeline_dag.py took 1.449 seconds
[2026-05-08T20:38:57.858+0000] {processor.py:161} INFO - Started process (PID=5301) to work on /opt/airflow/dags/sales_pipeline_dag.py
[2026-05-08T20:38:57.860+0000] {processor.py:830} INFO - Processing file /opt/airflow/dags/sales_pipeline_dag.py for tasks to queue
[2026-05-08T20:38:57.863+0000] {logging_mixin.py:188} INFO - [2026-05-08T20:38:57.862+0000] {dagbag.py:538} INFO - Filling up the DagBag from /opt/airflow/dags/sales_pipeline_dag.py
[2026-05-08T20:38:59.275+0000] {processor.py:840} INFO - DAG(s) 'sales_pipeline' retrieved from /opt/airflow/dags/sales_pipeline_dag.py
[2026-05-08T20:38:59.358+0000] {logging_mixin.py:188} INFO - [2026-05-08T20:38:59.356+0000] {dag.py:3036} INFO - Sync 1 DAGs
[2026-05-08T20:38:59.429+0000] {logging_mixin.py:188} INFO - [2026-05-08T20:38:59.428+0000] {dag.py:3823} INFO - Setting next_dagrun for sales_pipeline to 2026-05-08 00:00:00+00:00, run_after=2026-05-09 00:00:00+00:00
[2026-05-08T20:38:59.477+0000] {processor.py:183} INFO - Processing /opt/airflow/dags/sales_pipeline_dag.py took 1.625 seconds
[2026-05-08T20:39:29.628+0000] {processor.py:161} INFO - Started process (PID=5312) to work on /opt/airflow/dags/sales_pipeline_dag.py
[2026-05-08T20:39:29.631+0000] {processor.py:830} INFO - Processing file /opt/airflow/dags/sales_pipeline_dag.py for tasks to queue
[2026-05-08T20:39:29.635+0000] {logging_mixin.py:188} INFO - [2026-05-08T20:39:29.634+0000] {dagbag.py:538} INFO - Filling up the DagBag from /opt/airflow/dags/sales_pipeline_dag.py
[2026-05-08T20:39:31.080+0000] {processor.py:840} INFO - DAG(s) 'sales_pipeline' retrieved from /opt/airflow/dags/sales_pipeline_dag.py
[2026-05-08T20:39:31.132+0000] {logging_mixin.py:188} INFO - [2026-05-08T20:39:31.131+0000] {dag.py:3036} INFO - Sync 1 DAGs
[2026-05-08T20:39:31.179+0000] {logging_mixin.py:188} INFO - [2026-05-08T20:39:31.179+0000] {dag.py:3823} INFO - Setting next_dagrun for sales_pipeline to 2026-05-08 00:00:00+00:00, run_after=2026-05-09 00:00:00+00:00
[2026-05-08T20:39:31.218+0000] {processor.py:183} INFO - Processing /opt/airflow/dags/sales_pipeline_dag.py took 1.598 seconds
[2026-05-08T20:40:01.798+0000] {processor.py:161} INFO - Started process (PID=5323) to work on /opt/airflow/dags/sales_pipeline_dag.py
[2026-05-08T20:40:01.801+0000] {processor.py:830} INFO - Processing file /opt/airflow/dags/sales_pipeline_dag.py for tasks to queue
[2026-05-08T20:40:01.808+0000] {logging_mixin.py:188} INFO - [2026-05-08T20:40:01.807+0000] {dagbag.py:538} INFO - Filling up the DagBag from /opt/airflow/dags/sales_pipeline_dag.py
[2026-05-08T20:40:03.004+0000] {processor.py:840} INFO - DAG(s) 'sales_pipeline' retrieved from /opt/airflow/dags/sales_pipeline_dag.py
[2026-05-08T20:40:03.059+0000] {logging_mixin.py:188} INFO - [2026-05-08T20:40:03.058+0000] {dag.py:3036} INFO - Sync 1 DAGs
[2026-05-08T20:40:03.095+0000] {logging_mixin.py:188} INFO - [2026-05-08T20:40:03.094+0000] {dag.py:3823} INFO - Setting next_dagrun for sales_pipeline to 2026-05-08 00:00:00+00:00, run_after=2026-05-09 00:00:00+00:00
[2026-05-08T20:40:03.140+0000] {processor.py:183} INFO - Processing /opt/airflow/dags/sales_pipeline_dag.py took 1.348 seconds
[2026-05-08T20:40:34.166+0000] {processor.py:161} INFO - Started process (PID=5334) to work on /opt/airflow/dags/sales_pipeline_dag.py
[2026-05-08T20:40:34.168+0000] {processor.py:830} INFO - Processing file /opt/airflow/dags/sales_pipeline_dag.py for tasks to queue
[2026-05-08T20:40:34.170+0000] {logging_mixin.py:188} INFO - [2026-05-08T20:40:34.170+0000] {dagbag.py:538} INFO - Filling up the DagBag from /opt/airflow/dags/sales_pipeline_dag.py
[2026-05-08T20:40:35.441+0000] {processor.py:840} INFO - DAG(s) 'sales_pipeline' retrieved from /opt/airflow/dags/sales_pipeline_dag.py
[2026-05-08T20:40:35.499+0000] {logging_mixin.py:188} INFO - [2026-05-08T20:40:35.498+0000] {dag.py:3036} INFO - Sync 1 DAGs
[2026-05-08T20:40:35.570+0000] {logging_mixin.py:188} INFO - [2026-05-08T20:40:35.569+0000] {dag.py:3823} INFO - Setting next_dagrun for sales_pipeline to 2026-05-08 00:00:00+00:00, run_after=2026-05-09 00:00:00+00:00
[2026-05-08T20:40:35.619+0000] {processor.py:183} INFO - Processing /opt/airflow/dags/sales_pipeline_dag.py took 1.457 seconds
[2026-05-08T20:41:05.806+0000] {processor.py:161} INFO - Started process (PID=5345) to work on /opt/airflow/dags/sales_pipeline_dag.py
[2026-05-08T20:41:05.808+0000] {processor.py:830} INFO - Processing file /opt/airflow/dags/sales_pipeline_dag.py for tasks to queue
[2026-05-08T20:41:05.810+0000] {logging_mixin.py:188} INFO - [2026-05-08T20:41:05.810+0000] {dagbag.py:538} INFO - Filling up the DagBag from /opt/airflow/dags/sales_pipeline_dag.py
[2026-05-08T20:41:06.937+0000] {processor.py:840} INFO - DAG(s) 'sales_pipeline' retrieved from /opt/airflow/dags/sales_pipeline_dag.py
[2026-05-08T20:41:06.987+0000] {logging_mixin.py:188} INFO - [2026-05-08T20:41:06.985+0000] {dag.py:3036} INFO - Sync 1 DAGs
[2026-05-08T20:41:07.035+0000] {logging_mixin.py:188} INFO - [2026-05-08T20:41:07.035+0000] {dag.py:3823} INFO - Setting next_dagrun for sales_pipeline to 2026-05-08 00:00:00+00:00, run_after=2026-05-09 00:00:00+00:00
[2026-05-08T20:41:07.089+0000] {processor.py:183} INFO - Processing /opt/airflow/dags/sales_pipeline_dag.py took 1.287 seconds
[2026-05-08T20:41:37.593+0000] {processor.py:161} INFO - Started process (PID=5356) to work on /opt/airflow/dags/sales_pipeline_dag.py
[2026-05-08T20:41:37.594+0000] {processor.py:830} INFO - Processing file /opt/airflow/dags/sales_pipeline_dag.py for tasks to queue
[2026-05-08T20:41:37.597+0000] {logging_mixin.py:188} INFO - [2026-05-08T20:41:37.596+0000] {dagbag.py:538} INFO - Filling up the DagBag from /opt/airflow/dags/sales_pipeline_dag.py
[2026-05-08T20:41:38.659+0000] {processor.py:840} INFO - DAG(s) 'sales_pipeline' retrieved from /opt/airflow/dags/sales_pipeline_dag.py
[2026-05-08T20:41:38.706+0000] {logging_mixin.py:188} INFO - [2026-05-08T20:41:38.705+0000] {dag.py:3036} INFO - Sync 1 DAGs
[2026-05-08T20:41:38.769+0000] {logging_mixin.py:188} INFO - [2026-05-08T20:41:38.769+0000] {dag.py:3823} INFO - Setting next_dagrun for sales_pipeline to 2026-05-08 00:00:00+00:00, run_after=2026-05-09 00:00:00+00:00
[2026-05-08T20:41:38.815+0000] {processor.py:183} INFO - Processing /opt/airflow/dags/sales_pipeline_dag.py took 1.227 seconds
[2026-05-08T20:42:09.909+0000] {processor.py:161} INFO - Started process (PID=5367) to work on /opt/airflow/dags/sales_pipeline_dag.py
[2026-05-08T20:42:09.911+0000] {processor.py:830} INFO - Processing file /opt/airflow/dags/sales_pipeline_dag.py for tasks to queue
[2026-05-08T20:42:09.913+0000] {logging_mixin.py:188} INFO - [2026-05-08T20:42:09.913+0000] {dagbag.py:538} INFO - Filling up the DagBag from /opt/airflow/dags/sales_pipeline_dag.py
[2026-05-08T20:42:11.151+0000] {processor.py:840} INFO - DAG(s) 'sales_pipeline' retrieved from /opt/airflow/dags/sales_pipeline_dag.py
[2026-05-08T20:42:11.214+0000] {logging_mixin.py:188} INFO - [2026-05-08T20:42:11.213+0000] {dag.py:3036} INFO - Sync 1 DAGs
[2026-05-08T20:42:11.277+0000] {logging_mixin.py:188} INFO - [2026-05-08T20:42:11.276+0000] {dag.py:3823} INFO - Setting next_dagrun for sales_pipeline to 2026-05-08 00:00:00+00:00, run_after=2026-05-09 00:00:00+00:00
[2026-05-08T20:42:11.323+0000] {processor.py:183} INFO - Processing /opt/airflow/dags/sales_pipeline_dag.py took 1.418 seconds
[2026-05-08T20:42:42.272+0000] {processor.py:161} INFO - Started process (PID=5378) to work on /opt/airflow/dags/sales_pipeline_dag.py
[2026-05-08T20:42:42.274+0000] {processor.py:830} INFO - Processing file /opt/airflow/dags/sales_pipeline_dag.py for tasks to queue
[2026-05-08T20:42:42.275+0000] {logging_mixin.py:188} INFO - [2026-05-08T20:42:42.275+0000] {dagbag.py:538} INFO - Filling up the DagBag from /opt/airflow/dags/sales_pipeline_dag.py
[2026-05-08T20:42:42.794+0000] {processor.py:840} INFO - DAG(s) 'sales_pipeline' retrieved from /opt/airflow/dags/sales_pipeline_dag.py
[2026-05-08T20:42:42.842+0000] {logging_mixin.py:188} INFO - [2026-05-08T20:42:42.841+0000] {dag.py:3036} INFO - Sync 1 DAGs
[2026-05-08T20:42:42.881+0000] {logging_mixin.py:188} INFO - [2026-05-08T20:42:42.880+0000] {dag.py:3823} INFO - Setting next_dagrun for sales_pipeline to 2026-05-08 00:00:00+00:00, run_after=2026-05-09 00:00:00+00:00
[2026-05-08T20:42:42.915+0000] {processor.py:183} INFO - Processing /opt/airflow/dags/sales_pipeline_dag.py took 1.147 seconds
[2026-05-08T20:43:13.091+0000] {processor.py:161} INFO - Started process (PID=5389) to work on /opt/airflow/dags/sales_pipeline_dag.py
[2026-05-08T20:43:13.093+0000] {processor.py:830} INFO - Processing file /opt/airflow/dags/sales_pipeline_dag.py for tasks to queue
[2026-05-08T20:43:13.095+0000] {logging_mixin.py:188} INFO - [2026-05-08T20:43:13.095+0000] {dagbag.py:538} INFO - Filling up the DagBag from /opt/airflow/dags/sales_pipeline_dag.py
[2026-05-08T20:43:14.216+0000] {processor.py:840} INFO - DAG(s) 'sales_pipeline' retrieved from /opt/airflow/dags/sales_pipeline_dag.py
[2026-05-08T20:43:14.266+0000] {logging_mixin.py:188} INFO - [2026-05-08T20:43:14.265+0000] {dag.py:3036} INFO - Sync 1 DAGs
[2026-05-08T20:43:14.316+0000] {logging_mixin.py:188} INFO - [2026-05-08T20:43:14.316+0000] {dag.py:3823} INFO - Setting next_dagrun for sales_pipeline to 2026-05-08 00:00:00+00:00, run_after=2026-05-09 00:00:00+00:00
[2026-05-08T20:43:14.363+0000] {processor.py:183} INFO - Processing /opt/airflow/dags/sales_pipeline_dag.py took 1.276 seconds
[2026-05-08T20:43:42.078+0000] {processor.py:161} INFO - Started process (PID=5400) to work on /opt/airflow/dags/sales_pipeline_dag.py
[2026-05-08T20:43:42.081+0000] {processor.py:830} INFO - Processing file /opt/airflow/dags/sales_pipeline_dag.py for tasks to queue
[2026-05-08T20:43:42.085+0000] {logging_mixin.py:188} INFO - [2026-05-08T20:43:42.084+0000] {dagbag.py:538} INFO - Filling up the DagBag from /opt/airflow/dags/sales_pipeline_dag.py
[2026-05-08T20:43:43.736+0000] {processor.py:840} INFO - DAG(s) 'sales_pipeline' retrieved from /opt/airflow/dags/sales_pipeline_dag.py
[2026-05-08T20:43:43.799+0000] {logging_mixin.py:188} INFO - [2026-05-08T20:43:43.798+0000] {dag.py:3036} INFO - Sync 1 DAGs
[2026-05-08T20:43:43.866+0000] {logging_mixin.py:188} INFO - [2026-05-08T20:43:43.865+0000] {dag.py:3823} INFO - Setting next_dagrun for sales_pipeline to 2026-05-08 00:00:00+00:00, run_after=2026-05-09 00:00:00+00:00
[2026-05-08T20:43:43.921+0000] {processor.py:183} INFO - Processing /opt/airflow/dags/sales_pipeline_dag.py took 1.854 seconds
[2026-05-08T23:44:32.560+0000] {processor.py:161} INFO - Started process (PID=5409) to work on /opt/airflow/dags/sales_pipeline_dag.py
[2026-05-08T23:44:32.653+0000] {processor.py:830} INFO - Processing file /opt/airflow/dags/sales_pipeline_dag.py for tasks to queue
[2026-05-08T23:44:32.672+0000] {logging_mixin.py:188} INFO - [2026-05-08T23:44:32.671+0000] {dagbag.py:538} INFO - Filling up the DagBag from /opt/airflow/dags/sales_pipeline_dag.py
[2026-05-08T23:44:34.624+0000] {processor.py:840} INFO - DAG(s) 'sales_pipeline' retrieved from /opt/airflow/dags/sales_pipeline_dag.py
[2026-05-08T23:44:34.692+0000] {logging_mixin.py:188} INFO - [2026-05-08T23:44:34.691+0000] {dag.py:3036} INFO - Sync 1 DAGs
[2026-05-08T23:44:34.772+0000] {logging_mixin.py:188} INFO - [2026-05-08T23:44:34.772+0000] {dag.py:3823} INFO - Setting next_dagrun for sales_pipeline to 2026-05-08 00:00:00+00:00, run_after=2026-05-09 00:00:00+00:00
[2026-05-08T23:44:35.032+0000] {processor.py:183} INFO - Processing /opt/airflow/dags/sales_pipeline_dag.py took 2.489 seconds
