[2026-05-16T19:41:47.473+0000] {taskinstance.py:1956} INFO - Dependencies all met for dep_context=non-requeueable deps ti=<TaskInstance: dbt_pipeline.dbt_run scheduled__2026-05-10T00:00:00+00:00 [queued]>
[2026-05-16T19:41:47.558+0000] {taskinstance.py:1956} INFO - Dependencies all met for dep_context=requeueable deps ti=<TaskInstance: dbt_pipeline.dbt_run scheduled__2026-05-10T00:00:00+00:00 [queued]>
[2026-05-16T19:41:47.561+0000] {taskinstance.py:2170} INFO - Starting attempt 1 of 1
[2026-05-16T19:41:48.230+0000] {taskinstance.py:2191} INFO - Executing <Task(BashOperator): dbt_run> on 2026-05-10 00:00:00+00:00
[2026-05-16T19:41:48.240+0000] {standard_task_runner.py:60} INFO - Started process 8031 to run task
[2026-05-16T19:41:48.246+0000] {standard_task_runner.py:87} INFO - Running: ['***', 'tasks', 'run', 'dbt_pipeline', 'dbt_run', 'scheduled__2026-05-10T00:00:00+00:00', '--job-id', '140', '--raw', '--subdir', 'DAGS_FOLDER/dbt_pipeline_dag.py', '--cfg-path', '/tmp/tmpm6hpckdw']
[2026-05-16T19:41:48.250+0000] {standard_task_runner.py:88} INFO - Job 140: Subtask dbt_run
[2026-05-16T19:41:48.663+0000] {task_command.py:423} INFO - Running <TaskInstance: dbt_pipeline.dbt_run scheduled__2026-05-10T00:00:00+00:00 [running]> on host c5c53f6c77ae
[2026-05-16T19:41:49.201+0000] {taskinstance.py:2480} INFO - Exporting env vars: AIRFLOW_CTX_DAG_OWNER='***' AIRFLOW_CTX_DAG_ID='dbt_pipeline' AIRFLOW_CTX_TASK_ID='dbt_run' AIRFLOW_CTX_EXECUTION_DATE='2026-05-10T00:00:00+00:00' AIRFLOW_CTX_TRY_NUMBER='1' AIRFLOW_CTX_DAG_RUN_ID='scheduled__2026-05-10T00:00:00+00:00'
[2026-05-16T19:41:49.204+0000] {subprocess.py:63} INFO - Tmp dir root location: /tmp
[2026-05-16T19:41:49.232+0000] {subprocess.py:75} INFO - Running command: ['/usr/bin/bash', '-c', 'cd /opt/***/project/week7/de_journey && dbt run --profiles-dir /opt/***/project/week7/de_journey --no-version-check']
[2026-05-16T19:41:49.259+0000] {subprocess.py:86} INFO - Output:
[2026-05-16T19:41:55.765+0000] {subprocess.py:93} INFO - [0m19:41:55  Running with dbt=1.8.7
[2026-05-16T19:41:58.339+0000] {subprocess.py:93} INFO - [0m19:41:58  Registered adapter: bigquery=1.8.3
[2026-05-16T19:42:08.273+0000] {subprocess.py:93} INFO - [0m19:42:08  Found 2 models, 1 snapshot, 13 data tests, 1 source, 759 macros
[2026-05-16T19:42:08.305+0000] {subprocess.py:93} INFO - [0m19:42:08
[2026-05-16T19:42:10.935+0000] {subprocess.py:93} INFO - [0m19:42:10  Concurrency: 4 threads (target='dev')
[2026-05-16T19:42:10.938+0000] {subprocess.py:93} INFO - [0m19:42:10
[2026-05-16T19:42:10.987+0000] {subprocess.py:93} INFO - [0m19:42:10  1 of 2 START sql view model de_journey_dw_staging.stg_sales .................... [RUN]
[2026-05-16T19:42:14.127+0000] {subprocess.py:93} INFO - [0m19:42:14  1 of 2 OK created sql view model de_journey_dw_staging.stg_sales ............... [[32mCREATE VIEW (0 processed)[0m in 3.10s]
[2026-05-16T19:42:14.173+0000] {subprocess.py:93} INFO - [0m19:42:14  2 of 2 START sql incremental model de_journey_dw_marts.mart_sales_summary ...... [RUN]
[2026-05-16T19:42:19.324+0000] {subprocess.py:93} INFO - [0m19:42:19  2 of 2 OK created sql incremental model de_journey_dw_marts.mart_sales_summary . [[32mMERGE (0.0 rows, 278.0 Bytes processed)[0m in 5.13s]
[2026-05-16T19:42:19.343+0000] {subprocess.py:93} INFO - [0m19:42:19
[2026-05-16T19:42:19.345+0000] {subprocess.py:93} INFO - [0m19:42:19  Finished running 1 view model, 1 incremental model in 0 hours 0 minutes and 11.03 seconds (11.03s).
[2026-05-16T19:42:19.616+0000] {subprocess.py:93} INFO - [0m19:42:19
[2026-05-16T19:42:19.619+0000] {subprocess.py:93} INFO - [0m19:42:19  [32mCompleted successfully[0m
[2026-05-16T19:42:19.621+0000] {subprocess.py:93} INFO - [0m19:42:19
[2026-05-16T19:42:19.625+0000] {subprocess.py:93} INFO - [0m19:42:19  Done. PASS=2 WARN=0 ERROR=0 SKIP=0 TOTAL=2
[2026-05-16T19:42:22.744+0000] {subprocess.py:97} INFO - Command exited with return code 0
[2026-05-16T19:42:22.955+0000] {taskinstance.py:1138} INFO - Marking task as SUCCESS. dag_id=dbt_pipeline, task_id=dbt_run, execution_date=20260510T000000, start_date=20260516T194147, end_date=20260516T194222
[2026-05-16T19:42:23.150+0000] {local_task_job_runner.py:234} INFO - Task exited with return code 0
[2026-05-16T19:42:23.379+0000] {taskinstance.py:3280} INFO - 1 downstream tasks scheduled from follow-on schedule check
