[2026-05-31T20:08:27.588+0000] {taskinstance.py:1956} INFO - Dependencies all met for dep_context=non-requeueable deps ti=<TaskInstance: dbt_pipeline.dbt_snapshot scheduled__2026-05-30T00:00:00+00:00 [queued]>
[2026-05-31T20:08:27.648+0000] {taskinstance.py:1956} INFO - Dependencies all met for dep_context=requeueable deps ti=<TaskInstance: dbt_pipeline.dbt_snapshot scheduled__2026-05-30T00:00:00+00:00 [queued]>
[2026-05-31T20:08:27.661+0000] {taskinstance.py:2170} INFO - Starting attempt 1 of 1
[2026-05-31T20:08:27.931+0000] {taskinstance.py:2191} INFO - Executing <Task(BashOperator): dbt_snapshot> on 2026-05-30 00:00:00+00:00
[2026-05-31T20:08:27.942+0000] {standard_task_runner.py:60} INFO - Started process 12116 to run task
[2026-05-31T20:08:27.948+0000] {standard_task_runner.py:87} INFO - Running: ['***', 'tasks', 'run', 'dbt_pipeline', 'dbt_snapshot', 'scheduled__2026-05-30T00:00:00+00:00', '--job-id', '160', '--raw', '--subdir', 'DAGS_FOLDER/dbt_pipeline_dag.py', '--cfg-path', '/tmp/tmpdev_hm4d']
[2026-05-31T20:08:27.953+0000] {standard_task_runner.py:88} INFO - Job 160: Subtask dbt_snapshot
[2026-05-31T20:08:28.443+0000] {task_command.py:423} INFO - Running <TaskInstance: dbt_pipeline.dbt_snapshot scheduled__2026-05-30T00:00:00+00:00 [running]> on host c5c53f6c77ae
[2026-05-31T20:08:29.923+0000] {taskinstance.py:2480} INFO - Exporting env vars: AIRFLOW_CTX_DAG_OWNER='***' AIRFLOW_CTX_DAG_ID='dbt_pipeline' AIRFLOW_CTX_TASK_ID='dbt_snapshot' AIRFLOW_CTX_EXECUTION_DATE='2026-05-30T00:00:00+00:00' AIRFLOW_CTX_TRY_NUMBER='1' AIRFLOW_CTX_DAG_RUN_ID='scheduled__2026-05-30T00:00:00+00:00'
[2026-05-31T20:08:29.926+0000] {subprocess.py:63} INFO - Tmp dir root location: /tmp
[2026-05-31T20:08:30.187+0000] {subprocess.py:75} INFO - Running command: ['/usr/bin/bash', '-c', 'cd /opt/***/project/week7/de_journey && dbt snapshot --profiles-dir /opt/***/project/week7/de_journey --no-version-check']
[2026-05-31T20:08:30.419+0000] {subprocess.py:86} INFO - Output:
[2026-05-31T20:10:01.811+0000] {subprocess.py:93} INFO - [0m20:10:01  Running with dbt=1.8.7
[2026-05-31T20:10:09.834+0000] {subprocess.py:93} INFO - [0m20:10:09  Registered adapter: bigquery=1.8.3
[2026-05-31T20:10:18.999+0000] {subprocess.py:93} INFO - [0m20:10:18  Found 2 models, 1 snapshot, 13 data tests, 1 source, 759 macros
[2026-05-31T20:10:19.008+0000] {subprocess.py:93} INFO - [0m20:10:19
[2026-05-31T20:10:44.015+0000] {subprocess.py:93} INFO - [0m20:10:44  Concurrency: 4 threads (target='dev')
[2026-05-31T20:10:44.020+0000] {subprocess.py:93} INFO - [0m20:10:44
[2026-05-31T20:10:44.084+0000] {subprocess.py:93} INFO - [0m20:10:44  1 of 1 START snapshot snapshots.sales_snapshot ................................. [RUN]
[2026-05-31T20:10:37.556+0000] {subprocess.py:93} INFO - [0m20:10:37  1 of 1 OK snapshotted snapshots.sales_snapshot ................................. [[32mMERGE (0.0 rows, 351.0 Bytes processed)[0m in -6.54s]
[2026-05-31T20:10:37.570+0000] {subprocess.py:93} INFO - [0m20:10:37
[2026-05-31T20:10:37.572+0000] {subprocess.py:93} INFO - [0m20:10:37  Finished running 1 snapshot in 0 hours 0 minutes and 18.56 seconds (18.56s).
[2026-05-31T20:10:39.419+0000] {subprocess.py:93} INFO - [0m20:10:39
[2026-05-31T20:10:39.422+0000] {subprocess.py:93} INFO - [0m20:10:39  [32mCompleted successfully[0m
[2026-05-31T20:10:39.427+0000] {subprocess.py:93} INFO - [0m20:10:39
[2026-05-31T20:10:39.431+0000] {subprocess.py:93} INFO - [0m20:10:39  Done. PASS=1 WARN=0 ERROR=0 SKIP=0 TOTAL=1
[2026-05-31T20:10:40.766+0000] {subprocess.py:97} INFO - Command exited with return code 0
[2026-05-31T20:10:41.384+0000] {taskinstance.py:1138} INFO - Marking task as SUCCESS. dag_id=dbt_pipeline, task_id=dbt_snapshot, execution_date=20260530T000000, start_date=20260531T200827, end_date=20260531T201041
[2026-05-31T20:10:42.593+0000] {local_task_job_runner.py:234} INFO - Task exited with return code 0
[2026-05-31T20:10:42.656+0000] {taskinstance.py:3280} INFO - 1 downstream tasks scheduled from follow-on schedule check
