[2026-04-30T00:19:45.682+0000] {taskinstance.py:1956} INFO - Dependencies all met for dep_context=non-requeueable deps ti=<TaskInstance: dbt_pipeline.dbt_snapshot scheduled__2026-04-29T00:00:00+00:00 [queued]>
[2026-04-30T00:19:45.729+0000] {taskinstance.py:1956} INFO - Dependencies all met for dep_context=requeueable deps ti=<TaskInstance: dbt_pipeline.dbt_snapshot scheduled__2026-04-29T00:00:00+00:00 [queued]>
[2026-04-30T00:19:45.731+0000] {taskinstance.py:2170} INFO - Starting attempt 1 of 1
[2026-04-30T00:19:45.886+0000] {taskinstance.py:2191} INFO - Executing <Task(BashOperator): dbt_snapshot> on 2026-04-29 00:00:00+00:00
[2026-04-30T00:19:45.897+0000] {standard_task_runner.py:60} INFO - Started process 556 to run task
[2026-04-30T00:19:45.901+0000] {standard_task_runner.py:87} INFO - Running: ['***', 'tasks', 'run', 'dbt_pipeline', 'dbt_snapshot', 'scheduled__2026-04-29T00:00:00+00:00', '--job-id', '68', '--raw', '--subdir', 'DAGS_FOLDER/dbt_pipeline_dag.py', '--cfg-path', '/tmp/tmpfzl1nqs2']
[2026-04-30T00:19:45.906+0000] {standard_task_runner.py:88} INFO - Job 68: Subtask dbt_snapshot
[2026-04-30T00:19:46.097+0000] {task_command.py:423} INFO - Running <TaskInstance: dbt_pipeline.dbt_snapshot scheduled__2026-04-29T00:00:00+00:00 [running]> on host c5c53f6c77ae
[2026-04-30T00:19:46.518+0000] {taskinstance.py:2480} INFO - Exporting env vars: AIRFLOW_CTX_DAG_OWNER='***' AIRFLOW_CTX_DAG_ID='dbt_pipeline' AIRFLOW_CTX_TASK_ID='dbt_snapshot' AIRFLOW_CTX_EXECUTION_DATE='2026-04-29T00:00:00+00:00' AIRFLOW_CTX_TRY_NUMBER='1' AIRFLOW_CTX_DAG_RUN_ID='scheduled__2026-04-29T00:00:00+00:00'
[2026-04-30T00:19:46.521+0000] {subprocess.py:63} INFO - Tmp dir root location: /tmp
[2026-04-30T00:19:46.523+0000] {subprocess.py:75} INFO - Running command: ['/usr/bin/bash', '-c', 'cd /opt/***/project/week7/de_journey && dbt snapshot --profiles-dir /opt/***/project/week7/de_journey --no-version-check']
[2026-04-30T00:19:46.553+0000] {subprocess.py:86} INFO - Output:
[2026-04-30T00:19:50.043+0000] {subprocess.py:93} INFO - [0m00:19:50  Running with dbt=1.8.7
[2026-04-30T00:19:51.884+0000] {subprocess.py:93} INFO - [0m00:19:51  Registered adapter: bigquery=1.8.3
[2026-04-30T19:07:56.359+0000] {local_task_job_runner.py:211} ERROR - Heartbeat time limit exceeded!
[2026-04-30T19:07:56.391+0000] {process_utils.py:131} INFO - Sending 15 to group 556. PIDs of all processes in the group: [558, 568, 556]
[2026-04-30T19:07:56.393+0000] {process_utils.py:86} INFO - Sending the signal 15 to group 556
[2026-04-30T19:07:56.395+0000] {taskinstance.py:2450} ERROR - Received SIGTERM. Terminating subprocesses.
[2026-04-30T19:07:56.399+0000] {subprocess.py:104} INFO - Sending SIGTERM signal to process group
[2026-04-30T19:07:56.466+0000] {taskinstance.py:2698} ERROR - Task failed with exception
Traceback (most recent call last):
  File "/home/airflow/.local/lib/python3.8/site-packages/airflow/models/taskinstance.py", line 433, in _execute_task
    result = execute_callable(context=context, **execute_callable_kwargs)
  File "/home/airflow/.local/lib/python3.8/site-packages/airflow/operators/bash.py", line 203, in execute
    result = self.subprocess_hook.run_command(
  File "/home/airflow/.local/lib/python3.8/site-packages/airflow/hooks/subprocess.py", line 91, in run_command
    for raw_line in iter(self.sub_process.stdout.readline, b""):
  File "/home/airflow/.local/lib/python3.8/site-packages/airflow/models/taskinstance.py", line 2452, in signal_handler
    raise AirflowException("Task received SIGTERM signal")
airflow.exceptions.AirflowException: Task received SIGTERM signal
[2026-04-30T19:07:56.521+0000] {taskinstance.py:1138} INFO - Marking task as FAILED. dag_id=dbt_pipeline, task_id=dbt_snapshot, execution_date=20260429T000000, start_date=20260430T001945, end_date=20260430T190756
[2026-04-30T19:07:56.701+0000] {process_utils.py:79} INFO - Process psutil.Process(pid=568, status='terminated', started='00:19:51') (568) terminated with exit code None
[2026-04-30T19:07:56.817+0000] {standard_task_runner.py:107} ERROR - Failed to execute job 68 for task dbt_snapshot (Task received SIGTERM signal; 556)
[2026-04-30T19:07:56.964+0000] {process_utils.py:79} INFO - Process psutil.Process(pid=558, status='terminated', started='00:19:46') (558) terminated with exit code None
[2026-04-30T19:07:56.985+0000] {process_utils.py:79} INFO - Process psutil.Process(pid=556, status='terminated', exitcode=1, started='00:19:45') (556) terminated with exit code 1
