[2026-04-29T20:54:30.874+0000] {processor.py:161} INFO - Started process (PID=166) to work on /opt/airflow/dags/dbt_pipeline_dag.py
[2026-04-29T20:54:30.876+0000] {processor.py:830} INFO - Processing file /opt/airflow/dags/dbt_pipeline_dag.py for tasks to queue
[2026-04-29T20:54:30.878+0000] {logging_mixin.py:188} INFO - [2026-04-29T20:54:30.877+0000] {dagbag.py:538} INFO - Filling up the DagBag from /opt/airflow/dags/dbt_pipeline_dag.py
[2026-04-29T20:54:30.924+0000] {processor.py:840} INFO - DAG(s) 'dbt_pipeline' retrieved from /opt/airflow/dags/dbt_pipeline_dag.py
[2026-04-29T20:54:24.691+0000] {logging_mixin.py:188} INFO - [2026-04-29T20:54:24.690+0000] {dag.py:3036} INFO - Sync 1 DAGs
[2026-04-29T20:54:24.740+0000] {logging_mixin.py:188} INFO - [2026-04-29T20:54:24.739+0000] {dag.py:3823} INFO - Setting next_dagrun for dbt_pipeline to 2026-04-29 00:00:00+00:00, run_after=2026-04-30 00:00:00+00:00
[2026-04-29T20:54:24.791+0000] {processor.py:183} INFO - Processing /opt/airflow/dags/dbt_pipeline_dag.py took 0.229 seconds
[2026-04-29T20:54:54.802+0000] {processor.py:161} INFO - Started process (PID=203) to work on /opt/airflow/dags/dbt_pipeline_dag.py
[2026-04-29T20:54:54.805+0000] {processor.py:830} INFO - Processing file /opt/airflow/dags/dbt_pipeline_dag.py for tasks to queue
[2026-04-29T20:54:54.809+0000] {logging_mixin.py:188} INFO - [2026-04-29T20:54:54.808+0000] {dagbag.py:538} INFO - Filling up the DagBag from /opt/airflow/dags/dbt_pipeline_dag.py
[2026-04-29T20:54:54.881+0000] {processor.py:840} INFO - DAG(s) 'dbt_pipeline' retrieved from /opt/airflow/dags/dbt_pipeline_dag.py
[2026-04-29T20:54:55.334+0000] {logging_mixin.py:188} INFO - [2026-04-29T20:54:55.332+0000] {dag.py:3036} INFO - Sync 1 DAGs
[2026-04-29T20:54:55.403+0000] {logging_mixin.py:188} INFO - [2026-04-29T20:54:55.403+0000] {dag.py:3823} INFO - Setting next_dagrun for dbt_pipeline to 2026-04-29 00:00:00+00:00, run_after=2026-04-30 00:00:00+00:00
[2026-04-29T20:54:55.532+0000] {processor.py:183} INFO - Processing /opt/airflow/dags/dbt_pipeline_dag.py took 0.737 seconds
[2026-04-29T20:55:25.654+0000] {processor.py:161} INFO - Started process (PID=214) to work on /opt/airflow/dags/dbt_pipeline_dag.py
[2026-04-29T20:55:25.656+0000] {processor.py:830} INFO - Processing file /opt/airflow/dags/dbt_pipeline_dag.py for tasks to queue
[2026-04-29T20:55:25.659+0000] {logging_mixin.py:188} INFO - [2026-04-29T20:55:25.658+0000] {dagbag.py:538} INFO - Filling up the DagBag from /opt/airflow/dags/dbt_pipeline_dag.py
[2026-04-29T20:55:25.703+0000] {processor.py:840} INFO - DAG(s) 'dbt_pipeline' retrieved from /opt/airflow/dags/dbt_pipeline_dag.py
[2026-04-29T20:55:25.766+0000] {logging_mixin.py:188} INFO - [2026-04-29T20:55:25.765+0000] {dag.py:3036} INFO - Sync 1 DAGs
[2026-04-29T20:55:25.823+0000] {logging_mixin.py:188} INFO - [2026-04-29T20:55:25.823+0000] {dag.py:3823} INFO - Setting next_dagrun for dbt_pipeline to 2026-04-29 00:00:00+00:00, run_after=2026-04-30 00:00:00+00:00
[2026-04-29T20:55:25.868+0000] {processor.py:183} INFO - Processing /opt/airflow/dags/dbt_pipeline_dag.py took 0.219 seconds
[2026-04-29T20:55:56.011+0000] {processor.py:161} INFO - Started process (PID=225) to work on /opt/airflow/dags/dbt_pipeline_dag.py
[2026-04-29T20:55:56.014+0000] {processor.py:830} INFO - Processing file /opt/airflow/dags/dbt_pipeline_dag.py for tasks to queue
[2026-04-29T20:55:56.017+0000] {logging_mixin.py:188} INFO - [2026-04-29T20:55:56.016+0000] {dagbag.py:538} INFO - Filling up the DagBag from /opt/airflow/dags/dbt_pipeline_dag.py
[2026-04-29T20:55:56.068+0000] {processor.py:840} INFO - DAG(s) 'dbt_pipeline' retrieved from /opt/airflow/dags/dbt_pipeline_dag.py
[2026-04-29T20:55:56.147+0000] {logging_mixin.py:188} INFO - [2026-04-29T20:55:56.147+0000] {dag.py:3036} INFO - Sync 1 DAGs
[2026-04-29T20:55:56.227+0000] {logging_mixin.py:188} INFO - [2026-04-29T20:55:56.226+0000] {dag.py:3823} INFO - Setting next_dagrun for dbt_pipeline to 2026-04-29 00:00:00+00:00, run_after=2026-04-30 00:00:00+00:00
[2026-04-29T20:55:56.303+0000] {processor.py:183} INFO - Processing /opt/airflow/dags/dbt_pipeline_dag.py took 0.299 seconds
[2026-04-29T20:56:26.474+0000] {processor.py:161} INFO - Started process (PID=249) to work on /opt/airflow/dags/dbt_pipeline_dag.py
[2026-04-29T20:56:26.476+0000] {processor.py:830} INFO - Processing file /opt/airflow/dags/dbt_pipeline_dag.py for tasks to queue
[2026-04-29T20:56:26.479+0000] {logging_mixin.py:188} INFO - [2026-04-29T20:56:26.479+0000] {dagbag.py:538} INFO - Filling up the DagBag from /opt/airflow/dags/dbt_pipeline_dag.py
[2026-04-29T20:56:26.530+0000] {processor.py:840} INFO - DAG(s) 'dbt_pipeline' retrieved from /opt/airflow/dags/dbt_pipeline_dag.py
[2026-04-29T20:56:26.588+0000] {logging_mixin.py:188} INFO - [2026-04-29T20:56:26.587+0000] {dag.py:3036} INFO - Sync 1 DAGs
[2026-04-29T20:56:26.644+0000] {logging_mixin.py:188} INFO - [2026-04-29T20:56:26.644+0000] {dag.py:3823} INFO - Setting next_dagrun for dbt_pipeline to 2026-04-29 00:00:00+00:00, run_after=2026-04-30 00:00:00+00:00
[2026-04-29T20:56:26.689+0000] {processor.py:183} INFO - Processing /opt/airflow/dags/dbt_pipeline_dag.py took 0.219 seconds
[2026-04-29T20:56:56.885+0000] {processor.py:161} INFO - Started process (PID=260) to work on /opt/airflow/dags/dbt_pipeline_dag.py
[2026-04-29T20:56:56.886+0000] {processor.py:830} INFO - Processing file /opt/airflow/dags/dbt_pipeline_dag.py for tasks to queue
[2026-04-29T20:56:56.889+0000] {logging_mixin.py:188} INFO - [2026-04-29T20:56:56.888+0000] {dagbag.py:538} INFO - Filling up the DagBag from /opt/airflow/dags/dbt_pipeline_dag.py
[2026-04-29T20:56:56.930+0000] {processor.py:840} INFO - DAG(s) 'dbt_pipeline' retrieved from /opt/airflow/dags/dbt_pipeline_dag.py
[2026-04-29T20:56:56.988+0000] {logging_mixin.py:188} INFO - [2026-04-29T20:56:56.988+0000] {dag.py:3036} INFO - Sync 1 DAGs
[2026-04-29T20:56:57.036+0000] {logging_mixin.py:188} INFO - [2026-04-29T20:56:57.036+0000] {dag.py:3823} INFO - Setting next_dagrun for dbt_pipeline to 2026-04-29 00:00:00+00:00, run_after=2026-04-30 00:00:00+00:00
[2026-04-29T20:56:57.075+0000] {processor.py:183} INFO - Processing /opt/airflow/dags/dbt_pipeline_dag.py took 0.194 seconds
[2026-04-29T20:57:27.278+0000] {processor.py:161} INFO - Started process (PID=271) to work on /opt/airflow/dags/dbt_pipeline_dag.py
[2026-04-29T20:57:27.280+0000] {processor.py:830} INFO - Processing file /opt/airflow/dags/dbt_pipeline_dag.py for tasks to queue
[2026-04-29T20:57:27.283+0000] {logging_mixin.py:188} INFO - [2026-04-29T20:57:27.282+0000] {dagbag.py:538} INFO - Filling up the DagBag from /opt/airflow/dags/dbt_pipeline_dag.py
[2026-04-29T20:57:27.322+0000] {processor.py:840} INFO - DAG(s) 'dbt_pipeline' retrieved from /opt/airflow/dags/dbt_pipeline_dag.py
[2026-04-29T20:57:27.370+0000] {logging_mixin.py:188} INFO - [2026-04-29T20:57:27.370+0000] {dag.py:3036} INFO - Sync 1 DAGs
[2026-04-29T20:57:27.418+0000] {logging_mixin.py:188} INFO - [2026-04-29T20:57:27.417+0000] {dag.py:3823} INFO - Setting next_dagrun for dbt_pipeline to 2026-04-29 00:00:00+00:00, run_after=2026-04-30 00:00:00+00:00
[2026-04-29T20:57:27.462+0000] {processor.py:183} INFO - Processing /opt/airflow/dags/dbt_pipeline_dag.py took 0.188 seconds
[2026-04-29T20:58:01.125+0000] {processor.py:161} INFO - Started process (PID=282) to work on /opt/airflow/dags/dbt_pipeline_dag.py
[2026-04-29T20:58:01.128+0000] {processor.py:830} INFO - Processing file /opt/airflow/dags/dbt_pipeline_dag.py for tasks to queue
[2026-04-29T20:58:01.131+0000] {logging_mixin.py:188} INFO - [2026-04-29T20:58:01.130+0000] {dagbag.py:538} INFO - Filling up the DagBag from /opt/airflow/dags/dbt_pipeline_dag.py
[2026-04-29T20:58:01.197+0000] {processor.py:840} INFO - DAG(s) 'dbt_pipeline' retrieved from /opt/airflow/dags/dbt_pipeline_dag.py
[2026-04-29T20:58:01.280+0000] {logging_mixin.py:188} INFO - [2026-04-29T20:58:01.279+0000] {dag.py:3036} INFO - Sync 1 DAGs
[2026-04-29T20:58:01.354+0000] {logging_mixin.py:188} INFO - [2026-04-29T20:58:01.353+0000] {dag.py:3823} INFO - Setting next_dagrun for dbt_pipeline to 2026-04-29 00:00:00+00:00, run_after=2026-04-30 00:00:00+00:00
[2026-04-29T20:58:01.405+0000] {processor.py:183} INFO - Processing /opt/airflow/dags/dbt_pipeline_dag.py took 0.288 seconds
[2026-04-29T20:58:32.028+0000] {processor.py:161} INFO - Started process (PID=293) to work on /opt/airflow/dags/dbt_pipeline_dag.py
[2026-04-29T20:58:32.030+0000] {processor.py:830} INFO - Processing file /opt/airflow/dags/dbt_pipeline_dag.py for tasks to queue
[2026-04-29T20:58:32.032+0000] {logging_mixin.py:188} INFO - [2026-04-29T20:58:32.031+0000] {dagbag.py:538} INFO - Filling up the DagBag from /opt/airflow/dags/dbt_pipeline_dag.py
[2026-04-29T20:58:32.071+0000] {processor.py:840} INFO - DAG(s) 'dbt_pipeline' retrieved from /opt/airflow/dags/dbt_pipeline_dag.py
[2026-04-29T20:58:32.122+0000] {logging_mixin.py:188} INFO - [2026-04-29T20:58:32.121+0000] {dag.py:3036} INFO - Sync 1 DAGs
[2026-04-29T20:58:32.168+0000] {logging_mixin.py:188} INFO - [2026-04-29T20:58:32.167+0000] {dag.py:3823} INFO - Setting next_dagrun for dbt_pipeline to 2026-04-29 00:00:00+00:00, run_after=2026-04-30 00:00:00+00:00
[2026-04-29T20:58:32.207+0000] {processor.py:183} INFO - Processing /opt/airflow/dags/dbt_pipeline_dag.py took 0.184 seconds
[2026-04-29T20:58:51.749+0000] {processor.py:161} INFO - Started process (PID=304) to work on /opt/airflow/dags/dbt_pipeline_dag.py
[2026-04-29T20:58:51.751+0000] {processor.py:830} INFO - Processing file /opt/airflow/dags/dbt_pipeline_dag.py for tasks to queue
[2026-04-29T20:58:51.754+0000] {logging_mixin.py:188} INFO - [2026-04-29T20:58:51.754+0000] {dagbag.py:538} INFO - Filling up the DagBag from /opt/airflow/dags/dbt_pipeline_dag.py
[2026-04-29T20:58:51.846+0000] {processor.py:840} INFO - DAG(s) 'dbt_pipeline' retrieved from /opt/airflow/dags/dbt_pipeline_dag.py
[2026-04-29T20:58:52.189+0000] {logging_mixin.py:188} INFO - [2026-04-29T20:58:52.188+0000] {dag.py:3036} INFO - Sync 1 DAGs
[2026-04-29T20:58:52.226+0000] {logging_mixin.py:188} INFO - [2026-04-29T20:58:52.226+0000] {dag.py:3823} INFO - Setting next_dagrun for dbt_pipeline to 2026-04-29 00:00:00+00:00, run_after=2026-04-30 00:00:00+00:00
[2026-04-29T20:58:52.282+0000] {processor.py:183} INFO - Processing /opt/airflow/dags/dbt_pipeline_dag.py took 0.541 seconds
[2026-04-29T20:59:22.435+0000] {processor.py:161} INFO - Started process (PID=336) to work on /opt/airflow/dags/dbt_pipeline_dag.py
[2026-04-29T20:59:22.437+0000] {processor.py:830} INFO - Processing file /opt/airflow/dags/dbt_pipeline_dag.py for tasks to queue
[2026-04-29T20:59:22.439+0000] {logging_mixin.py:188} INFO - [2026-04-29T20:59:22.438+0000] {dagbag.py:538} INFO - Filling up the DagBag from /opt/airflow/dags/dbt_pipeline_dag.py
[2026-04-29T20:59:22.487+0000] {processor.py:840} INFO - DAG(s) 'dbt_pipeline' retrieved from /opt/airflow/dags/dbt_pipeline_dag.py
[2026-04-29T20:59:22.544+0000] {logging_mixin.py:188} INFO - [2026-04-29T20:59:22.543+0000] {dag.py:3036} INFO - Sync 1 DAGs
[2026-04-29T20:59:22.591+0000] {logging_mixin.py:188} INFO - [2026-04-29T20:59:22.590+0000] {dag.py:3823} INFO - Setting next_dagrun for dbt_pipeline to 2026-04-29 00:00:00+00:00, run_after=2026-04-30 00:00:00+00:00
[2026-04-29T20:59:22.630+0000] {processor.py:183} INFO - Processing /opt/airflow/dags/dbt_pipeline_dag.py took 0.202 seconds
[2026-04-29T20:59:31.653+0000] {processor.py:161} INFO - Started process (PID=341) to work on /opt/airflow/dags/dbt_pipeline_dag.py
[2026-04-29T20:59:31.655+0000] {processor.py:830} INFO - Processing file /opt/airflow/dags/dbt_pipeline_dag.py for tasks to queue
[2026-04-29T20:59:31.658+0000] {logging_mixin.py:188} INFO - [2026-04-29T20:59:31.657+0000] {dagbag.py:538} INFO - Filling up the DagBag from /opt/airflow/dags/dbt_pipeline_dag.py
[2026-04-29T20:59:31.721+0000] {processor.py:840} INFO - DAG(s) 'dbt_pipeline' retrieved from /opt/airflow/dags/dbt_pipeline_dag.py
[2026-04-29T20:59:31.781+0000] {logging_mixin.py:188} INFO - [2026-04-29T20:59:31.781+0000] {dag.py:3036} INFO - Sync 1 DAGs
[2026-04-29T20:59:31.837+0000] {logging_mixin.py:188} INFO - [2026-04-29T20:59:31.836+0000] {dag.py:3823} INFO - Setting next_dagrun for dbt_pipeline to 2026-04-29 00:00:00+00:00, run_after=2026-04-30 00:00:00+00:00
[2026-04-29T20:59:31.884+0000] {processor.py:183} INFO - Processing /opt/airflow/dags/dbt_pipeline_dag.py took 0.236 seconds
[2026-04-29T21:00:02.139+0000] {processor.py:161} INFO - Started process (PID=352) to work on /opt/airflow/dags/dbt_pipeline_dag.py
[2026-04-29T21:00:02.142+0000] {processor.py:830} INFO - Processing file /opt/airflow/dags/dbt_pipeline_dag.py for tasks to queue
[2026-04-29T21:00:02.144+0000] {logging_mixin.py:188} INFO - [2026-04-29T21:00:02.144+0000] {dagbag.py:538} INFO - Filling up the DagBag from /opt/airflow/dags/dbt_pipeline_dag.py
[2026-04-29T21:00:02.192+0000] {processor.py:840} INFO - DAG(s) 'dbt_pipeline' retrieved from /opt/airflow/dags/dbt_pipeline_dag.py
[2026-04-29T21:00:02.266+0000] {logging_mixin.py:188} INFO - [2026-04-29T21:00:02.266+0000] {dag.py:3036} INFO - Sync 1 DAGs
[2026-04-29T21:00:02.352+0000] {logging_mixin.py:188} INFO - [2026-04-29T21:00:02.351+0000] {dag.py:3823} INFO - Setting next_dagrun for dbt_pipeline to 2026-04-29 00:00:00+00:00, run_after=2026-04-30 00:00:00+00:00
[2026-04-29T21:00:02.405+0000] {processor.py:183} INFO - Processing /opt/airflow/dags/dbt_pipeline_dag.py took 0.271 seconds
[2026-04-29T21:00:33.275+0000] {processor.py:161} INFO - Started process (PID=363) to work on /opt/airflow/dags/dbt_pipeline_dag.py
[2026-04-29T21:00:33.278+0000] {processor.py:830} INFO - Processing file /opt/airflow/dags/dbt_pipeline_dag.py for tasks to queue
[2026-04-29T21:00:33.280+0000] {logging_mixin.py:188} INFO - [2026-04-29T21:00:33.280+0000] {dagbag.py:538} INFO - Filling up the DagBag from /opt/airflow/dags/dbt_pipeline_dag.py
[2026-04-29T21:00:33.329+0000] {processor.py:840} INFO - DAG(s) 'dbt_pipeline' retrieved from /opt/airflow/dags/dbt_pipeline_dag.py
[2026-04-29T21:00:33.380+0000] {logging_mixin.py:188} INFO - [2026-04-29T21:00:33.380+0000] {dag.py:3036} INFO - Sync 1 DAGs
[2026-04-29T21:00:33.425+0000] {logging_mixin.py:188} INFO - [2026-04-29T21:00:33.425+0000] {dag.py:3823} INFO - Setting next_dagrun for dbt_pipeline to 2026-04-29 00:00:00+00:00, run_after=2026-04-30 00:00:00+00:00
[2026-04-29T21:00:33.469+0000] {processor.py:183} INFO - Processing /opt/airflow/dags/dbt_pipeline_dag.py took 0.199 seconds
[2026-04-29T21:01:03.877+0000] {processor.py:161} INFO - Started process (PID=374) to work on /opt/airflow/dags/dbt_pipeline_dag.py
[2026-04-29T21:01:03.879+0000] {processor.py:830} INFO - Processing file /opt/airflow/dags/dbt_pipeline_dag.py for tasks to queue
[2026-04-29T21:01:03.881+0000] {logging_mixin.py:188} INFO - [2026-04-29T21:01:03.881+0000] {dagbag.py:538} INFO - Filling up the DagBag from /opt/airflow/dags/dbt_pipeline_dag.py
[2026-04-29T21:01:03.913+0000] {processor.py:840} INFO - DAG(s) 'dbt_pipeline' retrieved from /opt/airflow/dags/dbt_pipeline_dag.py
[2026-04-29T21:01:03.959+0000] {logging_mixin.py:188} INFO - [2026-04-29T21:01:03.959+0000] {dag.py:3036} INFO - Sync 1 DAGs
[2026-04-29T21:01:04.002+0000] {logging_mixin.py:188} INFO - [2026-04-29T21:01:04.002+0000] {dag.py:3823} INFO - Setting next_dagrun for dbt_pipeline to 2026-04-29 00:00:00+00:00, run_after=2026-04-30 00:00:00+00:00
[2026-04-29T21:01:04.040+0000] {processor.py:183} INFO - Processing /opt/airflow/dags/dbt_pipeline_dag.py took 0.168 seconds
[2026-04-29T21:01:34.513+0000] {processor.py:161} INFO - Started process (PID=385) to work on /opt/airflow/dags/dbt_pipeline_dag.py
[2026-04-29T21:01:34.514+0000] {processor.py:830} INFO - Processing file /opt/airflow/dags/dbt_pipeline_dag.py for tasks to queue
[2026-04-29T21:01:34.516+0000] {logging_mixin.py:188} INFO - [2026-04-29T21:01:34.515+0000] {dagbag.py:538} INFO - Filling up the DagBag from /opt/airflow/dags/dbt_pipeline_dag.py
[2026-04-29T21:01:34.555+0000] {processor.py:840} INFO - DAG(s) 'dbt_pipeline' retrieved from /opt/airflow/dags/dbt_pipeline_dag.py
[2026-04-29T21:01:34.615+0000] {logging_mixin.py:188} INFO - [2026-04-29T21:01:34.614+0000] {dag.py:3036} INFO - Sync 1 DAGs
[2026-04-29T21:01:34.665+0000] {logging_mixin.py:188} INFO - [2026-04-29T21:01:34.664+0000] {dag.py:3823} INFO - Setting next_dagrun for dbt_pipeline to 2026-04-29 00:00:00+00:00, run_after=2026-04-30 00:00:00+00:00
[2026-04-29T21:01:34.705+0000] {processor.py:183} INFO - Processing /opt/airflow/dags/dbt_pipeline_dag.py took 0.196 seconds
[2026-04-29T21:02:04.873+0000] {processor.py:161} INFO - Started process (PID=396) to work on /opt/airflow/dags/dbt_pipeline_dag.py
[2026-04-29T21:02:04.875+0000] {processor.py:830} INFO - Processing file /opt/airflow/dags/dbt_pipeline_dag.py for tasks to queue
[2026-04-29T21:02:04.877+0000] {logging_mixin.py:188} INFO - [2026-04-29T21:02:04.876+0000] {dagbag.py:538} INFO - Filling up the DagBag from /opt/airflow/dags/dbt_pipeline_dag.py
[2026-04-29T21:02:04.925+0000] {processor.py:840} INFO - DAG(s) 'dbt_pipeline' retrieved from /opt/airflow/dags/dbt_pipeline_dag.py
[2026-04-29T21:02:04.981+0000] {logging_mixin.py:188} INFO - [2026-04-29T21:02:04.980+0000] {dag.py:3036} INFO - Sync 1 DAGs
[2026-04-29T21:02:05.028+0000] {logging_mixin.py:188} INFO - [2026-04-29T21:02:05.027+0000] {dag.py:3823} INFO - Setting next_dagrun for dbt_pipeline to 2026-04-29 00:00:00+00:00, run_after=2026-04-30 00:00:00+00:00
[2026-04-29T21:02:05.076+0000] {processor.py:183} INFO - Processing /opt/airflow/dags/dbt_pipeline_dag.py took 0.210 seconds
[2026-04-29T21:02:35.770+0000] {processor.py:161} INFO - Started process (PID=407) to work on /opt/airflow/dags/dbt_pipeline_dag.py
[2026-04-29T21:02:35.772+0000] {processor.py:830} INFO - Processing file /opt/airflow/dags/dbt_pipeline_dag.py for tasks to queue
[2026-04-29T21:02:35.774+0000] {logging_mixin.py:188} INFO - [2026-04-29T21:02:35.774+0000] {dagbag.py:538} INFO - Filling up the DagBag from /opt/airflow/dags/dbt_pipeline_dag.py
[2026-04-29T21:02:35.821+0000] {processor.py:840} INFO - DAG(s) 'dbt_pipeline' retrieved from /opt/airflow/dags/dbt_pipeline_dag.py
[2026-04-29T21:02:35.474+0000] {logging_mixin.py:188} INFO - [2026-04-29T21:02:35.474+0000] {dag.py:3036} INFO - Sync 1 DAGs
[2026-04-29T21:02:35.550+0000] {logging_mixin.py:188} INFO - [2026-04-29T21:02:35.549+0000] {dag.py:3823} INFO - Setting next_dagrun for dbt_pipeline to 2026-04-29 00:00:00+00:00, run_after=2026-04-30 00:00:00+00:00
[2026-04-29T21:02:35.614+0000] {processor.py:183} INFO - Processing /opt/airflow/dags/dbt_pipeline_dag.py took 0.266 seconds
[2026-04-29T21:03:06.678+0000] {processor.py:161} INFO - Started process (PID=418) to work on /opt/airflow/dags/dbt_pipeline_dag.py
[2026-04-29T21:03:06.680+0000] {processor.py:830} INFO - Processing file /opt/airflow/dags/dbt_pipeline_dag.py for tasks to queue
[2026-04-29T21:03:06.684+0000] {logging_mixin.py:188} INFO - [2026-04-29T21:03:06.683+0000] {dagbag.py:538} INFO - Filling up the DagBag from /opt/airflow/dags/dbt_pipeline_dag.py
[2026-04-29T21:03:06.782+0000] {processor.py:840} INFO - DAG(s) 'dbt_pipeline' retrieved from /opt/airflow/dags/dbt_pipeline_dag.py
[2026-04-29T21:03:07.211+0000] {logging_mixin.py:188} INFO - [2026-04-29T21:03:07.209+0000] {dag.py:3036} INFO - Sync 1 DAGs
[2026-04-29T21:03:07.418+0000] {logging_mixin.py:188} INFO - [2026-04-29T21:03:07.417+0000] {dag.py:3823} INFO - Setting next_dagrun for dbt_pipeline to 2026-04-29 00:00:00+00:00, run_after=2026-04-30 00:00:00+00:00
[2026-04-29T21:03:07.492+0000] {processor.py:183} INFO - Processing /opt/airflow/dags/dbt_pipeline_dag.py took 0.822 seconds
[2026-04-29T21:03:38.066+0000] {processor.py:161} INFO - Started process (PID=429) to work on /opt/airflow/dags/dbt_pipeline_dag.py
[2026-04-29T21:03:38.068+0000] {processor.py:830} INFO - Processing file /opt/airflow/dags/dbt_pipeline_dag.py for tasks to queue
[2026-04-29T21:03:38.070+0000] {logging_mixin.py:188} INFO - [2026-04-29T21:03:38.070+0000] {dagbag.py:538} INFO - Filling up the DagBag from /opt/airflow/dags/dbt_pipeline_dag.py
[2026-04-29T21:03:38.122+0000] {processor.py:840} INFO - DAG(s) 'dbt_pipeline' retrieved from /opt/airflow/dags/dbt_pipeline_dag.py
[2026-04-29T21:03:38.178+0000] {logging_mixin.py:188} INFO - [2026-04-29T21:03:38.178+0000] {dag.py:3036} INFO - Sync 1 DAGs
[2026-04-29T21:03:38.228+0000] {logging_mixin.py:188} INFO - [2026-04-29T21:03:38.227+0000] {dag.py:3823} INFO - Setting next_dagrun for dbt_pipeline to 2026-04-29 00:00:00+00:00, run_after=2026-04-30 00:00:00+00:00
[2026-04-29T21:03:38.277+0000] {processor.py:183} INFO - Processing /opt/airflow/dags/dbt_pipeline_dag.py took 0.216 seconds
[2026-04-29T21:04:08.934+0000] {processor.py:161} INFO - Started process (PID=440) to work on /opt/airflow/dags/dbt_pipeline_dag.py
[2026-04-29T21:04:08.937+0000] {processor.py:830} INFO - Processing file /opt/airflow/dags/dbt_pipeline_dag.py for tasks to queue
[2026-04-29T21:04:08.941+0000] {logging_mixin.py:188} INFO - [2026-04-29T21:04:08.940+0000] {dagbag.py:538} INFO - Filling up the DagBag from /opt/airflow/dags/dbt_pipeline_dag.py
[2026-04-29T21:04:09.054+0000] {processor.py:840} INFO - DAG(s) 'dbt_pipeline' retrieved from /opt/airflow/dags/dbt_pipeline_dag.py
[2026-04-29T21:04:09.125+0000] {logging_mixin.py:188} INFO - [2026-04-29T21:04:09.124+0000] {dag.py:3036} INFO - Sync 1 DAGs
[2026-04-29T21:04:09.178+0000] {logging_mixin.py:188} INFO - [2026-04-29T21:04:09.178+0000] {dag.py:3823} INFO - Setting next_dagrun for dbt_pipeline to 2026-04-29 00:00:00+00:00, run_after=2026-04-30 00:00:00+00:00
[2026-04-29T21:04:09.225+0000] {processor.py:183} INFO - Processing /opt/airflow/dags/dbt_pipeline_dag.py took 0.302 seconds
[2026-04-29T21:04:40.357+0000] {processor.py:161} INFO - Started process (PID=451) to work on /opt/airflow/dags/dbt_pipeline_dag.py
[2026-04-29T21:04:40.362+0000] {processor.py:830} INFO - Processing file /opt/airflow/dags/dbt_pipeline_dag.py for tasks to queue
[2026-04-29T21:04:40.365+0000] {logging_mixin.py:188} INFO - [2026-04-29T21:04:40.364+0000] {dagbag.py:538} INFO - Filling up the DagBag from /opt/airflow/dags/dbt_pipeline_dag.py
[2026-04-29T21:04:40.459+0000] {processor.py:840} INFO - DAG(s) 'dbt_pipeline' retrieved from /opt/airflow/dags/dbt_pipeline_dag.py
[2026-04-29T21:04:40.533+0000] {logging_mixin.py:188} INFO - [2026-04-29T21:04:40.532+0000] {dag.py:3036} INFO - Sync 1 DAGs
[2026-04-29T21:04:40.594+0000] {logging_mixin.py:188} INFO - [2026-04-29T21:04:40.593+0000] {dag.py:3823} INFO - Setting next_dagrun for dbt_pipeline to 2026-04-29 00:00:00+00:00, run_after=2026-04-30 00:00:00+00:00
[2026-04-29T21:04:40.640+0000] {processor.py:183} INFO - Processing /opt/airflow/dags/dbt_pipeline_dag.py took 0.292 seconds
[2026-04-29T21:05:05.483+0000] {processor.py:161} INFO - Started process (PID=462) to work on /opt/airflow/dags/dbt_pipeline_dag.py
[2026-04-29T21:05:05.486+0000] {processor.py:830} INFO - Processing file /opt/airflow/dags/dbt_pipeline_dag.py for tasks to queue
[2026-04-29T21:05:05.489+0000] {logging_mixin.py:188} INFO - [2026-04-29T21:05:05.488+0000] {dagbag.py:538} INFO - Filling up the DagBag from /opt/airflow/dags/dbt_pipeline_dag.py
[2026-04-29T21:05:05.551+0000] {processor.py:840} INFO - DAG(s) 'dbt_pipeline' retrieved from /opt/airflow/dags/dbt_pipeline_dag.py
[2026-04-29T21:05:05.698+0000] {logging_mixin.py:188} INFO - [2026-04-29T21:05:05.697+0000] {dag.py:3036} INFO - Sync 1 DAGs
[2026-04-29T21:05:05.828+0000] {logging_mixin.py:188} INFO - [2026-04-29T21:05:05.827+0000] {dag.py:3823} INFO - Setting next_dagrun for dbt_pipeline to 2026-04-29 00:00:00+00:00, run_after=2026-04-30 00:00:00+00:00
[2026-04-29T21:05:05.970+0000] {processor.py:183} INFO - Processing /opt/airflow/dags/dbt_pipeline_dag.py took 0.536 seconds
[2026-04-29T21:06:11.937+0000] {processor.py:161} INFO - Started process (PID=167) to work on /opt/airflow/dags/dbt_pipeline_dag.py
[2026-04-29T21:06:11.940+0000] {processor.py:830} INFO - Processing file /opt/airflow/dags/dbt_pipeline_dag.py for tasks to queue
[2026-04-29T21:06:11.944+0000] {logging_mixin.py:188} INFO - [2026-04-29T21:06:11.943+0000] {dagbag.py:538} INFO - Filling up the DagBag from /opt/airflow/dags/dbt_pipeline_dag.py
[2026-04-29T21:06:12.052+0000] {processor.py:840} INFO - DAG(s) 'dbt_pipeline' retrieved from /opt/airflow/dags/dbt_pipeline_dag.py
[2026-04-29T21:06:12.152+0000] {logging_mixin.py:188} INFO - [2026-04-29T21:06:12.151+0000] {dag.py:3036} INFO - Sync 1 DAGs
[2026-04-29T21:06:12.271+0000] {logging_mixin.py:188} INFO - [2026-04-29T21:06:12.270+0000] {dag.py:3823} INFO - Setting next_dagrun for dbt_pipeline to 2026-04-29 00:00:00+00:00, run_after=2026-04-30 00:00:00+00:00
[2026-04-29T21:06:12.354+0000] {processor.py:183} INFO - Processing /opt/airflow/dags/dbt_pipeline_dag.py took 0.425 seconds
[2026-04-29T21:06:43.052+0000] {processor.py:161} INFO - Started process (PID=178) to work on /opt/airflow/dags/dbt_pipeline_dag.py
[2026-04-29T21:06:43.054+0000] {processor.py:830} INFO - Processing file /opt/airflow/dags/dbt_pipeline_dag.py for tasks to queue
[2026-04-29T21:06:43.059+0000] {logging_mixin.py:188} INFO - [2026-04-29T21:06:43.057+0000] {dagbag.py:538} INFO - Filling up the DagBag from /opt/airflow/dags/dbt_pipeline_dag.py
[2026-04-29T21:06:43.107+0000] {processor.py:840} INFO - DAG(s) 'dbt_pipeline' retrieved from /opt/airflow/dags/dbt_pipeline_dag.py
[2026-04-29T21:06:43.563+0000] {logging_mixin.py:188} INFO - [2026-04-29T21:06:43.562+0000] {dag.py:3036} INFO - Sync 1 DAGs
[2026-04-29T21:06:43.610+0000] {logging_mixin.py:188} INFO - [2026-04-29T21:06:43.610+0000] {dag.py:3823} INFO - Setting next_dagrun for dbt_pipeline to 2026-04-29 00:00:00+00:00, run_after=2026-04-30 00:00:00+00:00
[2026-04-29T21:06:43.655+0000] {processor.py:183} INFO - Processing /opt/airflow/dags/dbt_pipeline_dag.py took 0.609 seconds
[2026-04-29T21:07:14.500+0000] {processor.py:161} INFO - Started process (PID=189) to work on /opt/airflow/dags/dbt_pipeline_dag.py
[2026-04-29T21:07:14.502+0000] {processor.py:830} INFO - Processing file /opt/airflow/dags/dbt_pipeline_dag.py for tasks to queue
[2026-04-29T21:07:14.505+0000] {logging_mixin.py:188} INFO - [2026-04-29T21:07:14.504+0000] {dagbag.py:538} INFO - Filling up the DagBag from /opt/airflow/dags/dbt_pipeline_dag.py
[2026-04-29T21:07:14.553+0000] {processor.py:840} INFO - DAG(s) 'dbt_pipeline' retrieved from /opt/airflow/dags/dbt_pipeline_dag.py
[2026-04-29T21:07:14.608+0000] {logging_mixin.py:188} INFO - [2026-04-29T21:07:14.608+0000] {dag.py:3036} INFO - Sync 1 DAGs
[2026-04-29T21:07:14.656+0000] {logging_mixin.py:188} INFO - [2026-04-29T21:07:14.655+0000] {dag.py:3823} INFO - Setting next_dagrun for dbt_pipeline to 2026-04-29 00:00:00+00:00, run_after=2026-04-30 00:00:00+00:00
[2026-04-29T21:07:21.084+0000] {processor.py:183} INFO - Processing /opt/airflow/dags/dbt_pipeline_dag.py took 7.424 seconds
[2026-04-29T21:07:51.240+0000] {processor.py:161} INFO - Started process (PID=200) to work on /opt/airflow/dags/dbt_pipeline_dag.py
[2026-04-29T21:07:51.243+0000] {processor.py:830} INFO - Processing file /opt/airflow/dags/dbt_pipeline_dag.py for tasks to queue
[2026-04-29T21:07:51.245+0000] {logging_mixin.py:188} INFO - [2026-04-29T21:07:51.244+0000] {dagbag.py:538} INFO - Filling up the DagBag from /opt/airflow/dags/dbt_pipeline_dag.py
[2026-04-29T21:07:51.310+0000] {processor.py:840} INFO - DAG(s) 'dbt_pipeline' retrieved from /opt/airflow/dags/dbt_pipeline_dag.py
[2026-04-29T21:07:51.383+0000] {logging_mixin.py:188} INFO - [2026-04-29T21:07:51.383+0000] {dag.py:3036} INFO - Sync 1 DAGs
[2026-04-29T21:07:51.449+0000] {logging_mixin.py:188} INFO - [2026-04-29T21:07:51.448+0000] {dag.py:3823} INFO - Setting next_dagrun for dbt_pipeline to 2026-04-29 00:00:00+00:00, run_after=2026-04-30 00:00:00+00:00
[2026-04-29T21:07:57.775+0000] {processor.py:183} INFO - Processing /opt/airflow/dags/dbt_pipeline_dag.py took 0.269 seconds
[2026-04-29T21:08:21.756+0000] {processor.py:161} INFO - Started process (PID=211) to work on /opt/airflow/dags/dbt_pipeline_dag.py
[2026-04-29T21:08:21.759+0000] {processor.py:830} INFO - Processing file /opt/airflow/dags/dbt_pipeline_dag.py for tasks to queue
[2026-04-29T21:08:21.764+0000] {logging_mixin.py:188} INFO - [2026-04-29T21:08:21.763+0000] {dagbag.py:538} INFO - Filling up the DagBag from /opt/airflow/dags/dbt_pipeline_dag.py
[2026-04-29T21:08:21.827+0000] {processor.py:840} INFO - DAG(s) 'dbt_pipeline' retrieved from /opt/airflow/dags/dbt_pipeline_dag.py
[2026-04-29T21:08:21.903+0000] {logging_mixin.py:188} INFO - [2026-04-29T21:08:21.903+0000] {dag.py:3036} INFO - Sync 1 DAGs
[2026-04-29T21:08:21.981+0000] {logging_mixin.py:188} INFO - [2026-04-29T21:08:21.980+0000] {dag.py:3823} INFO - Setting next_dagrun for dbt_pipeline to 2026-04-29 00:00:00+00:00, run_after=2026-04-30 00:00:00+00:00
[2026-04-29T21:08:22.034+0000] {processor.py:183} INFO - Processing /opt/airflow/dags/dbt_pipeline_dag.py took 0.286 seconds
[2026-04-29T21:08:52.801+0000] {processor.py:161} INFO - Started process (PID=235) to work on /opt/airflow/dags/dbt_pipeline_dag.py
[2026-04-29T21:08:52.803+0000] {processor.py:830} INFO - Processing file /opt/airflow/dags/dbt_pipeline_dag.py for tasks to queue
[2026-04-29T21:08:52.806+0000] {logging_mixin.py:188} INFO - [2026-04-29T21:08:52.805+0000] {dagbag.py:538} INFO - Filling up the DagBag from /opt/airflow/dags/dbt_pipeline_dag.py
[2026-04-29T21:08:52.848+0000] {processor.py:840} INFO - DAG(s) 'dbt_pipeline' retrieved from /opt/airflow/dags/dbt_pipeline_dag.py
[2026-04-29T21:08:52.910+0000] {logging_mixin.py:188} INFO - [2026-04-29T21:08:52.909+0000] {dag.py:3036} INFO - Sync 1 DAGs
[2026-04-29T21:08:52.960+0000] {logging_mixin.py:188} INFO - [2026-04-29T21:08:52.960+0000] {dag.py:3823} INFO - Setting next_dagrun for dbt_pipeline to 2026-04-29 00:00:00+00:00, run_after=2026-04-30 00:00:00+00:00
[2026-04-29T21:08:53.010+0000] {processor.py:183} INFO - Processing /opt/airflow/dags/dbt_pipeline_dag.py took 0.218 seconds
[2026-04-29T21:09:23.200+0000] {processor.py:161} INFO - Started process (PID=278) to work on /opt/airflow/dags/dbt_pipeline_dag.py
[2026-04-29T21:09:23.204+0000] {processor.py:830} INFO - Processing file /opt/airflow/dags/dbt_pipeline_dag.py for tasks to queue
[2026-04-29T21:09:23.208+0000] {logging_mixin.py:188} INFO - [2026-04-29T21:09:23.207+0000] {dagbag.py:538} INFO - Filling up the DagBag from /opt/airflow/dags/dbt_pipeline_dag.py
[2026-04-29T21:09:23.259+0000] {processor.py:840} INFO - DAG(s) 'dbt_pipeline' retrieved from /opt/airflow/dags/dbt_pipeline_dag.py
[2026-04-29T21:09:23.326+0000] {logging_mixin.py:188} INFO - [2026-04-29T21:09:23.325+0000] {dag.py:3036} INFO - Sync 1 DAGs
[2026-04-29T21:09:23.387+0000] {logging_mixin.py:188} INFO - [2026-04-29T21:09:23.387+0000] {dag.py:3823} INFO - Setting next_dagrun for dbt_pipeline to 2026-04-29 00:00:00+00:00, run_after=2026-04-30 00:00:00+00:00
[2026-04-29T21:09:23.439+0000] {processor.py:183} INFO - Processing /opt/airflow/dags/dbt_pipeline_dag.py took 0.244 seconds
[2026-04-29T21:09:51.214+0000] {processor.py:161} INFO - Started process (PID=314) to work on /opt/airflow/dags/dbt_pipeline_dag.py
[2026-04-29T21:09:51.216+0000] {processor.py:830} INFO - Processing file /opt/airflow/dags/dbt_pipeline_dag.py for tasks to queue
[2026-04-29T21:09:51.218+0000] {logging_mixin.py:188} INFO - [2026-04-29T21:09:51.218+0000] {dagbag.py:538} INFO - Filling up the DagBag from /opt/airflow/dags/dbt_pipeline_dag.py
[2026-04-29T21:09:51.267+0000] {processor.py:840} INFO - DAG(s) 'dbt_pipeline' retrieved from /opt/airflow/dags/dbt_pipeline_dag.py
[2026-04-29T21:09:51.330+0000] {logging_mixin.py:188} INFO - [2026-04-29T21:09:51.329+0000] {dag.py:3036} INFO - Sync 1 DAGs
[2026-04-29T21:09:51.388+0000] {logging_mixin.py:188} INFO - [2026-04-29T21:09:51.388+0000] {dag.py:3823} INFO - Setting next_dagrun for dbt_pipeline to 2026-04-29 00:00:00+00:00, run_after=2026-04-30 00:00:00+00:00
[2026-04-29T21:09:51.436+0000] {processor.py:183} INFO - Processing /opt/airflow/dags/dbt_pipeline_dag.py took 0.228 seconds
[2026-04-29T21:10:21.986+0000] {processor.py:161} INFO - Started process (PID=348) to work on /opt/airflow/dags/dbt_pipeline_dag.py
[2026-04-29T21:10:21.988+0000] {processor.py:830} INFO - Processing file /opt/airflow/dags/dbt_pipeline_dag.py for tasks to queue
[2026-04-29T21:10:21.990+0000] {logging_mixin.py:188} INFO - [2026-04-29T21:10:21.990+0000] {dagbag.py:538} INFO - Filling up the DagBag from /opt/airflow/dags/dbt_pipeline_dag.py
[2026-04-29T21:10:22.047+0000] {processor.py:840} INFO - DAG(s) 'dbt_pipeline' retrieved from /opt/airflow/dags/dbt_pipeline_dag.py
[2026-04-29T21:10:22.122+0000] {logging_mixin.py:188} INFO - [2026-04-29T21:10:22.122+0000] {dag.py:3036} INFO - Sync 1 DAGs
[2026-04-29T21:10:22.162+0000] {logging_mixin.py:188} INFO - [2026-04-29T21:10:22.162+0000] {dag.py:3823} INFO - Setting next_dagrun for dbt_pipeline to 2026-04-29 00:00:00+00:00, run_after=2026-04-30 00:00:00+00:00
[2026-04-29T21:10:22.203+0000] {processor.py:183} INFO - Processing /opt/airflow/dags/dbt_pipeline_dag.py took 0.223 seconds
[2026-04-29T21:10:52.487+0000] {processor.py:161} INFO - Started process (PID=359) to work on /opt/airflow/dags/dbt_pipeline_dag.py
[2026-04-29T21:10:52.490+0000] {processor.py:830} INFO - Processing file /opt/airflow/dags/dbt_pipeline_dag.py for tasks to queue
[2026-04-29T21:10:52.495+0000] {logging_mixin.py:188} INFO - [2026-04-29T21:10:52.493+0000] {dagbag.py:538} INFO - Filling up the DagBag from /opt/airflow/dags/dbt_pipeline_dag.py
[2026-04-29T21:10:52.594+0000] {processor.py:840} INFO - DAG(s) 'dbt_pipeline' retrieved from /opt/airflow/dags/dbt_pipeline_dag.py
[2026-04-29T21:10:52.682+0000] {logging_mixin.py:188} INFO - [2026-04-29T21:10:52.681+0000] {dag.py:3036} INFO - Sync 1 DAGs
[2026-04-29T21:10:52.772+0000] {logging_mixin.py:188} INFO - [2026-04-29T21:10:52.771+0000] {dag.py:3823} INFO - Setting next_dagrun for dbt_pipeline to 2026-04-29 00:00:00+00:00, run_after=2026-04-30 00:00:00+00:00
[2026-04-29T21:10:52.831+0000] {processor.py:183} INFO - Processing /opt/airflow/dags/dbt_pipeline_dag.py took 0.357 seconds
[2026-04-29T21:11:23.063+0000] {processor.py:161} INFO - Started process (PID=370) to work on /opt/airflow/dags/dbt_pipeline_dag.py
[2026-04-29T21:11:23.065+0000] {processor.py:830} INFO - Processing file /opt/airflow/dags/dbt_pipeline_dag.py for tasks to queue
[2026-04-29T21:11:23.068+0000] {logging_mixin.py:188} INFO - [2026-04-29T21:11:23.067+0000] {dagbag.py:538} INFO - Filling up the DagBag from /opt/airflow/dags/dbt_pipeline_dag.py
[2026-04-29T21:11:23.124+0000] {processor.py:840} INFO - DAG(s) 'dbt_pipeline' retrieved from /opt/airflow/dags/dbt_pipeline_dag.py
[2026-04-29T21:11:23.186+0000] {logging_mixin.py:188} INFO - [2026-04-29T21:11:23.185+0000] {dag.py:3036} INFO - Sync 1 DAGs
[2026-04-29T21:11:23.267+0000] {logging_mixin.py:188} INFO - [2026-04-29T21:11:23.266+0000] {dag.py:3823} INFO - Setting next_dagrun for dbt_pipeline to 2026-04-29 00:00:00+00:00, run_after=2026-04-30 00:00:00+00:00
[2026-04-29T21:11:23.339+0000] {processor.py:183} INFO - Processing /opt/airflow/dags/dbt_pipeline_dag.py took 0.283 seconds
