[2026-04-29T20:54:30.898+0000] {processor.py:161} INFO - Started process (PID=169) to work on /opt/airflow/dags/sales_pipeline_dag.py
[2026-04-29T20:54:30.900+0000] {processor.py:830} INFO - Processing file /opt/airflow/dags/sales_pipeline_dag.py for tasks to queue
[2026-04-29T20:54:30.902+0000] {logging_mixin.py:188} INFO - [2026-04-29T20:54:30.902+0000] {dagbag.py:538} INFO - Filling up the DagBag from /opt/airflow/dags/sales_pipeline_dag.py
[2026-04-29T20:54:26.484+0000] {processor.py:840} INFO - DAG(s) 'sales_pipeline' retrieved from /opt/airflow/dags/sales_pipeline_dag.py
[2026-04-29T20:54:26.536+0000] {logging_mixin.py:188} INFO - [2026-04-29T20:54:26.535+0000] {dag.py:3036} INFO - Sync 1 DAGs
[2026-04-29T20:54:26.581+0000] {logging_mixin.py:188} INFO - [2026-04-29T20:54:26.581+0000] {dag.py:3823} INFO - Setting next_dagrun for sales_pipeline to 2026-04-29 00:00:00+00:00, run_after=2026-04-30 00:00:00+00:00
[2026-04-29T20:54:26.636+0000] {processor.py:183} INFO - Processing /opt/airflow/dags/sales_pipeline_dag.py took 2.049 seconds
[2026-04-29T20:54:54.841+0000] {processor.py:161} INFO - Started process (PID=206) to work on /opt/airflow/dags/sales_pipeline_dag.py
[2026-04-29T20:54:54.844+0000] {processor.py:830} INFO - Processing file /opt/airflow/dags/sales_pipeline_dag.py for tasks to queue
[2026-04-29T20:54:54.848+0000] {logging_mixin.py:188} INFO - [2026-04-29T20:54:54.847+0000] {dagbag.py:538} INFO - Filling up the DagBag from /opt/airflow/dags/sales_pipeline_dag.py
[2026-04-29T20:54:56.890+0000] {processor.py:840} INFO - DAG(s) 'sales_pipeline' retrieved from /opt/airflow/dags/sales_pipeline_dag.py
[2026-04-29T20:54:57.306+0000] {logging_mixin.py:188} INFO - [2026-04-29T20:54:57.304+0000] {dag.py:3036} INFO - Sync 1 DAGs
[2026-04-29T20:54:57.370+0000] {logging_mixin.py:188} INFO - [2026-04-29T20:54:57.369+0000] {dag.py:3823} INFO - Setting next_dagrun for sales_pipeline to 2026-04-29 00:00:00+00:00, run_after=2026-04-30 00:00:00+00:00
[2026-04-29T20:54:57.443+0000] {processor.py:183} INFO - Processing /opt/airflow/dags/sales_pipeline_dag.py took 2.607 seconds
[2026-04-29T20:55:27.763+0000] {processor.py:161} INFO - Started process (PID=219) to work on /opt/airflow/dags/sales_pipeline_dag.py
[2026-04-29T20:55:27.765+0000] {processor.py:830} INFO - Processing file /opt/airflow/dags/sales_pipeline_dag.py for tasks to queue
[2026-04-29T20:55:27.767+0000] {logging_mixin.py:188} INFO - [2026-04-29T20:55:27.767+0000] {dagbag.py:538} INFO - Filling up the DagBag from /opt/airflow/dags/sales_pipeline_dag.py
[2026-04-29T20:55:29.023+0000] {processor.py:840} INFO - DAG(s) 'sales_pipeline' retrieved from /opt/airflow/dags/sales_pipeline_dag.py
[2026-04-29T20:55:29.070+0000] {logging_mixin.py:188} INFO - [2026-04-29T20:55:29.069+0000] {dag.py:3036} INFO - Sync 1 DAGs
[2026-04-29T20:55:29.124+0000] {logging_mixin.py:188} INFO - [2026-04-29T20:55:29.124+0000] {dag.py:3823} INFO - Setting next_dagrun for sales_pipeline to 2026-04-29 00:00:00+00:00, run_after=2026-04-30 00:00:00+00:00
[2026-04-29T20:55:29.170+0000] {processor.py:183} INFO - Processing /opt/airflow/dags/sales_pipeline_dag.py took 1.412 seconds
[2026-04-29T20:55:59.513+0000] {processor.py:161} INFO - Started process (PID=230) to work on /opt/airflow/dags/sales_pipeline_dag.py
[2026-04-29T20:55:59.518+0000] {processor.py:830} INFO - Processing file /opt/airflow/dags/sales_pipeline_dag.py for tasks to queue
[2026-04-29T20:55:59.523+0000] {logging_mixin.py:188} INFO - [2026-04-29T20:55:59.521+0000] {dagbag.py:538} INFO - Filling up the DagBag from /opt/airflow/dags/sales_pipeline_dag.py
[2026-04-29T20:56:02.390+0000] {processor.py:840} INFO - DAG(s) 'sales_pipeline' retrieved from /opt/airflow/dags/sales_pipeline_dag.py
[2026-04-29T20:56:02.505+0000] {logging_mixin.py:188} INFO - [2026-04-29T20:56:02.491+0000] {dag.py:3036} INFO - Sync 1 DAGs
[2026-04-29T20:56:02.626+0000] {logging_mixin.py:188} INFO - [2026-04-29T20:56:02.624+0000] {dag.py:3823} INFO - Setting next_dagrun for sales_pipeline to 2026-04-29 00:00:00+00:00, run_after=2026-04-30 00:00:00+00:00
[2026-04-29T20:56:02.762+0000] {processor.py:183} INFO - Processing /opt/airflow/dags/sales_pipeline_dag.py took 3.683 seconds
[2026-04-29T20:56:33.104+0000] {processor.py:161} INFO - Started process (PID=254) to work on /opt/airflow/dags/sales_pipeline_dag.py
[2026-04-29T20:56:33.106+0000] {processor.py:830} INFO - Processing file /opt/airflow/dags/sales_pipeline_dag.py for tasks to queue
[2026-04-29T20:56:33.109+0000] {logging_mixin.py:188} INFO - [2026-04-29T20:56:33.108+0000] {dagbag.py:538} INFO - Filling up the DagBag from /opt/airflow/dags/sales_pipeline_dag.py
[2026-04-29T20:56:34.246+0000] {processor.py:840} INFO - DAG(s) 'sales_pipeline' retrieved from /opt/airflow/dags/sales_pipeline_dag.py
[2026-04-29T20:56:34.295+0000] {logging_mixin.py:188} INFO - [2026-04-29T20:56:34.294+0000] {dag.py:3036} INFO - Sync 1 DAGs
[2026-04-29T20:56:34.336+0000] {logging_mixin.py:188} INFO - [2026-04-29T20:56:34.336+0000] {dag.py:3823} INFO - Setting next_dagrun for sales_pipeline to 2026-04-29 00:00:00+00:00, run_after=2026-04-30 00:00:00+00:00
[2026-04-29T20:56:34.380+0000] {processor.py:183} INFO - Processing /opt/airflow/dags/sales_pipeline_dag.py took 1.281 seconds
[2026-04-29T20:57:04.617+0000] {processor.py:161} INFO - Started process (PID=265) to work on /opt/airflow/dags/sales_pipeline_dag.py
[2026-04-29T20:57:04.619+0000] {processor.py:830} INFO - Processing file /opt/airflow/dags/sales_pipeline_dag.py for tasks to queue
[2026-04-29T20:57:04.621+0000] {logging_mixin.py:188} INFO - [2026-04-29T20:57:04.620+0000] {dagbag.py:538} INFO - Filling up the DagBag from /opt/airflow/dags/sales_pipeline_dag.py
[2026-04-29T20:57:05.539+0000] {processor.py:840} INFO - DAG(s) 'sales_pipeline' retrieved from /opt/airflow/dags/sales_pipeline_dag.py
[2026-04-29T20:57:05.594+0000] {logging_mixin.py:188} INFO - [2026-04-29T20:57:05.593+0000] {dag.py:3036} INFO - Sync 1 DAGs
[2026-04-29T20:57:05.648+0000] {logging_mixin.py:188} INFO - [2026-04-29T20:57:05.648+0000] {dag.py:3823} INFO - Setting next_dagrun for sales_pipeline to 2026-04-29 00:00:00+00:00, run_after=2026-04-30 00:00:00+00:00
[2026-04-29T20:57:05.689+0000] {processor.py:183} INFO - Processing /opt/airflow/dags/sales_pipeline_dag.py took 1.495 seconds
[2026-04-29T20:57:36.395+0000] {processor.py:161} INFO - Started process (PID=276) to work on /opt/airflow/dags/sales_pipeline_dag.py
[2026-04-29T20:57:36.397+0000] {processor.py:830} INFO - Processing file /opt/airflow/dags/sales_pipeline_dag.py for tasks to queue
[2026-04-29T20:57:36.399+0000] {logging_mixin.py:188} INFO - [2026-04-29T20:57:36.398+0000] {dagbag.py:538} INFO - Filling up the DagBag from /opt/airflow/dags/sales_pipeline_dag.py
[2026-04-29T20:57:37.826+0000] {processor.py:840} INFO - DAG(s) 'sales_pipeline' retrieved from /opt/airflow/dags/sales_pipeline_dag.py
[2026-04-29T20:57:37.893+0000] {logging_mixin.py:188} INFO - [2026-04-29T20:57:37.892+0000] {dag.py:3036} INFO - Sync 1 DAGs
[2026-04-29T20:57:37.938+0000] {logging_mixin.py:188} INFO - [2026-04-29T20:57:37.937+0000] {dag.py:3823} INFO - Setting next_dagrun for sales_pipeline to 2026-04-29 00:00:00+00:00, run_after=2026-04-30 00:00:00+00:00
[2026-04-29T20:57:37.979+0000] {processor.py:183} INFO - Processing /opt/airflow/dags/sales_pipeline_dag.py took 1.589 seconds
[2026-04-29T20:58:08.253+0000] {processor.py:161} INFO - Started process (PID=287) to work on /opt/airflow/dags/sales_pipeline_dag.py
[2026-04-29T20:58:08.255+0000] {processor.py:830} INFO - Processing file /opt/airflow/dags/sales_pipeline_dag.py for tasks to queue
[2026-04-29T20:58:08.257+0000] {logging_mixin.py:188} INFO - [2026-04-29T20:58:08.257+0000] {dagbag.py:538} INFO - Filling up the DagBag from /opt/airflow/dags/sales_pipeline_dag.py
[2026-04-29T20:58:09.435+0000] {processor.py:840} INFO - DAG(s) 'sales_pipeline' retrieved from /opt/airflow/dags/sales_pipeline_dag.py
[2026-04-29T20:58:09.491+0000] {logging_mixin.py:188} INFO - [2026-04-29T20:58:09.490+0000] {dag.py:3036} INFO - Sync 1 DAGs
[2026-04-29T20:58:09.540+0000] {logging_mixin.py:188} INFO - [2026-04-29T20:58:09.540+0000] {dag.py:3823} INFO - Setting next_dagrun for sales_pipeline to 2026-04-29 00:00:00+00:00, run_after=2026-04-30 00:00:00+00:00
[2026-04-29T20:58:09.604+0000] {processor.py:183} INFO - Processing /opt/airflow/dags/sales_pipeline_dag.py took 1.355 seconds
[2026-04-29T20:58:40.174+0000] {processor.py:161} INFO - Started process (PID=298) to work on /opt/airflow/dags/sales_pipeline_dag.py
[2026-04-29T20:58:40.176+0000] {processor.py:830} INFO - Processing file /opt/airflow/dags/sales_pipeline_dag.py for tasks to queue
[2026-04-29T20:58:40.179+0000] {logging_mixin.py:188} INFO - [2026-04-29T20:58:40.178+0000] {dagbag.py:538} INFO - Filling up the DagBag from /opt/airflow/dags/sales_pipeline_dag.py
[2026-04-29T20:58:41.396+0000] {processor.py:840} INFO - DAG(s) 'sales_pipeline' retrieved from /opt/airflow/dags/sales_pipeline_dag.py
[2026-04-29T20:58:41.447+0000] {logging_mixin.py:188} INFO - [2026-04-29T20:58:41.442+0000] {dag.py:3036} INFO - Sync 1 DAGs
[2026-04-29T20:58:41.488+0000] {logging_mixin.py:188} INFO - [2026-04-29T20:58:41.487+0000] {dag.py:3823} INFO - Setting next_dagrun for sales_pipeline to 2026-04-29 00:00:00+00:00, run_after=2026-04-30 00:00:00+00:00
[2026-04-29T20:58:41.525+0000] {processor.py:183} INFO - Processing /opt/airflow/dags/sales_pipeline_dag.py took 1.358 seconds
[2026-04-29T20:59:12.036+0000] {processor.py:161} INFO - Started process (PID=330) to work on /opt/airflow/dags/sales_pipeline_dag.py
[2026-04-29T20:59:12.039+0000] {processor.py:830} INFO - Processing file /opt/airflow/dags/sales_pipeline_dag.py for tasks to queue
[2026-04-29T20:59:12.042+0000] {logging_mixin.py:188} INFO - [2026-04-29T20:59:12.041+0000] {dagbag.py:538} INFO - Filling up the DagBag from /opt/airflow/dags/sales_pipeline_dag.py
[2026-04-29T20:59:13.248+0000] {processor.py:840} INFO - DAG(s) 'sales_pipeline' retrieved from /opt/airflow/dags/sales_pipeline_dag.py
[2026-04-29T20:59:13.294+0000] {logging_mixin.py:188} INFO - [2026-04-29T20:59:13.293+0000] {dag.py:3036} INFO - Sync 1 DAGs
[2026-04-29T20:59:13.335+0000] {logging_mixin.py:188} INFO - [2026-04-29T20:59:13.335+0000] {dag.py:3823} INFO - Setting next_dagrun for sales_pipeline to 2026-04-29 00:00:00+00:00, run_after=2026-04-30 00:00:00+00:00
[2026-04-29T20:59:13.373+0000] {processor.py:183} INFO - Processing /opt/airflow/dags/sales_pipeline_dag.py took 1.341 seconds
[2026-04-29T20:59:43.939+0000] {processor.py:161} INFO - Started process (PID=346) to work on /opt/airflow/dags/sales_pipeline_dag.py
[2026-04-29T20:59:43.940+0000] {processor.py:830} INFO - Processing file /opt/airflow/dags/sales_pipeline_dag.py for tasks to queue
[2026-04-29T20:59:43.942+0000] {logging_mixin.py:188} INFO - [2026-04-29T20:59:43.942+0000] {dagbag.py:538} INFO - Filling up the DagBag from /opt/airflow/dags/sales_pipeline_dag.py
[2026-04-29T20:59:45.131+0000] {processor.py:840} INFO - DAG(s) 'sales_pipeline' retrieved from /opt/airflow/dags/sales_pipeline_dag.py
[2026-04-29T20:59:45.193+0000] {logging_mixin.py:188} INFO - [2026-04-29T20:59:45.192+0000] {dag.py:3036} INFO - Sync 1 DAGs
[2026-04-29T20:59:45.243+0000] {logging_mixin.py:188} INFO - [2026-04-29T20:59:45.242+0000] {dag.py:3823} INFO - Setting next_dagrun for sales_pipeline to 2026-04-29 00:00:00+00:00, run_after=2026-04-30 00:00:00+00:00
[2026-04-29T20:59:45.277+0000] {processor.py:183} INFO - Processing /opt/airflow/dags/sales_pipeline_dag.py took 1.343 seconds
[2026-04-29T21:00:16.762+0000] {processor.py:161} INFO - Started process (PID=357) to work on /opt/airflow/dags/sales_pipeline_dag.py
[2026-04-29T21:00:16.764+0000] {processor.py:830} INFO - Processing file /opt/airflow/dags/sales_pipeline_dag.py for tasks to queue
[2026-04-29T21:00:16.766+0000] {logging_mixin.py:188} INFO - [2026-04-29T21:00:16.765+0000] {dagbag.py:538} INFO - Filling up the DagBag from /opt/airflow/dags/sales_pipeline_dag.py
[2026-04-29T21:00:18.060+0000] {processor.py:840} INFO - DAG(s) 'sales_pipeline' retrieved from /opt/airflow/dags/sales_pipeline_dag.py
[2026-04-29T21:00:18.115+0000] {logging_mixin.py:188} INFO - [2026-04-29T21:00:18.114+0000] {dag.py:3036} INFO - Sync 1 DAGs
[2026-04-29T21:00:18.156+0000] {logging_mixin.py:188} INFO - [2026-04-29T21:00:18.155+0000] {dag.py:3823} INFO - Setting next_dagrun for sales_pipeline to 2026-04-29 00:00:00+00:00, run_after=2026-04-30 00:00:00+00:00
[2026-04-29T21:00:18.200+0000] {processor.py:183} INFO - Processing /opt/airflow/dags/sales_pipeline_dag.py took 1.443 seconds
[2026-04-29T21:00:51.706+0000] {processor.py:161} INFO - Started process (PID=368) to work on /opt/airflow/dags/sales_pipeline_dag.py
[2026-04-29T21:00:51.708+0000] {processor.py:830} INFO - Processing file /opt/airflow/dags/sales_pipeline_dag.py for tasks to queue
[2026-04-29T21:00:51.711+0000] {logging_mixin.py:188} INFO - [2026-04-29T21:00:51.710+0000] {dagbag.py:538} INFO - Filling up the DagBag from /opt/airflow/dags/sales_pipeline_dag.py
[2026-04-29T21:00:53.001+0000] {processor.py:840} INFO - DAG(s) 'sales_pipeline' retrieved from /opt/airflow/dags/sales_pipeline_dag.py
[2026-04-29T21:00:53.050+0000] {logging_mixin.py:188} INFO - [2026-04-29T21:00:53.049+0000] {dag.py:3036} INFO - Sync 1 DAGs
[2026-04-29T21:00:53.094+0000] {logging_mixin.py:188} INFO - [2026-04-29T21:00:53.094+0000] {dag.py:3823} INFO - Setting next_dagrun for sales_pipeline to 2026-04-29 00:00:00+00:00, run_after=2026-04-30 00:00:00+00:00
[2026-04-29T21:00:53.134+0000] {processor.py:183} INFO - Processing /opt/airflow/dags/sales_pipeline_dag.py took 1.433 seconds
[2026-04-29T21:01:23.387+0000] {processor.py:161} INFO - Started process (PID=379) to work on /opt/airflow/dags/sales_pipeline_dag.py
[2026-04-29T21:01:23.389+0000] {processor.py:830} INFO - Processing file /opt/airflow/dags/sales_pipeline_dag.py for tasks to queue
[2026-04-29T21:01:23.391+0000] {logging_mixin.py:188} INFO - [2026-04-29T21:01:23.391+0000] {dagbag.py:538} INFO - Filling up the DagBag from /opt/airflow/dags/sales_pipeline_dag.py
[2026-04-29T21:01:24.430+0000] {processor.py:840} INFO - DAG(s) 'sales_pipeline' retrieved from /opt/airflow/dags/sales_pipeline_dag.py
[2026-04-29T21:01:24.491+0000] {logging_mixin.py:188} INFO - [2026-04-29T21:01:24.490+0000] {dag.py:3036} INFO - Sync 1 DAGs
[2026-04-29T21:01:24.552+0000] {logging_mixin.py:188} INFO - [2026-04-29T21:01:24.551+0000] {dag.py:3823} INFO - Setting next_dagrun for sales_pipeline to 2026-04-29 00:00:00+00:00, run_after=2026-04-30 00:00:00+00:00
[2026-04-29T21:01:24.604+0000] {processor.py:183} INFO - Processing /opt/airflow/dags/sales_pipeline_dag.py took 1.223 seconds
[2026-04-29T21:01:50.436+0000] {processor.py:161} INFO - Started process (PID=390) to work on /opt/airflow/dags/sales_pipeline_dag.py
[2026-04-29T21:01:50.438+0000] {processor.py:830} INFO - Processing file /opt/airflow/dags/sales_pipeline_dag.py for tasks to queue
[2026-04-29T21:01:50.440+0000] {logging_mixin.py:188} INFO - [2026-04-29T21:01:50.440+0000] {dagbag.py:538} INFO - Filling up the DagBag from /opt/airflow/dags/sales_pipeline_dag.py
[2026-04-29T21:01:51.748+0000] {processor.py:840} INFO - DAG(s) 'sales_pipeline' retrieved from /opt/airflow/dags/sales_pipeline_dag.py
[2026-04-29T21:01:51.790+0000] {logging_mixin.py:188} INFO - [2026-04-29T21:01:51.789+0000] {dag.py:3036} INFO - Sync 1 DAGs
[2026-04-29T21:01:51.827+0000] {logging_mixin.py:188} INFO - [2026-04-29T21:01:51.827+0000] {dag.py:3823} INFO - Setting next_dagrun for sales_pipeline to 2026-04-29 00:00:00+00:00, run_after=2026-04-30 00:00:00+00:00
[2026-04-29T21:01:51.865+0000] {processor.py:183} INFO - Processing /opt/airflow/dags/sales_pipeline_dag.py took 1.433 seconds
[2026-04-29T21:02:22.405+0000] {processor.py:161} INFO - Started process (PID=401) to work on /opt/airflow/dags/sales_pipeline_dag.py
[2026-04-29T21:02:22.414+0000] {processor.py:830} INFO - Processing file /opt/airflow/dags/sales_pipeline_dag.py for tasks to queue
[2026-04-29T21:02:22.421+0000] {logging_mixin.py:188} INFO - [2026-04-29T21:02:22.420+0000] {dagbag.py:538} INFO - Filling up the DagBag from /opt/airflow/dags/sales_pipeline_dag.py
[2026-04-29T21:02:24.118+0000] {processor.py:840} INFO - DAG(s) 'sales_pipeline' retrieved from /opt/airflow/dags/sales_pipeline_dag.py
[2026-04-29T21:02:24.170+0000] {logging_mixin.py:188} INFO - [2026-04-29T21:02:24.169+0000] {dag.py:3036} INFO - Sync 1 DAGs
[2026-04-29T21:02:24.216+0000] {logging_mixin.py:188} INFO - [2026-04-29T21:02:24.216+0000] {dag.py:3823} INFO - Setting next_dagrun for sales_pipeline to 2026-04-29 00:00:00+00:00, run_after=2026-04-30 00:00:00+00:00
[2026-04-29T21:02:24.259+0000] {processor.py:183} INFO - Processing /opt/airflow/dags/sales_pipeline_dag.py took 1.861 seconds
[2026-04-29T21:02:50.511+0000] {processor.py:161} INFO - Started process (PID=412) to work on /opt/airflow/dags/sales_pipeline_dag.py
[2026-04-29T21:02:50.514+0000] {processor.py:830} INFO - Processing file /opt/airflow/dags/sales_pipeline_dag.py for tasks to queue
[2026-04-29T21:02:50.517+0000] {logging_mixin.py:188} INFO - [2026-04-29T21:02:50.516+0000] {dagbag.py:538} INFO - Filling up the DagBag from /opt/airflow/dags/sales_pipeline_dag.py
[2026-04-29T21:02:52.400+0000] {processor.py:840} INFO - DAG(s) 'sales_pipeline' retrieved from /opt/airflow/dags/sales_pipeline_dag.py
[2026-04-29T21:02:52.458+0000] {logging_mixin.py:188} INFO - [2026-04-29T21:02:52.456+0000] {dag.py:3036} INFO - Sync 1 DAGs
[2026-04-29T21:02:52.508+0000] {logging_mixin.py:188} INFO - [2026-04-29T21:02:52.507+0000] {dag.py:3823} INFO - Setting next_dagrun for sales_pipeline to 2026-04-29 00:00:00+00:00, run_after=2026-04-30 00:00:00+00:00
[2026-04-29T21:02:52.554+0000] {processor.py:183} INFO - Processing /opt/airflow/dags/sales_pipeline_dag.py took 2.050 seconds
[2026-04-29T21:03:22.869+0000] {processor.py:161} INFO - Started process (PID=423) to work on /opt/airflow/dags/sales_pipeline_dag.py
[2026-04-29T21:03:22.871+0000] {processor.py:830} INFO - Processing file /opt/airflow/dags/sales_pipeline_dag.py for tasks to queue
[2026-04-29T21:03:22.873+0000] {logging_mixin.py:188} INFO - [2026-04-29T21:03:22.872+0000] {dagbag.py:538} INFO - Filling up the DagBag from /opt/airflow/dags/sales_pipeline_dag.py
[2026-04-29T21:03:24.058+0000] {processor.py:840} INFO - DAG(s) 'sales_pipeline' retrieved from /opt/airflow/dags/sales_pipeline_dag.py
[2026-04-29T21:03:24.122+0000] {logging_mixin.py:188} INFO - [2026-04-29T21:03:24.120+0000] {dag.py:3036} INFO - Sync 1 DAGs
[2026-04-29T21:03:24.170+0000] {logging_mixin.py:188} INFO - [2026-04-29T21:03:24.170+0000] {dag.py:3823} INFO - Setting next_dagrun for sales_pipeline to 2026-04-29 00:00:00+00:00, run_after=2026-04-30 00:00:00+00:00
[2026-04-29T21:03:24.212+0000] {processor.py:183} INFO - Processing /opt/airflow/dags/sales_pipeline_dag.py took 1.348 seconds
[2026-04-29T21:03:54.303+0000] {processor.py:161} INFO - Started process (PID=434) to work on /opt/airflow/dags/sales_pipeline_dag.py
[2026-04-29T21:03:54.306+0000] {processor.py:830} INFO - Processing file /opt/airflow/dags/sales_pipeline_dag.py for tasks to queue
[2026-04-29T21:03:54.308+0000] {logging_mixin.py:188} INFO - [2026-04-29T21:03:54.308+0000] {dagbag.py:538} INFO - Filling up the DagBag from /opt/airflow/dags/sales_pipeline_dag.py
[2026-04-29T21:03:55.639+0000] {processor.py:840} INFO - DAG(s) 'sales_pipeline' retrieved from /opt/airflow/dags/sales_pipeline_dag.py
[2026-04-29T21:03:55.692+0000] {logging_mixin.py:188} INFO - [2026-04-29T21:03:55.691+0000] {dag.py:3036} INFO - Sync 1 DAGs
[2026-04-29T21:03:55.739+0000] {logging_mixin.py:188} INFO - [2026-04-29T21:03:55.739+0000] {dag.py:3823} INFO - Setting next_dagrun for sales_pipeline to 2026-04-29 00:00:00+00:00, run_after=2026-04-30 00:00:00+00:00
[2026-04-29T21:03:55.779+0000] {processor.py:183} INFO - Processing /opt/airflow/dags/sales_pipeline_dag.py took 1.480 seconds
[2026-04-29T21:04:25.954+0000] {processor.py:161} INFO - Started process (PID=445) to work on /opt/airflow/dags/sales_pipeline_dag.py
[2026-04-29T21:04:25.957+0000] {processor.py:830} INFO - Processing file /opt/airflow/dags/sales_pipeline_dag.py for tasks to queue
[2026-04-29T21:04:25.960+0000] {logging_mixin.py:188} INFO - [2026-04-29T21:04:25.959+0000] {dagbag.py:538} INFO - Filling up the DagBag from /opt/airflow/dags/sales_pipeline_dag.py
[2026-04-29T21:04:26.834+0000] {processor.py:840} INFO - DAG(s) 'sales_pipeline' retrieved from /opt/airflow/dags/sales_pipeline_dag.py
[2026-04-29T21:04:26.883+0000] {logging_mixin.py:188} INFO - [2026-04-29T21:04:26.882+0000] {dag.py:3036} INFO - Sync 1 DAGs
[2026-04-29T21:04:26.929+0000] {logging_mixin.py:188} INFO - [2026-04-29T21:04:26.928+0000] {dag.py:3823} INFO - Setting next_dagrun for sales_pipeline to 2026-04-29 00:00:00+00:00, run_after=2026-04-30 00:00:00+00:00
[2026-04-29T21:04:26.971+0000] {processor.py:183} INFO - Processing /opt/airflow/dags/sales_pipeline_dag.py took 1.411 seconds
[2026-04-29T21:04:57.148+0000] {processor.py:161} INFO - Started process (PID=456) to work on /opt/airflow/dags/sales_pipeline_dag.py
[2026-04-29T21:04:57.151+0000] {processor.py:830} INFO - Processing file /opt/airflow/dags/sales_pipeline_dag.py for tasks to queue
[2026-04-29T21:04:57.154+0000] {logging_mixin.py:188} INFO - [2026-04-29T21:04:57.153+0000] {dagbag.py:538} INFO - Filling up the DagBag from /opt/airflow/dags/sales_pipeline_dag.py
[2026-04-29T21:04:58.739+0000] {processor.py:840} INFO - DAG(s) 'sales_pipeline' retrieved from /opt/airflow/dags/sales_pipeline_dag.py
[2026-04-29T21:04:58.791+0000] {logging_mixin.py:188} INFO - [2026-04-29T21:04:58.790+0000] {dag.py:3036} INFO - Sync 1 DAGs
[2026-04-29T21:04:58.844+0000] {logging_mixin.py:188} INFO - [2026-04-29T21:04:58.843+0000] {dag.py:3823} INFO - Setting next_dagrun for sales_pipeline to 2026-04-29 00:00:00+00:00, run_after=2026-04-30 00:00:00+00:00
[2026-04-29T21:04:58.890+0000] {processor.py:183} INFO - Processing /opt/airflow/dags/sales_pipeline_dag.py took 1.749 seconds
[2026-04-29T21:06:11.977+0000] {processor.py:161} INFO - Started process (PID=170) to work on /opt/airflow/dags/sales_pipeline_dag.py
[2026-04-29T21:06:11.980+0000] {processor.py:830} INFO - Processing file /opt/airflow/dags/sales_pipeline_dag.py for tasks to queue
[2026-04-29T21:06:11.983+0000] {logging_mixin.py:188} INFO - [2026-04-29T21:06:11.982+0000] {dagbag.py:538} INFO - Filling up the DagBag from /opt/airflow/dags/sales_pipeline_dag.py
[2026-04-29T21:06:17.399+0000] {processor.py:840} INFO - DAG(s) 'sales_pipeline' retrieved from /opt/airflow/dags/sales_pipeline_dag.py
[2026-04-29T21:06:17.478+0000] {logging_mixin.py:188} INFO - [2026-04-29T21:06:17.477+0000] {dag.py:3036} INFO - Sync 1 DAGs
[2026-04-29T21:06:17.549+0000] {logging_mixin.py:188} INFO - [2026-04-29T21:06:17.549+0000] {dag.py:3823} INFO - Setting next_dagrun for sales_pipeline to 2026-04-29 00:00:00+00:00, run_after=2026-04-30 00:00:00+00:00
[2026-04-29T21:06:17.611+0000] {processor.py:183} INFO - Processing /opt/airflow/dags/sales_pipeline_dag.py took 6.056 seconds
[2026-04-29T21:06:48.105+0000] {processor.py:161} INFO - Started process (PID=183) to work on /opt/airflow/dags/sales_pipeline_dag.py
[2026-04-29T21:06:48.108+0000] {processor.py:830} INFO - Processing file /opt/airflow/dags/sales_pipeline_dag.py for tasks to queue
[2026-04-29T21:06:48.110+0000] {logging_mixin.py:188} INFO - [2026-04-29T21:06:48.109+0000] {dagbag.py:538} INFO - Filling up the DagBag from /opt/airflow/dags/sales_pipeline_dag.py
[2026-04-29T21:06:49.740+0000] {processor.py:840} INFO - DAG(s) 'sales_pipeline' retrieved from /opt/airflow/dags/sales_pipeline_dag.py
[2026-04-29T21:06:49.975+0000] {logging_mixin.py:188} INFO - [2026-04-29T21:06:49.974+0000] {dag.py:3036} INFO - Sync 1 DAGs
[2026-04-29T21:06:50.064+0000] {logging_mixin.py:188} INFO - [2026-04-29T21:06:50.063+0000] {dag.py:3823} INFO - Setting next_dagrun for sales_pipeline to 2026-04-29 00:00:00+00:00, run_after=2026-04-30 00:00:00+00:00
[2026-04-29T21:06:50.160+0000] {processor.py:183} INFO - Processing /opt/airflow/dags/sales_pipeline_dag.py took 2.063 seconds
[2026-04-29T21:07:27.223+0000] {processor.py:161} INFO - Started process (PID=192) to work on /opt/airflow/dags/sales_pipeline_dag.py
[2026-04-29T21:07:20.907+0000] {processor.py:830} INFO - Processing file /opt/airflow/dags/sales_pipeline_dag.py for tasks to queue
[2026-04-29T21:07:20.911+0000] {logging_mixin.py:188} INFO - [2026-04-29T21:07:20.910+0000] {dagbag.py:538} INFO - Filling up the DagBag from /opt/airflow/dags/sales_pipeline_dag.py
[2026-04-29T21:07:22.283+0000] {processor.py:840} INFO - DAG(s) 'sales_pipeline' retrieved from /opt/airflow/dags/sales_pipeline_dag.py
[2026-04-29T21:07:22.345+0000] {logging_mixin.py:188} INFO - [2026-04-29T21:07:22.343+0000] {dag.py:3036} INFO - Sync 1 DAGs
[2026-04-29T21:07:22.412+0000] {logging_mixin.py:188} INFO - [2026-04-29T21:07:22.412+0000] {dag.py:3823} INFO - Setting next_dagrun for sales_pipeline to 2026-04-29 00:00:00+00:00, run_after=2026-04-30 00:00:00+00:00
[2026-04-29T21:07:23.906+0000] {processor.py:183} INFO - Processing /opt/airflow/dags/sales_pipeline_dag.py took 3.246 seconds
[2026-04-29T21:07:54.287+0000] {processor.py:161} INFO - Started process (PID=205) to work on /opt/airflow/dags/sales_pipeline_dag.py
[2026-04-29T21:07:54.289+0000] {processor.py:830} INFO - Processing file /opt/airflow/dags/sales_pipeline_dag.py for tasks to queue
[2026-04-29T21:07:54.292+0000] {logging_mixin.py:188} INFO - [2026-04-29T21:07:54.291+0000] {dagbag.py:538} INFO - Filling up the DagBag from /opt/airflow/dags/sales_pipeline_dag.py
[2026-04-29T21:07:55.627+0000] {processor.py:840} INFO - DAG(s) 'sales_pipeline' retrieved from /opt/airflow/dags/sales_pipeline_dag.py
[2026-04-29T21:07:55.694+0000] {logging_mixin.py:188} INFO - [2026-04-29T21:07:55.693+0000] {dag.py:3036} INFO - Sync 1 DAGs
[2026-04-29T21:07:55.757+0000] {logging_mixin.py:188} INFO - [2026-04-29T21:07:55.756+0000] {dag.py:3823} INFO - Setting next_dagrun for sales_pipeline to 2026-04-29 00:00:00+00:00, run_after=2026-04-30 00:00:00+00:00
[2026-04-29T21:07:55.813+0000] {processor.py:183} INFO - Processing /opt/airflow/dags/sales_pipeline_dag.py took 1.530 seconds
[2026-04-29T21:08:26.042+0000] {processor.py:161} INFO - Started process (PID=216) to work on /opt/airflow/dags/sales_pipeline_dag.py
[2026-04-29T21:08:26.044+0000] {processor.py:830} INFO - Processing file /opt/airflow/dags/sales_pipeline_dag.py for tasks to queue
[2026-04-29T21:08:26.047+0000] {logging_mixin.py:188} INFO - [2026-04-29T21:08:26.046+0000] {dagbag.py:538} INFO - Filling up the DagBag from /opt/airflow/dags/sales_pipeline_dag.py
[2026-04-29T21:08:27.149+0000] {processor.py:840} INFO - DAG(s) 'sales_pipeline' retrieved from /opt/airflow/dags/sales_pipeline_dag.py
[2026-04-29T21:08:27.215+0000] {logging_mixin.py:188} INFO - [2026-04-29T21:08:27.214+0000] {dag.py:3036} INFO - Sync 1 DAGs
[2026-04-29T21:08:27.284+0000] {logging_mixin.py:188} INFO - [2026-04-29T21:08:27.283+0000] {dag.py:3823} INFO - Setting next_dagrun for sales_pipeline to 2026-04-29 00:00:00+00:00, run_after=2026-04-30 00:00:00+00:00
[2026-04-29T21:08:27.350+0000] {processor.py:183} INFO - Processing /opt/airflow/dags/sales_pipeline_dag.py took 1.730 seconds
[2026-04-29T21:08:57.556+0000] {processor.py:161} INFO - Started process (PID=240) to work on /opt/airflow/dags/sales_pipeline_dag.py
[2026-04-29T21:08:57.560+0000] {processor.py:830} INFO - Processing file /opt/airflow/dags/sales_pipeline_dag.py for tasks to queue
[2026-04-29T21:08:57.564+0000] {logging_mixin.py:188} INFO - [2026-04-29T21:08:57.562+0000] {dagbag.py:538} INFO - Filling up the DagBag from /opt/airflow/dags/sales_pipeline_dag.py
[2026-04-29T21:08:58.919+0000] {processor.py:840} INFO - DAG(s) 'sales_pipeline' retrieved from /opt/airflow/dags/sales_pipeline_dag.py
[2026-04-29T21:08:58.963+0000] {logging_mixin.py:188} INFO - [2026-04-29T21:08:58.962+0000] {dag.py:3036} INFO - Sync 1 DAGs
[2026-04-29T21:08:59.007+0000] {logging_mixin.py:188} INFO - [2026-04-29T21:08:59.006+0000] {dag.py:3823} INFO - Setting next_dagrun for sales_pipeline to 2026-04-29 00:00:00+00:00, run_after=2026-04-30 00:00:00+00:00
[2026-04-29T21:08:59.049+0000] {processor.py:183} INFO - Processing /opt/airflow/dags/sales_pipeline_dag.py took 1.504 seconds
[2026-04-29T21:09:29.161+0000] {processor.py:161} INFO - Started process (PID=288) to work on /opt/airflow/dags/sales_pipeline_dag.py
[2026-04-29T21:09:29.163+0000] {processor.py:830} INFO - Processing file /opt/airflow/dags/sales_pipeline_dag.py for tasks to queue
[2026-04-29T21:09:29.166+0000] {logging_mixin.py:188} INFO - [2026-04-29T21:09:29.165+0000] {dagbag.py:538} INFO - Filling up the DagBag from /opt/airflow/dags/sales_pipeline_dag.py
[2026-04-29T21:09:30.645+0000] {processor.py:840} INFO - DAG(s) 'sales_pipeline' retrieved from /opt/airflow/dags/sales_pipeline_dag.py
[2026-04-29T21:09:30.732+0000] {logging_mixin.py:188} INFO - [2026-04-29T21:09:30.731+0000] {dag.py:3036} INFO - Sync 1 DAGs
[2026-04-29T21:09:30.827+0000] {logging_mixin.py:188} INFO - [2026-04-29T21:09:30.827+0000] {dag.py:3823} INFO - Setting next_dagrun for sales_pipeline to 2026-04-29 00:00:00+00:00, run_after=2026-04-30 00:00:00+00:00
[2026-04-29T21:09:30.872+0000] {processor.py:183} INFO - Processing /opt/airflow/dags/sales_pipeline_dag.py took 1.716 seconds
[2026-04-29T21:10:01.141+0000] {processor.py:161} INFO - Started process (PID=329) to work on /opt/airflow/dags/sales_pipeline_dag.py
[2026-04-29T21:10:01.144+0000] {processor.py:830} INFO - Processing file /opt/airflow/dags/sales_pipeline_dag.py for tasks to queue
[2026-04-29T21:10:01.146+0000] {logging_mixin.py:188} INFO - [2026-04-29T21:10:01.146+0000] {dagbag.py:538} INFO - Filling up the DagBag from /opt/airflow/dags/sales_pipeline_dag.py
[2026-04-29T21:10:02.036+0000] {processor.py:840} INFO - DAG(s) 'sales_pipeline' retrieved from /opt/airflow/dags/sales_pipeline_dag.py
[2026-04-29T21:10:02.089+0000] {logging_mixin.py:188} INFO - [2026-04-29T21:10:02.088+0000] {dag.py:3036} INFO - Sync 1 DAGs
[2026-04-29T21:10:02.130+0000] {logging_mixin.py:188} INFO - [2026-04-29T21:10:02.129+0000] {dag.py:3823} INFO - Setting next_dagrun for sales_pipeline to 2026-04-29 00:00:00+00:00, run_after=2026-04-30 00:00:00+00:00
[2026-04-29T21:10:02.179+0000] {processor.py:183} INFO - Processing /opt/airflow/dags/sales_pipeline_dag.py took 1.473 seconds
[2026-04-29T21:10:32.354+0000] {processor.py:161} INFO - Started process (PID=353) to work on /opt/airflow/dags/sales_pipeline_dag.py
[2026-04-29T21:10:32.356+0000] {processor.py:830} INFO - Processing file /opt/airflow/dags/sales_pipeline_dag.py for tasks to queue
[2026-04-29T21:10:32.358+0000] {logging_mixin.py:188} INFO - [2026-04-29T21:10:32.357+0000] {dagbag.py:538} INFO - Filling up the DagBag from /opt/airflow/dags/sales_pipeline_dag.py
[2026-04-29T21:10:33.607+0000] {processor.py:840} INFO - DAG(s) 'sales_pipeline' retrieved from /opt/airflow/dags/sales_pipeline_dag.py
[2026-04-29T21:10:33.656+0000] {logging_mixin.py:188} INFO - [2026-04-29T21:10:33.655+0000] {dag.py:3036} INFO - Sync 1 DAGs
[2026-04-29T21:10:33.701+0000] {logging_mixin.py:188} INFO - [2026-04-29T21:10:33.700+0000] {dag.py:3823} INFO - Setting next_dagrun for sales_pipeline to 2026-04-29 00:00:00+00:00, run_after=2026-04-30 00:00:00+00:00
[2026-04-29T21:10:33.757+0000] {processor.py:183} INFO - Processing /opt/airflow/dags/sales_pipeline_dag.py took 1.408 seconds
[2026-04-29T21:11:03.926+0000] {processor.py:161} INFO - Started process (PID=364) to work on /opt/airflow/dags/sales_pipeline_dag.py
[2026-04-29T21:11:03.928+0000] {processor.py:830} INFO - Processing file /opt/airflow/dags/sales_pipeline_dag.py for tasks to queue
[2026-04-29T21:11:03.931+0000] {logging_mixin.py:188} INFO - [2026-04-29T21:11:03.931+0000] {dagbag.py:538} INFO - Filling up the DagBag from /opt/airflow/dags/sales_pipeline_dag.py
[2026-04-29T21:11:05.140+0000] {processor.py:840} INFO - DAG(s) 'sales_pipeline' retrieved from /opt/airflow/dags/sales_pipeline_dag.py
[2026-04-29T21:11:05.188+0000] {logging_mixin.py:188} INFO - [2026-04-29T21:11:05.187+0000] {dag.py:3036} INFO - Sync 1 DAGs
[2026-04-29T21:11:05.235+0000] {logging_mixin.py:188} INFO - [2026-04-29T21:11:05.235+0000] {dag.py:3823} INFO - Setting next_dagrun for sales_pipeline to 2026-04-29 00:00:00+00:00, run_after=2026-04-30 00:00:00+00:00
[2026-04-29T21:11:05.288+0000] {processor.py:183} INFO - Processing /opt/airflow/dags/sales_pipeline_dag.py took 1.366 seconds
[2026-04-29T21:11:31.405+0000] {processor.py:161} INFO - Started process (PID=375) to work on /opt/airflow/dags/sales_pipeline_dag.py
[2026-04-29T21:11:31.407+0000] {processor.py:830} INFO - Processing file /opt/airflow/dags/sales_pipeline_dag.py for tasks to queue
[2026-04-29T21:11:31.410+0000] {logging_mixin.py:188} INFO - [2026-04-29T21:11:31.410+0000] {dagbag.py:538} INFO - Filling up the DagBag from /opt/airflow/dags/sales_pipeline_dag.py
[2026-04-29T21:11:32.698+0000] {processor.py:840} INFO - DAG(s) 'sales_pipeline' retrieved from /opt/airflow/dags/sales_pipeline_dag.py
[2026-04-29T21:11:32.862+0000] {logging_mixin.py:188} INFO - [2026-04-29T21:11:32.860+0000] {dag.py:3036} INFO - Sync 1 DAGs
[2026-04-29T21:11:33.038+0000] {logging_mixin.py:188} INFO - [2026-04-29T21:11:33.037+0000] {dag.py:3823} INFO - Setting next_dagrun for sales_pipeline to 2026-04-29 00:00:00+00:00, run_after=2026-04-30 00:00:00+00:00
[2026-04-29T21:11:33.128+0000] {processor.py:183} INFO - Processing /opt/airflow/dags/sales_pipeline_dag.py took 1.731 seconds
[2026-04-29T21:12:09.640+0000] {processor.py:161} INFO - Started process (PID=386) to work on /opt/airflow/dags/sales_pipeline_dag.py
[2026-04-29T21:12:09.642+0000] {processor.py:830} INFO - Processing file /opt/airflow/dags/sales_pipeline_dag.py for tasks to queue
[2026-04-29T21:12:09.645+0000] {logging_mixin.py:188} INFO - [2026-04-29T21:12:09.644+0000] {dagbag.py:538} INFO - Filling up the DagBag from /opt/airflow/dags/sales_pipeline_dag.py
[2026-04-29T21:12:11.119+0000] {processor.py:840} INFO - DAG(s) 'sales_pipeline' retrieved from /opt/airflow/dags/sales_pipeline_dag.py
[2026-04-29T21:12:11.172+0000] {logging_mixin.py:188} INFO - [2026-04-29T21:12:11.169+0000] {dag.py:3036} INFO - Sync 1 DAGs
[2026-04-29T21:12:11.214+0000] {logging_mixin.py:188} INFO - [2026-04-29T21:12:11.214+0000] {dag.py:3823} INFO - Setting next_dagrun for sales_pipeline to 2026-04-29 00:00:00+00:00, run_after=2026-04-30 00:00:00+00:00
[2026-04-29T21:12:11.257+0000] {processor.py:183} INFO - Processing /opt/airflow/dags/sales_pipeline_dag.py took 1.623 seconds
[2026-04-29T21:12:36.529+0000] {processor.py:161} INFO - Started process (PID=397) to work on /opt/airflow/dags/sales_pipeline_dag.py
[2026-04-29T21:12:36.531+0000] {processor.py:830} INFO - Processing file /opt/airflow/dags/sales_pipeline_dag.py for tasks to queue
[2026-04-29T21:12:36.535+0000] {logging_mixin.py:188} INFO - [2026-04-29T21:12:36.534+0000] {dagbag.py:538} INFO - Filling up the DagBag from /opt/airflow/dags/sales_pipeline_dag.py
[2026-04-29T21:12:37.938+0000] {processor.py:840} INFO - DAG(s) 'sales_pipeline' retrieved from /opt/airflow/dags/sales_pipeline_dag.py
[2026-04-29T21:12:38.002+0000] {logging_mixin.py:188} INFO - [2026-04-29T21:12:38.000+0000] {dag.py:3036} INFO - Sync 1 DAGs
[2026-04-29T21:12:38.056+0000] {logging_mixin.py:188} INFO - [2026-04-29T21:12:38.055+0000] {dag.py:3823} INFO - Setting next_dagrun for sales_pipeline to 2026-04-29 00:00:00+00:00, run_after=2026-04-30 00:00:00+00:00
[2026-04-29T21:12:38.099+0000] {processor.py:183} INFO - Processing /opt/airflow/dags/sales_pipeline_dag.py took 1.579 seconds
[2026-04-29T21:13:09.080+0000] {processor.py:161} INFO - Started process (PID=408) to work on /opt/airflow/dags/sales_pipeline_dag.py
[2026-04-29T21:13:09.082+0000] {processor.py:830} INFO - Processing file /opt/airflow/dags/sales_pipeline_dag.py for tasks to queue
[2026-04-29T21:13:09.085+0000] {logging_mixin.py:188} INFO - [2026-04-29T21:13:09.084+0000] {dagbag.py:538} INFO - Filling up the DagBag from /opt/airflow/dags/sales_pipeline_dag.py
[2026-04-29T21:13:11.372+0000] {processor.py:840} INFO - DAG(s) 'sales_pipeline' retrieved from /opt/airflow/dags/sales_pipeline_dag.py
[2026-04-29T21:13:11.445+0000] {logging_mixin.py:188} INFO - [2026-04-29T21:13:11.443+0000] {dag.py:3036} INFO - Sync 1 DAGs
[2026-04-29T21:13:11.546+0000] {logging_mixin.py:188} INFO - [2026-04-29T21:13:11.545+0000] {dag.py:3823} INFO - Setting next_dagrun for sales_pipeline to 2026-04-29 00:00:00+00:00, run_after=2026-04-30 00:00:00+00:00
[2026-04-29T21:13:11.593+0000] {processor.py:183} INFO - Processing /opt/airflow/dags/sales_pipeline_dag.py took 2.530 seconds
[2026-04-29T21:13:41.859+0000] {processor.py:161} INFO - Started process (PID=419) to work on /opt/airflow/dags/sales_pipeline_dag.py
[2026-04-29T21:13:41.862+0000] {processor.py:830} INFO - Processing file /opt/airflow/dags/sales_pipeline_dag.py for tasks to queue
[2026-04-29T21:13:41.864+0000] {logging_mixin.py:188} INFO - [2026-04-29T21:13:41.864+0000] {dagbag.py:538} INFO - Filling up the DagBag from /opt/airflow/dags/sales_pipeline_dag.py
[2026-04-29T21:13:42.770+0000] {processor.py:840} INFO - DAG(s) 'sales_pipeline' retrieved from /opt/airflow/dags/sales_pipeline_dag.py
[2026-04-29T21:13:42.829+0000] {logging_mixin.py:188} INFO - [2026-04-29T21:13:42.828+0000] {dag.py:3036} INFO - Sync 1 DAGs
[2026-04-29T21:13:42.902+0000] {logging_mixin.py:188} INFO - [2026-04-29T21:13:42.901+0000] {dag.py:3823} INFO - Setting next_dagrun for sales_pipeline to 2026-04-29 00:00:00+00:00, run_after=2026-04-30 00:00:00+00:00
[2026-04-29T21:13:42.956+0000] {processor.py:183} INFO - Processing /opt/airflow/dags/sales_pipeline_dag.py took 1.606 seconds
[2026-04-29T21:14:13.194+0000] {processor.py:161} INFO - Started process (PID=430) to work on /opt/airflow/dags/sales_pipeline_dag.py
[2026-04-29T21:14:13.197+0000] {processor.py:830} INFO - Processing file /opt/airflow/dags/sales_pipeline_dag.py for tasks to queue
[2026-04-29T21:14:13.199+0000] {logging_mixin.py:188} INFO - [2026-04-29T21:14:13.198+0000] {dagbag.py:538} INFO - Filling up the DagBag from /opt/airflow/dags/sales_pipeline_dag.py
[2026-04-29T21:14:14.385+0000] {processor.py:840} INFO - DAG(s) 'sales_pipeline' retrieved from /opt/airflow/dags/sales_pipeline_dag.py
[2026-04-29T21:14:14.440+0000] {logging_mixin.py:188} INFO - [2026-04-29T21:14:14.438+0000] {dag.py:3036} INFO - Sync 1 DAGs
[2026-04-29T21:14:14.483+0000] {logging_mixin.py:188} INFO - [2026-04-29T21:14:14.483+0000] {dag.py:3823} INFO - Setting next_dagrun for sales_pipeline to 2026-04-29 00:00:00+00:00, run_after=2026-04-30 00:00:00+00:00
[2026-04-29T21:14:14.527+0000] {processor.py:183} INFO - Processing /opt/airflow/dags/sales_pipeline_dag.py took 1.340 seconds
[2026-04-29T21:14:44.688+0000] {processor.py:161} INFO - Started process (PID=441) to work on /opt/airflow/dags/sales_pipeline_dag.py
[2026-04-29T21:14:44.692+0000] {processor.py:830} INFO - Processing file /opt/airflow/dags/sales_pipeline_dag.py for tasks to queue
[2026-04-29T21:14:44.695+0000] {logging_mixin.py:188} INFO - [2026-04-29T21:14:44.694+0000] {dagbag.py:538} INFO - Filling up the DagBag from /opt/airflow/dags/sales_pipeline_dag.py
[2026-04-29T21:14:45.831+0000] {processor.py:840} INFO - DAG(s) 'sales_pipeline' retrieved from /opt/airflow/dags/sales_pipeline_dag.py
[2026-04-29T21:14:45.880+0000] {logging_mixin.py:188} INFO - [2026-04-29T21:14:45.878+0000] {dag.py:3036} INFO - Sync 1 DAGs
[2026-04-29T21:14:45.926+0000] {logging_mixin.py:188} INFO - [2026-04-29T21:14:45.926+0000] {dag.py:3823} INFO - Setting next_dagrun for sales_pipeline to 2026-04-29 00:00:00+00:00, run_after=2026-04-30 00:00:00+00:00
[2026-04-29T21:14:45.970+0000] {processor.py:183} INFO - Processing /opt/airflow/dags/sales_pipeline_dag.py took 1.289 seconds
[2026-04-29T21:15:16.144+0000] {processor.py:161} INFO - Started process (PID=452) to work on /opt/airflow/dags/sales_pipeline_dag.py
[2026-04-29T21:15:16.146+0000] {processor.py:830} INFO - Processing file /opt/airflow/dags/sales_pipeline_dag.py for tasks to queue
[2026-04-29T21:15:16.148+0000] {logging_mixin.py:188} INFO - [2026-04-29T21:15:16.148+0000] {dagbag.py:538} INFO - Filling up the DagBag from /opt/airflow/dags/sales_pipeline_dag.py
[2026-04-29T21:15:17.112+0000] {processor.py:840} INFO - DAG(s) 'sales_pipeline' retrieved from /opt/airflow/dags/sales_pipeline_dag.py
[2026-04-29T21:15:17.164+0000] {logging_mixin.py:188} INFO - [2026-04-29T21:15:17.163+0000] {dag.py:3036} INFO - Sync 1 DAGs
[2026-04-29T21:15:17.213+0000] {logging_mixin.py:188} INFO - [2026-04-29T21:15:17.212+0000] {dag.py:3823} INFO - Setting next_dagrun for sales_pipeline to 2026-04-29 00:00:00+00:00, run_after=2026-04-30 00:00:00+00:00
[2026-04-29T21:15:17.258+0000] {processor.py:183} INFO - Processing /opt/airflow/dags/sales_pipeline_dag.py took 1.606 seconds
[2026-04-29T21:15:48.125+0000] {processor.py:161} INFO - Started process (PID=463) to work on /opt/airflow/dags/sales_pipeline_dag.py
[2026-04-29T21:15:48.127+0000] {processor.py:830} INFO - Processing file /opt/airflow/dags/sales_pipeline_dag.py for tasks to queue
[2026-04-29T21:15:48.130+0000] {logging_mixin.py:188} INFO - [2026-04-29T21:15:48.129+0000] {dagbag.py:538} INFO - Filling up the DagBag from /opt/airflow/dags/sales_pipeline_dag.py
[2026-04-29T21:15:49.450+0000] {processor.py:840} INFO - DAG(s) 'sales_pipeline' retrieved from /opt/airflow/dags/sales_pipeline_dag.py
[2026-04-29T21:15:49.503+0000] {logging_mixin.py:188} INFO - [2026-04-29T21:15:49.502+0000] {dag.py:3036} INFO - Sync 1 DAGs
[2026-04-29T21:15:49.550+0000] {logging_mixin.py:188} INFO - [2026-04-29T21:15:49.549+0000] {dag.py:3823} INFO - Setting next_dagrun for sales_pipeline to 2026-04-29 00:00:00+00:00, run_after=2026-04-30 00:00:00+00:00
[2026-04-29T21:15:49.596+0000] {processor.py:183} INFO - Processing /opt/airflow/dags/sales_pipeline_dag.py took 1.476 seconds
[2026-04-29T21:16:20.466+0000] {processor.py:161} INFO - Started process (PID=474) to work on /opt/airflow/dags/sales_pipeline_dag.py
[2026-04-29T21:16:20.470+0000] {processor.py:830} INFO - Processing file /opt/airflow/dags/sales_pipeline_dag.py for tasks to queue
[2026-04-29T21:16:20.474+0000] {logging_mixin.py:188} INFO - [2026-04-29T21:16:20.473+0000] {dagbag.py:538} INFO - Filling up the DagBag from /opt/airflow/dags/sales_pipeline_dag.py
[2026-04-29T21:16:22.060+0000] {processor.py:840} INFO - DAG(s) 'sales_pipeline' retrieved from /opt/airflow/dags/sales_pipeline_dag.py
[2026-04-29T21:16:22.120+0000] {logging_mixin.py:188} INFO - [2026-04-29T21:16:22.119+0000] {dag.py:3036} INFO - Sync 1 DAGs
[2026-04-29T21:16:22.174+0000] {logging_mixin.py:188} INFO - [2026-04-29T21:16:22.173+0000] {dag.py:3823} INFO - Setting next_dagrun for sales_pipeline to 2026-04-29 00:00:00+00:00, run_after=2026-04-30 00:00:00+00:00
[2026-04-29T21:16:22.223+0000] {processor.py:183} INFO - Processing /opt/airflow/dags/sales_pipeline_dag.py took 1.770 seconds
[2026-04-29T21:16:52.727+0000] {processor.py:161} INFO - Started process (PID=485) to work on /opt/airflow/dags/sales_pipeline_dag.py
[2026-04-29T21:16:52.729+0000] {processor.py:830} INFO - Processing file /opt/airflow/dags/sales_pipeline_dag.py for tasks to queue
[2026-04-29T21:16:52.733+0000] {logging_mixin.py:188} INFO - [2026-04-29T21:16:52.732+0000] {dagbag.py:538} INFO - Filling up the DagBag from /opt/airflow/dags/sales_pipeline_dag.py
[2026-04-29T21:16:54.016+0000] {processor.py:840} INFO - DAG(s) 'sales_pipeline' retrieved from /opt/airflow/dags/sales_pipeline_dag.py
[2026-04-29T21:16:54.064+0000] {logging_mixin.py:188} INFO - [2026-04-29T21:16:54.063+0000] {dag.py:3036} INFO - Sync 1 DAGs
[2026-04-29T21:16:54.109+0000] {logging_mixin.py:188} INFO - [2026-04-29T21:16:54.109+0000] {dag.py:3823} INFO - Setting next_dagrun for sales_pipeline to 2026-04-29 00:00:00+00:00, run_after=2026-04-30 00:00:00+00:00
[2026-04-29T21:16:54.149+0000] {processor.py:183} INFO - Processing /opt/airflow/dags/sales_pipeline_dag.py took 1.427 seconds
[2026-04-29T21:17:25.000+0000] {processor.py:161} INFO - Started process (PID=496) to work on /opt/airflow/dags/sales_pipeline_dag.py
[2026-04-29T21:17:25.002+0000] {processor.py:830} INFO - Processing file /opt/airflow/dags/sales_pipeline_dag.py for tasks to queue
[2026-04-29T21:17:25.005+0000] {logging_mixin.py:188} INFO - [2026-04-29T21:17:25.004+0000] {dagbag.py:538} INFO - Filling up the DagBag from /opt/airflow/dags/sales_pipeline_dag.py
[2026-04-29T21:17:26.188+0000] {processor.py:840} INFO - DAG(s) 'sales_pipeline' retrieved from /opt/airflow/dags/sales_pipeline_dag.py
[2026-04-29T21:17:26.244+0000] {logging_mixin.py:188} INFO - [2026-04-29T21:17:26.241+0000] {dag.py:3036} INFO - Sync 1 DAGs
[2026-04-29T21:17:26.288+0000] {logging_mixin.py:188} INFO - [2026-04-29T21:17:26.288+0000] {dag.py:3823} INFO - Setting next_dagrun for sales_pipeline to 2026-04-29 00:00:00+00:00, run_after=2026-04-30 00:00:00+00:00
[2026-04-29T21:17:26.332+0000] {processor.py:183} INFO - Processing /opt/airflow/dags/sales_pipeline_dag.py took 1.338 seconds
[2026-04-29T21:17:56.931+0000] {processor.py:161} INFO - Started process (PID=507) to work on /opt/airflow/dags/sales_pipeline_dag.py
[2026-04-29T21:17:56.933+0000] {processor.py:830} INFO - Processing file /opt/airflow/dags/sales_pipeline_dag.py for tasks to queue
[2026-04-29T21:17:56.935+0000] {logging_mixin.py:188} INFO - [2026-04-29T21:17:56.935+0000] {dagbag.py:538} INFO - Filling up the DagBag from /opt/airflow/dags/sales_pipeline_dag.py
[2026-04-29T21:17:57.874+0000] {processor.py:840} INFO - DAG(s) 'sales_pipeline' retrieved from /opt/airflow/dags/sales_pipeline_dag.py
[2026-04-29T21:17:57.914+0000] {logging_mixin.py:188} INFO - [2026-04-29T21:17:57.913+0000] {dag.py:3036} INFO - Sync 1 DAGs
[2026-04-29T21:17:57.957+0000] {logging_mixin.py:188} INFO - [2026-04-29T21:17:57.957+0000] {dag.py:3823} INFO - Setting next_dagrun for sales_pipeline to 2026-04-29 00:00:00+00:00, run_after=2026-04-30 00:00:00+00:00
[2026-04-29T21:17:57.996+0000] {processor.py:183} INFO - Processing /opt/airflow/dags/sales_pipeline_dag.py took 1.211 seconds
[2026-04-29T21:18:28.913+0000] {processor.py:161} INFO - Started process (PID=518) to work on /opt/airflow/dags/sales_pipeline_dag.py
[2026-04-29T21:18:28.915+0000] {processor.py:830} INFO - Processing file /opt/airflow/dags/sales_pipeline_dag.py for tasks to queue
[2026-04-29T21:18:28.916+0000] {logging_mixin.py:188} INFO - [2026-04-29T21:18:28.916+0000] {dagbag.py:538} INFO - Filling up the DagBag from /opt/airflow/dags/sales_pipeline_dag.py
[2026-04-29T21:18:30.023+0000] {processor.py:840} INFO - DAG(s) 'sales_pipeline' retrieved from /opt/airflow/dags/sales_pipeline_dag.py
[2026-04-29T21:18:30.073+0000] {logging_mixin.py:188} INFO - [2026-04-29T21:18:30.072+0000] {dag.py:3036} INFO - Sync 1 DAGs
[2026-04-29T21:18:30.117+0000] {logging_mixin.py:188} INFO - [2026-04-29T21:18:30.117+0000] {dag.py:3823} INFO - Setting next_dagrun for sales_pipeline to 2026-04-29 00:00:00+00:00, run_after=2026-04-30 00:00:00+00:00
[2026-04-29T21:18:30.162+0000] {processor.py:183} INFO - Processing /opt/airflow/dags/sales_pipeline_dag.py took 1.254 seconds
[2026-04-29T21:19:00.536+0000] {processor.py:161} INFO - Started process (PID=529) to work on /opt/airflow/dags/sales_pipeline_dag.py
[2026-04-29T21:19:00.539+0000] {processor.py:830} INFO - Processing file /opt/airflow/dags/sales_pipeline_dag.py for tasks to queue
[2026-04-29T21:19:00.542+0000] {logging_mixin.py:188} INFO - [2026-04-29T21:19:00.541+0000] {dagbag.py:538} INFO - Filling up the DagBag from /opt/airflow/dags/sales_pipeline_dag.py
[2026-04-29T21:19:05.160+0000] {processor.py:840} INFO - DAG(s) 'sales_pipeline' retrieved from /opt/airflow/dags/sales_pipeline_dag.py
[2026-04-29T21:19:05.286+0000] {logging_mixin.py:188} INFO - [2026-04-29T21:19:05.282+0000] {dag.py:3036} INFO - Sync 1 DAGs
[2026-04-29T21:19:05.454+0000] {logging_mixin.py:188} INFO - [2026-04-29T21:19:05.453+0000] {dag.py:3823} INFO - Setting next_dagrun for sales_pipeline to 2026-04-29 00:00:00+00:00, run_after=2026-04-30 00:00:00+00:00
[2026-04-29T21:19:05.608+0000] {processor.py:183} INFO - Processing /opt/airflow/dags/sales_pipeline_dag.py took 5.571 seconds
