[2026-04-21T18:46:46.028+0000] {taskinstance.py:1956} INFO - Dependencies all met for dep_context=non-requeueable deps ti=<TaskInstance: dbt_pipeline.dbt_run manual__2026-04-21T18:46:44.606147+00:00 [queued]>
[2026-04-21T18:46:46.051+0000] {taskinstance.py:1956} INFO - Dependencies all met for dep_context=requeueable deps ti=<TaskInstance: dbt_pipeline.dbt_run manual__2026-04-21T18:46:44.606147+00:00 [queued]>
[2026-04-21T18:46:46.052+0000] {taskinstance.py:2170} INFO - Starting attempt 1 of 1
[2026-04-21T18:46:46.095+0000] {taskinstance.py:2191} INFO - Executing <Task(BashOperator): dbt_run> on 2026-04-21 18:46:44.606147+00:00
[2026-04-21T18:46:46.109+0000] {standard_task_runner.py:60} INFO - Started process 619 to run task
[2026-04-21T18:46:46.115+0000] {standard_task_runner.py:87} INFO - Running: ['***', 'tasks', 'run', 'dbt_pipeline', 'dbt_run', 'manual__2026-04-21T18:46:44.606147+00:00', '--job-id', '29', '--raw', '--subdir', 'DAGS_FOLDER/dbt_pipeline_dag.py', '--cfg-path', '/tmp/tmpnugjjvbn']
[2026-04-21T18:46:46.119+0000] {standard_task_runner.py:88} INFO - Job 29: Subtask dbt_run
[2026-04-21T18:46:46.236+0000] {task_command.py:423} INFO - Running <TaskInstance: dbt_pipeline.dbt_run manual__2026-04-21T18:46:44.606147+00:00 [running]> on host 1c7f92b4483e
[2026-04-21T18:46:46.417+0000] {taskinstance.py:2480} INFO - Exporting env vars: AIRFLOW_CTX_DAG_OWNER='***' AIRFLOW_CTX_DAG_ID='dbt_pipeline' AIRFLOW_CTX_TASK_ID='dbt_run' AIRFLOW_CTX_EXECUTION_DATE='2026-04-21T18:46:44.606147+00:00' AIRFLOW_CTX_TRY_NUMBER='1' AIRFLOW_CTX_DAG_RUN_ID='manual__2026-04-21T18:46:44.606147+00:00'
[2026-04-21T18:46:46.420+0000] {subprocess.py:63} INFO - Tmp dir root location: /tmp
[2026-04-21T18:46:46.422+0000] {subprocess.py:75} INFO - Running command: ['/usr/bin/bash', '-c', 'cd /opt/***/project/week7/de_journey && dbt run --profiles-dir /opt/***/project/week7/de_journey']
[2026-04-21T18:46:46.440+0000] {subprocess.py:86} INFO - Output:
[2026-04-21T18:46:50.105+0000] {subprocess.py:93} INFO - [0m18:46:50  Running with dbt=1.8.7
[2026-04-21T18:46:50.577+0000] {subprocess.py:93} INFO - [0m18:46:50  Registered adapter: bigquery=1.8.3
[2026-04-21T18:46:51.900+0000] {subprocess.py:93} INFO - [0m18:46:51  Found 2 models, 9 data tests, 1 source, 479 macros
[2026-04-21T18:46:51.907+0000] {subprocess.py:93} INFO - [0m18:46:51
[2026-04-21T18:46:53.603+0000] {subprocess.py:93} INFO - [0m18:46:53  Concurrency: 4 threads (target='dev')
[2026-04-21T18:46:53.605+0000] {subprocess.py:93} INFO - [0m18:46:53
[2026-04-21T18:46:53.626+0000] {subprocess.py:93} INFO - [0m18:46:53  1 of 2 START sql view model de_journey_dw_staging.stg_sales .................... [RUN]
[2026-04-21T18:46:55.201+0000] {subprocess.py:93} INFO - [0m18:46:55  1 of 2 OK created sql view model de_journey_dw_staging.stg_sales ............... [[32mCREATE VIEW (0 processed)[0m in 1.57s]
[2026-04-21T18:46:55.208+0000] {subprocess.py:93} INFO - [0m18:46:55  2 of 2 START sql incremental model de_journey_dw_marts.mart_sales_summary ...... [RUN]
[2026-04-21T18:46:59.268+0000] {subprocess.py:93} INFO - [0m18:46:59  2 of 2 OK created sql incremental model de_journey_dw_marts.mart_sales_summary . [[32mMERGE (0.0 rows, 206.0 Bytes processed)[0m in 4.06s]
[2026-04-21T18:46:59.304+0000] {subprocess.py:93} INFO - [0m18:46:59
[2026-04-21T18:46:59.305+0000] {subprocess.py:93} INFO - [0m18:46:59  Finished running 1 view model, 1 incremental model in 0 hours 0 minutes and 7.39 seconds (7.39s).
[2026-04-21T18:46:59.450+0000] {subprocess.py:93} INFO - [0m18:46:59
[2026-04-21T18:46:59.452+0000] {subprocess.py:93} INFO - [0m18:46:59  [32mCompleted successfully[0m
[2026-04-21T18:46:59.453+0000] {subprocess.py:93} INFO - [0m18:46:59
[2026-04-21T18:46:59.455+0000] {subprocess.py:93} INFO - [0m18:46:59  Done. PASS=2 WARN=0 ERROR=0 SKIP=0 TOTAL=2
[2026-04-21T18:47:00.993+0000] {subprocess.py:97} INFO - Command exited with return code 0
[2026-04-21T18:47:01.048+0000] {taskinstance.py:1138} INFO - Marking task as SUCCESS. dag_id=dbt_pipeline, task_id=dbt_run, execution_date=20260421T184644, start_date=20260421T184646, end_date=20260421T184701
[2026-04-21T18:47:01.125+0000] {local_task_job_runner.py:234} INFO - Task exited with return code 0
[2026-04-21T18:47:01.166+0000] {taskinstance.py:3280} INFO - 1 downstream tasks scheduled from follow-on schedule check
