[2026-05-09T20:45:55.928+0000] {taskinstance.py:1956} INFO - Dependencies all met for dep_context=non-requeueable deps ti=<TaskInstance: dbt_pipeline.dbt_source_freshness scheduled__2026-05-08T00:00:00+00:00 [queued]>
[2026-05-09T20:45:55.953+0000] {taskinstance.py:1956} INFO - Dependencies all met for dep_context=requeueable deps ti=<TaskInstance: dbt_pipeline.dbt_source_freshness scheduled__2026-05-08T00:00:00+00:00 [queued]>
[2026-05-09T20:45:55.954+0000] {taskinstance.py:2170} INFO - Starting attempt 1 of 1
[2026-05-09T20:45:56.003+0000] {taskinstance.py:2191} INFO - Executing <Task(BashOperator): dbt_source_freshness> on 2026-05-08 00:00:00+00:00
[2026-05-09T20:45:56.013+0000] {standard_task_runner.py:60} INFO - Started process 5605 to run task
[2026-05-09T20:45:56.021+0000] {standard_task_runner.py:87} INFO - Running: ['***', 'tasks', 'run', 'dbt_pipeline', 'dbt_source_freshness', 'scheduled__2026-05-08T00:00:00+00:00', '--job-id', '113', '--raw', '--subdir', 'DAGS_FOLDER/dbt_pipeline_dag.py', '--cfg-path', '/tmp/tmpl5ufk051']
[2026-05-09T20:45:56.027+0000] {standard_task_runner.py:88} INFO - Job 113: Subtask dbt_source_freshness
[2026-05-09T20:45:56.158+0000] {task_command.py:423} INFO - Running <TaskInstance: dbt_pipeline.dbt_source_freshness scheduled__2026-05-08T00:00:00+00:00 [running]> on host c5c53f6c77ae
[2026-05-09T20:46:03.257+0000] {taskinstance.py:2480} INFO - Exporting env vars: AIRFLOW_CTX_DAG_OWNER='***' AIRFLOW_CTX_DAG_ID='dbt_pipeline' AIRFLOW_CTX_TASK_ID='dbt_source_freshness' AIRFLOW_CTX_EXECUTION_DATE='2026-05-08T00:00:00+00:00' AIRFLOW_CTX_TRY_NUMBER='1' AIRFLOW_CTX_DAG_RUN_ID='scheduled__2026-05-08T00:00:00+00:00'
[2026-05-09T20:46:03.260+0000] {subprocess.py:63} INFO - Tmp dir root location: /tmp
[2026-05-09T20:46:03.263+0000] {subprocess.py:75} INFO - Running command: ['/usr/bin/bash', '-c', 'cd /opt/***/project/week7/de_journey && dbt source freshness --profiles-dir /opt/***/project/week7/de_journey --no-version-check']
[2026-05-09T20:46:03.287+0000] {subprocess.py:86} INFO - Output:
[2026-05-09T20:46:00.651+0000] {subprocess.py:93} INFO - [0m20:46:00  Running with dbt=1.8.7
[2026-05-09T20:46:02.302+0000] {subprocess.py:93} INFO - [0m20:46:02  Registered adapter: bigquery=1.8.3
[2026-05-09T20:46:09.063+0000] {subprocess.py:93} INFO - [0m20:46:09  Found 2 models, 1 snapshot, 13 data tests, 1 source, 759 macros
[2026-05-09T20:46:09.075+0000] {subprocess.py:93} INFO - [0m20:46:09
[2026-05-09T20:46:09.078+0000] {subprocess.py:93} INFO - [0m20:46:09  Nothing to do. Try checking your model configs and model specification args
[2026-05-09T20:46:09.449+0000] {subprocess.py:93} INFO - [0m20:46:09  Done.
[2026-05-09T20:46:10.761+0000] {subprocess.py:97} INFO - Command exited with return code 0
[2026-05-09T20:46:10.889+0000] {taskinstance.py:1138} INFO - Marking task as SUCCESS. dag_id=dbt_pipeline, task_id=dbt_source_freshness, execution_date=20260508T000000, start_date=20260509T204555, end_date=20260509T204610
[2026-05-09T20:46:11.089+0000] {local_task_job_runner.py:234} INFO - Task exited with return code 0
[2026-05-09T20:46:18.252+0000] {taskinstance.py:3280} INFO - 0 downstream tasks scheduled from follow-on schedule check
