[2026-04-13T15:28:35.572+0000] {taskinstance.py:1956} INFO - Dependencies all met for dep_context=non-requeueable deps ti=<TaskInstance: sales_pipeline.extract scheduled__2026-04-12T00:00:00+00:00 [queued]>
[2026-04-13T15:28:35.672+0000] {taskinstance.py:1956} INFO - Dependencies all met for dep_context=requeueable deps ti=<TaskInstance: sales_pipeline.extract scheduled__2026-04-12T00:00:00+00:00 [queued]>
[2026-04-13T15:28:35.677+0000] {taskinstance.py:2170} INFO - Starting attempt 1 of 1
[2026-04-13T15:28:35.933+0000] {taskinstance.py:2191} INFO - Executing <Task(PythonOperator): extract> on 2026-04-12 00:00:00+00:00
[2026-04-13T15:28:35.973+0000] {standard_task_runner.py:60} INFO - Started process 206 to run task
[2026-04-13T15:28:36.057+0000] {standard_task_runner.py:87} INFO - Running: ['***', 'tasks', 'run', 'sales_pipeline', 'extract', 'scheduled__2026-04-12T00:00:00+00:00', '--job-id', '10', '--raw', '--subdir', 'DAGS_FOLDER/sales_pipeline_dag.py', '--cfg-path', '/tmp/tmpca91yutq']
[2026-04-13T15:28:36.202+0000] {standard_task_runner.py:88} INFO - Job 10: Subtask extract
[2026-04-13T15:28:37.375+0000] {task_command.py:423} INFO - Running <TaskInstance: sales_pipeline.extract scheduled__2026-04-12T00:00:00+00:00 [running]> on host d63d876a1c0e
[2026-04-13T15:28:35.882+0000] {taskinstance.py:2480} INFO - Exporting env vars: AIRFLOW_CTX_DAG_OWNER='***' AIRFLOW_CTX_DAG_ID='sales_pipeline' AIRFLOW_CTX_TASK_ID='extract' AIRFLOW_CTX_EXECUTION_DATE='2026-04-12T00:00:00+00:00' AIRFLOW_CTX_TRY_NUMBER='1' AIRFLOW_CTX_DAG_RUN_ID='scheduled__2026-04-12T00:00:00+00:00'
[2026-04-13T15:28:35.889+0000] {taskinstance.py:2698} ERROR - Task failed with exception
Traceback (most recent call last):
  File "/home/airflow/.local/lib/python3.8/site-packages/airflow/models/taskinstance.py", line 433, in _execute_task
    result = execute_callable(context=context, **execute_callable_kwargs)
  File "/home/airflow/.local/lib/python3.8/site-packages/airflow/operators/python.py", line 199, in execute
    return_value = self.execute_callable()
  File "/home/airflow/.local/lib/python3.8/site-packages/airflow/operators/python.py", line 216, in execute_callable
    return self.python_callable(*self.op_args, **self.op_kwargs)
  File "/opt/airflow/dags/sales_pipeline_dag.py", line 14, in extract
    pipe.connect()
  File "/opt/airflow/project/week3/base_pipeline.py", line 17, in connect
    self.conn = psycopg2.connect(
  File "/home/airflow/.local/lib/python3.8/site-packages/psycopg2/__init__.py", line 122, in connect
    conn = _connect(dsn, connection_factory=connection_factory, **kwasync)
psycopg2.OperationalError: connection to server at "127.0.0.1", port 5433 failed: Connection refused
	Is the server running on that host and accepting TCP/IP connections?

[2026-04-13T15:28:35.934+0000] {taskinstance.py:1138} INFO - Marking task as FAILED. dag_id=sales_pipeline, task_id=extract, execution_date=20260412T000000, start_date=20260413T152835, end_date=20260413T152835
[2026-04-13T15:28:36.110+0000] {standard_task_runner.py:107} ERROR - Failed to execute job 10 for task extract (connection to server at "127.0.0.1", port 5433 failed: Connection refused
	Is the server running on that host and accepting TCP/IP connections?
; 206)
[2026-04-13T15:28:36.159+0000] {local_task_job_runner.py:234} INFO - Task exited with return code 1
[2026-04-13T15:28:36.239+0000] {taskinstance.py:3280} INFO - 0 downstream tasks scheduled from follow-on schedule check
