[2026-06-07T19:26:47.962+0000] {taskinstance.py:1956} INFO - Dependencies all met for dep_context=non-requeueable deps ti=<TaskInstance: dbt_pipeline.dbt_snapshot scheduled__2026-06-06T00:00:00+00:00 [queued]>
[2026-06-07T19:26:47.990+0000] {taskinstance.py:1956} INFO - Dependencies all met for dep_context=requeueable deps ti=<TaskInstance: dbt_pipeline.dbt_snapshot scheduled__2026-06-06T00:00:00+00:00 [queued]>
[2026-06-07T19:26:47.991+0000] {taskinstance.py:2170} INFO - Starting attempt 1 of 1
[2026-06-07T19:26:48.293+0000] {taskinstance.py:2191} INFO - Executing <Task(BashOperator): dbt_snapshot> on 2026-06-06 00:00:00+00:00
[2026-06-07T19:26:48.312+0000] {standard_task_runner.py:60} INFO - Started process 19396 to run task
[2026-06-07T19:26:48.317+0000] {standard_task_runner.py:87} INFO - Running: ['***', 'tasks', 'run', 'dbt_pipeline', 'dbt_snapshot', 'scheduled__2026-06-06T00:00:00+00:00', '--job-id', '196', '--raw', '--subdir', 'DAGS_FOLDER/dbt_pipeline_dag.py', '--cfg-path', '/tmp/tmp21vat5fc']
[2026-06-07T19:26:48.322+0000] {standard_task_runner.py:88} INFO - Job 196: Subtask dbt_snapshot
[2026-06-07T19:26:48.667+0000] {task_command.py:423} INFO - Running <TaskInstance: dbt_pipeline.dbt_snapshot scheduled__2026-06-06T00:00:00+00:00 [running]> on host c5c53f6c77ae
[2026-06-07T19:26:49.220+0000] {taskinstance.py:2480} INFO - Exporting env vars: AIRFLOW_CTX_DAG_OWNER='***' AIRFLOW_CTX_DAG_ID='dbt_pipeline' AIRFLOW_CTX_TASK_ID='dbt_snapshot' AIRFLOW_CTX_EXECUTION_DATE='2026-06-06T00:00:00+00:00' AIRFLOW_CTX_TRY_NUMBER='1' AIRFLOW_CTX_DAG_RUN_ID='scheduled__2026-06-06T00:00:00+00:00'
[2026-06-07T19:26:49.235+0000] {subprocess.py:63} INFO - Tmp dir root location: /tmp
[2026-06-07T19:26:49.326+0000] {subprocess.py:75} INFO - Running command: ['/usr/bin/bash', '-c', 'cd /opt/***/project/week7/de_journey && dbt snapshot --profiles-dir /opt/***/project/week7/de_journey --no-version-check']
[2026-06-07T19:26:49.633+0000] {subprocess.py:86} INFO - Output:
[2026-06-07T19:28:49.905+0000] {subprocess.py:93} INFO - [0m19:28:49  Running with dbt=1.8.7
[2026-06-07T19:29:37.916+0000] {subprocess.py:93} INFO - [0m19:29:37  Registered adapter: bigquery=1.8.3
[2026-06-07T19:30:16.572+0000] {subprocess.py:93} INFO - [0m19:30:16  Found 2 models, 1 snapshot, 13 data tests, 1 source, 759 macros
[2026-06-07T19:30:16.584+0000] {subprocess.py:93} INFO - [0m19:30:16
[2026-06-07T19:30:18.854+0000] {subprocess.py:93} INFO - [0m19:30:18  Concurrency: 4 threads (target='dev')
[2026-06-07T19:30:18.856+0000] {subprocess.py:93} INFO - [0m19:30:18
[2026-06-07T19:30:19.082+0000] {subprocess.py:93} INFO - [0m19:30:19  1 of 1 START snapshot snapshots.sales_snapshot ................................. [RUN]
[2026-06-07T19:30:28.742+0000] {subprocess.py:93} INFO - [0m19:30:28  1 of 1 OK snapshotted snapshots.sales_snapshot ................................. [[32mMERGE (0.0 rows, 351.0 Bytes processed)[0m in 9.65s]
[2026-06-07T19:30:28.760+0000] {subprocess.py:93} INFO - [0m19:30:28
[2026-06-07T19:30:28.763+0000] {subprocess.py:93} INFO - [0m19:30:28  Finished running 1 snapshot in 0 hours 0 minutes and 12.17 seconds (12.17s).
[2026-06-07T19:30:28.990+0000] {subprocess.py:93} INFO - [0m19:30:28
[2026-06-07T19:30:28.993+0000] {subprocess.py:93} INFO - [0m19:30:28  [32mCompleted successfully[0m
[2026-06-07T19:30:28.995+0000] {subprocess.py:93} INFO - [0m19:30:28
[2026-06-07T19:30:28.997+0000] {subprocess.py:93} INFO - [0m19:30:28  Done. PASS=1 WARN=0 ERROR=0 SKIP=0 TOTAL=1
[2026-06-07T19:30:30.152+0000] {subprocess.py:97} INFO - Command exited with return code 0
[2026-06-07T19:30:30.251+0000] {taskinstance.py:1138} INFO - Marking task as SUCCESS. dag_id=dbt_pipeline, task_id=dbt_snapshot, execution_date=20260606T000000, start_date=20260607T192647, end_date=20260607T193030
[2026-06-07T19:30:30.491+0000] {local_task_job_runner.py:234} INFO - Task exited with return code 0
[2026-06-07T19:30:30.545+0000] {taskinstance.py:3280} INFO - 1 downstream tasks scheduled from follow-on schedule check
