[2026-06-07T19:26:31.652+0000] {processor.py:161} INFO - Started process (PID=19379) to work on /opt/airflow/dags/dbt_pipeline_dag.py
[2026-06-07T19:26:31.655+0000] {processor.py:830} INFO - Processing file /opt/airflow/dags/dbt_pipeline_dag.py for tasks to queue
[2026-06-07T19:26:31.658+0000] {logging_mixin.py:188} INFO - [2026-06-07T19:26:31.657+0000] {dagbag.py:538} INFO - Filling up the DagBag from /opt/airflow/dags/dbt_pipeline_dag.py
[2026-06-07T19:26:32.038+0000] {processor.py:840} INFO - DAG(s) 'dbt_pipeline' retrieved from /opt/airflow/dags/dbt_pipeline_dag.py
[2026-06-07T19:26:32.937+0000] {logging_mixin.py:188} INFO - [2026-06-07T19:26:32.936+0000] {dag.py:3036} INFO - Sync 1 DAGs
[2026-06-07T19:26:33.042+0000] {logging_mixin.py:188} INFO - [2026-06-07T19:26:33.041+0000] {dag.py:3823} INFO - Setting next_dagrun for dbt_pipeline to 2026-06-07 00:00:00+00:00, run_after=2026-06-08 00:00:00+00:00
[2026-06-07T19:26:40.088+0000] {processor.py:183} INFO - Processing /opt/airflow/dags/dbt_pipeline_dag.py took 8.446 seconds
[2026-06-07T19:27:12.351+0000] {processor.py:161} INFO - Started process (PID=19415) to work on /opt/airflow/dags/dbt_pipeline_dag.py
[2026-06-07T19:27:12.419+0000] {processor.py:830} INFO - Processing file /opt/airflow/dags/dbt_pipeline_dag.py for tasks to queue
[2026-06-07T19:27:12.485+0000] {logging_mixin.py:188} INFO - [2026-06-07T19:27:12.483+0000] {dagbag.py:538} INFO - Filling up the DagBag from /opt/airflow/dags/dbt_pipeline_dag.py
[2026-06-07T19:27:13.092+0000] {processor.py:840} INFO - DAG(s) 'dbt_pipeline' retrieved from /opt/airflow/dags/dbt_pipeline_dag.py
[2026-06-07T19:27:13.502+0000] {logging_mixin.py:188} INFO - [2026-06-07T19:27:13.489+0000] {dag.py:3036} INFO - Sync 1 DAGs
[2026-06-07T19:27:13.885+0000] {logging_mixin.py:188} INFO - [2026-06-07T19:27:13.872+0000] {dag.py:3823} INFO - Setting next_dagrun for dbt_pipeline to 2026-06-07 00:00:00+00:00, run_after=2026-06-08 00:00:00+00:00
[2026-06-07T19:27:14.255+0000] {processor.py:183} INFO - Processing /opt/airflow/dags/dbt_pipeline_dag.py took 1.929 seconds
[2026-06-07T19:27:44.533+0000] {processor.py:161} INFO - Started process (PID=19430) to work on /opt/airflow/dags/dbt_pipeline_dag.py
[2026-06-07T19:27:44.537+0000] {processor.py:830} INFO - Processing file /opt/airflow/dags/dbt_pipeline_dag.py for tasks to queue
[2026-06-07T19:27:44.541+0000] {logging_mixin.py:188} INFO - [2026-06-07T19:27:44.539+0000] {dagbag.py:538} INFO - Filling up the DagBag from /opt/airflow/dags/dbt_pipeline_dag.py
[2026-06-07T19:27:44.599+0000] {processor.py:840} INFO - DAG(s) 'dbt_pipeline' retrieved from /opt/airflow/dags/dbt_pipeline_dag.py
[2026-06-07T19:27:44.675+0000] {logging_mixin.py:188} INFO - [2026-06-07T19:27:44.675+0000] {dag.py:3036} INFO - Sync 1 DAGs
[2026-06-07T19:27:44.738+0000] {logging_mixin.py:188} INFO - [2026-06-07T19:27:44.738+0000] {dag.py:3823} INFO - Setting next_dagrun for dbt_pipeline to 2026-06-07 00:00:00+00:00, run_after=2026-06-08 00:00:00+00:00
[2026-06-07T19:27:45.610+0000] {processor.py:183} INFO - Processing /opt/airflow/dags/dbt_pipeline_dag.py took 1.083 seconds
[2026-06-07T19:28:16.227+0000] {processor.py:161} INFO - Started process (PID=19446) to work on /opt/airflow/dags/dbt_pipeline_dag.py
[2026-06-07T19:28:16.231+0000] {processor.py:830} INFO - Processing file /opt/airflow/dags/dbt_pipeline_dag.py for tasks to queue
[2026-06-07T19:28:16.236+0000] {logging_mixin.py:188} INFO - [2026-06-07T19:28:16.235+0000] {dagbag.py:538} INFO - Filling up the DagBag from /opt/airflow/dags/dbt_pipeline_dag.py
[2026-06-07T19:28:16.313+0000] {processor.py:840} INFO - DAG(s) 'dbt_pipeline' retrieved from /opt/airflow/dags/dbt_pipeline_dag.py
[2026-06-07T19:28:16.395+0000] {logging_mixin.py:188} INFO - [2026-06-07T19:28:16.395+0000] {dag.py:3036} INFO - Sync 1 DAGs
[2026-06-07T19:28:16.508+0000] {logging_mixin.py:188} INFO - [2026-06-07T19:28:16.507+0000] {dag.py:3823} INFO - Setting next_dagrun for dbt_pipeline to 2026-06-07 00:00:00+00:00, run_after=2026-06-08 00:00:00+00:00
[2026-06-07T19:28:17.036+0000] {processor.py:183} INFO - Processing /opt/airflow/dags/dbt_pipeline_dag.py took 0.823 seconds
[2026-06-07T19:28:47.607+0000] {processor.py:161} INFO - Started process (PID=19462) to work on /opt/airflow/dags/dbt_pipeline_dag.py
[2026-06-07T19:28:47.609+0000] {processor.py:830} INFO - Processing file /opt/airflow/dags/dbt_pipeline_dag.py for tasks to queue
[2026-06-07T19:28:47.611+0000] {logging_mixin.py:188} INFO - [2026-06-07T19:28:47.611+0000] {dagbag.py:538} INFO - Filling up the DagBag from /opt/airflow/dags/dbt_pipeline_dag.py
[2026-06-07T19:28:47.653+0000] {processor.py:840} INFO - DAG(s) 'dbt_pipeline' retrieved from /opt/airflow/dags/dbt_pipeline_dag.py
[2026-06-07T19:28:47.706+0000] {logging_mixin.py:188} INFO - [2026-06-07T19:28:47.706+0000] {dag.py:3036} INFO - Sync 1 DAGs
[2026-06-07T19:28:47.750+0000] {logging_mixin.py:188} INFO - [2026-06-07T19:28:47.750+0000] {dag.py:3823} INFO - Setting next_dagrun for dbt_pipeline to 2026-06-07 00:00:00+00:00, run_after=2026-06-08 00:00:00+00:00
[2026-06-07T19:28:47.881+0000] {processor.py:183} INFO - Processing /opt/airflow/dags/dbt_pipeline_dag.py took 0.278 seconds
[2026-06-07T19:29:18.217+0000] {processor.py:161} INFO - Started process (PID=19494) to work on /opt/airflow/dags/dbt_pipeline_dag.py
[2026-06-07T19:29:18.218+0000] {processor.py:830} INFO - Processing file /opt/airflow/dags/dbt_pipeline_dag.py for tasks to queue
[2026-06-07T19:29:18.220+0000] {logging_mixin.py:188} INFO - [2026-06-07T19:29:18.220+0000] {dagbag.py:538} INFO - Filling up the DagBag from /opt/airflow/dags/dbt_pipeline_dag.py
[2026-06-07T19:29:18.273+0000] {processor.py:840} INFO - DAG(s) 'dbt_pipeline' retrieved from /opt/airflow/dags/dbt_pipeline_dag.py
[2026-06-07T19:29:18.336+0000] {logging_mixin.py:188} INFO - [2026-06-07T19:29:18.336+0000] {dag.py:3036} INFO - Sync 1 DAGs
[2026-06-07T19:29:18.604+0000] {logging_mixin.py:188} INFO - [2026-06-07T19:29:18.603+0000] {dag.py:3823} INFO - Setting next_dagrun for dbt_pipeline to 2026-06-07 00:00:00+00:00, run_after=2026-06-08 00:00:00+00:00
[2026-06-07T19:29:19.184+0000] {processor.py:183} INFO - Processing /opt/airflow/dags/dbt_pipeline_dag.py took 0.971 seconds
[2026-06-07T19:29:49.314+0000] {processor.py:161} INFO - Started process (PID=19512) to work on /opt/airflow/dags/dbt_pipeline_dag.py
[2026-06-07T19:29:49.316+0000] {processor.py:830} INFO - Processing file /opt/airflow/dags/dbt_pipeline_dag.py for tasks to queue
[2026-06-07T19:29:49.318+0000] {logging_mixin.py:188} INFO - [2026-06-07T19:29:49.317+0000] {dagbag.py:538} INFO - Filling up the DagBag from /opt/airflow/dags/dbt_pipeline_dag.py
[2026-06-07T19:29:49.361+0000] {processor.py:840} INFO - DAG(s) 'dbt_pipeline' retrieved from /opt/airflow/dags/dbt_pipeline_dag.py
[2026-06-07T19:29:49.409+0000] {logging_mixin.py:188} INFO - [2026-06-07T19:29:49.409+0000] {dag.py:3036} INFO - Sync 1 DAGs
[2026-06-07T19:29:49.446+0000] {logging_mixin.py:188} INFO - [2026-06-07T19:29:49.445+0000] {dag.py:3823} INFO - Setting next_dagrun for dbt_pipeline to 2026-06-07 00:00:00+00:00, run_after=2026-06-08 00:00:00+00:00
[2026-06-07T19:29:49.654+0000] {processor.py:183} INFO - Processing /opt/airflow/dags/dbt_pipeline_dag.py took 0.345 seconds
[2026-06-07T19:30:19.760+0000] {processor.py:161} INFO - Started process (PID=19551) to work on /opt/airflow/dags/dbt_pipeline_dag.py
[2026-06-07T19:30:19.762+0000] {processor.py:830} INFO - Processing file /opt/airflow/dags/dbt_pipeline_dag.py for tasks to queue
[2026-06-07T19:30:19.764+0000] {logging_mixin.py:188} INFO - [2026-06-07T19:30:19.763+0000] {dagbag.py:538} INFO - Filling up the DagBag from /opt/airflow/dags/dbt_pipeline_dag.py
[2026-06-07T19:30:19.805+0000] {processor.py:840} INFO - DAG(s) 'dbt_pipeline' retrieved from /opt/airflow/dags/dbt_pipeline_dag.py
[2026-06-07T19:30:19.859+0000] {logging_mixin.py:188} INFO - [2026-06-07T19:30:19.859+0000] {dag.py:3036} INFO - Sync 1 DAGs
[2026-06-07T19:30:19.904+0000] {logging_mixin.py:188} INFO - [2026-06-07T19:30:19.904+0000] {dag.py:3823} INFO - Setting next_dagrun for dbt_pipeline to 2026-06-07 00:00:00+00:00, run_after=2026-06-08 00:00:00+00:00
[2026-06-07T19:30:20.240+0000] {processor.py:183} INFO - Processing /opt/airflow/dags/dbt_pipeline_dag.py took 0.484 seconds
[2026-06-07T19:30:51.556+0000] {processor.py:161} INFO - Started process (PID=19615) to work on /opt/airflow/dags/dbt_pipeline_dag.py
[2026-06-07T19:30:51.558+0000] {processor.py:830} INFO - Processing file /opt/airflow/dags/dbt_pipeline_dag.py for tasks to queue
[2026-06-07T19:30:51.560+0000] {logging_mixin.py:188} INFO - [2026-06-07T19:30:51.559+0000] {dagbag.py:538} INFO - Filling up the DagBag from /opt/airflow/dags/dbt_pipeline_dag.py
[2026-06-07T19:30:51.619+0000] {processor.py:840} INFO - DAG(s) 'dbt_pipeline' retrieved from /opt/airflow/dags/dbt_pipeline_dag.py
[2026-06-07T19:30:51.682+0000] {logging_mixin.py:188} INFO - [2026-06-07T19:30:51.681+0000] {dag.py:3036} INFO - Sync 1 DAGs
[2026-06-07T19:30:51.745+0000] {logging_mixin.py:188} INFO - [2026-06-07T19:30:51.744+0000] {dag.py:3823} INFO - Setting next_dagrun for dbt_pipeline to 2026-06-07 00:00:00+00:00, run_after=2026-06-08 00:00:00+00:00
[2026-06-07T19:30:51.833+0000] {processor.py:183} INFO - Processing /opt/airflow/dags/dbt_pipeline_dag.py took 0.282 seconds
[2026-06-07T19:31:22.175+0000] {processor.py:161} INFO - Started process (PID=19666) to work on /opt/airflow/dags/dbt_pipeline_dag.py
[2026-06-07T19:31:22.177+0000] {processor.py:830} INFO - Processing file /opt/airflow/dags/dbt_pipeline_dag.py for tasks to queue
[2026-06-07T19:31:22.179+0000] {logging_mixin.py:188} INFO - [2026-06-07T19:31:22.179+0000] {dagbag.py:538} INFO - Filling up the DagBag from /opt/airflow/dags/dbt_pipeline_dag.py
[2026-06-07T19:31:22.227+0000] {processor.py:840} INFO - DAG(s) 'dbt_pipeline' retrieved from /opt/airflow/dags/dbt_pipeline_dag.py
[2026-06-07T19:31:22.293+0000] {logging_mixin.py:188} INFO - [2026-06-07T19:31:22.292+0000] {dag.py:3036} INFO - Sync 1 DAGs
[2026-06-07T19:31:22.574+0000] {logging_mixin.py:188} INFO - [2026-06-07T19:31:22.574+0000] {dag.py:3823} INFO - Setting next_dagrun for dbt_pipeline to 2026-06-07 00:00:00+00:00, run_after=2026-06-08 00:00:00+00:00
[2026-06-07T19:31:23.237+0000] {processor.py:183} INFO - Processing /opt/airflow/dags/dbt_pipeline_dag.py took 1.066 seconds
[2026-06-07T19:31:53.592+0000] {processor.py:161} INFO - Started process (PID=19681) to work on /opt/airflow/dags/dbt_pipeline_dag.py
[2026-06-07T19:31:53.594+0000] {processor.py:830} INFO - Processing file /opt/airflow/dags/dbt_pipeline_dag.py for tasks to queue
[2026-06-07T19:31:53.597+0000] {logging_mixin.py:188} INFO - [2026-06-07T19:31:53.596+0000] {dagbag.py:538} INFO - Filling up the DagBag from /opt/airflow/dags/dbt_pipeline_dag.py
[2026-06-07T19:31:53.644+0000] {processor.py:840} INFO - DAG(s) 'dbt_pipeline' retrieved from /opt/airflow/dags/dbt_pipeline_dag.py
[2026-06-07T19:31:53.701+0000] {logging_mixin.py:188} INFO - [2026-06-07T19:31:53.700+0000] {dag.py:3036} INFO - Sync 1 DAGs
[2026-06-07T19:31:53.750+0000] {logging_mixin.py:188} INFO - [2026-06-07T19:31:53.750+0000] {dag.py:3823} INFO - Setting next_dagrun for dbt_pipeline to 2026-06-07 00:00:00+00:00, run_after=2026-06-08 00:00:00+00:00
[2026-06-07T19:32:08.925+0000] {processor.py:183} INFO - Processing /opt/airflow/dags/dbt_pipeline_dag.py took 18.068 seconds
[2026-06-07T19:32:39.999+0000] {processor.py:161} INFO - Started process (PID=19696) to work on /opt/airflow/dags/dbt_pipeline_dag.py
[2026-06-07T19:32:40.004+0000] {processor.py:830} INFO - Processing file /opt/airflow/dags/dbt_pipeline_dag.py for tasks to queue
[2026-06-07T19:32:40.008+0000] {logging_mixin.py:188} INFO - [2026-06-07T19:32:40.006+0000] {dagbag.py:538} INFO - Filling up the DagBag from /opt/airflow/dags/dbt_pipeline_dag.py
[2026-06-07T19:32:40.054+0000] {processor.py:840} INFO - DAG(s) 'dbt_pipeline' retrieved from /opt/airflow/dags/dbt_pipeline_dag.py
[2026-06-07T19:32:40.132+0000] {logging_mixin.py:188} INFO - [2026-06-07T19:32:40.131+0000] {dag.py:3036} INFO - Sync 1 DAGs
[2026-06-07T19:32:40.201+0000] {logging_mixin.py:188} INFO - [2026-06-07T19:32:40.201+0000] {dag.py:3823} INFO - Setting next_dagrun for dbt_pipeline to 2026-06-07 00:00:00+00:00, run_after=2026-06-08 00:00:00+00:00
[2026-06-07T19:32:40.385+0000] {processor.py:183} INFO - Processing /opt/airflow/dags/dbt_pipeline_dag.py took 0.392 seconds
[2026-06-07T19:33:10.545+0000] {processor.py:161} INFO - Started process (PID=19709) to work on /opt/airflow/dags/dbt_pipeline_dag.py
[2026-06-07T19:33:10.547+0000] {processor.py:830} INFO - Processing file /opt/airflow/dags/dbt_pipeline_dag.py for tasks to queue
[2026-06-07T19:33:10.550+0000] {logging_mixin.py:188} INFO - [2026-06-07T19:33:10.549+0000] {dagbag.py:538} INFO - Filling up the DagBag from /opt/airflow/dags/dbt_pipeline_dag.py
[2026-06-07T19:33:10.606+0000] {processor.py:840} INFO - DAG(s) 'dbt_pipeline' retrieved from /opt/airflow/dags/dbt_pipeline_dag.py
[2026-06-07T19:33:10.739+0000] {logging_mixin.py:188} INFO - [2026-06-07T19:33:10.739+0000] {dag.py:3036} INFO - Sync 1 DAGs
[2026-06-07T19:33:10.816+0000] {logging_mixin.py:188} INFO - [2026-06-07T19:33:10.816+0000] {dag.py:3823} INFO - Setting next_dagrun for dbt_pipeline to 2026-06-07 00:00:00+00:00, run_after=2026-06-08 00:00:00+00:00
[2026-06-07T19:33:11.009+0000] {processor.py:183} INFO - Processing /opt/airflow/dags/dbt_pipeline_dag.py took 0.476 seconds
[2026-06-07T19:33:42.006+0000] {processor.py:161} INFO - Started process (PID=19725) to work on /opt/airflow/dags/dbt_pipeline_dag.py
[2026-06-07T19:33:42.190+0000] {processor.py:830} INFO - Processing file /opt/airflow/dags/dbt_pipeline_dag.py for tasks to queue
[2026-06-07T19:33:42.192+0000] {logging_mixin.py:188} INFO - [2026-06-07T19:33:42.192+0000] {dagbag.py:538} INFO - Filling up the DagBag from /opt/airflow/dags/dbt_pipeline_dag.py
[2026-06-07T19:33:42.296+0000] {processor.py:840} INFO - DAG(s) 'dbt_pipeline' retrieved from /opt/airflow/dags/dbt_pipeline_dag.py
[2026-06-07T19:33:42.454+0000] {logging_mixin.py:188} INFO - [2026-06-07T19:33:42.453+0000] {dag.py:3036} INFO - Sync 1 DAGs
[2026-06-07T19:33:42.540+0000] {logging_mixin.py:188} INFO - [2026-06-07T19:33:42.538+0000] {dag.py:3823} INFO - Setting next_dagrun for dbt_pipeline to 2026-06-07 00:00:00+00:00, run_after=2026-06-08 00:00:00+00:00
[2026-06-07T19:33:42.603+0000] {processor.py:183} INFO - Processing /opt/airflow/dags/dbt_pipeline_dag.py took 0.603 seconds
[2026-06-07T19:34:13.072+0000] {processor.py:161} INFO - Started process (PID=19746) to work on /opt/airflow/dags/dbt_pipeline_dag.py
[2026-06-07T19:34:13.074+0000] {processor.py:830} INFO - Processing file /opt/airflow/dags/dbt_pipeline_dag.py for tasks to queue
[2026-06-07T19:34:13.076+0000] {logging_mixin.py:188} INFO - [2026-06-07T19:34:13.075+0000] {dagbag.py:538} INFO - Filling up the DagBag from /opt/airflow/dags/dbt_pipeline_dag.py
[2026-06-07T19:34:13.130+0000] {processor.py:840} INFO - DAG(s) 'dbt_pipeline' retrieved from /opt/airflow/dags/dbt_pipeline_dag.py
[2026-06-07T19:34:13.184+0000] {logging_mixin.py:188} INFO - [2026-06-07T19:34:13.184+0000] {dag.py:3036} INFO - Sync 1 DAGs
[2026-06-07T19:34:13.229+0000] {logging_mixin.py:188} INFO - [2026-06-07T19:34:13.228+0000] {dag.py:3823} INFO - Setting next_dagrun for dbt_pipeline to 2026-06-07 00:00:00+00:00, run_after=2026-06-08 00:00:00+00:00
[2026-06-07T19:34:13.269+0000] {processor.py:183} INFO - Processing /opt/airflow/dags/dbt_pipeline_dag.py took 0.200 seconds
[2026-06-07T19:34:43.457+0000] {processor.py:161} INFO - Started process (PID=19762) to work on /opt/airflow/dags/dbt_pipeline_dag.py
[2026-06-07T19:34:43.459+0000] {processor.py:830} INFO - Processing file /opt/airflow/dags/dbt_pipeline_dag.py for tasks to queue
[2026-06-07T19:34:43.461+0000] {logging_mixin.py:188} INFO - [2026-06-07T19:34:43.460+0000] {dagbag.py:538} INFO - Filling up the DagBag from /opt/airflow/dags/dbt_pipeline_dag.py
[2026-06-07T19:34:43.498+0000] {processor.py:840} INFO - DAG(s) 'dbt_pipeline' retrieved from /opt/airflow/dags/dbt_pipeline_dag.py
[2026-06-07T19:34:43.552+0000] {logging_mixin.py:188} INFO - [2026-06-07T19:34:43.552+0000] {dag.py:3036} INFO - Sync 1 DAGs
[2026-06-07T19:34:43.599+0000] {logging_mixin.py:188} INFO - [2026-06-07T19:34:43.598+0000] {dag.py:3823} INFO - Setting next_dagrun for dbt_pipeline to 2026-06-07 00:00:00+00:00, run_after=2026-06-08 00:00:00+00:00
[2026-06-07T19:34:43.645+0000] {processor.py:183} INFO - Processing /opt/airflow/dags/dbt_pipeline_dag.py took 0.194 seconds
[2026-06-07T19:35:14.272+0000] {processor.py:161} INFO - Started process (PID=19776) to work on /opt/airflow/dags/dbt_pipeline_dag.py
[2026-06-07T19:35:14.273+0000] {processor.py:830} INFO - Processing file /opt/airflow/dags/dbt_pipeline_dag.py for tasks to queue
[2026-06-07T19:35:14.275+0000] {logging_mixin.py:188} INFO - [2026-06-07T19:35:14.274+0000] {dagbag.py:538} INFO - Filling up the DagBag from /opt/airflow/dags/dbt_pipeline_dag.py
[2026-06-07T19:35:14.316+0000] {processor.py:840} INFO - DAG(s) 'dbt_pipeline' retrieved from /opt/airflow/dags/dbt_pipeline_dag.py
[2026-06-07T19:35:14.381+0000] {logging_mixin.py:188} INFO - [2026-06-07T19:35:14.380+0000] {dag.py:3036} INFO - Sync 1 DAGs
[2026-06-07T19:35:14.428+0000] {logging_mixin.py:188} INFO - [2026-06-07T19:35:14.428+0000] {dag.py:3823} INFO - Setting next_dagrun for dbt_pipeline to 2026-06-07 00:00:00+00:00, run_after=2026-06-08 00:00:00+00:00
[2026-06-07T19:35:14.484+0000] {processor.py:183} INFO - Processing /opt/airflow/dags/dbt_pipeline_dag.py took 0.217 seconds
[2026-06-07T19:35:45.145+0000] {processor.py:161} INFO - Started process (PID=19792) to work on /opt/airflow/dags/dbt_pipeline_dag.py
[2026-06-07T19:35:45.146+0000] {processor.py:830} INFO - Processing file /opt/airflow/dags/dbt_pipeline_dag.py for tasks to queue
[2026-06-07T19:35:45.148+0000] {logging_mixin.py:188} INFO - [2026-06-07T19:35:45.148+0000] {dagbag.py:538} INFO - Filling up the DagBag from /opt/airflow/dags/dbt_pipeline_dag.py
[2026-06-07T19:35:45.188+0000] {processor.py:840} INFO - DAG(s) 'dbt_pipeline' retrieved from /opt/airflow/dags/dbt_pipeline_dag.py
[2026-06-07T19:35:45.241+0000] {logging_mixin.py:188} INFO - [2026-06-07T19:35:45.240+0000] {dag.py:3036} INFO - Sync 1 DAGs
[2026-06-07T19:35:45.287+0000] {logging_mixin.py:188} INFO - [2026-06-07T19:35:45.287+0000] {dag.py:3823} INFO - Setting next_dagrun for dbt_pipeline to 2026-06-07 00:00:00+00:00, run_after=2026-06-08 00:00:00+00:00
[2026-06-07T19:35:45.330+0000] {processor.py:183} INFO - Processing /opt/airflow/dags/dbt_pipeline_dag.py took 0.190 seconds
[2026-06-07T19:36:15.958+0000] {processor.py:161} INFO - Started process (PID=19808) to work on /opt/airflow/dags/dbt_pipeline_dag.py
[2026-06-07T19:36:15.961+0000] {processor.py:830} INFO - Processing file /opt/airflow/dags/dbt_pipeline_dag.py for tasks to queue
[2026-06-07T19:36:15.963+0000] {logging_mixin.py:188} INFO - [2026-06-07T19:36:15.962+0000] {dagbag.py:538} INFO - Filling up the DagBag from /opt/airflow/dags/dbt_pipeline_dag.py
[2026-06-07T19:36:16.006+0000] {processor.py:840} INFO - DAG(s) 'dbt_pipeline' retrieved from /opt/airflow/dags/dbt_pipeline_dag.py
[2026-06-07T19:36:16.067+0000] {logging_mixin.py:188} INFO - [2026-06-07T19:36:16.066+0000] {dag.py:3036} INFO - Sync 1 DAGs
[2026-06-07T19:36:16.119+0000] {logging_mixin.py:188} INFO - [2026-06-07T19:36:16.119+0000] {dag.py:3823} INFO - Setting next_dagrun for dbt_pipeline to 2026-06-07 00:00:00+00:00, run_after=2026-06-08 00:00:00+00:00
[2026-06-07T19:36:16.163+0000] {processor.py:183} INFO - Processing /opt/airflow/dags/dbt_pipeline_dag.py took 0.210 seconds
[2026-06-07T19:36:46.273+0000] {processor.py:161} INFO - Started process (PID=19821) to work on /opt/airflow/dags/dbt_pipeline_dag.py
[2026-06-07T19:36:46.275+0000] {processor.py:830} INFO - Processing file /opt/airflow/dags/dbt_pipeline_dag.py for tasks to queue
[2026-06-07T19:36:46.287+0000] {logging_mixin.py:188} INFO - [2026-06-07T19:36:46.277+0000] {dagbag.py:538} INFO - Filling up the DagBag from /opt/airflow/dags/dbt_pipeline_dag.py
[2026-06-07T19:36:46.377+0000] {processor.py:840} INFO - DAG(s) 'dbt_pipeline' retrieved from /opt/airflow/dags/dbt_pipeline_dag.py
[2026-06-07T19:36:46.528+0000] {logging_mixin.py:188} INFO - [2026-06-07T19:36:46.527+0000] {dag.py:3036} INFO - Sync 1 DAGs
[2026-06-07T19:36:46.670+0000] {logging_mixin.py:188} INFO - [2026-06-07T19:36:46.670+0000] {dag.py:3823} INFO - Setting next_dagrun for dbt_pipeline to 2026-06-07 00:00:00+00:00, run_after=2026-06-08 00:00:00+00:00
[2026-06-07T19:36:46.766+0000] {processor.py:183} INFO - Processing /opt/airflow/dags/dbt_pipeline_dag.py took 0.508 seconds
[2026-06-07T19:37:17.713+0000] {processor.py:161} INFO - Started process (PID=19837) to work on /opt/airflow/dags/dbt_pipeline_dag.py
[2026-06-07T19:37:17.717+0000] {processor.py:830} INFO - Processing file /opt/airflow/dags/dbt_pipeline_dag.py for tasks to queue
[2026-06-07T19:37:17.720+0000] {logging_mixin.py:188} INFO - [2026-06-07T19:37:17.719+0000] {dagbag.py:538} INFO - Filling up the DagBag from /opt/airflow/dags/dbt_pipeline_dag.py
[2026-06-07T19:37:17.769+0000] {processor.py:840} INFO - DAG(s) 'dbt_pipeline' retrieved from /opt/airflow/dags/dbt_pipeline_dag.py
[2026-06-07T19:37:17.847+0000] {logging_mixin.py:188} INFO - [2026-06-07T19:37:17.847+0000] {dag.py:3036} INFO - Sync 1 DAGs
[2026-06-07T19:37:17.914+0000] {logging_mixin.py:188} INFO - [2026-06-07T19:37:17.913+0000] {dag.py:3823} INFO - Setting next_dagrun for dbt_pipeline to 2026-06-07 00:00:00+00:00, run_after=2026-06-08 00:00:00+00:00
[2026-06-07T19:37:17.972+0000] {processor.py:183} INFO - Processing /opt/airflow/dags/dbt_pipeline_dag.py took 0.265 seconds
[2026-06-07T19:37:48.649+0000] {processor.py:161} INFO - Started process (PID=19853) to work on /opt/airflow/dags/dbt_pipeline_dag.py
[2026-06-07T19:37:48.651+0000] {processor.py:830} INFO - Processing file /opt/airflow/dags/dbt_pipeline_dag.py for tasks to queue
[2026-06-07T19:37:48.653+0000] {logging_mixin.py:188} INFO - [2026-06-07T19:37:48.652+0000] {dagbag.py:538} INFO - Filling up the DagBag from /opt/airflow/dags/dbt_pipeline_dag.py
[2026-06-07T19:37:48.693+0000] {processor.py:840} INFO - DAG(s) 'dbt_pipeline' retrieved from /opt/airflow/dags/dbt_pipeline_dag.py
[2026-06-07T19:37:48.744+0000] {logging_mixin.py:188} INFO - [2026-06-07T19:37:48.743+0000] {dag.py:3036} INFO - Sync 1 DAGs
[2026-06-07T19:37:48.784+0000] {logging_mixin.py:188} INFO - [2026-06-07T19:37:48.784+0000] {dag.py:3823} INFO - Setting next_dagrun for dbt_pipeline to 2026-06-07 00:00:00+00:00, run_after=2026-06-08 00:00:00+00:00
[2026-06-07T19:37:48.824+0000] {processor.py:183} INFO - Processing /opt/airflow/dags/dbt_pipeline_dag.py took 0.179 seconds
[2026-06-07T19:38:18.907+0000] {processor.py:161} INFO - Started process (PID=19869) to work on /opt/airflow/dags/dbt_pipeline_dag.py
[2026-06-07T19:38:18.908+0000] {processor.py:830} INFO - Processing file /opt/airflow/dags/dbt_pipeline_dag.py for tasks to queue
[2026-06-07T19:38:18.910+0000] {logging_mixin.py:188} INFO - [2026-06-07T19:38:18.910+0000] {dagbag.py:538} INFO - Filling up the DagBag from /opt/airflow/dags/dbt_pipeline_dag.py
[2026-06-07T19:38:18.948+0000] {processor.py:840} INFO - DAG(s) 'dbt_pipeline' retrieved from /opt/airflow/dags/dbt_pipeline_dag.py
[2026-06-07T19:38:18.995+0000] {logging_mixin.py:188} INFO - [2026-06-07T19:38:18.994+0000] {dag.py:3036} INFO - Sync 1 DAGs
[2026-06-07T19:38:19.033+0000] {logging_mixin.py:188} INFO - [2026-06-07T19:38:19.032+0000] {dag.py:3823} INFO - Setting next_dagrun for dbt_pipeline to 2026-06-07 00:00:00+00:00, run_after=2026-06-08 00:00:00+00:00
[2026-06-07T19:38:19.073+0000] {processor.py:183} INFO - Processing /opt/airflow/dags/dbt_pipeline_dag.py took 0.170 seconds
[2026-06-07T19:38:49.901+0000] {processor.py:161} INFO - Started process (PID=19885) to work on /opt/airflow/dags/dbt_pipeline_dag.py
[2026-06-07T19:38:49.902+0000] {processor.py:830} INFO - Processing file /opt/airflow/dags/dbt_pipeline_dag.py for tasks to queue
[2026-06-07T19:38:49.904+0000] {logging_mixin.py:188} INFO - [2026-06-07T19:38:49.904+0000] {dagbag.py:538} INFO - Filling up the DagBag from /opt/airflow/dags/dbt_pipeline_dag.py
[2026-06-07T19:38:49.940+0000] {processor.py:840} INFO - DAG(s) 'dbt_pipeline' retrieved from /opt/airflow/dags/dbt_pipeline_dag.py
[2026-06-07T19:38:49.989+0000] {logging_mixin.py:188} INFO - [2026-06-07T19:38:49.989+0000] {dag.py:3036} INFO - Sync 1 DAGs
[2026-06-07T19:38:50.034+0000] {logging_mixin.py:188} INFO - [2026-06-07T19:38:50.033+0000] {dag.py:3823} INFO - Setting next_dagrun for dbt_pipeline to 2026-06-07 00:00:00+00:00, run_after=2026-06-08 00:00:00+00:00
[2026-06-07T19:38:50.073+0000] {processor.py:183} INFO - Processing /opt/airflow/dags/dbt_pipeline_dag.py took 0.177 seconds
[2026-06-07T19:39:20.791+0000] {processor.py:161} INFO - Started process (PID=19901) to work on /opt/airflow/dags/dbt_pipeline_dag.py
[2026-06-07T19:39:20.797+0000] {processor.py:830} INFO - Processing file /opt/airflow/dags/dbt_pipeline_dag.py for tasks to queue
[2026-06-07T19:39:20.808+0000] {logging_mixin.py:188} INFO - [2026-06-07T19:39:20.807+0000] {dagbag.py:538} INFO - Filling up the DagBag from /opt/airflow/dags/dbt_pipeline_dag.py
[2026-06-07T19:39:20.896+0000] {processor.py:840} INFO - DAG(s) 'dbt_pipeline' retrieved from /opt/airflow/dags/dbt_pipeline_dag.py
[2026-06-07T19:39:21.011+0000] {logging_mixin.py:188} INFO - [2026-06-07T19:39:21.010+0000] {dag.py:3036} INFO - Sync 1 DAGs
[2026-06-07T19:39:21.106+0000] {logging_mixin.py:188} INFO - [2026-06-07T19:39:21.105+0000] {dag.py:3823} INFO - Setting next_dagrun for dbt_pipeline to 2026-06-07 00:00:00+00:00, run_after=2026-06-08 00:00:00+00:00
[2026-06-07T19:39:21.173+0000] {processor.py:183} INFO - Processing /opt/airflow/dags/dbt_pipeline_dag.py took 0.394 seconds
[2026-06-07T19:39:51.744+0000] {processor.py:161} INFO - Started process (PID=19917) to work on /opt/airflow/dags/dbt_pipeline_dag.py
[2026-06-07T19:39:51.746+0000] {processor.py:830} INFO - Processing file /opt/airflow/dags/dbt_pipeline_dag.py for tasks to queue
[2026-06-07T19:39:51.749+0000] {logging_mixin.py:188} INFO - [2026-06-07T19:39:51.748+0000] {dagbag.py:538} INFO - Filling up the DagBag from /opt/airflow/dags/dbt_pipeline_dag.py
[2026-06-07T19:39:51.797+0000] {processor.py:840} INFO - DAG(s) 'dbt_pipeline' retrieved from /opt/airflow/dags/dbt_pipeline_dag.py
[2026-06-07T19:39:51.860+0000] {logging_mixin.py:188} INFO - [2026-06-07T19:39:51.860+0000] {dag.py:3036} INFO - Sync 1 DAGs
[2026-06-07T19:39:51.912+0000] {logging_mixin.py:188} INFO - [2026-06-07T19:39:51.911+0000] {dag.py:3823} INFO - Setting next_dagrun for dbt_pipeline to 2026-06-07 00:00:00+00:00, run_after=2026-06-08 00:00:00+00:00
[2026-06-07T19:39:51.974+0000] {processor.py:183} INFO - Processing /opt/airflow/dags/dbt_pipeline_dag.py took 0.235 seconds
[2026-06-07T19:40:22.163+0000] {processor.py:161} INFO - Started process (PID=19933) to work on /opt/airflow/dags/dbt_pipeline_dag.py
[2026-06-07T19:40:22.165+0000] {processor.py:830} INFO - Processing file /opt/airflow/dags/dbt_pipeline_dag.py for tasks to queue
[2026-06-07T19:40:22.167+0000] {logging_mixin.py:188} INFO - [2026-06-07T19:40:22.166+0000] {dagbag.py:538} INFO - Filling up the DagBag from /opt/airflow/dags/dbt_pipeline_dag.py
[2026-06-07T19:40:22.201+0000] {processor.py:840} INFO - DAG(s) 'dbt_pipeline' retrieved from /opt/airflow/dags/dbt_pipeline_dag.py
[2026-06-07T19:40:22.276+0000] {logging_mixin.py:188} INFO - [2026-06-07T19:40:22.276+0000] {dag.py:3036} INFO - Sync 1 DAGs
[2026-06-07T19:40:22.318+0000] {logging_mixin.py:188} INFO - [2026-06-07T19:40:22.318+0000] {dag.py:3823} INFO - Setting next_dagrun for dbt_pipeline to 2026-06-07 00:00:00+00:00, run_after=2026-06-08 00:00:00+00:00
[2026-06-07T19:40:22.359+0000] {processor.py:183} INFO - Processing /opt/airflow/dags/dbt_pipeline_dag.py took 0.202 seconds
[2026-06-07T19:40:52.646+0000] {processor.py:161} INFO - Started process (PID=19949) to work on /opt/airflow/dags/dbt_pipeline_dag.py
[2026-06-07T19:40:52.648+0000] {processor.py:830} INFO - Processing file /opt/airflow/dags/dbt_pipeline_dag.py for tasks to queue
[2026-06-07T19:40:52.650+0000] {logging_mixin.py:188} INFO - [2026-06-07T19:40:52.649+0000] {dagbag.py:538} INFO - Filling up the DagBag from /opt/airflow/dags/dbt_pipeline_dag.py
[2026-06-07T19:40:52.687+0000] {processor.py:840} INFO - DAG(s) 'dbt_pipeline' retrieved from /opt/airflow/dags/dbt_pipeline_dag.py
[2026-06-07T19:40:52.734+0000] {logging_mixin.py:188} INFO - [2026-06-07T19:40:52.734+0000] {dag.py:3036} INFO - Sync 1 DAGs
[2026-06-07T19:40:52.770+0000] {logging_mixin.py:188} INFO - [2026-06-07T19:40:52.770+0000] {dag.py:3823} INFO - Setting next_dagrun for dbt_pipeline to 2026-06-07 00:00:00+00:00, run_after=2026-06-08 00:00:00+00:00
[2026-06-07T19:40:52.803+0000] {processor.py:183} INFO - Processing /opt/airflow/dags/dbt_pipeline_dag.py took 0.161 seconds
[2026-06-07T19:41:22.959+0000] {processor.py:161} INFO - Started process (PID=19965) to work on /opt/airflow/dags/dbt_pipeline_dag.py
[2026-06-07T19:41:22.960+0000] {processor.py:830} INFO - Processing file /opt/airflow/dags/dbt_pipeline_dag.py for tasks to queue
[2026-06-07T19:41:22.963+0000] {logging_mixin.py:188} INFO - [2026-06-07T19:41:22.962+0000] {dagbag.py:538} INFO - Filling up the DagBag from /opt/airflow/dags/dbt_pipeline_dag.py
[2026-06-07T19:41:23.005+0000] {processor.py:840} INFO - DAG(s) 'dbt_pipeline' retrieved from /opt/airflow/dags/dbt_pipeline_dag.py
[2026-06-07T19:41:23.064+0000] {logging_mixin.py:188} INFO - [2026-06-07T19:41:23.064+0000] {dag.py:3036} INFO - Sync 1 DAGs
[2026-06-07T19:41:23.108+0000] {logging_mixin.py:188} INFO - [2026-06-07T19:41:23.107+0000] {dag.py:3823} INFO - Setting next_dagrun for dbt_pipeline to 2026-06-07 00:00:00+00:00, run_after=2026-06-08 00:00:00+00:00
[2026-06-07T19:41:23.146+0000] {processor.py:183} INFO - Processing /opt/airflow/dags/dbt_pipeline_dag.py took 0.193 seconds
[2026-06-07T19:41:53.746+0000] {processor.py:161} INFO - Started process (PID=19981) to work on /opt/airflow/dags/dbt_pipeline_dag.py
[2026-06-07T19:41:53.748+0000] {processor.py:830} INFO - Processing file /opt/airflow/dags/dbt_pipeline_dag.py for tasks to queue
[2026-06-07T19:41:53.750+0000] {logging_mixin.py:188} INFO - [2026-06-07T19:41:53.750+0000] {dagbag.py:538} INFO - Filling up the DagBag from /opt/airflow/dags/dbt_pipeline_dag.py
[2026-06-07T19:41:53.794+0000] {processor.py:840} INFO - DAG(s) 'dbt_pipeline' retrieved from /opt/airflow/dags/dbt_pipeline_dag.py
[2026-06-07T19:41:53.848+0000] {logging_mixin.py:188} INFO - [2026-06-07T19:41:53.848+0000] {dag.py:3036} INFO - Sync 1 DAGs
[2026-06-07T19:41:53.889+0000] {logging_mixin.py:188} INFO - [2026-06-07T19:41:53.889+0000] {dag.py:3823} INFO - Setting next_dagrun for dbt_pipeline to 2026-06-07 00:00:00+00:00, run_after=2026-06-08 00:00:00+00:00
[2026-06-07T19:41:53.934+0000] {processor.py:183} INFO - Processing /opt/airflow/dags/dbt_pipeline_dag.py took 0.192 seconds
[2026-06-07T19:42:24.432+0000] {processor.py:161} INFO - Started process (PID=20000) to work on /opt/airflow/dags/dbt_pipeline_dag.py
[2026-06-07T19:42:24.435+0000] {processor.py:830} INFO - Processing file /opt/airflow/dags/dbt_pipeline_dag.py for tasks to queue
[2026-06-07T19:42:24.438+0000] {logging_mixin.py:188} INFO - [2026-06-07T19:42:24.437+0000] {dagbag.py:538} INFO - Filling up the DagBag from /opt/airflow/dags/dbt_pipeline_dag.py
[2026-06-07T19:42:24.489+0000] {processor.py:840} INFO - DAG(s) 'dbt_pipeline' retrieved from /opt/airflow/dags/dbt_pipeline_dag.py
[2026-06-07T19:42:24.545+0000] {logging_mixin.py:188} INFO - [2026-06-07T19:42:24.545+0000] {dag.py:3036} INFO - Sync 1 DAGs
[2026-06-07T19:42:24.590+0000] {logging_mixin.py:188} INFO - [2026-06-07T19:42:24.589+0000] {dag.py:3823} INFO - Setting next_dagrun for dbt_pipeline to 2026-06-07 00:00:00+00:00, run_after=2026-06-08 00:00:00+00:00
[2026-06-07T19:42:24.793+0000] {processor.py:183} INFO - Processing /opt/airflow/dags/dbt_pipeline_dag.py took 0.367 seconds
[2026-06-07T19:42:55.594+0000] {processor.py:161} INFO - Started process (PID=20016) to work on /opt/airflow/dags/dbt_pipeline_dag.py
[2026-06-07T19:42:55.597+0000] {processor.py:830} INFO - Processing file /opt/airflow/dags/dbt_pipeline_dag.py for tasks to queue
[2026-06-07T19:42:55.601+0000] {logging_mixin.py:188} INFO - [2026-06-07T19:42:55.600+0000] {dagbag.py:538} INFO - Filling up the DagBag from /opt/airflow/dags/dbt_pipeline_dag.py
[2026-06-07T19:42:55.665+0000] {processor.py:840} INFO - DAG(s) 'dbt_pipeline' retrieved from /opt/airflow/dags/dbt_pipeline_dag.py
[2026-06-07T19:42:55.740+0000] {logging_mixin.py:188} INFO - [2026-06-07T19:42:55.739+0000] {dag.py:3036} INFO - Sync 1 DAGs
[2026-06-07T19:42:55.796+0000] {logging_mixin.py:188} INFO - [2026-06-07T19:42:55.796+0000] {dag.py:3823} INFO - Setting next_dagrun for dbt_pipeline to 2026-06-07 00:00:00+00:00, run_after=2026-06-08 00:00:00+00:00
[2026-06-07T19:42:55.845+0000] {processor.py:183} INFO - Processing /opt/airflow/dags/dbt_pipeline_dag.py took 0.259 seconds
[2026-06-07T19:43:26.544+0000] {processor.py:161} INFO - Started process (PID=20032) to work on /opt/airflow/dags/dbt_pipeline_dag.py
[2026-06-07T19:43:26.547+0000] {processor.py:830} INFO - Processing file /opt/airflow/dags/dbt_pipeline_dag.py for tasks to queue
[2026-06-07T19:43:26.550+0000] {logging_mixin.py:188} INFO - [2026-06-07T19:43:26.549+0000] {dagbag.py:538} INFO - Filling up the DagBag from /opt/airflow/dags/dbt_pipeline_dag.py
[2026-06-07T19:43:26.629+0000] {processor.py:840} INFO - DAG(s) 'dbt_pipeline' retrieved from /opt/airflow/dags/dbt_pipeline_dag.py
[2026-06-07T19:43:26.760+0000] {logging_mixin.py:188} INFO - [2026-06-07T19:43:26.759+0000] {dag.py:3036} INFO - Sync 1 DAGs
[2026-06-07T19:43:26.861+0000] {logging_mixin.py:188} INFO - [2026-06-07T19:43:26.861+0000] {dag.py:3823} INFO - Setting next_dagrun for dbt_pipeline to 2026-06-07 00:00:00+00:00, run_after=2026-06-08 00:00:00+00:00
[2026-06-07T19:43:26.933+0000] {processor.py:183} INFO - Processing /opt/airflow/dags/dbt_pipeline_dag.py took 0.399 seconds
[2026-06-07T19:43:57.995+0000] {processor.py:161} INFO - Started process (PID=20048) to work on /opt/airflow/dags/dbt_pipeline_dag.py
[2026-06-07T19:43:57.997+0000] {processor.py:830} INFO - Processing file /opt/airflow/dags/dbt_pipeline_dag.py for tasks to queue
[2026-06-07T19:43:58.001+0000] {logging_mixin.py:188} INFO - [2026-06-07T19:43:58.000+0000] {dagbag.py:538} INFO - Filling up the DagBag from /opt/airflow/dags/dbt_pipeline_dag.py
[2026-06-07T19:43:58.058+0000] {processor.py:840} INFO - DAG(s) 'dbt_pipeline' retrieved from /opt/airflow/dags/dbt_pipeline_dag.py
[2026-06-07T19:43:58.127+0000] {logging_mixin.py:188} INFO - [2026-06-07T19:43:58.127+0000] {dag.py:3036} INFO - Sync 1 DAGs
[2026-06-07T19:43:58.186+0000] {logging_mixin.py:188} INFO - [2026-06-07T19:43:58.185+0000] {dag.py:3823} INFO - Setting next_dagrun for dbt_pipeline to 2026-06-07 00:00:00+00:00, run_after=2026-06-08 00:00:00+00:00
[2026-06-07T19:43:58.231+0000] {processor.py:183} INFO - Processing /opt/airflow/dags/dbt_pipeline_dag.py took 0.244 seconds
[2026-06-07T19:44:29.730+0000] {processor.py:161} INFO - Started process (PID=20064) to work on /opt/airflow/dags/dbt_pipeline_dag.py
[2026-06-07T19:44:29.735+0000] {processor.py:830} INFO - Processing file /opt/airflow/dags/dbt_pipeline_dag.py for tasks to queue
[2026-06-07T19:44:29.740+0000] {logging_mixin.py:188} INFO - [2026-06-07T19:44:29.738+0000] {dagbag.py:538} INFO - Filling up the DagBag from /opt/airflow/dags/dbt_pipeline_dag.py
[2026-06-07T19:44:29.881+0000] {processor.py:840} INFO - DAG(s) 'dbt_pipeline' retrieved from /opt/airflow/dags/dbt_pipeline_dag.py
[2026-06-07T19:44:29.984+0000] {logging_mixin.py:188} INFO - [2026-06-07T19:44:29.983+0000] {dag.py:3036} INFO - Sync 1 DAGs
[2026-06-07T19:44:30.042+0000] {logging_mixin.py:188} INFO - [2026-06-07T19:44:30.042+0000] {dag.py:3823} INFO - Setting next_dagrun for dbt_pipeline to 2026-06-07 00:00:00+00:00, run_after=2026-06-08 00:00:00+00:00
[2026-06-07T19:44:30.090+0000] {processor.py:183} INFO - Processing /opt/airflow/dags/dbt_pipeline_dag.py took 0.368 seconds
[2026-06-07T19:45:00.249+0000] {processor.py:161} INFO - Started process (PID=20074) to work on /opt/airflow/dags/dbt_pipeline_dag.py
[2026-06-07T19:45:00.253+0000] {processor.py:830} INFO - Processing file /opt/airflow/dags/dbt_pipeline_dag.py for tasks to queue
[2026-06-07T19:45:00.257+0000] {logging_mixin.py:188} INFO - [2026-06-07T19:45:00.256+0000] {dagbag.py:538} INFO - Filling up the DagBag from /opt/airflow/dags/dbt_pipeline_dag.py
[2026-06-07T19:45:00.326+0000] {processor.py:840} INFO - DAG(s) 'dbt_pipeline' retrieved from /opt/airflow/dags/dbt_pipeline_dag.py
[2026-06-07T19:45:00.404+0000] {logging_mixin.py:188} INFO - [2026-06-07T19:45:00.403+0000] {dag.py:3036} INFO - Sync 1 DAGs
[2026-06-07T19:45:00.467+0000] {logging_mixin.py:188} INFO - [2026-06-07T19:45:00.467+0000] {dag.py:3823} INFO - Setting next_dagrun for dbt_pipeline to 2026-06-07 00:00:00+00:00, run_after=2026-06-08 00:00:00+00:00
[2026-06-07T19:45:00.521+0000] {processor.py:183} INFO - Processing /opt/airflow/dags/dbt_pipeline_dag.py took 0.286 seconds
[2026-06-07T19:45:31.418+0000] {processor.py:161} INFO - Started process (PID=20090) to work on /opt/airflow/dags/dbt_pipeline_dag.py
[2026-06-07T19:45:31.419+0000] {processor.py:830} INFO - Processing file /opt/airflow/dags/dbt_pipeline_dag.py for tasks to queue
[2026-06-07T19:45:31.422+0000] {logging_mixin.py:188} INFO - [2026-06-07T19:45:31.421+0000] {dagbag.py:538} INFO - Filling up the DagBag from /opt/airflow/dags/dbt_pipeline_dag.py
[2026-06-07T19:45:31.460+0000] {processor.py:840} INFO - DAG(s) 'dbt_pipeline' retrieved from /opt/airflow/dags/dbt_pipeline_dag.py
[2026-06-07T19:45:31.516+0000] {logging_mixin.py:188} INFO - [2026-06-07T19:45:31.515+0000] {dag.py:3036} INFO - Sync 1 DAGs
[2026-06-07T19:45:31.563+0000] {logging_mixin.py:188} INFO - [2026-06-07T19:45:31.562+0000] {dag.py:3823} INFO - Setting next_dagrun for dbt_pipeline to 2026-06-07 00:00:00+00:00, run_after=2026-06-08 00:00:00+00:00
[2026-06-07T19:45:31.607+0000] {processor.py:183} INFO - Processing /opt/airflow/dags/dbt_pipeline_dag.py took 0.194 seconds
[2026-06-07T19:46:01.800+0000] {processor.py:161} INFO - Started process (PID=20103) to work on /opt/airflow/dags/dbt_pipeline_dag.py
[2026-06-07T19:46:01.803+0000] {processor.py:830} INFO - Processing file /opt/airflow/dags/dbt_pipeline_dag.py for tasks to queue
[2026-06-07T19:46:01.805+0000] {logging_mixin.py:188} INFO - [2026-06-07T19:46:01.805+0000] {dagbag.py:538} INFO - Filling up the DagBag from /opt/airflow/dags/dbt_pipeline_dag.py
[2026-06-07T19:46:01.866+0000] {processor.py:840} INFO - DAG(s) 'dbt_pipeline' retrieved from /opt/airflow/dags/dbt_pipeline_dag.py
[2026-06-07T19:46:01.951+0000] {logging_mixin.py:188} INFO - [2026-06-07T19:46:01.950+0000] {dag.py:3036} INFO - Sync 1 DAGs
[2026-06-07T19:46:02.009+0000] {logging_mixin.py:188} INFO - [2026-06-07T19:46:02.009+0000] {dag.py:3823} INFO - Setting next_dagrun for dbt_pipeline to 2026-06-07 00:00:00+00:00, run_after=2026-06-08 00:00:00+00:00
[2026-06-07T19:46:02.050+0000] {processor.py:183} INFO - Processing /opt/airflow/dags/dbt_pipeline_dag.py took 0.257 seconds
[2026-06-07T19:46:33.103+0000] {processor.py:161} INFO - Started process (PID=20122) to work on /opt/airflow/dags/dbt_pipeline_dag.py
[2026-06-07T19:46:33.107+0000] {processor.py:830} INFO - Processing file /opt/airflow/dags/dbt_pipeline_dag.py for tasks to queue
[2026-06-07T19:46:33.111+0000] {logging_mixin.py:188} INFO - [2026-06-07T19:46:33.110+0000] {dagbag.py:538} INFO - Filling up the DagBag from /opt/airflow/dags/dbt_pipeline_dag.py
[2026-06-07T19:46:33.193+0000] {processor.py:840} INFO - DAG(s) 'dbt_pipeline' retrieved from /opt/airflow/dags/dbt_pipeline_dag.py
[2026-06-07T19:46:33.299+0000] {logging_mixin.py:188} INFO - [2026-06-07T19:46:33.298+0000] {dag.py:3036} INFO - Sync 1 DAGs
[2026-06-07T19:46:33.369+0000] {logging_mixin.py:188} INFO - [2026-06-07T19:46:33.369+0000] {dag.py:3823} INFO - Setting next_dagrun for dbt_pipeline to 2026-06-07 00:00:00+00:00, run_after=2026-06-08 00:00:00+00:00
[2026-06-07T19:46:33.415+0000] {processor.py:183} INFO - Processing /opt/airflow/dags/dbt_pipeline_dag.py took 0.320 seconds
[2026-06-07T19:47:03.647+0000] {processor.py:161} INFO - Started process (PID=20135) to work on /opt/airflow/dags/dbt_pipeline_dag.py
[2026-06-07T19:47:03.650+0000] {processor.py:830} INFO - Processing file /opt/airflow/dags/dbt_pipeline_dag.py for tasks to queue
[2026-06-07T19:47:03.653+0000] {logging_mixin.py:188} INFO - [2026-06-07T19:47:03.652+0000] {dagbag.py:538} INFO - Filling up the DagBag from /opt/airflow/dags/dbt_pipeline_dag.py
[2026-06-07T19:47:03.730+0000] {processor.py:840} INFO - DAG(s) 'dbt_pipeline' retrieved from /opt/airflow/dags/dbt_pipeline_dag.py
[2026-06-07T19:47:03.815+0000] {logging_mixin.py:188} INFO - [2026-06-07T19:47:03.814+0000] {dag.py:3036} INFO - Sync 1 DAGs
[2026-06-07T19:47:03.880+0000] {logging_mixin.py:188} INFO - [2026-06-07T19:47:03.880+0000] {dag.py:3823} INFO - Setting next_dagrun for dbt_pipeline to 2026-06-07 00:00:00+00:00, run_after=2026-06-08 00:00:00+00:00
[2026-06-07T19:47:03.950+0000] {processor.py:183} INFO - Processing /opt/airflow/dags/dbt_pipeline_dag.py took 0.311 seconds
[2026-06-07T19:47:34.215+0000] {processor.py:161} INFO - Started process (PID=20151) to work on /opt/airflow/dags/dbt_pipeline_dag.py
[2026-06-07T19:47:34.217+0000] {processor.py:830} INFO - Processing file /opt/airflow/dags/dbt_pipeline_dag.py for tasks to queue
[2026-06-07T19:47:34.220+0000] {logging_mixin.py:188} INFO - [2026-06-07T19:47:34.220+0000] {dagbag.py:538} INFO - Filling up the DagBag from /opt/airflow/dags/dbt_pipeline_dag.py
[2026-06-07T19:47:34.289+0000] {processor.py:840} INFO - DAG(s) 'dbt_pipeline' retrieved from /opt/airflow/dags/dbt_pipeline_dag.py
[2026-06-07T19:47:34.367+0000] {logging_mixin.py:188} INFO - [2026-06-07T19:47:34.366+0000] {dag.py:3036} INFO - Sync 1 DAGs
[2026-06-07T19:47:34.418+0000] {logging_mixin.py:188} INFO - [2026-06-07T19:47:34.418+0000] {dag.py:3823} INFO - Setting next_dagrun for dbt_pipeline to 2026-06-07 00:00:00+00:00, run_after=2026-06-08 00:00:00+00:00
[2026-06-07T19:47:34.457+0000] {processor.py:183} INFO - Processing /opt/airflow/dags/dbt_pipeline_dag.py took 0.251 seconds
[2026-06-07T19:48:05.180+0000] {processor.py:161} INFO - Started process (PID=20167) to work on /opt/airflow/dags/dbt_pipeline_dag.py
[2026-06-07T19:48:05.182+0000] {processor.py:830} INFO - Processing file /opt/airflow/dags/dbt_pipeline_dag.py for tasks to queue
[2026-06-07T19:48:05.184+0000] {logging_mixin.py:188} INFO - [2026-06-07T19:48:05.183+0000] {dagbag.py:538} INFO - Filling up the DagBag from /opt/airflow/dags/dbt_pipeline_dag.py
[2026-06-07T19:48:05.238+0000] {processor.py:840} INFO - DAG(s) 'dbt_pipeline' retrieved from /opt/airflow/dags/dbt_pipeline_dag.py
[2026-06-07T19:48:05.296+0000] {logging_mixin.py:188} INFO - [2026-06-07T19:48:05.295+0000] {dag.py:3036} INFO - Sync 1 DAGs
[2026-06-07T19:48:05.340+0000] {logging_mixin.py:188} INFO - [2026-06-07T19:48:05.340+0000] {dag.py:3823} INFO - Setting next_dagrun for dbt_pipeline to 2026-06-07 00:00:00+00:00, run_after=2026-06-08 00:00:00+00:00
[2026-06-07T19:48:05.389+0000] {processor.py:183} INFO - Processing /opt/airflow/dags/dbt_pipeline_dag.py took 0.216 seconds
[2026-06-07T19:48:35.965+0000] {processor.py:161} INFO - Started process (PID=20183) to work on /opt/airflow/dags/dbt_pipeline_dag.py
[2026-06-07T19:48:35.967+0000] {processor.py:830} INFO - Processing file /opt/airflow/dags/dbt_pipeline_dag.py for tasks to queue
[2026-06-07T19:48:35.970+0000] {logging_mixin.py:188} INFO - [2026-06-07T19:48:35.969+0000] {dagbag.py:538} INFO - Filling up the DagBag from /opt/airflow/dags/dbt_pipeline_dag.py
[2026-06-07T19:48:36.036+0000] {processor.py:840} INFO - DAG(s) 'dbt_pipeline' retrieved from /opt/airflow/dags/dbt_pipeline_dag.py
[2026-06-07T19:48:36.137+0000] {logging_mixin.py:188} INFO - [2026-06-07T19:48:36.136+0000] {dag.py:3036} INFO - Sync 1 DAGs
[2026-06-07T19:48:36.195+0000] {logging_mixin.py:188} INFO - [2026-06-07T19:48:36.194+0000] {dag.py:3823} INFO - Setting next_dagrun for dbt_pipeline to 2026-06-07 00:00:00+00:00, run_after=2026-06-08 00:00:00+00:00
[2026-06-07T19:48:36.243+0000] {processor.py:183} INFO - Processing /opt/airflow/dags/dbt_pipeline_dag.py took 0.285 seconds
[2026-06-07T19:49:07.223+0000] {processor.py:161} INFO - Started process (PID=20199) to work on /opt/airflow/dags/dbt_pipeline_dag.py
[2026-06-07T19:49:07.225+0000] {processor.py:830} INFO - Processing file /opt/airflow/dags/dbt_pipeline_dag.py for tasks to queue
[2026-06-07T19:49:07.228+0000] {logging_mixin.py:188} INFO - [2026-06-07T19:49:07.227+0000] {dagbag.py:538} INFO - Filling up the DagBag from /opt/airflow/dags/dbt_pipeline_dag.py
[2026-06-07T19:49:07.281+0000] {processor.py:840} INFO - DAG(s) 'dbt_pipeline' retrieved from /opt/airflow/dags/dbt_pipeline_dag.py
[2026-06-07T19:49:07.361+0000] {logging_mixin.py:188} INFO - [2026-06-07T19:49:07.361+0000] {dag.py:3036} INFO - Sync 1 DAGs
[2026-06-07T19:49:07.426+0000] {logging_mixin.py:188} INFO - [2026-06-07T19:49:07.426+0000] {dag.py:3823} INFO - Setting next_dagrun for dbt_pipeline to 2026-06-07 00:00:00+00:00, run_after=2026-06-08 00:00:00+00:00
[2026-06-07T19:49:07.482+0000] {processor.py:183} INFO - Processing /opt/airflow/dags/dbt_pipeline_dag.py took 0.265 seconds
[2026-06-07T19:49:38.268+0000] {processor.py:161} INFO - Started process (PID=20218) to work on /opt/airflow/dags/dbt_pipeline_dag.py
[2026-06-07T19:49:38.270+0000] {processor.py:830} INFO - Processing file /opt/airflow/dags/dbt_pipeline_dag.py for tasks to queue
[2026-06-07T19:49:38.272+0000] {logging_mixin.py:188} INFO - [2026-06-07T19:49:38.271+0000] {dagbag.py:538} INFO - Filling up the DagBag from /opt/airflow/dags/dbt_pipeline_dag.py
[2026-06-07T19:49:38.322+0000] {processor.py:840} INFO - DAG(s) 'dbt_pipeline' retrieved from /opt/airflow/dags/dbt_pipeline_dag.py
[2026-06-07T19:49:38.401+0000] {logging_mixin.py:188} INFO - [2026-06-07T19:49:38.400+0000] {dag.py:3036} INFO - Sync 1 DAGs
[2026-06-07T19:49:38.472+0000] {logging_mixin.py:188} INFO - [2026-06-07T19:49:38.471+0000] {dag.py:3823} INFO - Setting next_dagrun for dbt_pipeline to 2026-06-07 00:00:00+00:00, run_after=2026-06-08 00:00:00+00:00
[2026-06-07T19:49:38.527+0000] {processor.py:183} INFO - Processing /opt/airflow/dags/dbt_pipeline_dag.py took 0.268 seconds
[2026-06-07T19:50:08.834+0000] {processor.py:161} INFO - Started process (PID=20234) to work on /opt/airflow/dags/dbt_pipeline_dag.py
[2026-06-07T19:50:08.836+0000] {processor.py:830} INFO - Processing file /opt/airflow/dags/dbt_pipeline_dag.py for tasks to queue
[2026-06-07T19:50:08.840+0000] {logging_mixin.py:188} INFO - [2026-06-07T19:50:08.839+0000] {dagbag.py:538} INFO - Filling up the DagBag from /opt/airflow/dags/dbt_pipeline_dag.py
[2026-06-07T19:50:08.900+0000] {processor.py:840} INFO - DAG(s) 'dbt_pipeline' retrieved from /opt/airflow/dags/dbt_pipeline_dag.py
[2026-06-07T19:50:08.995+0000] {logging_mixin.py:188} INFO - [2026-06-07T19:50:08.995+0000] {dag.py:3036} INFO - Sync 1 DAGs
[2026-06-07T19:50:09.064+0000] {logging_mixin.py:188} INFO - [2026-06-07T19:50:09.064+0000] {dag.py:3823} INFO - Setting next_dagrun for dbt_pipeline to 2026-06-07 00:00:00+00:00, run_after=2026-06-08 00:00:00+00:00
[2026-06-07T19:50:09.123+0000] {processor.py:183} INFO - Processing /opt/airflow/dags/dbt_pipeline_dag.py took 0.297 seconds
[2026-06-07T19:50:39.378+0000] {processor.py:161} INFO - Started process (PID=20247) to work on /opt/airflow/dags/dbt_pipeline_dag.py
[2026-06-07T19:50:39.381+0000] {processor.py:830} INFO - Processing file /opt/airflow/dags/dbt_pipeline_dag.py for tasks to queue
[2026-06-07T19:50:39.383+0000] {logging_mixin.py:188} INFO - [2026-06-07T19:50:39.382+0000] {dagbag.py:538} INFO - Filling up the DagBag from /opt/airflow/dags/dbt_pipeline_dag.py
[2026-06-07T19:50:39.440+0000] {processor.py:840} INFO - DAG(s) 'dbt_pipeline' retrieved from /opt/airflow/dags/dbt_pipeline_dag.py
[2026-06-07T19:50:39.532+0000] {logging_mixin.py:188} INFO - [2026-06-07T19:50:39.532+0000] {dag.py:3036} INFO - Sync 1 DAGs
[2026-06-07T19:50:39.598+0000] {logging_mixin.py:188} INFO - [2026-06-07T19:50:39.598+0000] {dag.py:3823} INFO - Setting next_dagrun for dbt_pipeline to 2026-06-07 00:00:00+00:00, run_after=2026-06-08 00:00:00+00:00
[2026-06-07T19:50:39.679+0000] {processor.py:183} INFO - Processing /opt/airflow/dags/dbt_pipeline_dag.py took 0.308 seconds
[2026-06-07T19:51:10.166+0000] {processor.py:161} INFO - Started process (PID=20263) to work on /opt/airflow/dags/dbt_pipeline_dag.py
[2026-06-07T19:51:10.169+0000] {processor.py:830} INFO - Processing file /opt/airflow/dags/dbt_pipeline_dag.py for tasks to queue
[2026-06-07T19:51:10.179+0000] {logging_mixin.py:188} INFO - [2026-06-07T19:51:10.177+0000] {dagbag.py:538} INFO - Filling up the DagBag from /opt/airflow/dags/dbt_pipeline_dag.py
[2026-06-07T19:51:10.244+0000] {processor.py:840} INFO - DAG(s) 'dbt_pipeline' retrieved from /opt/airflow/dags/dbt_pipeline_dag.py
[2026-06-07T19:51:10.351+0000] {logging_mixin.py:188} INFO - [2026-06-07T19:51:10.350+0000] {dag.py:3036} INFO - Sync 1 DAGs
[2026-06-07T19:51:10.406+0000] {logging_mixin.py:188} INFO - [2026-06-07T19:51:10.406+0000] {dag.py:3823} INFO - Setting next_dagrun for dbt_pipeline to 2026-06-07 00:00:00+00:00, run_after=2026-06-08 00:00:00+00:00
[2026-06-07T19:51:10.451+0000] {processor.py:183} INFO - Processing /opt/airflow/dags/dbt_pipeline_dag.py took 0.296 seconds
[2026-06-07T19:51:40.760+0000] {processor.py:161} INFO - Started process (PID=20279) to work on /opt/airflow/dags/dbt_pipeline_dag.py
[2026-06-07T19:51:40.763+0000] {processor.py:830} INFO - Processing file /opt/airflow/dags/dbt_pipeline_dag.py for tasks to queue
[2026-06-07T19:51:40.766+0000] {logging_mixin.py:188} INFO - [2026-06-07T19:51:40.765+0000] {dagbag.py:538} INFO - Filling up the DagBag from /opt/airflow/dags/dbt_pipeline_dag.py
[2026-06-07T19:51:40.823+0000] {processor.py:840} INFO - DAG(s) 'dbt_pipeline' retrieved from /opt/airflow/dags/dbt_pipeline_dag.py
[2026-06-07T19:51:40.879+0000] {logging_mixin.py:188} INFO - [2026-06-07T19:51:40.878+0000] {dag.py:3036} INFO - Sync 1 DAGs
[2026-06-07T19:51:40.946+0000] {logging_mixin.py:188} INFO - [2026-06-07T19:51:40.946+0000] {dag.py:3823} INFO - Setting next_dagrun for dbt_pipeline to 2026-06-07 00:00:00+00:00, run_after=2026-06-08 00:00:00+00:00
[2026-06-07T19:51:40.995+0000] {processor.py:183} INFO - Processing /opt/airflow/dags/dbt_pipeline_dag.py took 0.255 seconds
[2026-06-07T19:52:11.553+0000] {processor.py:161} INFO - Started process (PID=20295) to work on /opt/airflow/dags/dbt_pipeline_dag.py
[2026-06-07T19:52:11.556+0000] {processor.py:830} INFO - Processing file /opt/airflow/dags/dbt_pipeline_dag.py for tasks to queue
[2026-06-07T19:52:11.559+0000] {logging_mixin.py:188} INFO - [2026-06-07T19:52:11.558+0000] {dagbag.py:538} INFO - Filling up the DagBag from /opt/airflow/dags/dbt_pipeline_dag.py
[2026-06-07T19:52:11.624+0000] {processor.py:840} INFO - DAG(s) 'dbt_pipeline' retrieved from /opt/airflow/dags/dbt_pipeline_dag.py
[2026-06-07T19:52:11.706+0000] {logging_mixin.py:188} INFO - [2026-06-07T19:52:11.705+0000] {dag.py:3036} INFO - Sync 1 DAGs
[2026-06-07T19:52:11.778+0000] {logging_mixin.py:188} INFO - [2026-06-07T19:52:11.778+0000] {dag.py:3823} INFO - Setting next_dagrun for dbt_pipeline to 2026-06-07 00:00:00+00:00, run_after=2026-06-08 00:00:00+00:00
[2026-06-07T19:52:11.835+0000] {processor.py:183} INFO - Processing /opt/airflow/dags/dbt_pipeline_dag.py took 0.288 seconds
[2026-06-07T19:52:42.029+0000] {processor.py:161} INFO - Started process (PID=20311) to work on /opt/airflow/dags/dbt_pipeline_dag.py
[2026-06-07T19:52:42.032+0000] {processor.py:830} INFO - Processing file /opt/airflow/dags/dbt_pipeline_dag.py for tasks to queue
[2026-06-07T19:52:42.034+0000] {logging_mixin.py:188} INFO - [2026-06-07T19:52:42.034+0000] {dagbag.py:538} INFO - Filling up the DagBag from /opt/airflow/dags/dbt_pipeline_dag.py
[2026-06-07T19:52:42.102+0000] {processor.py:840} INFO - DAG(s) 'dbt_pipeline' retrieved from /opt/airflow/dags/dbt_pipeline_dag.py
[2026-06-07T19:52:42.174+0000] {logging_mixin.py:188} INFO - [2026-06-07T19:52:42.173+0000] {dag.py:3036} INFO - Sync 1 DAGs
[2026-06-07T19:52:42.236+0000] {logging_mixin.py:188} INFO - [2026-06-07T19:52:42.235+0000] {dag.py:3823} INFO - Setting next_dagrun for dbt_pipeline to 2026-06-07 00:00:00+00:00, run_after=2026-06-08 00:00:00+00:00
[2026-06-07T19:52:42.288+0000] {processor.py:183} INFO - Processing /opt/airflow/dags/dbt_pipeline_dag.py took 0.267 seconds
[2026-06-07T19:53:12.500+0000] {processor.py:161} INFO - Started process (PID=20327) to work on /opt/airflow/dags/dbt_pipeline_dag.py
[2026-06-07T19:53:12.503+0000] {processor.py:830} INFO - Processing file /opt/airflow/dags/dbt_pipeline_dag.py for tasks to queue
[2026-06-07T19:53:12.506+0000] {logging_mixin.py:188} INFO - [2026-06-07T19:53:12.505+0000] {dagbag.py:538} INFO - Filling up the DagBag from /opt/airflow/dags/dbt_pipeline_dag.py
[2026-06-07T19:53:12.575+0000] {processor.py:840} INFO - DAG(s) 'dbt_pipeline' retrieved from /opt/airflow/dags/dbt_pipeline_dag.py
[2026-06-07T19:53:12.654+0000] {logging_mixin.py:188} INFO - [2026-06-07T19:53:12.654+0000] {dag.py:3036} INFO - Sync 1 DAGs
[2026-06-07T19:53:12.728+0000] {logging_mixin.py:188} INFO - [2026-06-07T19:53:12.727+0000] {dag.py:3823} INFO - Setting next_dagrun for dbt_pipeline to 2026-06-07 00:00:00+00:00, run_after=2026-06-08 00:00:00+00:00
[2026-06-07T19:53:12.789+0000] {processor.py:183} INFO - Processing /opt/airflow/dags/dbt_pipeline_dag.py took 0.297 seconds
[2026-06-07T19:53:43.326+0000] {processor.py:161} INFO - Started process (PID=20343) to work on /opt/airflow/dags/dbt_pipeline_dag.py
[2026-06-07T19:53:43.329+0000] {processor.py:830} INFO - Processing file /opt/airflow/dags/dbt_pipeline_dag.py for tasks to queue
[2026-06-07T19:53:43.331+0000] {logging_mixin.py:188} INFO - [2026-06-07T19:53:43.330+0000] {dagbag.py:538} INFO - Filling up the DagBag from /opt/airflow/dags/dbt_pipeline_dag.py
[2026-06-07T19:53:43.383+0000] {processor.py:840} INFO - DAG(s) 'dbt_pipeline' retrieved from /opt/airflow/dags/dbt_pipeline_dag.py
[2026-06-07T19:53:43.450+0000] {logging_mixin.py:188} INFO - [2026-06-07T19:53:43.449+0000] {dag.py:3036} INFO - Sync 1 DAGs
[2026-06-07T19:53:43.510+0000] {logging_mixin.py:188} INFO - [2026-06-07T19:53:43.509+0000] {dag.py:3823} INFO - Setting next_dagrun for dbt_pipeline to 2026-06-07 00:00:00+00:00, run_after=2026-06-08 00:00:00+00:00
[2026-06-07T19:53:43.571+0000] {processor.py:183} INFO - Processing /opt/airflow/dags/dbt_pipeline_dag.py took 0.252 seconds
[2026-06-07T19:54:14.093+0000] {processor.py:161} INFO - Started process (PID=20359) to work on /opt/airflow/dags/dbt_pipeline_dag.py
[2026-06-07T19:54:14.095+0000] {processor.py:830} INFO - Processing file /opt/airflow/dags/dbt_pipeline_dag.py for tasks to queue
[2026-06-07T19:54:14.098+0000] {logging_mixin.py:188} INFO - [2026-06-07T19:54:14.097+0000] {dagbag.py:538} INFO - Filling up the DagBag from /opt/airflow/dags/dbt_pipeline_dag.py
[2026-06-07T19:54:14.181+0000] {processor.py:840} INFO - DAG(s) 'dbt_pipeline' retrieved from /opt/airflow/dags/dbt_pipeline_dag.py
[2026-06-07T19:54:14.252+0000] {logging_mixin.py:188} INFO - [2026-06-07T19:54:14.252+0000] {dag.py:3036} INFO - Sync 1 DAGs
[2026-06-07T19:54:14.315+0000] {logging_mixin.py:188} INFO - [2026-06-07T19:54:14.314+0000] {dag.py:3823} INFO - Setting next_dagrun for dbt_pipeline to 2026-06-07 00:00:00+00:00, run_after=2026-06-08 00:00:00+00:00
[2026-06-07T19:54:14.363+0000] {processor.py:183} INFO - Processing /opt/airflow/dags/dbt_pipeline_dag.py took 0.280 seconds
[2026-06-07T19:54:44.622+0000] {processor.py:161} INFO - Started process (PID=20375) to work on /opt/airflow/dags/dbt_pipeline_dag.py
[2026-06-07T19:54:44.624+0000] {processor.py:830} INFO - Processing file /opt/airflow/dags/dbt_pipeline_dag.py for tasks to queue
[2026-06-07T19:54:44.627+0000] {logging_mixin.py:188} INFO - [2026-06-07T19:54:44.626+0000] {dagbag.py:538} INFO - Filling up the DagBag from /opt/airflow/dags/dbt_pipeline_dag.py
[2026-06-07T19:54:44.694+0000] {processor.py:840} INFO - DAG(s) 'dbt_pipeline' retrieved from /opt/airflow/dags/dbt_pipeline_dag.py
[2026-06-07T19:54:44.768+0000] {logging_mixin.py:188} INFO - [2026-06-07T19:54:44.767+0000] {dag.py:3036} INFO - Sync 1 DAGs
[2026-06-07T19:54:44.828+0000] {logging_mixin.py:188} INFO - [2026-06-07T19:54:44.827+0000] {dag.py:3823} INFO - Setting next_dagrun for dbt_pipeline to 2026-06-07 00:00:00+00:00, run_after=2026-06-08 00:00:00+00:00
[2026-06-07T19:54:44.871+0000] {processor.py:183} INFO - Processing /opt/airflow/dags/dbt_pipeline_dag.py took 0.256 seconds
[2026-06-07T19:55:15.156+0000] {processor.py:161} INFO - Started process (PID=20391) to work on /opt/airflow/dags/dbt_pipeline_dag.py
[2026-06-07T19:55:15.158+0000] {processor.py:830} INFO - Processing file /opt/airflow/dags/dbt_pipeline_dag.py for tasks to queue
[2026-06-07T19:55:15.161+0000] {logging_mixin.py:188} INFO - [2026-06-07T19:55:15.161+0000] {dagbag.py:538} INFO - Filling up the DagBag from /opt/airflow/dags/dbt_pipeline_dag.py
[2026-06-07T19:55:15.211+0000] {processor.py:840} INFO - DAG(s) 'dbt_pipeline' retrieved from /opt/airflow/dags/dbt_pipeline_dag.py
[2026-06-07T19:55:15.281+0000] {logging_mixin.py:188} INFO - [2026-06-07T19:55:15.281+0000] {dag.py:3036} INFO - Sync 1 DAGs
[2026-06-07T19:55:15.337+0000] {logging_mixin.py:188} INFO - [2026-06-07T19:55:15.336+0000] {dag.py:3823} INFO - Setting next_dagrun for dbt_pipeline to 2026-06-07 00:00:00+00:00, run_after=2026-06-08 00:00:00+00:00
[2026-06-07T19:55:15.387+0000] {processor.py:183} INFO - Processing /opt/airflow/dags/dbt_pipeline_dag.py took 0.238 seconds
[2026-06-07T19:55:46.418+0000] {processor.py:161} INFO - Started process (PID=20407) to work on /opt/airflow/dags/dbt_pipeline_dag.py
[2026-06-07T19:55:46.421+0000] {processor.py:830} INFO - Processing file /opt/airflow/dags/dbt_pipeline_dag.py for tasks to queue
[2026-06-07T19:55:46.424+0000] {logging_mixin.py:188} INFO - [2026-06-07T19:55:46.423+0000] {dagbag.py:538} INFO - Filling up the DagBag from /opt/airflow/dags/dbt_pipeline_dag.py
[2026-06-07T19:55:46.486+0000] {processor.py:840} INFO - DAG(s) 'dbt_pipeline' retrieved from /opt/airflow/dags/dbt_pipeline_dag.py
[2026-06-07T19:55:46.579+0000] {logging_mixin.py:188} INFO - [2026-06-07T19:55:46.578+0000] {dag.py:3036} INFO - Sync 1 DAGs
[2026-06-07T19:55:46.656+0000] {logging_mixin.py:188} INFO - [2026-06-07T19:55:46.656+0000] {dag.py:3823} INFO - Setting next_dagrun for dbt_pipeline to 2026-06-07 00:00:00+00:00, run_after=2026-06-08 00:00:00+00:00
[2026-06-07T19:55:46.699+0000] {processor.py:183} INFO - Processing /opt/airflow/dags/dbt_pipeline_dag.py took 0.287 seconds
[2026-06-07T19:56:17.049+0000] {processor.py:161} INFO - Started process (PID=20423) to work on /opt/airflow/dags/dbt_pipeline_dag.py
[2026-06-07T19:56:17.052+0000] {processor.py:830} INFO - Processing file /opt/airflow/dags/dbt_pipeline_dag.py for tasks to queue
[2026-06-07T19:56:17.054+0000] {logging_mixin.py:188} INFO - [2026-06-07T19:56:17.054+0000] {dagbag.py:538} INFO - Filling up the DagBag from /opt/airflow/dags/dbt_pipeline_dag.py
[2026-06-07T19:56:17.114+0000] {processor.py:840} INFO - DAG(s) 'dbt_pipeline' retrieved from /opt/airflow/dags/dbt_pipeline_dag.py
[2026-06-07T19:56:17.186+0000] {logging_mixin.py:188} INFO - [2026-06-07T19:56:17.186+0000] {dag.py:3036} INFO - Sync 1 DAGs
[2026-06-07T19:56:17.261+0000] {logging_mixin.py:188} INFO - [2026-06-07T19:56:17.260+0000] {dag.py:3823} INFO - Setting next_dagrun for dbt_pipeline to 2026-06-07 00:00:00+00:00, run_after=2026-06-08 00:00:00+00:00
[2026-06-07T19:56:17.350+0000] {processor.py:183} INFO - Processing /opt/airflow/dags/dbt_pipeline_dag.py took 0.305 seconds
[2026-06-07T19:56:47.745+0000] {processor.py:161} INFO - Started process (PID=20439) to work on /opt/airflow/dags/dbt_pipeline_dag.py
[2026-06-07T19:56:47.747+0000] {processor.py:830} INFO - Processing file /opt/airflow/dags/dbt_pipeline_dag.py for tasks to queue
[2026-06-07T19:56:47.750+0000] {logging_mixin.py:188} INFO - [2026-06-07T19:56:47.749+0000] {dagbag.py:538} INFO - Filling up the DagBag from /opt/airflow/dags/dbt_pipeline_dag.py
[2026-06-07T19:56:47.812+0000] {processor.py:840} INFO - DAG(s) 'dbt_pipeline' retrieved from /opt/airflow/dags/dbt_pipeline_dag.py
[2026-06-07T19:56:47.899+0000] {logging_mixin.py:188} INFO - [2026-06-07T19:56:47.898+0000] {dag.py:3036} INFO - Sync 1 DAGs
[2026-06-07T19:56:47.976+0000] {logging_mixin.py:188} INFO - [2026-06-07T19:56:47.975+0000] {dag.py:3823} INFO - Setting next_dagrun for dbt_pipeline to 2026-06-07 00:00:00+00:00, run_after=2026-06-08 00:00:00+00:00
[2026-06-07T19:56:48.029+0000] {processor.py:183} INFO - Processing /opt/airflow/dags/dbt_pipeline_dag.py took 0.290 seconds
[2026-06-07T19:57:18.457+0000] {processor.py:161} INFO - Started process (PID=20455) to work on /opt/airflow/dags/dbt_pipeline_dag.py
[2026-06-07T19:57:18.459+0000] {processor.py:830} INFO - Processing file /opt/airflow/dags/dbt_pipeline_dag.py for tasks to queue
[2026-06-07T19:57:18.463+0000] {logging_mixin.py:188} INFO - [2026-06-07T19:57:18.462+0000] {dagbag.py:538} INFO - Filling up the DagBag from /opt/airflow/dags/dbt_pipeline_dag.py
[2026-06-07T19:57:18.528+0000] {processor.py:840} INFO - DAG(s) 'dbt_pipeline' retrieved from /opt/airflow/dags/dbt_pipeline_dag.py
[2026-06-07T19:57:18.600+0000] {logging_mixin.py:188} INFO - [2026-06-07T19:57:18.600+0000] {dag.py:3036} INFO - Sync 1 DAGs
[2026-06-07T19:57:18.667+0000] {logging_mixin.py:188} INFO - [2026-06-07T19:57:18.667+0000] {dag.py:3823} INFO - Setting next_dagrun for dbt_pipeline to 2026-06-07 00:00:00+00:00, run_after=2026-06-08 00:00:00+00:00
[2026-06-07T19:57:18.723+0000] {processor.py:183} INFO - Processing /opt/airflow/dags/dbt_pipeline_dag.py took 0.273 seconds
[2026-06-07T19:57:48.892+0000] {processor.py:161} INFO - Started process (PID=20471) to work on /opt/airflow/dags/dbt_pipeline_dag.py
[2026-06-07T19:57:48.896+0000] {processor.py:830} INFO - Processing file /opt/airflow/dags/dbt_pipeline_dag.py for tasks to queue
[2026-06-07T19:57:48.899+0000] {logging_mixin.py:188} INFO - [2026-06-07T19:57:48.898+0000] {dagbag.py:538} INFO - Filling up the DagBag from /opt/airflow/dags/dbt_pipeline_dag.py
[2026-06-07T19:57:48.955+0000] {processor.py:840} INFO - DAG(s) 'dbt_pipeline' retrieved from /opt/airflow/dags/dbt_pipeline_dag.py
[2026-06-07T19:57:49.037+0000] {logging_mixin.py:188} INFO - [2026-06-07T19:57:49.036+0000] {dag.py:3036} INFO - Sync 1 DAGs
[2026-06-07T19:57:49.111+0000] {logging_mixin.py:188} INFO - [2026-06-07T19:57:49.111+0000] {dag.py:3823} INFO - Setting next_dagrun for dbt_pipeline to 2026-06-07 00:00:00+00:00, run_after=2026-06-08 00:00:00+00:00
[2026-06-07T19:57:49.168+0000] {processor.py:183} INFO - Processing /opt/airflow/dags/dbt_pipeline_dag.py took 0.283 seconds
[2026-06-07T19:58:19.707+0000] {processor.py:161} INFO - Started process (PID=20487) to work on /opt/airflow/dags/dbt_pipeline_dag.py
[2026-06-07T19:58:19.710+0000] {processor.py:830} INFO - Processing file /opt/airflow/dags/dbt_pipeline_dag.py for tasks to queue
[2026-06-07T19:58:19.714+0000] {logging_mixin.py:188} INFO - [2026-06-07T19:58:19.713+0000] {dagbag.py:538} INFO - Filling up the DagBag from /opt/airflow/dags/dbt_pipeline_dag.py
[2026-06-07T19:58:21.620+0000] {processor.py:840} INFO - DAG(s) 'dbt_pipeline' retrieved from /opt/airflow/dags/dbt_pipeline_dag.py
[2026-06-07T19:58:17.129+0000] {logging_mixin.py:188} INFO - [2026-06-07T19:58:17.128+0000] {dag.py:3036} INFO - Sync 1 DAGs
[2026-06-07T19:58:17.175+0000] {logging_mixin.py:188} INFO - [2026-06-07T19:58:17.175+0000] {dag.py:3823} INFO - Setting next_dagrun for dbt_pipeline to 2026-06-07 00:00:00+00:00, run_after=2026-06-08 00:00:00+00:00
[2026-06-07T19:58:17.222+0000] {processor.py:183} INFO - Processing /opt/airflow/dags/dbt_pipeline_dag.py took 0.252 seconds
[2026-06-07T19:58:47.706+0000] {processor.py:161} INFO - Started process (PID=20497) to work on /opt/airflow/dags/dbt_pipeline_dag.py
[2026-06-07T19:58:47.709+0000] {processor.py:830} INFO - Processing file /opt/airflow/dags/dbt_pipeline_dag.py for tasks to queue
[2026-06-07T19:58:47.712+0000] {logging_mixin.py:188} INFO - [2026-06-07T19:58:47.711+0000] {dagbag.py:538} INFO - Filling up the DagBag from /opt/airflow/dags/dbt_pipeline_dag.py
[2026-06-07T19:58:47.758+0000] {processor.py:840} INFO - DAG(s) 'dbt_pipeline' retrieved from /opt/airflow/dags/dbt_pipeline_dag.py
[2026-06-07T19:58:47.824+0000] {logging_mixin.py:188} INFO - [2026-06-07T19:58:47.824+0000] {dag.py:3036} INFO - Sync 1 DAGs
[2026-06-07T19:58:47.883+0000] {logging_mixin.py:188} INFO - [2026-06-07T19:58:47.882+0000] {dag.py:3823} INFO - Setting next_dagrun for dbt_pipeline to 2026-06-07 00:00:00+00:00, run_after=2026-06-08 00:00:00+00:00
[2026-06-07T19:58:47.937+0000] {processor.py:183} INFO - Processing /opt/airflow/dags/dbt_pipeline_dag.py took 0.239 seconds
[2026-06-07T19:59:18.546+0000] {processor.py:161} INFO - Started process (PID=20513) to work on /opt/airflow/dags/dbt_pipeline_dag.py
[2026-06-07T19:59:18.548+0000] {processor.py:830} INFO - Processing file /opt/airflow/dags/dbt_pipeline_dag.py for tasks to queue
[2026-06-07T19:59:18.551+0000] {logging_mixin.py:188} INFO - [2026-06-07T19:59:18.550+0000] {dagbag.py:538} INFO - Filling up the DagBag from /opt/airflow/dags/dbt_pipeline_dag.py
[2026-06-07T19:59:18.605+0000] {processor.py:840} INFO - DAG(s) 'dbt_pipeline' retrieved from /opt/airflow/dags/dbt_pipeline_dag.py
[2026-06-07T19:59:18.695+0000] {logging_mixin.py:188} INFO - [2026-06-07T19:59:18.694+0000] {dag.py:3036} INFO - Sync 1 DAGs
[2026-06-07T19:59:18.752+0000] {logging_mixin.py:188} INFO - [2026-06-07T19:59:18.752+0000] {dag.py:3823} INFO - Setting next_dagrun for dbt_pipeline to 2026-06-07 00:00:00+00:00, run_after=2026-06-08 00:00:00+00:00
[2026-06-07T19:59:18.796+0000] {processor.py:183} INFO - Processing /opt/airflow/dags/dbt_pipeline_dag.py took 0.256 seconds
[2026-06-07T19:59:49.440+0000] {processor.py:161} INFO - Started process (PID=20529) to work on /opt/airflow/dags/dbt_pipeline_dag.py
[2026-06-07T19:59:49.443+0000] {processor.py:830} INFO - Processing file /opt/airflow/dags/dbt_pipeline_dag.py for tasks to queue
[2026-06-07T19:59:49.451+0000] {logging_mixin.py:188} INFO - [2026-06-07T19:59:49.447+0000] {dagbag.py:538} INFO - Filling up the DagBag from /opt/airflow/dags/dbt_pipeline_dag.py
[2026-06-07T19:59:49.512+0000] {processor.py:840} INFO - DAG(s) 'dbt_pipeline' retrieved from /opt/airflow/dags/dbt_pipeline_dag.py
[2026-06-07T19:59:49.622+0000] {logging_mixin.py:188} INFO - [2026-06-07T19:59:49.621+0000] {dag.py:3036} INFO - Sync 1 DAGs
[2026-06-07T19:59:49.714+0000] {logging_mixin.py:188} INFO - [2026-06-07T19:59:49.713+0000] {dag.py:3823} INFO - Setting next_dagrun for dbt_pipeline to 2026-06-07 00:00:00+00:00, run_after=2026-06-08 00:00:00+00:00
[2026-06-07T19:59:49.778+0000] {processor.py:183} INFO - Processing /opt/airflow/dags/dbt_pipeline_dag.py took 0.349 seconds
[2026-06-07T20:00:20.544+0000] {processor.py:161} INFO - Started process (PID=20545) to work on /opt/airflow/dags/dbt_pipeline_dag.py
[2026-06-07T20:00:20.546+0000] {processor.py:830} INFO - Processing file /opt/airflow/dags/dbt_pipeline_dag.py for tasks to queue
[2026-06-07T20:00:20.549+0000] {logging_mixin.py:188} INFO - [2026-06-07T20:00:20.548+0000] {dagbag.py:538} INFO - Filling up the DagBag from /opt/airflow/dags/dbt_pipeline_dag.py
[2026-06-07T20:00:20.607+0000] {processor.py:840} INFO - DAG(s) 'dbt_pipeline' retrieved from /opt/airflow/dags/dbt_pipeline_dag.py
[2026-06-07T20:00:20.693+0000] {logging_mixin.py:188} INFO - [2026-06-07T20:00:20.693+0000] {dag.py:3036} INFO - Sync 1 DAGs
[2026-06-07T20:00:20.770+0000] {logging_mixin.py:188} INFO - [2026-06-07T20:00:20.769+0000] {dag.py:3823} INFO - Setting next_dagrun for dbt_pipeline to 2026-06-07 00:00:00+00:00, run_after=2026-06-08 00:00:00+00:00
[2026-06-07T20:00:20.838+0000] {processor.py:183} INFO - Processing /opt/airflow/dags/dbt_pipeline_dag.py took 0.300 seconds
