[2026-06-07T19:26:40.194+0000] {processor.py:161} INFO - Started process (PID=19386) to work on /opt/airflow/dags/sales_pipeline_dag.py
[2026-06-07T19:26:40.195+0000] {processor.py:830} INFO - Processing file /opt/airflow/dags/sales_pipeline_dag.py for tasks to queue
[2026-06-07T19:26:40.198+0000] {logging_mixin.py:188} INFO - [2026-06-07T19:26:40.197+0000] {dagbag.py:538} INFO - Filling up the DagBag from /opt/airflow/dags/sales_pipeline_dag.py
[2026-06-07T19:26:42.781+0000] {processor.py:840} INFO - DAG(s) 'sales_pipeline' retrieved from /opt/airflow/dags/sales_pipeline_dag.py
[2026-06-07T19:26:43.424+0000] {logging_mixin.py:188} INFO - [2026-06-07T19:26:43.423+0000] {dag.py:3036} INFO - Sync 1 DAGs
[2026-06-07T19:26:43.465+0000] {logging_mixin.py:188} INFO - [2026-06-07T19:26:43.464+0000] {dag.py:3823} INFO - Setting next_dagrun for sales_pipeline to 2026-06-07 00:00:00+00:00, run_after=2026-06-08 00:00:00+00:00
[2026-06-07T19:26:43.687+0000] {processor.py:183} INFO - Processing /opt/airflow/dags/sales_pipeline_dag.py took 3.498 seconds
[2026-06-07T19:27:15.145+0000] {processor.py:161} INFO - Started process (PID=19423) to work on /opt/airflow/dags/sales_pipeline_dag.py
[2026-06-07T19:27:15.202+0000] {processor.py:830} INFO - Processing file /opt/airflow/dags/sales_pipeline_dag.py for tasks to queue
[2026-06-07T19:27:15.234+0000] {logging_mixin.py:188} INFO - [2026-06-07T19:27:15.233+0000] {dagbag.py:538} INFO - Filling up the DagBag from /opt/airflow/dags/sales_pipeline_dag.py
[2026-06-07T19:27:22.988+0000] {processor.py:840} INFO - DAG(s) 'sales_pipeline' retrieved from /opt/airflow/dags/sales_pipeline_dag.py
[2026-06-07T19:27:23.611+0000] {logging_mixin.py:188} INFO - [2026-06-07T19:27:23.608+0000] {dag.py:3036} INFO - Sync 1 DAGs
[2026-06-07T19:27:24.874+0000] {logging_mixin.py:188} INFO - [2026-06-07T19:27:24.872+0000] {dag.py:3823} INFO - Setting next_dagrun for sales_pipeline to 2026-06-07 00:00:00+00:00, run_after=2026-06-08 00:00:00+00:00
[2026-06-07T19:27:25.628+0000] {processor.py:183} INFO - Processing /opt/airflow/dags/sales_pipeline_dag.py took 13.248 seconds
[2026-06-07T19:27:56.373+0000] {processor.py:161} INFO - Started process (PID=19440) to work on /opt/airflow/dags/sales_pipeline_dag.py
[2026-06-07T19:27:56.377+0000] {processor.py:830} INFO - Processing file /opt/airflow/dags/sales_pipeline_dag.py for tasks to queue
[2026-06-07T19:27:56.381+0000] {logging_mixin.py:188} INFO - [2026-06-07T19:27:56.380+0000] {dagbag.py:538} INFO - Filling up the DagBag from /opt/airflow/dags/sales_pipeline_dag.py
[2026-06-07T19:27:58.457+0000] {processor.py:840} INFO - DAG(s) 'sales_pipeline' retrieved from /opt/airflow/dags/sales_pipeline_dag.py
[2026-06-07T19:27:58.529+0000] {logging_mixin.py:188} INFO - [2026-06-07T19:27:58.528+0000] {dag.py:3036} INFO - Sync 1 DAGs
[2026-06-07T19:27:58.624+0000] {logging_mixin.py:188} INFO - [2026-06-07T19:27:58.623+0000] {dag.py:3823} INFO - Setting next_dagrun for sales_pipeline to 2026-06-07 00:00:00+00:00, run_after=2026-06-08 00:00:00+00:00
[2026-06-07T19:27:59.028+0000] {processor.py:183} INFO - Processing /opt/airflow/dags/sales_pipeline_dag.py took 2.662 seconds
[2026-06-07T19:28:29.446+0000] {processor.py:161} INFO - Started process (PID=19456) to work on /opt/airflow/dags/sales_pipeline_dag.py
[2026-06-07T19:28:29.449+0000] {processor.py:830} INFO - Processing file /opt/airflow/dags/sales_pipeline_dag.py for tasks to queue
[2026-06-07T19:28:29.453+0000] {logging_mixin.py:188} INFO - [2026-06-07T19:28:29.452+0000] {dagbag.py:538} INFO - Filling up the DagBag from /opt/airflow/dags/sales_pipeline_dag.py
[2026-06-07T19:28:31.437+0000] {processor.py:840} INFO - DAG(s) 'sales_pipeline' retrieved from /opt/airflow/dags/sales_pipeline_dag.py
[2026-06-07T19:28:31.512+0000] {logging_mixin.py:188} INFO - [2026-06-07T19:28:31.511+0000] {dag.py:3036} INFO - Sync 1 DAGs
[2026-06-07T19:28:31.586+0000] {logging_mixin.py:188} INFO - [2026-06-07T19:28:31.586+0000] {dag.py:3823} INFO - Setting next_dagrun for sales_pipeline to 2026-06-07 00:00:00+00:00, run_after=2026-06-08 00:00:00+00:00
[2026-06-07T19:28:31.950+0000] {processor.py:183} INFO - Processing /opt/airflow/dags/sales_pipeline_dag.py took 2.512 seconds
[2026-06-07T19:29:02.331+0000] {processor.py:161} INFO - Started process (PID=19488) to work on /opt/airflow/dags/sales_pipeline_dag.py
[2026-06-07T19:29:02.333+0000] {processor.py:830} INFO - Processing file /opt/airflow/dags/sales_pipeline_dag.py for tasks to queue
[2026-06-07T19:29:02.335+0000] {logging_mixin.py:188} INFO - [2026-06-07T19:29:02.334+0000] {dagbag.py:538} INFO - Filling up the DagBag from /opt/airflow/dags/sales_pipeline_dag.py
[2026-06-07T19:29:03.681+0000] {processor.py:840} INFO - DAG(s) 'sales_pipeline' retrieved from /opt/airflow/dags/sales_pipeline_dag.py
[2026-06-07T19:29:03.746+0000] {logging_mixin.py:188} INFO - [2026-06-07T19:29:03.744+0000] {dag.py:3036} INFO - Sync 1 DAGs
[2026-06-07T19:29:03.788+0000] {logging_mixin.py:188} INFO - [2026-06-07T19:29:03.788+0000] {dag.py:3823} INFO - Setting next_dagrun for sales_pipeline to 2026-06-07 00:00:00+00:00, run_after=2026-06-08 00:00:00+00:00
[2026-06-07T19:29:04.336+0000] {processor.py:183} INFO - Processing /opt/airflow/dags/sales_pipeline_dag.py took 2.013 seconds
[2026-06-07T19:29:34.640+0000] {processor.py:161} INFO - Started process (PID=19504) to work on /opt/airflow/dags/sales_pipeline_dag.py
[2026-06-07T19:29:34.642+0000] {processor.py:830} INFO - Processing file /opt/airflow/dags/sales_pipeline_dag.py for tasks to queue
[2026-06-07T19:29:34.647+0000] {logging_mixin.py:188} INFO - [2026-06-07T19:29:34.645+0000] {dagbag.py:538} INFO - Filling up the DagBag from /opt/airflow/dags/sales_pipeline_dag.py
[2026-06-07T19:29:35.968+0000] {processor.py:840} INFO - DAG(s) 'sales_pipeline' retrieved from /opt/airflow/dags/sales_pipeline_dag.py
[2026-06-07T19:29:36.017+0000] {logging_mixin.py:188} INFO - [2026-06-07T19:29:36.016+0000] {dag.py:3036} INFO - Sync 1 DAGs
[2026-06-07T19:29:36.058+0000] {logging_mixin.py:188} INFO - [2026-06-07T19:29:36.058+0000] {dag.py:3823} INFO - Setting next_dagrun for sales_pipeline to 2026-06-07 00:00:00+00:00, run_after=2026-06-08 00:00:00+00:00
[2026-06-07T19:29:36.744+0000] {processor.py:183} INFO - Processing /opt/airflow/dags/sales_pipeline_dag.py took 2.114 seconds
[2026-06-07T19:30:07.010+0000] {processor.py:161} INFO - Started process (PID=19522) to work on /opt/airflow/dags/sales_pipeline_dag.py
[2026-06-07T19:30:07.011+0000] {processor.py:830} INFO - Processing file /opt/airflow/dags/sales_pipeline_dag.py for tasks to queue
[2026-06-07T19:30:07.014+0000] {logging_mixin.py:188} INFO - [2026-06-07T19:30:07.013+0000] {dagbag.py:538} INFO - Filling up the DagBag from /opt/airflow/dags/sales_pipeline_dag.py
[2026-06-07T19:30:08.166+0000] {processor.py:840} INFO - DAG(s) 'sales_pipeline' retrieved from /opt/airflow/dags/sales_pipeline_dag.py
[2026-06-07T19:30:08.227+0000] {logging_mixin.py:188} INFO - [2026-06-07T19:30:08.227+0000] {dag.py:3036} INFO - Sync 1 DAGs
[2026-06-07T19:30:08.265+0000] {logging_mixin.py:188} INFO - [2026-06-07T19:30:08.264+0000] {dag.py:3823} INFO - Setting next_dagrun for sales_pipeline to 2026-06-07 00:00:00+00:00, run_after=2026-06-08 00:00:00+00:00
[2026-06-07T19:30:08.452+0000] {processor.py:183} INFO - Processing /opt/airflow/dags/sales_pipeline_dag.py took 1.448 seconds
[2026-06-07T19:30:38.810+0000] {processor.py:161} INFO - Started process (PID=19587) to work on /opt/airflow/dags/sales_pipeline_dag.py
[2026-06-07T19:30:38.812+0000] {processor.py:830} INFO - Processing file /opt/airflow/dags/sales_pipeline_dag.py for tasks to queue
[2026-06-07T19:30:38.815+0000] {logging_mixin.py:188} INFO - [2026-06-07T19:30:38.814+0000] {dagbag.py:538} INFO - Filling up the DagBag from /opt/airflow/dags/sales_pipeline_dag.py
[2026-06-07T19:30:40.359+0000] {processor.py:840} INFO - DAG(s) 'sales_pipeline' retrieved from /opt/airflow/dags/sales_pipeline_dag.py
[2026-06-07T19:30:40.444+0000] {logging_mixin.py:188} INFO - [2026-06-07T19:30:40.442+0000] {dag.py:3036} INFO - Sync 1 DAGs
[2026-06-07T19:30:40.528+0000] {logging_mixin.py:188} INFO - [2026-06-07T19:30:40.527+0000] {dag.py:3823} INFO - Setting next_dagrun for sales_pipeline to 2026-06-07 00:00:00+00:00, run_after=2026-06-08 00:00:00+00:00
[2026-06-07T19:30:40.629+0000] {processor.py:183} INFO - Processing /opt/airflow/dags/sales_pipeline_dag.py took 1.828 seconds
[2026-06-07T19:31:10.958+0000] {processor.py:161} INFO - Started process (PID=19648) to work on /opt/airflow/dags/sales_pipeline_dag.py
[2026-06-07T19:31:10.960+0000] {processor.py:830} INFO - Processing file /opt/airflow/dags/sales_pipeline_dag.py for tasks to queue
[2026-06-07T19:31:10.962+0000] {logging_mixin.py:188} INFO - [2026-06-07T19:31:10.961+0000] {dagbag.py:538} INFO - Filling up the DagBag from /opt/airflow/dags/sales_pipeline_dag.py
[2026-06-07T19:31:12.112+0000] {processor.py:840} INFO - DAG(s) 'sales_pipeline' retrieved from /opt/airflow/dags/sales_pipeline_dag.py
[2026-06-07T19:31:12.159+0000] {logging_mixin.py:188} INFO - [2026-06-07T19:31:12.158+0000] {dag.py:3036} INFO - Sync 1 DAGs
[2026-06-07T19:31:12.241+0000] {logging_mixin.py:188} INFO - [2026-06-07T19:31:12.240+0000] {dag.py:3823} INFO - Setting next_dagrun for sales_pipeline to 2026-06-07 00:00:00+00:00, run_after=2026-06-08 00:00:00+00:00
[2026-06-07T19:31:12.307+0000] {processor.py:183} INFO - Processing /opt/airflow/dags/sales_pipeline_dag.py took 1.353 seconds
[2026-06-07T19:31:43.323+0000] {processor.py:161} INFO - Started process (PID=19677) to work on /opt/airflow/dags/sales_pipeline_dag.py
[2026-06-07T19:31:43.325+0000] {processor.py:830} INFO - Processing file /opt/airflow/dags/sales_pipeline_dag.py for tasks to queue
[2026-06-07T19:31:43.327+0000] {logging_mixin.py:188} INFO - [2026-06-07T19:31:43.326+0000] {dagbag.py:538} INFO - Filling up the DagBag from /opt/airflow/dags/sales_pipeline_dag.py
[2026-06-07T19:31:44.620+0000] {processor.py:840} INFO - DAG(s) 'sales_pipeline' retrieved from /opt/airflow/dags/sales_pipeline_dag.py
[2026-06-07T19:31:44.682+0000] {logging_mixin.py:188} INFO - [2026-06-07T19:31:44.681+0000] {dag.py:3036} INFO - Sync 1 DAGs
[2026-06-07T19:31:44.736+0000] {logging_mixin.py:188} INFO - [2026-06-07T19:31:44.735+0000] {dag.py:3823} INFO - Setting next_dagrun for sales_pipeline to 2026-06-07 00:00:00+00:00, run_after=2026-06-08 00:00:00+00:00
[2026-06-07T19:32:08.925+0000] {processor.py:183} INFO - Processing /opt/airflow/dags/sales_pipeline_dag.py took 28.336 seconds
[2026-06-07T19:32:40.466+0000] {processor.py:161} INFO - Started process (PID=19701) to work on /opt/airflow/dags/sales_pipeline_dag.py
[2026-06-07T19:32:40.468+0000] {processor.py:830} INFO - Processing file /opt/airflow/dags/sales_pipeline_dag.py for tasks to queue
[2026-06-07T19:32:40.471+0000] {logging_mixin.py:188} INFO - [2026-06-07T19:32:40.470+0000] {dagbag.py:538} INFO - Filling up the DagBag from /opt/airflow/dags/sales_pipeline_dag.py
[2026-06-07T19:32:41.578+0000] {processor.py:840} INFO - DAG(s) 'sales_pipeline' retrieved from /opt/airflow/dags/sales_pipeline_dag.py
[2026-06-07T19:32:41.624+0000] {logging_mixin.py:188} INFO - [2026-06-07T19:32:41.623+0000] {dag.py:3036} INFO - Sync 1 DAGs
[2026-06-07T19:32:41.657+0000] {logging_mixin.py:188} INFO - [2026-06-07T19:32:41.656+0000] {dag.py:3823} INFO - Setting next_dagrun for sales_pipeline to 2026-06-07 00:00:00+00:00, run_after=2026-06-08 00:00:00+00:00
[2026-06-07T19:32:42.275+0000] {processor.py:183} INFO - Processing /opt/airflow/dags/sales_pipeline_dag.py took 1.817 seconds
[2026-06-07T19:33:13.259+0000] {processor.py:161} INFO - Started process (PID=19717) to work on /opt/airflow/dags/sales_pipeline_dag.py
[2026-06-07T19:33:13.262+0000] {processor.py:830} INFO - Processing file /opt/airflow/dags/sales_pipeline_dag.py for tasks to queue
[2026-06-07T19:33:13.266+0000] {logging_mixin.py:188} INFO - [2026-06-07T19:33:13.264+0000] {dagbag.py:538} INFO - Filling up the DagBag from /opt/airflow/dags/sales_pipeline_dag.py
[2026-06-07T19:33:14.604+0000] {processor.py:840} INFO - DAG(s) 'sales_pipeline' retrieved from /opt/airflow/dags/sales_pipeline_dag.py
[2026-06-07T19:33:14.653+0000] {logging_mixin.py:188} INFO - [2026-06-07T19:33:14.652+0000] {dag.py:3036} INFO - Sync 1 DAGs
[2026-06-07T19:33:14.724+0000] {logging_mixin.py:188} INFO - [2026-06-07T19:33:14.723+0000] {dag.py:3823} INFO - Setting next_dagrun for sales_pipeline to 2026-06-07 00:00:00+00:00, run_after=2026-06-08 00:00:00+00:00
[2026-06-07T19:33:14.964+0000] {processor.py:183} INFO - Processing /opt/airflow/dags/sales_pipeline_dag.py took 1.718 seconds
[2026-06-07T19:33:45.100+0000] {processor.py:161} INFO - Started process (PID=19735) to work on /opt/airflow/dags/sales_pipeline_dag.py
[2026-06-07T19:33:45.102+0000] {processor.py:830} INFO - Processing file /opt/airflow/dags/sales_pipeline_dag.py for tasks to queue
[2026-06-07T19:33:45.103+0000] {logging_mixin.py:188} INFO - [2026-06-07T19:33:45.103+0000] {dagbag.py:538} INFO - Filling up the DagBag from /opt/airflow/dags/sales_pipeline_dag.py
[2026-06-07T19:33:46.337+0000] {processor.py:840} INFO - DAG(s) 'sales_pipeline' retrieved from /opt/airflow/dags/sales_pipeline_dag.py
[2026-06-07T19:33:46.378+0000] {logging_mixin.py:188} INFO - [2026-06-07T19:33:46.377+0000] {dag.py:3036} INFO - Sync 1 DAGs
[2026-06-07T19:33:46.420+0000] {logging_mixin.py:188} INFO - [2026-06-07T19:33:46.419+0000] {dag.py:3823} INFO - Setting next_dagrun for sales_pipeline to 2026-06-07 00:00:00+00:00, run_after=2026-06-08 00:00:00+00:00
[2026-06-07T19:33:46.586+0000] {processor.py:183} INFO - Processing /opt/airflow/dags/sales_pipeline_dag.py took 1.490 seconds
[2026-06-07T19:34:17.277+0000] {processor.py:161} INFO - Started process (PID=19751) to work on /opt/airflow/dags/sales_pipeline_dag.py
[2026-06-07T19:34:17.279+0000] {processor.py:830} INFO - Processing file /opt/airflow/dags/sales_pipeline_dag.py for tasks to queue
[2026-06-07T19:34:17.281+0000] {logging_mixin.py:188} INFO - [2026-06-07T19:34:17.280+0000] {dagbag.py:538} INFO - Filling up the DagBag from /opt/airflow/dags/sales_pipeline_dag.py
[2026-06-07T19:34:19.621+0000] {processor.py:840} INFO - DAG(s) 'sales_pipeline' retrieved from /opt/airflow/dags/sales_pipeline_dag.py
[2026-06-07T19:34:19.699+0000] {logging_mixin.py:188} INFO - [2026-06-07T19:34:19.698+0000] {dag.py:3036} INFO - Sync 1 DAGs
[2026-06-07T19:34:19.756+0000] {logging_mixin.py:188} INFO - [2026-06-07T19:34:19.755+0000] {dag.py:3823} INFO - Setting next_dagrun for sales_pipeline to 2026-06-07 00:00:00+00:00, run_after=2026-06-08 00:00:00+00:00
[2026-06-07T19:34:19.813+0000] {processor.py:183} INFO - Processing /opt/airflow/dags/sales_pipeline_dag.py took 2.542 seconds
[2026-06-07T19:34:50.749+0000] {processor.py:161} INFO - Started process (PID=19767) to work on /opt/airflow/dags/sales_pipeline_dag.py
[2026-06-07T19:34:50.750+0000] {processor.py:830} INFO - Processing file /opt/airflow/dags/sales_pipeline_dag.py for tasks to queue
[2026-06-07T19:34:50.753+0000] {logging_mixin.py:188} INFO - [2026-06-07T19:34:50.752+0000] {dagbag.py:538} INFO - Filling up the DagBag from /opt/airflow/dags/sales_pipeline_dag.py
[2026-06-07T19:34:52.134+0000] {processor.py:840} INFO - DAG(s) 'sales_pipeline' retrieved from /opt/airflow/dags/sales_pipeline_dag.py
[2026-06-07T19:34:52.190+0000] {logging_mixin.py:188} INFO - [2026-06-07T19:34:52.190+0000] {dag.py:3036} INFO - Sync 1 DAGs
[2026-06-07T19:34:52.240+0000] {logging_mixin.py:188} INFO - [2026-06-07T19:34:52.239+0000] {dag.py:3823} INFO - Setting next_dagrun for sales_pipeline to 2026-06-07 00:00:00+00:00, run_after=2026-06-08 00:00:00+00:00
[2026-06-07T19:34:52.285+0000] {processor.py:183} INFO - Processing /opt/airflow/dags/sales_pipeline_dag.py took 1.541 seconds
[2026-06-07T19:35:22.809+0000] {processor.py:161} INFO - Started process (PID=19783) to work on /opt/airflow/dags/sales_pipeline_dag.py
[2026-06-07T19:35:22.811+0000] {processor.py:830} INFO - Processing file /opt/airflow/dags/sales_pipeline_dag.py for tasks to queue
[2026-06-07T19:35:22.813+0000] {logging_mixin.py:188} INFO - [2026-06-07T19:35:22.813+0000] {dagbag.py:538} INFO - Filling up the DagBag from /opt/airflow/dags/sales_pipeline_dag.py
[2026-06-07T19:35:23.842+0000] {processor.py:840} INFO - DAG(s) 'sales_pipeline' retrieved from /opt/airflow/dags/sales_pipeline_dag.py
[2026-06-07T19:35:23.881+0000] {logging_mixin.py:188} INFO - [2026-06-07T19:35:23.880+0000] {dag.py:3036} INFO - Sync 1 DAGs
[2026-06-07T19:35:23.918+0000] {logging_mixin.py:188} INFO - [2026-06-07T19:35:23.918+0000] {dag.py:3823} INFO - Setting next_dagrun for sales_pipeline to 2026-06-07 00:00:00+00:00, run_after=2026-06-08 00:00:00+00:00
[2026-06-07T19:35:23.970+0000] {processor.py:183} INFO - Processing /opt/airflow/dags/sales_pipeline_dag.py took 1.165 seconds
[2026-06-07T19:35:54.717+0000] {processor.py:161} INFO - Started process (PID=19799) to work on /opt/airflow/dags/sales_pipeline_dag.py
[2026-06-07T19:35:54.719+0000] {processor.py:830} INFO - Processing file /opt/airflow/dags/sales_pipeline_dag.py for tasks to queue
[2026-06-07T19:35:54.722+0000] {logging_mixin.py:188} INFO - [2026-06-07T19:35:54.722+0000] {dagbag.py:538} INFO - Filling up the DagBag from /opt/airflow/dags/sales_pipeline_dag.py
[2026-06-07T19:35:55.917+0000] {processor.py:840} INFO - DAG(s) 'sales_pipeline' retrieved from /opt/airflow/dags/sales_pipeline_dag.py
[2026-06-07T19:35:55.969+0000] {logging_mixin.py:188} INFO - [2026-06-07T19:35:55.968+0000] {dag.py:3036} INFO - Sync 1 DAGs
[2026-06-07T19:35:56.023+0000] {logging_mixin.py:188} INFO - [2026-06-07T19:35:56.022+0000] {dag.py:3823} INFO - Setting next_dagrun for sales_pipeline to 2026-06-07 00:00:00+00:00, run_after=2026-06-08 00:00:00+00:00
[2026-06-07T19:35:56.070+0000] {processor.py:183} INFO - Processing /opt/airflow/dags/sales_pipeline_dag.py took 1.359 seconds
[2026-06-07T19:36:26.572+0000] {processor.py:161} INFO - Started process (PID=19815) to work on /opt/airflow/dags/sales_pipeline_dag.py
[2026-06-07T19:36:26.574+0000] {processor.py:830} INFO - Processing file /opt/airflow/dags/sales_pipeline_dag.py for tasks to queue
[2026-06-07T19:36:26.576+0000] {logging_mixin.py:188} INFO - [2026-06-07T19:36:26.576+0000] {dagbag.py:538} INFO - Filling up the DagBag from /opt/airflow/dags/sales_pipeline_dag.py
[2026-06-07T19:36:25.878+0000] {processor.py:840} INFO - DAG(s) 'sales_pipeline' retrieved from /opt/airflow/dags/sales_pipeline_dag.py
[2026-06-07T19:36:25.932+0000] {logging_mixin.py:188} INFO - [2026-06-07T19:36:25.931+0000] {dag.py:3036} INFO - Sync 1 DAGs
[2026-06-07T19:36:25.987+0000] {logging_mixin.py:188} INFO - [2026-06-07T19:36:25.987+0000] {dag.py:3823} INFO - Setting next_dagrun for sales_pipeline to 2026-06-07 00:00:00+00:00, run_after=2026-06-08 00:00:00+00:00
[2026-06-07T19:36:26.030+0000] {processor.py:183} INFO - Processing /opt/airflow/dags/sales_pipeline_dag.py took 2.195 seconds
[2026-06-07T19:36:56.805+0000] {processor.py:161} INFO - Started process (PID=19831) to work on /opt/airflow/dags/sales_pipeline_dag.py
[2026-06-07T19:36:56.819+0000] {processor.py:830} INFO - Processing file /opt/airflow/dags/sales_pipeline_dag.py for tasks to queue
[2026-06-07T19:36:56.837+0000] {logging_mixin.py:188} INFO - [2026-06-07T19:36:56.823+0000] {dagbag.py:538} INFO - Filling up the DagBag from /opt/airflow/dags/sales_pipeline_dag.py
[2026-06-07T19:37:00.652+0000] {processor.py:840} INFO - DAG(s) 'sales_pipeline' retrieved from /opt/airflow/dags/sales_pipeline_dag.py
[2026-06-07T19:37:00.775+0000] {logging_mixin.py:188} INFO - [2026-06-07T19:37:00.774+0000] {dag.py:3036} INFO - Sync 1 DAGs
[2026-06-07T19:37:00.835+0000] {logging_mixin.py:188} INFO - [2026-06-07T19:37:00.835+0000] {dag.py:3823} INFO - Setting next_dagrun for sales_pipeline to 2026-06-07 00:00:00+00:00, run_after=2026-06-08 00:00:00+00:00
[2026-06-07T19:37:00.894+0000] {processor.py:183} INFO - Processing /opt/airflow/dags/sales_pipeline_dag.py took 4.114 seconds
[2026-06-07T19:37:31.033+0000] {processor.py:161} INFO - Started process (PID=19847) to work on /opt/airflow/dags/sales_pipeline_dag.py
[2026-06-07T19:37:31.035+0000] {processor.py:830} INFO - Processing file /opt/airflow/dags/sales_pipeline_dag.py for tasks to queue
[2026-06-07T19:37:31.037+0000] {logging_mixin.py:188} INFO - [2026-06-07T19:37:31.036+0000] {dagbag.py:538} INFO - Filling up the DagBag from /opt/airflow/dags/sales_pipeline_dag.py
[2026-06-07T19:37:32.955+0000] {processor.py:840} INFO - DAG(s) 'sales_pipeline' retrieved from /opt/airflow/dags/sales_pipeline_dag.py
[2026-06-07T19:37:33.013+0000] {logging_mixin.py:188} INFO - [2026-06-07T19:37:33.012+0000] {dag.py:3036} INFO - Sync 1 DAGs
[2026-06-07T19:37:33.075+0000] {logging_mixin.py:188} INFO - [2026-06-07T19:37:33.074+0000] {dag.py:3823} INFO - Setting next_dagrun for sales_pipeline to 2026-06-07 00:00:00+00:00, run_after=2026-06-08 00:00:00+00:00
[2026-06-07T19:37:33.125+0000] {processor.py:183} INFO - Processing /opt/airflow/dags/sales_pipeline_dag.py took 2.101 seconds
[2026-06-07T19:38:03.953+0000] {processor.py:161} INFO - Started process (PID=19863) to work on /opt/airflow/dags/sales_pipeline_dag.py
[2026-06-07T19:38:03.955+0000] {processor.py:830} INFO - Processing file /opt/airflow/dags/sales_pipeline_dag.py for tasks to queue
[2026-06-07T19:38:03.956+0000] {logging_mixin.py:188} INFO - [2026-06-07T19:38:03.956+0000] {dagbag.py:538} INFO - Filling up the DagBag from /opt/airflow/dags/sales_pipeline_dag.py
[2026-06-07T19:38:05.002+0000] {processor.py:840} INFO - DAG(s) 'sales_pipeline' retrieved from /opt/airflow/dags/sales_pipeline_dag.py
[2026-06-07T19:38:05.042+0000] {logging_mixin.py:188} INFO - [2026-06-07T19:38:05.041+0000] {dag.py:3036} INFO - Sync 1 DAGs
[2026-06-07T19:38:05.076+0000] {logging_mixin.py:188} INFO - [2026-06-07T19:38:05.076+0000] {dag.py:3823} INFO - Setting next_dagrun for sales_pipeline to 2026-06-07 00:00:00+00:00, run_after=2026-06-08 00:00:00+00:00
[2026-06-07T19:38:05.115+0000] {processor.py:183} INFO - Processing /opt/airflow/dags/sales_pipeline_dag.py took 1.166 seconds
[2026-06-07T19:38:35.877+0000] {processor.py:161} INFO - Started process (PID=19879) to work on /opt/airflow/dags/sales_pipeline_dag.py
[2026-06-07T19:38:35.879+0000] {processor.py:830} INFO - Processing file /opt/airflow/dags/sales_pipeline_dag.py for tasks to queue
[2026-06-07T19:38:35.881+0000] {logging_mixin.py:188} INFO - [2026-06-07T19:38:35.880+0000] {dagbag.py:538} INFO - Filling up the DagBag from /opt/airflow/dags/sales_pipeline_dag.py
[2026-06-07T19:38:37.063+0000] {processor.py:840} INFO - DAG(s) 'sales_pipeline' retrieved from /opt/airflow/dags/sales_pipeline_dag.py
[2026-06-07T19:38:37.108+0000] {logging_mixin.py:188} INFO - [2026-06-07T19:38:37.107+0000] {dag.py:3036} INFO - Sync 1 DAGs
[2026-06-07T19:38:37.155+0000] {logging_mixin.py:188} INFO - [2026-06-07T19:38:37.154+0000] {dag.py:3823} INFO - Setting next_dagrun for sales_pipeline to 2026-06-07 00:00:00+00:00, run_after=2026-06-08 00:00:00+00:00
[2026-06-07T19:38:37.197+0000] {processor.py:183} INFO - Processing /opt/airflow/dags/sales_pipeline_dag.py took 1.325 seconds
[2026-06-07T19:39:08.391+0000] {processor.py:161} INFO - Started process (PID=19895) to work on /opt/airflow/dags/sales_pipeline_dag.py
[2026-06-07T19:39:08.400+0000] {processor.py:830} INFO - Processing file /opt/airflow/dags/sales_pipeline_dag.py for tasks to queue
[2026-06-07T19:39:08.404+0000] {logging_mixin.py:188} INFO - [2026-06-07T19:39:08.403+0000] {dagbag.py:538} INFO - Filling up the DagBag from /opt/airflow/dags/sales_pipeline_dag.py
[2026-06-07T19:39:10.257+0000] {processor.py:840} INFO - DAG(s) 'sales_pipeline' retrieved from /opt/airflow/dags/sales_pipeline_dag.py
[2026-06-07T19:39:10.416+0000] {logging_mixin.py:188} INFO - [2026-06-07T19:39:10.413+0000] {dag.py:3036} INFO - Sync 1 DAGs
[2026-06-07T19:39:10.549+0000] {logging_mixin.py:188} INFO - [2026-06-07T19:39:10.548+0000] {dag.py:3823} INFO - Setting next_dagrun for sales_pipeline to 2026-06-07 00:00:00+00:00, run_after=2026-06-08 00:00:00+00:00
[2026-06-07T19:39:10.695+0000] {processor.py:183} INFO - Processing /opt/airflow/dags/sales_pipeline_dag.py took 2.311 seconds
[2026-06-07T19:39:41.314+0000] {processor.py:161} INFO - Started process (PID=19911) to work on /opt/airflow/dags/sales_pipeline_dag.py
[2026-06-07T19:39:41.317+0000] {processor.py:830} INFO - Processing file /opt/airflow/dags/sales_pipeline_dag.py for tasks to queue
[2026-06-07T19:39:41.320+0000] {logging_mixin.py:188} INFO - [2026-06-07T19:39:41.319+0000] {dagbag.py:538} INFO - Filling up the DagBag from /opt/airflow/dags/sales_pipeline_dag.py
[2026-06-07T19:39:42.475+0000] {processor.py:840} INFO - DAG(s) 'sales_pipeline' retrieved from /opt/airflow/dags/sales_pipeline_dag.py
[2026-06-07T19:39:42.533+0000] {logging_mixin.py:188} INFO - [2026-06-07T19:39:42.532+0000] {dag.py:3036} INFO - Sync 1 DAGs
[2026-06-07T19:39:42.576+0000] {logging_mixin.py:188} INFO - [2026-06-07T19:39:42.575+0000] {dag.py:3823} INFO - Setting next_dagrun for sales_pipeline to 2026-06-07 00:00:00+00:00, run_after=2026-06-08 00:00:00+00:00
[2026-06-07T19:39:42.615+0000] {processor.py:183} INFO - Processing /opt/airflow/dags/sales_pipeline_dag.py took 1.305 seconds
[2026-06-07T19:40:13.574+0000] {processor.py:161} INFO - Started process (PID=19927) to work on /opt/airflow/dags/sales_pipeline_dag.py
[2026-06-07T19:40:13.575+0000] {processor.py:830} INFO - Processing file /opt/airflow/dags/sales_pipeline_dag.py for tasks to queue
[2026-06-07T19:40:13.577+0000] {logging_mixin.py:188} INFO - [2026-06-07T19:40:13.576+0000] {dagbag.py:538} INFO - Filling up the DagBag from /opt/airflow/dags/sales_pipeline_dag.py
[2026-06-07T19:40:14.668+0000] {processor.py:840} INFO - DAG(s) 'sales_pipeline' retrieved from /opt/airflow/dags/sales_pipeline_dag.py
[2026-06-07T19:40:14.714+0000] {logging_mixin.py:188} INFO - [2026-06-07T19:40:14.714+0000] {dag.py:3036} INFO - Sync 1 DAGs
[2026-06-07T19:40:14.759+0000] {logging_mixin.py:188} INFO - [2026-06-07T19:40:14.758+0000] {dag.py:3823} INFO - Setting next_dagrun for sales_pipeline to 2026-06-07 00:00:00+00:00, run_after=2026-06-08 00:00:00+00:00
[2026-06-07T19:40:14.797+0000] {processor.py:183} INFO - Processing /opt/airflow/dags/sales_pipeline_dag.py took 1.227 seconds
[2026-06-07T19:40:45.780+0000] {processor.py:161} INFO - Started process (PID=19943) to work on /opt/airflow/dags/sales_pipeline_dag.py
[2026-06-07T19:40:45.781+0000] {processor.py:830} INFO - Processing file /opt/airflow/dags/sales_pipeline_dag.py for tasks to queue
[2026-06-07T19:40:45.784+0000] {logging_mixin.py:188} INFO - [2026-06-07T19:40:45.783+0000] {dagbag.py:538} INFO - Filling up the DagBag from /opt/airflow/dags/sales_pipeline_dag.py
[2026-06-07T19:40:46.955+0000] {processor.py:840} INFO - DAG(s) 'sales_pipeline' retrieved from /opt/airflow/dags/sales_pipeline_dag.py
[2026-06-07T19:40:47.016+0000] {logging_mixin.py:188} INFO - [2026-06-07T19:40:47.014+0000] {dag.py:3036} INFO - Sync 1 DAGs
[2026-06-07T19:40:47.117+0000] {logging_mixin.py:188} INFO - [2026-06-07T19:40:47.116+0000] {dag.py:3823} INFO - Setting next_dagrun for sales_pipeline to 2026-06-07 00:00:00+00:00, run_after=2026-06-08 00:00:00+00:00
[2026-06-07T19:40:47.253+0000] {processor.py:183} INFO - Processing /opt/airflow/dags/sales_pipeline_dag.py took 1.478 seconds
[2026-06-07T19:41:17.538+0000] {processor.py:161} INFO - Started process (PID=19959) to work on /opt/airflow/dags/sales_pipeline_dag.py
[2026-06-07T19:41:17.540+0000] {processor.py:830} INFO - Processing file /opt/airflow/dags/sales_pipeline_dag.py for tasks to queue
[2026-06-07T19:41:17.542+0000] {logging_mixin.py:188} INFO - [2026-06-07T19:41:17.541+0000] {dagbag.py:538} INFO - Filling up the DagBag from /opt/airflow/dags/sales_pipeline_dag.py
[2026-06-07T19:41:18.627+0000] {processor.py:840} INFO - DAG(s) 'sales_pipeline' retrieved from /opt/airflow/dags/sales_pipeline_dag.py
[2026-06-07T19:41:18.669+0000] {logging_mixin.py:188} INFO - [2026-06-07T19:41:18.668+0000] {dag.py:3036} INFO - Sync 1 DAGs
[2026-06-07T19:41:18.707+0000] {logging_mixin.py:188} INFO - [2026-06-07T19:41:18.706+0000] {dag.py:3823} INFO - Setting next_dagrun for sales_pipeline to 2026-06-07 00:00:00+00:00, run_after=2026-06-08 00:00:00+00:00
[2026-06-07T19:41:18.741+0000] {processor.py:183} INFO - Processing /opt/airflow/dags/sales_pipeline_dag.py took 1.208 seconds
[2026-06-07T19:41:49.766+0000] {processor.py:161} INFO - Started process (PID=19975) to work on /opt/airflow/dags/sales_pipeline_dag.py
[2026-06-07T19:41:49.768+0000] {processor.py:830} INFO - Processing file /opt/airflow/dags/sales_pipeline_dag.py for tasks to queue
[2026-06-07T19:41:49.770+0000] {logging_mixin.py:188} INFO - [2026-06-07T19:41:49.769+0000] {dagbag.py:538} INFO - Filling up the DagBag from /opt/airflow/dags/sales_pipeline_dag.py
[2026-06-07T19:41:51.166+0000] {processor.py:840} INFO - DAG(s) 'sales_pipeline' retrieved from /opt/airflow/dags/sales_pipeline_dag.py
[2026-06-07T19:41:51.223+0000] {logging_mixin.py:188} INFO - [2026-06-07T19:41:51.221+0000] {dag.py:3036} INFO - Sync 1 DAGs
[2026-06-07T19:41:51.262+0000] {logging_mixin.py:188} INFO - [2026-06-07T19:41:51.262+0000] {dag.py:3823} INFO - Setting next_dagrun for sales_pipeline to 2026-06-07 00:00:00+00:00, run_after=2026-06-08 00:00:00+00:00
[2026-06-07T19:41:51.554+0000] {processor.py:183} INFO - Processing /opt/airflow/dags/sales_pipeline_dag.py took 1.793 seconds
[2026-06-07T19:42:21.931+0000] {processor.py:161} INFO - Started process (PID=19991) to work on /opt/airflow/dags/sales_pipeline_dag.py
[2026-06-07T19:42:21.933+0000] {processor.py:830} INFO - Processing file /opt/airflow/dags/sales_pipeline_dag.py for tasks to queue
[2026-06-07T19:42:21.937+0000] {logging_mixin.py:188} INFO - [2026-06-07T19:42:21.936+0000] {dagbag.py:538} INFO - Filling up the DagBag from /opt/airflow/dags/sales_pipeline_dag.py
[2026-06-07T19:42:20.838+0000] {processor.py:840} INFO - DAG(s) 'sales_pipeline' retrieved from /opt/airflow/dags/sales_pipeline_dag.py
[2026-06-07T19:42:20.932+0000] {logging_mixin.py:188} INFO - [2026-06-07T19:42:20.931+0000] {dag.py:3036} INFO - Sync 1 DAGs
[2026-06-07T19:42:20.996+0000] {logging_mixin.py:188} INFO - [2026-06-07T19:42:20.995+0000] {dag.py:3823} INFO - Setting next_dagrun for sales_pipeline to 2026-06-07 00:00:00+00:00, run_after=2026-06-08 00:00:00+00:00
[2026-06-07T19:42:21.069+0000] {processor.py:183} INFO - Processing /opt/airflow/dags/sales_pipeline_dag.py took 1.874 seconds
[2026-06-07T19:42:51.556+0000] {processor.py:161} INFO - Started process (PID=20007) to work on /opt/airflow/dags/sales_pipeline_dag.py
[2026-06-07T19:42:51.559+0000] {processor.py:830} INFO - Processing file /opt/airflow/dags/sales_pipeline_dag.py for tasks to queue
[2026-06-07T19:42:51.562+0000] {logging_mixin.py:188} INFO - [2026-06-07T19:42:51.561+0000] {dagbag.py:538} INFO - Filling up the DagBag from /opt/airflow/dags/sales_pipeline_dag.py
[2026-06-07T19:42:53.162+0000] {processor.py:840} INFO - DAG(s) 'sales_pipeline' retrieved from /opt/airflow/dags/sales_pipeline_dag.py
[2026-06-07T19:42:53.225+0000] {logging_mixin.py:188} INFO - [2026-06-07T19:42:53.224+0000] {dag.py:3036} INFO - Sync 1 DAGs
[2026-06-07T19:42:53.281+0000] {logging_mixin.py:188} INFO - [2026-06-07T19:42:53.280+0000] {dag.py:3823} INFO - Setting next_dagrun for sales_pipeline to 2026-06-07 00:00:00+00:00, run_after=2026-06-08 00:00:00+00:00
[2026-06-07T19:42:53.324+0000] {processor.py:183} INFO - Processing /opt/airflow/dags/sales_pipeline_dag.py took 1.774 seconds
[2026-06-07T19:43:23.780+0000] {processor.py:161} INFO - Started process (PID=20023) to work on /opt/airflow/dags/sales_pipeline_dag.py
[2026-06-07T19:43:23.782+0000] {processor.py:830} INFO - Processing file /opt/airflow/dags/sales_pipeline_dag.py for tasks to queue
[2026-06-07T19:43:23.784+0000] {logging_mixin.py:188} INFO - [2026-06-07T19:43:23.784+0000] {dagbag.py:538} INFO - Filling up the DagBag from /opt/airflow/dags/sales_pipeline_dag.py
[2026-06-07T19:43:25.345+0000] {processor.py:840} INFO - DAG(s) 'sales_pipeline' retrieved from /opt/airflow/dags/sales_pipeline_dag.py
[2026-06-07T19:43:25.413+0000] {logging_mixin.py:188} INFO - [2026-06-07T19:43:25.412+0000] {dag.py:3036} INFO - Sync 1 DAGs
[2026-06-07T19:43:25.489+0000] {logging_mixin.py:188} INFO - [2026-06-07T19:43:25.488+0000] {dag.py:3823} INFO - Setting next_dagrun for sales_pipeline to 2026-06-07 00:00:00+00:00, run_after=2026-06-08 00:00:00+00:00
[2026-06-07T19:43:25.551+0000] {processor.py:183} INFO - Processing /opt/airflow/dags/sales_pipeline_dag.py took 1.777 seconds
[2026-06-07T19:43:55.944+0000] {processor.py:161} INFO - Started process (PID=20039) to work on /opt/airflow/dags/sales_pipeline_dag.py
[2026-06-07T19:43:55.947+0000] {processor.py:830} INFO - Processing file /opt/airflow/dags/sales_pipeline_dag.py for tasks to queue
[2026-06-07T19:43:55.950+0000] {logging_mixin.py:188} INFO - [2026-06-07T19:43:55.949+0000] {dagbag.py:538} INFO - Filling up the DagBag from /opt/airflow/dags/sales_pipeline_dag.py
[2026-06-07T19:43:57.664+0000] {processor.py:840} INFO - DAG(s) 'sales_pipeline' retrieved from /opt/airflow/dags/sales_pipeline_dag.py
[2026-06-07T19:43:57.740+0000] {logging_mixin.py:188} INFO - [2026-06-07T19:43:57.739+0000] {dag.py:3036} INFO - Sync 1 DAGs
[2026-06-07T19:43:57.801+0000] {logging_mixin.py:188} INFO - [2026-06-07T19:43:57.800+0000] {dag.py:3823} INFO - Setting next_dagrun for sales_pipeline to 2026-06-07 00:00:00+00:00, run_after=2026-06-08 00:00:00+00:00
[2026-06-07T19:43:57.848+0000] {processor.py:183} INFO - Processing /opt/airflow/dags/sales_pipeline_dag.py took 1.910 seconds
[2026-06-07T19:44:28.163+0000] {processor.py:161} INFO - Started process (PID=20055) to work on /opt/airflow/dags/sales_pipeline_dag.py
[2026-06-07T19:44:28.165+0000] {processor.py:830} INFO - Processing file /opt/airflow/dags/sales_pipeline_dag.py for tasks to queue
[2026-06-07T19:44:28.167+0000] {logging_mixin.py:188} INFO - [2026-06-07T19:44:28.167+0000] {dagbag.py:538} INFO - Filling up the DagBag from /opt/airflow/dags/sales_pipeline_dag.py
[2026-06-07T19:44:29.792+0000] {processor.py:840} INFO - DAG(s) 'sales_pipeline' retrieved from /opt/airflow/dags/sales_pipeline_dag.py
[2026-06-07T19:44:29.927+0000] {logging_mixin.py:188} INFO - [2026-06-07T19:44:29.924+0000] {dag.py:3036} INFO - Sync 1 DAGs
[2026-06-07T19:44:30.000+0000] {logging_mixin.py:188} INFO - [2026-06-07T19:44:30.000+0000] {dag.py:3823} INFO - Setting next_dagrun for sales_pipeline to 2026-06-07 00:00:00+00:00, run_after=2026-06-08 00:00:00+00:00
[2026-06-07T19:44:30.050+0000] {processor.py:183} INFO - Processing /opt/airflow/dags/sales_pipeline_dag.py took 1.892 seconds
[2026-06-07T19:45:00.648+0000] {processor.py:161} INFO - Started process (PID=20079) to work on /opt/airflow/dags/sales_pipeline_dag.py
[2026-06-07T19:45:00.651+0000] {processor.py:830} INFO - Processing file /opt/airflow/dags/sales_pipeline_dag.py for tasks to queue
[2026-06-07T19:45:00.654+0000] {logging_mixin.py:188} INFO - [2026-06-07T19:45:00.653+0000] {dagbag.py:538} INFO - Filling up the DagBag from /opt/airflow/dags/sales_pipeline_dag.py
[2026-06-07T19:45:02.468+0000] {processor.py:840} INFO - DAG(s) 'sales_pipeline' retrieved from /opt/airflow/dags/sales_pipeline_dag.py
[2026-06-07T19:45:02.535+0000] {logging_mixin.py:188} INFO - [2026-06-07T19:45:02.534+0000] {dag.py:3036} INFO - Sync 1 DAGs
[2026-06-07T19:45:02.598+0000] {logging_mixin.py:188} INFO - [2026-06-07T19:45:02.597+0000] {dag.py:3823} INFO - Setting next_dagrun for sales_pipeline to 2026-06-07 00:00:00+00:00, run_after=2026-06-08 00:00:00+00:00
[2026-06-07T19:45:02.643+0000] {processor.py:183} INFO - Processing /opt/airflow/dags/sales_pipeline_dag.py took 2.007 seconds
[2026-06-07T19:45:32.765+0000] {processor.py:161} INFO - Started process (PID=20097) to work on /opt/airflow/dags/sales_pipeline_dag.py
[2026-06-07T19:45:32.768+0000] {processor.py:830} INFO - Processing file /opt/airflow/dags/sales_pipeline_dag.py for tasks to queue
[2026-06-07T19:45:32.771+0000] {logging_mixin.py:188} INFO - [2026-06-07T19:45:32.770+0000] {dagbag.py:538} INFO - Filling up the DagBag from /opt/airflow/dags/sales_pipeline_dag.py
[2026-06-07T19:45:34.217+0000] {processor.py:840} INFO - DAG(s) 'sales_pipeline' retrieved from /opt/airflow/dags/sales_pipeline_dag.py
[2026-06-07T19:45:34.275+0000] {logging_mixin.py:188} INFO - [2026-06-07T19:45:34.274+0000] {dag.py:3036} INFO - Sync 1 DAGs
[2026-06-07T19:45:34.329+0000] {logging_mixin.py:188} INFO - [2026-06-07T19:45:34.329+0000] {dag.py:3823} INFO - Setting next_dagrun for sales_pipeline to 2026-06-07 00:00:00+00:00, run_after=2026-06-08 00:00:00+00:00
[2026-06-07T19:45:34.387+0000] {processor.py:183} INFO - Processing /opt/airflow/dags/sales_pipeline_dag.py took 1.629 seconds
[2026-06-07T19:46:05.365+0000] {processor.py:161} INFO - Started process (PID=20113) to work on /opt/airflow/dags/sales_pipeline_dag.py
[2026-06-07T19:46:05.368+0000] {processor.py:830} INFO - Processing file /opt/airflow/dags/sales_pipeline_dag.py for tasks to queue
[2026-06-07T19:46:05.372+0000] {logging_mixin.py:188} INFO - [2026-06-07T19:46:05.371+0000] {dagbag.py:538} INFO - Filling up the DagBag from /opt/airflow/dags/sales_pipeline_dag.py
[2026-06-07T19:46:07.010+0000] {processor.py:840} INFO - DAG(s) 'sales_pipeline' retrieved from /opt/airflow/dags/sales_pipeline_dag.py
[2026-06-07T19:46:07.068+0000] {logging_mixin.py:188} INFO - [2026-06-07T19:46:07.068+0000] {dag.py:3036} INFO - Sync 1 DAGs
[2026-06-07T19:46:07.134+0000] {logging_mixin.py:188} INFO - [2026-06-07T19:46:07.133+0000] {dag.py:3823} INFO - Setting next_dagrun for sales_pipeline to 2026-06-07 00:00:00+00:00, run_after=2026-06-08 00:00:00+00:00
[2026-06-07T19:46:07.189+0000] {processor.py:183} INFO - Processing /opt/airflow/dags/sales_pipeline_dag.py took 1.835 seconds
[2026-06-07T19:46:37.708+0000] {processor.py:161} INFO - Started process (PID=20129) to work on /opt/airflow/dags/sales_pipeline_dag.py
[2026-06-07T19:46:37.711+0000] {processor.py:830} INFO - Processing file /opt/airflow/dags/sales_pipeline_dag.py for tasks to queue
[2026-06-07T19:46:37.714+0000] {logging_mixin.py:188} INFO - [2026-06-07T19:46:37.713+0000] {dagbag.py:538} INFO - Filling up the DagBag from /opt/airflow/dags/sales_pipeline_dag.py
[2026-06-07T19:46:39.129+0000] {processor.py:840} INFO - DAG(s) 'sales_pipeline' retrieved from /opt/airflow/dags/sales_pipeline_dag.py
[2026-06-07T19:46:39.194+0000] {logging_mixin.py:188} INFO - [2026-06-07T19:46:39.193+0000] {dag.py:3036} INFO - Sync 1 DAGs
[2026-06-07T19:46:39.272+0000] {logging_mixin.py:188} INFO - [2026-06-07T19:46:39.271+0000] {dag.py:3823} INFO - Setting next_dagrun for sales_pipeline to 2026-06-07 00:00:00+00:00, run_after=2026-06-08 00:00:00+00:00
[2026-06-07T19:46:39.332+0000] {processor.py:183} INFO - Processing /opt/airflow/dags/sales_pipeline_dag.py took 1.634 seconds
[2026-06-07T19:47:09.911+0000] {processor.py:161} INFO - Started process (PID=20145) to work on /opt/airflow/dags/sales_pipeline_dag.py
[2026-06-07T19:47:09.914+0000] {processor.py:830} INFO - Processing file /opt/airflow/dags/sales_pipeline_dag.py for tasks to queue
[2026-06-07T19:47:09.917+0000] {logging_mixin.py:188} INFO - [2026-06-07T19:47:09.916+0000] {dagbag.py:538} INFO - Filling up the DagBag from /opt/airflow/dags/sales_pipeline_dag.py
[2026-06-07T19:47:11.482+0000] {processor.py:840} INFO - DAG(s) 'sales_pipeline' retrieved from /opt/airflow/dags/sales_pipeline_dag.py
[2026-06-07T19:47:11.538+0000] {logging_mixin.py:188} INFO - [2026-06-07T19:47:11.536+0000] {dag.py:3036} INFO - Sync 1 DAGs
[2026-06-07T19:47:11.590+0000] {logging_mixin.py:188} INFO - [2026-06-07T19:47:11.590+0000] {dag.py:3823} INFO - Setting next_dagrun for sales_pipeline to 2026-06-07 00:00:00+00:00, run_after=2026-06-08 00:00:00+00:00
[2026-06-07T19:47:11.633+0000] {processor.py:183} INFO - Processing /opt/airflow/dags/sales_pipeline_dag.py took 1.731 seconds
[2026-06-07T19:47:41.874+0000] {processor.py:161} INFO - Started process (PID=20161) to work on /opt/airflow/dags/sales_pipeline_dag.py
[2026-06-07T19:47:41.876+0000] {processor.py:830} INFO - Processing file /opt/airflow/dags/sales_pipeline_dag.py for tasks to queue
[2026-06-07T19:47:41.878+0000] {logging_mixin.py:188} INFO - [2026-06-07T19:47:41.877+0000] {dagbag.py:538} INFO - Filling up the DagBag from /opt/airflow/dags/sales_pipeline_dag.py
[2026-06-07T19:47:43.446+0000] {processor.py:840} INFO - DAG(s) 'sales_pipeline' retrieved from /opt/airflow/dags/sales_pipeline_dag.py
[2026-06-07T19:47:43.499+0000] {logging_mixin.py:188} INFO - [2026-06-07T19:47:43.498+0000] {dag.py:3036} INFO - Sync 1 DAGs
[2026-06-07T19:47:43.541+0000] {logging_mixin.py:188} INFO - [2026-06-07T19:47:43.540+0000] {dag.py:3823} INFO - Setting next_dagrun for sales_pipeline to 2026-06-07 00:00:00+00:00, run_after=2026-06-08 00:00:00+00:00
[2026-06-07T19:47:43.581+0000] {processor.py:183} INFO - Processing /opt/airflow/dags/sales_pipeline_dag.py took 1.713 seconds
[2026-06-07T19:48:13.941+0000] {processor.py:161} INFO - Started process (PID=20177) to work on /opt/airflow/dags/sales_pipeline_dag.py
[2026-06-07T19:48:13.942+0000] {processor.py:830} INFO - Processing file /opt/airflow/dags/sales_pipeline_dag.py for tasks to queue
[2026-06-07T19:48:13.945+0000] {logging_mixin.py:188} INFO - [2026-06-07T19:48:13.944+0000] {dagbag.py:538} INFO - Filling up the DagBag from /opt/airflow/dags/sales_pipeline_dag.py
[2026-06-07T19:48:15.285+0000] {processor.py:840} INFO - DAG(s) 'sales_pipeline' retrieved from /opt/airflow/dags/sales_pipeline_dag.py
[2026-06-07T19:48:15.334+0000] {logging_mixin.py:188} INFO - [2026-06-07T19:48:15.333+0000] {dag.py:3036} INFO - Sync 1 DAGs
[2026-06-07T19:48:15.381+0000] {logging_mixin.py:188} INFO - [2026-06-07T19:48:15.380+0000] {dag.py:3823} INFO - Setting next_dagrun for sales_pipeline to 2026-06-07 00:00:00+00:00, run_after=2026-06-08 00:00:00+00:00
[2026-06-07T19:48:15.425+0000] {processor.py:183} INFO - Processing /opt/airflow/dags/sales_pipeline_dag.py took 1.490 seconds
[2026-06-07T19:48:47.615+0000] {processor.py:161} INFO - Started process (PID=20193) to work on /opt/airflow/dags/sales_pipeline_dag.py
[2026-06-07T19:48:47.617+0000] {processor.py:830} INFO - Processing file /opt/airflow/dags/sales_pipeline_dag.py for tasks to queue
[2026-06-07T19:48:43.054+0000] {logging_mixin.py:188} INFO - [2026-06-07T19:48:47.619+0000] {dagbag.py:538} INFO - Filling up the DagBag from /opt/airflow/dags/sales_pipeline_dag.py
[2026-06-07T19:48:44.610+0000] {processor.py:840} INFO - DAG(s) 'sales_pipeline' retrieved from /opt/airflow/dags/sales_pipeline_dag.py
[2026-06-07T19:48:44.664+0000] {logging_mixin.py:188} INFO - [2026-06-07T19:48:44.663+0000] {dag.py:3036} INFO - Sync 1 DAGs
[2026-06-07T19:48:44.708+0000] {logging_mixin.py:188} INFO - [2026-06-07T19:48:44.707+0000] {dag.py:3823} INFO - Setting next_dagrun for sales_pipeline to 2026-06-07 00:00:00+00:00, run_after=2026-06-08 00:00:00+00:00
[2026-06-07T19:48:44.747+0000] {processor.py:183} INFO - Processing /opt/airflow/dags/sales_pipeline_dag.py took 1.704 seconds
[2026-06-07T19:49:15.329+0000] {processor.py:161} INFO - Started process (PID=20209) to work on /opt/airflow/dags/sales_pipeline_dag.py
[2026-06-07T19:49:15.331+0000] {processor.py:830} INFO - Processing file /opt/airflow/dags/sales_pipeline_dag.py for tasks to queue
[2026-06-07T19:49:15.334+0000] {logging_mixin.py:188} INFO - [2026-06-07T19:49:15.333+0000] {dagbag.py:538} INFO - Filling up the DagBag from /opt/airflow/dags/sales_pipeline_dag.py
[2026-06-07T19:49:16.857+0000] {processor.py:840} INFO - DAG(s) 'sales_pipeline' retrieved from /opt/airflow/dags/sales_pipeline_dag.py
[2026-06-07T19:49:16.950+0000] {logging_mixin.py:188} INFO - [2026-06-07T19:49:16.948+0000] {dag.py:3036} INFO - Sync 1 DAGs
[2026-06-07T19:49:17.040+0000] {logging_mixin.py:188} INFO - [2026-06-07T19:49:17.039+0000] {dag.py:3823} INFO - Setting next_dagrun for sales_pipeline to 2026-06-07 00:00:00+00:00, run_after=2026-06-08 00:00:00+00:00
[2026-06-07T19:49:17.113+0000] {processor.py:183} INFO - Processing /opt/airflow/dags/sales_pipeline_dag.py took 1.793 seconds
[2026-06-07T19:49:47.546+0000] {processor.py:161} INFO - Started process (PID=20225) to work on /opt/airflow/dags/sales_pipeline_dag.py
[2026-06-07T19:49:47.548+0000] {processor.py:830} INFO - Processing file /opt/airflow/dags/sales_pipeline_dag.py for tasks to queue
[2026-06-07T19:49:47.550+0000] {logging_mixin.py:188} INFO - [2026-06-07T19:49:47.549+0000] {dagbag.py:538} INFO - Filling up the DagBag from /opt/airflow/dags/sales_pipeline_dag.py
[2026-06-07T19:49:49.064+0000] {processor.py:840} INFO - DAG(s) 'sales_pipeline' retrieved from /opt/airflow/dags/sales_pipeline_dag.py
[2026-06-07T19:49:49.117+0000] {logging_mixin.py:188} INFO - [2026-06-07T19:49:49.116+0000] {dag.py:3036} INFO - Sync 1 DAGs
[2026-06-07T19:49:49.170+0000] {logging_mixin.py:188} INFO - [2026-06-07T19:49:49.170+0000] {dag.py:3823} INFO - Setting next_dagrun for sales_pipeline to 2026-06-07 00:00:00+00:00, run_after=2026-06-08 00:00:00+00:00
[2026-06-07T19:49:49.224+0000] {processor.py:183} INFO - Processing /opt/airflow/dags/sales_pipeline_dag.py took 1.684 seconds
[2026-06-07T19:50:19.861+0000] {processor.py:161} INFO - Started process (PID=20241) to work on /opt/airflow/dags/sales_pipeline_dag.py
[2026-06-07T19:50:19.863+0000] {processor.py:830} INFO - Processing file /opt/airflow/dags/sales_pipeline_dag.py for tasks to queue
[2026-06-07T19:50:19.866+0000] {logging_mixin.py:188} INFO - [2026-06-07T19:50:19.865+0000] {dagbag.py:538} INFO - Filling up the DagBag from /opt/airflow/dags/sales_pipeline_dag.py
[2026-06-07T19:50:21.371+0000] {processor.py:840} INFO - DAG(s) 'sales_pipeline' retrieved from /opt/airflow/dags/sales_pipeline_dag.py
[2026-06-07T19:50:21.426+0000] {logging_mixin.py:188} INFO - [2026-06-07T19:50:21.425+0000] {dag.py:3036} INFO - Sync 1 DAGs
[2026-06-07T19:50:21.471+0000] {logging_mixin.py:188} INFO - [2026-06-07T19:50:21.470+0000] {dag.py:3823} INFO - Setting next_dagrun for sales_pipeline to 2026-06-07 00:00:00+00:00, run_after=2026-06-08 00:00:00+00:00
[2026-06-07T19:50:21.525+0000] {processor.py:183} INFO - Processing /opt/airflow/dags/sales_pipeline_dag.py took 1.670 seconds
[2026-06-07T19:50:51.994+0000] {processor.py:161} INFO - Started process (PID=20257) to work on /opt/airflow/dags/sales_pipeline_dag.py
[2026-06-07T19:50:51.996+0000] {processor.py:830} INFO - Processing file /opt/airflow/dags/sales_pipeline_dag.py for tasks to queue
[2026-06-07T19:50:51.998+0000] {logging_mixin.py:188} INFO - [2026-06-07T19:50:51.998+0000] {dagbag.py:538} INFO - Filling up the DagBag from /opt/airflow/dags/sales_pipeline_dag.py
[2026-06-07T19:50:53.468+0000] {processor.py:840} INFO - DAG(s) 'sales_pipeline' retrieved from /opt/airflow/dags/sales_pipeline_dag.py
[2026-06-07T19:50:53.538+0000] {logging_mixin.py:188} INFO - [2026-06-07T19:50:53.537+0000] {dag.py:3036} INFO - Sync 1 DAGs
[2026-06-07T19:50:53.610+0000] {logging_mixin.py:188} INFO - [2026-06-07T19:50:53.609+0000] {dag.py:3823} INFO - Setting next_dagrun for sales_pipeline to 2026-06-07 00:00:00+00:00, run_after=2026-06-08 00:00:00+00:00
[2026-06-07T19:50:53.653+0000] {processor.py:183} INFO - Processing /opt/airflow/dags/sales_pipeline_dag.py took 1.664 seconds
[2026-06-07T19:51:24.481+0000] {processor.py:161} INFO - Started process (PID=20273) to work on /opt/airflow/dags/sales_pipeline_dag.py
[2026-06-07T19:51:24.484+0000] {processor.py:830} INFO - Processing file /opt/airflow/dags/sales_pipeline_dag.py for tasks to queue
[2026-06-07T19:51:24.487+0000] {logging_mixin.py:188} INFO - [2026-06-07T19:51:24.486+0000] {dagbag.py:538} INFO - Filling up the DagBag from /opt/airflow/dags/sales_pipeline_dag.py
[2026-06-07T19:51:26.128+0000] {processor.py:840} INFO - DAG(s) 'sales_pipeline' retrieved from /opt/airflow/dags/sales_pipeline_dag.py
[2026-06-07T19:51:26.185+0000] {logging_mixin.py:188} INFO - [2026-06-07T19:51:26.184+0000] {dag.py:3036} INFO - Sync 1 DAGs
[2026-06-07T19:51:26.231+0000] {logging_mixin.py:188} INFO - [2026-06-07T19:51:26.231+0000] {dag.py:3823} INFO - Setting next_dagrun for sales_pipeline to 2026-06-07 00:00:00+00:00, run_after=2026-06-08 00:00:00+00:00
[2026-06-07T19:51:26.277+0000] {processor.py:183} INFO - Processing /opt/airflow/dags/sales_pipeline_dag.py took 1.803 seconds
[2026-06-07T19:51:56.483+0000] {processor.py:161} INFO - Started process (PID=20289) to work on /opt/airflow/dags/sales_pipeline_dag.py
[2026-06-07T19:51:56.485+0000] {processor.py:830} INFO - Processing file /opt/airflow/dags/sales_pipeline_dag.py for tasks to queue
[2026-06-07T19:51:56.488+0000] {logging_mixin.py:188} INFO - [2026-06-07T19:51:56.487+0000] {dagbag.py:538} INFO - Filling up the DagBag from /opt/airflow/dags/sales_pipeline_dag.py
[2026-06-07T19:51:55.457+0000] {processor.py:840} INFO - DAG(s) 'sales_pipeline' retrieved from /opt/airflow/dags/sales_pipeline_dag.py
[2026-06-07T19:51:55.529+0000] {logging_mixin.py:188} INFO - [2026-06-07T19:51:55.527+0000] {dag.py:3036} INFO - Sync 1 DAGs
[2026-06-07T19:51:55.606+0000] {logging_mixin.py:188} INFO - [2026-06-07T19:51:55.605+0000] {dag.py:3823} INFO - Setting next_dagrun for sales_pipeline to 2026-06-07 00:00:00+00:00, run_after=2026-06-08 00:00:00+00:00
[2026-06-07T19:51:55.642+0000] {processor.py:183} INFO - Processing /opt/airflow/dags/sales_pipeline_dag.py took 1.848 seconds
[2026-06-07T19:52:26.170+0000] {processor.py:161} INFO - Started process (PID=20305) to work on /opt/airflow/dags/sales_pipeline_dag.py
[2026-06-07T19:52:26.173+0000] {processor.py:830} INFO - Processing file /opt/airflow/dags/sales_pipeline_dag.py for tasks to queue
[2026-06-07T19:52:26.176+0000] {logging_mixin.py:188} INFO - [2026-06-07T19:52:26.175+0000] {dagbag.py:538} INFO - Filling up the DagBag from /opt/airflow/dags/sales_pipeline_dag.py
[2026-06-07T19:52:27.531+0000] {processor.py:840} INFO - DAG(s) 'sales_pipeline' retrieved from /opt/airflow/dags/sales_pipeline_dag.py
[2026-06-07T19:52:27.584+0000] {logging_mixin.py:188} INFO - [2026-06-07T19:52:27.583+0000] {dag.py:3036} INFO - Sync 1 DAGs
[2026-06-07T19:52:27.645+0000] {logging_mixin.py:188} INFO - [2026-06-07T19:52:27.644+0000] {dag.py:3823} INFO - Setting next_dagrun for sales_pipeline to 2026-06-07 00:00:00+00:00, run_after=2026-06-08 00:00:00+00:00
[2026-06-07T19:52:27.699+0000] {processor.py:183} INFO - Processing /opt/airflow/dags/sales_pipeline_dag.py took 1.535 seconds
[2026-06-07T19:52:58.868+0000] {processor.py:161} INFO - Started process (PID=20321) to work on /opt/airflow/dags/sales_pipeline_dag.py
[2026-06-07T19:52:58.870+0000] {processor.py:830} INFO - Processing file /opt/airflow/dags/sales_pipeline_dag.py for tasks to queue
[2026-06-07T19:52:58.873+0000] {logging_mixin.py:188} INFO - [2026-06-07T19:52:58.872+0000] {dagbag.py:538} INFO - Filling up the DagBag from /opt/airflow/dags/sales_pipeline_dag.py
[2026-06-07T19:53:00.632+0000] {processor.py:840} INFO - DAG(s) 'sales_pipeline' retrieved from /opt/airflow/dags/sales_pipeline_dag.py
[2026-06-07T19:53:00.691+0000] {logging_mixin.py:188} INFO - [2026-06-07T19:53:00.690+0000] {dag.py:3036} INFO - Sync 1 DAGs
[2026-06-07T19:53:00.744+0000] {logging_mixin.py:188} INFO - [2026-06-07T19:53:00.744+0000] {dag.py:3823} INFO - Setting next_dagrun for sales_pipeline to 2026-06-07 00:00:00+00:00, run_after=2026-06-08 00:00:00+00:00
[2026-06-07T19:53:00.787+0000] {processor.py:183} INFO - Processing /opt/airflow/dags/sales_pipeline_dag.py took 1.924 seconds
[2026-06-07T19:53:31.443+0000] {processor.py:161} INFO - Started process (PID=20337) to work on /opt/airflow/dags/sales_pipeline_dag.py
[2026-06-07T19:53:31.446+0000] {processor.py:830} INFO - Processing file /opt/airflow/dags/sales_pipeline_dag.py for tasks to queue
[2026-06-07T19:53:31.449+0000] {logging_mixin.py:188} INFO - [2026-06-07T19:53:31.448+0000] {dagbag.py:538} INFO - Filling up the DagBag from /opt/airflow/dags/sales_pipeline_dag.py
[2026-06-07T19:53:32.894+0000] {processor.py:840} INFO - DAG(s) 'sales_pipeline' retrieved from /opt/airflow/dags/sales_pipeline_dag.py
[2026-06-07T19:53:32.946+0000] {logging_mixin.py:188} INFO - [2026-06-07T19:53:32.945+0000] {dag.py:3036} INFO - Sync 1 DAGs
[2026-06-07T19:53:32.991+0000] {logging_mixin.py:188} INFO - [2026-06-07T19:53:32.991+0000] {dag.py:3823} INFO - Setting next_dagrun for sales_pipeline to 2026-06-07 00:00:00+00:00, run_after=2026-06-08 00:00:00+00:00
[2026-06-07T19:53:33.031+0000] {processor.py:183} INFO - Processing /opt/airflow/dags/sales_pipeline_dag.py took 1.596 seconds
[2026-06-07T19:54:03.266+0000] {processor.py:161} INFO - Started process (PID=20353) to work on /opt/airflow/dags/sales_pipeline_dag.py
[2026-06-07T19:54:03.269+0000] {processor.py:830} INFO - Processing file /opt/airflow/dags/sales_pipeline_dag.py for tasks to queue
[2026-06-07T19:54:03.271+0000] {logging_mixin.py:188} INFO - [2026-06-07T19:54:03.270+0000] {dagbag.py:538} INFO - Filling up the DagBag from /opt/airflow/dags/sales_pipeline_dag.py
[2026-06-07T19:54:04.822+0000] {processor.py:840} INFO - DAG(s) 'sales_pipeline' retrieved from /opt/airflow/dags/sales_pipeline_dag.py
[2026-06-07T19:54:04.876+0000] {logging_mixin.py:188} INFO - [2026-06-07T19:54:04.875+0000] {dag.py:3036} INFO - Sync 1 DAGs
[2026-06-07T19:54:04.922+0000] {logging_mixin.py:188} INFO - [2026-06-07T19:54:04.921+0000] {dag.py:3823} INFO - Setting next_dagrun for sales_pipeline to 2026-06-07 00:00:00+00:00, run_after=2026-06-08 00:00:00+00:00
[2026-06-07T19:54:04.967+0000] {processor.py:183} INFO - Processing /opt/airflow/dags/sales_pipeline_dag.py took 1.707 seconds
[2026-06-07T19:54:35.180+0000] {processor.py:161} INFO - Started process (PID=20369) to work on /opt/airflow/dags/sales_pipeline_dag.py
[2026-06-07T19:54:35.183+0000] {processor.py:830} INFO - Processing file /opt/airflow/dags/sales_pipeline_dag.py for tasks to queue
[2026-06-07T19:54:35.186+0000] {logging_mixin.py:188} INFO - [2026-06-07T19:54:35.185+0000] {dagbag.py:538} INFO - Filling up the DagBag from /opt/airflow/dags/sales_pipeline_dag.py
[2026-06-07T19:54:36.583+0000] {processor.py:840} INFO - DAG(s) 'sales_pipeline' retrieved from /opt/airflow/dags/sales_pipeline_dag.py
[2026-06-07T19:54:36.638+0000] {logging_mixin.py:188} INFO - [2026-06-07T19:54:36.637+0000] {dag.py:3036} INFO - Sync 1 DAGs
[2026-06-07T19:54:36.683+0000] {logging_mixin.py:188} INFO - [2026-06-07T19:54:36.682+0000] {dag.py:3823} INFO - Setting next_dagrun for sales_pipeline to 2026-06-07 00:00:00+00:00, run_after=2026-06-08 00:00:00+00:00
[2026-06-07T19:54:36.722+0000] {processor.py:183} INFO - Processing /opt/airflow/dags/sales_pipeline_dag.py took 1.551 seconds
[2026-06-07T19:55:06.938+0000] {processor.py:161} INFO - Started process (PID=20385) to work on /opt/airflow/dags/sales_pipeline_dag.py
[2026-06-07T19:55:06.941+0000] {processor.py:830} INFO - Processing file /opt/airflow/dags/sales_pipeline_dag.py for tasks to queue
[2026-06-07T19:55:06.945+0000] {logging_mixin.py:188} INFO - [2026-06-07T19:55:06.944+0000] {dagbag.py:538} INFO - Filling up the DagBag from /opt/airflow/dags/sales_pipeline_dag.py
[2026-06-07T19:55:05.844+0000] {processor.py:840} INFO - DAG(s) 'sales_pipeline' retrieved from /opt/airflow/dags/sales_pipeline_dag.py
[2026-06-07T19:55:05.921+0000] {logging_mixin.py:188} INFO - [2026-06-07T19:55:05.920+0000] {dag.py:3036} INFO - Sync 1 DAGs
[2026-06-07T19:55:06.003+0000] {logging_mixin.py:188} INFO - [2026-06-07T19:55:06.002+0000] {dag.py:3823} INFO - Setting next_dagrun for sales_pipeline to 2026-06-07 00:00:00+00:00, run_after=2026-06-08 00:00:00+00:00
[2026-06-07T19:55:06.069+0000] {processor.py:183} INFO - Processing /opt/airflow/dags/sales_pipeline_dag.py took 1.870 seconds
[2026-06-07T19:55:33.125+0000] {processor.py:161} INFO - Started process (PID=20401) to work on /opt/airflow/dags/sales_pipeline_dag.py
[2026-06-07T19:55:33.128+0000] {processor.py:830} INFO - Processing file /opt/airflow/dags/sales_pipeline_dag.py for tasks to queue
[2026-06-07T19:55:33.131+0000] {logging_mixin.py:188} INFO - [2026-06-07T19:55:33.130+0000] {dagbag.py:538} INFO - Filling up the DagBag from /opt/airflow/dags/sales_pipeline_dag.py
[2026-06-07T19:55:34.626+0000] {processor.py:840} INFO - DAG(s) 'sales_pipeline' retrieved from /opt/airflow/dags/sales_pipeline_dag.py
[2026-06-07T19:55:34.687+0000] {logging_mixin.py:188} INFO - [2026-06-07T19:55:34.686+0000] {dag.py:3036} INFO - Sync 1 DAGs
[2026-06-07T19:55:34.735+0000] {logging_mixin.py:188} INFO - [2026-06-07T19:55:34.734+0000] {dag.py:3823} INFO - Setting next_dagrun for sales_pipeline to 2026-06-07 00:00:00+00:00, run_after=2026-06-08 00:00:00+00:00
[2026-06-07T19:55:34.796+0000] {processor.py:183} INFO - Processing /opt/airflow/dags/sales_pipeline_dag.py took 1.678 seconds
[2026-06-07T19:56:05.487+0000] {processor.py:161} INFO - Started process (PID=20417) to work on /opt/airflow/dags/sales_pipeline_dag.py
[2026-06-07T19:56:05.489+0000] {processor.py:830} INFO - Processing file /opt/airflow/dags/sales_pipeline_dag.py for tasks to queue
[2026-06-07T19:56:05.492+0000] {logging_mixin.py:188} INFO - [2026-06-07T19:56:05.491+0000] {dagbag.py:538} INFO - Filling up the DagBag from /opt/airflow/dags/sales_pipeline_dag.py
[2026-06-07T19:56:07.118+0000] {processor.py:840} INFO - DAG(s) 'sales_pipeline' retrieved from /opt/airflow/dags/sales_pipeline_dag.py
[2026-06-07T19:56:07.182+0000] {logging_mixin.py:188} INFO - [2026-06-07T19:56:07.181+0000] {dag.py:3036} INFO - Sync 1 DAGs
[2026-06-07T19:56:07.240+0000] {logging_mixin.py:188} INFO - [2026-06-07T19:56:07.239+0000] {dag.py:3823} INFO - Setting next_dagrun for sales_pipeline to 2026-06-07 00:00:00+00:00, run_after=2026-06-08 00:00:00+00:00
[2026-06-07T19:56:07.294+0000] {processor.py:183} INFO - Processing /opt/airflow/dags/sales_pipeline_dag.py took 1.815 seconds
[2026-06-07T19:56:38.244+0000] {processor.py:161} INFO - Started process (PID=20433) to work on /opt/airflow/dags/sales_pipeline_dag.py
[2026-06-07T19:56:38.247+0000] {processor.py:830} INFO - Processing file /opt/airflow/dags/sales_pipeline_dag.py for tasks to queue
[2026-06-07T19:56:38.250+0000] {logging_mixin.py:188} INFO - [2026-06-07T19:56:38.249+0000] {dagbag.py:538} INFO - Filling up the DagBag from /opt/airflow/dags/sales_pipeline_dag.py
[2026-06-07T19:56:39.869+0000] {processor.py:840} INFO - DAG(s) 'sales_pipeline' retrieved from /opt/airflow/dags/sales_pipeline_dag.py
[2026-06-07T19:56:39.924+0000] {logging_mixin.py:188} INFO - [2026-06-07T19:56:39.923+0000] {dag.py:3036} INFO - Sync 1 DAGs
[2026-06-07T19:56:39.991+0000] {logging_mixin.py:188} INFO - [2026-06-07T19:56:39.990+0000] {dag.py:3823} INFO - Setting next_dagrun for sales_pipeline to 2026-06-07 00:00:00+00:00, run_after=2026-06-08 00:00:00+00:00
[2026-06-07T19:56:40.042+0000] {processor.py:183} INFO - Processing /opt/airflow/dags/sales_pipeline_dag.py took 1.805 seconds
[2026-06-07T19:57:11.068+0000] {processor.py:161} INFO - Started process (PID=20449) to work on /opt/airflow/dags/sales_pipeline_dag.py
[2026-06-07T19:57:11.070+0000] {processor.py:830} INFO - Processing file /opt/airflow/dags/sales_pipeline_dag.py for tasks to queue
[2026-06-07T19:57:11.072+0000] {logging_mixin.py:188} INFO - [2026-06-07T19:57:11.071+0000] {dagbag.py:538} INFO - Filling up the DagBag from /opt/airflow/dags/sales_pipeline_dag.py
[2026-06-07T19:57:12.496+0000] {processor.py:840} INFO - DAG(s) 'sales_pipeline' retrieved from /opt/airflow/dags/sales_pipeline_dag.py
[2026-06-07T19:57:12.558+0000] {logging_mixin.py:188} INFO - [2026-06-07T19:57:12.557+0000] {dag.py:3036} INFO - Sync 1 DAGs
[2026-06-07T19:57:12.612+0000] {logging_mixin.py:188} INFO - [2026-06-07T19:57:12.611+0000] {dag.py:3823} INFO - Setting next_dagrun for sales_pipeline to 2026-06-07 00:00:00+00:00, run_after=2026-06-08 00:00:00+00:00
[2026-06-07T19:57:12.657+0000] {processor.py:183} INFO - Processing /opt/airflow/dags/sales_pipeline_dag.py took 1.593 seconds
[2026-06-07T19:57:43.524+0000] {processor.py:161} INFO - Started process (PID=20465) to work on /opt/airflow/dags/sales_pipeline_dag.py
[2026-06-07T19:57:43.526+0000] {processor.py:830} INFO - Processing file /opt/airflow/dags/sales_pipeline_dag.py for tasks to queue
[2026-06-07T19:57:43.529+0000] {logging_mixin.py:188} INFO - [2026-06-07T19:57:43.529+0000] {dagbag.py:538} INFO - Filling up the DagBag from /opt/airflow/dags/sales_pipeline_dag.py
[2026-06-07T19:57:45.043+0000] {processor.py:840} INFO - DAG(s) 'sales_pipeline' retrieved from /opt/airflow/dags/sales_pipeline_dag.py
[2026-06-07T19:57:45.098+0000] {logging_mixin.py:188} INFO - [2026-06-07T19:57:45.098+0000] {dag.py:3036} INFO - Sync 1 DAGs
[2026-06-07T19:57:45.150+0000] {logging_mixin.py:188} INFO - [2026-06-07T19:57:45.150+0000] {dag.py:3823} INFO - Setting next_dagrun for sales_pipeline to 2026-06-07 00:00:00+00:00, run_after=2026-06-08 00:00:00+00:00
[2026-06-07T19:57:45.198+0000] {processor.py:183} INFO - Processing /opt/airflow/dags/sales_pipeline_dag.py took 1.680 seconds
[2026-06-07T19:58:15.554+0000] {processor.py:161} INFO - Started process (PID=20481) to work on /opt/airflow/dags/sales_pipeline_dag.py
[2026-06-07T19:58:15.556+0000] {processor.py:830} INFO - Processing file /opt/airflow/dags/sales_pipeline_dag.py for tasks to queue
[2026-06-07T19:58:15.559+0000] {logging_mixin.py:188} INFO - [2026-06-07T19:58:15.558+0000] {dagbag.py:538} INFO - Filling up the DagBag from /opt/airflow/dags/sales_pipeline_dag.py
[2026-06-07T19:58:17.152+0000] {processor.py:840} INFO - DAG(s) 'sales_pipeline' retrieved from /opt/airflow/dags/sales_pipeline_dag.py
[2026-06-07T19:58:17.247+0000] {logging_mixin.py:188} INFO - [2026-06-07T19:58:17.246+0000] {dag.py:3036} INFO - Sync 1 DAGs
[2026-06-07T19:58:17.334+0000] {logging_mixin.py:188} INFO - [2026-06-07T19:58:17.333+0000] {dag.py:3823} INFO - Setting next_dagrun for sales_pipeline to 2026-06-07 00:00:00+00:00, run_after=2026-06-08 00:00:00+00:00
[2026-06-07T19:58:17.399+0000] {processor.py:183} INFO - Processing /opt/airflow/dags/sales_pipeline_dag.py took 1.848 seconds
[2026-06-07T19:58:47.722+0000] {processor.py:161} INFO - Started process (PID=20500) to work on /opt/airflow/dags/sales_pipeline_dag.py
[2026-06-07T19:58:47.724+0000] {processor.py:830} INFO - Processing file /opt/airflow/dags/sales_pipeline_dag.py for tasks to queue
[2026-06-07T19:58:47.726+0000] {logging_mixin.py:188} INFO - [2026-06-07T19:58:47.725+0000] {dagbag.py:538} INFO - Filling up the DagBag from /opt/airflow/dags/sales_pipeline_dag.py
[2026-06-07T19:58:49.248+0000] {processor.py:840} INFO - DAG(s) 'sales_pipeline' retrieved from /opt/airflow/dags/sales_pipeline_dag.py
[2026-06-07T19:58:49.296+0000] {logging_mixin.py:188} INFO - [2026-06-07T19:58:49.295+0000] {dag.py:3036} INFO - Sync 1 DAGs
[2026-06-07T19:58:49.353+0000] {logging_mixin.py:188} INFO - [2026-06-07T19:58:49.352+0000] {dag.py:3823} INFO - Setting next_dagrun for sales_pipeline to 2026-06-07 00:00:00+00:00, run_after=2026-06-08 00:00:00+00:00
[2026-06-07T19:58:49.404+0000] {processor.py:183} INFO - Processing /opt/airflow/dags/sales_pipeline_dag.py took 1.689 seconds
[2026-06-07T19:59:19.607+0000] {processor.py:161} INFO - Started process (PID=20518) to work on /opt/airflow/dags/sales_pipeline_dag.py
[2026-06-07T19:59:19.609+0000] {processor.py:830} INFO - Processing file /opt/airflow/dags/sales_pipeline_dag.py for tasks to queue
[2026-06-07T19:59:19.613+0000] {logging_mixin.py:188} INFO - [2026-06-07T19:59:19.612+0000] {dagbag.py:538} INFO - Filling up the DagBag from /opt/airflow/dags/sales_pipeline_dag.py
[2026-06-07T19:59:21.175+0000] {processor.py:840} INFO - DAG(s) 'sales_pipeline' retrieved from /opt/airflow/dags/sales_pipeline_dag.py
[2026-06-07T19:59:21.228+0000] {logging_mixin.py:188} INFO - [2026-06-07T19:59:21.227+0000] {dag.py:3036} INFO - Sync 1 DAGs
[2026-06-07T19:59:21.286+0000] {logging_mixin.py:188} INFO - [2026-06-07T19:59:21.285+0000] {dag.py:3823} INFO - Setting next_dagrun for sales_pipeline to 2026-06-07 00:00:00+00:00, run_after=2026-06-08 00:00:00+00:00
[2026-06-07T19:59:21.325+0000] {processor.py:183} INFO - Processing /opt/airflow/dags/sales_pipeline_dag.py took 1.725 seconds
[2026-06-07T19:59:51.697+0000] {processor.py:161} INFO - Started process (PID=20534) to work on /opt/airflow/dags/sales_pipeline_dag.py
[2026-06-07T19:59:51.699+0000] {processor.py:830} INFO - Processing file /opt/airflow/dags/sales_pipeline_dag.py for tasks to queue
[2026-06-07T19:59:51.701+0000] {logging_mixin.py:188} INFO - [2026-06-07T19:59:51.701+0000] {dagbag.py:538} INFO - Filling up the DagBag from /opt/airflow/dags/sales_pipeline_dag.py
[2026-06-07T19:59:53.103+0000] {processor.py:840} INFO - DAG(s) 'sales_pipeline' retrieved from /opt/airflow/dags/sales_pipeline_dag.py
[2026-06-07T19:59:53.180+0000] {logging_mixin.py:188} INFO - [2026-06-07T19:59:53.179+0000] {dag.py:3036} INFO - Sync 1 DAGs
[2026-06-07T19:59:53.248+0000] {logging_mixin.py:188} INFO - [2026-06-07T19:59:53.247+0000] {dag.py:3823} INFO - Setting next_dagrun for sales_pipeline to 2026-06-07 00:00:00+00:00, run_after=2026-06-08 00:00:00+00:00
[2026-06-07T19:59:53.304+0000] {processor.py:183} INFO - Processing /opt/airflow/dags/sales_pipeline_dag.py took 1.613 seconds
[2026-06-07T20:00:23.737+0000] {processor.py:161} INFO - Started process (PID=20550) to work on /opt/airflow/dags/sales_pipeline_dag.py
[2026-06-07T20:00:23.739+0000] {processor.py:830} INFO - Processing file /opt/airflow/dags/sales_pipeline_dag.py for tasks to queue
[2026-06-07T20:00:23.742+0000] {logging_mixin.py:188} INFO - [2026-06-07T20:00:23.741+0000] {dagbag.py:538} INFO - Filling up the DagBag from /opt/airflow/dags/sales_pipeline_dag.py
[2026-06-07T20:00:25.205+0000] {processor.py:840} INFO - DAG(s) 'sales_pipeline' retrieved from /opt/airflow/dags/sales_pipeline_dag.py
[2026-06-07T20:00:25.267+0000] {logging_mixin.py:188} INFO - [2026-06-07T20:00:25.266+0000] {dag.py:3036} INFO - Sync 1 DAGs
[2026-06-07T20:00:25.326+0000] {logging_mixin.py:188} INFO - [2026-06-07T20:00:25.326+0000] {dag.py:3823} INFO - Setting next_dagrun for sales_pipeline to 2026-06-07 00:00:00+00:00, run_after=2026-06-08 00:00:00+00:00
[2026-06-07T20:00:25.383+0000] {processor.py:183} INFO - Processing /opt/airflow/dags/sales_pipeline_dag.py took 1.653 seconds
