[2026-06-07T19:26:31.648+0000] {processor.py:161} INFO - Started process (PID=19376) to work on /opt/airflow/dags/spark_pipeline_dag.py
[2026-06-07T19:26:31.652+0000] {processor.py:830} INFO - Processing file /opt/airflow/dags/spark_pipeline_dag.py for tasks to queue
[2026-06-07T19:26:31.655+0000] {logging_mixin.py:188} INFO - [2026-06-07T19:26:31.654+0000] {dagbag.py:538} INFO - Filling up the DagBag from /opt/airflow/dags/spark_pipeline_dag.py
[2026-06-07T19:26:32.655+0000] {processor.py:840} INFO - DAG(s) 'spark_pipeline' retrieved from /opt/airflow/dags/spark_pipeline_dag.py
[2026-06-07T19:26:33.354+0000] {logging_mixin.py:188} INFO - [2026-06-07T19:26:33.354+0000] {dag.py:3036} INFO - Sync 1 DAGs
[2026-06-07T19:26:33.414+0000] {logging_mixin.py:188} INFO - [2026-06-07T19:26:33.413+0000] {dag.py:3823} INFO - Setting next_dagrun for spark_pipeline to 2026-06-07 00:00:00+00:00, run_after=2026-06-08 00:00:00+00:00
[2026-06-07T19:26:40.101+0000] {processor.py:183} INFO - Processing /opt/airflow/dags/spark_pipeline_dag.py took 8.469 seconds
[2026-06-07T19:27:11.667+0000] {processor.py:161} INFO - Started process (PID=19412) to work on /opt/airflow/dags/spark_pipeline_dag.py
[2026-06-07T19:27:11.711+0000] {processor.py:830} INFO - Processing file /opt/airflow/dags/spark_pipeline_dag.py for tasks to queue
[2026-06-07T19:27:11.764+0000] {logging_mixin.py:188} INFO - [2026-06-07T19:27:11.762+0000] {dagbag.py:538} INFO - Filling up the DagBag from /opt/airflow/dags/spark_pipeline_dag.py
[2026-06-07T19:27:13.724+0000] {processor.py:840} INFO - DAG(s) 'spark_pipeline' retrieved from /opt/airflow/dags/spark_pipeline_dag.py
[2026-06-07T19:27:14.033+0000] {logging_mixin.py:188} INFO - [2026-06-07T19:27:14.032+0000] {dag.py:3036} INFO - Sync 1 DAGs
[2026-06-07T19:27:14.353+0000] {logging_mixin.py:188} INFO - [2026-06-07T19:27:14.351+0000] {dag.py:3823} INFO - Setting next_dagrun for spark_pipeline to 2026-06-07 00:00:00+00:00, run_after=2026-06-08 00:00:00+00:00
[2026-06-07T19:27:14.658+0000] {processor.py:183} INFO - Processing /opt/airflow/dags/spark_pipeline_dag.py took 3.016 seconds
[2026-06-07T19:27:45.610+0000] {processor.py:161} INFO - Started process (PID=19433) to work on /opt/airflow/dags/spark_pipeline_dag.py
[2026-06-07T19:27:45.615+0000] {processor.py:830} INFO - Processing file /opt/airflow/dags/spark_pipeline_dag.py for tasks to queue
[2026-06-07T19:27:45.620+0000] {logging_mixin.py:188} INFO - [2026-06-07T19:27:45.618+0000] {dagbag.py:538} INFO - Filling up the DagBag from /opt/airflow/dags/spark_pipeline_dag.py
[2026-06-07T19:27:45.897+0000] {processor.py:840} INFO - DAG(s) 'spark_pipeline' retrieved from /opt/airflow/dags/spark_pipeline_dag.py
[2026-06-07T19:27:45.991+0000] {logging_mixin.py:188} INFO - [2026-06-07T19:27:45.990+0000] {dag.py:3036} INFO - Sync 1 DAGs
[2026-06-07T19:27:47.040+0000] {logging_mixin.py:188} INFO - [2026-06-07T19:27:47.039+0000] {dag.py:3823} INFO - Setting next_dagrun for spark_pipeline to 2026-06-07 00:00:00+00:00, run_after=2026-06-08 00:00:00+00:00
[2026-06-07T19:27:47.930+0000] {processor.py:183} INFO - Processing /opt/airflow/dags/spark_pipeline_dag.py took 2.333 seconds
[2026-06-07T19:28:18.374+0000] {processor.py:161} INFO - Started process (PID=19451) to work on /opt/airflow/dags/spark_pipeline_dag.py
[2026-06-07T19:28:18.380+0000] {processor.py:830} INFO - Processing file /opt/airflow/dags/spark_pipeline_dag.py for tasks to queue
[2026-06-07T19:28:18.383+0000] {logging_mixin.py:188} INFO - [2026-06-07T19:28:18.382+0000] {dagbag.py:538} INFO - Filling up the DagBag from /opt/airflow/dags/spark_pipeline_dag.py
[2026-06-07T19:28:18.710+0000] {processor.py:840} INFO - DAG(s) 'spark_pipeline' retrieved from /opt/airflow/dags/spark_pipeline_dag.py
[2026-06-07T19:28:18.800+0000] {logging_mixin.py:188} INFO - [2026-06-07T19:28:18.800+0000] {dag.py:3036} INFO - Sync 1 DAGs
[2026-06-07T19:28:18.884+0000] {logging_mixin.py:188} INFO - [2026-06-07T19:28:18.884+0000] {dag.py:3823} INFO - Setting next_dagrun for spark_pipeline to 2026-06-07 00:00:00+00:00, run_after=2026-06-08 00:00:00+00:00
[2026-06-07T19:28:19.014+0000] {processor.py:183} INFO - Processing /opt/airflow/dags/spark_pipeline_dag.py took 0.650 seconds
[2026-06-07T19:28:50.095+0000] {processor.py:161} INFO - Started process (PID=19467) to work on /opt/airflow/dags/spark_pipeline_dag.py
[2026-06-07T19:28:50.099+0000] {processor.py:830} INFO - Processing file /opt/airflow/dags/spark_pipeline_dag.py for tasks to queue
[2026-06-07T19:28:50.144+0000] {logging_mixin.py:188} INFO - [2026-06-07T19:28:50.143+0000] {dagbag.py:538} INFO - Filling up the DagBag from /opt/airflow/dags/spark_pipeline_dag.py
[2026-06-07T19:28:50.833+0000] {processor.py:840} INFO - DAG(s) 'spark_pipeline' retrieved from /opt/airflow/dags/spark_pipeline_dag.py
[2026-06-07T19:28:50.984+0000] {logging_mixin.py:188} INFO - [2026-06-07T19:28:50.981+0000] {dag.py:3036} INFO - Sync 1 DAGs
[2026-06-07T19:28:51.115+0000] {logging_mixin.py:188} INFO - [2026-06-07T19:28:51.115+0000] {dag.py:3823} INFO - Setting next_dagrun for spark_pipeline to 2026-06-07 00:00:00+00:00, run_after=2026-06-08 00:00:00+00:00
[2026-06-07T19:28:51.290+0000] {processor.py:183} INFO - Processing /opt/airflow/dags/spark_pipeline_dag.py took 1.201 seconds
[2026-06-07T19:29:22.325+0000] {processor.py:161} INFO - Started process (PID=19499) to work on /opt/airflow/dags/spark_pipeline_dag.py
[2026-06-07T19:29:22.327+0000] {processor.py:830} INFO - Processing file /opt/airflow/dags/spark_pipeline_dag.py for tasks to queue
[2026-06-07T19:29:22.329+0000] {logging_mixin.py:188} INFO - [2026-06-07T19:29:22.329+0000] {dagbag.py:538} INFO - Filling up the DagBag from /opt/airflow/dags/spark_pipeline_dag.py
[2026-06-07T19:29:22.489+0000] {processor.py:840} INFO - DAG(s) 'spark_pipeline' retrieved from /opt/airflow/dags/spark_pipeline_dag.py
[2026-06-07T19:29:22.539+0000] {logging_mixin.py:188} INFO - [2026-06-07T19:29:22.538+0000] {dag.py:3036} INFO - Sync 1 DAGs
[2026-06-07T19:29:22.584+0000] {logging_mixin.py:188} INFO - [2026-06-07T19:29:22.584+0000] {dag.py:3823} INFO - Setting next_dagrun for spark_pipeline to 2026-06-07 00:00:00+00:00, run_after=2026-06-08 00:00:00+00:00
[2026-06-07T19:29:23.418+0000] {processor.py:183} INFO - Processing /opt/airflow/dags/spark_pipeline_dag.py took 1.097 seconds
[2026-06-07T19:29:53.801+0000] {processor.py:161} INFO - Started process (PID=19517) to work on /opt/airflow/dags/spark_pipeline_dag.py
[2026-06-07T19:29:53.802+0000] {processor.py:830} INFO - Processing file /opt/airflow/dags/spark_pipeline_dag.py for tasks to queue
[2026-06-07T19:29:53.804+0000] {logging_mixin.py:188} INFO - [2026-06-07T19:29:53.804+0000] {dagbag.py:538} INFO - Filling up the DagBag from /opt/airflow/dags/spark_pipeline_dag.py
[2026-06-07T19:29:53.954+0000] {processor.py:840} INFO - DAG(s) 'spark_pipeline' retrieved from /opt/airflow/dags/spark_pipeline_dag.py
[2026-06-07T19:29:54.002+0000] {logging_mixin.py:188} INFO - [2026-06-07T19:29:54.001+0000] {dag.py:3036} INFO - Sync 1 DAGs
[2026-06-07T19:29:54.041+0000] {logging_mixin.py:188} INFO - [2026-06-07T19:29:54.040+0000] {dag.py:3823} INFO - Setting next_dagrun for spark_pipeline to 2026-06-07 00:00:00+00:00, run_after=2026-06-08 00:00:00+00:00
[2026-06-07T19:29:54.302+0000] {processor.py:183} INFO - Processing /opt/airflow/dags/spark_pipeline_dag.py took 0.506 seconds
[2026-06-07T19:30:24.431+0000] {processor.py:161} INFO - Started process (PID=19556) to work on /opt/airflow/dags/spark_pipeline_dag.py
[2026-06-07T19:30:24.433+0000] {processor.py:830} INFO - Processing file /opt/airflow/dags/spark_pipeline_dag.py for tasks to queue
[2026-06-07T19:30:24.436+0000] {logging_mixin.py:188} INFO - [2026-06-07T19:30:24.435+0000] {dagbag.py:538} INFO - Filling up the DagBag from /opt/airflow/dags/spark_pipeline_dag.py
[2026-06-07T19:30:24.903+0000] {processor.py:840} INFO - DAG(s) 'spark_pipeline' retrieved from /opt/airflow/dags/spark_pipeline_dag.py
[2026-06-07T19:30:24.959+0000] {logging_mixin.py:188} INFO - [2026-06-07T19:30:24.959+0000] {dag.py:3036} INFO - Sync 1 DAGs
[2026-06-07T19:30:25.010+0000] {logging_mixin.py:188} INFO - [2026-06-07T19:30:25.009+0000] {dag.py:3823} INFO - Setting next_dagrun for spark_pipeline to 2026-06-07 00:00:00+00:00, run_after=2026-06-08 00:00:00+00:00
[2026-06-07T19:30:25.140+0000] {processor.py:183} INFO - Processing /opt/airflow/dags/spark_pipeline_dag.py took 0.717 seconds
[2026-06-07T19:30:55.647+0000] {processor.py:161} INFO - Started process (PID=19622) to work on /opt/airflow/dags/spark_pipeline_dag.py
[2026-06-07T19:30:55.648+0000] {processor.py:830} INFO - Processing file /opt/airflow/dags/spark_pipeline_dag.py for tasks to queue
[2026-06-07T19:30:55.650+0000] {logging_mixin.py:188} INFO - [2026-06-07T19:30:55.650+0000] {dagbag.py:538} INFO - Filling up the DagBag from /opt/airflow/dags/spark_pipeline_dag.py
[2026-06-07T19:30:55.882+0000] {processor.py:840} INFO - DAG(s) 'spark_pipeline' retrieved from /opt/airflow/dags/spark_pipeline_dag.py
[2026-06-07T19:30:55.941+0000] {logging_mixin.py:188} INFO - [2026-06-07T19:30:55.940+0000] {dag.py:3036} INFO - Sync 1 DAGs
[2026-06-07T19:30:56.073+0000] {logging_mixin.py:188} INFO - [2026-06-07T19:30:56.073+0000] {dag.py:3823} INFO - Setting next_dagrun for spark_pipeline to 2026-06-07 00:00:00+00:00, run_after=2026-06-08 00:00:00+00:00
[2026-06-07T19:30:56.262+0000] {processor.py:183} INFO - Processing /opt/airflow/dags/spark_pipeline_dag.py took 0.621 seconds
[2026-06-07T19:31:26.379+0000] {processor.py:161} INFO - Started process (PID=19672) to work on /opt/airflow/dags/spark_pipeline_dag.py
[2026-06-07T19:31:26.380+0000] {processor.py:830} INFO - Processing file /opt/airflow/dags/spark_pipeline_dag.py for tasks to queue
[2026-06-07T19:31:26.382+0000] {logging_mixin.py:188} INFO - [2026-06-07T19:31:26.382+0000] {dagbag.py:538} INFO - Filling up the DagBag from /opt/airflow/dags/spark_pipeline_dag.py
[2026-06-07T19:31:26.518+0000] {processor.py:840} INFO - DAG(s) 'spark_pipeline' retrieved from /opt/airflow/dags/spark_pipeline_dag.py
[2026-06-07T19:31:26.565+0000] {logging_mixin.py:188} INFO - [2026-06-07T19:31:26.565+0000] {dag.py:3036} INFO - Sync 1 DAGs
[2026-06-07T19:31:26.606+0000] {logging_mixin.py:188} INFO - [2026-06-07T19:31:26.606+0000] {dag.py:3823} INFO - Setting next_dagrun for spark_pipeline to 2026-06-07 00:00:00+00:00, run_after=2026-06-08 00:00:00+00:00
[2026-06-07T19:31:25.875+0000] {processor.py:183} INFO - Processing /opt/airflow/dags/spark_pipeline_dag.py took 2.230 seconds
[2026-06-07T19:32:09.011+0000] {processor.py:161} INFO - Started process (PID=19688) to work on /opt/airflow/dags/spark_pipeline_dag.py
[2026-06-07T19:32:09.013+0000] {processor.py:830} INFO - Processing file /opt/airflow/dags/spark_pipeline_dag.py for tasks to queue
[2026-06-07T19:32:09.015+0000] {logging_mixin.py:188} INFO - [2026-06-07T19:32:09.015+0000] {dagbag.py:538} INFO - Filling up the DagBag from /opt/airflow/dags/spark_pipeline_dag.py
[2026-06-07T19:32:09.158+0000] {processor.py:840} INFO - DAG(s) 'spark_pipeline' retrieved from /opt/airflow/dags/spark_pipeline_dag.py
[2026-06-07T19:32:09.216+0000] {logging_mixin.py:188} INFO - [2026-06-07T19:32:09.215+0000] {dag.py:3036} INFO - Sync 1 DAGs
[2026-06-07T19:32:09.264+0000] {logging_mixin.py:188} INFO - [2026-06-07T19:32:09.264+0000] {dag.py:3823} INFO - Setting next_dagrun for spark_pipeline to 2026-06-07 00:00:00+00:00, run_after=2026-06-08 00:00:00+00:00
[2026-06-07T19:32:09.471+0000] {processor.py:183} INFO - Processing /opt/airflow/dags/spark_pipeline_dag.py took 0.465 seconds
[2026-06-07T19:32:39.995+0000] {processor.py:161} INFO - Started process (PID=19693) to work on /opt/airflow/dags/spark_pipeline_dag.py
[2026-06-07T19:32:39.997+0000] {processor.py:830} INFO - Processing file /opt/airflow/dags/spark_pipeline_dag.py for tasks to queue
[2026-06-07T19:32:39.999+0000] {logging_mixin.py:188} INFO - [2026-06-07T19:32:39.998+0000] {dagbag.py:538} INFO - Filling up the DagBag from /opt/airflow/dags/spark_pipeline_dag.py
[2026-06-07T19:32:40.224+0000] {processor.py:840} INFO - DAG(s) 'spark_pipeline' retrieved from /opt/airflow/dags/spark_pipeline_dag.py
[2026-06-07T19:32:40.314+0000] {logging_mixin.py:188} INFO - [2026-06-07T19:32:40.313+0000] {dag.py:3036} INFO - Sync 1 DAGs
[2026-06-07T19:32:40.389+0000] {logging_mixin.py:188} INFO - [2026-06-07T19:32:40.389+0000] {dag.py:3823} INFO - Setting next_dagrun for spark_pipeline to 2026-06-07 00:00:00+00:00, run_after=2026-06-08 00:00:00+00:00
[2026-06-07T19:32:40.945+0000] {processor.py:183} INFO - Processing /opt/airflow/dags/spark_pipeline_dag.py took 0.955 seconds
[2026-06-07T19:33:13.120+0000] {processor.py:161} INFO - Started process (PID=19714) to work on /opt/airflow/dags/spark_pipeline_dag.py
[2026-06-07T19:33:13.232+0000] {processor.py:830} INFO - Processing file /opt/airflow/dags/spark_pipeline_dag.py for tasks to queue
[2026-06-07T19:33:13.235+0000] {logging_mixin.py:188} INFO - [2026-06-07T19:33:13.234+0000] {dagbag.py:538} INFO - Filling up the DagBag from /opt/airflow/dags/spark_pipeline_dag.py
[2026-06-07T19:33:13.406+0000] {processor.py:840} INFO - DAG(s) 'spark_pipeline' retrieved from /opt/airflow/dags/spark_pipeline_dag.py
[2026-06-07T19:33:13.466+0000] {logging_mixin.py:188} INFO - [2026-06-07T19:33:13.465+0000] {dag.py:3036} INFO - Sync 1 DAGs
[2026-06-07T19:33:13.512+0000] {logging_mixin.py:188} INFO - [2026-06-07T19:33:13.511+0000] {dag.py:3823} INFO - Setting next_dagrun for spark_pipeline to 2026-06-07 00:00:00+00:00, run_after=2026-06-08 00:00:00+00:00
[2026-06-07T19:33:13.698+0000] {processor.py:183} INFO - Processing /opt/airflow/dags/spark_pipeline_dag.py took 0.585 seconds
[2026-06-07T19:33:44.127+0000] {processor.py:161} INFO - Started process (PID=19730) to work on /opt/airflow/dags/spark_pipeline_dag.py
[2026-06-07T19:33:44.129+0000] {processor.py:830} INFO - Processing file /opt/airflow/dags/spark_pipeline_dag.py for tasks to queue
[2026-06-07T19:33:44.131+0000] {logging_mixin.py:188} INFO - [2026-06-07T19:33:44.130+0000] {dagbag.py:538} INFO - Filling up the DagBag from /opt/airflow/dags/spark_pipeline_dag.py
[2026-06-07T19:33:44.391+0000] {processor.py:840} INFO - DAG(s) 'spark_pipeline' retrieved from /opt/airflow/dags/spark_pipeline_dag.py
[2026-06-07T19:33:44.495+0000] {logging_mixin.py:188} INFO - [2026-06-07T19:33:44.494+0000] {dag.py:3036} INFO - Sync 1 DAGs
[2026-06-07T19:33:44.561+0000] {logging_mixin.py:188} INFO - [2026-06-07T19:33:44.561+0000] {dag.py:3823} INFO - Setting next_dagrun for spark_pipeline to 2026-06-07 00:00:00+00:00, run_after=2026-06-08 00:00:00+00:00
[2026-06-07T19:33:41.891+0000] {processor.py:183} INFO - Processing /opt/airflow/dags/spark_pipeline_dag.py took 0.504 seconds
[2026-06-07T19:34:11.998+0000] {processor.py:161} INFO - Started process (PID=19741) to work on /opt/airflow/dags/spark_pipeline_dag.py
[2026-06-07T19:34:12.000+0000] {processor.py:830} INFO - Processing file /opt/airflow/dags/spark_pipeline_dag.py for tasks to queue
[2026-06-07T19:34:12.001+0000] {logging_mixin.py:188} INFO - [2026-06-07T19:34:12.001+0000] {dagbag.py:538} INFO - Filling up the DagBag from /opt/airflow/dags/spark_pipeline_dag.py
[2026-06-07T19:34:12.164+0000] {processor.py:840} INFO - DAG(s) 'spark_pipeline' retrieved from /opt/airflow/dags/spark_pipeline_dag.py
[2026-06-07T19:34:12.213+0000] {logging_mixin.py:188} INFO - [2026-06-07T19:34:12.213+0000] {dag.py:3036} INFO - Sync 1 DAGs
[2026-06-07T19:34:12.254+0000] {logging_mixin.py:188} INFO - [2026-06-07T19:34:12.253+0000] {dag.py:3823} INFO - Setting next_dagrun for spark_pipeline to 2026-06-07 00:00:00+00:00, run_after=2026-06-08 00:00:00+00:00
[2026-06-07T19:34:12.296+0000] {processor.py:183} INFO - Processing /opt/airflow/dags/spark_pipeline_dag.py took 0.302 seconds
[2026-06-07T19:34:43.070+0000] {processor.py:161} INFO - Started process (PID=19757) to work on /opt/airflow/dags/spark_pipeline_dag.py
[2026-06-07T19:34:43.072+0000] {processor.py:830} INFO - Processing file /opt/airflow/dags/spark_pipeline_dag.py for tasks to queue
[2026-06-07T19:34:43.074+0000] {logging_mixin.py:188} INFO - [2026-06-07T19:34:43.074+0000] {dagbag.py:538} INFO - Filling up the DagBag from /opt/airflow/dags/spark_pipeline_dag.py
[2026-06-07T19:34:43.219+0000] {processor.py:840} INFO - DAG(s) 'spark_pipeline' retrieved from /opt/airflow/dags/spark_pipeline_dag.py
[2026-06-07T19:34:43.285+0000] {logging_mixin.py:188} INFO - [2026-06-07T19:34:43.285+0000] {dag.py:3036} INFO - Sync 1 DAGs
[2026-06-07T19:34:43.334+0000] {logging_mixin.py:188} INFO - [2026-06-07T19:34:43.333+0000] {dag.py:3823} INFO - Setting next_dagrun for spark_pipeline to 2026-06-07 00:00:00+00:00, run_after=2026-06-08 00:00:00+00:00
[2026-06-07T19:34:43.377+0000] {processor.py:183} INFO - Processing /opt/airflow/dags/spark_pipeline_dag.py took 0.314 seconds
[2026-06-07T19:35:14.257+0000] {processor.py:161} INFO - Started process (PID=19773) to work on /opt/airflow/dags/spark_pipeline_dag.py
[2026-06-07T19:35:14.259+0000] {processor.py:830} INFO - Processing file /opt/airflow/dags/spark_pipeline_dag.py for tasks to queue
[2026-06-07T19:35:14.261+0000] {logging_mixin.py:188} INFO - [2026-06-07T19:35:14.261+0000] {dagbag.py:538} INFO - Filling up the DagBag from /opt/airflow/dags/spark_pipeline_dag.py
[2026-06-07T19:35:14.394+0000] {processor.py:840} INFO - DAG(s) 'spark_pipeline' retrieved from /opt/airflow/dags/spark_pipeline_dag.py
[2026-06-07T19:35:14.436+0000] {logging_mixin.py:188} INFO - [2026-06-07T19:35:14.435+0000] {dag.py:3036} INFO - Sync 1 DAGs
[2026-06-07T19:35:14.483+0000] {logging_mixin.py:188} INFO - [2026-06-07T19:35:14.482+0000] {dag.py:3823} INFO - Setting next_dagrun for spark_pipeline to 2026-06-07 00:00:00+00:00, run_after=2026-06-08 00:00:00+00:00
[2026-06-07T19:35:14.535+0000] {processor.py:183} INFO - Processing /opt/airflow/dags/spark_pipeline_dag.py took 0.283 seconds
[2026-06-07T19:35:45.135+0000] {processor.py:161} INFO - Started process (PID=19789) to work on /opt/airflow/dags/spark_pipeline_dag.py
[2026-06-07T19:35:45.136+0000] {processor.py:830} INFO - Processing file /opt/airflow/dags/spark_pipeline_dag.py for tasks to queue
[2026-06-07T19:35:45.139+0000] {logging_mixin.py:188} INFO - [2026-06-07T19:35:45.138+0000] {dagbag.py:538} INFO - Filling up the DagBag from /opt/airflow/dags/spark_pipeline_dag.py
[2026-06-07T19:35:45.288+0000] {processor.py:840} INFO - DAG(s) 'spark_pipeline' retrieved from /opt/airflow/dags/spark_pipeline_dag.py
[2026-06-07T19:35:45.346+0000] {logging_mixin.py:188} INFO - [2026-06-07T19:35:45.345+0000] {dag.py:3036} INFO - Sync 1 DAGs
[2026-06-07T19:35:45.396+0000] {logging_mixin.py:188} INFO - [2026-06-07T19:35:45.395+0000] {dag.py:3823} INFO - Setting next_dagrun for spark_pipeline to 2026-06-07 00:00:00+00:00, run_after=2026-06-08 00:00:00+00:00
[2026-06-07T19:35:45.441+0000] {processor.py:183} INFO - Processing /opt/airflow/dags/spark_pipeline_dag.py took 0.313 seconds
[2026-06-07T19:36:15.947+0000] {processor.py:161} INFO - Started process (PID=19805) to work on /opt/airflow/dags/spark_pipeline_dag.py
[2026-06-07T19:36:15.948+0000] {processor.py:830} INFO - Processing file /opt/airflow/dags/spark_pipeline_dag.py for tasks to queue
[2026-06-07T19:36:15.951+0000] {logging_mixin.py:188} INFO - [2026-06-07T19:36:15.950+0000] {dagbag.py:538} INFO - Filling up the DagBag from /opt/airflow/dags/spark_pipeline_dag.py
[2026-06-07T19:36:16.128+0000] {processor.py:840} INFO - DAG(s) 'spark_pipeline' retrieved from /opt/airflow/dags/spark_pipeline_dag.py
[2026-06-07T19:36:16.182+0000] {logging_mixin.py:188} INFO - [2026-06-07T19:36:16.182+0000] {dag.py:3036} INFO - Sync 1 DAGs
[2026-06-07T19:36:16.238+0000] {logging_mixin.py:188} INFO - [2026-06-07T19:36:16.237+0000] {dag.py:3823} INFO - Setting next_dagrun for spark_pipeline to 2026-06-07 00:00:00+00:00, run_after=2026-06-08 00:00:00+00:00
[2026-06-07T19:36:16.288+0000] {processor.py:183} INFO - Processing /opt/airflow/dags/spark_pipeline_dag.py took 0.347 seconds
[2026-06-07T19:36:46.946+0000] {processor.py:161} INFO - Started process (PID=19826) to work on /opt/airflow/dags/spark_pipeline_dag.py
[2026-06-07T19:36:46.949+0000] {processor.py:830} INFO - Processing file /opt/airflow/dags/spark_pipeline_dag.py for tasks to queue
[2026-06-07T19:36:46.952+0000] {logging_mixin.py:188} INFO - [2026-06-07T19:36:46.951+0000] {dagbag.py:538} INFO - Filling up the DagBag from /opt/airflow/dags/spark_pipeline_dag.py
[2026-06-07T19:36:47.519+0000] {processor.py:840} INFO - DAG(s) 'spark_pipeline' retrieved from /opt/airflow/dags/spark_pipeline_dag.py
[2026-06-07T19:36:47.683+0000] {logging_mixin.py:188} INFO - [2026-06-07T19:36:47.682+0000] {dag.py:3036} INFO - Sync 1 DAGs
[2026-06-07T19:36:47.844+0000] {logging_mixin.py:188} INFO - [2026-06-07T19:36:47.843+0000] {dag.py:3823} INFO - Setting next_dagrun for spark_pipeline to 2026-06-07 00:00:00+00:00, run_after=2026-06-08 00:00:00+00:00
[2026-06-07T19:36:47.983+0000] {processor.py:183} INFO - Processing /opt/airflow/dags/spark_pipeline_dag.py took 1.050 seconds
[2026-06-07T19:37:18.830+0000] {processor.py:161} INFO - Started process (PID=19842) to work on /opt/airflow/dags/spark_pipeline_dag.py
[2026-06-07T19:37:18.833+0000] {processor.py:830} INFO - Processing file /opt/airflow/dags/spark_pipeline_dag.py for tasks to queue
[2026-06-07T19:37:18.836+0000] {logging_mixin.py:188} INFO - [2026-06-07T19:37:18.835+0000] {dagbag.py:538} INFO - Filling up the DagBag from /opt/airflow/dags/spark_pipeline_dag.py
[2026-06-07T19:37:19.064+0000] {processor.py:840} INFO - DAG(s) 'spark_pipeline' retrieved from /opt/airflow/dags/spark_pipeline_dag.py
[2026-06-07T19:37:19.124+0000] {logging_mixin.py:188} INFO - [2026-06-07T19:37:19.123+0000] {dag.py:3036} INFO - Sync 1 DAGs
[2026-06-07T19:37:19.185+0000] {logging_mixin.py:188} INFO - [2026-06-07T19:37:19.184+0000] {dag.py:3823} INFO - Setting next_dagrun for spark_pipeline to 2026-06-07 00:00:00+00:00, run_after=2026-06-08 00:00:00+00:00
[2026-06-07T19:37:19.232+0000] {processor.py:183} INFO - Processing /opt/airflow/dags/spark_pipeline_dag.py took 0.408 seconds
[2026-06-07T19:37:49.738+0000] {processor.py:161} INFO - Started process (PID=19858) to work on /opt/airflow/dags/spark_pipeline_dag.py
[2026-06-07T19:37:49.739+0000] {processor.py:830} INFO - Processing file /opt/airflow/dags/spark_pipeline_dag.py for tasks to queue
[2026-06-07T19:37:49.741+0000] {logging_mixin.py:188} INFO - [2026-06-07T19:37:49.741+0000] {dagbag.py:538} INFO - Filling up the DagBag from /opt/airflow/dags/spark_pipeline_dag.py
[2026-06-07T19:37:49.888+0000] {processor.py:840} INFO - DAG(s) 'spark_pipeline' retrieved from /opt/airflow/dags/spark_pipeline_dag.py
[2026-06-07T19:37:49.935+0000] {logging_mixin.py:188} INFO - [2026-06-07T19:37:49.934+0000] {dag.py:3036} INFO - Sync 1 DAGs
[2026-06-07T19:37:49.986+0000] {logging_mixin.py:188} INFO - [2026-06-07T19:37:49.985+0000] {dag.py:3823} INFO - Setting next_dagrun for spark_pipeline to 2026-06-07 00:00:00+00:00, run_after=2026-06-08 00:00:00+00:00
[2026-06-07T19:37:50.032+0000] {processor.py:183} INFO - Processing /opt/airflow/dags/spark_pipeline_dag.py took 0.299 seconds
[2026-06-07T19:38:20.218+0000] {processor.py:161} INFO - Started process (PID=19874) to work on /opt/airflow/dags/spark_pipeline_dag.py
[2026-06-07T19:38:20.221+0000] {processor.py:830} INFO - Processing file /opt/airflow/dags/spark_pipeline_dag.py for tasks to queue
[2026-06-07T19:38:20.225+0000] {logging_mixin.py:188} INFO - [2026-06-07T19:38:20.224+0000] {dagbag.py:538} INFO - Filling up the DagBag from /opt/airflow/dags/spark_pipeline_dag.py
[2026-06-07T19:38:20.376+0000] {processor.py:840} INFO - DAG(s) 'spark_pipeline' retrieved from /opt/airflow/dags/spark_pipeline_dag.py
[2026-06-07T19:38:20.427+0000] {logging_mixin.py:188} INFO - [2026-06-07T19:38:20.427+0000] {dag.py:3036} INFO - Sync 1 DAGs
[2026-06-07T19:38:20.471+0000] {logging_mixin.py:188} INFO - [2026-06-07T19:38:20.471+0000] {dag.py:3823} INFO - Setting next_dagrun for spark_pipeline to 2026-06-07 00:00:00+00:00, run_after=2026-06-08 00:00:00+00:00
[2026-06-07T19:38:20.510+0000] {processor.py:183} INFO - Processing /opt/airflow/dags/spark_pipeline_dag.py took 0.297 seconds
[2026-06-07T19:38:51.149+0000] {processor.py:161} INFO - Started process (PID=19890) to work on /opt/airflow/dags/spark_pipeline_dag.py
[2026-06-07T19:38:51.151+0000] {processor.py:830} INFO - Processing file /opt/airflow/dags/spark_pipeline_dag.py for tasks to queue
[2026-06-07T19:38:51.153+0000] {logging_mixin.py:188} INFO - [2026-06-07T19:38:51.153+0000] {dagbag.py:538} INFO - Filling up the DagBag from /opt/airflow/dags/spark_pipeline_dag.py
[2026-06-07T19:38:51.318+0000] {processor.py:840} INFO - DAG(s) 'spark_pipeline' retrieved from /opt/airflow/dags/spark_pipeline_dag.py
[2026-06-07T19:38:51.368+0000] {logging_mixin.py:188} INFO - [2026-06-07T19:38:51.368+0000] {dag.py:3036} INFO - Sync 1 DAGs
[2026-06-07T19:38:51.409+0000] {logging_mixin.py:188} INFO - [2026-06-07T19:38:51.408+0000] {dag.py:3823} INFO - Setting next_dagrun for spark_pipeline to 2026-06-07 00:00:00+00:00, run_after=2026-06-08 00:00:00+00:00
[2026-06-07T19:38:51.446+0000] {processor.py:183} INFO - Processing /opt/airflow/dags/spark_pipeline_dag.py took 0.305 seconds
[2026-06-07T19:39:21.691+0000] {processor.py:161} INFO - Started process (PID=19906) to work on /opt/airflow/dags/spark_pipeline_dag.py
[2026-06-07T19:39:21.704+0000] {processor.py:830} INFO - Processing file /opt/airflow/dags/spark_pipeline_dag.py for tasks to queue
[2026-06-07T19:39:21.707+0000] {logging_mixin.py:188} INFO - [2026-06-07T19:39:21.706+0000] {dagbag.py:538} INFO - Filling up the DagBag from /opt/airflow/dags/spark_pipeline_dag.py
[2026-06-07T19:39:22.013+0000] {processor.py:840} INFO - DAG(s) 'spark_pipeline' retrieved from /opt/airflow/dags/spark_pipeline_dag.py
[2026-06-07T19:39:22.145+0000] {logging_mixin.py:188} INFO - [2026-06-07T19:39:22.144+0000] {dag.py:3036} INFO - Sync 1 DAGs
[2026-06-07T19:39:22.219+0000] {logging_mixin.py:188} INFO - [2026-06-07T19:39:22.218+0000] {dag.py:3823} INFO - Setting next_dagrun for spark_pipeline to 2026-06-07 00:00:00+00:00, run_after=2026-06-08 00:00:00+00:00
[2026-06-07T19:39:22.290+0000] {processor.py:183} INFO - Processing /opt/airflow/dags/spark_pipeline_dag.py took 0.609 seconds
[2026-06-07T19:39:52.796+0000] {processor.py:161} INFO - Started process (PID=19922) to work on /opt/airflow/dags/spark_pipeline_dag.py
[2026-06-07T19:39:52.798+0000] {processor.py:830} INFO - Processing file /opt/airflow/dags/spark_pipeline_dag.py for tasks to queue
[2026-06-07T19:39:52.801+0000] {logging_mixin.py:188} INFO - [2026-06-07T19:39:52.801+0000] {dagbag.py:538} INFO - Filling up the DagBag from /opt/airflow/dags/spark_pipeline_dag.py
[2026-06-07T19:39:52.980+0000] {processor.py:840} INFO - DAG(s) 'spark_pipeline' retrieved from /opt/airflow/dags/spark_pipeline_dag.py
[2026-06-07T19:39:53.030+0000] {logging_mixin.py:188} INFO - [2026-06-07T19:39:53.030+0000] {dag.py:3036} INFO - Sync 1 DAGs
[2026-06-07T19:39:53.084+0000] {logging_mixin.py:188} INFO - [2026-06-07T19:39:53.084+0000] {dag.py:3823} INFO - Setting next_dagrun for spark_pipeline to 2026-06-07 00:00:00+00:00, run_after=2026-06-08 00:00:00+00:00
[2026-06-07T19:39:53.132+0000] {processor.py:183} INFO - Processing /opt/airflow/dags/spark_pipeline_dag.py took 0.340 seconds
[2026-06-07T19:40:23.216+0000] {processor.py:161} INFO - Started process (PID=19938) to work on /opt/airflow/dags/spark_pipeline_dag.py
[2026-06-07T19:40:23.217+0000] {processor.py:830} INFO - Processing file /opt/airflow/dags/spark_pipeline_dag.py for tasks to queue
[2026-06-07T19:40:23.219+0000] {logging_mixin.py:188} INFO - [2026-06-07T19:40:23.219+0000] {dagbag.py:538} INFO - Filling up the DagBag from /opt/airflow/dags/spark_pipeline_dag.py
[2026-06-07T19:40:23.364+0000] {processor.py:840} INFO - DAG(s) 'spark_pipeline' retrieved from /opt/airflow/dags/spark_pipeline_dag.py
[2026-06-07T19:40:23.418+0000] {logging_mixin.py:188} INFO - [2026-06-07T19:40:23.417+0000] {dag.py:3036} INFO - Sync 1 DAGs
[2026-06-07T19:40:23.457+0000] {logging_mixin.py:188} INFO - [2026-06-07T19:40:23.457+0000] {dag.py:3823} INFO - Setting next_dagrun for spark_pipeline to 2026-06-07 00:00:00+00:00, run_after=2026-06-08 00:00:00+00:00
[2026-06-07T19:40:23.517+0000] {processor.py:183} INFO - Processing /opt/airflow/dags/spark_pipeline_dag.py took 0.305 seconds
[2026-06-07T19:40:53.707+0000] {processor.py:161} INFO - Started process (PID=19954) to work on /opt/airflow/dags/spark_pipeline_dag.py
[2026-06-07T19:40:53.709+0000] {processor.py:830} INFO - Processing file /opt/airflow/dags/spark_pipeline_dag.py for tasks to queue
[2026-06-07T19:40:53.711+0000] {logging_mixin.py:188} INFO - [2026-06-07T19:40:53.710+0000] {dagbag.py:538} INFO - Filling up the DagBag from /opt/airflow/dags/spark_pipeline_dag.py
[2026-06-07T19:40:53.855+0000] {processor.py:840} INFO - DAG(s) 'spark_pipeline' retrieved from /opt/airflow/dags/spark_pipeline_dag.py
[2026-06-07T19:40:53.909+0000] {logging_mixin.py:188} INFO - [2026-06-07T19:40:53.909+0000] {dag.py:3036} INFO - Sync 1 DAGs
[2026-06-07T19:40:53.954+0000] {logging_mixin.py:188} INFO - [2026-06-07T19:40:53.953+0000] {dag.py:3823} INFO - Setting next_dagrun for spark_pipeline to 2026-06-07 00:00:00+00:00, run_after=2026-06-08 00:00:00+00:00
[2026-06-07T19:40:53.988+0000] {processor.py:183} INFO - Processing /opt/airflow/dags/spark_pipeline_dag.py took 0.286 seconds
[2026-06-07T19:41:24.266+0000] {processor.py:161} INFO - Started process (PID=19970) to work on /opt/airflow/dags/spark_pipeline_dag.py
[2026-06-07T19:41:24.268+0000] {processor.py:830} INFO - Processing file /opt/airflow/dags/spark_pipeline_dag.py for tasks to queue
[2026-06-07T19:41:24.270+0000] {logging_mixin.py:188} INFO - [2026-06-07T19:41:24.270+0000] {dagbag.py:538} INFO - Filling up the DagBag from /opt/airflow/dags/spark_pipeline_dag.py
[2026-06-07T19:41:24.412+0000] {processor.py:840} INFO - DAG(s) 'spark_pipeline' retrieved from /opt/airflow/dags/spark_pipeline_dag.py
[2026-06-07T19:41:24.467+0000] {logging_mixin.py:188} INFO - [2026-06-07T19:41:24.466+0000] {dag.py:3036} INFO - Sync 1 DAGs
[2026-06-07T19:41:24.508+0000] {logging_mixin.py:188} INFO - [2026-06-07T19:41:24.508+0000] {dag.py:3823} INFO - Setting next_dagrun for spark_pipeline to 2026-06-07 00:00:00+00:00, run_after=2026-06-08 00:00:00+00:00
[2026-06-07T19:41:25.177+0000] {processor.py:183} INFO - Processing /opt/airflow/dags/spark_pipeline_dag.py took 0.917 seconds
[2026-06-07T19:41:53.345+0000] {processor.py:161} INFO - Started process (PID=19986) to work on /opt/airflow/dags/spark_pipeline_dag.py
[2026-06-07T19:41:53.347+0000] {processor.py:830} INFO - Processing file /opt/airflow/dags/spark_pipeline_dag.py for tasks to queue
[2026-06-07T19:41:53.350+0000] {logging_mixin.py:188} INFO - [2026-06-07T19:41:53.349+0000] {dagbag.py:538} INFO - Filling up the DagBag from /opt/airflow/dags/spark_pipeline_dag.py
[2026-06-07T19:41:53.490+0000] {processor.py:840} INFO - DAG(s) 'spark_pipeline' retrieved from /opt/airflow/dags/spark_pipeline_dag.py
[2026-06-07T19:41:53.539+0000] {logging_mixin.py:188} INFO - [2026-06-07T19:41:53.538+0000] {dag.py:3036} INFO - Sync 1 DAGs
[2026-06-07T19:41:53.588+0000] {logging_mixin.py:188} INFO - [2026-06-07T19:41:53.587+0000] {dag.py:3823} INFO - Setting next_dagrun for spark_pipeline to 2026-06-07 00:00:00+00:00, run_after=2026-06-08 00:00:00+00:00
[2026-06-07T19:41:53.650+0000] {processor.py:183} INFO - Processing /opt/airflow/dags/spark_pipeline_dag.py took 0.309 seconds
[2026-06-07T19:42:24.423+0000] {processor.py:161} INFO - Started process (PID=19997) to work on /opt/airflow/dags/spark_pipeline_dag.py
[2026-06-07T19:42:24.426+0000] {processor.py:830} INFO - Processing file /opt/airflow/dags/spark_pipeline_dag.py for tasks to queue
[2026-06-07T19:42:24.428+0000] {logging_mixin.py:188} INFO - [2026-06-07T19:42:24.427+0000] {dagbag.py:538} INFO - Filling up the DagBag from /opt/airflow/dags/spark_pipeline_dag.py
[2026-06-07T19:42:24.602+0000] {processor.py:840} INFO - DAG(s) 'spark_pipeline' retrieved from /opt/airflow/dags/spark_pipeline_dag.py
[2026-06-07T19:42:24.654+0000] {logging_mixin.py:188} INFO - [2026-06-07T19:42:24.654+0000] {dag.py:3036} INFO - Sync 1 DAGs
[2026-06-07T19:42:24.705+0000] {logging_mixin.py:188} INFO - [2026-06-07T19:42:24.704+0000] {dag.py:3823} INFO - Setting next_dagrun for spark_pipeline to 2026-06-07 00:00:00+00:00, run_after=2026-06-08 00:00:00+00:00
[2026-06-07T19:42:25.046+0000] {processor.py:183} INFO - Processing /opt/airflow/dags/spark_pipeline_dag.py took 0.630 seconds
[2026-06-07T19:42:55.576+0000] {processor.py:161} INFO - Started process (PID=20013) to work on /opt/airflow/dags/spark_pipeline_dag.py
[2026-06-07T19:42:55.579+0000] {processor.py:830} INFO - Processing file /opt/airflow/dags/spark_pipeline_dag.py for tasks to queue
[2026-06-07T19:42:55.583+0000] {logging_mixin.py:188} INFO - [2026-06-07T19:42:55.582+0000] {dagbag.py:538} INFO - Filling up the DagBag from /opt/airflow/dags/spark_pipeline_dag.py
[2026-06-07T19:42:55.805+0000] {processor.py:840} INFO - DAG(s) 'spark_pipeline' retrieved from /opt/airflow/dags/spark_pipeline_dag.py
[2026-06-07T19:42:55.865+0000] {logging_mixin.py:188} INFO - [2026-06-07T19:42:55.864+0000] {dag.py:3036} INFO - Sync 1 DAGs
[2026-06-07T19:42:55.923+0000] {logging_mixin.py:188} INFO - [2026-06-07T19:42:55.923+0000] {dag.py:3823} INFO - Setting next_dagrun for spark_pipeline to 2026-06-07 00:00:00+00:00, run_after=2026-06-08 00:00:00+00:00
[2026-06-07T19:42:56.098+0000] {processor.py:183} INFO - Processing /opt/airflow/dags/spark_pipeline_dag.py took 0.530 seconds
[2026-06-07T19:43:26.514+0000] {processor.py:161} INFO - Started process (PID=20029) to work on /opt/airflow/dags/spark_pipeline_dag.py
[2026-06-07T19:43:26.518+0000] {processor.py:830} INFO - Processing file /opt/airflow/dags/spark_pipeline_dag.py for tasks to queue
[2026-06-07T19:43:26.523+0000] {logging_mixin.py:188} INFO - [2026-06-07T19:43:26.522+0000] {dagbag.py:538} INFO - Filling up the DagBag from /opt/airflow/dags/spark_pipeline_dag.py
[2026-06-07T19:43:26.872+0000] {processor.py:840} INFO - DAG(s) 'spark_pipeline' retrieved from /opt/airflow/dags/spark_pipeline_dag.py
[2026-06-07T19:43:26.967+0000] {logging_mixin.py:188} INFO - [2026-06-07T19:43:26.966+0000] {dag.py:3036} INFO - Sync 1 DAGs
[2026-06-07T19:43:27.073+0000] {logging_mixin.py:188} INFO - [2026-06-07T19:43:27.072+0000] {dag.py:3823} INFO - Setting next_dagrun for spark_pipeline to 2026-06-07 00:00:00+00:00, run_after=2026-06-08 00:00:00+00:00
[2026-06-07T19:43:27.147+0000] {processor.py:183} INFO - Processing /opt/airflow/dags/spark_pipeline_dag.py took 0.640 seconds
[2026-06-07T19:43:57.976+0000] {processor.py:161} INFO - Started process (PID=20045) to work on /opt/airflow/dags/spark_pipeline_dag.py
[2026-06-07T19:43:57.979+0000] {processor.py:830} INFO - Processing file /opt/airflow/dags/spark_pipeline_dag.py for tasks to queue
[2026-06-07T19:43:57.983+0000] {logging_mixin.py:188} INFO - [2026-06-07T19:43:57.982+0000] {dagbag.py:538} INFO - Filling up the DagBag from /opt/airflow/dags/spark_pipeline_dag.py
[2026-06-07T19:43:58.198+0000] {processor.py:840} INFO - DAG(s) 'spark_pipeline' retrieved from /opt/airflow/dags/spark_pipeline_dag.py
[2026-06-07T19:43:58.254+0000] {logging_mixin.py:188} INFO - [2026-06-07T19:43:58.254+0000] {dag.py:3036} INFO - Sync 1 DAGs
[2026-06-07T19:43:58.316+0000] {logging_mixin.py:188} INFO - [2026-06-07T19:43:58.315+0000] {dag.py:3823} INFO - Setting next_dagrun for spark_pipeline to 2026-06-07 00:00:00+00:00, run_after=2026-06-08 00:00:00+00:00
[2026-06-07T19:43:58.364+0000] {processor.py:183} INFO - Processing /opt/airflow/dags/spark_pipeline_dag.py took 0.396 seconds
[2026-06-07T19:44:29.202+0000] {processor.py:161} INFO - Started process (PID=20059) to work on /opt/airflow/dags/spark_pipeline_dag.py
[2026-06-07T19:44:29.204+0000] {processor.py:830} INFO - Processing file /opt/airflow/dags/spark_pipeline_dag.py for tasks to queue
[2026-06-07T19:44:29.206+0000] {logging_mixin.py:188} INFO - [2026-06-07T19:44:29.206+0000] {dagbag.py:538} INFO - Filling up the DagBag from /opt/airflow/dags/spark_pipeline_dag.py
[2026-06-07T19:44:29.429+0000] {processor.py:840} INFO - DAG(s) 'spark_pipeline' retrieved from /opt/airflow/dags/spark_pipeline_dag.py
[2026-06-07T19:44:29.500+0000] {logging_mixin.py:188} INFO - [2026-06-07T19:44:29.499+0000] {dag.py:3036} INFO - Sync 1 DAGs
[2026-06-07T19:44:29.562+0000] {logging_mixin.py:188} INFO - [2026-06-07T19:44:29.561+0000] {dag.py:3823} INFO - Setting next_dagrun for spark_pipeline to 2026-06-07 00:00:00+00:00, run_after=2026-06-08 00:00:00+00:00
[2026-06-07T19:44:29.626+0000] {processor.py:183} INFO - Processing /opt/airflow/dags/spark_pipeline_dag.py took 0.432 seconds
[2026-06-07T19:45:00.192+0000] {processor.py:161} INFO - Started process (PID=20071) to work on /opt/airflow/dags/spark_pipeline_dag.py
[2026-06-07T19:45:00.199+0000] {processor.py:830} INFO - Processing file /opt/airflow/dags/spark_pipeline_dag.py for tasks to queue
[2026-06-07T19:45:00.203+0000] {logging_mixin.py:188} INFO - [2026-06-07T19:45:00.202+0000] {dagbag.py:538} INFO - Filling up the DagBag from /opt/airflow/dags/spark_pipeline_dag.py
[2026-06-07T19:45:00.464+0000] {processor.py:840} INFO - DAG(s) 'spark_pipeline' retrieved from /opt/airflow/dags/spark_pipeline_dag.py
[2026-06-07T19:45:00.531+0000] {logging_mixin.py:188} INFO - [2026-06-07T19:45:00.531+0000] {dag.py:3036} INFO - Sync 1 DAGs
[2026-06-07T19:45:00.662+0000] {logging_mixin.py:188} INFO - [2026-06-07T19:45:00.661+0000] {dag.py:3823} INFO - Setting next_dagrun for spark_pipeline to 2026-06-07 00:00:00+00:00, run_after=2026-06-08 00:00:00+00:00
[2026-06-07T19:45:00.753+0000] {processor.py:183} INFO - Processing /opt/airflow/dags/spark_pipeline_dag.py took 0.580 seconds
[2026-06-07T19:45:31.407+0000] {processor.py:161} INFO - Started process (PID=20087) to work on /opt/airflow/dags/spark_pipeline_dag.py
[2026-06-07T19:45:31.410+0000] {processor.py:830} INFO - Processing file /opt/airflow/dags/spark_pipeline_dag.py for tasks to queue
[2026-06-07T19:45:31.413+0000] {logging_mixin.py:188} INFO - [2026-06-07T19:45:31.412+0000] {dagbag.py:538} INFO - Filling up the DagBag from /opt/airflow/dags/spark_pipeline_dag.py
[2026-06-07T19:45:31.571+0000] {processor.py:840} INFO - DAG(s) 'spark_pipeline' retrieved from /opt/airflow/dags/spark_pipeline_dag.py
[2026-06-07T19:45:31.622+0000] {logging_mixin.py:188} INFO - [2026-06-07T19:45:31.622+0000] {dag.py:3036} INFO - Sync 1 DAGs
[2026-06-07T19:45:31.690+0000] {logging_mixin.py:188} INFO - [2026-06-07T19:45:31.689+0000] {dag.py:3823} INFO - Setting next_dagrun for spark_pipeline to 2026-06-07 00:00:00+00:00, run_after=2026-06-08 00:00:00+00:00
[2026-06-07T19:45:31.747+0000] {processor.py:183} INFO - Processing /opt/airflow/dags/spark_pipeline_dag.py took 0.347 seconds
[2026-06-07T19:46:01.935+0000] {processor.py:161} INFO - Started process (PID=20106) to work on /opt/airflow/dags/spark_pipeline_dag.py
[2026-06-07T19:46:01.937+0000] {processor.py:830} INFO - Processing file /opt/airflow/dags/spark_pipeline_dag.py for tasks to queue
[2026-06-07T19:46:01.939+0000] {logging_mixin.py:188} INFO - [2026-06-07T19:46:01.939+0000] {dagbag.py:538} INFO - Filling up the DagBag from /opt/airflow/dags/spark_pipeline_dag.py
[2026-06-07T19:46:02.122+0000] {processor.py:840} INFO - DAG(s) 'spark_pipeline' retrieved from /opt/airflow/dags/spark_pipeline_dag.py
[2026-06-07T19:46:02.179+0000] {logging_mixin.py:188} INFO - [2026-06-07T19:46:02.178+0000] {dag.py:3036} INFO - Sync 1 DAGs
[2026-06-07T19:46:02.234+0000] {logging_mixin.py:188} INFO - [2026-06-07T19:46:02.234+0000] {dag.py:3823} INFO - Setting next_dagrun for spark_pipeline to 2026-06-07 00:00:00+00:00, run_after=2026-06-08 00:00:00+00:00
[2026-06-07T19:46:02.286+0000] {processor.py:183} INFO - Processing /opt/airflow/dags/spark_pipeline_dag.py took 0.360 seconds
[2026-06-07T19:46:33.102+0000] {processor.py:161} INFO - Started process (PID=20119) to work on /opt/airflow/dags/spark_pipeline_dag.py
[2026-06-07T19:46:33.105+0000] {processor.py:830} INFO - Processing file /opt/airflow/dags/spark_pipeline_dag.py for tasks to queue
[2026-06-07T19:46:33.109+0000] {logging_mixin.py:188} INFO - [2026-06-07T19:46:33.108+0000] {dagbag.py:538} INFO - Filling up the DagBag from /opt/airflow/dags/spark_pipeline_dag.py
[2026-06-07T19:46:33.380+0000] {processor.py:840} INFO - DAG(s) 'spark_pipeline' retrieved from /opt/airflow/dags/spark_pipeline_dag.py
[2026-06-07T19:46:33.442+0000] {logging_mixin.py:188} INFO - [2026-06-07T19:46:33.441+0000] {dag.py:3036} INFO - Sync 1 DAGs
[2026-06-07T19:46:33.518+0000] {logging_mixin.py:188} INFO - [2026-06-07T19:46:33.517+0000] {dag.py:3823} INFO - Setting next_dagrun for spark_pipeline to 2026-06-07 00:00:00+00:00, run_after=2026-06-08 00:00:00+00:00
[2026-06-07T19:46:33.587+0000] {processor.py:183} INFO - Processing /opt/airflow/dags/spark_pipeline_dag.py took 0.493 seconds
[2026-06-07T19:47:04.067+0000] {processor.py:161} INFO - Started process (PID=20140) to work on /opt/airflow/dags/spark_pipeline_dag.py
[2026-06-07T19:47:04.070+0000] {processor.py:830} INFO - Processing file /opt/airflow/dags/spark_pipeline_dag.py for tasks to queue
[2026-06-07T19:47:04.073+0000] {logging_mixin.py:188} INFO - [2026-06-07T19:47:04.072+0000] {dagbag.py:538} INFO - Filling up the DagBag from /opt/airflow/dags/spark_pipeline_dag.py
[2026-06-07T19:47:04.332+0000] {processor.py:840} INFO - DAG(s) 'spark_pipeline' retrieved from /opt/airflow/dags/spark_pipeline_dag.py
[2026-06-07T19:47:04.395+0000] {logging_mixin.py:188} INFO - [2026-06-07T19:47:04.394+0000] {dag.py:3036} INFO - Sync 1 DAGs
[2026-06-07T19:47:04.452+0000] {logging_mixin.py:188} INFO - [2026-06-07T19:47:04.452+0000] {dag.py:3823} INFO - Setting next_dagrun for spark_pipeline to 2026-06-07 00:00:00+00:00, run_after=2026-06-08 00:00:00+00:00
[2026-06-07T19:47:04.511+0000] {processor.py:183} INFO - Processing /opt/airflow/dags/spark_pipeline_dag.py took 0.453 seconds
[2026-06-07T19:47:35.304+0000] {processor.py:161} INFO - Started process (PID=20156) to work on /opt/airflow/dags/spark_pipeline_dag.py
[2026-06-07T19:47:35.306+0000] {processor.py:830} INFO - Processing file /opt/airflow/dags/spark_pipeline_dag.py for tasks to queue
[2026-06-07T19:47:35.309+0000] {logging_mixin.py:188} INFO - [2026-06-07T19:47:35.308+0000] {dagbag.py:538} INFO - Filling up the DagBag from /opt/airflow/dags/spark_pipeline_dag.py
[2026-06-07T19:47:35.501+0000] {processor.py:840} INFO - DAG(s) 'spark_pipeline' retrieved from /opt/airflow/dags/spark_pipeline_dag.py
[2026-06-07T19:47:35.555+0000] {logging_mixin.py:188} INFO - [2026-06-07T19:47:35.554+0000] {dag.py:3036} INFO - Sync 1 DAGs
[2026-06-07T19:47:35.616+0000] {logging_mixin.py:188} INFO - [2026-06-07T19:47:35.616+0000] {dag.py:3823} INFO - Setting next_dagrun for spark_pipeline to 2026-06-07 00:00:00+00:00, run_after=2026-06-08 00:00:00+00:00
[2026-06-07T19:47:35.666+0000] {processor.py:183} INFO - Processing /opt/airflow/dags/spark_pipeline_dag.py took 0.367 seconds
[2026-06-07T19:48:06.355+0000] {processor.py:161} INFO - Started process (PID=20172) to work on /opt/airflow/dags/spark_pipeline_dag.py
[2026-06-07T19:48:06.358+0000] {processor.py:830} INFO - Processing file /opt/airflow/dags/spark_pipeline_dag.py for tasks to queue
[2026-06-07T19:48:06.362+0000] {logging_mixin.py:188} INFO - [2026-06-07T19:48:06.362+0000] {dagbag.py:538} INFO - Filling up the DagBag from /opt/airflow/dags/spark_pipeline_dag.py
[2026-06-07T19:48:06.583+0000] {processor.py:840} INFO - DAG(s) 'spark_pipeline' retrieved from /opt/airflow/dags/spark_pipeline_dag.py
[2026-06-07T19:48:06.660+0000] {logging_mixin.py:188} INFO - [2026-06-07T19:48:06.659+0000] {dag.py:3036} INFO - Sync 1 DAGs
[2026-06-07T19:48:06.744+0000] {logging_mixin.py:188} INFO - [2026-06-07T19:48:06.743+0000] {dag.py:3823} INFO - Setting next_dagrun for spark_pipeline to 2026-06-07 00:00:00+00:00, run_after=2026-06-08 00:00:00+00:00
[2026-06-07T19:48:06.814+0000] {processor.py:183} INFO - Processing /opt/airflow/dags/spark_pipeline_dag.py took 0.468 seconds
[2026-06-07T19:48:37.029+0000] {processor.py:161} INFO - Started process (PID=20188) to work on /opt/airflow/dags/spark_pipeline_dag.py
[2026-06-07T19:48:37.031+0000] {processor.py:830} INFO - Processing file /opt/airflow/dags/spark_pipeline_dag.py for tasks to queue
[2026-06-07T19:48:37.034+0000] {logging_mixin.py:188} INFO - [2026-06-07T19:48:37.033+0000] {dagbag.py:538} INFO - Filling up the DagBag from /opt/airflow/dags/spark_pipeline_dag.py
[2026-06-07T19:48:37.232+0000] {processor.py:840} INFO - DAG(s) 'spark_pipeline' retrieved from /opt/airflow/dags/spark_pipeline_dag.py
[2026-06-07T19:48:37.285+0000] {logging_mixin.py:188} INFO - [2026-06-07T19:48:37.284+0000] {dag.py:3036} INFO - Sync 1 DAGs
[2026-06-07T19:48:37.333+0000] {logging_mixin.py:188} INFO - [2026-06-07T19:48:37.333+0000] {dag.py:3823} INFO - Setting next_dagrun for spark_pipeline to 2026-06-07 00:00:00+00:00, run_after=2026-06-08 00:00:00+00:00
[2026-06-07T19:48:37.380+0000] {processor.py:183} INFO - Processing /opt/airflow/dags/spark_pipeline_dag.py took 0.359 seconds
[2026-06-07T19:49:07.604+0000] {processor.py:161} INFO - Started process (PID=20204) to work on /opt/airflow/dags/spark_pipeline_dag.py
[2026-06-07T19:49:07.606+0000] {processor.py:830} INFO - Processing file /opt/airflow/dags/spark_pipeline_dag.py for tasks to queue
[2026-06-07T19:49:07.609+0000] {logging_mixin.py:188} INFO - [2026-06-07T19:49:07.608+0000] {dagbag.py:538} INFO - Filling up the DagBag from /opt/airflow/dags/spark_pipeline_dag.py
[2026-06-07T19:49:07.802+0000] {processor.py:840} INFO - DAG(s) 'spark_pipeline' retrieved from /opt/airflow/dags/spark_pipeline_dag.py
[2026-06-07T19:49:07.855+0000] {logging_mixin.py:188} INFO - [2026-06-07T19:49:07.854+0000] {dag.py:3036} INFO - Sync 1 DAGs
[2026-06-07T19:49:07.908+0000] {logging_mixin.py:188} INFO - [2026-06-07T19:49:07.908+0000] {dag.py:3823} INFO - Setting next_dagrun for spark_pipeline to 2026-06-07 00:00:00+00:00, run_after=2026-06-08 00:00:00+00:00
[2026-06-07T19:49:07.964+0000] {processor.py:183} INFO - Processing /opt/airflow/dags/spark_pipeline_dag.py took 0.367 seconds
[2026-06-07T19:49:38.253+0000] {processor.py:161} INFO - Started process (PID=20215) to work on /opt/airflow/dags/spark_pipeline_dag.py
[2026-06-07T19:49:38.255+0000] {processor.py:830} INFO - Processing file /opt/airflow/dags/spark_pipeline_dag.py for tasks to queue
[2026-06-07T19:49:38.259+0000] {logging_mixin.py:188} INFO - [2026-06-07T19:49:38.258+0000] {dagbag.py:538} INFO - Filling up the DagBag from /opt/airflow/dags/spark_pipeline_dag.py
[2026-06-07T19:49:38.484+0000] {processor.py:840} INFO - DAG(s) 'spark_pipeline' retrieved from /opt/airflow/dags/spark_pipeline_dag.py
[2026-06-07T19:49:38.559+0000] {logging_mixin.py:188} INFO - [2026-06-07T19:49:38.558+0000] {dag.py:3036} INFO - Sync 1 DAGs
[2026-06-07T19:49:38.629+0000] {logging_mixin.py:188} INFO - [2026-06-07T19:49:38.628+0000] {dag.py:3823} INFO - Setting next_dagrun for spark_pipeline to 2026-06-07 00:00:00+00:00, run_after=2026-06-08 00:00:00+00:00
[2026-06-07T19:49:38.698+0000] {processor.py:183} INFO - Processing /opt/airflow/dags/spark_pipeline_dag.py took 0.453 seconds
[2026-06-07T19:50:08.817+0000] {processor.py:161} INFO - Started process (PID=20231) to work on /opt/airflow/dags/spark_pipeline_dag.py
[2026-06-07T19:50:08.819+0000] {processor.py:830} INFO - Processing file /opt/airflow/dags/spark_pipeline_dag.py for tasks to queue
[2026-06-07T19:50:08.823+0000] {logging_mixin.py:188} INFO - [2026-06-07T19:50:08.822+0000] {dagbag.py:538} INFO - Filling up the DagBag from /opt/airflow/dags/spark_pipeline_dag.py
[2026-06-07T19:50:09.086+0000] {processor.py:840} INFO - DAG(s) 'spark_pipeline' retrieved from /opt/airflow/dags/spark_pipeline_dag.py
[2026-06-07T19:50:09.161+0000] {logging_mixin.py:188} INFO - [2026-06-07T19:50:09.161+0000] {dag.py:3036} INFO - Sync 1 DAGs
[2026-06-07T19:50:09.225+0000] {logging_mixin.py:188} INFO - [2026-06-07T19:50:09.224+0000] {dag.py:3823} INFO - Setting next_dagrun for spark_pipeline to 2026-06-07 00:00:00+00:00, run_after=2026-06-08 00:00:00+00:00
[2026-06-07T19:50:09.279+0000] {processor.py:183} INFO - Processing /opt/airflow/dags/spark_pipeline_dag.py took 0.469 seconds
[2026-06-07T19:50:39.861+0000] {processor.py:161} INFO - Started process (PID=20252) to work on /opt/airflow/dags/spark_pipeline_dag.py
[2026-06-07T19:50:39.864+0000] {processor.py:830} INFO - Processing file /opt/airflow/dags/spark_pipeline_dag.py for tasks to queue
[2026-06-07T19:50:39.867+0000] {logging_mixin.py:188} INFO - [2026-06-07T19:50:39.867+0000] {dagbag.py:538} INFO - Filling up the DagBag from /opt/airflow/dags/spark_pipeline_dag.py
[2026-06-07T19:50:40.197+0000] {processor.py:840} INFO - DAG(s) 'spark_pipeline' retrieved from /opt/airflow/dags/spark_pipeline_dag.py
[2026-06-07T19:50:40.272+0000] {logging_mixin.py:188} INFO - [2026-06-07T19:50:40.272+0000] {dag.py:3036} INFO - Sync 1 DAGs
[2026-06-07T19:50:40.328+0000] {logging_mixin.py:188} INFO - [2026-06-07T19:50:40.327+0000] {dag.py:3823} INFO - Setting next_dagrun for spark_pipeline to 2026-06-07 00:00:00+00:00, run_after=2026-06-08 00:00:00+00:00
[2026-06-07T19:50:40.372+0000] {processor.py:183} INFO - Processing /opt/airflow/dags/spark_pipeline_dag.py took 0.520 seconds
[2026-06-07T19:51:10.572+0000] {processor.py:161} INFO - Started process (PID=20268) to work on /opt/airflow/dags/spark_pipeline_dag.py
[2026-06-07T19:51:10.575+0000] {processor.py:830} INFO - Processing file /opt/airflow/dags/spark_pipeline_dag.py for tasks to queue
[2026-06-07T19:51:10.588+0000] {logging_mixin.py:188} INFO - [2026-06-07T19:51:10.587+0000] {dagbag.py:538} INFO - Filling up the DagBag from /opt/airflow/dags/spark_pipeline_dag.py
[2026-06-07T19:51:10.777+0000] {processor.py:840} INFO - DAG(s) 'spark_pipeline' retrieved from /opt/airflow/dags/spark_pipeline_dag.py
[2026-06-07T19:51:10.829+0000] {logging_mixin.py:188} INFO - [2026-06-07T19:51:10.828+0000] {dag.py:3036} INFO - Sync 1 DAGs
[2026-06-07T19:51:10.901+0000] {logging_mixin.py:188} INFO - [2026-06-07T19:51:10.900+0000] {dag.py:3823} INFO - Setting next_dagrun for spark_pipeline to 2026-06-07 00:00:00+00:00, run_after=2026-06-08 00:00:00+00:00
[2026-06-07T19:51:10.957+0000] {processor.py:183} INFO - Processing /opt/airflow/dags/spark_pipeline_dag.py took 0.395 seconds
[2026-06-07T19:51:41.097+0000] {processor.py:161} INFO - Started process (PID=20284) to work on /opt/airflow/dags/spark_pipeline_dag.py
[2026-06-07T19:51:41.100+0000] {processor.py:830} INFO - Processing file /opt/airflow/dags/spark_pipeline_dag.py for tasks to queue
[2026-06-07T19:51:41.104+0000] {logging_mixin.py:188} INFO - [2026-06-07T19:51:41.102+0000] {dagbag.py:538} INFO - Filling up the DagBag from /opt/airflow/dags/spark_pipeline_dag.py
[2026-06-07T19:51:41.355+0000] {processor.py:840} INFO - DAG(s) 'spark_pipeline' retrieved from /opt/airflow/dags/spark_pipeline_dag.py
[2026-06-07T19:51:41.419+0000] {logging_mixin.py:188} INFO - [2026-06-07T19:51:41.418+0000] {dag.py:3036} INFO - Sync 1 DAGs
[2026-06-07T19:51:41.470+0000] {logging_mixin.py:188} INFO - [2026-06-07T19:51:41.470+0000] {dag.py:3823} INFO - Setting next_dagrun for spark_pipeline to 2026-06-07 00:00:00+00:00, run_after=2026-06-08 00:00:00+00:00
[2026-06-07T19:51:41.521+0000] {processor.py:183} INFO - Processing /opt/airflow/dags/spark_pipeline_dag.py took 0.430 seconds
[2026-06-07T19:52:11.955+0000] {processor.py:161} INFO - Started process (PID=20300) to work on /opt/airflow/dags/spark_pipeline_dag.py
[2026-06-07T19:52:11.958+0000] {processor.py:830} INFO - Processing file /opt/airflow/dags/spark_pipeline_dag.py for tasks to queue
[2026-06-07T19:52:11.962+0000] {logging_mixin.py:188} INFO - [2026-06-07T19:52:11.961+0000] {dagbag.py:538} INFO - Filling up the DagBag from /opt/airflow/dags/spark_pipeline_dag.py
[2026-06-07T19:52:12.190+0000] {processor.py:840} INFO - DAG(s) 'spark_pipeline' retrieved from /opt/airflow/dags/spark_pipeline_dag.py
[2026-06-07T19:52:12.251+0000] {logging_mixin.py:188} INFO - [2026-06-07T19:52:12.251+0000] {dag.py:3036} INFO - Sync 1 DAGs
[2026-06-07T19:52:12.315+0000] {logging_mixin.py:188} INFO - [2026-06-07T19:52:12.314+0000] {dag.py:3823} INFO - Setting next_dagrun for spark_pipeline to 2026-06-07 00:00:00+00:00, run_after=2026-06-08 00:00:00+00:00
[2026-06-07T19:52:12.373+0000] {processor.py:183} INFO - Processing /opt/airflow/dags/spark_pipeline_dag.py took 0.427 seconds
[2026-06-07T19:52:43.164+0000] {processor.py:161} INFO - Started process (PID=20316) to work on /opt/airflow/dags/spark_pipeline_dag.py
[2026-06-07T19:52:43.166+0000] {processor.py:830} INFO - Processing file /opt/airflow/dags/spark_pipeline_dag.py for tasks to queue
[2026-06-07T19:52:43.168+0000] {logging_mixin.py:188} INFO - [2026-06-07T19:52:43.167+0000] {dagbag.py:538} INFO - Filling up the DagBag from /opt/airflow/dags/spark_pipeline_dag.py
[2026-06-07T19:52:43.374+0000] {processor.py:840} INFO - DAG(s) 'spark_pipeline' retrieved from /opt/airflow/dags/spark_pipeline_dag.py
[2026-06-07T19:52:43.430+0000] {logging_mixin.py:188} INFO - [2026-06-07T19:52:43.430+0000] {dag.py:3036} INFO - Sync 1 DAGs
[2026-06-07T19:52:43.489+0000] {logging_mixin.py:188} INFO - [2026-06-07T19:52:43.488+0000] {dag.py:3823} INFO - Setting next_dagrun for spark_pipeline to 2026-06-07 00:00:00+00:00, run_after=2026-06-08 00:00:00+00:00
[2026-06-07T19:52:43.543+0000] {processor.py:183} INFO - Processing /opt/airflow/dags/spark_pipeline_dag.py took 0.386 seconds
[2026-06-07T19:53:13.953+0000] {processor.py:161} INFO - Started process (PID=20332) to work on /opt/airflow/dags/spark_pipeline_dag.py
[2026-06-07T19:53:13.955+0000] {processor.py:830} INFO - Processing file /opt/airflow/dags/spark_pipeline_dag.py for tasks to queue
[2026-06-07T19:53:13.957+0000] {logging_mixin.py:188} INFO - [2026-06-07T19:53:13.956+0000] {dagbag.py:538} INFO - Filling up the DagBag from /opt/airflow/dags/spark_pipeline_dag.py
[2026-06-07T19:53:14.267+0000] {processor.py:840} INFO - DAG(s) 'spark_pipeline' retrieved from /opt/airflow/dags/spark_pipeline_dag.py
[2026-06-07T19:53:14.368+0000] {logging_mixin.py:188} INFO - [2026-06-07T19:53:14.367+0000] {dag.py:3036} INFO - Sync 1 DAGs
[2026-06-07T19:53:14.439+0000] {logging_mixin.py:188} INFO - [2026-06-07T19:53:14.439+0000] {dag.py:3823} INFO - Setting next_dagrun for spark_pipeline to 2026-06-07 00:00:00+00:00, run_after=2026-06-08 00:00:00+00:00
[2026-06-07T19:53:14.491+0000] {processor.py:183} INFO - Processing /opt/airflow/dags/spark_pipeline_dag.py took 0.544 seconds
[2026-06-07T19:53:44.733+0000] {processor.py:161} INFO - Started process (PID=20348) to work on /opt/airflow/dags/spark_pipeline_dag.py
[2026-06-07T19:53:44.736+0000] {processor.py:830} INFO - Processing file /opt/airflow/dags/spark_pipeline_dag.py for tasks to queue
[2026-06-07T19:53:44.738+0000] {logging_mixin.py:188} INFO - [2026-06-07T19:53:44.737+0000] {dagbag.py:538} INFO - Filling up the DagBag from /opt/airflow/dags/spark_pipeline_dag.py
[2026-06-07T19:53:44.951+0000] {processor.py:840} INFO - DAG(s) 'spark_pipeline' retrieved from /opt/airflow/dags/spark_pipeline_dag.py
[2026-06-07T19:53:45.005+0000] {logging_mixin.py:188} INFO - [2026-06-07T19:53:45.004+0000] {dag.py:3036} INFO - Sync 1 DAGs
[2026-06-07T19:53:45.055+0000] {logging_mixin.py:188} INFO - [2026-06-07T19:53:45.055+0000] {dag.py:3823} INFO - Setting next_dagrun for spark_pipeline to 2026-06-07 00:00:00+00:00, run_after=2026-06-08 00:00:00+00:00
[2026-06-07T19:53:45.169+0000] {processor.py:183} INFO - Processing /opt/airflow/dags/spark_pipeline_dag.py took 0.441 seconds
[2026-06-07T19:54:15.491+0000] {processor.py:161} INFO - Started process (PID=20364) to work on /opt/airflow/dags/spark_pipeline_dag.py
[2026-06-07T19:54:15.494+0000] {processor.py:830} INFO - Processing file /opt/airflow/dags/spark_pipeline_dag.py for tasks to queue
[2026-06-07T19:54:15.497+0000] {logging_mixin.py:188} INFO - [2026-06-07T19:54:15.496+0000] {dagbag.py:538} INFO - Filling up the DagBag from /opt/airflow/dags/spark_pipeline_dag.py
[2026-06-07T19:54:15.726+0000] {processor.py:840} INFO - DAG(s) 'spark_pipeline' retrieved from /opt/airflow/dags/spark_pipeline_dag.py
[2026-06-07T19:54:15.789+0000] {logging_mixin.py:188} INFO - [2026-06-07T19:54:15.788+0000] {dag.py:3036} INFO - Sync 1 DAGs
[2026-06-07T19:54:15.860+0000] {logging_mixin.py:188} INFO - [2026-06-07T19:54:15.860+0000] {dag.py:3823} INFO - Setting next_dagrun for spark_pipeline to 2026-06-07 00:00:00+00:00, run_after=2026-06-08 00:00:00+00:00
[2026-06-07T19:54:15.929+0000] {processor.py:183} INFO - Processing /opt/airflow/dags/spark_pipeline_dag.py took 0.444 seconds
[2026-06-07T19:54:46.056+0000] {processor.py:161} INFO - Started process (PID=20380) to work on /opt/airflow/dags/spark_pipeline_dag.py
[2026-06-07T19:54:46.058+0000] {processor.py:830} INFO - Processing file /opt/airflow/dags/spark_pipeline_dag.py for tasks to queue
[2026-06-07T19:54:46.061+0000] {logging_mixin.py:188} INFO - [2026-06-07T19:54:46.060+0000] {dagbag.py:538} INFO - Filling up the DagBag from /opt/airflow/dags/spark_pipeline_dag.py
[2026-06-07T19:54:46.299+0000] {processor.py:840} INFO - DAG(s) 'spark_pipeline' retrieved from /opt/airflow/dags/spark_pipeline_dag.py
[2026-06-07T19:54:46.367+0000] {logging_mixin.py:188} INFO - [2026-06-07T19:54:46.366+0000] {dag.py:3036} INFO - Sync 1 DAGs
[2026-06-07T19:54:46.431+0000] {logging_mixin.py:188} INFO - [2026-06-07T19:54:46.430+0000] {dag.py:3823} INFO - Setting next_dagrun for spark_pipeline to 2026-06-07 00:00:00+00:00, run_after=2026-06-08 00:00:00+00:00
[2026-06-07T19:54:46.486+0000] {processor.py:183} INFO - Processing /opt/airflow/dags/spark_pipeline_dag.py took 0.438 seconds
[2026-06-07T19:55:17.393+0000] {processor.py:161} INFO - Started process (PID=20396) to work on /opt/airflow/dags/spark_pipeline_dag.py
[2026-06-07T19:55:17.396+0000] {processor.py:830} INFO - Processing file /opt/airflow/dags/spark_pipeline_dag.py for tasks to queue
[2026-06-07T19:55:17.398+0000] {logging_mixin.py:188} INFO - [2026-06-07T19:55:17.398+0000] {dagbag.py:538} INFO - Filling up the DagBag from /opt/airflow/dags/spark_pipeline_dag.py
[2026-06-07T19:55:17.641+0000] {processor.py:840} INFO - DAG(s) 'spark_pipeline' retrieved from /opt/airflow/dags/spark_pipeline_dag.py
[2026-06-07T19:55:17.716+0000] {logging_mixin.py:188} INFO - [2026-06-07T19:55:17.716+0000] {dag.py:3036} INFO - Sync 1 DAGs
[2026-06-07T19:55:17.786+0000] {logging_mixin.py:188} INFO - [2026-06-07T19:55:17.785+0000] {dag.py:3823} INFO - Setting next_dagrun for spark_pipeline to 2026-06-07 00:00:00+00:00, run_after=2026-06-08 00:00:00+00:00
[2026-06-07T19:55:17.845+0000] {processor.py:183} INFO - Processing /opt/airflow/dags/spark_pipeline_dag.py took 0.462 seconds
[2026-06-07T19:55:48.686+0000] {processor.py:161} INFO - Started process (PID=20412) to work on /opt/airflow/dags/spark_pipeline_dag.py
[2026-06-07T19:55:48.688+0000] {processor.py:830} INFO - Processing file /opt/airflow/dags/spark_pipeline_dag.py for tasks to queue
[2026-06-07T19:55:48.690+0000] {logging_mixin.py:188} INFO - [2026-06-07T19:55:48.690+0000] {dagbag.py:538} INFO - Filling up the DagBag from /opt/airflow/dags/spark_pipeline_dag.py
[2026-06-07T19:55:48.952+0000] {processor.py:840} INFO - DAG(s) 'spark_pipeline' retrieved from /opt/airflow/dags/spark_pipeline_dag.py
[2026-06-07T19:55:49.014+0000] {logging_mixin.py:188} INFO - [2026-06-07T19:55:49.014+0000] {dag.py:3036} INFO - Sync 1 DAGs
[2026-06-07T19:55:49.071+0000] {logging_mixin.py:188} INFO - [2026-06-07T19:55:49.070+0000] {dag.py:3823} INFO - Setting next_dagrun for spark_pipeline to 2026-06-07 00:00:00+00:00, run_after=2026-06-08 00:00:00+00:00
[2026-06-07T19:55:49.117+0000] {processor.py:183} INFO - Processing /opt/airflow/dags/spark_pipeline_dag.py took 0.437 seconds
[2026-06-07T19:56:19.249+0000] {processor.py:161} INFO - Started process (PID=20428) to work on /opt/airflow/dags/spark_pipeline_dag.py
[2026-06-07T19:56:19.251+0000] {processor.py:830} INFO - Processing file /opt/airflow/dags/spark_pipeline_dag.py for tasks to queue
[2026-06-07T19:56:19.254+0000] {logging_mixin.py:188} INFO - [2026-06-07T19:56:19.253+0000] {dagbag.py:538} INFO - Filling up the DagBag from /opt/airflow/dags/spark_pipeline_dag.py
[2026-06-07T19:56:19.507+0000] {processor.py:840} INFO - DAG(s) 'spark_pipeline' retrieved from /opt/airflow/dags/spark_pipeline_dag.py
[2026-06-07T19:56:19.576+0000] {logging_mixin.py:188} INFO - [2026-06-07T19:56:19.576+0000] {dag.py:3036} INFO - Sync 1 DAGs
[2026-06-07T19:56:19.655+0000] {logging_mixin.py:188} INFO - [2026-06-07T19:56:19.655+0000] {dag.py:3823} INFO - Setting next_dagrun for spark_pipeline to 2026-06-07 00:00:00+00:00, run_after=2026-06-08 00:00:00+00:00
[2026-06-07T19:56:19.702+0000] {processor.py:183} INFO - Processing /opt/airflow/dags/spark_pipeline_dag.py took 0.460 seconds
[2026-06-07T19:56:49.961+0000] {processor.py:161} INFO - Started process (PID=20444) to work on /opt/airflow/dags/spark_pipeline_dag.py
[2026-06-07T19:56:49.963+0000] {processor.py:830} INFO - Processing file /opt/airflow/dags/spark_pipeline_dag.py for tasks to queue
[2026-06-07T19:56:49.969+0000] {logging_mixin.py:188} INFO - [2026-06-07T19:56:49.966+0000] {dagbag.py:538} INFO - Filling up the DagBag from /opt/airflow/dags/spark_pipeline_dag.py
[2026-06-07T19:56:50.199+0000] {processor.py:840} INFO - DAG(s) 'spark_pipeline' retrieved from /opt/airflow/dags/spark_pipeline_dag.py
[2026-06-07T19:56:50.261+0000] {logging_mixin.py:188} INFO - [2026-06-07T19:56:50.261+0000] {dag.py:3036} INFO - Sync 1 DAGs
[2026-06-07T19:56:50.334+0000] {logging_mixin.py:188} INFO - [2026-06-07T19:56:50.333+0000] {dag.py:3823} INFO - Setting next_dagrun for spark_pipeline to 2026-06-07 00:00:00+00:00, run_after=2026-06-08 00:00:00+00:00
[2026-06-07T19:56:50.396+0000] {processor.py:183} INFO - Processing /opt/airflow/dags/spark_pipeline_dag.py took 0.445 seconds
[2026-06-07T19:57:20.644+0000] {processor.py:161} INFO - Started process (PID=20460) to work on /opt/airflow/dags/spark_pipeline_dag.py
[2026-06-07T19:57:20.646+0000] {processor.py:830} INFO - Processing file /opt/airflow/dags/spark_pipeline_dag.py for tasks to queue
[2026-06-07T19:57:20.651+0000] {logging_mixin.py:188} INFO - [2026-06-07T19:57:20.650+0000] {dagbag.py:538} INFO - Filling up the DagBag from /opt/airflow/dags/spark_pipeline_dag.py
[2026-06-07T19:57:20.921+0000] {processor.py:840} INFO - DAG(s) 'spark_pipeline' retrieved from /opt/airflow/dags/spark_pipeline_dag.py
[2026-06-07T19:57:20.987+0000] {logging_mixin.py:188} INFO - [2026-06-07T19:57:20.987+0000] {dag.py:3036} INFO - Sync 1 DAGs
[2026-06-07T19:57:21.052+0000] {logging_mixin.py:188} INFO - [2026-06-07T19:57:21.052+0000] {dag.py:3823} INFO - Setting next_dagrun for spark_pipeline to 2026-06-07 00:00:00+00:00, run_after=2026-06-08 00:00:00+00:00
[2026-06-07T19:57:21.098+0000] {processor.py:183} INFO - Processing /opt/airflow/dags/spark_pipeline_dag.py took 0.463 seconds
[2026-06-07T19:57:51.416+0000] {processor.py:161} INFO - Started process (PID=20476) to work on /opt/airflow/dags/spark_pipeline_dag.py
[2026-06-07T19:57:51.418+0000] {processor.py:830} INFO - Processing file /opt/airflow/dags/spark_pipeline_dag.py for tasks to queue
[2026-06-07T19:57:51.424+0000] {logging_mixin.py:188} INFO - [2026-06-07T19:57:51.422+0000] {dagbag.py:538} INFO - Filling up the DagBag from /opt/airflow/dags/spark_pipeline_dag.py
[2026-06-07T19:57:51.643+0000] {processor.py:840} INFO - DAG(s) 'spark_pipeline' retrieved from /opt/airflow/dags/spark_pipeline_dag.py
[2026-06-07T19:57:51.714+0000] {logging_mixin.py:188} INFO - [2026-06-07T19:57:51.714+0000] {dag.py:3036} INFO - Sync 1 DAGs
[2026-06-07T19:57:51.780+0000] {logging_mixin.py:188} INFO - [2026-06-07T19:57:51.779+0000] {dag.py:3823} INFO - Setting next_dagrun for spark_pipeline to 2026-06-07 00:00:00+00:00, run_after=2026-06-08 00:00:00+00:00
[2026-06-07T19:57:51.837+0000] {processor.py:183} INFO - Processing /opt/airflow/dags/spark_pipeline_dag.py took 0.426 seconds
[2026-06-07T19:58:22.469+0000] {processor.py:161} INFO - Started process (PID=20492) to work on /opt/airflow/dags/spark_pipeline_dag.py
[2026-06-07T19:58:22.472+0000] {processor.py:830} INFO - Processing file /opt/airflow/dags/spark_pipeline_dag.py for tasks to queue
[2026-06-07T19:58:22.476+0000] {logging_mixin.py:188} INFO - [2026-06-07T19:58:22.475+0000] {dagbag.py:538} INFO - Filling up the DagBag from /opt/airflow/dags/spark_pipeline_dag.py
[2026-06-07T19:58:22.691+0000] {processor.py:840} INFO - DAG(s) 'spark_pipeline' retrieved from /opt/airflow/dags/spark_pipeline_dag.py
[2026-06-07T19:58:22.746+0000] {logging_mixin.py:188} INFO - [2026-06-07T19:58:22.746+0000] {dag.py:3036} INFO - Sync 1 DAGs
[2026-06-07T19:58:22.798+0000] {logging_mixin.py:188} INFO - [2026-06-07T19:58:22.798+0000] {dag.py:3823} INFO - Setting next_dagrun for spark_pipeline to 2026-06-07 00:00:00+00:00, run_after=2026-06-08 00:00:00+00:00
[2026-06-07T19:58:22.845+0000] {processor.py:183} INFO - Processing /opt/airflow/dags/spark_pipeline_dag.py took 0.388 seconds
[2026-06-07T19:58:53.261+0000] {processor.py:161} INFO - Started process (PID=20508) to work on /opt/airflow/dags/spark_pipeline_dag.py
[2026-06-07T19:58:53.263+0000] {processor.py:830} INFO - Processing file /opt/airflow/dags/spark_pipeline_dag.py for tasks to queue
[2026-06-07T19:58:53.265+0000] {logging_mixin.py:188} INFO - [2026-06-07T19:58:53.264+0000] {dagbag.py:538} INFO - Filling up the DagBag from /opt/airflow/dags/spark_pipeline_dag.py
[2026-06-07T19:58:53.465+0000] {processor.py:840} INFO - DAG(s) 'spark_pipeline' retrieved from /opt/airflow/dags/spark_pipeline_dag.py
[2026-06-07T19:58:53.524+0000] {logging_mixin.py:188} INFO - [2026-06-07T19:58:53.524+0000] {dag.py:3036} INFO - Sync 1 DAGs
[2026-06-07T19:58:53.576+0000] {logging_mixin.py:188} INFO - [2026-06-07T19:58:53.575+0000] {dag.py:3823} INFO - Setting next_dagrun for spark_pipeline to 2026-06-07 00:00:00+00:00, run_after=2026-06-08 00:00:00+00:00
[2026-06-07T19:58:53.629+0000] {processor.py:183} INFO - Processing /opt/airflow/dags/spark_pipeline_dag.py took 0.374 seconds
[2026-06-07T19:59:24.144+0000] {processor.py:161} INFO - Started process (PID=20524) to work on /opt/airflow/dags/spark_pipeline_dag.py
[2026-06-07T19:59:24.145+0000] {processor.py:830} INFO - Processing file /opt/airflow/dags/spark_pipeline_dag.py for tasks to queue
[2026-06-07T19:59:24.147+0000] {logging_mixin.py:188} INFO - [2026-06-07T19:59:24.147+0000] {dagbag.py:538} INFO - Filling up the DagBag from /opt/airflow/dags/spark_pipeline_dag.py
[2026-06-07T19:59:24.322+0000] {processor.py:840} INFO - DAG(s) 'spark_pipeline' retrieved from /opt/airflow/dags/spark_pipeline_dag.py
[2026-06-07T19:59:24.378+0000] {logging_mixin.py:188} INFO - [2026-06-07T19:59:24.378+0000] {dag.py:3036} INFO - Sync 1 DAGs
[2026-06-07T19:59:24.424+0000] {logging_mixin.py:188} INFO - [2026-06-07T19:59:24.424+0000] {dag.py:3823} INFO - Setting next_dagrun for spark_pipeline to 2026-06-07 00:00:00+00:00, run_after=2026-06-08 00:00:00+00:00
[2026-06-07T19:59:24.476+0000] {processor.py:183} INFO - Processing /opt/airflow/dags/spark_pipeline_dag.py took 0.337 seconds
[2026-06-07T19:59:55.235+0000] {processor.py:161} INFO - Started process (PID=20540) to work on /opt/airflow/dags/spark_pipeline_dag.py
[2026-06-07T19:59:55.238+0000] {processor.py:830} INFO - Processing file /opt/airflow/dags/spark_pipeline_dag.py for tasks to queue
[2026-06-07T19:59:55.243+0000] {logging_mixin.py:188} INFO - [2026-06-07T19:59:55.242+0000] {dagbag.py:538} INFO - Filling up the DagBag from /opt/airflow/dags/spark_pipeline_dag.py
[2026-06-07T19:59:55.483+0000] {processor.py:840} INFO - DAG(s) 'spark_pipeline' retrieved from /opt/airflow/dags/spark_pipeline_dag.py
[2026-06-07T19:59:55.565+0000] {logging_mixin.py:188} INFO - [2026-06-07T19:59:55.564+0000] {dag.py:3036} INFO - Sync 1 DAGs
[2026-06-07T19:59:55.638+0000] {logging_mixin.py:188} INFO - [2026-06-07T19:59:55.638+0000] {dag.py:3823} INFO - Setting next_dagrun for spark_pipeline to 2026-06-07 00:00:00+00:00, run_after=2026-06-08 00:00:00+00:00
[2026-06-07T19:59:55.698+0000] {processor.py:183} INFO - Processing /opt/airflow/dags/spark_pipeline_dag.py took 0.473 seconds
[2026-06-07T20:00:26.258+0000] {processor.py:161} INFO - Started process (PID=20556) to work on /opt/airflow/dags/spark_pipeline_dag.py
[2026-06-07T20:00:26.259+0000] {processor.py:830} INFO - Processing file /opt/airflow/dags/spark_pipeline_dag.py for tasks to queue
[2026-06-07T20:00:26.262+0000] {logging_mixin.py:188} INFO - [2026-06-07T20:00:26.262+0000] {dagbag.py:538} INFO - Filling up the DagBag from /opt/airflow/dags/spark_pipeline_dag.py
[2026-06-07T20:00:26.452+0000] {processor.py:840} INFO - DAG(s) 'spark_pipeline' retrieved from /opt/airflow/dags/spark_pipeline_dag.py
[2026-06-07T20:00:26.506+0000] {logging_mixin.py:188} INFO - [2026-06-07T20:00:26.506+0000] {dag.py:3036} INFO - Sync 1 DAGs
[2026-06-07T20:00:26.571+0000] {logging_mixin.py:188} INFO - [2026-06-07T20:00:26.570+0000] {dag.py:3823} INFO - Setting next_dagrun for spark_pipeline to 2026-06-07 00:00:00+00:00, run_after=2026-06-08 00:00:00+00:00
[2026-06-07T20:00:26.619+0000] {processor.py:183} INFO - Processing /opt/airflow/dags/spark_pipeline_dag.py took 0.366 seconds
