[2026-05-30T14:53:27.873+0000] {taskinstance.py:1956} INFO - Dependencies all met for dep_context=non-requeueable deps ti=<TaskInstance: dbt_pipeline.dbt_run scheduled__2026-05-29T00:00:00+00:00 [queued]>
[2026-05-30T14:53:27.923+0000] {taskinstance.py:1956} INFO - Dependencies all met for dep_context=requeueable deps ti=<TaskInstance: dbt_pipeline.dbt_run scheduled__2026-05-29T00:00:00+00:00 [queued]>
[2026-05-30T14:53:27.925+0000] {taskinstance.py:2170} INFO - Starting attempt 1 of 1
[2026-05-30T14:53:27.618+0000] {taskinstance.py:2191} INFO - Executing <Task(BashOperator): dbt_run> on 2026-05-29 00:00:00+00:00
[2026-05-30T14:53:27.672+0000] {standard_task_runner.py:60} INFO - Started process 9425 to run task
[2026-05-30T14:53:27.678+0000] {standard_task_runner.py:87} INFO - Running: ['***', 'tasks', 'run', 'dbt_pipeline', 'dbt_run', 'scheduled__2026-05-29T00:00:00+00:00', '--job-id', '153', '--raw', '--subdir', 'DAGS_FOLDER/dbt_pipeline_dag.py', '--cfg-path', '/tmp/tmpcj81y_yk']
[2026-05-30T14:53:27.695+0000] {standard_task_runner.py:88} INFO - Job 153: Subtask dbt_run
[2026-05-30T14:53:28.018+0000] {task_command.py:423} INFO - Running <TaskInstance: dbt_pipeline.dbt_run scheduled__2026-05-29T00:00:00+00:00 [running]> on host c5c53f6c77ae
[2026-05-30T14:53:28.518+0000] {taskinstance.py:2480} INFO - Exporting env vars: AIRFLOW_CTX_DAG_OWNER='***' AIRFLOW_CTX_DAG_ID='dbt_pipeline' AIRFLOW_CTX_TASK_ID='dbt_run' AIRFLOW_CTX_EXECUTION_DATE='2026-05-29T00:00:00+00:00' AIRFLOW_CTX_TRY_NUMBER='1' AIRFLOW_CTX_DAG_RUN_ID='scheduled__2026-05-29T00:00:00+00:00'
[2026-05-30T14:53:28.522+0000] {subprocess.py:63} INFO - Tmp dir root location: /tmp
[2026-05-30T14:53:28.532+0000] {subprocess.py:75} INFO - Running command: ['/usr/bin/bash', '-c', 'cd /opt/***/project/week7/de_journey && dbt run --profiles-dir /opt/***/project/week7/de_journey --no-version-check']
[2026-05-30T14:53:28.586+0000] {subprocess.py:86} INFO - Output:
[2026-05-30T14:53:38.545+0000] {subprocess.py:93} INFO - [0m14:53:38  Running with dbt=1.8.7
[2026-05-30T14:53:45.923+0000] {subprocess.py:93} INFO - [0m14:53:45  Registered adapter: bigquery=1.8.3
[2026-05-30T14:54:08.117+0000] {subprocess.py:93} INFO - [0m14:54:08  Found 2 models, 1 snapshot, 13 data tests, 1 source, 759 macros
[2026-05-30T14:54:08.135+0000] {subprocess.py:93} INFO - [0m14:54:08
[2026-05-30T14:54:10.783+0000] {subprocess.py:93} INFO - [0m14:54:10  Concurrency: 4 threads (target='dev')
[2026-05-30T14:54:10.798+0000] {subprocess.py:93} INFO - [0m14:54:10
[2026-05-30T14:54:10.858+0000] {subprocess.py:93} INFO - [0m14:54:10  1 of 2 START sql view model de_journey_dw_staging.stg_sales .................... [RUN]
[2026-05-30T14:54:13.218+0000] {subprocess.py:93} INFO - [0m14:54:13  1 of 2 OK created sql view model de_journey_dw_staging.stg_sales ............... [[32mCREATE VIEW (0 processed)[0m in 2.34s]
[2026-05-30T14:54:13.230+0000] {subprocess.py:93} INFO - [0m14:54:13  2 of 2 START sql incremental model de_journey_dw_marts.mart_sales_summary ...... [RUN]
[2026-05-30T14:54:18.842+0000] {subprocess.py:93} INFO - [0m14:54:18  2 of 2 OK created sql incremental model de_journey_dw_marts.mart_sales_summary . [[32mMERGE (0.0 rows, 278.0 Bytes processed)[0m in 5.60s]
[2026-05-30T14:54:18.902+0000] {subprocess.py:93} INFO - [0m14:54:18
[2026-05-30T14:54:18.904+0000] {subprocess.py:93} INFO - [0m14:54:18  Finished running 1 view model, 1 incremental model in 0 hours 0 minutes and 10.76 seconds (10.76s).
[2026-05-30T14:54:19.450+0000] {subprocess.py:93} INFO - [0m14:54:19
[2026-05-30T14:54:19.452+0000] {subprocess.py:93} INFO - [0m14:54:19  [32mCompleted successfully[0m
[2026-05-30T14:54:19.456+0000] {subprocess.py:93} INFO - [0m14:54:19
[2026-05-30T14:54:19.464+0000] {subprocess.py:93} INFO - [0m14:54:19  Done. PASS=2 WARN=0 ERROR=0 SKIP=0 TOTAL=2
[2026-05-30T14:54:22.016+0000] {subprocess.py:97} INFO - Command exited with return code 0
[2026-05-30T14:54:22.156+0000] {taskinstance.py:1138} INFO - Marking task as SUCCESS. dag_id=dbt_pipeline, task_id=dbt_run, execution_date=20260529T000000, start_date=20260530T145327, end_date=20260530T145422
[2026-05-30T14:54:22.276+0000] {local_task_job_runner.py:234} INFO - Task exited with return code 0
[2026-05-30T14:54:22.428+0000] {taskinstance.py:3280} INFO - 1 downstream tasks scheduled from follow-on schedule check
