[2026-04-24T18:56:02.694+0000] {taskinstance.py:1956} INFO - Dependencies all met for dep_context=non-requeueable deps ti=<TaskInstance: dbt_pipeline.dbt_run scheduled__2026-04-22T00:00:00+00:00 [queued]>
[2026-04-24T18:56:02.736+0000] {taskinstance.py:1956} INFO - Dependencies all met for dep_context=requeueable deps ti=<TaskInstance: dbt_pipeline.dbt_run scheduled__2026-04-22T00:00:00+00:00 [queued]>
[2026-04-24T18:56:02.738+0000] {taskinstance.py:2170} INFO - Starting attempt 1 of 1
[2026-04-24T18:56:03.260+0000] {taskinstance.py:2191} INFO - Executing <Task(BashOperator): dbt_run> on 2026-04-22 00:00:00+00:00
[2026-04-24T18:56:03.289+0000] {standard_task_runner.py:60} INFO - Started process 2135 to run task
[2026-04-24T18:56:03.378+0000] {standard_task_runner.py:87} INFO - Running: ['***', 'tasks', 'run', 'dbt_pipeline', 'dbt_run', 'scheduled__2026-04-22T00:00:00+00:00', '--job-id', '37', '--raw', '--subdir', 'DAGS_FOLDER/dbt_pipeline_dag.py', '--cfg-path', '/tmp/tmpy6t89c92']
[2026-04-24T18:56:03.384+0000] {standard_task_runner.py:88} INFO - Job 37: Subtask dbt_run
[2026-04-24T18:56:03.843+0000] {task_command.py:423} INFO - Running <TaskInstance: dbt_pipeline.dbt_run scheduled__2026-04-22T00:00:00+00:00 [running]> on host 1c7f92b4483e
[2026-04-24T18:56:05.067+0000] {taskinstance.py:2480} INFO - Exporting env vars: AIRFLOW_CTX_DAG_OWNER='***' AIRFLOW_CTX_DAG_ID='dbt_pipeline' AIRFLOW_CTX_TASK_ID='dbt_run' AIRFLOW_CTX_EXECUTION_DATE='2026-04-22T00:00:00+00:00' AIRFLOW_CTX_TRY_NUMBER='1' AIRFLOW_CTX_DAG_RUN_ID='scheduled__2026-04-22T00:00:00+00:00'
[2026-04-24T18:56:05.070+0000] {subprocess.py:63} INFO - Tmp dir root location: /tmp
[2026-04-24T18:56:05.347+0000] {subprocess.py:75} INFO - Running command: ['/usr/bin/bash', '-c', 'cd /opt/***/project/week7/de_journey && dbt run --profiles-dir /opt/***/project/week7/de_journey']
[2026-04-24T18:56:05.378+0000] {subprocess.py:86} INFO - Output:
[2026-04-24T18:56:26.964+0000] {subprocess.py:93} INFO - [0m18:56:26  Running with dbt=1.8.7
[2026-04-24T18:56:43.140+0000] {subprocess.py:93} INFO - [0m18:56:43  Registered adapter: bigquery=1.8.3
[2026-04-24T18:56:43.229+0000] {subprocess.py:93} INFO - [0m18:56:43  Unable to do partial parsing because of a version mismatch
[2026-04-24T18:57:01.347+0000] {subprocess.py:93} INFO - [0m18:57:01  [[33mWARNING[0m]: Deprecated functionality
[2026-04-24T18:57:01.355+0000] {subprocess.py:93} INFO - The `tests` config has been renamed to `data_tests`. Please see
[2026-04-24T18:57:01.356+0000] {subprocess.py:93} INFO - https://docs.getdbt.com/docs/build/data-tests#new-data_tests-syntax for more
[2026-04-24T18:57:01.357+0000] {subprocess.py:93} INFO - information.
[2026-04-24T18:57:04.302+0000] {subprocess.py:93} INFO - [0m18:57:04  Found 2 models, 10 data tests, 1 source, 480 macros
[2026-04-24T18:57:04.319+0000] {subprocess.py:93} INFO - [0m18:57:04
[2026-04-24T18:57:06.158+0000] {subprocess.py:93} INFO - [0m18:57:06  Concurrency: 4 threads (target='dev')
[2026-04-24T18:57:06.162+0000] {subprocess.py:93} INFO - [0m18:57:06
[2026-04-24T18:57:06.205+0000] {subprocess.py:93} INFO - [0m18:57:06  1 of 2 START sql view model de_journey_dw_staging.stg_sales .................... [RUN]
[2026-04-24T18:57:07.888+0000] {subprocess.py:93} INFO - [0m18:57:07  1 of 2 OK created sql view model de_journey_dw_staging.stg_sales ............... [[32mCREATE VIEW (0 processed)[0m in 1.66s]
[2026-04-24T18:57:07.912+0000] {subprocess.py:93} INFO - [0m18:57:07  2 of 2 START sql incremental model de_journey_dw_marts.mart_sales_summary ...... [RUN]
[2026-04-24T18:57:11.952+0000] {subprocess.py:93} INFO - [0m18:57:11  2 of 2 OK created sql incremental model de_journey_dw_marts.mart_sales_summary . [[32mMERGE (0.0 rows, 206.0 Bytes processed)[0m in 4.03s]
[2026-04-24T18:57:11.986+0000] {subprocess.py:93} INFO - [0m18:57:11
[2026-04-24T18:57:11.990+0000] {subprocess.py:93} INFO - [0m18:57:11  Finished running 1 view model, 1 incremental model in 0 hours 0 minutes and 7.66 seconds (7.66s).
[2026-04-24T18:57:12.273+0000] {subprocess.py:93} INFO - [0m18:57:12
[2026-04-24T18:57:12.277+0000] {subprocess.py:93} INFO - [0m18:57:12  [32mCompleted successfully[0m
[2026-04-24T18:57:12.279+0000] {subprocess.py:93} INFO - [0m18:57:12
[2026-04-24T18:57:12.281+0000] {subprocess.py:93} INFO - [0m18:57:12  Done. PASS=2 WARN=0 ERROR=0 SKIP=0 TOTAL=2
[2026-04-24T18:57:11.567+0000] {subprocess.py:97} INFO - Command exited with return code 0
[2026-04-24T18:57:11.665+0000] {taskinstance.py:1138} INFO - Marking task as SUCCESS. dag_id=dbt_pipeline, task_id=dbt_run, execution_date=20260422T000000, start_date=20260424T185602, end_date=20260424T185711
[2026-04-24T18:57:11.746+0000] {local_task_job_runner.py:234} INFO - Task exited with return code 0
[2026-04-24T18:57:11.817+0000] {taskinstance.py:3280} INFO - 1 downstream tasks scheduled from follow-on schedule check
