[2026-06-07T19:26:50.996+0000] {taskinstance.py:1956} INFO - Dependencies all met for dep_context=non-requeueable deps ti=<TaskInstance: spark_pipeline.dbt_run scheduled__2026-06-06T00:00:00+00:00 [queued]>
[2026-06-07T19:26:51.023+0000] {taskinstance.py:1956} INFO - Dependencies all met for dep_context=requeueable deps ti=<TaskInstance: spark_pipeline.dbt_run scheduled__2026-06-06T00:00:00+00:00 [queued]>
[2026-06-07T19:26:51.025+0000] {taskinstance.py:2170} INFO - Starting attempt 1 of 1
[2026-06-07T19:26:51.790+0000] {taskinstance.py:2191} INFO - Executing <Task(BashOperator): dbt_run> on 2026-06-06 00:00:00+00:00
[2026-06-07T19:26:51.799+0000] {standard_task_runner.py:60} INFO - Started process 19404 to run task
[2026-06-07T19:26:51.804+0000] {standard_task_runner.py:87} INFO - Running: ['***', 'tasks', 'run', 'spark_pipeline', 'dbt_run', 'scheduled__2026-06-06T00:00:00+00:00', '--job-id', '199', '--raw', '--subdir', 'DAGS_FOLDER/spark_pipeline_dag.py', '--cfg-path', '/tmp/tmp4o5ft01d']
[2026-06-07T19:26:51.813+0000] {standard_task_runner.py:88} INFO - Job 199: Subtask dbt_run
[2026-06-07T19:26:52.543+0000] {task_command.py:423} INFO - Running <TaskInstance: spark_pipeline.dbt_run scheduled__2026-06-06T00:00:00+00:00 [running]> on host c5c53f6c77ae
[2026-06-07T19:26:55.589+0000] {taskinstance.py:2480} INFO - Exporting env vars: AIRFLOW_CTX_DAG_OWNER='***' AIRFLOW_CTX_DAG_ID='spark_pipeline' AIRFLOW_CTX_TASK_ID='dbt_run' AIRFLOW_CTX_EXECUTION_DATE='2026-06-06T00:00:00+00:00' AIRFLOW_CTX_TRY_NUMBER='1' AIRFLOW_CTX_DAG_RUN_ID='scheduled__2026-06-06T00:00:00+00:00'
[2026-06-07T19:26:55.598+0000] {subprocess.py:63} INFO - Tmp dir root location: /tmp
[2026-06-07T19:26:55.757+0000] {subprocess.py:75} INFO - Running command: ['/usr/bin/bash', '-c', 'cd /opt/***/project/week7/de_journey && dbt run --profiles-dir /opt/***/project/week7/de_journey --no-version-check']
[2026-06-07T19:26:55.813+0000] {subprocess.py:86} INFO - Output:
[2026-06-07T19:28:49.908+0000] {subprocess.py:93} INFO - [0m19:28:49  Running with dbt=1.8.7
[2026-06-07T19:29:37.938+0000] {subprocess.py:93} INFO - [0m19:29:37  Registered adapter: bigquery=1.8.3
[2026-06-07T19:30:16.573+0000] {subprocess.py:93} INFO - [0m19:30:16  Found 2 models, 1 snapshot, 13 data tests, 1 source, 759 macros
[2026-06-07T19:30:16.583+0000] {subprocess.py:93} INFO - [0m19:30:16
[2026-06-07T19:30:18.804+0000] {subprocess.py:93} INFO - [0m19:30:18  Concurrency: 4 threads (target='dev')
[2026-06-07T19:30:18.806+0000] {subprocess.py:93} INFO - [0m19:30:18
[2026-06-07T19:30:19.078+0000] {subprocess.py:93} INFO - [0m19:30:19  1 of 2 START sql view model de_journey_dw_staging.stg_sales .................... [RUN]
[2026-06-07T19:30:20.601+0000] {subprocess.py:93} INFO - [0m19:30:20  1 of 2 OK created sql view model de_journey_dw_staging.stg_sales ............... [[32mCREATE VIEW (0 processed)[0m in 1.52s]
[2026-06-07T19:30:20.609+0000] {subprocess.py:93} INFO - [0m19:30:20  2 of 2 START sql incremental model de_journey_dw_marts.mart_sales_summary ...... [RUN]
[2026-06-07T19:30:24.943+0000] {subprocess.py:93} INFO - [0m19:30:24  2 of 2 OK created sql incremental model de_journey_dw_marts.mart_sales_summary . [[32mMERGE (0.0 rows, 278.0 Bytes processed)[0m in 4.33s]
[2026-06-07T19:30:24.959+0000] {subprocess.py:93} INFO - [0m19:30:24
[2026-06-07T19:30:24.961+0000] {subprocess.py:93} INFO - [0m19:30:24  Finished running 1 view model, 1 incremental model in 0 hours 0 minutes and 8.37 seconds (8.37s).
[2026-06-07T19:30:25.180+0000] {subprocess.py:93} INFO - [0m19:30:25
[2026-06-07T19:30:25.182+0000] {subprocess.py:93} INFO - [0m19:30:25  [32mCompleted successfully[0m
[2026-06-07T19:30:25.183+0000] {subprocess.py:93} INFO - [0m19:30:25
[2026-06-07T19:30:25.185+0000] {subprocess.py:93} INFO - [0m19:30:25  Done. PASS=2 WARN=0 ERROR=0 SKIP=0 TOTAL=2
[2026-06-07T19:30:28.124+0000] {subprocess.py:97} INFO - Command exited with return code 0
[2026-06-07T19:30:28.284+0000] {taskinstance.py:1138} INFO - Marking task as SUCCESS. dag_id=spark_pipeline, task_id=dbt_run, execution_date=20260606T000000, start_date=20260607T192650, end_date=20260607T193028
[2026-06-07T19:30:28.489+0000] {local_task_job_runner.py:234} INFO - Task exited with return code 0
[2026-06-07T19:30:28.543+0000] {taskinstance.py:3280} INFO - 1 downstream tasks scheduled from follow-on schedule check
