[2026-05-09T21:48:39.047+0000] {taskinstance.py:1956} INFO - Dependencies all met for dep_context=non-requeueable deps ti=<TaskInstance: spark_pipeline.dbt_run manual__2026-05-09T21:48:35.681542+00:00 [queued]>
[2026-05-09T21:48:39.068+0000] {taskinstance.py:1956} INFO - Dependencies all met for dep_context=requeueable deps ti=<TaskInstance: spark_pipeline.dbt_run manual__2026-05-09T21:48:35.681542+00:00 [queued]>
[2026-05-09T21:48:39.070+0000] {taskinstance.py:2170} INFO - Starting attempt 1 of 1
[2026-05-09T21:48:39.101+0000] {taskinstance.py:2191} INFO - Executing <Task(BashOperator): dbt_run> on 2026-05-09 21:48:35.681542+00:00
[2026-05-09T21:48:39.110+0000] {standard_task_runner.py:60} INFO - Started process 7190 to run task
[2026-05-09T21:48:39.113+0000] {standard_task_runner.py:87} INFO - Running: ['***', 'tasks', 'run', 'spark_pipeline', 'dbt_run', 'manual__2026-05-09T21:48:35.681542+00:00', '--job-id', '117', '--raw', '--subdir', 'DAGS_FOLDER/spark_pipeline_dag.py', '--cfg-path', '/tmp/tmp9a8dcuo5']
[2026-05-09T21:48:39.116+0000] {standard_task_runner.py:88} INFO - Job 117: Subtask dbt_run
[2026-05-09T21:48:39.214+0000] {task_command.py:423} INFO - Running <TaskInstance: spark_pipeline.dbt_run manual__2026-05-09T21:48:35.681542+00:00 [running]> on host c5c53f6c77ae
[2026-05-09T21:48:39.371+0000] {taskinstance.py:2480} INFO - Exporting env vars: AIRFLOW_CTX_DAG_OWNER='***' AIRFLOW_CTX_DAG_ID='spark_pipeline' AIRFLOW_CTX_TASK_ID='dbt_run' AIRFLOW_CTX_EXECUTION_DATE='2026-05-09T21:48:35.681542+00:00' AIRFLOW_CTX_TRY_NUMBER='1' AIRFLOW_CTX_DAG_RUN_ID='manual__2026-05-09T21:48:35.681542+00:00'
[2026-05-09T21:48:39.375+0000] {subprocess.py:63} INFO - Tmp dir root location: /tmp
[2026-05-09T21:48:39.378+0000] {subprocess.py:75} INFO - Running command: ['/usr/bin/bash', '-c', 'cd /opt/***/project/week7/de_journey && dbt run --profiles-dir /opt/***/project/week7/de_journey --no-version-check']
[2026-05-09T21:48:39.398+0000] {subprocess.py:86} INFO - Output:
[2026-05-09T21:48:43.750+0000] {subprocess.py:93} INFO - [0m21:48:43  Running with dbt=1.8.7
[2026-05-09T21:48:46.520+0000] {subprocess.py:93} INFO - [0m21:48:46  Registered adapter: bigquery=1.8.3
[2026-05-09T21:48:54.011+0000] {subprocess.py:93} INFO - [0m21:48:54  Found 2 models, 1 snapshot, 13 data tests, 1 source, 759 macros
[2026-05-09T21:48:54.020+0000] {subprocess.py:93} INFO - [0m21:48:54
[2026-05-09T21:48:55.857+0000] {subprocess.py:93} INFO - [0m21:48:55  Concurrency: 4 threads (target='dev')
[2026-05-09T21:48:55.859+0000] {subprocess.py:93} INFO - [0m21:48:55
[2026-05-09T21:48:55.882+0000] {subprocess.py:93} INFO - [0m21:48:55  1 of 2 START sql view model de_journey_dw_staging.stg_sales .................... [RUN]
[2026-05-09T21:49:04.670+0000] {subprocess.py:93} INFO - [0m21:49:04  1 of 2 OK created sql view model de_journey_dw_staging.stg_sales ............... [[32mCREATE VIEW (0 processed)[0m in 8.78s]
[2026-05-09T21:49:04.680+0000] {subprocess.py:93} INFO - [0m21:49:04  2 of 2 START sql incremental model de_journey_dw_marts.mart_sales_summary ...... [RUN]
[2026-05-09T21:49:08.617+0000] {subprocess.py:93} INFO - [0m21:49:08  2 of 2 OK created sql incremental model de_journey_dw_marts.mart_sales_summary . [[32mMERGE (0.0 rows, 278.0 Bytes processed)[0m in 3.93s]
[2026-05-09T21:49:08.634+0000] {subprocess.py:93} INFO - [0m21:49:08
[2026-05-09T21:49:08.636+0000] {subprocess.py:93} INFO - [0m21:49:08  Finished running 1 view model, 1 incremental model in 0 hours 0 minutes and 14.61 seconds (14.61s).
[2026-05-09T21:49:08.875+0000] {subprocess.py:93} INFO - [0m21:49:08
[2026-05-09T21:49:08.878+0000] {subprocess.py:93} INFO - [0m21:49:08  [32mCompleted successfully[0m
[2026-05-09T21:49:08.882+0000] {subprocess.py:93} INFO - [0m21:49:08
[2026-05-09T21:49:08.885+0000] {subprocess.py:93} INFO - [0m21:49:08  Done. PASS=2 WARN=0 ERROR=0 SKIP=0 TOTAL=2
[2026-05-09T21:49:10.765+0000] {subprocess.py:97} INFO - Command exited with return code 0
[2026-05-09T21:49:10.824+0000] {taskinstance.py:1138} INFO - Marking task as SUCCESS. dag_id=spark_pipeline, task_id=dbt_run, execution_date=20260509T214835, start_date=20260509T214839, end_date=20260509T214910
[2026-05-09T21:49:10.888+0000] {local_task_job_runner.py:234} INFO - Task exited with return code 0
[2026-05-09T21:49:10.941+0000] {taskinstance.py:3280} INFO - 1 downstream tasks scheduled from follow-on schedule check
