[2026-04-29T20:58:52.878+0000] {taskinstance.py:1956} INFO - Dependencies all met for dep_context=non-requeueable deps ti=<TaskInstance: dbt_pipeline.dbt_snapshot manual__2026-04-29T20:58:51.719255+00:00 [queued]>
[2026-04-29T20:58:52.909+0000] {taskinstance.py:1956} INFO - Dependencies all met for dep_context=requeueable deps ti=<TaskInstance: dbt_pipeline.dbt_snapshot manual__2026-04-29T20:58:51.719255+00:00 [queued]>
[2026-04-29T20:58:52.910+0000] {taskinstance.py:2170} INFO - Starting attempt 1 of 1
[2026-04-29T20:58:52.941+0000] {taskinstance.py:2191} INFO - Executing <Task(BashOperator): dbt_snapshot> on 2026-04-29 20:58:51.719255+00:00
[2026-04-29T20:58:52.949+0000] {standard_task_runner.py:60} INFO - Started process 310 to run task
[2026-04-29T20:58:52.954+0000] {standard_task_runner.py:87} INFO - Running: ['***', 'tasks', 'run', 'dbt_pipeline', 'dbt_snapshot', 'manual__2026-04-29T20:58:51.719255+00:00', '--job-id', '62', '--raw', '--subdir', 'DAGS_FOLDER/dbt_pipeline_dag.py', '--cfg-path', '/tmp/tmpoifj_bgx']
[2026-04-29T20:58:52.957+0000] {standard_task_runner.py:88} INFO - Job 62: Subtask dbt_snapshot
[2026-04-29T20:58:53.066+0000] {task_command.py:423} INFO - Running <TaskInstance: dbt_pipeline.dbt_snapshot manual__2026-04-29T20:58:51.719255+00:00 [running]> on host 1c7f92b4483e
[2026-04-29T20:58:53.259+0000] {taskinstance.py:2480} INFO - Exporting env vars: AIRFLOW_CTX_DAG_OWNER='***' AIRFLOW_CTX_DAG_ID='dbt_pipeline' AIRFLOW_CTX_TASK_ID='dbt_snapshot' AIRFLOW_CTX_EXECUTION_DATE='2026-04-29T20:58:51.719255+00:00' AIRFLOW_CTX_TRY_NUMBER='1' AIRFLOW_CTX_DAG_RUN_ID='manual__2026-04-29T20:58:51.719255+00:00'
[2026-04-29T20:58:53.262+0000] {subprocess.py:63} INFO - Tmp dir root location: /tmp
[2026-04-29T20:58:53.265+0000] {subprocess.py:75} INFO - Running command: ['/usr/bin/bash', '-c', 'cd /opt/***/project/week7/de_journey && dbt snapshot --profiles-dir /opt/***/project/week7/de_journey --no-version-check']
[2026-04-29T20:58:53.284+0000] {subprocess.py:86} INFO - Output:
[2026-04-29T20:58:56.148+0000] {subprocess.py:93} INFO - [0m20:58:56  Running with dbt=1.8.7
[2026-04-29T20:58:58.330+0000] {subprocess.py:93} INFO - [0m20:58:58  Registered adapter: bigquery=1.8.3
[2026-04-29T20:58:59.044+0000] {subprocess.py:93} INFO - [0m20:58:59  Unable to do partial parsing because of a version mismatch
[2026-04-29T20:59:10.922+0000] {subprocess.py:93} INFO - [0m20:59:10  [[33mWARNING[0m]: Deprecated functionality
[2026-04-29T20:59:10.924+0000] {subprocess.py:93} INFO - The `tests` config has been renamed to `data_tests`. Please see
[2026-04-29T20:59:10.926+0000] {subprocess.py:93} INFO - https://docs.getdbt.com/docs/build/data-tests#new-data_tests-syntax for more
[2026-04-29T20:59:10.927+0000] {subprocess.py:93} INFO - information.
[2026-04-29T20:59:11.324+0000] {subprocess.py:93} INFO - [0m20:59:11  Encountered an error:
[2026-04-29T20:59:11.325+0000] {subprocess.py:93} INFO - Compilation Error in test dbt_expectations_expect_column_value_lengths_to_be_between_stg_sales_2__100__customer_name (models/staging/schema.yml)
[2026-04-29T20:59:11.326+0000] {subprocess.py:93} INFO -   macro 'dbt_macro__test_expect_column_value_lengths_to_be_between' takes no keyword argument 'arguments'
[2026-04-29T20:59:12.526+0000] {subprocess.py:97} INFO - Command exited with return code 2
[2026-04-29T20:59:12.548+0000] {taskinstance.py:2698} ERROR - Task failed with exception
Traceback (most recent call last):
  File "/home/airflow/.local/lib/python3.8/site-packages/airflow/models/taskinstance.py", line 433, in _execute_task
    result = execute_callable(context=context, **execute_callable_kwargs)
  File "/home/airflow/.local/lib/python3.8/site-packages/airflow/operators/bash.py", line 212, in execute
    raise AirflowException(
airflow.exceptions.AirflowException: Bash command failed. The command returned a non-zero exit code 2.
[2026-04-29T20:59:12.554+0000] {taskinstance.py:1138} INFO - Marking task as FAILED. dag_id=dbt_pipeline, task_id=dbt_snapshot, execution_date=20260429T205851, start_date=20260429T205852, end_date=20260429T205912
[2026-04-29T20:59:12.587+0000] {standard_task_runner.py:107} ERROR - Failed to execute job 62 for task dbt_snapshot (Bash command failed. The command returned a non-zero exit code 2.; 310)
[2026-04-29T20:59:12.642+0000] {local_task_job_runner.py:234} INFO - Task exited with return code 1
[2026-04-29T20:59:12.693+0000] {taskinstance.py:3280} INFO - 0 downstream tasks scheduled from follow-on schedule check
