[2026-04-26T11:09:57.331+0000] {taskinstance.py:1956} INFO - Dependencies all met for dep_context=non-requeueable deps ti=<TaskInstance: dbt_pipeline.dbt_run scheduled__2026-04-25T00:00:00+00:00 [queued]>
[2026-04-26T11:09:57.364+0000] {taskinstance.py:1956} INFO - Dependencies all met for dep_context=requeueable deps ti=<TaskInstance: dbt_pipeline.dbt_run scheduled__2026-04-25T00:00:00+00:00 [queued]>
[2026-04-26T11:09:57.365+0000] {taskinstance.py:2170} INFO - Starting attempt 1 of 1
[2026-04-26T11:09:57.421+0000] {taskinstance.py:2191} INFO - Executing <Task(BashOperator): dbt_run> on 2026-04-25 00:00:00+00:00
[2026-04-26T11:09:57.433+0000] {standard_task_runner.py:60} INFO - Started process 3102 to run task
[2026-04-26T11:09:57.439+0000] {standard_task_runner.py:87} INFO - Running: ['***', 'tasks', 'run', 'dbt_pipeline', 'dbt_run', 'scheduled__2026-04-25T00:00:00+00:00', '--job-id', '51', '--raw', '--subdir', 'DAGS_FOLDER/dbt_pipeline_dag.py', '--cfg-path', '/tmp/tmpfqg9j387']
[2026-04-26T11:09:57.443+0000] {standard_task_runner.py:88} INFO - Job 51: Subtask dbt_run
[2026-04-26T11:09:57.557+0000] {task_command.py:423} INFO - Running <TaskInstance: dbt_pipeline.dbt_run scheduled__2026-04-25T00:00:00+00:00 [running]> on host 1c7f92b4483e
[2026-04-26T11:09:57.961+0000] {taskinstance.py:2480} INFO - Exporting env vars: AIRFLOW_CTX_DAG_OWNER='***' AIRFLOW_CTX_DAG_ID='dbt_pipeline' AIRFLOW_CTX_TASK_ID='dbt_run' AIRFLOW_CTX_EXECUTION_DATE='2026-04-25T00:00:00+00:00' AIRFLOW_CTX_TRY_NUMBER='1' AIRFLOW_CTX_DAG_RUN_ID='scheduled__2026-04-25T00:00:00+00:00'
[2026-04-26T11:09:57.964+0000] {subprocess.py:63} INFO - Tmp dir root location: /tmp
[2026-04-26T11:09:57.978+0000] {subprocess.py:75} INFO - Running command: ['/usr/bin/bash', '-c', 'cd /opt/***/project/week7/de_journey && dbt run --profiles-dir /opt/***/project/week7/de_journey']
[2026-04-26T11:09:58.029+0000] {subprocess.py:86} INFO - Output:
[2026-04-26T11:10:03.327+0000] {subprocess.py:93} INFO - [0m11:10:03  Running with dbt=1.8.7
[2026-04-26T11:10:06.852+0000] {subprocess.py:93} INFO - [0m11:10:06  Registered adapter: bigquery=1.8.3
[2026-04-26T11:10:11.857+0000] {subprocess.py:93} INFO - [0m11:10:11  Unable to do partial parsing because of a version mismatch
[2026-04-26T11:10:21.070+0000] {subprocess.py:93} INFO - [0m11:10:21  [[33mWARNING[0m]: Deprecated functionality
[2026-04-26T11:10:21.077+0000] {subprocess.py:93} INFO - The `tests` config has been renamed to `data_tests`. Please see
[2026-04-26T11:10:21.079+0000] {subprocess.py:93} INFO - https://docs.getdbt.com/docs/build/data-tests#new-data_tests-syntax for more
[2026-04-26T11:10:21.080+0000] {subprocess.py:93} INFO - information.
[2026-04-26T11:10:23.909+0000] {subprocess.py:93} INFO - [0m11:10:23  Found 2 models, 10 data tests, 1 source, 481 macros
[2026-04-26T11:10:23.917+0000] {subprocess.py:93} INFO - [0m11:10:23
[2026-04-26T11:10:26.249+0000] {subprocess.py:93} INFO - [0m11:10:26  Concurrency: 4 threads (target='dev')
[2026-04-26T11:10:26.252+0000] {subprocess.py:93} INFO - [0m11:10:26
[2026-04-26T11:10:26.284+0000] {subprocess.py:93} INFO - [0m11:10:26  1 of 2 START sql view model de_journey_dw_staging.stg_sales .................... [RUN]
[2026-04-26T11:10:27.843+0000] {subprocess.py:93} INFO - [0m11:10:27  1 of 2 OK created sql view model de_journey_dw_staging.stg_sales ............... [[32mCREATE VIEW (0 processed)[0m in 1.55s]
[2026-04-26T11:10:27.853+0000] {subprocess.py:93} INFO - [0m11:10:27  2 of 2 START sql incremental model de_journey_dw_marts.mart_sales_summary ...... [RUN]
[2026-04-26T11:10:31.656+0000] {subprocess.py:93} INFO - [0m11:10:31  2 of 2 OK created sql incremental model de_journey_dw_marts.mart_sales_summary . [[32mMERGE (0.0 rows, 278.0 Bytes processed)[0m in 3.80s]
[2026-04-26T11:10:31.675+0000] {subprocess.py:93} INFO - [0m11:10:31
[2026-04-26T11:10:31.677+0000] {subprocess.py:93} INFO - [0m11:10:31  Finished running 1 view model, 1 incremental model in 0 hours 0 minutes and 7.75 seconds (7.75s).
[2026-04-26T11:10:31.914+0000] {subprocess.py:93} INFO - [0m11:10:31
[2026-04-26T11:10:31.916+0000] {subprocess.py:93} INFO - [0m11:10:31  [32mCompleted successfully[0m
[2026-04-26T11:10:31.918+0000] {subprocess.py:93} INFO - [0m11:10:31
[2026-04-26T11:10:31.920+0000] {subprocess.py:93} INFO - [0m11:10:31  Done. PASS=2 WARN=0 ERROR=0 SKIP=0 TOTAL=2
[2026-04-26T11:10:33.583+0000] {subprocess.py:97} INFO - Command exited with return code 0
[2026-04-26T11:10:33.766+0000] {taskinstance.py:1138} INFO - Marking task as SUCCESS. dag_id=dbt_pipeline, task_id=dbt_run, execution_date=20260425T000000, start_date=20260426T110957, end_date=20260426T111033
[2026-04-26T11:10:33.883+0000] {local_task_job_runner.py:234} INFO - Task exited with return code 0
[2026-04-26T11:10:33.920+0000] {taskinstance.py:3280} INFO - 1 downstream tasks scheduled from follow-on schedule check
