[2026-04-21T18:44:48.237+0000] {taskinstance.py:1956} INFO - Dependencies all met for dep_context=non-requeueable deps ti=<TaskInstance: dbt_pipeline.dbt_run manual__2026-04-21T18:44:47.191376+00:00 [queued]>
[2026-04-21T18:44:48.259+0000] {taskinstance.py:1956} INFO - Dependencies all met for dep_context=requeueable deps ti=<TaskInstance: dbt_pipeline.dbt_run manual__2026-04-21T18:44:47.191376+00:00 [queued]>
[2026-04-21T18:44:48.260+0000] {taskinstance.py:2170} INFO - Starting attempt 1 of 1
[2026-04-21T18:44:48.302+0000] {taskinstance.py:2191} INFO - Executing <Task(BashOperator): dbt_run> on 2026-04-21 18:44:47.191376+00:00
[2026-04-21T18:44:48.310+0000] {standard_task_runner.py:60} INFO - Started process 555 to run task
[2026-04-21T18:44:48.316+0000] {standard_task_runner.py:87} INFO - Running: ['***', 'tasks', 'run', 'dbt_pipeline', 'dbt_run', 'manual__2026-04-21T18:44:47.191376+00:00', '--job-id', '28', '--raw', '--subdir', 'DAGS_FOLDER/dbt_pipeline_dag.py', '--cfg-path', '/tmp/tmpzlww5wrj']
[2026-04-21T18:44:48.321+0000] {standard_task_runner.py:88} INFO - Job 28: Subtask dbt_run
[2026-04-21T18:44:48.441+0000] {task_command.py:423} INFO - Running <TaskInstance: dbt_pipeline.dbt_run manual__2026-04-21T18:44:47.191376+00:00 [running]> on host 1c7f92b4483e
[2026-04-21T18:44:48.673+0000] {taskinstance.py:2480} INFO - Exporting env vars: AIRFLOW_CTX_DAG_OWNER='***' AIRFLOW_CTX_DAG_ID='dbt_pipeline' AIRFLOW_CTX_TASK_ID='dbt_run' AIRFLOW_CTX_EXECUTION_DATE='2026-04-21T18:44:47.191376+00:00' AIRFLOW_CTX_TRY_NUMBER='1' AIRFLOW_CTX_DAG_RUN_ID='manual__2026-04-21T18:44:47.191376+00:00'
[2026-04-21T18:44:48.676+0000] {subprocess.py:63} INFO - Tmp dir root location: /tmp
[2026-04-21T18:44:48.678+0000] {subprocess.py:75} INFO - Running command: ['/usr/bin/bash', '-c', 'cd /opt/***/project/week7/de_journey && dbt run --profiles-dir /opt/***/project/week7/de_journey']
[2026-04-21T18:44:48.703+0000] {subprocess.py:86} INFO - Output:
[2026-04-21T18:44:52.774+0000] {subprocess.py:93} INFO - [0m18:44:52  Running with dbt=1.8.7
[2026-04-21T18:44:54.948+0000] {subprocess.py:93} INFO - [0m18:44:54  Registered adapter: bigquery=1.8.3
[2026-04-21T18:44:56.526+0000] {subprocess.py:93} INFO - [0m18:44:56  Found 2 models, 9 data tests, 1 source, 479 macros
[2026-04-21T18:44:56.533+0000] {subprocess.py:93} INFO - [0m18:44:56
[2026-04-21T18:44:56.565+0000] {subprocess.py:93} INFO - [0m18:44:56
[2026-04-21T18:44:56.568+0000] {subprocess.py:93} INFO - [0m18:44:56  Finished running  in 0 hours 0 minutes and 0.03 seconds (0.03s).
[2026-04-21T18:44:56.574+0000] {subprocess.py:93} INFO - [0m18:44:56  Encountered an error:
[2026-04-21T18:44:56.575+0000] {subprocess.py:93} INFO - Database Error
[2026-04-21T18:44:56.576+0000] {subprocess.py:93} INFO -   [Errno 2] No such file or directory: 'C:\\Users\\Ziyad\\OneDrive\\Desktop\\de-journey\\gcp-key.json'
[2026-04-21T18:44:57.856+0000] {subprocess.py:97} INFO - Command exited with return code 2
[2026-04-21T18:44:57.879+0000] {taskinstance.py:2698} ERROR - Task failed with exception
Traceback (most recent call last):
  File "/home/airflow/.local/lib/python3.8/site-packages/airflow/models/taskinstance.py", line 433, in _execute_task
    result = execute_callable(context=context, **execute_callable_kwargs)
  File "/home/airflow/.local/lib/python3.8/site-packages/airflow/operators/bash.py", line 212, in execute
    raise AirflowException(
airflow.exceptions.AirflowException: Bash command failed. The command returned a non-zero exit code 2.
[2026-04-21T18:44:57.886+0000] {taskinstance.py:1138} INFO - Marking task as FAILED. dag_id=dbt_pipeline, task_id=dbt_run, execution_date=20260421T184447, start_date=20260421T184448, end_date=20260421T184457
[2026-04-21T18:44:57.911+0000] {standard_task_runner.py:107} ERROR - Failed to execute job 28 for task dbt_run (Bash command failed. The command returned a non-zero exit code 2.; 555)
[2026-04-21T18:44:57.961+0000] {local_task_job_runner.py:234} INFO - Task exited with return code 1
[2026-04-21T18:44:58.004+0000] {taskinstance.py:3280} INFO - 0 downstream tasks scheduled from follow-on schedule check
