[2026-06-06T18:29:41.405+0000] {taskinstance.py:1956} INFO - Dependencies all met for dep_context=non-requeueable deps ti=<TaskInstance: dbt_pipeline.dbt_snapshot scheduled__2026-06-01T00:00:00+00:00 [queued]>
[2026-06-06T18:29:41.463+0000] {taskinstance.py:1956} INFO - Dependencies all met for dep_context=requeueable deps ti=<TaskInstance: dbt_pipeline.dbt_snapshot scheduled__2026-06-01T00:00:00+00:00 [queued]>
[2026-06-06T18:29:41.479+0000] {taskinstance.py:2170} INFO - Starting attempt 1 of 1
[2026-06-06T18:29:41.552+0000] {taskinstance.py:2191} INFO - Executing <Task(BashOperator): dbt_snapshot> on 2026-06-01 00:00:00+00:00
[2026-06-06T18:29:41.596+0000] {standard_task_runner.py:60} INFO - Started process 15093 to run task
[2026-06-06T18:29:41.602+0000] {standard_task_runner.py:87} INFO - Running: ['***', 'tasks', 'run', 'dbt_pipeline', 'dbt_snapshot', 'scheduled__2026-06-01T00:00:00+00:00', '--job-id', '173', '--raw', '--subdir', 'DAGS_FOLDER/dbt_pipeline_dag.py', '--cfg-path', '/tmp/tmp0hegz6zh']
[2026-06-06T18:29:41.646+0000] {standard_task_runner.py:88} INFO - Job 173: Subtask dbt_snapshot
[2026-06-06T18:29:42.179+0000] {task_command.py:423} INFO - Running <TaskInstance: dbt_pipeline.dbt_snapshot scheduled__2026-06-01T00:00:00+00:00 [running]> on host c5c53f6c77ae
[2026-06-06T18:29:42.731+0000] {taskinstance.py:2480} INFO - Exporting env vars: AIRFLOW_CTX_DAG_OWNER='***' AIRFLOW_CTX_DAG_ID='dbt_pipeline' AIRFLOW_CTX_TASK_ID='dbt_snapshot' AIRFLOW_CTX_EXECUTION_DATE='2026-06-01T00:00:00+00:00' AIRFLOW_CTX_TRY_NUMBER='1' AIRFLOW_CTX_DAG_RUN_ID='scheduled__2026-06-01T00:00:00+00:00'
[2026-06-06T18:29:42.768+0000] {subprocess.py:63} INFO - Tmp dir root location: /tmp
[2026-06-06T18:29:42.778+0000] {subprocess.py:75} INFO - Running command: ['/usr/bin/bash', '-c', 'cd /opt/***/project/week7/de_journey && dbt snapshot --profiles-dir /opt/***/project/week7/de_journey --no-version-check']
[2026-06-06T18:29:42.847+0000] {subprocess.py:86} INFO - Output:
[2026-06-06T18:30:12.115+0000] {subprocess.py:93} INFO - [0m18:30:12  Running with dbt=1.8.7
[2026-06-06T18:30:28.876+0000] {subprocess.py:93} INFO - [0m18:30:28  Registered adapter: bigquery=1.8.3
[2026-06-06T18:30:47.746+0000] {subprocess.py:93} INFO - [0m18:30:47  Found 2 models, 1 snapshot, 13 data tests, 1 source, 759 macros
[2026-06-06T18:30:47.767+0000] {subprocess.py:93} INFO - [0m18:30:47
[2026-06-06T18:30:51.117+0000] {subprocess.py:93} INFO - [0m18:30:51  Concurrency: 4 threads (target='dev')
[2026-06-06T18:30:51.120+0000] {subprocess.py:93} INFO - [0m18:30:51
[2026-06-06T18:30:51.148+0000] {subprocess.py:93} INFO - [0m18:30:51  1 of 1 START snapshot snapshots.sales_snapshot ................................. [RUN]
[2026-06-06T18:31:09.823+0000] {subprocess.py:93} INFO - [0m18:31:09  BigQuery adapter: https://console.cloud.google.com/bigquery?project=de-journey-492321&j=bq:EU:f589965e-149d-4d3f-aa88-cf9fb6d77817&page=queryresults
[2026-06-06T18:31:09.897+0000] {subprocess.py:93} INFO - [0m18:31:09  1 of 1 ERROR snapshotting snapshots.sales_snapshot ............................. [[31mERROR[0m in 18.73s]
[2026-06-06T18:31:09.921+0000] {subprocess.py:93} INFO - [0m18:31:09
[2026-06-06T18:31:09.923+0000] {subprocess.py:93} INFO - [0m18:31:09  Finished running 1 snapshot in 0 hours 0 minutes and 22.15 seconds (22.15s).
[2026-06-06T18:31:10.264+0000] {subprocess.py:93} INFO - [0m18:31:10
[2026-06-06T18:31:10.267+0000] {subprocess.py:93} INFO - [0m18:31:10  [31mCompleted with 1 error and 0 warnings:[0m
[2026-06-06T18:31:10.269+0000] {subprocess.py:93} INFO - [0m18:31:10
[2026-06-06T18:31:10.272+0000] {subprocess.py:93} INFO - [0m18:31:10    Database Error in snapshot sales_snapshot (snapshots/sales_snapshot.sql)
[2026-06-06T18:31:10.281+0000] {subprocess.py:93} INFO -   Not found: Table de-journey-492321:snapshots.sales_snapshot__dbt_tmp was not found in location EU
[2026-06-06T18:31:10.287+0000] {subprocess.py:93} INFO -   compiled code at target/run/de_journey/snapshots/sales_snapshot.sql
[2026-06-06T18:31:10.289+0000] {subprocess.py:93} INFO - [0m18:31:10
[2026-06-06T18:31:10.291+0000] {subprocess.py:93} INFO - [0m18:31:10  Done. PASS=0 WARN=0 ERROR=1 SKIP=0 TOTAL=1
[2026-06-06T18:31:12.088+0000] {subprocess.py:97} INFO - Command exited with return code 1
[2026-06-06T18:31:12.120+0000] {taskinstance.py:2698} ERROR - Task failed with exception
Traceback (most recent call last):
  File "/home/airflow/.local/lib/python3.8/site-packages/airflow/models/taskinstance.py", line 433, in _execute_task
    result = execute_callable(context=context, **execute_callable_kwargs)
  File "/home/airflow/.local/lib/python3.8/site-packages/airflow/operators/bash.py", line 212, in execute
    raise AirflowException(
airflow.exceptions.AirflowException: Bash command failed. The command returned a non-zero exit code 1.
[2026-06-06T18:31:12.130+0000] {taskinstance.py:1138} INFO - Marking task as FAILED. dag_id=dbt_pipeline, task_id=dbt_snapshot, execution_date=20260601T000000, start_date=20260606T182941, end_date=20260606T183112
[2026-06-06T18:31:12.176+0000] {standard_task_runner.py:107} ERROR - Failed to execute job 173 for task dbt_snapshot (Bash command failed. The command returned a non-zero exit code 1.; 15093)
[2026-06-06T18:31:12.209+0000] {local_task_job_runner.py:234} INFO - Task exited with return code 1
[2026-06-06T18:31:12.271+0000] {taskinstance.py:3280} INFO - 0 downstream tasks scheduled from follow-on schedule check
