[2026-05-31T20:10:48.710+0000] {taskinstance.py:1956} INFO - Dependencies all met for dep_context=non-requeueable deps ti=<TaskInstance: dbt_pipeline.dbt_run scheduled__2026-05-30T00:00:00+00:00 [queued]>
[2026-05-31T20:10:48.731+0000] {taskinstance.py:1956} INFO - Dependencies all met for dep_context=requeueable deps ti=<TaskInstance: dbt_pipeline.dbt_run scheduled__2026-05-30T00:00:00+00:00 [queued]>
[2026-05-31T20:10:48.733+0000] {taskinstance.py:2170} INFO - Starting attempt 1 of 1
[2026-05-31T20:10:51.233+0000] {taskinstance.py:2191} INFO - Executing <Task(BashOperator): dbt_run> on 2026-05-30 00:00:00+00:00
[2026-05-31T20:10:51.242+0000] {standard_task_runner.py:60} INFO - Started process 12242 to run task
[2026-05-31T20:10:51.246+0000] {standard_task_runner.py:87} INFO - Running: ['***', 'tasks', 'run', 'dbt_pipeline', 'dbt_run', 'scheduled__2026-05-30T00:00:00+00:00', '--job-id', '167', '--raw', '--subdir', 'DAGS_FOLDER/dbt_pipeline_dag.py', '--cfg-path', '/tmp/tmp2nicn3zx']
[2026-05-31T20:10:51.249+0000] {standard_task_runner.py:88} INFO - Job 167: Subtask dbt_run
[2026-05-31T20:10:52.791+0000] {task_command.py:423} INFO - Running <TaskInstance: dbt_pipeline.dbt_run scheduled__2026-05-30T00:00:00+00:00 [running]> on host c5c53f6c77ae
[2026-05-31T20:10:53.197+0000] {taskinstance.py:2480} INFO - Exporting env vars: AIRFLOW_CTX_DAG_OWNER='***' AIRFLOW_CTX_DAG_ID='dbt_pipeline' AIRFLOW_CTX_TASK_ID='dbt_run' AIRFLOW_CTX_EXECUTION_DATE='2026-05-30T00:00:00+00:00' AIRFLOW_CTX_TRY_NUMBER='1' AIRFLOW_CTX_DAG_RUN_ID='scheduled__2026-05-30T00:00:00+00:00'
[2026-05-31T20:10:53.207+0000] {subprocess.py:63} INFO - Tmp dir root location: /tmp
[2026-05-31T20:10:53.217+0000] {subprocess.py:75} INFO - Running command: ['/usr/bin/bash', '-c', 'cd /opt/***/project/week7/de_journey && dbt run --profiles-dir /opt/***/project/week7/de_journey --no-version-check']
[2026-05-31T20:10:53.246+0000] {subprocess.py:86} INFO - Output:
[2026-05-31T20:10:58.130+0000] {subprocess.py:93} INFO - [0m20:10:58  Running with dbt=1.8.7
[2026-05-31T20:11:00.727+0000] {subprocess.py:93} INFO - [0m20:11:00  Registered adapter: bigquery=1.8.3
[2026-05-31T20:11:05.856+0000] {subprocess.py:93} INFO - [0m20:11:05  Found 2 models, 1 snapshot, 13 data tests, 1 source, 759 macros
[2026-05-31T20:11:05.865+0000] {subprocess.py:93} INFO - [0m20:11:05
[2026-05-31T20:11:07.333+0000] {subprocess.py:93} INFO - [0m20:11:07  Concurrency: 4 threads (target='dev')
[2026-05-31T20:11:07.335+0000] {subprocess.py:93} INFO - [0m20:11:07
[2026-05-31T20:11:07.353+0000] {subprocess.py:93} INFO - [0m20:11:07  1 of 2 START sql view model de_journey_dw_staging.stg_sales .................... [RUN]
[2026-05-31T20:11:09.144+0000] {subprocess.py:93} INFO - [0m20:11:09  1 of 2 OK created sql view model de_journey_dw_staging.stg_sales ............... [[32mCREATE VIEW (0 processed)[0m in 1.78s]
[2026-05-31T20:11:09.153+0000] {subprocess.py:93} INFO - [0m20:11:09  2 of 2 START sql incremental model de_journey_dw_marts.mart_sales_summary ...... [RUN]
[2026-05-31T20:11:12.488+0000] {subprocess.py:93} INFO - [0m20:11:12  2 of 2 OK created sql incremental model de_journey_dw_marts.mart_sales_summary . [[32mMERGE (0.0 rows, 278.0 Bytes processed)[0m in 3.33s]
[2026-05-31T20:11:12.506+0000] {subprocess.py:93} INFO - [0m20:11:12
[2026-05-31T20:11:12.510+0000] {subprocess.py:93} INFO - [0m20:11:12  Finished running 1 view model, 1 incremental model in 0 hours 0 minutes and 6.64 seconds (6.64s).
[2026-05-31T20:11:12.719+0000] {subprocess.py:93} INFO - [0m20:11:12
[2026-05-31T20:11:12.722+0000] {subprocess.py:93} INFO - [0m20:11:12  [32mCompleted successfully[0m
[2026-05-31T20:11:12.724+0000] {subprocess.py:93} INFO - [0m20:11:12
[2026-05-31T20:11:12.727+0000] {subprocess.py:93} INFO - [0m20:11:12  Done. PASS=2 WARN=0 ERROR=0 SKIP=0 TOTAL=2
[2026-05-31T20:11:14.071+0000] {subprocess.py:97} INFO - Command exited with return code 0
[2026-05-31T20:11:14.187+0000] {taskinstance.py:1138} INFO - Marking task as SUCCESS. dag_id=dbt_pipeline, task_id=dbt_run, execution_date=20260530T000000, start_date=20260531T201048, end_date=20260531T201114
[2026-05-31T20:11:14.353+0000] {local_task_job_runner.py:234} INFO - Task exited with return code 0
[2026-05-31T20:11:14.421+0000] {taskinstance.py:3280} INFO - 1 downstream tasks scheduled from follow-on schedule check
