[2026-05-01T19:23:14.958+0000] {taskinstance.py:1956} INFO - Dependencies all met for dep_context=non-requeueable deps ti=<TaskInstance: dbt_pipeline.dbt_run scheduled__2026-04-30T00:00:00+00:00 [queued]>
[2026-05-01T19:23:14.978+0000] {taskinstance.py:1956} INFO - Dependencies all met for dep_context=requeueable deps ti=<TaskInstance: dbt_pipeline.dbt_run scheduled__2026-04-30T00:00:00+00:00 [queued]>
[2026-05-01T19:23:14.979+0000] {taskinstance.py:2170} INFO - Starting attempt 1 of 1
[2026-05-01T19:23:15.141+0000] {taskinstance.py:2191} INFO - Executing <Task(BashOperator): dbt_run> on 2026-04-30 00:00:00+00:00
[2026-05-01T19:23:15.149+0000] {standard_task_runner.py:60} INFO - Started process 2024 to run task
[2026-05-01T19:23:15.153+0000] {standard_task_runner.py:87} INFO - Running: ['***', 'tasks', 'run', 'dbt_pipeline', 'dbt_run', 'scheduled__2026-04-30T00:00:00+00:00', '--job-id', '75', '--raw', '--subdir', 'DAGS_FOLDER/dbt_pipeline_dag.py', '--cfg-path', '/tmp/tmpzkaq0kz4']
[2026-05-01T19:23:15.156+0000] {standard_task_runner.py:88} INFO - Job 75: Subtask dbt_run
[2026-05-01T19:23:15.355+0000] {task_command.py:423} INFO - Running <TaskInstance: dbt_pipeline.dbt_run scheduled__2026-04-30T00:00:00+00:00 [running]> on host c5c53f6c77ae
[2026-05-01T19:23:15.701+0000] {taskinstance.py:2480} INFO - Exporting env vars: AIRFLOW_CTX_DAG_OWNER='***' AIRFLOW_CTX_DAG_ID='dbt_pipeline' AIRFLOW_CTX_TASK_ID='dbt_run' AIRFLOW_CTX_EXECUTION_DATE='2026-04-30T00:00:00+00:00' AIRFLOW_CTX_TRY_NUMBER='1' AIRFLOW_CTX_DAG_RUN_ID='scheduled__2026-04-30T00:00:00+00:00'
[2026-05-01T19:23:15.703+0000] {subprocess.py:63} INFO - Tmp dir root location: /tmp
[2026-05-01T19:23:15.800+0000] {subprocess.py:75} INFO - Running command: ['/usr/bin/bash', '-c', 'cd /opt/***/project/week7/de_journey && dbt run --profiles-dir /opt/***/project/week7/de_journey --no-version-check']
[2026-05-01T19:23:15.817+0000] {subprocess.py:86} INFO - Output:
[2026-05-01T19:23:20.431+0000] {subprocess.py:93} INFO - [0m19:23:20  Running with dbt=1.8.7
[2026-05-01T19:23:23.492+0000] {subprocess.py:93} INFO - [0m19:23:23  Registered adapter: bigquery=1.8.3
[2026-05-01T19:23:30.694+0000] {subprocess.py:93} INFO - [0m19:23:30  Found 2 models, 1 snapshot, 13 data tests, 1 source, 759 macros
[2026-05-01T19:23:30.706+0000] {subprocess.py:93} INFO - [0m19:23:30
[2026-05-01T19:23:32.355+0000] {subprocess.py:93} INFO - [0m19:23:32  Concurrency: 4 threads (target='dev')
[2026-05-01T19:23:32.357+0000] {subprocess.py:93} INFO - [0m19:23:32
[2026-05-01T19:23:32.392+0000] {subprocess.py:93} INFO - [0m19:23:32  1 of 2 START sql view model de_journey_dw_staging.stg_sales .................... [RUN]
[2026-05-01T19:23:34.195+0000] {subprocess.py:93} INFO - [0m19:23:34  1 of 2 OK created sql view model de_journey_dw_staging.stg_sales ............... [[32mCREATE VIEW (0 processed)[0m in 1.80s]
[2026-05-01T19:23:34.204+0000] {subprocess.py:93} INFO - [0m19:23:34  2 of 2 START sql incremental model de_journey_dw_marts.mart_sales_summary ...... [RUN]
[2026-05-01T19:23:37.966+0000] {subprocess.py:93} INFO - [0m19:23:37  2 of 2 OK created sql incremental model de_journey_dw_marts.mart_sales_summary . [[32mMERGE (0.0 rows, 278.0 Bytes processed)[0m in 3.76s]
[2026-05-01T19:23:37.991+0000] {subprocess.py:93} INFO - [0m19:23:37
[2026-05-01T19:23:37.998+0000] {subprocess.py:93} INFO - [0m19:23:37  Finished running 1 view model, 1 incremental model in 0 hours 0 minutes and 7.28 seconds (7.28s).
[2026-05-01T19:23:38.264+0000] {subprocess.py:93} INFO - [0m19:23:38
[2026-05-01T19:23:38.267+0000] {subprocess.py:93} INFO - [0m19:23:38  [32mCompleted successfully[0m
[2026-05-01T19:23:38.272+0000] {subprocess.py:93} INFO - [0m19:23:38
[2026-05-01T19:23:38.275+0000] {subprocess.py:93} INFO - [0m19:23:38  Done. PASS=2 WARN=0 ERROR=0 SKIP=0 TOTAL=2
[2026-05-01T19:23:39.573+0000] {subprocess.py:97} INFO - Command exited with return code 0
[2026-05-01T19:23:39.626+0000] {taskinstance.py:1138} INFO - Marking task as SUCCESS. dag_id=dbt_pipeline, task_id=dbt_run, execution_date=20260430T000000, start_date=20260501T192314, end_date=20260501T192339
[2026-05-01T19:23:39.730+0000] {local_task_job_runner.py:234} INFO - Task exited with return code 0
[2026-05-01T19:23:39.778+0000] {taskinstance.py:3280} INFO - 1 downstream tasks scheduled from follow-on schedule check
