[2026-05-03T18:34:34.429+0000] {taskinstance.py:1956} INFO - Dependencies all met for dep_context=non-requeueable deps ti=<TaskInstance: dbt_pipeline.dbt_run scheduled__2026-05-02T00:00:00+00:00 [queued]>
[2026-05-03T18:34:34.451+0000] {taskinstance.py:1956} INFO - Dependencies all met for dep_context=requeueable deps ti=<TaskInstance: dbt_pipeline.dbt_run scheduled__2026-05-02T00:00:00+00:00 [queued]>
[2026-05-03T18:34:34.452+0000] {taskinstance.py:2170} INFO - Starting attempt 1 of 1
[2026-05-03T18:34:34.555+0000] {taskinstance.py:2191} INFO - Executing <Task(BashOperator): dbt_run> on 2026-05-02 00:00:00+00:00
[2026-05-03T18:34:34.566+0000] {standard_task_runner.py:60} INFO - Started process 3123 to run task
[2026-05-03T18:34:34.571+0000] {standard_task_runner.py:87} INFO - Running: ['***', 'tasks', 'run', 'dbt_pipeline', 'dbt_run', 'scheduled__2026-05-02T00:00:00+00:00', '--job-id', '89', '--raw', '--subdir', 'DAGS_FOLDER/dbt_pipeline_dag.py', '--cfg-path', '/tmp/tmpx3ucgvcd']
[2026-05-03T18:34:34.575+0000] {standard_task_runner.py:88} INFO - Job 89: Subtask dbt_run
[2026-05-03T18:34:34.749+0000] {task_command.py:423} INFO - Running <TaskInstance: dbt_pipeline.dbt_run scheduled__2026-05-02T00:00:00+00:00 [running]> on host c5c53f6c77ae
[2026-05-03T18:34:34.963+0000] {taskinstance.py:2480} INFO - Exporting env vars: AIRFLOW_CTX_DAG_OWNER='***' AIRFLOW_CTX_DAG_ID='dbt_pipeline' AIRFLOW_CTX_TASK_ID='dbt_run' AIRFLOW_CTX_EXECUTION_DATE='2026-05-02T00:00:00+00:00' AIRFLOW_CTX_TRY_NUMBER='1' AIRFLOW_CTX_DAG_RUN_ID='scheduled__2026-05-02T00:00:00+00:00'
[2026-05-03T18:34:34.966+0000] {subprocess.py:63} INFO - Tmp dir root location: /tmp
[2026-05-03T18:34:35.004+0000] {subprocess.py:75} INFO - Running command: ['/usr/bin/bash', '-c', 'cd /opt/***/project/week7/de_journey && dbt run --profiles-dir /opt/***/project/week7/de_journey --no-version-check']
[2026-05-03T18:34:35.021+0000] {subprocess.py:86} INFO - Output:
[2026-05-03T18:34:38.944+0000] {subprocess.py:93} INFO - [0m18:34:38  Running with dbt=1.8.7
[2026-05-03T18:34:41.803+0000] {subprocess.py:93} INFO - [0m18:34:41  Registered adapter: bigquery=1.8.3
[2026-05-03T18:34:51.962+0000] {subprocess.py:93} INFO - [0m18:34:51  Found 2 models, 1 snapshot, 13 data tests, 1 source, 759 macros
[2026-05-03T18:34:51.971+0000] {subprocess.py:93} INFO - [0m18:34:51
[2026-05-03T18:34:54.052+0000] {subprocess.py:93} INFO - [0m18:34:54  Concurrency: 4 threads (target='dev')
[2026-05-03T18:34:54.055+0000] {subprocess.py:93} INFO - [0m18:34:54
[2026-05-03T18:34:54.090+0000] {subprocess.py:93} INFO - [0m18:34:54  1 of 2 START sql view model de_journey_dw_staging.stg_sales .................... [RUN]
[2026-05-03T18:34:56.076+0000] {subprocess.py:93} INFO - [0m18:34:56  1 of 2 OK created sql view model de_journey_dw_staging.stg_sales ............... [[32mCREATE VIEW (0 processed)[0m in 1.98s]
[2026-05-03T18:34:56.089+0000] {subprocess.py:93} INFO - [0m18:34:56  2 of 2 START sql incremental model de_journey_dw_marts.mart_sales_summary ...... [RUN]
[2026-05-03T18:35:00.213+0000] {subprocess.py:93} INFO - [0m18:35:00  2 of 2 OK created sql incremental model de_journey_dw_marts.mart_sales_summary . [[32mMERGE (0.0 rows, 278.0 Bytes processed)[0m in 4.12s]
[2026-05-03T18:35:00.229+0000] {subprocess.py:93} INFO - [0m18:35:00
[2026-05-03T18:35:00.232+0000] {subprocess.py:93} INFO - [0m18:35:00  Finished running 1 view model, 1 incremental model in 0 hours 0 minutes and 8.25 seconds (8.25s).
[2026-05-03T18:35:00.511+0000] {subprocess.py:93} INFO - [0m18:35:00
[2026-05-03T18:35:00.513+0000] {subprocess.py:93} INFO - [0m18:35:00  [32mCompleted successfully[0m
[2026-05-03T18:35:00.515+0000] {subprocess.py:93} INFO - [0m18:35:00
[2026-05-03T18:35:00.517+0000] {subprocess.py:93} INFO - [0m18:35:00  Done. PASS=2 WARN=0 ERROR=0 SKIP=0 TOTAL=2
[2026-05-03T18:35:02.551+0000] {subprocess.py:97} INFO - Command exited with return code 0
[2026-05-03T18:35:02.650+0000] {taskinstance.py:1138} INFO - Marking task as SUCCESS. dag_id=dbt_pipeline, task_id=dbt_run, execution_date=20260502T000000, start_date=20260503T183434, end_date=20260503T183502
[2026-05-03T18:35:02.958+0000] {local_task_job_runner.py:234} INFO - Task exited with return code 0
[2026-05-03T18:35:03.055+0000] {taskinstance.py:3280} INFO - 1 downstream tasks scheduled from follow-on schedule check
