[2026-04-22T19:34:38.670+0000] {taskinstance.py:1956} INFO - Dependencies all met for dep_context=non-requeueable deps ti=<TaskInstance: dbt_pipeline.dbt_run scheduled__2026-04-21T00:00:00+00:00 [queued]>
[2026-04-22T19:34:38.687+0000] {taskinstance.py:1956} INFO - Dependencies all met for dep_context=requeueable deps ti=<TaskInstance: dbt_pipeline.dbt_run scheduled__2026-04-21T00:00:00+00:00 [queued]>
[2026-04-22T19:34:38.688+0000] {taskinstance.py:2170} INFO - Starting attempt 1 of 1
[2026-04-22T19:34:39.086+0000] {taskinstance.py:2191} INFO - Executing <Task(BashOperator): dbt_run> on 2026-04-21 00:00:00+00:00
[2026-04-22T19:34:39.113+0000] {standard_task_runner.py:60} INFO - Started process 1045 to run task
[2026-04-22T19:34:39.120+0000] {standard_task_runner.py:87} INFO - Running: ['***', 'tasks', 'run', 'dbt_pipeline', 'dbt_run', 'scheduled__2026-04-21T00:00:00+00:00', '--job-id', '31', '--raw', '--subdir', 'DAGS_FOLDER/dbt_pipeline_dag.py', '--cfg-path', '/tmp/tmpqjqcl0qg']
[2026-04-22T19:34:39.125+0000] {standard_task_runner.py:88} INFO - Job 31: Subtask dbt_run
[2026-04-22T19:34:39.387+0000] {task_command.py:423} INFO - Running <TaskInstance: dbt_pipeline.dbt_run scheduled__2026-04-21T00:00:00+00:00 [running]> on host 1c7f92b4483e
[2026-04-22T19:34:42.579+0000] {taskinstance.py:2480} INFO - Exporting env vars: AIRFLOW_CTX_DAG_OWNER='***' AIRFLOW_CTX_DAG_ID='dbt_pipeline' AIRFLOW_CTX_TASK_ID='dbt_run' AIRFLOW_CTX_EXECUTION_DATE='2026-04-21T00:00:00+00:00' AIRFLOW_CTX_TRY_NUMBER='1' AIRFLOW_CTX_DAG_RUN_ID='scheduled__2026-04-21T00:00:00+00:00'
[2026-04-22T19:34:42.583+0000] {subprocess.py:63} INFO - Tmp dir root location: /tmp
[2026-04-22T19:34:42.585+0000] {subprocess.py:75} INFO - Running command: ['/usr/bin/bash', '-c', 'cd /opt/***/project/week7/de_journey && dbt run --profiles-dir /opt/***/project/week7/de_journey']
[2026-04-22T19:34:42.622+0000] {subprocess.py:86} INFO - Output:
[2026-04-22T19:34:49.853+0000] {subprocess.py:93} INFO - [0m19:34:49  Running with dbt=1.8.7
[2026-04-22T19:34:53.152+0000] {subprocess.py:93} INFO - [0m19:34:53  Registered adapter: bigquery=1.8.3
[2026-04-22T19:34:56.906+0000] {subprocess.py:93} INFO - [0m19:34:56  Found 2 models, 9 data tests, 1 source, 479 macros
[2026-04-22T19:34:56.922+0000] {subprocess.py:93} INFO - [0m19:34:56
[2026-04-22T19:34:59.434+0000] {subprocess.py:93} INFO - [0m19:34:59  Concurrency: 4 threads (target='dev')
[2026-04-22T19:34:59.436+0000] {subprocess.py:93} INFO - [0m19:34:59
[2026-04-22T19:34:59.462+0000] {subprocess.py:93} INFO - [0m19:34:59  1 of 2 START sql view model de_journey_dw_staging.stg_sales .................... [RUN]
[2026-04-22T19:35:01.363+0000] {subprocess.py:93} INFO - [0m19:35:01  1 of 2 OK created sql view model de_journey_dw_staging.stg_sales ............... [[32mCREATE VIEW (0 processed)[0m in 1.90s]
[2026-04-22T19:35:01.372+0000] {subprocess.py:93} INFO - [0m19:35:01  2 of 2 START sql incremental model de_journey_dw_marts.mart_sales_summary ...... [RUN]
[2026-04-22T19:35:05.012+0000] {subprocess.py:93} INFO - [0m19:35:05  2 of 2 OK created sql incremental model de_journey_dw_marts.mart_sales_summary . [[32mMERGE (0.0 rows, 206.0 Bytes processed)[0m in 3.63s]
[2026-04-22T19:35:05.029+0000] {subprocess.py:93} INFO - [0m19:35:05
[2026-04-22T19:35:05.032+0000] {subprocess.py:93} INFO - [0m19:35:05  Finished running 1 view model, 1 incremental model in 0 hours 0 minutes and 8.10 seconds (8.10s).
[2026-04-22T19:35:05.222+0000] {subprocess.py:93} INFO - [0m19:35:05
[2026-04-22T19:35:05.225+0000] {subprocess.py:93} INFO - [0m19:35:05  [32mCompleted successfully[0m
[2026-04-22T19:35:05.237+0000] {subprocess.py:93} INFO - [0m19:35:05
[2026-04-22T19:35:05.240+0000] {subprocess.py:93} INFO - [0m19:35:05  Done. PASS=2 WARN=0 ERROR=0 SKIP=0 TOTAL=2
[2026-04-22T19:35:06.795+0000] {subprocess.py:97} INFO - Command exited with return code 0
[2026-04-22T19:35:07.092+0000] {taskinstance.py:1138} INFO - Marking task as SUCCESS. dag_id=dbt_pipeline, task_id=dbt_run, execution_date=20260421T000000, start_date=20260422T193438, end_date=20260422T193507
[2026-04-22T19:35:07.232+0000] {local_task_job_runner.py:234} INFO - Task exited with return code 0
[2026-04-22T19:35:07.273+0000] {taskinstance.py:3280} INFO - 1 downstream tasks scheduled from follow-on schedule check
