[2026-04-24T18:56:05.807+0000] {taskinstance.py:1956} INFO - Dependencies all met for dep_context=non-requeueable deps ti=<TaskInstance: dbt_pipeline.dbt_run scheduled__2026-04-23T00:00:00+00:00 [queued]>
[2026-04-24T18:56:05.894+0000] {taskinstance.py:1956} INFO - Dependencies all met for dep_context=requeueable deps ti=<TaskInstance: dbt_pipeline.dbt_run scheduled__2026-04-23T00:00:00+00:00 [queued]>
[2026-04-24T18:56:05.895+0000] {taskinstance.py:2170} INFO - Starting attempt 1 of 1
[2026-04-24T18:56:06.734+0000] {taskinstance.py:2191} INFO - Executing <Task(BashOperator): dbt_run> on 2026-04-23 00:00:00+00:00
[2026-04-24T18:56:06.750+0000] {standard_task_runner.py:60} INFO - Started process 2140 to run task
[2026-04-24T18:56:06.755+0000] {standard_task_runner.py:87} INFO - Running: ['***', 'tasks', 'run', 'dbt_pipeline', 'dbt_run', 'scheduled__2026-04-23T00:00:00+00:00', '--job-id', '40', '--raw', '--subdir', 'DAGS_FOLDER/dbt_pipeline_dag.py', '--cfg-path', '/tmp/tmp6vitebjy']
[2026-04-24T18:56:06.759+0000] {standard_task_runner.py:88} INFO - Job 40: Subtask dbt_run
[2026-04-24T18:56:07.453+0000] {task_command.py:423} INFO - Running <TaskInstance: dbt_pipeline.dbt_run scheduled__2026-04-23T00:00:00+00:00 [running]> on host 1c7f92b4483e
[2026-04-24T18:56:08.424+0000] {taskinstance.py:2480} INFO - Exporting env vars: AIRFLOW_CTX_DAG_OWNER='***' AIRFLOW_CTX_DAG_ID='dbt_pipeline' AIRFLOW_CTX_TASK_ID='dbt_run' AIRFLOW_CTX_EXECUTION_DATE='2026-04-23T00:00:00+00:00' AIRFLOW_CTX_TRY_NUMBER='1' AIRFLOW_CTX_DAG_RUN_ID='scheduled__2026-04-23T00:00:00+00:00'
[2026-04-24T18:56:08.434+0000] {subprocess.py:63} INFO - Tmp dir root location: /tmp
[2026-04-24T18:56:08.445+0000] {subprocess.py:75} INFO - Running command: ['/usr/bin/bash', '-c', 'cd /opt/***/project/week7/de_journey && dbt run --profiles-dir /opt/***/project/week7/de_journey']
[2026-04-24T18:56:08.494+0000] {subprocess.py:86} INFO - Output:
[2026-04-24T18:56:33.200+0000] {subprocess.py:93} INFO - [0m18:56:33  Running with dbt=1.8.7
[2026-04-24T18:56:44.110+0000] {subprocess.py:93} INFO - [0m18:56:44  Registered adapter: bigquery=1.8.3
[2026-04-24T18:56:45.081+0000] {subprocess.py:93} INFO - [0m18:56:45  Unable to do partial parsing because of a version mismatch
[2026-04-24T18:57:02.928+0000] {subprocess.py:93} INFO - [0m18:57:02  [[33mWARNING[0m]: Deprecated functionality
[2026-04-24T18:57:02.930+0000] {subprocess.py:93} INFO - The `tests` config has been renamed to `data_tests`. Please see
[2026-04-24T18:57:02.931+0000] {subprocess.py:93} INFO - https://docs.getdbt.com/docs/build/data-tests#new-data_tests-syntax for more
[2026-04-24T18:57:02.932+0000] {subprocess.py:93} INFO - information.
[2026-04-24T18:57:05.017+0000] {subprocess.py:93} INFO - [0m18:57:05  Found 2 models, 10 data tests, 1 source, 480 macros
[2026-04-24T18:57:05.032+0000] {subprocess.py:93} INFO - [0m18:57:05
[2026-04-24T18:57:06.915+0000] {subprocess.py:93} INFO - [0m18:57:06  Concurrency: 4 threads (target='dev')
[2026-04-24T18:57:06.917+0000] {subprocess.py:93} INFO - [0m18:57:06
[2026-04-24T18:57:06.942+0000] {subprocess.py:93} INFO - [0m18:57:06  1 of 2 START sql view model de_journey_dw_staging.stg_sales .................... [RUN]
[2026-04-24T18:57:08.807+0000] {subprocess.py:93} INFO - [0m18:57:08  1 of 2 OK created sql view model de_journey_dw_staging.stg_sales ............... [[32mCREATE VIEW (0 processed)[0m in 1.86s]
[2026-04-24T18:57:08.836+0000] {subprocess.py:93} INFO - [0m18:57:08  2 of 2 START sql incremental model de_journey_dw_marts.mart_sales_summary ...... [RUN]
[2026-04-24T18:57:12.659+0000] {subprocess.py:93} INFO - [0m18:57:12  2 of 2 OK created sql incremental model de_journey_dw_marts.mart_sales_summary . [[32mMERGE (0.0 rows, 206.0 Bytes processed)[0m in 3.82s]
[2026-04-24T18:57:12.675+0000] {subprocess.py:93} INFO - [0m18:57:12
[2026-04-24T18:57:12.677+0000] {subprocess.py:93} INFO - [0m18:57:12  Finished running 1 view model, 1 incremental model in 0 hours 0 minutes and 7.64 seconds (7.64s).
[2026-04-24T18:57:10.453+0000] {subprocess.py:93} INFO - [0m18:57:10
[2026-04-24T18:57:10.457+0000] {subprocess.py:93} INFO - [0m18:57:10  [32mCompleted successfully[0m
[2026-04-24T18:57:10.460+0000] {subprocess.py:93} INFO - [0m18:57:10
[2026-04-24T18:57:10.463+0000] {subprocess.py:93} INFO - [0m18:57:10  Done. PASS=2 WARN=0 ERROR=0 SKIP=0 TOTAL=2
[2026-04-24T18:57:12.472+0000] {subprocess.py:97} INFO - Command exited with return code 0
[2026-04-24T18:57:12.585+0000] {taskinstance.py:1138} INFO - Marking task as SUCCESS. dag_id=dbt_pipeline, task_id=dbt_run, execution_date=20260423T000000, start_date=20260424T185605, end_date=20260424T185712
[2026-04-24T18:57:12.660+0000] {local_task_job_runner.py:234} INFO - Task exited with return code 0
[2026-04-24T18:57:12.730+0000] {taskinstance.py:3280} INFO - 1 downstream tasks scheduled from follow-on schedule check
