[2026-04-22T19:34:33.656+0000] {processor.py:161} INFO - Started process (PID=1034) to work on /opt/airflow/dags/sales_pipeline_dag.py
[2026-04-22T19:34:33.676+0000] {processor.py:830} INFO - Processing file /opt/airflow/dags/sales_pipeline_dag.py for tasks to queue
[2026-04-22T19:34:33.679+0000] {logging_mixin.py:188} INFO - [2026-04-22T19:34:33.678+0000] {dagbag.py:538} INFO - Filling up the DagBag from /opt/airflow/dags/sales_pipeline_dag.py
[2026-04-22T19:34:37.674+0000] {processor.py:840} INFO - DAG(s) 'sales_pipeline' retrieved from /opt/airflow/dags/sales_pipeline_dag.py
[2026-04-22T19:34:37.925+0000] {logging_mixin.py:188} INFO - [2026-04-22T19:34:37.924+0000] {dag.py:3036} INFO - Sync 1 DAGs
[2026-04-22T19:34:37.975+0000] {logging_mixin.py:188} INFO - [2026-04-22T19:34:37.974+0000] {dag.py:3823} INFO - Setting next_dagrun for sales_pipeline to 2026-04-22 00:00:00+00:00, run_after=2026-04-23 00:00:00+00:00
[2026-04-22T19:34:38.228+0000] {processor.py:183} INFO - Processing /opt/airflow/dags/sales_pipeline_dag.py took 4.578 seconds
[2026-04-22T19:35:08.898+0000] {processor.py:161} INFO - Started process (PID=1083) to work on /opt/airflow/dags/sales_pipeline_dag.py
[2026-04-22T19:35:08.900+0000] {processor.py:830} INFO - Processing file /opt/airflow/dags/sales_pipeline_dag.py for tasks to queue
[2026-04-22T19:35:08.902+0000] {logging_mixin.py:188} INFO - [2026-04-22T19:35:08.902+0000] {dagbag.py:538} INFO - Filling up the DagBag from /opt/airflow/dags/sales_pipeline_dag.py
[2026-04-22T19:35:10.982+0000] {processor.py:840} INFO - DAG(s) 'sales_pipeline' retrieved from /opt/airflow/dags/sales_pipeline_dag.py
[2026-04-22T19:35:09.961+0000] {logging_mixin.py:188} INFO - [2026-04-22T19:35:09.960+0000] {dag.py:3036} INFO - Sync 1 DAGs
[2026-04-22T19:35:10.097+0000] {logging_mixin.py:188} INFO - [2026-04-22T19:35:10.097+0000] {dag.py:3823} INFO - Setting next_dagrun for sales_pipeline to 2026-04-22 00:00:00+00:00, run_after=2026-04-23 00:00:00+00:00
[2026-04-22T19:35:10.279+0000] {processor.py:183} INFO - Processing /opt/airflow/dags/sales_pipeline_dag.py took 2.556 seconds
[2026-04-22T19:35:40.521+0000] {processor.py:161} INFO - Started process (PID=1116) to work on /opt/airflow/dags/sales_pipeline_dag.py
[2026-04-22T19:35:40.633+0000] {processor.py:830} INFO - Processing file /opt/airflow/dags/sales_pipeline_dag.py for tasks to queue
[2026-04-22T19:35:40.636+0000] {logging_mixin.py:188} INFO - [2026-04-22T19:35:40.635+0000] {dagbag.py:538} INFO - Filling up the DagBag from /opt/airflow/dags/sales_pipeline_dag.py
[2026-04-22T19:35:41.779+0000] {processor.py:840} INFO - DAG(s) 'sales_pipeline' retrieved from /opt/airflow/dags/sales_pipeline_dag.py
[2026-04-22T19:35:41.834+0000] {logging_mixin.py:188} INFO - [2026-04-22T19:35:41.833+0000] {dag.py:3036} INFO - Sync 1 DAGs
[2026-04-22T19:35:41.877+0000] {logging_mixin.py:188} INFO - [2026-04-22T19:35:41.877+0000] {dag.py:3823} INFO - Setting next_dagrun for sales_pipeline to 2026-04-22 00:00:00+00:00, run_after=2026-04-23 00:00:00+00:00
[2026-04-22T19:35:43.060+0000] {processor.py:183} INFO - Processing /opt/airflow/dags/sales_pipeline_dag.py took 2.545 seconds
[2026-04-22T19:36:13.532+0000] {processor.py:161} INFO - Started process (PID=1127) to work on /opt/airflow/dags/sales_pipeline_dag.py
[2026-04-22T19:36:13.534+0000] {processor.py:830} INFO - Processing file /opt/airflow/dags/sales_pipeline_dag.py for tasks to queue
[2026-04-22T19:36:13.536+0000] {logging_mixin.py:188} INFO - [2026-04-22T19:36:13.535+0000] {dagbag.py:538} INFO - Filling up the DagBag from /opt/airflow/dags/sales_pipeline_dag.py
[2026-04-22T19:36:14.787+0000] {processor.py:840} INFO - DAG(s) 'sales_pipeline' retrieved from /opt/airflow/dags/sales_pipeline_dag.py
[2026-04-22T19:36:14.841+0000] {logging_mixin.py:188} INFO - [2026-04-22T19:36:14.836+0000] {dag.py:3036} INFO - Sync 1 DAGs
[2026-04-22T19:36:14.894+0000] {logging_mixin.py:188} INFO - [2026-04-22T19:36:14.893+0000] {dag.py:3823} INFO - Setting next_dagrun for sales_pipeline to 2026-04-22 00:00:00+00:00, run_after=2026-04-23 00:00:00+00:00
[2026-04-22T19:36:15.029+0000] {processor.py:183} INFO - Processing /opt/airflow/dags/sales_pipeline_dag.py took 1.502 seconds
[2026-04-22T19:36:45.428+0000] {processor.py:161} INFO - Started process (PID=1138) to work on /opt/airflow/dags/sales_pipeline_dag.py
[2026-04-22T19:36:45.430+0000] {processor.py:830} INFO - Processing file /opt/airflow/dags/sales_pipeline_dag.py for tasks to queue
[2026-04-22T19:36:45.433+0000] {logging_mixin.py:188} INFO - [2026-04-22T19:36:45.432+0000] {dagbag.py:538} INFO - Filling up the DagBag from /opt/airflow/dags/sales_pipeline_dag.py
[2026-04-22T19:36:47.866+0000] {processor.py:840} INFO - DAG(s) 'sales_pipeline' retrieved from /opt/airflow/dags/sales_pipeline_dag.py
[2026-04-22T19:36:47.918+0000] {logging_mixin.py:188} INFO - [2026-04-22T19:36:47.917+0000] {dag.py:3036} INFO - Sync 1 DAGs
[2026-04-22T19:36:47.962+0000] {logging_mixin.py:188} INFO - [2026-04-22T19:36:47.961+0000] {dag.py:3823} INFO - Setting next_dagrun for sales_pipeline to 2026-04-22 00:00:00+00:00, run_after=2026-04-23 00:00:00+00:00
[2026-04-22T19:36:48.006+0000] {processor.py:183} INFO - Processing /opt/airflow/dags/sales_pipeline_dag.py took 2.587 seconds
[2026-04-22T19:37:18.599+0000] {processor.py:161} INFO - Started process (PID=1149) to work on /opt/airflow/dags/sales_pipeline_dag.py
[2026-04-22T19:37:18.601+0000] {processor.py:830} INFO - Processing file /opt/airflow/dags/sales_pipeline_dag.py for tasks to queue
[2026-04-22T19:37:18.604+0000] {logging_mixin.py:188} INFO - [2026-04-22T19:37:18.603+0000] {dagbag.py:538} INFO - Filling up the DagBag from /opt/airflow/dags/sales_pipeline_dag.py
[2026-04-22T19:37:20.013+0000] {processor.py:840} INFO - DAG(s) 'sales_pipeline' retrieved from /opt/airflow/dags/sales_pipeline_dag.py
[2026-04-22T19:37:20.069+0000] {logging_mixin.py:188} INFO - [2026-04-22T19:37:20.068+0000] {dag.py:3036} INFO - Sync 1 DAGs
[2026-04-22T19:37:20.118+0000] {logging_mixin.py:188} INFO - [2026-04-22T19:37:20.118+0000] {dag.py:3823} INFO - Setting next_dagrun for sales_pipeline to 2026-04-22 00:00:00+00:00, run_after=2026-04-23 00:00:00+00:00
[2026-04-22T19:37:20.235+0000] {processor.py:183} INFO - Processing /opt/airflow/dags/sales_pipeline_dag.py took 1.642 seconds
[2026-04-22T19:37:50.666+0000] {processor.py:161} INFO - Started process (PID=1160) to work on /opt/airflow/dags/sales_pipeline_dag.py
[2026-04-22T19:37:50.671+0000] {processor.py:830} INFO - Processing file /opt/airflow/dags/sales_pipeline_dag.py for tasks to queue
[2026-04-22T19:37:50.674+0000] {logging_mixin.py:188} INFO - [2026-04-22T19:37:50.674+0000] {dagbag.py:538} INFO - Filling up the DagBag from /opt/airflow/dags/sales_pipeline_dag.py
[2026-04-22T19:37:52.159+0000] {processor.py:840} INFO - DAG(s) 'sales_pipeline' retrieved from /opt/airflow/dags/sales_pipeline_dag.py
[2026-04-22T19:37:52.227+0000] {logging_mixin.py:188} INFO - [2026-04-22T19:37:52.225+0000] {dag.py:3036} INFO - Sync 1 DAGs
[2026-04-22T19:37:52.274+0000] {logging_mixin.py:188} INFO - [2026-04-22T19:37:52.274+0000] {dag.py:3823} INFO - Setting next_dagrun for sales_pipeline to 2026-04-22 00:00:00+00:00, run_after=2026-04-23 00:00:00+00:00
[2026-04-22T19:37:52.318+0000] {processor.py:183} INFO - Processing /opt/airflow/dags/sales_pipeline_dag.py took 1.658 seconds
[2026-04-22T19:38:22.775+0000] {processor.py:161} INFO - Started process (PID=1171) to work on /opt/airflow/dags/sales_pipeline_dag.py
[2026-04-22T19:38:22.785+0000] {processor.py:830} INFO - Processing file /opt/airflow/dags/sales_pipeline_dag.py for tasks to queue
[2026-04-22T19:38:22.789+0000] {logging_mixin.py:188} INFO - [2026-04-22T19:38:22.788+0000] {dagbag.py:538} INFO - Filling up the DagBag from /opt/airflow/dags/sales_pipeline_dag.py
[2026-04-22T19:38:24.189+0000] {processor.py:840} INFO - DAG(s) 'sales_pipeline' retrieved from /opt/airflow/dags/sales_pipeline_dag.py
[2026-04-22T19:38:24.237+0000] {logging_mixin.py:188} INFO - [2026-04-22T19:38:24.236+0000] {dag.py:3036} INFO - Sync 1 DAGs
[2026-04-22T19:38:24.282+0000] {logging_mixin.py:188} INFO - [2026-04-22T19:38:24.282+0000] {dag.py:3823} INFO - Setting next_dagrun for sales_pipeline to 2026-04-22 00:00:00+00:00, run_after=2026-04-23 00:00:00+00:00
[2026-04-22T19:38:24.325+0000] {processor.py:183} INFO - Processing /opt/airflow/dags/sales_pipeline_dag.py took 1.558 seconds
[2026-04-22T19:38:54.751+0000] {processor.py:161} INFO - Started process (PID=1182) to work on /opt/airflow/dags/sales_pipeline_dag.py
[2026-04-22T19:38:54.753+0000] {processor.py:830} INFO - Processing file /opt/airflow/dags/sales_pipeline_dag.py for tasks to queue
[2026-04-22T19:38:54.756+0000] {logging_mixin.py:188} INFO - [2026-04-22T19:38:54.755+0000] {dagbag.py:538} INFO - Filling up the DagBag from /opt/airflow/dags/sales_pipeline_dag.py
[2026-04-22T19:38:56.650+0000] {processor.py:840} INFO - DAG(s) 'sales_pipeline' retrieved from /opt/airflow/dags/sales_pipeline_dag.py
[2026-04-22T19:38:56.705+0000] {logging_mixin.py:188} INFO - [2026-04-22T19:38:56.703+0000] {dag.py:3036} INFO - Sync 1 DAGs
[2026-04-22T19:38:56.773+0000] {logging_mixin.py:188} INFO - [2026-04-22T19:38:56.772+0000] {dag.py:3823} INFO - Setting next_dagrun for sales_pipeline to 2026-04-22 00:00:00+00:00, run_after=2026-04-23 00:00:00+00:00
[2026-04-22T19:38:56.827+0000] {processor.py:183} INFO - Processing /opt/airflow/dags/sales_pipeline_dag.py took 2.082 seconds
[2026-04-22T19:39:27.457+0000] {processor.py:161} INFO - Started process (PID=1193) to work on /opt/airflow/dags/sales_pipeline_dag.py
[2026-04-22T19:39:27.471+0000] {processor.py:830} INFO - Processing file /opt/airflow/dags/sales_pipeline_dag.py for tasks to queue
[2026-04-22T19:39:27.487+0000] {logging_mixin.py:188} INFO - [2026-04-22T19:39:27.482+0000] {dagbag.py:538} INFO - Filling up the DagBag from /opt/airflow/dags/sales_pipeline_dag.py
[2026-04-22T19:39:29.329+0000] {processor.py:840} INFO - DAG(s) 'sales_pipeline' retrieved from /opt/airflow/dags/sales_pipeline_dag.py
[2026-04-22T19:39:29.383+0000] {logging_mixin.py:188} INFO - [2026-04-22T19:39:29.382+0000] {dag.py:3036} INFO - Sync 1 DAGs
[2026-04-22T19:39:29.428+0000] {logging_mixin.py:188} INFO - [2026-04-22T19:39:29.428+0000] {dag.py:3823} INFO - Setting next_dagrun for sales_pipeline to 2026-04-22 00:00:00+00:00, run_after=2026-04-23 00:00:00+00:00
[2026-04-22T19:39:29.467+0000] {processor.py:183} INFO - Processing /opt/airflow/dags/sales_pipeline_dag.py took 2.050 seconds
[2026-04-22T19:39:59.972+0000] {processor.py:161} INFO - Started process (PID=1204) to work on /opt/airflow/dags/sales_pipeline_dag.py
[2026-04-22T19:39:59.974+0000] {processor.py:830} INFO - Processing file /opt/airflow/dags/sales_pipeline_dag.py for tasks to queue
[2026-04-22T19:39:59.976+0000] {logging_mixin.py:188} INFO - [2026-04-22T19:39:59.976+0000] {dagbag.py:538} INFO - Filling up the DagBag from /opt/airflow/dags/sales_pipeline_dag.py
[2026-04-22T19:40:01.504+0000] {processor.py:840} INFO - DAG(s) 'sales_pipeline' retrieved from /opt/airflow/dags/sales_pipeline_dag.py
[2026-04-22T19:40:01.577+0000] {logging_mixin.py:188} INFO - [2026-04-22T19:40:01.575+0000] {dag.py:3036} INFO - Sync 1 DAGs
[2026-04-22T19:40:01.639+0000] {logging_mixin.py:188} INFO - [2026-04-22T19:40:01.638+0000] {dag.py:3823} INFO - Setting next_dagrun for sales_pipeline to 2026-04-22 00:00:00+00:00, run_after=2026-04-23 00:00:00+00:00
[2026-04-22T19:40:01.704+0000] {processor.py:183} INFO - Processing /opt/airflow/dags/sales_pipeline_dag.py took 1.720 seconds
[2026-04-22T19:40:32.399+0000] {processor.py:161} INFO - Started process (PID=1215) to work on /opt/airflow/dags/sales_pipeline_dag.py
[2026-04-22T19:40:32.400+0000] {processor.py:830} INFO - Processing file /opt/airflow/dags/sales_pipeline_dag.py for tasks to queue
[2026-04-22T19:40:32.402+0000] {logging_mixin.py:188} INFO - [2026-04-22T19:40:32.402+0000] {dagbag.py:538} INFO - Filling up the DagBag from /opt/airflow/dags/sales_pipeline_dag.py
[2026-04-22T19:40:34.101+0000] {processor.py:840} INFO - DAG(s) 'sales_pipeline' retrieved from /opt/airflow/dags/sales_pipeline_dag.py
[2026-04-22T19:40:34.152+0000] {logging_mixin.py:188} INFO - [2026-04-22T19:40:34.151+0000] {dag.py:3036} INFO - Sync 1 DAGs
[2026-04-22T19:40:34.196+0000] {logging_mixin.py:188} INFO - [2026-04-22T19:40:34.195+0000] {dag.py:3823} INFO - Setting next_dagrun for sales_pipeline to 2026-04-22 00:00:00+00:00, run_after=2026-04-23 00:00:00+00:00
[2026-04-22T19:40:34.241+0000] {processor.py:183} INFO - Processing /opt/airflow/dags/sales_pipeline_dag.py took 1.847 seconds
[2026-04-22T19:41:04.562+0000] {processor.py:161} INFO - Started process (PID=1226) to work on /opt/airflow/dags/sales_pipeline_dag.py
[2026-04-22T19:41:04.564+0000] {processor.py:830} INFO - Processing file /opt/airflow/dags/sales_pipeline_dag.py for tasks to queue
[2026-04-22T19:41:04.566+0000] {logging_mixin.py:188} INFO - [2026-04-22T19:41:04.565+0000] {dagbag.py:538} INFO - Filling up the DagBag from /opt/airflow/dags/sales_pipeline_dag.py
[2026-04-22T19:41:06.711+0000] {processor.py:840} INFO - DAG(s) 'sales_pipeline' retrieved from /opt/airflow/dags/sales_pipeline_dag.py
[2026-04-22T19:41:06.875+0000] {logging_mixin.py:188} INFO - [2026-04-22T19:41:06.873+0000] {dag.py:3036} INFO - Sync 1 DAGs
[2026-04-22T19:41:07.063+0000] {logging_mixin.py:188} INFO - [2026-04-22T19:41:07.062+0000] {dag.py:3823} INFO - Setting next_dagrun for sales_pipeline to 2026-04-22 00:00:00+00:00, run_after=2026-04-23 00:00:00+00:00
[2026-04-22T19:41:07.139+0000] {processor.py:183} INFO - Processing /opt/airflow/dags/sales_pipeline_dag.py took 2.583 seconds
[2026-04-22T19:41:37.716+0000] {processor.py:161} INFO - Started process (PID=1237) to work on /opt/airflow/dags/sales_pipeline_dag.py
[2026-04-22T19:41:37.718+0000] {processor.py:830} INFO - Processing file /opt/airflow/dags/sales_pipeline_dag.py for tasks to queue
[2026-04-22T19:41:37.721+0000] {logging_mixin.py:188} INFO - [2026-04-22T19:41:37.721+0000] {dagbag.py:538} INFO - Filling up the DagBag from /opt/airflow/dags/sales_pipeline_dag.py
[2026-04-22T19:41:41.362+0000] {processor.py:840} INFO - DAG(s) 'sales_pipeline' retrieved from /opt/airflow/dags/sales_pipeline_dag.py
[2026-04-22T19:41:41.504+0000] {logging_mixin.py:188} INFO - [2026-04-22T19:41:41.503+0000] {dag.py:3036} INFO - Sync 1 DAGs
[2026-04-22T19:41:41.676+0000] {logging_mixin.py:188} INFO - [2026-04-22T19:41:41.666+0000] {dag.py:3823} INFO - Setting next_dagrun for sales_pipeline to 2026-04-22 00:00:00+00:00, run_after=2026-04-23 00:00:00+00:00
[2026-04-22T19:41:41.771+0000] {processor.py:183} INFO - Processing /opt/airflow/dags/sales_pipeline_dag.py took 4.078 seconds
[2026-04-22T19:42:12.270+0000] {processor.py:161} INFO - Started process (PID=1248) to work on /opt/airflow/dags/sales_pipeline_dag.py
[2026-04-22T19:42:12.273+0000] {processor.py:830} INFO - Processing file /opt/airflow/dags/sales_pipeline_dag.py for tasks to queue
[2026-04-22T19:42:12.276+0000] {logging_mixin.py:188} INFO - [2026-04-22T19:42:12.275+0000] {dagbag.py:538} INFO - Filling up the DagBag from /opt/airflow/dags/sales_pipeline_dag.py
[2026-04-22T19:42:14.392+0000] {processor.py:840} INFO - DAG(s) 'sales_pipeline' retrieved from /opt/airflow/dags/sales_pipeline_dag.py
[2026-04-22T19:42:14.470+0000] {logging_mixin.py:188} INFO - [2026-04-22T19:42:14.469+0000] {dag.py:3036} INFO - Sync 1 DAGs
[2026-04-22T19:42:14.529+0000] {logging_mixin.py:188} INFO - [2026-04-22T19:42:14.529+0000] {dag.py:3823} INFO - Setting next_dagrun for sales_pipeline to 2026-04-22 00:00:00+00:00, run_after=2026-04-23 00:00:00+00:00
[2026-04-22T19:42:14.584+0000] {processor.py:183} INFO - Processing /opt/airflow/dags/sales_pipeline_dag.py took 2.343 seconds
[2026-04-22T19:42:45.414+0000] {processor.py:161} INFO - Started process (PID=1259) to work on /opt/airflow/dags/sales_pipeline_dag.py
[2026-04-22T19:42:45.416+0000] {processor.py:830} INFO - Processing file /opt/airflow/dags/sales_pipeline_dag.py for tasks to queue
[2026-04-22T19:42:45.419+0000] {logging_mixin.py:188} INFO - [2026-04-22T19:42:45.418+0000] {dagbag.py:538} INFO - Filling up the DagBag from /opt/airflow/dags/sales_pipeline_dag.py
[2026-04-22T19:42:46.693+0000] {processor.py:840} INFO - DAG(s) 'sales_pipeline' retrieved from /opt/airflow/dags/sales_pipeline_dag.py
[2026-04-22T19:42:46.755+0000] {logging_mixin.py:188} INFO - [2026-04-22T19:42:46.753+0000] {dag.py:3036} INFO - Sync 1 DAGs
[2026-04-22T19:42:46.805+0000] {logging_mixin.py:188} INFO - [2026-04-22T19:42:46.805+0000] {dag.py:3823} INFO - Setting next_dagrun for sales_pipeline to 2026-04-22 00:00:00+00:00, run_after=2026-04-23 00:00:00+00:00
[2026-04-22T19:42:46.883+0000] {processor.py:183} INFO - Processing /opt/airflow/dags/sales_pipeline_dag.py took 1.474 seconds
[2026-04-22T19:43:17.025+0000] {processor.py:161} INFO - Started process (PID=1273) to work on /opt/airflow/dags/sales_pipeline_dag.py
[2026-04-22T19:43:17.027+0000] {processor.py:830} INFO - Processing file /opt/airflow/dags/sales_pipeline_dag.py for tasks to queue
[2026-04-22T19:43:17.029+0000] {logging_mixin.py:188} INFO - [2026-04-22T19:43:17.028+0000] {dagbag.py:538} INFO - Filling up the DagBag from /opt/airflow/dags/sales_pipeline_dag.py
[2026-04-22T19:43:18.810+0000] {processor.py:840} INFO - DAG(s) 'sales_pipeline' retrieved from /opt/airflow/dags/sales_pipeline_dag.py
[2026-04-22T19:43:18.865+0000] {logging_mixin.py:188} INFO - [2026-04-22T19:43:18.863+0000] {dag.py:3036} INFO - Sync 1 DAGs
[2026-04-22T19:43:18.914+0000] {logging_mixin.py:188} INFO - [2026-04-22T19:43:18.913+0000] {dag.py:3823} INFO - Setting next_dagrun for sales_pipeline to 2026-04-22 00:00:00+00:00, run_after=2026-04-23 00:00:00+00:00
[2026-04-22T19:43:18.959+0000] {processor.py:183} INFO - Processing /opt/airflow/dags/sales_pipeline_dag.py took 1.941 seconds
[2026-04-22T19:43:49.325+0000] {processor.py:161} INFO - Started process (PID=1286) to work on /opt/airflow/dags/sales_pipeline_dag.py
[2026-04-22T19:43:49.327+0000] {processor.py:830} INFO - Processing file /opt/airflow/dags/sales_pipeline_dag.py for tasks to queue
[2026-04-22T19:43:49.330+0000] {logging_mixin.py:188} INFO - [2026-04-22T19:43:49.329+0000] {dagbag.py:538} INFO - Filling up the DagBag from /opt/airflow/dags/sales_pipeline_dag.py
[2026-04-22T19:43:50.649+0000] {processor.py:840} INFO - DAG(s) 'sales_pipeline' retrieved from /opt/airflow/dags/sales_pipeline_dag.py
[2026-04-22T19:43:50.733+0000] {logging_mixin.py:188} INFO - [2026-04-22T19:43:50.731+0000] {dag.py:3036} INFO - Sync 1 DAGs
[2026-04-22T19:43:50.788+0000] {logging_mixin.py:188} INFO - [2026-04-22T19:43:50.787+0000] {dag.py:3823} INFO - Setting next_dagrun for sales_pipeline to 2026-04-22 00:00:00+00:00, run_after=2026-04-23 00:00:00+00:00
[2026-04-22T19:43:50.835+0000] {processor.py:183} INFO - Processing /opt/airflow/dags/sales_pipeline_dag.py took 1.515 seconds
[2026-04-22T19:44:21.586+0000] {processor.py:161} INFO - Started process (PID=1297) to work on /opt/airflow/dags/sales_pipeline_dag.py
[2026-04-22T19:44:21.588+0000] {processor.py:830} INFO - Processing file /opt/airflow/dags/sales_pipeline_dag.py for tasks to queue
[2026-04-22T19:44:21.591+0000] {logging_mixin.py:188} INFO - [2026-04-22T19:44:21.590+0000] {dagbag.py:538} INFO - Filling up the DagBag from /opt/airflow/dags/sales_pipeline_dag.py
[2026-04-22T19:44:22.779+0000] {processor.py:840} INFO - DAG(s) 'sales_pipeline' retrieved from /opt/airflow/dags/sales_pipeline_dag.py
[2026-04-22T19:44:22.824+0000] {logging_mixin.py:188} INFO - [2026-04-22T19:44:22.821+0000] {dag.py:3036} INFO - Sync 1 DAGs
[2026-04-22T19:44:22.865+0000] {logging_mixin.py:188} INFO - [2026-04-22T19:44:22.864+0000] {dag.py:3823} INFO - Setting next_dagrun for sales_pipeline to 2026-04-22 00:00:00+00:00, run_after=2026-04-23 00:00:00+00:00
[2026-04-22T19:44:22.906+0000] {processor.py:183} INFO - Processing /opt/airflow/dags/sales_pipeline_dag.py took 1.328 seconds
[2026-04-22T19:44:53.191+0000] {processor.py:161} INFO - Started process (PID=1308) to work on /opt/airflow/dags/sales_pipeline_dag.py
[2026-04-22T19:44:53.193+0000] {processor.py:830} INFO - Processing file /opt/airflow/dags/sales_pipeline_dag.py for tasks to queue
[2026-04-22T19:44:53.196+0000] {logging_mixin.py:188} INFO - [2026-04-22T19:44:53.195+0000] {dagbag.py:538} INFO - Filling up the DagBag from /opt/airflow/dags/sales_pipeline_dag.py
[2026-04-22T19:44:54.580+0000] {processor.py:840} INFO - DAG(s) 'sales_pipeline' retrieved from /opt/airflow/dags/sales_pipeline_dag.py
[2026-04-22T19:44:54.662+0000] {logging_mixin.py:188} INFO - [2026-04-22T19:44:54.660+0000] {dag.py:3036} INFO - Sync 1 DAGs
[2026-04-22T19:44:54.725+0000] {logging_mixin.py:188} INFO - [2026-04-22T19:44:54.724+0000] {dag.py:3823} INFO - Setting next_dagrun for sales_pipeline to 2026-04-22 00:00:00+00:00, run_after=2026-04-23 00:00:00+00:00
[2026-04-22T19:44:54.776+0000] {processor.py:183} INFO - Processing /opt/airflow/dags/sales_pipeline_dag.py took 1.592 seconds
[2026-04-22T19:45:25.405+0000] {processor.py:161} INFO - Started process (PID=1319) to work on /opt/airflow/dags/sales_pipeline_dag.py
[2026-04-22T19:45:25.407+0000] {processor.py:830} INFO - Processing file /opt/airflow/dags/sales_pipeline_dag.py for tasks to queue
[2026-04-22T19:45:25.410+0000] {logging_mixin.py:188} INFO - [2026-04-22T19:45:25.409+0000] {dagbag.py:538} INFO - Filling up the DagBag from /opt/airflow/dags/sales_pipeline_dag.py
[2026-04-22T19:45:27.107+0000] {processor.py:840} INFO - DAG(s) 'sales_pipeline' retrieved from /opt/airflow/dags/sales_pipeline_dag.py
[2026-04-22T19:45:27.168+0000] {logging_mixin.py:188} INFO - [2026-04-22T19:45:27.166+0000] {dag.py:3036} INFO - Sync 1 DAGs
[2026-04-22T19:45:27.214+0000] {logging_mixin.py:188} INFO - [2026-04-22T19:45:27.214+0000] {dag.py:3823} INFO - Setting next_dagrun for sales_pipeline to 2026-04-22 00:00:00+00:00, run_after=2026-04-23 00:00:00+00:00
[2026-04-22T19:45:27.262+0000] {processor.py:183} INFO - Processing /opt/airflow/dags/sales_pipeline_dag.py took 1.863 seconds
[2026-04-22T19:45:57.644+0000] {processor.py:161} INFO - Started process (PID=1330) to work on /opt/airflow/dags/sales_pipeline_dag.py
[2026-04-22T19:45:57.646+0000] {processor.py:830} INFO - Processing file /opt/airflow/dags/sales_pipeline_dag.py for tasks to queue
[2026-04-22T19:45:57.648+0000] {logging_mixin.py:188} INFO - [2026-04-22T19:45:57.648+0000] {dagbag.py:538} INFO - Filling up the DagBag from /opt/airflow/dags/sales_pipeline_dag.py
[2026-04-22T19:45:58.847+0000] {processor.py:840} INFO - DAG(s) 'sales_pipeline' retrieved from /opt/airflow/dags/sales_pipeline_dag.py
[2026-04-22T19:45:58.893+0000] {logging_mixin.py:188} INFO - [2026-04-22T19:45:58.892+0000] {dag.py:3036} INFO - Sync 1 DAGs
[2026-04-22T19:45:58.959+0000] {logging_mixin.py:188} INFO - [2026-04-22T19:45:58.958+0000] {dag.py:3823} INFO - Setting next_dagrun for sales_pipeline to 2026-04-22 00:00:00+00:00, run_after=2026-04-23 00:00:00+00:00
[2026-04-22T19:45:59.002+0000] {processor.py:183} INFO - Processing /opt/airflow/dags/sales_pipeline_dag.py took 1.364 seconds
[2026-04-22T19:46:29.965+0000] {processor.py:161} INFO - Started process (PID=1341) to work on /opt/airflow/dags/sales_pipeline_dag.py
[2026-04-22T19:46:29.968+0000] {processor.py:830} INFO - Processing file /opt/airflow/dags/sales_pipeline_dag.py for tasks to queue
[2026-04-22T19:46:29.981+0000] {logging_mixin.py:188} INFO - [2026-04-22T19:46:29.979+0000] {dagbag.py:538} INFO - Filling up the DagBag from /opt/airflow/dags/sales_pipeline_dag.py
[2026-04-22T19:46:31.325+0000] {processor.py:840} INFO - DAG(s) 'sales_pipeline' retrieved from /opt/airflow/dags/sales_pipeline_dag.py
[2026-04-22T19:46:31.369+0000] {logging_mixin.py:188} INFO - [2026-04-22T19:46:31.368+0000] {dag.py:3036} INFO - Sync 1 DAGs
[2026-04-22T19:46:31.451+0000] {logging_mixin.py:188} INFO - [2026-04-22T19:46:31.450+0000] {dag.py:3823} INFO - Setting next_dagrun for sales_pipeline to 2026-04-22 00:00:00+00:00, run_after=2026-04-23 00:00:00+00:00
[2026-04-22T19:46:31.493+0000] {processor.py:183} INFO - Processing /opt/airflow/dags/sales_pipeline_dag.py took 1.537 seconds
[2026-04-22T19:47:01.609+0000] {processor.py:161} INFO - Started process (PID=1352) to work on /opt/airflow/dags/sales_pipeline_dag.py
[2026-04-22T19:47:01.611+0000] {processor.py:830} INFO - Processing file /opt/airflow/dags/sales_pipeline_dag.py for tasks to queue
[2026-04-22T19:47:01.613+0000] {logging_mixin.py:188} INFO - [2026-04-22T19:47:01.612+0000] {dagbag.py:538} INFO - Filling up the DagBag from /opt/airflow/dags/sales_pipeline_dag.py
[2026-04-22T19:47:02.921+0000] {processor.py:840} INFO - DAG(s) 'sales_pipeline' retrieved from /opt/airflow/dags/sales_pipeline_dag.py
[2026-04-22T19:47:02.976+0000] {logging_mixin.py:188} INFO - [2026-04-22T19:47:02.975+0000] {dag.py:3036} INFO - Sync 1 DAGs
[2026-04-22T19:47:03.016+0000] {logging_mixin.py:188} INFO - [2026-04-22T19:47:03.016+0000] {dag.py:3823} INFO - Setting next_dagrun for sales_pipeline to 2026-04-22 00:00:00+00:00, run_after=2026-04-23 00:00:00+00:00
[2026-04-22T19:47:03.051+0000] {processor.py:183} INFO - Processing /opt/airflow/dags/sales_pipeline_dag.py took 1.448 seconds
[2026-04-22T19:47:33.141+0000] {processor.py:161} INFO - Started process (PID=1363) to work on /opt/airflow/dags/sales_pipeline_dag.py
[2026-04-22T19:47:33.143+0000] {processor.py:830} INFO - Processing file /opt/airflow/dags/sales_pipeline_dag.py for tasks to queue
[2026-04-22T19:47:33.146+0000] {logging_mixin.py:188} INFO - [2026-04-22T19:47:33.145+0000] {dagbag.py:538} INFO - Filling up the DagBag from /opt/airflow/dags/sales_pipeline_dag.py
[2026-04-22T19:47:34.340+0000] {processor.py:840} INFO - DAG(s) 'sales_pipeline' retrieved from /opt/airflow/dags/sales_pipeline_dag.py
[2026-04-22T19:47:34.382+0000] {logging_mixin.py:188} INFO - [2026-04-22T19:47:34.381+0000] {dag.py:3036} INFO - Sync 1 DAGs
[2026-04-22T19:47:34.416+0000] {logging_mixin.py:188} INFO - [2026-04-22T19:47:34.416+0000] {dag.py:3823} INFO - Setting next_dagrun for sales_pipeline to 2026-04-22 00:00:00+00:00, run_after=2026-04-23 00:00:00+00:00
[2026-04-22T19:47:34.463+0000] {processor.py:183} INFO - Processing /opt/airflow/dags/sales_pipeline_dag.py took 1.327 seconds
[2026-04-22T19:48:04.554+0000] {processor.py:161} INFO - Started process (PID=1374) to work on /opt/airflow/dags/sales_pipeline_dag.py
[2026-04-22T19:48:04.556+0000] {processor.py:830} INFO - Processing file /opt/airflow/dags/sales_pipeline_dag.py for tasks to queue
[2026-04-22T19:48:04.558+0000] {logging_mixin.py:188} INFO - [2026-04-22T19:48:04.558+0000] {dagbag.py:538} INFO - Filling up the DagBag from /opt/airflow/dags/sales_pipeline_dag.py
[2026-04-22T19:48:05.592+0000] {processor.py:840} INFO - DAG(s) 'sales_pipeline' retrieved from /opt/airflow/dags/sales_pipeline_dag.py
[2026-04-22T19:48:05.639+0000] {logging_mixin.py:188} INFO - [2026-04-22T19:48:05.638+0000] {dag.py:3036} INFO - Sync 1 DAGs
[2026-04-22T19:48:05.674+0000] {logging_mixin.py:188} INFO - [2026-04-22T19:48:05.674+0000] {dag.py:3823} INFO - Setting next_dagrun for sales_pipeline to 2026-04-22 00:00:00+00:00, run_after=2026-04-23 00:00:00+00:00
[2026-04-22T19:48:05.718+0000] {processor.py:183} INFO - Processing /opt/airflow/dags/sales_pipeline_dag.py took 1.168 seconds
[2026-04-22T19:48:35.921+0000] {processor.py:161} INFO - Started process (PID=1385) to work on /opt/airflow/dags/sales_pipeline_dag.py
[2026-04-22T19:48:35.923+0000] {processor.py:830} INFO - Processing file /opt/airflow/dags/sales_pipeline_dag.py for tasks to queue
[2026-04-22T19:48:35.925+0000] {logging_mixin.py:188} INFO - [2026-04-22T19:48:35.924+0000] {dagbag.py:538} INFO - Filling up the DagBag from /opt/airflow/dags/sales_pipeline_dag.py
[2026-04-22T19:48:35.350+0000] {processor.py:840} INFO - DAG(s) 'sales_pipeline' retrieved from /opt/airflow/dags/sales_pipeline_dag.py
[2026-04-22T19:48:35.401+0000] {logging_mixin.py:188} INFO - [2026-04-22T19:48:35.401+0000] {dag.py:3036} INFO - Sync 1 DAGs
[2026-04-22T19:48:35.441+0000] {logging_mixin.py:188} INFO - [2026-04-22T19:48:35.441+0000] {dag.py:3823} INFO - Setting next_dagrun for sales_pipeline to 2026-04-22 00:00:00+00:00, run_after=2026-04-23 00:00:00+00:00
[2026-04-22T19:48:35.479+0000] {processor.py:183} INFO - Processing /opt/airflow/dags/sales_pipeline_dag.py took 1.126 seconds
[2026-04-22T19:49:05.710+0000] {processor.py:161} INFO - Started process (PID=1396) to work on /opt/airflow/dags/sales_pipeline_dag.py
[2026-04-22T19:49:05.712+0000] {processor.py:830} INFO - Processing file /opt/airflow/dags/sales_pipeline_dag.py for tasks to queue
[2026-04-22T19:49:05.714+0000] {logging_mixin.py:188} INFO - [2026-04-22T19:49:05.713+0000] {dagbag.py:538} INFO - Filling up the DagBag from /opt/airflow/dags/sales_pipeline_dag.py
[2026-04-22T19:49:07.153+0000] {processor.py:840} INFO - DAG(s) 'sales_pipeline' retrieved from /opt/airflow/dags/sales_pipeline_dag.py
[2026-04-22T19:49:07.201+0000] {logging_mixin.py:188} INFO - [2026-04-22T19:49:07.199+0000] {dag.py:3036} INFO - Sync 1 DAGs
[2026-04-22T19:49:07.245+0000] {logging_mixin.py:188} INFO - [2026-04-22T19:49:07.245+0000] {dag.py:3823} INFO - Setting next_dagrun for sales_pipeline to 2026-04-22 00:00:00+00:00, run_after=2026-04-23 00:00:00+00:00
[2026-04-22T19:49:07.284+0000] {processor.py:183} INFO - Processing /opt/airflow/dags/sales_pipeline_dag.py took 1.579 seconds
[2026-04-22T19:49:37.709+0000] {processor.py:161} INFO - Started process (PID=1407) to work on /opt/airflow/dags/sales_pipeline_dag.py
[2026-04-22T19:49:37.711+0000] {processor.py:830} INFO - Processing file /opt/airflow/dags/sales_pipeline_dag.py for tasks to queue
[2026-04-22T19:49:37.713+0000] {logging_mixin.py:188} INFO - [2026-04-22T19:49:37.712+0000] {dagbag.py:538} INFO - Filling up the DagBag from /opt/airflow/dags/sales_pipeline_dag.py
[2026-04-22T19:49:38.772+0000] {processor.py:840} INFO - DAG(s) 'sales_pipeline' retrieved from /opt/airflow/dags/sales_pipeline_dag.py
[2026-04-22T19:49:38.825+0000] {logging_mixin.py:188} INFO - [2026-04-22T19:49:38.824+0000] {dag.py:3036} INFO - Sync 1 DAGs
[2026-04-22T19:49:38.858+0000] {logging_mixin.py:188} INFO - [2026-04-22T19:49:38.858+0000] {dag.py:3823} INFO - Setting next_dagrun for sales_pipeline to 2026-04-22 00:00:00+00:00, run_after=2026-04-23 00:00:00+00:00
[2026-04-22T19:49:38.892+0000] {processor.py:183} INFO - Processing /opt/airflow/dags/sales_pipeline_dag.py took 1.188 seconds
[2026-04-22T19:50:09.121+0000] {processor.py:161} INFO - Started process (PID=1418) to work on /opt/airflow/dags/sales_pipeline_dag.py
[2026-04-22T19:50:09.129+0000] {processor.py:830} INFO - Processing file /opt/airflow/dags/sales_pipeline_dag.py for tasks to queue
[2026-04-22T19:50:09.132+0000] {logging_mixin.py:188} INFO - [2026-04-22T19:50:09.131+0000] {dagbag.py:538} INFO - Filling up the DagBag from /opt/airflow/dags/sales_pipeline_dag.py
[2026-04-22T19:50:10.382+0000] {processor.py:840} INFO - DAG(s) 'sales_pipeline' retrieved from /opt/airflow/dags/sales_pipeline_dag.py
[2026-04-22T19:50:10.425+0000] {logging_mixin.py:188} INFO - [2026-04-22T19:50:10.424+0000] {dag.py:3036} INFO - Sync 1 DAGs
[2026-04-22T19:50:10.459+0000] {logging_mixin.py:188} INFO - [2026-04-22T19:50:10.458+0000] {dag.py:3823} INFO - Setting next_dagrun for sales_pipeline to 2026-04-22 00:00:00+00:00, run_after=2026-04-23 00:00:00+00:00
[2026-04-22T19:50:10.512+0000] {processor.py:183} INFO - Processing /opt/airflow/dags/sales_pipeline_dag.py took 1.403 seconds
[2026-04-22T19:50:41.271+0000] {processor.py:161} INFO - Started process (PID=1429) to work on /opt/airflow/dags/sales_pipeline_dag.py
[2026-04-22T19:50:41.273+0000] {processor.py:830} INFO - Processing file /opt/airflow/dags/sales_pipeline_dag.py for tasks to queue
[2026-04-22T19:50:41.275+0000] {logging_mixin.py:188} INFO - [2026-04-22T19:50:41.274+0000] {dagbag.py:538} INFO - Filling up the DagBag from /opt/airflow/dags/sales_pipeline_dag.py
[2026-04-22T19:50:42.648+0000] {processor.py:840} INFO - DAG(s) 'sales_pipeline' retrieved from /opt/airflow/dags/sales_pipeline_dag.py
[2026-04-22T19:50:42.726+0000] {logging_mixin.py:188} INFO - [2026-04-22T19:50:42.724+0000] {dag.py:3036} INFO - Sync 1 DAGs
[2026-04-22T19:50:42.776+0000] {logging_mixin.py:188} INFO - [2026-04-22T19:50:42.776+0000] {dag.py:3823} INFO - Setting next_dagrun for sales_pipeline to 2026-04-22 00:00:00+00:00, run_after=2026-04-23 00:00:00+00:00
[2026-04-22T19:50:42.829+0000] {processor.py:183} INFO - Processing /opt/airflow/dags/sales_pipeline_dag.py took 1.568 seconds
[2026-04-22T19:51:13.024+0000] {processor.py:161} INFO - Started process (PID=1440) to work on /opt/airflow/dags/sales_pipeline_dag.py
[2026-04-22T19:51:13.026+0000] {processor.py:830} INFO - Processing file /opt/airflow/dags/sales_pipeline_dag.py for tasks to queue
[2026-04-22T19:51:13.028+0000] {logging_mixin.py:188} INFO - [2026-04-22T19:51:13.027+0000] {dagbag.py:538} INFO - Filling up the DagBag from /opt/airflow/dags/sales_pipeline_dag.py
[2026-04-22T19:51:13.983+0000] {processor.py:840} INFO - DAG(s) 'sales_pipeline' retrieved from /opt/airflow/dags/sales_pipeline_dag.py
[2026-04-22T19:51:14.029+0000] {logging_mixin.py:188} INFO - [2026-04-22T19:51:14.028+0000] {dag.py:3036} INFO - Sync 1 DAGs
[2026-04-22T19:51:14.064+0000] {logging_mixin.py:188} INFO - [2026-04-22T19:51:14.064+0000] {dag.py:3823} INFO - Setting next_dagrun for sales_pipeline to 2026-04-22 00:00:00+00:00, run_after=2026-04-23 00:00:00+00:00
[2026-04-22T19:51:14.099+0000] {processor.py:183} INFO - Processing /opt/airflow/dags/sales_pipeline_dag.py took 1.079 seconds
[2026-04-22T19:51:45.148+0000] {processor.py:161} INFO - Started process (PID=1451) to work on /opt/airflow/dags/sales_pipeline_dag.py
[2026-04-22T19:51:45.150+0000] {processor.py:830} INFO - Processing file /opt/airflow/dags/sales_pipeline_dag.py for tasks to queue
[2026-04-22T19:51:45.153+0000] {logging_mixin.py:188} INFO - [2026-04-22T19:51:45.152+0000] {dagbag.py:538} INFO - Filling up the DagBag from /opt/airflow/dags/sales_pipeline_dag.py
[2026-04-22T19:51:46.479+0000] {processor.py:840} INFO - DAG(s) 'sales_pipeline' retrieved from /opt/airflow/dags/sales_pipeline_dag.py
[2026-04-22T19:51:46.528+0000] {logging_mixin.py:188} INFO - [2026-04-22T19:51:46.526+0000] {dag.py:3036} INFO - Sync 1 DAGs
[2026-04-22T19:51:46.568+0000] {logging_mixin.py:188} INFO - [2026-04-22T19:51:46.567+0000] {dag.py:3823} INFO - Setting next_dagrun for sales_pipeline to 2026-04-22 00:00:00+00:00, run_after=2026-04-23 00:00:00+00:00
[2026-04-22T19:51:46.606+0000] {processor.py:183} INFO - Processing /opt/airflow/dags/sales_pipeline_dag.py took 1.464 seconds
[2026-04-22T19:52:17.317+0000] {processor.py:161} INFO - Started process (PID=1462) to work on /opt/airflow/dags/sales_pipeline_dag.py
[2026-04-22T19:52:17.319+0000] {processor.py:830} INFO - Processing file /opt/airflow/dags/sales_pipeline_dag.py for tasks to queue
[2026-04-22T19:52:17.321+0000] {logging_mixin.py:188} INFO - [2026-04-22T19:52:17.320+0000] {dagbag.py:538} INFO - Filling up the DagBag from /opt/airflow/dags/sales_pipeline_dag.py
[2026-04-22T19:52:18.713+0000] {processor.py:840} INFO - DAG(s) 'sales_pipeline' retrieved from /opt/airflow/dags/sales_pipeline_dag.py
[2026-04-22T19:52:18.750+0000] {logging_mixin.py:188} INFO - [2026-04-22T19:52:18.750+0000] {dag.py:3036} INFO - Sync 1 DAGs
[2026-04-22T19:52:18.788+0000] {logging_mixin.py:188} INFO - [2026-04-22T19:52:18.788+0000] {dag.py:3823} INFO - Setting next_dagrun for sales_pipeline to 2026-04-22 00:00:00+00:00, run_after=2026-04-23 00:00:00+00:00
[2026-04-22T19:52:18.819+0000] {processor.py:183} INFO - Processing /opt/airflow/dags/sales_pipeline_dag.py took 1.509 seconds
[2026-04-22T19:52:49.046+0000] {processor.py:161} INFO - Started process (PID=1473) to work on /opt/airflow/dags/sales_pipeline_dag.py
[2026-04-22T19:52:49.048+0000] {processor.py:830} INFO - Processing file /opt/airflow/dags/sales_pipeline_dag.py for tasks to queue
[2026-04-22T19:52:49.050+0000] {logging_mixin.py:188} INFO - [2026-04-22T19:52:49.049+0000] {dagbag.py:538} INFO - Filling up the DagBag from /opt/airflow/dags/sales_pipeline_dag.py
[2026-04-22T19:52:50.257+0000] {processor.py:840} INFO - DAG(s) 'sales_pipeline' retrieved from /opt/airflow/dags/sales_pipeline_dag.py
[2026-04-22T19:52:50.313+0000] {logging_mixin.py:188} INFO - [2026-04-22T19:52:50.312+0000] {dag.py:3036} INFO - Sync 1 DAGs
[2026-04-22T19:52:50.356+0000] {logging_mixin.py:188} INFO - [2026-04-22T19:52:50.356+0000] {dag.py:3823} INFO - Setting next_dagrun for sales_pipeline to 2026-04-22 00:00:00+00:00, run_after=2026-04-23 00:00:00+00:00
[2026-04-22T19:52:50.387+0000] {processor.py:183} INFO - Processing /opt/airflow/dags/sales_pipeline_dag.py took 1.347 seconds
[2026-04-22T19:53:20.678+0000] {processor.py:161} INFO - Started process (PID=1484) to work on /opt/airflow/dags/sales_pipeline_dag.py
[2026-04-22T19:53:20.681+0000] {processor.py:830} INFO - Processing file /opt/airflow/dags/sales_pipeline_dag.py for tasks to queue
[2026-04-22T19:53:20.683+0000] {logging_mixin.py:188} INFO - [2026-04-22T19:53:20.683+0000] {dagbag.py:538} INFO - Filling up the DagBag from /opt/airflow/dags/sales_pipeline_dag.py
[2026-04-22T19:53:20.444+0000] {processor.py:840} INFO - DAG(s) 'sales_pipeline' retrieved from /opt/airflow/dags/sales_pipeline_dag.py
[2026-04-22T19:53:20.484+0000] {logging_mixin.py:188} INFO - [2026-04-22T19:53:20.484+0000] {dag.py:3036} INFO - Sync 1 DAGs
[2026-04-22T19:53:20.534+0000] {logging_mixin.py:188} INFO - [2026-04-22T19:53:20.533+0000] {dag.py:3823} INFO - Setting next_dagrun for sales_pipeline to 2026-04-22 00:00:00+00:00, run_after=2026-04-23 00:00:00+00:00
[2026-04-22T19:53:20.576+0000] {processor.py:183} INFO - Processing /opt/airflow/dags/sales_pipeline_dag.py took 1.359 seconds
[2026-04-22T19:53:51.336+0000] {processor.py:161} INFO - Started process (PID=1495) to work on /opt/airflow/dags/sales_pipeline_dag.py
[2026-04-22T19:53:51.338+0000] {processor.py:830} INFO - Processing file /opt/airflow/dags/sales_pipeline_dag.py for tasks to queue
[2026-04-22T19:53:51.340+0000] {logging_mixin.py:188} INFO - [2026-04-22T19:53:51.340+0000] {dagbag.py:538} INFO - Filling up the DagBag from /opt/airflow/dags/sales_pipeline_dag.py
[2026-04-22T19:53:52.556+0000] {processor.py:840} INFO - DAG(s) 'sales_pipeline' retrieved from /opt/airflow/dags/sales_pipeline_dag.py
[2026-04-22T19:53:52.607+0000] {logging_mixin.py:188} INFO - [2026-04-22T19:53:52.607+0000] {dag.py:3036} INFO - Sync 1 DAGs
[2026-04-22T19:53:52.665+0000] {logging_mixin.py:188} INFO - [2026-04-22T19:53:52.664+0000] {dag.py:3823} INFO - Setting next_dagrun for sales_pipeline to 2026-04-22 00:00:00+00:00, run_after=2026-04-23 00:00:00+00:00
[2026-04-22T19:53:52.719+0000] {processor.py:183} INFO - Processing /opt/airflow/dags/sales_pipeline_dag.py took 1.390 seconds
[2026-04-22T19:54:22.999+0000] {processor.py:161} INFO - Started process (PID=1506) to work on /opt/airflow/dags/sales_pipeline_dag.py
[2026-04-22T19:54:23.001+0000] {processor.py:830} INFO - Processing file /opt/airflow/dags/sales_pipeline_dag.py for tasks to queue
[2026-04-22T19:54:23.004+0000] {logging_mixin.py:188} INFO - [2026-04-22T19:54:23.003+0000] {dagbag.py:538} INFO - Filling up the DagBag from /opt/airflow/dags/sales_pipeline_dag.py
[2026-04-22T19:54:24.151+0000] {processor.py:840} INFO - DAG(s) 'sales_pipeline' retrieved from /opt/airflow/dags/sales_pipeline_dag.py
[2026-04-22T19:54:24.220+0000] {logging_mixin.py:188} INFO - [2026-04-22T19:54:24.219+0000] {dag.py:3036} INFO - Sync 1 DAGs
[2026-04-22T19:54:24.271+0000] {logging_mixin.py:188} INFO - [2026-04-22T19:54:24.270+0000] {dag.py:3823} INFO - Setting next_dagrun for sales_pipeline to 2026-04-22 00:00:00+00:00, run_after=2026-04-23 00:00:00+00:00
[2026-04-22T19:54:24.309+0000] {processor.py:183} INFO - Processing /opt/airflow/dags/sales_pipeline_dag.py took 1.316 seconds
[2026-04-22T19:54:54.695+0000] {processor.py:161} INFO - Started process (PID=1517) to work on /opt/airflow/dags/sales_pipeline_dag.py
[2026-04-22T19:54:54.697+0000] {processor.py:830} INFO - Processing file /opt/airflow/dags/sales_pipeline_dag.py for tasks to queue
[2026-04-22T19:54:54.699+0000] {logging_mixin.py:188} INFO - [2026-04-22T19:54:54.699+0000] {dagbag.py:538} INFO - Filling up the DagBag from /opt/airflow/dags/sales_pipeline_dag.py
[2026-04-22T19:54:55.694+0000] {processor.py:840} INFO - DAG(s) 'sales_pipeline' retrieved from /opt/airflow/dags/sales_pipeline_dag.py
[2026-04-22T19:54:55.738+0000] {logging_mixin.py:188} INFO - [2026-04-22T19:54:55.736+0000] {dag.py:3036} INFO - Sync 1 DAGs
[2026-04-22T19:54:55.772+0000] {logging_mixin.py:188} INFO - [2026-04-22T19:54:55.772+0000] {dag.py:3823} INFO - Setting next_dagrun for sales_pipeline to 2026-04-22 00:00:00+00:00, run_after=2026-04-23 00:00:00+00:00
[2026-04-22T19:54:55.807+0000] {processor.py:183} INFO - Processing /opt/airflow/dags/sales_pipeline_dag.py took 1.117 seconds
[2026-04-22T19:55:25.898+0000] {processor.py:161} INFO - Started process (PID=1528) to work on /opt/airflow/dags/sales_pipeline_dag.py
[2026-04-22T19:55:25.900+0000] {processor.py:830} INFO - Processing file /opt/airflow/dags/sales_pipeline_dag.py for tasks to queue
[2026-04-22T19:55:25.903+0000] {logging_mixin.py:188} INFO - [2026-04-22T19:55:25.902+0000] {dagbag.py:538} INFO - Filling up the DagBag from /opt/airflow/dags/sales_pipeline_dag.py
[2026-04-22T19:55:26.999+0000] {processor.py:840} INFO - DAG(s) 'sales_pipeline' retrieved from /opt/airflow/dags/sales_pipeline_dag.py
[2026-04-22T19:55:27.048+0000] {logging_mixin.py:188} INFO - [2026-04-22T19:55:27.047+0000] {dag.py:3036} INFO - Sync 1 DAGs
[2026-04-22T19:55:27.091+0000] {logging_mixin.py:188} INFO - [2026-04-22T19:55:27.090+0000] {dag.py:3823} INFO - Setting next_dagrun for sales_pipeline to 2026-04-22 00:00:00+00:00, run_after=2026-04-23 00:00:00+00:00
[2026-04-22T19:55:27.159+0000] {processor.py:183} INFO - Processing /opt/airflow/dags/sales_pipeline_dag.py took 1.271 seconds
[2026-04-22T19:55:57.431+0000] {processor.py:161} INFO - Started process (PID=1539) to work on /opt/airflow/dags/sales_pipeline_dag.py
[2026-04-22T19:55:57.434+0000] {processor.py:830} INFO - Processing file /opt/airflow/dags/sales_pipeline_dag.py for tasks to queue
[2026-04-22T19:55:57.438+0000] {logging_mixin.py:188} INFO - [2026-04-22T19:55:57.437+0000] {dagbag.py:538} INFO - Filling up the DagBag from /opt/airflow/dags/sales_pipeline_dag.py
[2026-04-22T19:55:58.691+0000] {processor.py:840} INFO - DAG(s) 'sales_pipeline' retrieved from /opt/airflow/dags/sales_pipeline_dag.py
[2026-04-22T19:55:58.737+0000] {logging_mixin.py:188} INFO - [2026-04-22T19:55:58.736+0000] {dag.py:3036} INFO - Sync 1 DAGs
[2026-04-22T19:55:58.780+0000] {logging_mixin.py:188} INFO - [2026-04-22T19:55:58.780+0000] {dag.py:3823} INFO - Setting next_dagrun for sales_pipeline to 2026-04-22 00:00:00+00:00, run_after=2026-04-23 00:00:00+00:00
[2026-04-22T19:55:58.820+0000] {processor.py:183} INFO - Processing /opt/airflow/dags/sales_pipeline_dag.py took 1.395 seconds
[2026-04-22T19:56:28.949+0000] {processor.py:161} INFO - Started process (PID=1550) to work on /opt/airflow/dags/sales_pipeline_dag.py
[2026-04-22T19:56:28.952+0000] {processor.py:830} INFO - Processing file /opt/airflow/dags/sales_pipeline_dag.py for tasks to queue
[2026-04-22T19:56:28.954+0000] {logging_mixin.py:188} INFO - [2026-04-22T19:56:28.954+0000] {dagbag.py:538} INFO - Filling up the DagBag from /opt/airflow/dags/sales_pipeline_dag.py
[2026-04-22T19:56:30.381+0000] {processor.py:840} INFO - DAG(s) 'sales_pipeline' retrieved from /opt/airflow/dags/sales_pipeline_dag.py
[2026-04-22T19:56:30.436+0000] {logging_mixin.py:188} INFO - [2026-04-22T19:56:30.435+0000] {dag.py:3036} INFO - Sync 1 DAGs
[2026-04-22T19:56:30.483+0000] {logging_mixin.py:188} INFO - [2026-04-22T19:56:30.482+0000] {dag.py:3823} INFO - Setting next_dagrun for sales_pipeline to 2026-04-22 00:00:00+00:00, run_after=2026-04-23 00:00:00+00:00
[2026-04-22T19:56:30.530+0000] {processor.py:183} INFO - Processing /opt/airflow/dags/sales_pipeline_dag.py took 1.586 seconds
[2026-04-22T19:57:00.898+0000] {processor.py:161} INFO - Started process (PID=1561) to work on /opt/airflow/dags/sales_pipeline_dag.py
[2026-04-22T19:57:00.900+0000] {processor.py:830} INFO - Processing file /opt/airflow/dags/sales_pipeline_dag.py for tasks to queue
[2026-04-22T19:57:00.902+0000] {logging_mixin.py:188} INFO - [2026-04-22T19:57:00.902+0000] {dagbag.py:538} INFO - Filling up the DagBag from /opt/airflow/dags/sales_pipeline_dag.py
[2026-04-22T19:57:02.031+0000] {processor.py:840} INFO - DAG(s) 'sales_pipeline' retrieved from /opt/airflow/dags/sales_pipeline_dag.py
[2026-04-22T19:57:02.076+0000] {logging_mixin.py:188} INFO - [2026-04-22T19:57:02.075+0000] {dag.py:3036} INFO - Sync 1 DAGs
[2026-04-22T19:57:02.123+0000] {logging_mixin.py:188} INFO - [2026-04-22T19:57:02.123+0000] {dag.py:3823} INFO - Setting next_dagrun for sales_pipeline to 2026-04-22 00:00:00+00:00, run_after=2026-04-23 00:00:00+00:00
[2026-04-22T19:57:02.165+0000] {processor.py:183} INFO - Processing /opt/airflow/dags/sales_pipeline_dag.py took 1.273 seconds
[2026-04-22T19:57:32.342+0000] {processor.py:161} INFO - Started process (PID=1572) to work on /opt/airflow/dags/sales_pipeline_dag.py
[2026-04-22T19:57:32.352+0000] {processor.py:830} INFO - Processing file /opt/airflow/dags/sales_pipeline_dag.py for tasks to queue
[2026-04-22T19:57:32.355+0000] {logging_mixin.py:188} INFO - [2026-04-22T19:57:32.354+0000] {dagbag.py:538} INFO - Filling up the DagBag from /opt/airflow/dags/sales_pipeline_dag.py
[2026-04-22T19:57:33.534+0000] {processor.py:840} INFO - DAG(s) 'sales_pipeline' retrieved from /opt/airflow/dags/sales_pipeline_dag.py
[2026-04-22T19:57:33.573+0000] {logging_mixin.py:188} INFO - [2026-04-22T19:57:33.572+0000] {dag.py:3036} INFO - Sync 1 DAGs
[2026-04-22T19:57:33.604+0000] {logging_mixin.py:188} INFO - [2026-04-22T19:57:33.604+0000] {dag.py:3823} INFO - Setting next_dagrun for sales_pipeline to 2026-04-22 00:00:00+00:00, run_after=2026-04-23 00:00:00+00:00
[2026-04-22T19:57:33.637+0000] {processor.py:183} INFO - Processing /opt/airflow/dags/sales_pipeline_dag.py took 1.323 seconds
[2026-04-22T19:58:03.826+0000] {processor.py:161} INFO - Started process (PID=1583) to work on /opt/airflow/dags/sales_pipeline_dag.py
[2026-04-22T19:58:03.828+0000] {processor.py:830} INFO - Processing file /opt/airflow/dags/sales_pipeline_dag.py for tasks to queue
[2026-04-22T19:58:03.830+0000] {logging_mixin.py:188} INFO - [2026-04-22T19:58:03.829+0000] {dagbag.py:538} INFO - Filling up the DagBag from /opt/airflow/dags/sales_pipeline_dag.py
[2026-04-22T19:58:04.868+0000] {processor.py:840} INFO - DAG(s) 'sales_pipeline' retrieved from /opt/airflow/dags/sales_pipeline_dag.py
[2026-04-22T19:58:04.914+0000] {logging_mixin.py:188} INFO - [2026-04-22T19:58:04.913+0000] {dag.py:3036} INFO - Sync 1 DAGs
[2026-04-22T19:58:04.954+0000] {logging_mixin.py:188} INFO - [2026-04-22T19:58:04.954+0000] {dag.py:3823} INFO - Setting next_dagrun for sales_pipeline to 2026-04-22 00:00:00+00:00, run_after=2026-04-23 00:00:00+00:00
[2026-04-22T19:58:04.991+0000] {processor.py:183} INFO - Processing /opt/airflow/dags/sales_pipeline_dag.py took 1.170 seconds
[2026-04-22T19:58:35.709+0000] {processor.py:161} INFO - Started process (PID=1597) to work on /opt/airflow/dags/sales_pipeline_dag.py
[2026-04-22T19:58:35.712+0000] {processor.py:830} INFO - Processing file /opt/airflow/dags/sales_pipeline_dag.py for tasks to queue
[2026-04-22T19:58:35.715+0000] {logging_mixin.py:188} INFO - [2026-04-22T19:58:35.714+0000] {dagbag.py:538} INFO - Filling up the DagBag from /opt/airflow/dags/sales_pipeline_dag.py
[2026-04-22T19:58:37.114+0000] {processor.py:840} INFO - DAG(s) 'sales_pipeline' retrieved from /opt/airflow/dags/sales_pipeline_dag.py
[2026-04-22T19:58:37.260+0000] {logging_mixin.py:188} INFO - [2026-04-22T19:58:37.257+0000] {dag.py:3036} INFO - Sync 1 DAGs
[2026-04-22T19:58:37.369+0000] {logging_mixin.py:188} INFO - [2026-04-22T19:58:37.368+0000] {dag.py:3823} INFO - Setting next_dagrun for sales_pipeline to 2026-04-22 00:00:00+00:00, run_after=2026-04-23 00:00:00+00:00
[2026-04-22T19:58:37.486+0000] {processor.py:183} INFO - Processing /opt/airflow/dags/sales_pipeline_dag.py took 1.784 seconds
[2026-04-22T19:59:08.075+0000] {processor.py:161} INFO - Started process (PID=1610) to work on /opt/airflow/dags/sales_pipeline_dag.py
[2026-04-22T19:59:08.077+0000] {processor.py:830} INFO - Processing file /opt/airflow/dags/sales_pipeline_dag.py for tasks to queue
[2026-04-22T19:59:08.085+0000] {logging_mixin.py:188} INFO - [2026-04-22T19:59:08.083+0000] {dagbag.py:538} INFO - Filling up the DagBag from /opt/airflow/dags/sales_pipeline_dag.py
[2026-04-22T19:59:09.365+0000] {processor.py:840} INFO - DAG(s) 'sales_pipeline' retrieved from /opt/airflow/dags/sales_pipeline_dag.py
[2026-04-22T19:59:09.409+0000] {logging_mixin.py:188} INFO - [2026-04-22T19:59:09.408+0000] {dag.py:3036} INFO - Sync 1 DAGs
[2026-04-22T19:59:09.454+0000] {logging_mixin.py:188} INFO - [2026-04-22T19:59:09.453+0000] {dag.py:3823} INFO - Setting next_dagrun for sales_pipeline to 2026-04-22 00:00:00+00:00, run_after=2026-04-23 00:00:00+00:00
[2026-04-22T19:59:09.500+0000] {processor.py:183} INFO - Processing /opt/airflow/dags/sales_pipeline_dag.py took 1.442 seconds
[2026-04-22T19:59:39.778+0000] {processor.py:161} INFO - Started process (PID=1621) to work on /opt/airflow/dags/sales_pipeline_dag.py
[2026-04-22T19:59:39.780+0000] {processor.py:830} INFO - Processing file /opt/airflow/dags/sales_pipeline_dag.py for tasks to queue
[2026-04-22T19:59:39.782+0000] {logging_mixin.py:188} INFO - [2026-04-22T19:59:39.782+0000] {dagbag.py:538} INFO - Filling up the DagBag from /opt/airflow/dags/sales_pipeline_dag.py
[2026-04-22T19:59:40.944+0000] {processor.py:840} INFO - DAG(s) 'sales_pipeline' retrieved from /opt/airflow/dags/sales_pipeline_dag.py
[2026-04-22T19:59:41.020+0000] {logging_mixin.py:188} INFO - [2026-04-22T19:59:41.018+0000] {dag.py:3036} INFO - Sync 1 DAGs
[2026-04-22T19:59:41.085+0000] {logging_mixin.py:188} INFO - [2026-04-22T19:59:41.085+0000] {dag.py:3823} INFO - Setting next_dagrun for sales_pipeline to 2026-04-22 00:00:00+00:00, run_after=2026-04-23 00:00:00+00:00
[2026-04-22T19:59:41.136+0000] {processor.py:183} INFO - Processing /opt/airflow/dags/sales_pipeline_dag.py took 1.364 seconds
[2026-04-22T20:00:11.286+0000] {processor.py:161} INFO - Started process (PID=1632) to work on /opt/airflow/dags/sales_pipeline_dag.py
[2026-04-22T20:00:11.288+0000] {processor.py:830} INFO - Processing file /opt/airflow/dags/sales_pipeline_dag.py for tasks to queue
[2026-04-22T20:00:11.290+0000] {logging_mixin.py:188} INFO - [2026-04-22T20:00:11.290+0000] {dagbag.py:538} INFO - Filling up the DagBag from /opt/airflow/dags/sales_pipeline_dag.py
[2026-04-22T20:00:12.785+0000] {processor.py:840} INFO - DAG(s) 'sales_pipeline' retrieved from /opt/airflow/dags/sales_pipeline_dag.py
[2026-04-22T20:00:12.837+0000] {logging_mixin.py:188} INFO - [2026-04-22T20:00:12.836+0000] {dag.py:3036} INFO - Sync 1 DAGs
[2026-04-22T20:00:12.879+0000] {logging_mixin.py:188} INFO - [2026-04-22T20:00:12.878+0000] {dag.py:3823} INFO - Setting next_dagrun for sales_pipeline to 2026-04-22 00:00:00+00:00, run_after=2026-04-23 00:00:00+00:00
[2026-04-22T20:00:12.924+0000] {processor.py:183} INFO - Processing /opt/airflow/dags/sales_pipeline_dag.py took 1.649 seconds
[2026-04-22T20:00:43.249+0000] {processor.py:161} INFO - Started process (PID=1643) to work on /opt/airflow/dags/sales_pipeline_dag.py
[2026-04-22T20:00:43.252+0000] {processor.py:830} INFO - Processing file /opt/airflow/dags/sales_pipeline_dag.py for tasks to queue
[2026-04-22T20:00:43.254+0000] {logging_mixin.py:188} INFO - [2026-04-22T20:00:43.253+0000] {dagbag.py:538} INFO - Filling up the DagBag from /opt/airflow/dags/sales_pipeline_dag.py
[2026-04-22T20:00:44.596+0000] {processor.py:840} INFO - DAG(s) 'sales_pipeline' retrieved from /opt/airflow/dags/sales_pipeline_dag.py
[2026-04-22T20:00:44.653+0000] {logging_mixin.py:188} INFO - [2026-04-22T20:00:44.652+0000] {dag.py:3036} INFO - Sync 1 DAGs
[2026-04-22T20:00:44.704+0000] {logging_mixin.py:188} INFO - [2026-04-22T20:00:44.704+0000] {dag.py:3823} INFO - Setting next_dagrun for sales_pipeline to 2026-04-22 00:00:00+00:00, run_after=2026-04-23 00:00:00+00:00
[2026-04-22T20:00:44.750+0000] {processor.py:183} INFO - Processing /opt/airflow/dags/sales_pipeline_dag.py took 1.506 seconds
[2026-04-22T20:01:15.010+0000] {processor.py:161} INFO - Started process (PID=1654) to work on /opt/airflow/dags/sales_pipeline_dag.py
[2026-04-22T20:01:15.012+0000] {processor.py:830} INFO - Processing file /opt/airflow/dags/sales_pipeline_dag.py for tasks to queue
[2026-04-22T20:01:15.014+0000] {logging_mixin.py:188} INFO - [2026-04-22T20:01:15.014+0000] {dagbag.py:538} INFO - Filling up the DagBag from /opt/airflow/dags/sales_pipeline_dag.py
[2026-04-22T20:01:16.139+0000] {processor.py:840} INFO - DAG(s) 'sales_pipeline' retrieved from /opt/airflow/dags/sales_pipeline_dag.py
[2026-04-22T20:01:16.201+0000] {logging_mixin.py:188} INFO - [2026-04-22T20:01:16.200+0000] {dag.py:3036} INFO - Sync 1 DAGs
[2026-04-22T20:01:16.236+0000] {logging_mixin.py:188} INFO - [2026-04-22T20:01:16.235+0000] {dag.py:3823} INFO - Setting next_dagrun for sales_pipeline to 2026-04-22 00:00:00+00:00, run_after=2026-04-23 00:00:00+00:00
[2026-04-22T20:01:16.269+0000] {processor.py:183} INFO - Processing /opt/airflow/dags/sales_pipeline_dag.py took 1.264 seconds
[2026-04-22T20:01:46.485+0000] {processor.py:161} INFO - Started process (PID=1665) to work on /opt/airflow/dags/sales_pipeline_dag.py
[2026-04-22T20:01:46.487+0000] {processor.py:830} INFO - Processing file /opt/airflow/dags/sales_pipeline_dag.py for tasks to queue
[2026-04-22T20:01:46.489+0000] {logging_mixin.py:188} INFO - [2026-04-22T20:01:46.489+0000] {dagbag.py:538} INFO - Filling up the DagBag from /opt/airflow/dags/sales_pipeline_dag.py
[2026-04-22T20:01:48.087+0000] {processor.py:840} INFO - DAG(s) 'sales_pipeline' retrieved from /opt/airflow/dags/sales_pipeline_dag.py
[2026-04-22T20:01:48.171+0000] {logging_mixin.py:188} INFO - [2026-04-22T20:01:48.170+0000] {dag.py:3036} INFO - Sync 1 DAGs
[2026-04-22T20:01:48.252+0000] {logging_mixin.py:188} INFO - [2026-04-22T20:01:48.251+0000] {dag.py:3823} INFO - Setting next_dagrun for sales_pipeline to 2026-04-22 00:00:00+00:00, run_after=2026-04-23 00:00:00+00:00
[2026-04-22T20:01:48.325+0000] {processor.py:183} INFO - Processing /opt/airflow/dags/sales_pipeline_dag.py took 1.846 seconds
[2026-04-22T20:02:18.551+0000] {processor.py:161} INFO - Started process (PID=1676) to work on /opt/airflow/dags/sales_pipeline_dag.py
[2026-04-22T20:02:18.557+0000] {processor.py:830} INFO - Processing file /opt/airflow/dags/sales_pipeline_dag.py for tasks to queue
[2026-04-22T20:02:18.562+0000] {logging_mixin.py:188} INFO - [2026-04-22T20:02:18.561+0000] {dagbag.py:538} INFO - Filling up the DagBag from /opt/airflow/dags/sales_pipeline_dag.py
[2026-04-22T20:02:19.981+0000] {processor.py:840} INFO - DAG(s) 'sales_pipeline' retrieved from /opt/airflow/dags/sales_pipeline_dag.py
[2026-04-22T20:02:20.030+0000] {logging_mixin.py:188} INFO - [2026-04-22T20:02:20.028+0000] {dag.py:3036} INFO - Sync 1 DAGs
[2026-04-22T20:02:20.074+0000] {logging_mixin.py:188} INFO - [2026-04-22T20:02:20.073+0000] {dag.py:3823} INFO - Setting next_dagrun for sales_pipeline to 2026-04-22 00:00:00+00:00, run_after=2026-04-23 00:00:00+00:00
[2026-04-22T20:02:20.127+0000] {processor.py:183} INFO - Processing /opt/airflow/dags/sales_pipeline_dag.py took 1.589 seconds
[2026-04-22T20:02:50.335+0000] {processor.py:161} INFO - Started process (PID=1687) to work on /opt/airflow/dags/sales_pipeline_dag.py
[2026-04-22T20:02:50.338+0000] {processor.py:830} INFO - Processing file /opt/airflow/dags/sales_pipeline_dag.py for tasks to queue
[2026-04-22T20:02:50.342+0000] {logging_mixin.py:188} INFO - [2026-04-22T20:02:50.341+0000] {dagbag.py:538} INFO - Filling up the DagBag from /opt/airflow/dags/sales_pipeline_dag.py
[2026-04-22T20:02:50.455+0000] {processor.py:840} INFO - DAG(s) 'sales_pipeline' retrieved from /opt/airflow/dags/sales_pipeline_dag.py
[2026-04-22T20:02:50.513+0000] {logging_mixin.py:188} INFO - [2026-04-22T20:02:50.512+0000] {dag.py:3036} INFO - Sync 1 DAGs
[2026-04-22T20:02:50.567+0000] {logging_mixin.py:188} INFO - [2026-04-22T20:02:50.567+0000] {dag.py:3823} INFO - Setting next_dagrun for sales_pipeline to 2026-04-22 00:00:00+00:00, run_after=2026-04-23 00:00:00+00:00
[2026-04-22T20:02:50.638+0000] {processor.py:183} INFO - Processing /opt/airflow/dags/sales_pipeline_dag.py took 1.868 seconds
[2026-04-22T20:03:20.761+0000] {processor.py:161} INFO - Started process (PID=1698) to work on /opt/airflow/dags/sales_pipeline_dag.py
[2026-04-22T20:03:20.762+0000] {processor.py:830} INFO - Processing file /opt/airflow/dags/sales_pipeline_dag.py for tasks to queue
[2026-04-22T20:03:20.766+0000] {logging_mixin.py:188} INFO - [2026-04-22T20:03:20.765+0000] {dagbag.py:538} INFO - Filling up the DagBag from /opt/airflow/dags/sales_pipeline_dag.py
[2026-04-22T20:03:22.089+0000] {processor.py:840} INFO - DAG(s) 'sales_pipeline' retrieved from /opt/airflow/dags/sales_pipeline_dag.py
[2026-04-22T20:03:22.175+0000] {logging_mixin.py:188} INFO - [2026-04-22T20:03:22.173+0000] {dag.py:3036} INFO - Sync 1 DAGs
[2026-04-22T20:03:22.253+0000] {logging_mixin.py:188} INFO - [2026-04-22T20:03:22.249+0000] {dag.py:3823} INFO - Setting next_dagrun for sales_pipeline to 2026-04-22 00:00:00+00:00, run_after=2026-04-23 00:00:00+00:00
[2026-04-22T20:03:22.308+0000] {processor.py:183} INFO - Processing /opt/airflow/dags/sales_pipeline_dag.py took 1.552 seconds
[2026-04-22T20:03:52.590+0000] {processor.py:161} INFO - Started process (PID=1709) to work on /opt/airflow/dags/sales_pipeline_dag.py
[2026-04-22T20:03:52.596+0000] {processor.py:830} INFO - Processing file /opt/airflow/dags/sales_pipeline_dag.py for tasks to queue
[2026-04-22T20:03:52.598+0000] {logging_mixin.py:188} INFO - [2026-04-22T20:03:52.597+0000] {dagbag.py:538} INFO - Filling up the DagBag from /opt/airflow/dags/sales_pipeline_dag.py
[2026-04-22T20:03:53.792+0000] {processor.py:840} INFO - DAG(s) 'sales_pipeline' retrieved from /opt/airflow/dags/sales_pipeline_dag.py
[2026-04-22T20:03:53.838+0000] {logging_mixin.py:188} INFO - [2026-04-22T20:03:53.837+0000] {dag.py:3036} INFO - Sync 1 DAGs
[2026-04-22T20:03:53.890+0000] {logging_mixin.py:188} INFO - [2026-04-22T20:03:53.889+0000] {dag.py:3823} INFO - Setting next_dagrun for sales_pipeline to 2026-04-22 00:00:00+00:00, run_after=2026-04-23 00:00:00+00:00
[2026-04-22T20:03:53.936+0000] {processor.py:183} INFO - Processing /opt/airflow/dags/sales_pipeline_dag.py took 1.355 seconds
[2026-04-22T20:04:24.134+0000] {processor.py:161} INFO - Started process (PID=1720) to work on /opt/airflow/dags/sales_pipeline_dag.py
[2026-04-22T20:04:24.144+0000] {processor.py:830} INFO - Processing file /opt/airflow/dags/sales_pipeline_dag.py for tasks to queue
[2026-04-22T20:04:24.149+0000] {logging_mixin.py:188} INFO - [2026-04-22T20:04:24.148+0000] {dagbag.py:538} INFO - Filling up the DagBag from /opt/airflow/dags/sales_pipeline_dag.py
[2026-04-22T20:04:25.301+0000] {processor.py:840} INFO - DAG(s) 'sales_pipeline' retrieved from /opt/airflow/dags/sales_pipeline_dag.py
[2026-04-22T20:04:25.358+0000] {logging_mixin.py:188} INFO - [2026-04-22T20:04:25.357+0000] {dag.py:3036} INFO - Sync 1 DAGs
[2026-04-22T20:04:25.406+0000] {logging_mixin.py:188} INFO - [2026-04-22T20:04:25.405+0000] {dag.py:3823} INFO - Setting next_dagrun for sales_pipeline to 2026-04-22 00:00:00+00:00, run_after=2026-04-23 00:00:00+00:00
[2026-04-22T20:04:25.450+0000] {processor.py:183} INFO - Processing /opt/airflow/dags/sales_pipeline_dag.py took 1.332 seconds
[2026-04-22T20:04:55.757+0000] {processor.py:161} INFO - Started process (PID=1731) to work on /opt/airflow/dags/sales_pipeline_dag.py
[2026-04-22T20:04:55.761+0000] {processor.py:830} INFO - Processing file /opt/airflow/dags/sales_pipeline_dag.py for tasks to queue
[2026-04-22T20:04:55.764+0000] {logging_mixin.py:188} INFO - [2026-04-22T20:04:55.763+0000] {dagbag.py:538} INFO - Filling up the DagBag from /opt/airflow/dags/sales_pipeline_dag.py
[2026-04-22T20:04:57.226+0000] {processor.py:840} INFO - DAG(s) 'sales_pipeline' retrieved from /opt/airflow/dags/sales_pipeline_dag.py
[2026-04-22T20:04:57.269+0000] {logging_mixin.py:188} INFO - [2026-04-22T20:04:57.266+0000] {dag.py:3036} INFO - Sync 1 DAGs
[2026-04-22T20:04:57.307+0000] {logging_mixin.py:188} INFO - [2026-04-22T20:04:57.306+0000] {dag.py:3823} INFO - Setting next_dagrun for sales_pipeline to 2026-04-22 00:00:00+00:00, run_after=2026-04-23 00:00:00+00:00
[2026-04-22T20:04:57.345+0000] {processor.py:183} INFO - Processing /opt/airflow/dags/sales_pipeline_dag.py took 1.597 seconds
[2026-04-22T20:05:27.774+0000] {processor.py:161} INFO - Started process (PID=1742) to work on /opt/airflow/dags/sales_pipeline_dag.py
[2026-04-22T20:05:27.777+0000] {processor.py:830} INFO - Processing file /opt/airflow/dags/sales_pipeline_dag.py for tasks to queue
[2026-04-22T20:05:27.780+0000] {logging_mixin.py:188} INFO - [2026-04-22T20:05:27.779+0000] {dagbag.py:538} INFO - Filling up the DagBag from /opt/airflow/dags/sales_pipeline_dag.py
[2026-04-22T20:05:29.274+0000] {processor.py:840} INFO - DAG(s) 'sales_pipeline' retrieved from /opt/airflow/dags/sales_pipeline_dag.py
[2026-04-22T20:05:29.324+0000] {logging_mixin.py:188} INFO - [2026-04-22T20:05:29.323+0000] {dag.py:3036} INFO - Sync 1 DAGs
[2026-04-22T20:05:29.367+0000] {logging_mixin.py:188} INFO - [2026-04-22T20:05:29.367+0000] {dag.py:3823} INFO - Setting next_dagrun for sales_pipeline to 2026-04-22 00:00:00+00:00, run_after=2026-04-23 00:00:00+00:00
[2026-04-22T20:05:29.414+0000] {processor.py:183} INFO - Processing /opt/airflow/dags/sales_pipeline_dag.py took 1.655 seconds
[2026-04-22T20:06:00.107+0000] {processor.py:161} INFO - Started process (PID=1753) to work on /opt/airflow/dags/sales_pipeline_dag.py
[2026-04-22T20:06:00.115+0000] {processor.py:830} INFO - Processing file /opt/airflow/dags/sales_pipeline_dag.py for tasks to queue
[2026-04-22T20:06:00.118+0000] {logging_mixin.py:188} INFO - [2026-04-22T20:06:00.117+0000] {dagbag.py:538} INFO - Filling up the DagBag from /opt/airflow/dags/sales_pipeline_dag.py
[2026-04-22T20:06:01.249+0000] {processor.py:840} INFO - DAG(s) 'sales_pipeline' retrieved from /opt/airflow/dags/sales_pipeline_dag.py
[2026-04-22T20:06:01.301+0000] {logging_mixin.py:188} INFO - [2026-04-22T20:06:01.300+0000] {dag.py:3036} INFO - Sync 1 DAGs
[2026-04-22T20:06:01.354+0000] {logging_mixin.py:188} INFO - [2026-04-22T20:06:01.353+0000] {dag.py:3823} INFO - Setting next_dagrun for sales_pipeline to 2026-04-22 00:00:00+00:00, run_after=2026-04-23 00:00:00+00:00
[2026-04-22T20:06:01.403+0000] {processor.py:183} INFO - Processing /opt/airflow/dags/sales_pipeline_dag.py took 1.305 seconds
[2026-04-22T20:06:32.158+0000] {processor.py:161} INFO - Started process (PID=1764) to work on /opt/airflow/dags/sales_pipeline_dag.py
[2026-04-22T20:06:32.160+0000] {processor.py:830} INFO - Processing file /opt/airflow/dags/sales_pipeline_dag.py for tasks to queue
[2026-04-22T20:06:32.163+0000] {logging_mixin.py:188} INFO - [2026-04-22T20:06:32.162+0000] {dagbag.py:538} INFO - Filling up the DagBag from /opt/airflow/dags/sales_pipeline_dag.py
[2026-04-22T20:06:33.364+0000] {processor.py:840} INFO - DAG(s) 'sales_pipeline' retrieved from /opt/airflow/dags/sales_pipeline_dag.py
[2026-04-22T20:06:33.425+0000] {logging_mixin.py:188} INFO - [2026-04-22T20:06:33.424+0000] {dag.py:3036} INFO - Sync 1 DAGs
[2026-04-22T20:06:33.485+0000] {logging_mixin.py:188} INFO - [2026-04-22T20:06:33.484+0000] {dag.py:3823} INFO - Setting next_dagrun for sales_pipeline to 2026-04-22 00:00:00+00:00, run_after=2026-04-23 00:00:00+00:00
[2026-04-22T20:06:33.548+0000] {processor.py:183} INFO - Processing /opt/airflow/dags/sales_pipeline_dag.py took 1.396 seconds
[2026-04-22T20:07:03.714+0000] {processor.py:161} INFO - Started process (PID=1775) to work on /opt/airflow/dags/sales_pipeline_dag.py
[2026-04-22T20:07:03.718+0000] {processor.py:830} INFO - Processing file /opt/airflow/dags/sales_pipeline_dag.py for tasks to queue
[2026-04-22T20:07:03.722+0000] {logging_mixin.py:188} INFO - [2026-04-22T20:07:03.721+0000] {dagbag.py:538} INFO - Filling up the DagBag from /opt/airflow/dags/sales_pipeline_dag.py
[2026-04-22T20:07:04.830+0000] {processor.py:840} INFO - DAG(s) 'sales_pipeline' retrieved from /opt/airflow/dags/sales_pipeline_dag.py
[2026-04-22T20:07:04.867+0000] {logging_mixin.py:188} INFO - [2026-04-22T20:07:04.867+0000] {dag.py:3036} INFO - Sync 1 DAGs
[2026-04-22T20:07:04.907+0000] {logging_mixin.py:188} INFO - [2026-04-22T20:07:04.907+0000] {dag.py:3823} INFO - Setting next_dagrun for sales_pipeline to 2026-04-22 00:00:00+00:00, run_after=2026-04-23 00:00:00+00:00
[2026-04-22T20:07:04.945+0000] {processor.py:183} INFO - Processing /opt/airflow/dags/sales_pipeline_dag.py took 1.241 seconds
[2026-04-22T20:07:35.259+0000] {processor.py:161} INFO - Started process (PID=1786) to work on /opt/airflow/dags/sales_pipeline_dag.py
[2026-04-22T20:07:35.261+0000] {processor.py:830} INFO - Processing file /opt/airflow/dags/sales_pipeline_dag.py for tasks to queue
[2026-04-22T20:07:35.263+0000] {logging_mixin.py:188} INFO - [2026-04-22T20:07:35.263+0000] {dagbag.py:538} INFO - Filling up the DagBag from /opt/airflow/dags/sales_pipeline_dag.py
[2026-04-22T20:07:36.368+0000] {processor.py:840} INFO - DAG(s) 'sales_pipeline' retrieved from /opt/airflow/dags/sales_pipeline_dag.py
[2026-04-22T20:07:36.415+0000] {logging_mixin.py:188} INFO - [2026-04-22T20:07:36.413+0000] {dag.py:3036} INFO - Sync 1 DAGs
[2026-04-22T20:07:36.457+0000] {logging_mixin.py:188} INFO - [2026-04-22T20:07:36.456+0000] {dag.py:3823} INFO - Setting next_dagrun for sales_pipeline to 2026-04-22 00:00:00+00:00, run_after=2026-04-23 00:00:00+00:00
[2026-04-22T20:07:36.492+0000] {processor.py:183} INFO - Processing /opt/airflow/dags/sales_pipeline_dag.py took 1.240 seconds
[2026-04-22T20:08:07.380+0000] {processor.py:161} INFO - Started process (PID=1797) to work on /opt/airflow/dags/sales_pipeline_dag.py
[2026-04-22T20:08:07.383+0000] {processor.py:830} INFO - Processing file /opt/airflow/dags/sales_pipeline_dag.py for tasks to queue
[2026-04-22T20:08:07.386+0000] {logging_mixin.py:188} INFO - [2026-04-22T20:08:07.385+0000] {dagbag.py:538} INFO - Filling up the DagBag from /opt/airflow/dags/sales_pipeline_dag.py
[2026-04-22T20:08:08.833+0000] {processor.py:840} INFO - DAG(s) 'sales_pipeline' retrieved from /opt/airflow/dags/sales_pipeline_dag.py
[2026-04-22T20:08:08.901+0000] {logging_mixin.py:188} INFO - [2026-04-22T20:08:08.899+0000] {dag.py:3036} INFO - Sync 1 DAGs
[2026-04-22T20:08:08.948+0000] {logging_mixin.py:188} INFO - [2026-04-22T20:08:08.948+0000] {dag.py:3823} INFO - Setting next_dagrun for sales_pipeline to 2026-04-22 00:00:00+00:00, run_after=2026-04-23 00:00:00+00:00
[2026-04-22T20:08:09.000+0000] {processor.py:183} INFO - Processing /opt/airflow/dags/sales_pipeline_dag.py took 1.627 seconds
[2026-04-22T20:08:39.114+0000] {processor.py:161} INFO - Started process (PID=1808) to work on /opt/airflow/dags/sales_pipeline_dag.py
[2026-04-22T20:08:39.116+0000] {processor.py:830} INFO - Processing file /opt/airflow/dags/sales_pipeline_dag.py for tasks to queue
[2026-04-22T20:08:39.118+0000] {logging_mixin.py:188} INFO - [2026-04-22T20:08:39.118+0000] {dagbag.py:538} INFO - Filling up the DagBag from /opt/airflow/dags/sales_pipeline_dag.py
[2026-04-22T20:08:40.325+0000] {processor.py:840} INFO - DAG(s) 'sales_pipeline' retrieved from /opt/airflow/dags/sales_pipeline_dag.py
[2026-04-22T20:08:40.396+0000] {logging_mixin.py:188} INFO - [2026-04-22T20:08:40.394+0000] {dag.py:3036} INFO - Sync 1 DAGs
[2026-04-22T20:08:40.476+0000] {logging_mixin.py:188} INFO - [2026-04-22T20:08:40.475+0000] {dag.py:3823} INFO - Setting next_dagrun for sales_pipeline to 2026-04-22 00:00:00+00:00, run_after=2026-04-23 00:00:00+00:00
[2026-04-22T20:08:40.545+0000] {processor.py:183} INFO - Processing /opt/airflow/dags/sales_pipeline_dag.py took 1.436 seconds
[2026-04-22T20:09:11.431+0000] {processor.py:161} INFO - Started process (PID=1819) to work on /opt/airflow/dags/sales_pipeline_dag.py
[2026-04-22T20:09:11.434+0000] {processor.py:830} INFO - Processing file /opt/airflow/dags/sales_pipeline_dag.py for tasks to queue
[2026-04-22T20:09:11.436+0000] {logging_mixin.py:188} INFO - [2026-04-22T20:09:11.436+0000] {dagbag.py:538} INFO - Filling up the DagBag from /opt/airflow/dags/sales_pipeline_dag.py
[2026-04-22T20:09:12.449+0000] {processor.py:840} INFO - DAG(s) 'sales_pipeline' retrieved from /opt/airflow/dags/sales_pipeline_dag.py
[2026-04-22T20:09:12.503+0000] {logging_mixin.py:188} INFO - [2026-04-22T20:09:12.503+0000] {dag.py:3036} INFO - Sync 1 DAGs
[2026-04-22T20:09:12.543+0000] {logging_mixin.py:188} INFO - [2026-04-22T20:09:12.543+0000] {dag.py:3823} INFO - Setting next_dagrun for sales_pipeline to 2026-04-22 00:00:00+00:00, run_after=2026-04-23 00:00:00+00:00
[2026-04-22T20:09:12.582+0000] {processor.py:183} INFO - Processing /opt/airflow/dags/sales_pipeline_dag.py took 1.158 seconds
[2026-04-22T20:09:42.678+0000] {processor.py:161} INFO - Started process (PID=1830) to work on /opt/airflow/dags/sales_pipeline_dag.py
[2026-04-22T20:09:42.680+0000] {processor.py:830} INFO - Processing file /opt/airflow/dags/sales_pipeline_dag.py for tasks to queue
[2026-04-22T20:09:42.682+0000] {logging_mixin.py:188} INFO - [2026-04-22T20:09:42.682+0000] {dagbag.py:538} INFO - Filling up the DagBag from /opt/airflow/dags/sales_pipeline_dag.py
[2026-04-22T20:09:44.077+0000] {processor.py:840} INFO - DAG(s) 'sales_pipeline' retrieved from /opt/airflow/dags/sales_pipeline_dag.py
[2026-04-22T20:09:44.124+0000] {logging_mixin.py:188} INFO - [2026-04-22T20:09:44.123+0000] {dag.py:3036} INFO - Sync 1 DAGs
[2026-04-22T20:09:44.167+0000] {logging_mixin.py:188} INFO - [2026-04-22T20:09:44.167+0000] {dag.py:3823} INFO - Setting next_dagrun for sales_pipeline to 2026-04-22 00:00:00+00:00, run_after=2026-04-23 00:00:00+00:00
[2026-04-22T20:09:44.206+0000] {processor.py:183} INFO - Processing /opt/airflow/dags/sales_pipeline_dag.py took 1.533 seconds
[2026-04-22T20:10:15.135+0000] {processor.py:161} INFO - Started process (PID=1841) to work on /opt/airflow/dags/sales_pipeline_dag.py
[2026-04-22T20:10:15.138+0000] {processor.py:830} INFO - Processing file /opt/airflow/dags/sales_pipeline_dag.py for tasks to queue
[2026-04-22T20:10:15.141+0000] {logging_mixin.py:188} INFO - [2026-04-22T20:10:15.140+0000] {dagbag.py:538} INFO - Filling up the DagBag from /opt/airflow/dags/sales_pipeline_dag.py
[2026-04-22T20:10:16.350+0000] {processor.py:840} INFO - DAG(s) 'sales_pipeline' retrieved from /opt/airflow/dags/sales_pipeline_dag.py
[2026-04-22T20:10:16.571+0000] {logging_mixin.py:188} INFO - [2026-04-22T20:10:16.565+0000] {dag.py:3036} INFO - Sync 1 DAGs
[2026-04-22T20:10:16.860+0000] {logging_mixin.py:188} INFO - [2026-04-22T20:10:16.858+0000] {dag.py:3823} INFO - Setting next_dagrun for sales_pipeline to 2026-04-22 00:00:00+00:00, run_after=2026-04-23 00:00:00+00:00
[2026-04-22T20:10:16.988+0000] {processor.py:183} INFO - Processing /opt/airflow/dags/sales_pipeline_dag.py took 1.859 seconds
[2026-04-22T20:10:47.150+0000] {processor.py:161} INFO - Started process (PID=1852) to work on /opt/airflow/dags/sales_pipeline_dag.py
[2026-04-22T20:10:47.152+0000] {processor.py:830} INFO - Processing file /opt/airflow/dags/sales_pipeline_dag.py for tasks to queue
[2026-04-22T20:10:47.154+0000] {logging_mixin.py:188} INFO - [2026-04-22T20:10:47.153+0000] {dagbag.py:538} INFO - Filling up the DagBag from /opt/airflow/dags/sales_pipeline_dag.py
[2026-04-22T20:10:48.161+0000] {processor.py:840} INFO - DAG(s) 'sales_pipeline' retrieved from /opt/airflow/dags/sales_pipeline_dag.py
[2026-04-22T20:10:48.204+0000] {logging_mixin.py:188} INFO - [2026-04-22T20:10:48.203+0000] {dag.py:3036} INFO - Sync 1 DAGs
[2026-04-22T20:10:48.244+0000] {logging_mixin.py:188} INFO - [2026-04-22T20:10:48.244+0000] {dag.py:3823} INFO - Setting next_dagrun for sales_pipeline to 2026-04-22 00:00:00+00:00, run_after=2026-04-23 00:00:00+00:00
[2026-04-22T20:10:48.284+0000] {processor.py:183} INFO - Processing /opt/airflow/dags/sales_pipeline_dag.py took 1.139 seconds
[2026-04-22T20:11:19.321+0000] {processor.py:161} INFO - Started process (PID=1863) to work on /opt/airflow/dags/sales_pipeline_dag.py
[2026-04-22T20:11:19.324+0000] {processor.py:830} INFO - Processing file /opt/airflow/dags/sales_pipeline_dag.py for tasks to queue
[2026-04-22T20:11:19.329+0000] {logging_mixin.py:188} INFO - [2026-04-22T20:11:19.327+0000] {dagbag.py:538} INFO - Filling up the DagBag from /opt/airflow/dags/sales_pipeline_dag.py
[2026-04-22T20:11:20.515+0000] {processor.py:840} INFO - DAG(s) 'sales_pipeline' retrieved from /opt/airflow/dags/sales_pipeline_dag.py
[2026-04-22T20:11:20.559+0000] {logging_mixin.py:188} INFO - [2026-04-22T20:11:20.558+0000] {dag.py:3036} INFO - Sync 1 DAGs
[2026-04-22T20:11:20.595+0000] {logging_mixin.py:188} INFO - [2026-04-22T20:11:20.594+0000] {dag.py:3823} INFO - Setting next_dagrun for sales_pipeline to 2026-04-22 00:00:00+00:00, run_after=2026-04-23 00:00:00+00:00
[2026-04-22T20:11:20.631+0000] {processor.py:183} INFO - Processing /opt/airflow/dags/sales_pipeline_dag.py took 1.326 seconds
[2026-04-22T20:11:50.818+0000] {processor.py:161} INFO - Started process (PID=1874) to work on /opt/airflow/dags/sales_pipeline_dag.py
[2026-04-22T20:11:50.820+0000] {processor.py:830} INFO - Processing file /opt/airflow/dags/sales_pipeline_dag.py for tasks to queue
[2026-04-22T20:11:50.822+0000] {logging_mixin.py:188} INFO - [2026-04-22T20:11:50.821+0000] {dagbag.py:538} INFO - Filling up the DagBag from /opt/airflow/dags/sales_pipeline_dag.py
[2026-04-22T20:11:51.942+0000] {processor.py:840} INFO - DAG(s) 'sales_pipeline' retrieved from /opt/airflow/dags/sales_pipeline_dag.py
[2026-04-22T20:11:51.990+0000] {logging_mixin.py:188} INFO - [2026-04-22T20:11:51.990+0000] {dag.py:3036} INFO - Sync 1 DAGs
[2026-04-22T20:11:52.038+0000] {logging_mixin.py:188} INFO - [2026-04-22T20:11:52.037+0000] {dag.py:3823} INFO - Setting next_dagrun for sales_pipeline to 2026-04-22 00:00:00+00:00, run_after=2026-04-23 00:00:00+00:00
[2026-04-22T20:11:52.078+0000] {processor.py:183} INFO - Processing /opt/airflow/dags/sales_pipeline_dag.py took 1.265 seconds
[2026-04-22T20:12:22.853+0000] {processor.py:161} INFO - Started process (PID=1888) to work on /opt/airflow/dags/sales_pipeline_dag.py
[2026-04-22T20:12:22.856+0000] {processor.py:830} INFO - Processing file /opt/airflow/dags/sales_pipeline_dag.py for tasks to queue
[2026-04-22T20:12:22.860+0000] {logging_mixin.py:188} INFO - [2026-04-22T20:12:22.859+0000] {dagbag.py:538} INFO - Filling up the DagBag from /opt/airflow/dags/sales_pipeline_dag.py
[2026-04-22T20:12:24.111+0000] {processor.py:840} INFO - DAG(s) 'sales_pipeline' retrieved from /opt/airflow/dags/sales_pipeline_dag.py
[2026-04-22T20:12:24.173+0000] {logging_mixin.py:188} INFO - [2026-04-22T20:12:24.169+0000] {dag.py:3036} INFO - Sync 1 DAGs
[2026-04-22T20:12:24.218+0000] {logging_mixin.py:188} INFO - [2026-04-22T20:12:24.217+0000] {dag.py:3823} INFO - Setting next_dagrun for sales_pipeline to 2026-04-22 00:00:00+00:00, run_after=2026-04-23 00:00:00+00:00
[2026-04-22T20:12:24.285+0000] {processor.py:183} INFO - Processing /opt/airflow/dags/sales_pipeline_dag.py took 1.440 seconds
[2026-04-22T20:12:55.141+0000] {processor.py:161} INFO - Started process (PID=1901) to work on /opt/airflow/dags/sales_pipeline_dag.py
[2026-04-22T20:12:55.143+0000] {processor.py:830} INFO - Processing file /opt/airflow/dags/sales_pipeline_dag.py for tasks to queue
[2026-04-22T20:12:55.146+0000] {logging_mixin.py:188} INFO - [2026-04-22T20:12:55.145+0000] {dagbag.py:538} INFO - Filling up the DagBag from /opt/airflow/dags/sales_pipeline_dag.py
[2026-04-22T20:12:56.299+0000] {processor.py:840} INFO - DAG(s) 'sales_pipeline' retrieved from /opt/airflow/dags/sales_pipeline_dag.py
[2026-04-22T20:12:56.342+0000] {logging_mixin.py:188} INFO - [2026-04-22T20:12:56.341+0000] {dag.py:3036} INFO - Sync 1 DAGs
[2026-04-22T20:12:56.378+0000] {logging_mixin.py:188} INFO - [2026-04-22T20:12:56.378+0000] {dag.py:3823} INFO - Setting next_dagrun for sales_pipeline to 2026-04-22 00:00:00+00:00, run_after=2026-04-23 00:00:00+00:00
[2026-04-22T20:12:56.412+0000] {processor.py:183} INFO - Processing /opt/airflow/dags/sales_pipeline_dag.py took 1.278 seconds
[2026-04-22T20:13:26.850+0000] {processor.py:161} INFO - Started process (PID=1912) to work on /opt/airflow/dags/sales_pipeline_dag.py
[2026-04-22T20:13:26.852+0000] {processor.py:830} INFO - Processing file /opt/airflow/dags/sales_pipeline_dag.py for tasks to queue
[2026-04-22T20:13:26.855+0000] {logging_mixin.py:188} INFO - [2026-04-22T20:13:26.854+0000] {dagbag.py:538} INFO - Filling up the DagBag from /opt/airflow/dags/sales_pipeline_dag.py
[2026-04-22T20:13:28.123+0000] {processor.py:840} INFO - DAG(s) 'sales_pipeline' retrieved from /opt/airflow/dags/sales_pipeline_dag.py
[2026-04-22T20:13:28.192+0000] {logging_mixin.py:188} INFO - [2026-04-22T20:13:28.190+0000] {dag.py:3036} INFO - Sync 1 DAGs
[2026-04-22T20:13:28.247+0000] {logging_mixin.py:188} INFO - [2026-04-22T20:13:28.246+0000] {dag.py:3823} INFO - Setting next_dagrun for sales_pipeline to 2026-04-22 00:00:00+00:00, run_after=2026-04-23 00:00:00+00:00
[2026-04-22T20:13:28.427+0000] {processor.py:183} INFO - Processing /opt/airflow/dags/sales_pipeline_dag.py took 1.582 seconds
[2026-04-22T20:13:58.635+0000] {processor.py:161} INFO - Started process (PID=1923) to work on /opt/airflow/dags/sales_pipeline_dag.py
[2026-04-22T20:13:58.637+0000] {processor.py:830} INFO - Processing file /opt/airflow/dags/sales_pipeline_dag.py for tasks to queue
[2026-04-22T20:13:58.647+0000] {logging_mixin.py:188} INFO - [2026-04-22T20:13:58.647+0000] {dagbag.py:538} INFO - Filling up the DagBag from /opt/airflow/dags/sales_pipeline_dag.py
[2026-04-22T20:13:59.824+0000] {processor.py:840} INFO - DAG(s) 'sales_pipeline' retrieved from /opt/airflow/dags/sales_pipeline_dag.py
[2026-04-22T20:13:59.882+0000] {logging_mixin.py:188} INFO - [2026-04-22T20:13:59.881+0000] {dag.py:3036} INFO - Sync 1 DAGs
[2026-04-22T20:13:59.924+0000] {logging_mixin.py:188} INFO - [2026-04-22T20:13:59.924+0000] {dag.py:3823} INFO - Setting next_dagrun for sales_pipeline to 2026-04-22 00:00:00+00:00, run_after=2026-04-23 00:00:00+00:00
[2026-04-22T20:14:00.189+0000] {processor.py:183} INFO - Processing /opt/airflow/dags/sales_pipeline_dag.py took 1.559 seconds
[2026-04-22T20:14:30.418+0000] {processor.py:161} INFO - Started process (PID=1934) to work on /opt/airflow/dags/sales_pipeline_dag.py
[2026-04-22T20:14:30.421+0000] {processor.py:830} INFO - Processing file /opt/airflow/dags/sales_pipeline_dag.py for tasks to queue
[2026-04-22T20:14:30.424+0000] {logging_mixin.py:188} INFO - [2026-04-22T20:14:30.423+0000] {dagbag.py:538} INFO - Filling up the DagBag from /opt/airflow/dags/sales_pipeline_dag.py
[2026-04-22T20:14:31.689+0000] {processor.py:840} INFO - DAG(s) 'sales_pipeline' retrieved from /opt/airflow/dags/sales_pipeline_dag.py
[2026-04-22T20:14:31.746+0000] {logging_mixin.py:188} INFO - [2026-04-22T20:14:31.745+0000] {dag.py:3036} INFO - Sync 1 DAGs
[2026-04-22T20:14:31.801+0000] {logging_mixin.py:188} INFO - [2026-04-22T20:14:31.800+0000] {dag.py:3823} INFO - Setting next_dagrun for sales_pipeline to 2026-04-22 00:00:00+00:00, run_after=2026-04-23 00:00:00+00:00
[2026-04-22T20:14:31.856+0000] {processor.py:183} INFO - Processing /opt/airflow/dags/sales_pipeline_dag.py took 1.444 seconds
[2026-04-22T20:15:02.663+0000] {processor.py:161} INFO - Started process (PID=1945) to work on /opt/airflow/dags/sales_pipeline_dag.py
[2026-04-22T20:15:02.665+0000] {processor.py:830} INFO - Processing file /opt/airflow/dags/sales_pipeline_dag.py for tasks to queue
[2026-04-22T20:15:02.667+0000] {logging_mixin.py:188} INFO - [2026-04-22T20:15:02.666+0000] {dagbag.py:538} INFO - Filling up the DagBag from /opt/airflow/dags/sales_pipeline_dag.py
[2026-04-22T20:15:03.756+0000] {processor.py:840} INFO - DAG(s) 'sales_pipeline' retrieved from /opt/airflow/dags/sales_pipeline_dag.py
[2026-04-22T20:15:03.795+0000] {logging_mixin.py:188} INFO - [2026-04-22T20:15:03.793+0000] {dag.py:3036} INFO - Sync 1 DAGs
[2026-04-22T20:15:03.824+0000] {logging_mixin.py:188} INFO - [2026-04-22T20:15:03.824+0000] {dag.py:3823} INFO - Setting next_dagrun for sales_pipeline to 2026-04-22 00:00:00+00:00, run_after=2026-04-23 00:00:00+00:00
[2026-04-22T20:15:03.859+0000] {processor.py:183} INFO - Processing /opt/airflow/dags/sales_pipeline_dag.py took 1.202 seconds
[2026-04-22T20:15:34.602+0000] {processor.py:161} INFO - Started process (PID=1956) to work on /opt/airflow/dags/sales_pipeline_dag.py
[2026-04-22T20:15:34.603+0000] {processor.py:830} INFO - Processing file /opt/airflow/dags/sales_pipeline_dag.py for tasks to queue
[2026-04-22T20:15:34.605+0000] {logging_mixin.py:188} INFO - [2026-04-22T20:15:34.605+0000] {dagbag.py:538} INFO - Filling up the DagBag from /opt/airflow/dags/sales_pipeline_dag.py
[2026-04-22T20:15:33.858+0000] {processor.py:840} INFO - DAG(s) 'sales_pipeline' retrieved from /opt/airflow/dags/sales_pipeline_dag.py
[2026-04-22T20:15:33.899+0000] {logging_mixin.py:188} INFO - [2026-04-22T20:15:33.898+0000] {dag.py:3036} INFO - Sync 1 DAGs
[2026-04-22T20:15:33.939+0000] {logging_mixin.py:188} INFO - [2026-04-22T20:15:33.939+0000] {dag.py:3823} INFO - Setting next_dagrun for sales_pipeline to 2026-04-22 00:00:00+00:00, run_after=2026-04-23 00:00:00+00:00
[2026-04-22T20:15:33.974+0000] {processor.py:183} INFO - Processing /opt/airflow/dags/sales_pipeline_dag.py took 1.212 seconds
[2026-04-22T20:16:04.748+0000] {processor.py:161} INFO - Started process (PID=1967) to work on /opt/airflow/dags/sales_pipeline_dag.py
[2026-04-22T20:16:04.750+0000] {processor.py:830} INFO - Processing file /opt/airflow/dags/sales_pipeline_dag.py for tasks to queue
[2026-04-22T20:16:04.752+0000] {logging_mixin.py:188} INFO - [2026-04-22T20:16:04.751+0000] {dagbag.py:538} INFO - Filling up the DagBag from /opt/airflow/dags/sales_pipeline_dag.py
[2026-04-22T20:16:05.963+0000] {processor.py:840} INFO - DAG(s) 'sales_pipeline' retrieved from /opt/airflow/dags/sales_pipeline_dag.py
[2026-04-22T20:16:06.018+0000] {logging_mixin.py:188} INFO - [2026-04-22T20:16:06.016+0000] {dag.py:3036} INFO - Sync 1 DAGs
[2026-04-22T20:16:06.070+0000] {logging_mixin.py:188} INFO - [2026-04-22T20:16:06.070+0000] {dag.py:3823} INFO - Setting next_dagrun for sales_pipeline to 2026-04-22 00:00:00+00:00, run_after=2026-04-23 00:00:00+00:00
[2026-04-22T20:16:06.108+0000] {processor.py:183} INFO - Processing /opt/airflow/dags/sales_pipeline_dag.py took 1.366 seconds
[2026-04-22T20:16:36.880+0000] {processor.py:161} INFO - Started process (PID=1978) to work on /opt/airflow/dags/sales_pipeline_dag.py
[2026-04-22T20:16:36.882+0000] {processor.py:830} INFO - Processing file /opt/airflow/dags/sales_pipeline_dag.py for tasks to queue
[2026-04-22T20:16:36.886+0000] {logging_mixin.py:188} INFO - [2026-04-22T20:16:36.885+0000] {dagbag.py:538} INFO - Filling up the DagBag from /opt/airflow/dags/sales_pipeline_dag.py
[2026-04-22T20:16:38.414+0000] {processor.py:840} INFO - DAG(s) 'sales_pipeline' retrieved from /opt/airflow/dags/sales_pipeline_dag.py
[2026-04-22T20:16:38.513+0000] {logging_mixin.py:188} INFO - [2026-04-22T20:16:38.511+0000] {dag.py:3036} INFO - Sync 1 DAGs
[2026-04-22T20:16:38.593+0000] {logging_mixin.py:188} INFO - [2026-04-22T20:16:38.592+0000] {dag.py:3823} INFO - Setting next_dagrun for sales_pipeline to 2026-04-22 00:00:00+00:00, run_after=2026-04-23 00:00:00+00:00
[2026-04-22T20:16:38.669+0000] {processor.py:183} INFO - Processing /opt/airflow/dags/sales_pipeline_dag.py took 1.798 seconds
[2026-04-22T20:17:08.767+0000] {processor.py:161} INFO - Started process (PID=1989) to work on /opt/airflow/dags/sales_pipeline_dag.py
[2026-04-22T20:17:08.769+0000] {processor.py:830} INFO - Processing file /opt/airflow/dags/sales_pipeline_dag.py for tasks to queue
[2026-04-22T20:17:08.771+0000] {logging_mixin.py:188} INFO - [2026-04-22T20:17:08.770+0000] {dagbag.py:538} INFO - Filling up the DagBag from /opt/airflow/dags/sales_pipeline_dag.py
[2026-04-22T20:17:09.828+0000] {processor.py:840} INFO - DAG(s) 'sales_pipeline' retrieved from /opt/airflow/dags/sales_pipeline_dag.py
[2026-04-22T20:17:09.872+0000] {logging_mixin.py:188} INFO - [2026-04-22T20:17:09.871+0000] {dag.py:3036} INFO - Sync 1 DAGs
[2026-04-22T20:17:09.905+0000] {logging_mixin.py:188} INFO - [2026-04-22T20:17:09.905+0000] {dag.py:3823} INFO - Setting next_dagrun for sales_pipeline to 2026-04-22 00:00:00+00:00, run_after=2026-04-23 00:00:00+00:00
[2026-04-22T20:17:09.938+0000] {processor.py:183} INFO - Processing /opt/airflow/dags/sales_pipeline_dag.py took 1.175 seconds
[2026-04-22T20:17:40.699+0000] {processor.py:161} INFO - Started process (PID=2000) to work on /opt/airflow/dags/sales_pipeline_dag.py
[2026-04-22T20:17:40.701+0000] {processor.py:830} INFO - Processing file /opt/airflow/dags/sales_pipeline_dag.py for tasks to queue
[2026-04-22T20:17:40.703+0000] {logging_mixin.py:188} INFO - [2026-04-22T20:17:40.702+0000] {dagbag.py:538} INFO - Filling up the DagBag from /opt/airflow/dags/sales_pipeline_dag.py
[2026-04-22T20:17:41.845+0000] {processor.py:840} INFO - DAG(s) 'sales_pipeline' retrieved from /opt/airflow/dags/sales_pipeline_dag.py
[2026-04-22T20:17:41.890+0000] {logging_mixin.py:188} INFO - [2026-04-22T20:17:41.888+0000] {dag.py:3036} INFO - Sync 1 DAGs
[2026-04-22T20:17:41.932+0000] {logging_mixin.py:188} INFO - [2026-04-22T20:17:41.931+0000] {dag.py:3823} INFO - Setting next_dagrun for sales_pipeline to 2026-04-22 00:00:00+00:00, run_after=2026-04-23 00:00:00+00:00
[2026-04-22T20:17:41.983+0000] {processor.py:183} INFO - Processing /opt/airflow/dags/sales_pipeline_dag.py took 1.289 seconds
[2026-04-22T20:18:12.858+0000] {processor.py:161} INFO - Started process (PID=2011) to work on /opt/airflow/dags/sales_pipeline_dag.py
[2026-04-22T20:18:12.861+0000] {processor.py:830} INFO - Processing file /opt/airflow/dags/sales_pipeline_dag.py for tasks to queue
[2026-04-22T20:18:12.864+0000] {logging_mixin.py:188} INFO - [2026-04-22T20:18:12.863+0000] {dagbag.py:538} INFO - Filling up the DagBag from /opt/airflow/dags/sales_pipeline_dag.py
[2026-04-22T20:18:14.407+0000] {processor.py:840} INFO - DAG(s) 'sales_pipeline' retrieved from /opt/airflow/dags/sales_pipeline_dag.py
[2026-04-22T20:18:14.465+0000] {logging_mixin.py:188} INFO - [2026-04-22T20:18:14.464+0000] {dag.py:3036} INFO - Sync 1 DAGs
[2026-04-22T20:18:14.520+0000] {logging_mixin.py:188} INFO - [2026-04-22T20:18:14.520+0000] {dag.py:3823} INFO - Setting next_dagrun for sales_pipeline to 2026-04-22 00:00:00+00:00, run_after=2026-04-23 00:00:00+00:00
[2026-04-22T20:18:14.572+0000] {processor.py:183} INFO - Processing /opt/airflow/dags/sales_pipeline_dag.py took 1.723 seconds
[2026-04-22T20:18:44.688+0000] {processor.py:161} INFO - Started process (PID=2022) to work on /opt/airflow/dags/sales_pipeline_dag.py
[2026-04-22T20:18:44.691+0000] {processor.py:830} INFO - Processing file /opt/airflow/dags/sales_pipeline_dag.py for tasks to queue
[2026-04-22T20:18:44.694+0000] {logging_mixin.py:188} INFO - [2026-04-22T20:18:44.693+0000] {dagbag.py:538} INFO - Filling up the DagBag from /opt/airflow/dags/sales_pipeline_dag.py
[2026-04-22T20:18:45.944+0000] {processor.py:840} INFO - DAG(s) 'sales_pipeline' retrieved from /opt/airflow/dags/sales_pipeline_dag.py
[2026-04-22T20:18:45.994+0000] {logging_mixin.py:188} INFO - [2026-04-22T20:18:45.993+0000] {dag.py:3036} INFO - Sync 1 DAGs
[2026-04-22T20:18:46.049+0000] {logging_mixin.py:188} INFO - [2026-04-22T20:18:46.048+0000] {dag.py:3823} INFO - Setting next_dagrun for sales_pipeline to 2026-04-22 00:00:00+00:00, run_after=2026-04-23 00:00:00+00:00
[2026-04-22T20:18:46.101+0000] {processor.py:183} INFO - Processing /opt/airflow/dags/sales_pipeline_dag.py took 1.419 seconds
[2026-04-22T20:19:16.929+0000] {processor.py:161} INFO - Started process (PID=2033) to work on /opt/airflow/dags/sales_pipeline_dag.py
[2026-04-22T20:19:16.931+0000] {processor.py:830} INFO - Processing file /opt/airflow/dags/sales_pipeline_dag.py for tasks to queue
[2026-04-22T20:19:16.933+0000] {logging_mixin.py:188} INFO - [2026-04-22T20:19:16.932+0000] {dagbag.py:538} INFO - Filling up the DagBag from /opt/airflow/dags/sales_pipeline_dag.py
[2026-04-22T20:19:18.117+0000] {processor.py:840} INFO - DAG(s) 'sales_pipeline' retrieved from /opt/airflow/dags/sales_pipeline_dag.py
[2026-04-22T20:19:18.161+0000] {logging_mixin.py:188} INFO - [2026-04-22T20:19:18.161+0000] {dag.py:3036} INFO - Sync 1 DAGs
[2026-04-22T20:19:18.199+0000] {logging_mixin.py:188} INFO - [2026-04-22T20:19:18.198+0000] {dag.py:3823} INFO - Setting next_dagrun for sales_pipeline to 2026-04-22 00:00:00+00:00, run_after=2026-04-23 00:00:00+00:00
[2026-04-22T20:19:18.232+0000] {processor.py:183} INFO - Processing /opt/airflow/dags/sales_pipeline_dag.py took 1.307 seconds
[2026-04-22T20:19:49.108+0000] {processor.py:161} INFO - Started process (PID=2044) to work on /opt/airflow/dags/sales_pipeline_dag.py
[2026-04-22T20:19:49.111+0000] {processor.py:830} INFO - Processing file /opt/airflow/dags/sales_pipeline_dag.py for tasks to queue
[2026-04-22T20:19:49.114+0000] {logging_mixin.py:188} INFO - [2026-04-22T20:19:49.113+0000] {dagbag.py:538} INFO - Filling up the DagBag from /opt/airflow/dags/sales_pipeline_dag.py
[2026-04-22T20:19:49.010+0000] {processor.py:840} INFO - DAG(s) 'sales_pipeline' retrieved from /opt/airflow/dags/sales_pipeline_dag.py
[2026-04-22T20:19:49.057+0000] {logging_mixin.py:188} INFO - [2026-04-22T20:19:49.056+0000] {dag.py:3036} INFO - Sync 1 DAGs
[2026-04-22T20:19:49.104+0000] {logging_mixin.py:188} INFO - [2026-04-22T20:19:49.103+0000] {dag.py:3823} INFO - Setting next_dagrun for sales_pipeline to 2026-04-22 00:00:00+00:00, run_after=2026-04-23 00:00:00+00:00
[2026-04-22T20:19:49.145+0000] {processor.py:183} INFO - Processing /opt/airflow/dags/sales_pipeline_dag.py took 1.874 seconds
[2026-04-22T20:20:19.313+0000] {processor.py:161} INFO - Started process (PID=2055) to work on /opt/airflow/dags/sales_pipeline_dag.py
[2026-04-22T20:20:19.315+0000] {processor.py:830} INFO - Processing file /opt/airflow/dags/sales_pipeline_dag.py for tasks to queue
[2026-04-22T20:20:19.317+0000] {logging_mixin.py:188} INFO - [2026-04-22T20:20:19.317+0000] {dagbag.py:538} INFO - Filling up the DagBag from /opt/airflow/dags/sales_pipeline_dag.py
[2026-04-22T20:20:20.409+0000] {processor.py:840} INFO - DAG(s) 'sales_pipeline' retrieved from /opt/airflow/dags/sales_pipeline_dag.py
[2026-04-22T20:20:20.452+0000] {logging_mixin.py:188} INFO - [2026-04-22T20:20:20.451+0000] {dag.py:3036} INFO - Sync 1 DAGs
[2026-04-22T20:20:20.490+0000] {logging_mixin.py:188} INFO - [2026-04-22T20:20:20.490+0000] {dag.py:3823} INFO - Setting next_dagrun for sales_pipeline to 2026-04-22 00:00:00+00:00, run_after=2026-04-23 00:00:00+00:00
[2026-04-22T20:20:20.523+0000] {processor.py:183} INFO - Processing /opt/airflow/dags/sales_pipeline_dag.py took 1.219 seconds
[2026-04-22T20:20:51.358+0000] {processor.py:161} INFO - Started process (PID=2066) to work on /opt/airflow/dags/sales_pipeline_dag.py
[2026-04-22T20:20:51.360+0000] {processor.py:830} INFO - Processing file /opt/airflow/dags/sales_pipeline_dag.py for tasks to queue
[2026-04-22T20:20:51.363+0000] {logging_mixin.py:188} INFO - [2026-04-22T20:20:51.362+0000] {dagbag.py:538} INFO - Filling up the DagBag from /opt/airflow/dags/sales_pipeline_dag.py
[2026-04-22T20:20:52.430+0000] {processor.py:840} INFO - DAG(s) 'sales_pipeline' retrieved from /opt/airflow/dags/sales_pipeline_dag.py
[2026-04-22T20:20:52.489+0000] {logging_mixin.py:188} INFO - [2026-04-22T20:20:52.488+0000] {dag.py:3036} INFO - Sync 1 DAGs
[2026-04-22T20:20:52.540+0000] {logging_mixin.py:188} INFO - [2026-04-22T20:20:52.540+0000] {dag.py:3823} INFO - Setting next_dagrun for sales_pipeline to 2026-04-22 00:00:00+00:00, run_after=2026-04-23 00:00:00+00:00
[2026-04-22T20:20:52.592+0000] {processor.py:183} INFO - Processing /opt/airflow/dags/sales_pipeline_dag.py took 1.239 seconds
[2026-04-22T20:21:22.707+0000] {processor.py:161} INFO - Started process (PID=2077) to work on /opt/airflow/dags/sales_pipeline_dag.py
[2026-04-22T20:21:22.710+0000] {processor.py:830} INFO - Processing file /opt/airflow/dags/sales_pipeline_dag.py for tasks to queue
[2026-04-22T20:21:22.712+0000] {logging_mixin.py:188} INFO - [2026-04-22T20:21:22.711+0000] {dagbag.py:538} INFO - Filling up the DagBag from /opt/airflow/dags/sales_pipeline_dag.py
[2026-04-22T20:21:24.026+0000] {processor.py:840} INFO - DAG(s) 'sales_pipeline' retrieved from /opt/airflow/dags/sales_pipeline_dag.py
[2026-04-22T20:21:24.073+0000] {logging_mixin.py:188} INFO - [2026-04-22T20:21:24.072+0000] {dag.py:3036} INFO - Sync 1 DAGs
[2026-04-22T20:21:24.116+0000] {logging_mixin.py:188} INFO - [2026-04-22T20:21:24.115+0000] {dag.py:3823} INFO - Setting next_dagrun for sales_pipeline to 2026-04-22 00:00:00+00:00, run_after=2026-04-23 00:00:00+00:00
[2026-04-22T20:21:24.169+0000] {processor.py:183} INFO - Processing /opt/airflow/dags/sales_pipeline_dag.py took 1.467 seconds
[2026-04-22T20:21:54.283+0000] {processor.py:161} INFO - Started process (PID=2088) to work on /opt/airflow/dags/sales_pipeline_dag.py
[2026-04-22T20:21:54.285+0000] {processor.py:830} INFO - Processing file /opt/airflow/dags/sales_pipeline_dag.py for tasks to queue
[2026-04-22T20:21:54.287+0000] {logging_mixin.py:188} INFO - [2026-04-22T20:21:54.287+0000] {dagbag.py:538} INFO - Filling up the DagBag from /opt/airflow/dags/sales_pipeline_dag.py
[2026-04-22T20:21:55.285+0000] {processor.py:840} INFO - DAG(s) 'sales_pipeline' retrieved from /opt/airflow/dags/sales_pipeline_dag.py
[2026-04-22T20:21:55.341+0000] {logging_mixin.py:188} INFO - [2026-04-22T20:21:55.339+0000] {dag.py:3036} INFO - Sync 1 DAGs
[2026-04-22T20:21:55.395+0000] {logging_mixin.py:188} INFO - [2026-04-22T20:21:55.394+0000] {dag.py:3823} INFO - Setting next_dagrun for sales_pipeline to 2026-04-22 00:00:00+00:00, run_after=2026-04-23 00:00:00+00:00
[2026-04-22T20:21:55.445+0000] {processor.py:183} INFO - Processing /opt/airflow/dags/sales_pipeline_dag.py took 1.166 seconds
[2026-04-22T20:22:26.233+0000] {processor.py:161} INFO - Started process (PID=2099) to work on /opt/airflow/dags/sales_pipeline_dag.py
[2026-04-22T20:22:26.235+0000] {processor.py:830} INFO - Processing file /opt/airflow/dags/sales_pipeline_dag.py for tasks to queue
[2026-04-22T20:22:26.237+0000] {logging_mixin.py:188} INFO - [2026-04-22T20:22:26.236+0000] {dagbag.py:538} INFO - Filling up the DagBag from /opt/airflow/dags/sales_pipeline_dag.py
[2026-04-22T20:22:27.220+0000] {processor.py:840} INFO - DAG(s) 'sales_pipeline' retrieved from /opt/airflow/dags/sales_pipeline_dag.py
[2026-04-22T20:22:27.282+0000] {logging_mixin.py:188} INFO - [2026-04-22T20:22:27.279+0000] {dag.py:3036} INFO - Sync 1 DAGs
[2026-04-22T20:22:27.325+0000] {logging_mixin.py:188} INFO - [2026-04-22T20:22:27.324+0000] {dag.py:3823} INFO - Setting next_dagrun for sales_pipeline to 2026-04-22 00:00:00+00:00, run_after=2026-04-23 00:00:00+00:00
[2026-04-22T20:22:27.363+0000] {processor.py:183} INFO - Processing /opt/airflow/dags/sales_pipeline_dag.py took 1.135 seconds
[2026-04-22T23:23:26.320+0000] {processor.py:161} INFO - Started process (PID=2114) to work on /opt/airflow/dags/sales_pipeline_dag.py
[2026-04-22T23:23:26.322+0000] {processor.py:830} INFO - Processing file /opt/airflow/dags/sales_pipeline_dag.py for tasks to queue
[2026-04-22T23:23:26.326+0000] {logging_mixin.py:188} INFO - [2026-04-22T23:23:26.326+0000] {dagbag.py:538} INFO - Filling up the DagBag from /opt/airflow/dags/sales_pipeline_dag.py
[2026-04-22T23:23:36.765+0000] {processor.py:840} INFO - DAG(s) 'sales_pipeline' retrieved from /opt/airflow/dags/sales_pipeline_dag.py
[2026-04-22T23:23:36.830+0000] {logging_mixin.py:188} INFO - [2026-04-22T23:23:36.829+0000] {dag.py:3036} INFO - Sync 1 DAGs
[2026-04-22T23:23:58.618+0000] {logging_mixin.py:188} INFO - [2026-04-22T23:23:58.617+0000] {dag.py:3823} INFO - Setting next_dagrun for sales_pipeline to 2026-04-22 00:00:00+00:00, run_after=2026-04-23 00:00:00+00:00
[2026-04-24T18:55:45.082+0000] {processor.py:183} INFO - Processing /opt/airflow/dags/sales_pipeline_dag.py took 33.424 seconds
