[2026-05-16T19:37:59.788+0000] {processor.py:161} INFO - Started process (PID=7774) to work on /opt/airflow/dags/dbt_pipeline_dag.py
[2026-05-16T19:37:59.907+0000] {processor.py:830} INFO - Processing file /opt/airflow/dags/dbt_pipeline_dag.py for tasks to queue
[2026-05-16T19:38:00.007+0000] {logging_mixin.py:188} INFO - [2026-05-16T19:38:00.006+0000] {dagbag.py:538} INFO - Filling up the DagBag from /opt/airflow/dags/dbt_pipeline_dag.py
[2026-05-16T19:38:02.596+0000] {processor.py:840} INFO - DAG(s) 'dbt_pipeline' retrieved from /opt/airflow/dags/dbt_pipeline_dag.py
[2026-05-16T19:38:05.467+0000] {logging_mixin.py:188} INFO - [2026-05-16T19:38:05.467+0000] {dag.py:3036} INFO - Sync 1 DAGs
[2026-05-16T19:38:05.548+0000] {logging_mixin.py:188} INFO - [2026-05-16T19:38:05.548+0000] {dag.py:3823} INFO - Setting next_dagrun for dbt_pipeline to 2026-05-16 00:00:00+00:00, run_after=2026-05-17 00:00:00+00:00
[2026-05-16T19:38:06.081+0000] {processor.py:183} INFO - Processing /opt/airflow/dags/dbt_pipeline_dag.py took 6.801 seconds
[2026-05-16T19:38:34.203+0000] {processor.py:161} INFO - Started process (PID=7827) to work on /opt/airflow/dags/dbt_pipeline_dag.py
[2026-05-16T19:38:34.205+0000] {processor.py:830} INFO - Processing file /opt/airflow/dags/dbt_pipeline_dag.py for tasks to queue
[2026-05-16T19:38:34.218+0000] {logging_mixin.py:188} INFO - [2026-05-16T19:38:34.218+0000] {dagbag.py:538} INFO - Filling up the DagBag from /opt/airflow/dags/dbt_pipeline_dag.py
[2026-05-16T19:38:34.333+0000] {processor.py:840} INFO - DAG(s) 'dbt_pipeline' retrieved from /opt/airflow/dags/dbt_pipeline_dag.py
[2026-05-16T19:38:34.458+0000] {logging_mixin.py:188} INFO - [2026-05-16T19:38:34.457+0000] {dag.py:3036} INFO - Sync 1 DAGs
[2026-05-16T19:38:34.528+0000] {logging_mixin.py:188} INFO - [2026-05-16T19:38:34.528+0000] {dag.py:3823} INFO - Setting next_dagrun for dbt_pipeline to 2026-05-16 00:00:00+00:00, run_after=2026-05-17 00:00:00+00:00
[2026-05-16T19:38:35.700+0000] {processor.py:183} INFO - Processing /opt/airflow/dags/dbt_pipeline_dag.py took 1.504 seconds
[2026-05-16T19:39:09.724+0000] {processor.py:161} INFO - Started process (PID=7855) to work on /opt/airflow/dags/dbt_pipeline_dag.py
[2026-05-16T19:39:09.726+0000] {processor.py:830} INFO - Processing file /opt/airflow/dags/dbt_pipeline_dag.py for tasks to queue
[2026-05-16T19:39:09.728+0000] {logging_mixin.py:188} INFO - [2026-05-16T19:39:09.727+0000] {dagbag.py:538} INFO - Filling up the DagBag from /opt/airflow/dags/dbt_pipeline_dag.py
[2026-05-16T19:38:58.025+0000] {processor.py:840} INFO - DAG(s) 'dbt_pipeline' retrieved from /opt/airflow/dags/dbt_pipeline_dag.py
[2026-05-16T19:38:58.086+0000] {logging_mixin.py:188} INFO - [2026-05-16T19:38:58.086+0000] {dag.py:3036} INFO - Sync 1 DAGs
[2026-05-16T19:38:58.764+0000] {logging_mixin.py:188} INFO - [2026-05-16T19:38:58.763+0000] {dag.py:3823} INFO - Setting next_dagrun for dbt_pipeline to 2026-05-16 00:00:00+00:00, run_after=2026-05-17 00:00:00+00:00
[2026-05-16T19:39:02.614+0000] {processor.py:183} INFO - Processing /opt/airflow/dags/dbt_pipeline_dag.py took 4.641 seconds
[2026-05-16T19:39:43.441+0000] {processor.py:161} INFO - Started process (PID=7871) to work on /opt/airflow/dags/dbt_pipeline_dag.py
[2026-05-16T19:39:43.443+0000] {processor.py:830} INFO - Processing file /opt/airflow/dags/dbt_pipeline_dag.py for tasks to queue
[2026-05-16T19:39:43.446+0000] {logging_mixin.py:188} INFO - [2026-05-16T19:39:43.445+0000] {dagbag.py:538} INFO - Filling up the DagBag from /opt/airflow/dags/dbt_pipeline_dag.py
[2026-05-16T19:39:43.804+0000] {processor.py:840} INFO - DAG(s) 'dbt_pipeline' retrieved from /opt/airflow/dags/dbt_pipeline_dag.py
[2026-05-16T19:39:44.176+0000] {logging_mixin.py:188} INFO - [2026-05-16T19:39:44.175+0000] {dag.py:3036} INFO - Sync 1 DAGs
[2026-05-16T19:39:44.227+0000] {logging_mixin.py:188} INFO - [2026-05-16T19:39:44.226+0000] {dag.py:3823} INFO - Setting next_dagrun for dbt_pipeline to 2026-05-16 00:00:00+00:00, run_after=2026-05-17 00:00:00+00:00
[2026-05-16T19:39:46.053+0000] {processor.py:183} INFO - Processing /opt/airflow/dags/dbt_pipeline_dag.py took 2.619 seconds
[2026-05-16T19:40:16.644+0000] {processor.py:161} INFO - Started process (PID=7884) to work on /opt/airflow/dags/dbt_pipeline_dag.py
[2026-05-16T19:40:16.648+0000] {processor.py:830} INFO - Processing file /opt/airflow/dags/dbt_pipeline_dag.py for tasks to queue
[2026-05-16T19:40:16.676+0000] {logging_mixin.py:188} INFO - [2026-05-16T19:40:16.675+0000] {dagbag.py:538} INFO - Filling up the DagBag from /opt/airflow/dags/dbt_pipeline_dag.py
[2026-05-16T19:40:16.983+0000] {processor.py:840} INFO - DAG(s) 'dbt_pipeline' retrieved from /opt/airflow/dags/dbt_pipeline_dag.py
[2026-05-16T19:40:17.046+0000] {logging_mixin.py:188} INFO - [2026-05-16T19:40:17.045+0000] {dag.py:3036} INFO - Sync 1 DAGs
[2026-05-16T19:40:17.100+0000] {logging_mixin.py:188} INFO - [2026-05-16T19:40:17.099+0000] {dag.py:3823} INFO - Setting next_dagrun for dbt_pipeline to 2026-05-16 00:00:00+00:00, run_after=2026-05-17 00:00:00+00:00
[2026-05-16T19:40:17.182+0000] {processor.py:183} INFO - Processing /opt/airflow/dags/dbt_pipeline_dag.py took 0.556 seconds
[2026-05-16T19:40:44.990+0000] {processor.py:161} INFO - Started process (PID=7903) to work on /opt/airflow/dags/dbt_pipeline_dag.py
[2026-05-16T19:40:44.993+0000] {processor.py:830} INFO - Processing file /opt/airflow/dags/dbt_pipeline_dag.py for tasks to queue
[2026-05-16T19:40:45.000+0000] {logging_mixin.py:188} INFO - [2026-05-16T19:40:44.999+0000] {dagbag.py:538} INFO - Filling up the DagBag from /opt/airflow/dags/dbt_pipeline_dag.py
[2026-05-16T19:40:45.048+0000] {processor.py:840} INFO - DAG(s) 'dbt_pipeline' retrieved from /opt/airflow/dags/dbt_pipeline_dag.py
[2026-05-16T19:40:45.132+0000] {logging_mixin.py:188} INFO - [2026-05-16T19:40:45.131+0000] {dag.py:3036} INFO - Sync 1 DAGs
[2026-05-16T19:40:45.203+0000] {logging_mixin.py:188} INFO - [2026-05-16T19:40:45.203+0000] {dag.py:3823} INFO - Setting next_dagrun for dbt_pipeline to 2026-05-16 00:00:00+00:00, run_after=2026-05-17 00:00:00+00:00
[2026-05-16T19:40:45.435+0000] {processor.py:183} INFO - Processing /opt/airflow/dags/dbt_pipeline_dag.py took 0.453 seconds
[2026-05-16T19:41:16.725+0000] {processor.py:161} INFO - Started process (PID=7951) to work on /opt/airflow/dags/dbt_pipeline_dag.py
[2026-05-16T19:41:18.241+0000] {processor.py:830} INFO - Processing file /opt/airflow/dags/dbt_pipeline_dag.py for tasks to queue
[2026-05-16T19:41:18.248+0000] {logging_mixin.py:188} INFO - [2026-05-16T19:41:18.247+0000] {dagbag.py:538} INFO - Filling up the DagBag from /opt/airflow/dags/dbt_pipeline_dag.py
[2026-05-16T19:41:18.364+0000] {processor.py:840} INFO - DAG(s) 'dbt_pipeline' retrieved from /opt/airflow/dags/dbt_pipeline_dag.py
[2026-05-16T19:41:18.522+0000] {logging_mixin.py:188} INFO - [2026-05-16T19:41:18.522+0000] {dag.py:3036} INFO - Sync 1 DAGs
[2026-05-16T19:41:18.597+0000] {logging_mixin.py:188} INFO - [2026-05-16T19:41:18.597+0000] {dag.py:3823} INFO - Setting next_dagrun for dbt_pipeline to 2026-05-16 00:00:00+00:00, run_after=2026-05-17 00:00:00+00:00
[2026-05-16T19:41:18.671+0000] {processor.py:183} INFO - Processing /opt/airflow/dags/dbt_pipeline_dag.py took 1.965 seconds
[2026-05-16T19:41:48.750+0000] {processor.py:161} INFO - Started process (PID=8032) to work on /opt/airflow/dags/dbt_pipeline_dag.py
[2026-05-16T19:41:48.752+0000] {processor.py:830} INFO - Processing file /opt/airflow/dags/dbt_pipeline_dag.py for tasks to queue
[2026-05-16T19:41:48.755+0000] {logging_mixin.py:188} INFO - [2026-05-16T19:41:48.754+0000] {dagbag.py:538} INFO - Filling up the DagBag from /opt/airflow/dags/dbt_pipeline_dag.py
[2026-05-16T19:41:48.815+0000] {processor.py:840} INFO - DAG(s) 'dbt_pipeline' retrieved from /opt/airflow/dags/dbt_pipeline_dag.py
[2026-05-16T19:41:48.893+0000] {logging_mixin.py:188} INFO - [2026-05-16T19:41:48.892+0000] {dag.py:3036} INFO - Sync 1 DAGs
[2026-05-16T19:41:48.950+0000] {logging_mixin.py:188} INFO - [2026-05-16T19:41:48.950+0000] {dag.py:3823} INFO - Setting next_dagrun for dbt_pipeline to 2026-05-16 00:00:00+00:00, run_after=2026-05-17 00:00:00+00:00
[2026-05-16T19:41:49.192+0000] {processor.py:183} INFO - Processing /opt/airflow/dags/dbt_pipeline_dag.py took 0.447 seconds
[2026-05-16T19:42:19.976+0000] {processor.py:161} INFO - Started process (PID=8120) to work on /opt/airflow/dags/dbt_pipeline_dag.py
[2026-05-16T19:42:19.979+0000] {processor.py:830} INFO - Processing file /opt/airflow/dags/dbt_pipeline_dag.py for tasks to queue
[2026-05-16T19:42:19.984+0000] {logging_mixin.py:188} INFO - [2026-05-16T19:42:19.983+0000] {dagbag.py:538} INFO - Filling up the DagBag from /opt/airflow/dags/dbt_pipeline_dag.py
[2026-05-16T19:42:20.087+0000] {processor.py:840} INFO - DAG(s) 'dbt_pipeline' retrieved from /opt/airflow/dags/dbt_pipeline_dag.py
[2026-05-16T19:42:20.231+0000] {logging_mixin.py:188} INFO - [2026-05-16T19:42:20.230+0000] {dag.py:3036} INFO - Sync 1 DAGs
[2026-05-16T19:42:20.398+0000] {logging_mixin.py:188} INFO - [2026-05-16T19:42:20.397+0000] {dag.py:3823} INFO - Setting next_dagrun for dbt_pipeline to 2026-05-16 00:00:00+00:00, run_after=2026-05-17 00:00:00+00:00
[2026-05-16T19:42:20.570+0000] {processor.py:183} INFO - Processing /opt/airflow/dags/dbt_pipeline_dag.py took 0.601 seconds
[2026-05-16T19:43:02.354+0000] {processor.py:161} INFO - Started process (PID=8182) to work on /opt/airflow/dags/dbt_pipeline_dag.py
[2026-05-16T19:43:02.358+0000] {processor.py:830} INFO - Processing file /opt/airflow/dags/dbt_pipeline_dag.py for tasks to queue
[2026-05-16T19:43:02.371+0000] {logging_mixin.py:188} INFO - [2026-05-16T19:43:02.369+0000] {dagbag.py:538} INFO - Filling up the DagBag from /opt/airflow/dags/dbt_pipeline_dag.py
[2026-05-16T19:43:02.481+0000] {processor.py:840} INFO - DAG(s) 'dbt_pipeline' retrieved from /opt/airflow/dags/dbt_pipeline_dag.py
[2026-05-16T19:43:02.623+0000] {logging_mixin.py:188} INFO - [2026-05-16T19:43:02.622+0000] {dag.py:3036} INFO - Sync 1 DAGs
[2026-05-16T19:42:50.975+0000] {logging_mixin.py:188} INFO - [2026-05-16T19:42:50.974+0000] {dag.py:3823} INFO - Setting next_dagrun for dbt_pipeline to 2026-05-16 00:00:00+00:00, run_after=2026-05-17 00:00:00+00:00
[2026-05-16T19:42:51.098+0000] {processor.py:183} INFO - Processing /opt/airflow/dags/dbt_pipeline_dag.py took 0.613 seconds
[2026-05-16T19:43:21.629+0000] {processor.py:161} INFO - Started process (PID=8222) to work on /opt/airflow/dags/dbt_pipeline_dag.py
[2026-05-16T19:43:21.638+0000] {processor.py:830} INFO - Processing file /opt/airflow/dags/dbt_pipeline_dag.py for tasks to queue
[2026-05-16T19:43:21.661+0000] {logging_mixin.py:188} INFO - [2026-05-16T19:43:21.659+0000] {dagbag.py:538} INFO - Filling up the DagBag from /opt/airflow/dags/dbt_pipeline_dag.py
[2026-05-16T19:43:21.816+0000] {processor.py:840} INFO - DAG(s) 'dbt_pipeline' retrieved from /opt/airflow/dags/dbt_pipeline_dag.py
[2026-05-16T19:43:21.969+0000] {logging_mixin.py:188} INFO - [2026-05-16T19:43:21.967+0000] {dag.py:3036} INFO - Sync 1 DAGs
[2026-05-16T19:43:22.209+0000] {logging_mixin.py:188} INFO - [2026-05-16T19:43:22.209+0000] {dag.py:3823} INFO - Setting next_dagrun for dbt_pipeline to 2026-05-16 00:00:00+00:00, run_after=2026-05-17 00:00:00+00:00
[2026-05-16T19:43:22.350+0000] {processor.py:183} INFO - Processing /opt/airflow/dags/dbt_pipeline_dag.py took 0.730 seconds
[2026-05-16T19:43:52.496+0000] {processor.py:161} INFO - Started process (PID=8243) to work on /opt/airflow/dags/dbt_pipeline_dag.py
[2026-05-16T19:43:52.499+0000] {processor.py:830} INFO - Processing file /opt/airflow/dags/dbt_pipeline_dag.py for tasks to queue
[2026-05-16T19:43:52.503+0000] {logging_mixin.py:188} INFO - [2026-05-16T19:43:52.502+0000] {dagbag.py:538} INFO - Filling up the DagBag from /opt/airflow/dags/dbt_pipeline_dag.py
[2026-05-16T19:43:52.566+0000] {processor.py:840} INFO - DAG(s) 'dbt_pipeline' retrieved from /opt/airflow/dags/dbt_pipeline_dag.py
[2026-05-16T19:43:52.692+0000] {logging_mixin.py:188} INFO - [2026-05-16T19:43:52.691+0000] {dag.py:3036} INFO - Sync 1 DAGs
[2026-05-16T19:43:52.796+0000] {logging_mixin.py:188} INFO - [2026-05-16T19:43:52.795+0000] {dag.py:3823} INFO - Setting next_dagrun for dbt_pipeline to 2026-05-16 00:00:00+00:00, run_after=2026-05-17 00:00:00+00:00
[2026-05-16T19:43:52.893+0000] {processor.py:183} INFO - Processing /opt/airflow/dags/dbt_pipeline_dag.py took 0.407 seconds
[2026-05-16T19:44:27.510+0000] {processor.py:161} INFO - Started process (PID=8256) to work on /opt/airflow/dags/dbt_pipeline_dag.py
[2026-05-16T19:44:27.512+0000] {processor.py:830} INFO - Processing file /opt/airflow/dags/dbt_pipeline_dag.py for tasks to queue
[2026-05-16T19:44:27.515+0000] {logging_mixin.py:188} INFO - [2026-05-16T19:44:27.514+0000] {dagbag.py:538} INFO - Filling up the DagBag from /opt/airflow/dags/dbt_pipeline_dag.py
[2026-05-16T19:44:27.571+0000] {processor.py:840} INFO - DAG(s) 'dbt_pipeline' retrieved from /opt/airflow/dags/dbt_pipeline_dag.py
[2026-05-16T19:44:27.645+0000] {logging_mixin.py:188} INFO - [2026-05-16T19:44:27.644+0000] {dag.py:3036} INFO - Sync 1 DAGs
[2026-05-16T19:44:15.888+0000] {logging_mixin.py:188} INFO - [2026-05-16T19:44:15.887+0000] {dag.py:3823} INFO - Setting next_dagrun for dbt_pipeline to 2026-05-16 00:00:00+00:00, run_after=2026-05-17 00:00:00+00:00
[2026-05-16T19:44:15.969+0000] {processor.py:183} INFO - Processing /opt/airflow/dags/dbt_pipeline_dag.py took 0.286 seconds
[2026-05-16T19:44:46.701+0000] {processor.py:161} INFO - Started process (PID=8272) to work on /opt/airflow/dags/dbt_pipeline_dag.py
[2026-05-16T19:44:46.703+0000] {processor.py:830} INFO - Processing file /opt/airflow/dags/dbt_pipeline_dag.py for tasks to queue
[2026-05-16T19:44:46.705+0000] {logging_mixin.py:188} INFO - [2026-05-16T19:44:46.705+0000] {dagbag.py:538} INFO - Filling up the DagBag from /opt/airflow/dags/dbt_pipeline_dag.py
[2026-05-16T19:44:46.840+0000] {processor.py:840} INFO - DAG(s) 'dbt_pipeline' retrieved from /opt/airflow/dags/dbt_pipeline_dag.py
[2026-05-16T19:44:46.900+0000] {logging_mixin.py:188} INFO - [2026-05-16T19:44:46.900+0000] {dag.py:3036} INFO - Sync 1 DAGs
[2026-05-16T19:44:46.953+0000] {logging_mixin.py:188} INFO - [2026-05-16T19:44:46.952+0000] {dag.py:3823} INFO - Setting next_dagrun for dbt_pipeline to 2026-05-16 00:00:00+00:00, run_after=2026-05-17 00:00:00+00:00
[2026-05-16T19:44:47.037+0000] {processor.py:183} INFO - Processing /opt/airflow/dags/dbt_pipeline_dag.py took 0.339 seconds
[2026-05-16T19:45:17.530+0000] {processor.py:161} INFO - Started process (PID=8288) to work on /opt/airflow/dags/dbt_pipeline_dag.py
[2026-05-16T19:45:17.533+0000] {processor.py:830} INFO - Processing file /opt/airflow/dags/dbt_pipeline_dag.py for tasks to queue
[2026-05-16T19:45:17.535+0000] {logging_mixin.py:188} INFO - [2026-05-16T19:45:17.534+0000] {dagbag.py:538} INFO - Filling up the DagBag from /opt/airflow/dags/dbt_pipeline_dag.py
[2026-05-16T19:45:05.859+0000] {processor.py:840} INFO - DAG(s) 'dbt_pipeline' retrieved from /opt/airflow/dags/dbt_pipeline_dag.py
[2026-05-16T19:45:05.938+0000] {logging_mixin.py:188} INFO - [2026-05-16T19:45:05.938+0000] {dag.py:3036} INFO - Sync 1 DAGs
[2026-05-16T19:45:06.037+0000] {logging_mixin.py:188} INFO - [2026-05-16T19:45:06.036+0000] {dag.py:3823} INFO - Setting next_dagrun for dbt_pipeline to 2026-05-16 00:00:00+00:00, run_after=2026-05-17 00:00:00+00:00
[2026-05-16T19:45:06.160+0000] {processor.py:183} INFO - Processing /opt/airflow/dags/dbt_pipeline_dag.py took 0.387 seconds
[2026-05-16T19:45:31.016+0000] {processor.py:161} INFO - Started process (PID=8302) to work on /opt/airflow/dags/dbt_pipeline_dag.py
[2026-05-16T19:45:31.022+0000] {processor.py:830} INFO - Processing file /opt/airflow/dags/dbt_pipeline_dag.py for tasks to queue
[2026-05-16T19:45:31.026+0000] {logging_mixin.py:188} INFO - [2026-05-16T19:45:31.025+0000] {dagbag.py:538} INFO - Filling up the DagBag from /opt/airflow/dags/dbt_pipeline_dag.py
[2026-05-16T19:45:31.132+0000] {processor.py:840} INFO - DAG(s) 'dbt_pipeline' retrieved from /opt/airflow/dags/dbt_pipeline_dag.py
[2026-05-16T19:45:31.205+0000] {logging_mixin.py:188} INFO - [2026-05-16T19:45:31.205+0000] {dag.py:3036} INFO - Sync 1 DAGs
[2026-05-16T19:45:31.272+0000] {logging_mixin.py:188} INFO - [2026-05-16T19:45:31.271+0000] {dag.py:3823} INFO - Setting next_dagrun for dbt_pipeline to 2026-05-16 00:00:00+00:00, run_after=2026-05-17 00:00:00+00:00
[2026-05-16T19:45:31.381+0000] {processor.py:183} INFO - Processing /opt/airflow/dags/dbt_pipeline_dag.py took 0.376 seconds
[2026-05-16T19:46:07.863+0000] {processor.py:161} INFO - Started process (PID=8312) to work on /opt/airflow/dags/dbt_pipeline_dag.py
[2026-05-16T19:46:07.865+0000] {processor.py:830} INFO - Processing file /opt/airflow/dags/dbt_pipeline_dag.py for tasks to queue
[2026-05-16T19:46:07.868+0000] {logging_mixin.py:188} INFO - [2026-05-16T19:46:07.867+0000] {dagbag.py:538} INFO - Filling up the DagBag from /opt/airflow/dags/dbt_pipeline_dag.py
[2026-05-16T19:46:07.928+0000] {processor.py:840} INFO - DAG(s) 'dbt_pipeline' retrieved from /opt/airflow/dags/dbt_pipeline_dag.py
[2026-05-16T19:46:08.044+0000] {logging_mixin.py:188} INFO - [2026-05-16T19:46:08.043+0000] {dag.py:3036} INFO - Sync 1 DAGs
[2026-05-16T19:46:08.144+0000] {logging_mixin.py:188} INFO - [2026-05-16T19:46:08.143+0000] {dag.py:3823} INFO - Setting next_dagrun for dbt_pipeline to 2026-05-16 00:00:00+00:00, run_after=2026-05-17 00:00:00+00:00
[2026-05-16T19:46:08.272+0000] {processor.py:183} INFO - Processing /opt/airflow/dags/dbt_pipeline_dag.py took 0.418 seconds
[2026-05-16T19:46:36.213+0000] {processor.py:161} INFO - Started process (PID=8328) to work on /opt/airflow/dags/dbt_pipeline_dag.py
[2026-05-16T19:46:36.217+0000] {processor.py:830} INFO - Processing file /opt/airflow/dags/dbt_pipeline_dag.py for tasks to queue
[2026-05-16T19:46:36.221+0000] {logging_mixin.py:188} INFO - [2026-05-16T19:46:36.220+0000] {dagbag.py:538} INFO - Filling up the DagBag from /opt/airflow/dags/dbt_pipeline_dag.py
[2026-05-16T19:46:36.271+0000] {processor.py:840} INFO - DAG(s) 'dbt_pipeline' retrieved from /opt/airflow/dags/dbt_pipeline_dag.py
[2026-05-16T19:46:36.352+0000] {logging_mixin.py:188} INFO - [2026-05-16T19:46:36.351+0000] {dag.py:3036} INFO - Sync 1 DAGs
[2026-05-16T19:46:36.411+0000] {logging_mixin.py:188} INFO - [2026-05-16T19:46:36.410+0000] {dag.py:3823} INFO - Setting next_dagrun for dbt_pipeline to 2026-05-16 00:00:00+00:00, run_after=2026-05-17 00:00:00+00:00
[2026-05-16T19:46:36.485+0000] {processor.py:183} INFO - Processing /opt/airflow/dags/dbt_pipeline_dag.py took 0.282 seconds
[2026-05-16T19:47:07.465+0000] {processor.py:161} INFO - Started process (PID=8344) to work on /opt/airflow/dags/dbt_pipeline_dag.py
[2026-05-16T19:47:07.466+0000] {processor.py:830} INFO - Processing file /opt/airflow/dags/dbt_pipeline_dag.py for tasks to queue
[2026-05-16T19:47:07.468+0000] {logging_mixin.py:188} INFO - [2026-05-16T19:47:07.468+0000] {dagbag.py:538} INFO - Filling up the DagBag from /opt/airflow/dags/dbt_pipeline_dag.py
[2026-05-16T19:47:07.507+0000] {processor.py:840} INFO - DAG(s) 'dbt_pipeline' retrieved from /opt/airflow/dags/dbt_pipeline_dag.py
[2026-05-16T19:47:07.569+0000] {logging_mixin.py:188} INFO - [2026-05-16T19:47:07.569+0000] {dag.py:3036} INFO - Sync 1 DAGs
[2026-05-16T19:47:07.627+0000] {logging_mixin.py:188} INFO - [2026-05-16T19:47:07.627+0000] {dag.py:3823} INFO - Setting next_dagrun for dbt_pipeline to 2026-05-16 00:00:00+00:00, run_after=2026-05-17 00:00:00+00:00
[2026-05-16T19:47:07.677+0000] {processor.py:183} INFO - Processing /opt/airflow/dags/dbt_pipeline_dag.py took 0.216 seconds
[2026-05-16T19:47:37.856+0000] {processor.py:161} INFO - Started process (PID=8362) to work on /opt/airflow/dags/dbt_pipeline_dag.py
[2026-05-16T19:47:37.858+0000] {processor.py:830} INFO - Processing file /opt/airflow/dags/dbt_pipeline_dag.py for tasks to queue
[2026-05-16T19:47:37.861+0000] {logging_mixin.py:188} INFO - [2026-05-16T19:47:37.861+0000] {dagbag.py:538} INFO - Filling up the DagBag from /opt/airflow/dags/dbt_pipeline_dag.py
[2026-05-16T19:47:37.943+0000] {processor.py:840} INFO - DAG(s) 'dbt_pipeline' retrieved from /opt/airflow/dags/dbt_pipeline_dag.py
[2026-05-16T19:47:38.053+0000] {logging_mixin.py:188} INFO - [2026-05-16T19:47:38.052+0000] {dag.py:3036} INFO - Sync 1 DAGs
[2026-05-16T19:47:38.127+0000] {logging_mixin.py:188} INFO - [2026-05-16T19:47:38.126+0000] {dag.py:3823} INFO - Setting next_dagrun for dbt_pipeline to 2026-05-16 00:00:00+00:00, run_after=2026-05-17 00:00:00+00:00
[2026-05-16T19:47:38.194+0000] {processor.py:183} INFO - Processing /opt/airflow/dags/dbt_pipeline_dag.py took 0.350 seconds
[2026-05-16T19:48:12.808+0000] {processor.py:161} INFO - Started process (PID=8378) to work on /opt/airflow/dags/dbt_pipeline_dag.py
[2026-05-16T19:48:12.810+0000] {processor.py:830} INFO - Processing file /opt/airflow/dags/dbt_pipeline_dag.py for tasks to queue
[2026-05-16T19:48:12.812+0000] {logging_mixin.py:188} INFO - [2026-05-16T19:48:12.812+0000] {dagbag.py:538} INFO - Filling up the DagBag from /opt/airflow/dags/dbt_pipeline_dag.py
[2026-05-16T19:48:01.101+0000] {processor.py:840} INFO - DAG(s) 'dbt_pipeline' retrieved from /opt/airflow/dags/dbt_pipeline_dag.py
[2026-05-16T19:48:01.172+0000] {logging_mixin.py:188} INFO - [2026-05-16T19:48:01.171+0000] {dag.py:3036} INFO - Sync 1 DAGs
[2026-05-16T19:48:01.226+0000] {logging_mixin.py:188} INFO - [2026-05-16T19:48:01.225+0000] {dag.py:3823} INFO - Setting next_dagrun for dbt_pipeline to 2026-05-16 00:00:00+00:00, run_after=2026-05-17 00:00:00+00:00
[2026-05-16T19:48:01.311+0000] {processor.py:183} INFO - Processing /opt/airflow/dags/dbt_pipeline_dag.py took 0.264 seconds
[2026-05-16T19:48:31.725+0000] {processor.py:161} INFO - Started process (PID=8394) to work on /opt/airflow/dags/dbt_pipeline_dag.py
[2026-05-16T19:48:31.727+0000] {processor.py:830} INFO - Processing file /opt/airflow/dags/dbt_pipeline_dag.py for tasks to queue
[2026-05-16T19:48:31.729+0000] {logging_mixin.py:188} INFO - [2026-05-16T19:48:31.729+0000] {dagbag.py:538} INFO - Filling up the DagBag from /opt/airflow/dags/dbt_pipeline_dag.py
[2026-05-16T19:48:31.770+0000] {processor.py:840} INFO - DAG(s) 'dbt_pipeline' retrieved from /opt/airflow/dags/dbt_pipeline_dag.py
[2026-05-16T19:48:31.826+0000] {logging_mixin.py:188} INFO - [2026-05-16T19:48:31.825+0000] {dag.py:3036} INFO - Sync 1 DAGs
[2026-05-16T19:48:31.876+0000] {logging_mixin.py:188} INFO - [2026-05-16T19:48:31.875+0000] {dag.py:3823} INFO - Setting next_dagrun for dbt_pipeline to 2026-05-16 00:00:00+00:00, run_after=2026-05-17 00:00:00+00:00
[2026-05-16T19:48:31.917+0000] {processor.py:183} INFO - Processing /opt/airflow/dags/dbt_pipeline_dag.py took 0.197 seconds
[2026-05-16T19:49:04.326+0000] {processor.py:161} INFO - Started process (PID=8402) to work on /opt/airflow/dags/dbt_pipeline_dag.py
[2026-05-16T19:49:04.328+0000] {processor.py:830} INFO - Processing file /opt/airflow/dags/dbt_pipeline_dag.py for tasks to queue
[2026-05-16T19:49:04.330+0000] {logging_mixin.py:188} INFO - [2026-05-16T19:49:04.330+0000] {dagbag.py:538} INFO - Filling up the DagBag from /opt/airflow/dags/dbt_pipeline_dag.py
[2026-05-16T19:48:52.659+0000] {processor.py:840} INFO - DAG(s) 'dbt_pipeline' retrieved from /opt/airflow/dags/dbt_pipeline_dag.py
[2026-05-16T19:48:52.721+0000] {logging_mixin.py:188} INFO - [2026-05-16T19:48:52.721+0000] {dag.py:3036} INFO - Sync 1 DAGs
[2026-05-16T19:48:52.771+0000] {logging_mixin.py:188} INFO - [2026-05-16T19:48:52.771+0000] {dag.py:3823} INFO - Setting next_dagrun for dbt_pipeline to 2026-05-16 00:00:00+00:00, run_after=2026-05-17 00:00:00+00:00
[2026-05-16T19:48:52.822+0000] {processor.py:183} INFO - Processing /opt/airflow/dags/dbt_pipeline_dag.py took 0.216 seconds
[2026-05-16T19:49:23.407+0000] {processor.py:161} INFO - Started process (PID=8418) to work on /opt/airflow/dags/dbt_pipeline_dag.py
[2026-05-16T19:49:23.408+0000] {processor.py:830} INFO - Processing file /opt/airflow/dags/dbt_pipeline_dag.py for tasks to queue
[2026-05-16T19:49:23.410+0000] {logging_mixin.py:188} INFO - [2026-05-16T19:49:23.410+0000] {dagbag.py:538} INFO - Filling up the DagBag from /opt/airflow/dags/dbt_pipeline_dag.py
[2026-05-16T19:49:23.453+0000] {processor.py:840} INFO - DAG(s) 'dbt_pipeline' retrieved from /opt/airflow/dags/dbt_pipeline_dag.py
[2026-05-16T19:49:23.513+0000] {logging_mixin.py:188} INFO - [2026-05-16T19:49:23.512+0000] {dag.py:3036} INFO - Sync 1 DAGs
[2026-05-16T19:49:23.561+0000] {logging_mixin.py:188} INFO - [2026-05-16T19:49:23.560+0000] {dag.py:3823} INFO - Setting next_dagrun for dbt_pipeline to 2026-05-16 00:00:00+00:00, run_after=2026-05-17 00:00:00+00:00
[2026-05-16T19:49:23.728+0000] {processor.py:183} INFO - Processing /opt/airflow/dags/dbt_pipeline_dag.py took 0.326 seconds
[2026-05-16T19:49:54.277+0000] {processor.py:161} INFO - Started process (PID=8434) to work on /opt/airflow/dags/dbt_pipeline_dag.py
[2026-05-16T19:49:54.298+0000] {processor.py:830} INFO - Processing file /opt/airflow/dags/dbt_pipeline_dag.py for tasks to queue
[2026-05-16T19:49:54.301+0000] {logging_mixin.py:188} INFO - [2026-05-16T19:49:54.300+0000] {dagbag.py:538} INFO - Filling up the DagBag from /opt/airflow/dags/dbt_pipeline_dag.py
[2026-05-16T19:49:54.397+0000] {processor.py:840} INFO - DAG(s) 'dbt_pipeline' retrieved from /opt/airflow/dags/dbt_pipeline_dag.py
[2026-05-16T19:49:54.510+0000] {logging_mixin.py:188} INFO - [2026-05-16T19:49:54.509+0000] {dag.py:3036} INFO - Sync 1 DAGs
[2026-05-16T19:49:54.651+0000] {logging_mixin.py:188} INFO - [2026-05-16T19:49:54.651+0000] {dag.py:3823} INFO - Setting next_dagrun for dbt_pipeline to 2026-05-16 00:00:00+00:00, run_after=2026-05-17 00:00:00+00:00
[2026-05-16T19:49:54.773+0000] {processor.py:183} INFO - Processing /opt/airflow/dags/dbt_pipeline_dag.py took 0.501 seconds
[2026-05-16T19:50:25.694+0000] {processor.py:161} INFO - Started process (PID=8447) to work on /opt/airflow/dags/dbt_pipeline_dag.py
[2026-05-16T19:50:25.706+0000] {processor.py:830} INFO - Processing file /opt/airflow/dags/dbt_pipeline_dag.py for tasks to queue
[2026-05-16T19:50:25.709+0000] {logging_mixin.py:188} INFO - [2026-05-16T19:50:25.708+0000] {dagbag.py:538} INFO - Filling up the DagBag from /opt/airflow/dags/dbt_pipeline_dag.py
[2026-05-16T19:50:25.797+0000] {processor.py:840} INFO - DAG(s) 'dbt_pipeline' retrieved from /opt/airflow/dags/dbt_pipeline_dag.py
[2026-05-16T19:50:25.940+0000] {logging_mixin.py:188} INFO - [2026-05-16T19:50:25.939+0000] {dag.py:3036} INFO - Sync 1 DAGs
[2026-05-16T19:50:26.095+0000] {logging_mixin.py:188} INFO - [2026-05-16T19:50:26.095+0000] {dag.py:3823} INFO - Setting next_dagrun for dbt_pipeline to 2026-05-16 00:00:00+00:00, run_after=2026-05-17 00:00:00+00:00
[2026-05-16T19:50:26.190+0000] {processor.py:183} INFO - Processing /opt/airflow/dags/dbt_pipeline_dag.py took 0.504 seconds
[2026-05-16T19:50:58.278+0000] {processor.py:161} INFO - Started process (PID=8466) to work on /opt/airflow/dags/dbt_pipeline_dag.py
[2026-05-16T19:50:58.280+0000] {processor.py:830} INFO - Processing file /opt/airflow/dags/dbt_pipeline_dag.py for tasks to queue
[2026-05-16T19:50:58.282+0000] {logging_mixin.py:188} INFO - [2026-05-16T19:50:58.282+0000] {dagbag.py:538} INFO - Filling up the DagBag from /opt/airflow/dags/dbt_pipeline_dag.py
[2026-05-16T19:50:58.318+0000] {processor.py:840} INFO - DAG(s) 'dbt_pipeline' retrieved from /opt/airflow/dags/dbt_pipeline_dag.py
[2026-05-16T19:50:58.376+0000] {logging_mixin.py:188} INFO - [2026-05-16T19:50:58.376+0000] {dag.py:3036} INFO - Sync 1 DAGs
[2026-05-16T19:50:58.427+0000] {logging_mixin.py:188} INFO - [2026-05-16T19:50:58.426+0000] {dag.py:3823} INFO - Setting next_dagrun for dbt_pipeline to 2026-05-16 00:00:00+00:00, run_after=2026-05-17 00:00:00+00:00
[2026-05-16T19:50:58.467+0000] {processor.py:183} INFO - Processing /opt/airflow/dags/dbt_pipeline_dag.py took 0.194 seconds
[2026-05-16T19:51:33.051+0000] {processor.py:161} INFO - Started process (PID=8482) to work on /opt/airflow/dags/dbt_pipeline_dag.py
[2026-05-16T19:51:33.053+0000] {processor.py:830} INFO - Processing file /opt/airflow/dags/dbt_pipeline_dag.py for tasks to queue
[2026-05-16T19:51:33.054+0000] {logging_mixin.py:188} INFO - [2026-05-16T19:51:33.054+0000] {dagbag.py:538} INFO - Filling up the DagBag from /opt/airflow/dags/dbt_pipeline_dag.py
[2026-05-16T19:51:21.335+0000] {processor.py:840} INFO - DAG(s) 'dbt_pipeline' retrieved from /opt/airflow/dags/dbt_pipeline_dag.py
[2026-05-16T19:51:21.395+0000] {logging_mixin.py:188} INFO - [2026-05-16T19:51:21.395+0000] {dag.py:3036} INFO - Sync 1 DAGs
[2026-05-16T19:51:21.439+0000] {logging_mixin.py:188} INFO - [2026-05-16T19:51:21.439+0000] {dag.py:3823} INFO - Setting next_dagrun for dbt_pipeline to 2026-05-16 00:00:00+00:00, run_after=2026-05-17 00:00:00+00:00
[2026-05-16T19:51:21.476+0000] {processor.py:183} INFO - Processing /opt/airflow/dags/dbt_pipeline_dag.py took 0.187 seconds
[2026-05-16T19:51:40.221+0000] {processor.py:161} INFO - Started process (PID=8498) to work on /opt/airflow/dags/dbt_pipeline_dag.py
[2026-05-16T19:51:40.222+0000] {processor.py:830} INFO - Processing file /opt/airflow/dags/dbt_pipeline_dag.py for tasks to queue
[2026-05-16T19:51:40.224+0000] {logging_mixin.py:188} INFO - [2026-05-16T19:51:40.223+0000] {dagbag.py:538} INFO - Filling up the DagBag from /opt/airflow/dags/dbt_pipeline_dag.py
[2026-05-16T19:51:40.262+0000] {processor.py:840} INFO - DAG(s) 'dbt_pipeline' retrieved from /opt/airflow/dags/dbt_pipeline_dag.py
[2026-05-16T19:51:40.312+0000] {logging_mixin.py:188} INFO - [2026-05-16T19:51:40.312+0000] {dag.py:3036} INFO - Sync 1 DAGs
[2026-05-16T19:51:40.349+0000] {logging_mixin.py:188} INFO - [2026-05-16T19:51:40.349+0000] {dag.py:3823} INFO - Setting next_dagrun for dbt_pipeline to 2026-05-16 00:00:00+00:00, run_after=2026-05-17 00:00:00+00:00
[2026-05-16T19:51:40.387+0000] {processor.py:183} INFO - Processing /opt/airflow/dags/dbt_pipeline_dag.py took 0.170 seconds
[2026-05-16T19:52:01.431+0000] {processor.py:161} INFO - Started process (PID=8514) to work on /opt/airflow/dags/dbt_pipeline_dag.py
[2026-05-16T19:52:01.434+0000] {processor.py:830} INFO - Processing file /opt/airflow/dags/dbt_pipeline_dag.py for tasks to queue
[2026-05-16T19:52:01.437+0000] {logging_mixin.py:188} INFO - [2026-05-16T19:52:01.437+0000] {dagbag.py:538} INFO - Filling up the DagBag from /opt/airflow/dags/dbt_pipeline_dag.py
[2026-05-16T19:52:01.481+0000] {processor.py:840} INFO - DAG(s) 'dbt_pipeline' retrieved from /opt/airflow/dags/dbt_pipeline_dag.py
[2026-05-16T19:52:01.553+0000] {logging_mixin.py:188} INFO - [2026-05-16T19:52:01.552+0000] {dag.py:3036} INFO - Sync 1 DAGs
[2026-05-16T19:52:01.602+0000] {logging_mixin.py:188} INFO - [2026-05-16T19:52:01.601+0000] {dag.py:3823} INFO - Setting next_dagrun for dbt_pipeline to 2026-05-16 00:00:00+00:00, run_after=2026-05-17 00:00:00+00:00
[2026-05-16T19:52:01.646+0000] {processor.py:183} INFO - Processing /opt/airflow/dags/dbt_pipeline_dag.py took 0.224 seconds
[2026-05-16T19:52:31.713+0000] {processor.py:161} INFO - Started process (PID=8527) to work on /opt/airflow/dags/dbt_pipeline_dag.py
[2026-05-16T19:52:31.715+0000] {processor.py:830} INFO - Processing file /opt/airflow/dags/dbt_pipeline_dag.py for tasks to queue
[2026-05-16T19:52:31.716+0000] {logging_mixin.py:188} INFO - [2026-05-16T19:52:31.716+0000] {dagbag.py:538} INFO - Filling up the DagBag from /opt/airflow/dags/dbt_pipeline_dag.py
[2026-05-16T19:52:31.752+0000] {processor.py:840} INFO - DAG(s) 'dbt_pipeline' retrieved from /opt/airflow/dags/dbt_pipeline_dag.py
[2026-05-16T19:52:31.799+0000] {logging_mixin.py:188} INFO - [2026-05-16T19:52:31.798+0000] {dag.py:3036} INFO - Sync 1 DAGs
[2026-05-16T19:52:31.833+0000] {logging_mixin.py:188} INFO - [2026-05-16T19:52:31.833+0000] {dag.py:3823} INFO - Setting next_dagrun for dbt_pipeline to 2026-05-16 00:00:00+00:00, run_after=2026-05-17 00:00:00+00:00
[2026-05-16T19:52:31.876+0000] {processor.py:183} INFO - Processing /opt/airflow/dags/dbt_pipeline_dag.py took 0.167 seconds
[2026-05-16T19:53:01.960+0000] {processor.py:161} INFO - Started process (PID=8543) to work on /opt/airflow/dags/dbt_pipeline_dag.py
[2026-05-16T19:53:01.962+0000] {processor.py:830} INFO - Processing file /opt/airflow/dags/dbt_pipeline_dag.py for tasks to queue
[2026-05-16T19:53:01.963+0000] {logging_mixin.py:188} INFO - [2026-05-16T19:53:01.963+0000] {dagbag.py:538} INFO - Filling up the DagBag from /opt/airflow/dags/dbt_pipeline_dag.py
[2026-05-16T19:53:01.996+0000] {processor.py:840} INFO - DAG(s) 'dbt_pipeline' retrieved from /opt/airflow/dags/dbt_pipeline_dag.py
[2026-05-16T19:53:02.045+0000] {logging_mixin.py:188} INFO - [2026-05-16T19:53:02.045+0000] {dag.py:3036} INFO - Sync 1 DAGs
[2026-05-16T19:53:02.081+0000] {logging_mixin.py:188} INFO - [2026-05-16T19:53:02.081+0000] {dag.py:3823} INFO - Setting next_dagrun for dbt_pipeline to 2026-05-16 00:00:00+00:00, run_after=2026-05-17 00:00:00+00:00
[2026-05-16T19:53:02.111+0000] {processor.py:183} INFO - Processing /opt/airflow/dags/dbt_pipeline_dag.py took 0.154 seconds
[2026-05-16T19:53:32.732+0000] {processor.py:161} INFO - Started process (PID=8559) to work on /opt/airflow/dags/dbt_pipeline_dag.py
[2026-05-16T19:53:32.734+0000] {processor.py:830} INFO - Processing file /opt/airflow/dags/dbt_pipeline_dag.py for tasks to queue
[2026-05-16T19:53:32.736+0000] {logging_mixin.py:188} INFO - [2026-05-16T19:53:32.735+0000] {dagbag.py:538} INFO - Filling up the DagBag from /opt/airflow/dags/dbt_pipeline_dag.py
[2026-05-16T19:53:32.773+0000] {processor.py:840} INFO - DAG(s) 'dbt_pipeline' retrieved from /opt/airflow/dags/dbt_pipeline_dag.py
[2026-05-16T19:53:32.817+0000] {logging_mixin.py:188} INFO - [2026-05-16T19:53:32.817+0000] {dag.py:3036} INFO - Sync 1 DAGs
[2026-05-16T19:53:32.854+0000] {logging_mixin.py:188} INFO - [2026-05-16T19:53:32.854+0000] {dag.py:3823} INFO - Setting next_dagrun for dbt_pipeline to 2026-05-16 00:00:00+00:00, run_after=2026-05-17 00:00:00+00:00
[2026-05-16T19:53:32.887+0000] {processor.py:183} INFO - Processing /opt/airflow/dags/dbt_pipeline_dag.py took 0.159 seconds
[2026-05-16T19:54:03.148+0000] {processor.py:161} INFO - Started process (PID=8581) to work on /opt/airflow/dags/dbt_pipeline_dag.py
[2026-05-16T19:54:03.151+0000] {processor.py:830} INFO - Processing file /opt/airflow/dags/dbt_pipeline_dag.py for tasks to queue
[2026-05-16T19:54:03.153+0000] {logging_mixin.py:188} INFO - [2026-05-16T19:54:03.153+0000] {dagbag.py:538} INFO - Filling up the DagBag from /opt/airflow/dags/dbt_pipeline_dag.py
[2026-05-16T19:54:03.186+0000] {processor.py:840} INFO - DAG(s) 'dbt_pipeline' retrieved from /opt/airflow/dags/dbt_pipeline_dag.py
[2026-05-16T19:54:03.228+0000] {logging_mixin.py:188} INFO - [2026-05-16T19:54:03.228+0000] {dag.py:3036} INFO - Sync 1 DAGs
[2026-05-16T19:54:03.261+0000] {logging_mixin.py:188} INFO - [2026-05-16T19:54:03.260+0000] {dag.py:3823} INFO - Setting next_dagrun for dbt_pipeline to 2026-05-16 00:00:00+00:00, run_after=2026-05-17 00:00:00+00:00
[2026-05-16T19:54:03.293+0000] {processor.py:183} INFO - Processing /opt/airflow/dags/dbt_pipeline_dag.py took 0.150 seconds
[2026-05-16T19:54:33.521+0000] {processor.py:161} INFO - Started process (PID=8597) to work on /opt/airflow/dags/dbt_pipeline_dag.py
[2026-05-16T19:54:33.523+0000] {processor.py:830} INFO - Processing file /opt/airflow/dags/dbt_pipeline_dag.py for tasks to queue
[2026-05-16T19:54:33.524+0000] {logging_mixin.py:188} INFO - [2026-05-16T19:54:33.524+0000] {dagbag.py:538} INFO - Filling up the DagBag from /opt/airflow/dags/dbt_pipeline_dag.py
[2026-05-16T19:54:33.561+0000] {processor.py:840} INFO - DAG(s) 'dbt_pipeline' retrieved from /opt/airflow/dags/dbt_pipeline_dag.py
[2026-05-16T19:54:33.607+0000] {logging_mixin.py:188} INFO - [2026-05-16T19:54:33.607+0000] {dag.py:3036} INFO - Sync 1 DAGs
[2026-05-16T19:54:33.647+0000] {logging_mixin.py:188} INFO - [2026-05-16T19:54:33.647+0000] {dag.py:3823} INFO - Setting next_dagrun for dbt_pipeline to 2026-05-16 00:00:00+00:00, run_after=2026-05-17 00:00:00+00:00
[2026-05-16T19:54:33.683+0000] {processor.py:183} INFO - Processing /opt/airflow/dags/dbt_pipeline_dag.py took 0.166 seconds
[2026-05-16T19:55:14.548+0000] {processor.py:161} INFO - Started process (PID=8616) to work on /opt/airflow/dags/dbt_pipeline_dag.py
[2026-05-16T19:55:14.549+0000] {processor.py:830} INFO - Processing file /opt/airflow/dags/dbt_pipeline_dag.py for tasks to queue
[2026-05-16T19:55:14.552+0000] {logging_mixin.py:188} INFO - [2026-05-16T19:55:14.551+0000] {dagbag.py:538} INFO - Filling up the DagBag from /opt/airflow/dags/dbt_pipeline_dag.py
[2026-05-16T19:55:14.587+0000] {processor.py:840} INFO - DAG(s) 'dbt_pipeline' retrieved from /opt/airflow/dags/dbt_pipeline_dag.py
[2026-05-16T19:55:14.638+0000] {logging_mixin.py:188} INFO - [2026-05-16T19:55:14.638+0000] {dag.py:3036} INFO - Sync 1 DAGs
[2026-05-16T19:55:14.685+0000] {logging_mixin.py:188} INFO - [2026-05-16T19:55:14.684+0000] {dag.py:3823} INFO - Setting next_dagrun for dbt_pipeline to 2026-05-16 00:00:00+00:00, run_after=2026-05-17 00:00:00+00:00
[2026-05-16T19:55:14.729+0000] {processor.py:183} INFO - Processing /opt/airflow/dags/dbt_pipeline_dag.py took 0.186 seconds
[2026-05-16T19:55:45.488+0000] {processor.py:161} INFO - Started process (PID=8626) to work on /opt/airflow/dags/dbt_pipeline_dag.py
[2026-05-16T19:55:45.490+0000] {processor.py:830} INFO - Processing file /opt/airflow/dags/dbt_pipeline_dag.py for tasks to queue
[2026-05-16T19:55:45.492+0000] {logging_mixin.py:188} INFO - [2026-05-16T19:55:45.491+0000] {dagbag.py:538} INFO - Filling up the DagBag from /opt/airflow/dags/dbt_pipeline_dag.py
[2026-05-16T19:55:45.525+0000] {processor.py:840} INFO - DAG(s) 'dbt_pipeline' retrieved from /opt/airflow/dags/dbt_pipeline_dag.py
[2026-05-16T19:55:45.580+0000] {logging_mixin.py:188} INFO - [2026-05-16T19:55:45.580+0000] {dag.py:3036} INFO - Sync 1 DAGs
[2026-05-16T19:55:45.623+0000] {logging_mixin.py:188} INFO - [2026-05-16T19:55:45.623+0000] {dag.py:3823} INFO - Setting next_dagrun for dbt_pipeline to 2026-05-16 00:00:00+00:00, run_after=2026-05-17 00:00:00+00:00
[2026-05-16T19:55:45.661+0000] {processor.py:183} INFO - Processing /opt/airflow/dags/dbt_pipeline_dag.py took 0.178 seconds
[2026-05-16T19:56:15.787+0000] {processor.py:161} INFO - Started process (PID=8639) to work on /opt/airflow/dags/dbt_pipeline_dag.py
[2026-05-16T19:56:15.789+0000] {processor.py:830} INFO - Processing file /opt/airflow/dags/dbt_pipeline_dag.py for tasks to queue
[2026-05-16T19:56:15.791+0000] {logging_mixin.py:188} INFO - [2026-05-16T19:56:15.791+0000] {dagbag.py:538} INFO - Filling up the DagBag from /opt/airflow/dags/dbt_pipeline_dag.py
[2026-05-16T19:56:15.839+0000] {processor.py:840} INFO - DAG(s) 'dbt_pipeline' retrieved from /opt/airflow/dags/dbt_pipeline_dag.py
[2026-05-16T19:56:15.893+0000] {logging_mixin.py:188} INFO - [2026-05-16T19:56:15.892+0000] {dag.py:3036} INFO - Sync 1 DAGs
[2026-05-16T19:56:15.931+0000] {logging_mixin.py:188} INFO - [2026-05-16T19:56:15.931+0000] {dag.py:3823} INFO - Setting next_dagrun for dbt_pipeline to 2026-05-16 00:00:00+00:00, run_after=2026-05-17 00:00:00+00:00
[2026-05-16T19:56:15.962+0000] {processor.py:183} INFO - Processing /opt/airflow/dags/dbt_pipeline_dag.py took 0.179 seconds
[2026-05-16T19:56:48.611+0000] {processor.py:161} INFO - Started process (PID=8658) to work on /opt/airflow/dags/dbt_pipeline_dag.py
[2026-05-16T19:56:48.613+0000] {processor.py:830} INFO - Processing file /opt/airflow/dags/dbt_pipeline_dag.py for tasks to queue
[2026-05-16T19:56:48.615+0000] {logging_mixin.py:188} INFO - [2026-05-16T19:56:48.615+0000] {dagbag.py:538} INFO - Filling up the DagBag from /opt/airflow/dags/dbt_pipeline_dag.py
[2026-05-16T19:56:36.893+0000] {processor.py:840} INFO - DAG(s) 'dbt_pipeline' retrieved from /opt/airflow/dags/dbt_pipeline_dag.py
[2026-05-16T19:56:36.947+0000] {logging_mixin.py:188} INFO - [2026-05-16T19:56:36.946+0000] {dag.py:3036} INFO - Sync 1 DAGs
[2026-05-16T19:56:36.993+0000] {logging_mixin.py:188} INFO - [2026-05-16T19:56:36.992+0000] {dag.py:3823} INFO - Setting next_dagrun for dbt_pipeline to 2026-05-16 00:00:00+00:00, run_after=2026-05-17 00:00:00+00:00
[2026-05-16T19:56:37.033+0000] {processor.py:183} INFO - Processing /opt/airflow/dags/dbt_pipeline_dag.py took 0.185 seconds
[2026-05-16T19:57:07.605+0000] {processor.py:161} INFO - Started process (PID=8674) to work on /opt/airflow/dags/dbt_pipeline_dag.py
[2026-05-16T19:57:07.607+0000] {processor.py:830} INFO - Processing file /opt/airflow/dags/dbt_pipeline_dag.py for tasks to queue
[2026-05-16T19:57:07.609+0000] {logging_mixin.py:188} INFO - [2026-05-16T19:57:07.608+0000] {dagbag.py:538} INFO - Filling up the DagBag from /opt/airflow/dags/dbt_pipeline_dag.py
[2026-05-16T19:57:07.642+0000] {processor.py:840} INFO - DAG(s) 'dbt_pipeline' retrieved from /opt/airflow/dags/dbt_pipeline_dag.py
[2026-05-16T19:57:07.690+0000] {logging_mixin.py:188} INFO - [2026-05-16T19:57:07.690+0000] {dag.py:3036} INFO - Sync 1 DAGs
[2026-05-16T19:57:07.741+0000] {logging_mixin.py:188} INFO - [2026-05-16T19:57:07.740+0000] {dag.py:3823} INFO - Setting next_dagrun for dbt_pipeline to 2026-05-16 00:00:00+00:00, run_after=2026-05-17 00:00:00+00:00
[2026-05-16T19:57:07.785+0000] {processor.py:183} INFO - Processing /opt/airflow/dags/dbt_pipeline_dag.py took 0.185 seconds
[2026-05-16T19:57:38.853+0000] {processor.py:161} INFO - Started process (PID=8690) to work on /opt/airflow/dags/dbt_pipeline_dag.py
[2026-05-16T19:57:38.854+0000] {processor.py:830} INFO - Processing file /opt/airflow/dags/dbt_pipeline_dag.py for tasks to queue
[2026-05-16T19:57:38.856+0000] {logging_mixin.py:188} INFO - [2026-05-16T19:57:38.855+0000] {dagbag.py:538} INFO - Filling up the DagBag from /opt/airflow/dags/dbt_pipeline_dag.py
[2026-05-16T19:57:38.889+0000] {processor.py:840} INFO - DAG(s) 'dbt_pipeline' retrieved from /opt/airflow/dags/dbt_pipeline_dag.py
[2026-05-16T19:57:38.942+0000] {logging_mixin.py:188} INFO - [2026-05-16T19:57:38.941+0000] {dag.py:3036} INFO - Sync 1 DAGs
[2026-05-16T19:57:38.980+0000] {logging_mixin.py:188} INFO - [2026-05-16T19:57:38.980+0000] {dag.py:3823} INFO - Setting next_dagrun for dbt_pipeline to 2026-05-16 00:00:00+00:00, run_after=2026-05-17 00:00:00+00:00
[2026-05-16T19:57:39.017+0000] {processor.py:183} INFO - Processing /opt/airflow/dags/dbt_pipeline_dag.py took 0.168 seconds
[2026-05-16T19:58:09.495+0000] {processor.py:161} INFO - Started process (PID=8703) to work on /opt/airflow/dags/dbt_pipeline_dag.py
[2026-05-16T19:58:09.496+0000] {processor.py:830} INFO - Processing file /opt/airflow/dags/dbt_pipeline_dag.py for tasks to queue
[2026-05-16T19:58:09.498+0000] {logging_mixin.py:188} INFO - [2026-05-16T19:58:09.498+0000] {dagbag.py:538} INFO - Filling up the DagBag from /opt/airflow/dags/dbt_pipeline_dag.py
[2026-05-16T19:58:09.531+0000] {processor.py:840} INFO - DAG(s) 'dbt_pipeline' retrieved from /opt/airflow/dags/dbt_pipeline_dag.py
[2026-05-16T19:58:09.580+0000] {logging_mixin.py:188} INFO - [2026-05-16T19:58:09.580+0000] {dag.py:3036} INFO - Sync 1 DAGs
[2026-05-16T19:58:09.618+0000] {logging_mixin.py:188} INFO - [2026-05-16T19:58:09.618+0000] {dag.py:3823} INFO - Setting next_dagrun for dbt_pipeline to 2026-05-16 00:00:00+00:00, run_after=2026-05-17 00:00:00+00:00
[2026-05-16T19:58:09.656+0000] {processor.py:183} INFO - Processing /opt/airflow/dags/dbt_pipeline_dag.py took 0.166 seconds
[2026-05-16T19:58:39.418+0000] {processor.py:161} INFO - Started process (PID=8722) to work on /opt/airflow/dags/dbt_pipeline_dag.py
[2026-05-16T19:58:39.420+0000] {processor.py:830} INFO - Processing file /opt/airflow/dags/dbt_pipeline_dag.py for tasks to queue
[2026-05-16T19:58:39.422+0000] {logging_mixin.py:188} INFO - [2026-05-16T19:58:39.421+0000] {dagbag.py:538} INFO - Filling up the DagBag from /opt/airflow/dags/dbt_pipeline_dag.py
[2026-05-16T19:58:39.455+0000] {processor.py:840} INFO - DAG(s) 'dbt_pipeline' retrieved from /opt/airflow/dags/dbt_pipeline_dag.py
[2026-05-16T19:58:39.505+0000] {logging_mixin.py:188} INFO - [2026-05-16T19:58:39.505+0000] {dag.py:3036} INFO - Sync 1 DAGs
[2026-05-16T19:58:39.545+0000] {logging_mixin.py:188} INFO - [2026-05-16T19:58:39.544+0000] {dag.py:3823} INFO - Setting next_dagrun for dbt_pipeline to 2026-05-16 00:00:00+00:00, run_after=2026-05-17 00:00:00+00:00
[2026-05-16T19:58:39.580+0000] {processor.py:183} INFO - Processing /opt/airflow/dags/dbt_pipeline_dag.py took 0.167 seconds
[2026-05-16T19:59:09.942+0000] {processor.py:161} INFO - Started process (PID=8738) to work on /opt/airflow/dags/dbt_pipeline_dag.py
[2026-05-16T19:59:09.943+0000] {processor.py:830} INFO - Processing file /opt/airflow/dags/dbt_pipeline_dag.py for tasks to queue
[2026-05-16T19:59:09.945+0000] {logging_mixin.py:188} INFO - [2026-05-16T19:59:09.945+0000] {dagbag.py:538} INFO - Filling up the DagBag from /opt/airflow/dags/dbt_pipeline_dag.py
[2026-05-16T19:59:09.993+0000] {processor.py:840} INFO - DAG(s) 'dbt_pipeline' retrieved from /opt/airflow/dags/dbt_pipeline_dag.py
[2026-05-16T19:59:10.049+0000] {logging_mixin.py:188} INFO - [2026-05-16T19:59:10.048+0000] {dag.py:3036} INFO - Sync 1 DAGs
[2026-05-16T19:59:10.087+0000] {logging_mixin.py:188} INFO - [2026-05-16T19:59:10.087+0000] {dag.py:3823} INFO - Setting next_dagrun for dbt_pipeline to 2026-05-16 00:00:00+00:00, run_after=2026-05-17 00:00:00+00:00
[2026-05-16T19:59:10.152+0000] {processor.py:183} INFO - Processing /opt/airflow/dags/dbt_pipeline_dag.py took 0.215 seconds
[2026-05-16T19:59:32.118+0000] {processor.py:161} INFO - Started process (PID=8754) to work on /opt/airflow/dags/dbt_pipeline_dag.py
[2026-05-16T19:59:32.120+0000] {processor.py:830} INFO - Processing file /opt/airflow/dags/dbt_pipeline_dag.py for tasks to queue
[2026-05-16T19:59:32.121+0000] {logging_mixin.py:188} INFO - [2026-05-16T19:59:32.121+0000] {dagbag.py:538} INFO - Filling up the DagBag from /opt/airflow/dags/dbt_pipeline_dag.py
[2026-05-16T19:59:32.159+0000] {processor.py:840} INFO - DAG(s) 'dbt_pipeline' retrieved from /opt/airflow/dags/dbt_pipeline_dag.py
[2026-05-16T19:59:32.226+0000] {logging_mixin.py:188} INFO - [2026-05-16T19:59:32.225+0000] {dag.py:3036} INFO - Sync 1 DAGs
[2026-05-16T19:59:32.290+0000] {logging_mixin.py:188} INFO - [2026-05-16T19:59:32.290+0000] {dag.py:3823} INFO - Setting next_dagrun for dbt_pipeline to 2026-05-16 00:00:00+00:00, run_after=2026-05-17 00:00:00+00:00
[2026-05-16T19:59:32.376+0000] {processor.py:183} INFO - Processing /opt/airflow/dags/dbt_pipeline_dag.py took 0.262 seconds
[2026-05-16T20:00:03.158+0000] {processor.py:161} INFO - Started process (PID=8770) to work on /opt/airflow/dags/dbt_pipeline_dag.py
[2026-05-16T20:00:03.160+0000] {processor.py:830} INFO - Processing file /opt/airflow/dags/dbt_pipeline_dag.py for tasks to queue
[2026-05-16T20:00:03.161+0000] {logging_mixin.py:188} INFO - [2026-05-16T20:00:03.161+0000] {dagbag.py:538} INFO - Filling up the DagBag from /opt/airflow/dags/dbt_pipeline_dag.py
[2026-05-16T20:00:03.206+0000] {processor.py:840} INFO - DAG(s) 'dbt_pipeline' retrieved from /opt/airflow/dags/dbt_pipeline_dag.py
[2026-05-16T20:00:03.263+0000] {logging_mixin.py:188} INFO - [2026-05-16T20:00:03.262+0000] {dag.py:3036} INFO - Sync 1 DAGs
[2026-05-16T20:00:03.310+0000] {logging_mixin.py:188} INFO - [2026-05-16T20:00:03.310+0000] {dag.py:3823} INFO - Setting next_dagrun for dbt_pipeline to 2026-05-16 00:00:00+00:00, run_after=2026-05-17 00:00:00+00:00
[2026-05-16T20:00:03.346+0000] {processor.py:183} INFO - Processing /opt/airflow/dags/dbt_pipeline_dag.py took 0.194 seconds
[2026-05-16T20:00:34.395+0000] {processor.py:161} INFO - Started process (PID=8786) to work on /opt/airflow/dags/dbt_pipeline_dag.py
[2026-05-16T20:00:34.397+0000] {processor.py:830} INFO - Processing file /opt/airflow/dags/dbt_pipeline_dag.py for tasks to queue
[2026-05-16T20:00:34.398+0000] {logging_mixin.py:188} INFO - [2026-05-16T20:00:34.398+0000] {dagbag.py:538} INFO - Filling up the DagBag from /opt/airflow/dags/dbt_pipeline_dag.py
[2026-05-16T20:00:34.432+0000] {processor.py:840} INFO - DAG(s) 'dbt_pipeline' retrieved from /opt/airflow/dags/dbt_pipeline_dag.py
[2026-05-16T20:00:34.483+0000] {logging_mixin.py:188} INFO - [2026-05-16T20:00:34.482+0000] {dag.py:3036} INFO - Sync 1 DAGs
[2026-05-16T20:00:34.525+0000] {logging_mixin.py:188} INFO - [2026-05-16T20:00:34.525+0000] {dag.py:3823} INFO - Setting next_dagrun for dbt_pipeline to 2026-05-16 00:00:00+00:00, run_after=2026-05-17 00:00:00+00:00
[2026-05-16T20:00:34.560+0000] {processor.py:183} INFO - Processing /opt/airflow/dags/dbt_pipeline_dag.py took 0.168 seconds
[2026-05-16T20:01:05.352+0000] {processor.py:161} INFO - Started process (PID=8802) to work on /opt/airflow/dags/dbt_pipeline_dag.py
[2026-05-16T20:01:05.354+0000] {processor.py:830} INFO - Processing file /opt/airflow/dags/dbt_pipeline_dag.py for tasks to queue
[2026-05-16T20:01:05.356+0000] {logging_mixin.py:188} INFO - [2026-05-16T20:01:05.355+0000] {dagbag.py:538} INFO - Filling up the DagBag from /opt/airflow/dags/dbt_pipeline_dag.py
[2026-05-16T20:01:05.391+0000] {processor.py:840} INFO - DAG(s) 'dbt_pipeline' retrieved from /opt/airflow/dags/dbt_pipeline_dag.py
[2026-05-16T20:01:05.439+0000] {logging_mixin.py:188} INFO - [2026-05-16T20:01:05.438+0000] {dag.py:3036} INFO - Sync 1 DAGs
[2026-05-16T20:01:05.478+0000] {logging_mixin.py:188} INFO - [2026-05-16T20:01:05.478+0000] {dag.py:3823} INFO - Setting next_dagrun for dbt_pipeline to 2026-05-16 00:00:00+00:00, run_after=2026-05-17 00:00:00+00:00
[2026-05-16T20:01:05.514+0000] {processor.py:183} INFO - Processing /opt/airflow/dags/dbt_pipeline_dag.py took 0.166 seconds
[2026-05-16T20:01:35.761+0000] {processor.py:161} INFO - Started process (PID=8815) to work on /opt/airflow/dags/dbt_pipeline_dag.py
[2026-05-16T20:01:35.763+0000] {processor.py:830} INFO - Processing file /opt/airflow/dags/dbt_pipeline_dag.py for tasks to queue
[2026-05-16T20:01:35.764+0000] {logging_mixin.py:188} INFO - [2026-05-16T20:01:35.764+0000] {dagbag.py:538} INFO - Filling up the DagBag from /opt/airflow/dags/dbt_pipeline_dag.py
[2026-05-16T20:01:35.801+0000] {processor.py:840} INFO - DAG(s) 'dbt_pipeline' retrieved from /opt/airflow/dags/dbt_pipeline_dag.py
[2026-05-16T20:01:35.845+0000] {logging_mixin.py:188} INFO - [2026-05-16T20:01:35.845+0000] {dag.py:3036} INFO - Sync 1 DAGs
[2026-05-16T20:01:35.893+0000] {logging_mixin.py:188} INFO - [2026-05-16T20:01:35.892+0000] {dag.py:3823} INFO - Setting next_dagrun for dbt_pipeline to 2026-05-16 00:00:00+00:00, run_after=2026-05-17 00:00:00+00:00
[2026-05-16T20:01:35.928+0000] {processor.py:183} INFO - Processing /opt/airflow/dags/dbt_pipeline_dag.py took 0.171 seconds
[2026-05-16T20:02:06.180+0000] {processor.py:161} INFO - Started process (PID=8831) to work on /opt/airflow/dags/dbt_pipeline_dag.py
[2026-05-16T20:02:06.182+0000] {processor.py:830} INFO - Processing file /opt/airflow/dags/dbt_pipeline_dag.py for tasks to queue
[2026-05-16T20:02:06.184+0000] {logging_mixin.py:188} INFO - [2026-05-16T20:02:06.183+0000] {dagbag.py:538} INFO - Filling up the DagBag from /opt/airflow/dags/dbt_pipeline_dag.py
[2026-05-16T20:02:06.218+0000] {processor.py:840} INFO - DAG(s) 'dbt_pipeline' retrieved from /opt/airflow/dags/dbt_pipeline_dag.py
[2026-05-16T20:02:06.264+0000] {logging_mixin.py:188} INFO - [2026-05-16T20:02:06.264+0000] {dag.py:3036} INFO - Sync 1 DAGs
[2026-05-16T20:02:06.296+0000] {logging_mixin.py:188} INFO - [2026-05-16T20:02:06.296+0000] {dag.py:3823} INFO - Setting next_dagrun for dbt_pipeline to 2026-05-16 00:00:00+00:00, run_after=2026-05-17 00:00:00+00:00
[2026-05-16T20:02:06.326+0000] {processor.py:183} INFO - Processing /opt/airflow/dags/dbt_pipeline_dag.py took 0.149 seconds
[2026-05-16T20:02:36.476+0000] {processor.py:161} INFO - Started process (PID=8847) to work on /opt/airflow/dags/dbt_pipeline_dag.py
[2026-05-16T20:02:36.478+0000] {processor.py:830} INFO - Processing file /opt/airflow/dags/dbt_pipeline_dag.py for tasks to queue
[2026-05-16T20:02:36.481+0000] {logging_mixin.py:188} INFO - [2026-05-16T20:02:36.480+0000] {dagbag.py:538} INFO - Filling up the DagBag from /opt/airflow/dags/dbt_pipeline_dag.py
[2026-05-16T20:02:36.517+0000] {processor.py:840} INFO - DAG(s) 'dbt_pipeline' retrieved from /opt/airflow/dags/dbt_pipeline_dag.py
[2026-05-16T20:02:24.835+0000] {logging_mixin.py:188} INFO - [2026-05-16T20:02:24.835+0000] {dag.py:3036} INFO - Sync 1 DAGs
[2026-05-16T20:02:24.870+0000] {logging_mixin.py:188} INFO - [2026-05-16T20:02:24.869+0000] {dag.py:3823} INFO - Setting next_dagrun for dbt_pipeline to 2026-05-16 00:00:00+00:00, run_after=2026-05-17 00:00:00+00:00
[2026-05-16T20:02:24.904+0000] {processor.py:183} INFO - Processing /opt/airflow/dags/dbt_pipeline_dag.py took 0.161 seconds
[2026-05-16T20:02:55.254+0000] {processor.py:161} INFO - Started process (PID=8863) to work on /opt/airflow/dags/dbt_pipeline_dag.py
[2026-05-16T20:02:55.256+0000] {processor.py:830} INFO - Processing file /opt/airflow/dags/dbt_pipeline_dag.py for tasks to queue
[2026-05-16T20:02:55.259+0000] {logging_mixin.py:188} INFO - [2026-05-16T20:02:55.258+0000] {dagbag.py:538} INFO - Filling up the DagBag from /opt/airflow/dags/dbt_pipeline_dag.py
[2026-05-16T20:02:55.312+0000] {processor.py:840} INFO - DAG(s) 'dbt_pipeline' retrieved from /opt/airflow/dags/dbt_pipeline_dag.py
[2026-05-16T20:02:55.368+0000] {logging_mixin.py:188} INFO - [2026-05-16T20:02:55.368+0000] {dag.py:3036} INFO - Sync 1 DAGs
[2026-05-16T20:02:55.407+0000] {logging_mixin.py:188} INFO - [2026-05-16T20:02:55.406+0000] {dag.py:3823} INFO - Setting next_dagrun for dbt_pipeline to 2026-05-16 00:00:00+00:00, run_after=2026-05-17 00:00:00+00:00
[2026-05-16T20:02:55.444+0000] {processor.py:183} INFO - Processing /opt/airflow/dags/dbt_pipeline_dag.py took 0.203 seconds
[2026-05-16T20:03:25.719+0000] {processor.py:161} INFO - Started process (PID=8879) to work on /opt/airflow/dags/dbt_pipeline_dag.py
[2026-05-16T20:03:25.721+0000] {processor.py:830} INFO - Processing file /opt/airflow/dags/dbt_pipeline_dag.py for tasks to queue
[2026-05-16T20:03:25.724+0000] {logging_mixin.py:188} INFO - [2026-05-16T20:03:25.723+0000] {dagbag.py:538} INFO - Filling up the DagBag from /opt/airflow/dags/dbt_pipeline_dag.py
[2026-05-16T20:03:25.762+0000] {processor.py:840} INFO - DAG(s) 'dbt_pipeline' retrieved from /opt/airflow/dags/dbt_pipeline_dag.py
[2026-05-16T20:03:25.827+0000] {logging_mixin.py:188} INFO - [2026-05-16T20:03:25.827+0000] {dag.py:3036} INFO - Sync 1 DAGs
[2026-05-16T20:03:25.863+0000] {logging_mixin.py:188} INFO - [2026-05-16T20:03:25.863+0000] {dag.py:3823} INFO - Setting next_dagrun for dbt_pipeline to 2026-05-16 00:00:00+00:00, run_after=2026-05-17 00:00:00+00:00
[2026-05-16T20:03:25.910+0000] {processor.py:183} INFO - Processing /opt/airflow/dags/dbt_pipeline_dag.py took 0.195 seconds
[2026-05-16T20:03:59.251+0000] {processor.py:161} INFO - Started process (PID=8895) to work on /opt/airflow/dags/dbt_pipeline_dag.py
[2026-05-16T20:03:59.254+0000] {processor.py:830} INFO - Processing file /opt/airflow/dags/dbt_pipeline_dag.py for tasks to queue
[2026-05-16T20:03:47.492+0000] {logging_mixin.py:188} INFO - [2026-05-16T20:03:47.490+0000] {dagbag.py:538} INFO - Filling up the DagBag from /opt/airflow/dags/dbt_pipeline_dag.py
[2026-05-16T20:03:47.558+0000] {processor.py:840} INFO - DAG(s) 'dbt_pipeline' retrieved from /opt/airflow/dags/dbt_pipeline_dag.py
[2026-05-16T20:03:47.615+0000] {logging_mixin.py:188} INFO - [2026-05-16T20:03:47.614+0000] {dag.py:3036} INFO - Sync 1 DAGs
[2026-05-16T20:03:47.664+0000] {logging_mixin.py:188} INFO - [2026-05-16T20:03:47.663+0000] {dag.py:3823} INFO - Setting next_dagrun for dbt_pipeline to 2026-05-16 00:00:00+00:00, run_after=2026-05-17 00:00:00+00:00
[2026-05-16T20:03:47.708+0000] {processor.py:183} INFO - Processing /opt/airflow/dags/dbt_pipeline_dag.py took 0.230 seconds
[2026-05-16T20:04:19.257+0000] {processor.py:161} INFO - Started process (PID=8903) to work on /opt/airflow/dags/dbt_pipeline_dag.py
[2026-05-16T20:04:19.259+0000] {processor.py:830} INFO - Processing file /opt/airflow/dags/dbt_pipeline_dag.py for tasks to queue
[2026-05-16T20:04:19.262+0000] {logging_mixin.py:188} INFO - [2026-05-16T20:04:19.261+0000] {dagbag.py:538} INFO - Filling up the DagBag from /opt/airflow/dags/dbt_pipeline_dag.py
[2026-05-16T20:04:07.532+0000] {processor.py:840} INFO - DAG(s) 'dbt_pipeline' retrieved from /opt/airflow/dags/dbt_pipeline_dag.py
[2026-05-16T20:04:07.579+0000] {logging_mixin.py:188} INFO - [2026-05-16T20:04:07.579+0000] {dag.py:3036} INFO - Sync 1 DAGs
[2026-05-16T20:04:07.626+0000] {logging_mixin.py:188} INFO - [2026-05-16T20:04:07.626+0000] {dag.py:3823} INFO - Setting next_dagrun for dbt_pipeline to 2026-05-16 00:00:00+00:00, run_after=2026-05-17 00:00:00+00:00
[2026-05-16T20:04:07.698+0000] {processor.py:183} INFO - Processing /opt/airflow/dags/dbt_pipeline_dag.py took 0.212 seconds
[2026-05-16T20:04:49.328+0000] {processor.py:161} INFO - Started process (PID=8919) to work on /opt/airflow/dags/dbt_pipeline_dag.py
[2026-05-16T20:04:37.562+0000] {processor.py:830} INFO - Processing file /opt/airflow/dags/dbt_pipeline_dag.py for tasks to queue
[2026-05-16T20:04:37.564+0000] {logging_mixin.py:188} INFO - [2026-05-16T20:04:37.563+0000] {dagbag.py:538} INFO - Filling up the DagBag from /opt/airflow/dags/dbt_pipeline_dag.py
[2026-05-16T20:04:37.773+0000] {processor.py:840} INFO - DAG(s) 'dbt_pipeline' retrieved from /opt/airflow/dags/dbt_pipeline_dag.py
[2026-05-16T20:04:37.883+0000] {logging_mixin.py:188} INFO - [2026-05-16T20:04:37.882+0000] {dag.py:3036} INFO - Sync 1 DAGs
[2026-05-16T20:04:37.926+0000] {logging_mixin.py:188} INFO - [2026-05-16T20:04:37.926+0000] {dag.py:3823} INFO - Setting next_dagrun for dbt_pipeline to 2026-05-16 00:00:00+00:00, run_after=2026-05-17 00:00:00+00:00
[2026-05-16T20:04:37.976+0000] {processor.py:183} INFO - Processing /opt/airflow/dags/dbt_pipeline_dag.py took 0.421 seconds
[2026-05-16T20:04:57.631+0000] {processor.py:161} INFO - Started process (PID=8935) to work on /opt/airflow/dags/dbt_pipeline_dag.py
[2026-05-16T20:04:57.633+0000] {processor.py:830} INFO - Processing file /opt/airflow/dags/dbt_pipeline_dag.py for tasks to queue
[2026-05-16T20:04:57.635+0000] {logging_mixin.py:188} INFO - [2026-05-16T20:04:57.634+0000] {dagbag.py:538} INFO - Filling up the DagBag from /opt/airflow/dags/dbt_pipeline_dag.py
[2026-05-16T20:04:57.679+0000] {processor.py:840} INFO - DAG(s) 'dbt_pipeline' retrieved from /opt/airflow/dags/dbt_pipeline_dag.py
[2026-05-16T20:04:57.754+0000] {logging_mixin.py:188} INFO - [2026-05-16T20:04:57.754+0000] {dag.py:3036} INFO - Sync 1 DAGs
[2026-05-16T20:04:57.790+0000] {logging_mixin.py:188} INFO - [2026-05-16T20:04:57.790+0000] {dag.py:3823} INFO - Setting next_dagrun for dbt_pipeline to 2026-05-16 00:00:00+00:00, run_after=2026-05-17 00:00:00+00:00
[2026-05-16T20:04:57.847+0000] {processor.py:183} INFO - Processing /opt/airflow/dags/dbt_pipeline_dag.py took 0.222 seconds
[2026-05-16T20:05:28.180+0000] {processor.py:161} INFO - Started process (PID=8951) to work on /opt/airflow/dags/dbt_pipeline_dag.py
[2026-05-16T20:05:28.184+0000] {processor.py:830} INFO - Processing file /opt/airflow/dags/dbt_pipeline_dag.py for tasks to queue
[2026-05-16T20:05:28.187+0000] {logging_mixin.py:188} INFO - [2026-05-16T20:05:28.187+0000] {dagbag.py:538} INFO - Filling up the DagBag from /opt/airflow/dags/dbt_pipeline_dag.py
[2026-05-16T20:05:28.236+0000] {processor.py:840} INFO - DAG(s) 'dbt_pipeline' retrieved from /opt/airflow/dags/dbt_pipeline_dag.py
[2026-05-16T20:05:28.287+0000] {logging_mixin.py:188} INFO - [2026-05-16T20:05:28.287+0000] {dag.py:3036} INFO - Sync 1 DAGs
[2026-05-16T20:05:28.384+0000] {logging_mixin.py:188} INFO - [2026-05-16T20:05:28.383+0000] {dag.py:3823} INFO - Setting next_dagrun for dbt_pipeline to 2026-05-16 00:00:00+00:00, run_after=2026-05-17 00:00:00+00:00
[2026-05-16T20:05:28.419+0000] {processor.py:183} INFO - Processing /opt/airflow/dags/dbt_pipeline_dag.py took 0.246 seconds
[2026-05-16T20:05:59.131+0000] {processor.py:161} INFO - Started process (PID=8967) to work on /opt/airflow/dags/dbt_pipeline_dag.py
[2026-05-16T20:05:59.132+0000] {processor.py:830} INFO - Processing file /opt/airflow/dags/dbt_pipeline_dag.py for tasks to queue
[2026-05-16T20:05:59.133+0000] {logging_mixin.py:188} INFO - [2026-05-16T20:05:59.133+0000] {dagbag.py:538} INFO - Filling up the DagBag from /opt/airflow/dags/dbt_pipeline_dag.py
[2026-05-16T20:05:59.164+0000] {processor.py:840} INFO - DAG(s) 'dbt_pipeline' retrieved from /opt/airflow/dags/dbt_pipeline_dag.py
[2026-05-16T20:05:59.210+0000] {logging_mixin.py:188} INFO - [2026-05-16T20:05:59.210+0000] {dag.py:3036} INFO - Sync 1 DAGs
[2026-05-16T20:05:59.246+0000] {logging_mixin.py:188} INFO - [2026-05-16T20:05:59.246+0000] {dag.py:3823} INFO - Setting next_dagrun for dbt_pipeline to 2026-05-16 00:00:00+00:00, run_after=2026-05-17 00:00:00+00:00
[2026-05-16T20:05:59.287+0000] {processor.py:183} INFO - Processing /opt/airflow/dags/dbt_pipeline_dag.py took 0.160 seconds
[2026-05-16T20:06:29.781+0000] {processor.py:161} INFO - Started process (PID=8983) to work on /opt/airflow/dags/dbt_pipeline_dag.py
[2026-05-16T20:06:29.782+0000] {processor.py:830} INFO - Processing file /opt/airflow/dags/dbt_pipeline_dag.py for tasks to queue
[2026-05-16T20:06:29.784+0000] {logging_mixin.py:188} INFO - [2026-05-16T20:06:29.783+0000] {dagbag.py:538} INFO - Filling up the DagBag from /opt/airflow/dags/dbt_pipeline_dag.py
[2026-05-16T20:06:29.817+0000] {processor.py:840} INFO - DAG(s) 'dbt_pipeline' retrieved from /opt/airflow/dags/dbt_pipeline_dag.py
[2026-05-16T20:06:29.858+0000] {logging_mixin.py:188} INFO - [2026-05-16T20:06:29.858+0000] {dag.py:3036} INFO - Sync 1 DAGs
[2026-05-16T20:06:29.897+0000] {logging_mixin.py:188} INFO - [2026-05-16T20:06:29.896+0000] {dag.py:3823} INFO - Setting next_dagrun for dbt_pipeline to 2026-05-16 00:00:00+00:00, run_after=2026-05-17 00:00:00+00:00
[2026-05-16T20:06:29.932+0000] {processor.py:183} INFO - Processing /opt/airflow/dags/dbt_pipeline_dag.py took 0.155 seconds
[2026-05-16T20:07:00.682+0000] {processor.py:161} INFO - Started process (PID=8999) to work on /opt/airflow/dags/dbt_pipeline_dag.py
[2026-05-16T20:07:00.684+0000] {processor.py:830} INFO - Processing file /opt/airflow/dags/dbt_pipeline_dag.py for tasks to queue
[2026-05-16T20:07:00.687+0000] {logging_mixin.py:188} INFO - [2026-05-16T20:07:00.686+0000] {dagbag.py:538} INFO - Filling up the DagBag from /opt/airflow/dags/dbt_pipeline_dag.py
[2026-05-16T20:07:00.722+0000] {processor.py:840} INFO - DAG(s) 'dbt_pipeline' retrieved from /opt/airflow/dags/dbt_pipeline_dag.py
[2026-05-16T20:07:00.770+0000] {logging_mixin.py:188} INFO - [2026-05-16T20:07:00.770+0000] {dag.py:3036} INFO - Sync 1 DAGs
[2026-05-16T20:07:00.805+0000] {logging_mixin.py:188} INFO - [2026-05-16T20:07:00.805+0000] {dag.py:3823} INFO - Setting next_dagrun for dbt_pipeline to 2026-05-16 00:00:00+00:00, run_after=2026-05-17 00:00:00+00:00
[2026-05-16T20:07:00.839+0000] {processor.py:183} INFO - Processing /opt/airflow/dags/dbt_pipeline_dag.py took 0.160 seconds
[2026-05-16T20:07:39.588+0000] {processor.py:161} INFO - Started process (PID=9015) to work on /opt/airflow/dags/dbt_pipeline_dag.py
[2026-05-16T20:07:39.589+0000] {processor.py:830} INFO - Processing file /opt/airflow/dags/dbt_pipeline_dag.py for tasks to queue
[2026-05-16T20:07:39.591+0000] {logging_mixin.py:188} INFO - [2026-05-16T20:07:39.591+0000] {dagbag.py:538} INFO - Filling up the DagBag from /opt/airflow/dags/dbt_pipeline_dag.py
[2026-05-16T20:07:27.866+0000] {processor.py:840} INFO - DAG(s) 'dbt_pipeline' retrieved from /opt/airflow/dags/dbt_pipeline_dag.py
[2026-05-16T20:07:27.914+0000] {logging_mixin.py:188} INFO - [2026-05-16T20:07:27.914+0000] {dag.py:3036} INFO - Sync 1 DAGs
[2026-05-16T20:07:27.953+0000] {logging_mixin.py:188} INFO - [2026-05-16T20:07:27.953+0000] {dag.py:3823} INFO - Setting next_dagrun for dbt_pipeline to 2026-05-16 00:00:00+00:00, run_after=2026-05-17 00:00:00+00:00
[2026-05-16T20:07:28.033+0000] {processor.py:183} INFO - Processing /opt/airflow/dags/dbt_pipeline_dag.py took 0.218 seconds
[2026-05-16T20:07:58.634+0000] {processor.py:161} INFO - Started process (PID=9031) to work on /opt/airflow/dags/dbt_pipeline_dag.py
[2026-05-16T20:07:58.636+0000] {processor.py:830} INFO - Processing file /opt/airflow/dags/dbt_pipeline_dag.py for tasks to queue
[2026-05-16T20:07:58.638+0000] {logging_mixin.py:188} INFO - [2026-05-16T20:07:58.638+0000] {dagbag.py:538} INFO - Filling up the DagBag from /opt/airflow/dags/dbt_pipeline_dag.py
[2026-05-16T20:07:58.675+0000] {processor.py:840} INFO - DAG(s) 'dbt_pipeline' retrieved from /opt/airflow/dags/dbt_pipeline_dag.py
[2026-05-16T20:07:58.733+0000] {logging_mixin.py:188} INFO - [2026-05-16T20:07:58.733+0000] {dag.py:3036} INFO - Sync 1 DAGs
[2026-05-16T20:07:58.785+0000] {logging_mixin.py:188} INFO - [2026-05-16T20:07:58.784+0000] {dag.py:3823} INFO - Setting next_dagrun for dbt_pipeline to 2026-05-16 00:00:00+00:00, run_after=2026-05-17 00:00:00+00:00
[2026-05-16T20:07:58.851+0000] {processor.py:183} INFO - Processing /opt/airflow/dags/dbt_pipeline_dag.py took 0.223 seconds
[2026-05-16T20:08:17.944+0000] {processor.py:161} INFO - Started process (PID=9047) to work on /opt/airflow/dags/dbt_pipeline_dag.py
[2026-05-16T20:08:17.946+0000] {processor.py:830} INFO - Processing file /opt/airflow/dags/dbt_pipeline_dag.py for tasks to queue
[2026-05-16T20:08:17.948+0000] {logging_mixin.py:188} INFO - [2026-05-16T20:08:17.947+0000] {dagbag.py:538} INFO - Filling up the DagBag from /opt/airflow/dags/dbt_pipeline_dag.py
[2026-05-16T20:08:17.991+0000] {processor.py:840} INFO - DAG(s) 'dbt_pipeline' retrieved from /opt/airflow/dags/dbt_pipeline_dag.py
[2026-05-16T20:08:18.044+0000] {logging_mixin.py:188} INFO - [2026-05-16T20:08:18.044+0000] {dag.py:3036} INFO - Sync 1 DAGs
[2026-05-16T20:08:18.088+0000] {logging_mixin.py:188} INFO - [2026-05-16T20:08:18.088+0000] {dag.py:3823} INFO - Setting next_dagrun for dbt_pipeline to 2026-05-16 00:00:00+00:00, run_after=2026-05-17 00:00:00+00:00
[2026-05-16T20:08:18.147+0000] {processor.py:183} INFO - Processing /opt/airflow/dags/dbt_pipeline_dag.py took 0.208 seconds
[2026-05-16T20:08:50.538+0000] {processor.py:161} INFO - Started process (PID=9063) to work on /opt/airflow/dags/dbt_pipeline_dag.py
[2026-05-16T20:08:50.540+0000] {processor.py:830} INFO - Processing file /opt/airflow/dags/dbt_pipeline_dag.py for tasks to queue
[2026-05-16T20:08:50.541+0000] {logging_mixin.py:188} INFO - [2026-05-16T20:08:50.541+0000] {dagbag.py:538} INFO - Filling up the DagBag from /opt/airflow/dags/dbt_pipeline_dag.py
[2026-05-16T20:08:50.580+0000] {processor.py:840} INFO - DAG(s) 'dbt_pipeline' retrieved from /opt/airflow/dags/dbt_pipeline_dag.py
[2026-05-16T20:08:50.652+0000] {logging_mixin.py:188} INFO - [2026-05-16T20:08:50.652+0000] {dag.py:3036} INFO - Sync 1 DAGs
[2026-05-16T20:08:50.698+0000] {logging_mixin.py:188} INFO - [2026-05-16T20:08:50.698+0000] {dag.py:3823} INFO - Setting next_dagrun for dbt_pipeline to 2026-05-16 00:00:00+00:00, run_after=2026-05-17 00:00:00+00:00
[2026-05-16T20:08:50.734+0000] {processor.py:183} INFO - Processing /opt/airflow/dags/dbt_pipeline_dag.py took 0.200 seconds
[2026-05-16T20:09:21.070+0000] {processor.py:161} INFO - Started process (PID=9081) to work on /opt/airflow/dags/dbt_pipeline_dag.py
[2026-05-16T20:09:21.073+0000] {processor.py:830} INFO - Processing file /opt/airflow/dags/dbt_pipeline_dag.py for tasks to queue
[2026-05-16T20:09:21.075+0000] {logging_mixin.py:188} INFO - [2026-05-16T20:09:21.075+0000] {dagbag.py:538} INFO - Filling up the DagBag from /opt/airflow/dags/dbt_pipeline_dag.py
[2026-05-16T20:09:21.116+0000] {processor.py:840} INFO - DAG(s) 'dbt_pipeline' retrieved from /opt/airflow/dags/dbt_pipeline_dag.py
[2026-05-16T20:09:21.168+0000] {logging_mixin.py:188} INFO - [2026-05-16T20:09:21.167+0000] {dag.py:3036} INFO - Sync 1 DAGs
[2026-05-16T20:09:21.211+0000] {logging_mixin.py:188} INFO - [2026-05-16T20:09:21.211+0000] {dag.py:3823} INFO - Setting next_dagrun for dbt_pipeline to 2026-05-16 00:00:00+00:00, run_after=2026-05-17 00:00:00+00:00
[2026-05-16T20:09:21.253+0000] {processor.py:183} INFO - Processing /opt/airflow/dags/dbt_pipeline_dag.py took 0.192 seconds
[2026-05-16T20:09:51.333+0000] {processor.py:161} INFO - Started process (PID=9097) to work on /opt/airflow/dags/dbt_pipeline_dag.py
[2026-05-16T20:09:51.335+0000] {processor.py:830} INFO - Processing file /opt/airflow/dags/dbt_pipeline_dag.py for tasks to queue
[2026-05-16T20:09:51.337+0000] {logging_mixin.py:188} INFO - [2026-05-16T20:09:51.337+0000] {dagbag.py:538} INFO - Filling up the DagBag from /opt/airflow/dags/dbt_pipeline_dag.py
[2026-05-16T20:09:51.371+0000] {processor.py:840} INFO - DAG(s) 'dbt_pipeline' retrieved from /opt/airflow/dags/dbt_pipeline_dag.py
[2026-05-16T20:09:51.415+0000] {logging_mixin.py:188} INFO - [2026-05-16T20:09:51.414+0000] {dag.py:3036} INFO - Sync 1 DAGs
[2026-05-16T20:09:51.456+0000] {logging_mixin.py:188} INFO - [2026-05-16T20:09:51.456+0000] {dag.py:3823} INFO - Setting next_dagrun for dbt_pipeline to 2026-05-16 00:00:00+00:00, run_after=2026-05-17 00:00:00+00:00
[2026-05-16T20:09:51.690+0000] {processor.py:183} INFO - Processing /opt/airflow/dags/dbt_pipeline_dag.py took 0.361 seconds
[2026-05-16T20:10:22.023+0000] {processor.py:161} INFO - Started process (PID=9113) to work on /opt/airflow/dags/dbt_pipeline_dag.py
[2026-05-16T20:10:22.025+0000] {processor.py:830} INFO - Processing file /opt/airflow/dags/dbt_pipeline_dag.py for tasks to queue
[2026-05-16T20:10:22.026+0000] {logging_mixin.py:188} INFO - [2026-05-16T20:10:22.026+0000] {dagbag.py:538} INFO - Filling up the DagBag from /opt/airflow/dags/dbt_pipeline_dag.py
[2026-05-16T20:10:22.061+0000] {processor.py:840} INFO - DAG(s) 'dbt_pipeline' retrieved from /opt/airflow/dags/dbt_pipeline_dag.py
[2026-05-16T20:10:22.108+0000] {logging_mixin.py:188} INFO - [2026-05-16T20:10:22.107+0000] {dag.py:3036} INFO - Sync 1 DAGs
[2026-05-16T20:10:22.143+0000] {logging_mixin.py:188} INFO - [2026-05-16T20:10:22.143+0000] {dag.py:3823} INFO - Setting next_dagrun for dbt_pipeline to 2026-05-16 00:00:00+00:00, run_after=2026-05-17 00:00:00+00:00
[2026-05-16T20:10:22.203+0000] {processor.py:183} INFO - Processing /opt/airflow/dags/dbt_pipeline_dag.py took 0.183 seconds
[2026-05-16T20:10:52.864+0000] {processor.py:161} INFO - Started process (PID=9129) to work on /opt/airflow/dags/dbt_pipeline_dag.py
[2026-05-16T20:10:52.866+0000] {processor.py:830} INFO - Processing file /opt/airflow/dags/dbt_pipeline_dag.py for tasks to queue
[2026-05-16T20:10:52.868+0000] {logging_mixin.py:188} INFO - [2026-05-16T20:10:52.868+0000] {dagbag.py:538} INFO - Filling up the DagBag from /opt/airflow/dags/dbt_pipeline_dag.py
[2026-05-16T20:10:52.902+0000] {processor.py:840} INFO - DAG(s) 'dbt_pipeline' retrieved from /opt/airflow/dags/dbt_pipeline_dag.py
[2026-05-16T20:10:52.951+0000] {logging_mixin.py:188} INFO - [2026-05-16T20:10:52.951+0000] {dag.py:3036} INFO - Sync 1 DAGs
[2026-05-16T20:10:52.990+0000] {logging_mixin.py:188} INFO - [2026-05-16T20:10:52.989+0000] {dag.py:3823} INFO - Setting next_dagrun for dbt_pipeline to 2026-05-16 00:00:00+00:00, run_after=2026-05-17 00:00:00+00:00
[2026-05-16T20:10:53.034+0000] {processor.py:183} INFO - Processing /opt/airflow/dags/dbt_pipeline_dag.py took 0.175 seconds
[2026-05-16T20:11:34.948+0000] {processor.py:161} INFO - Started process (PID=9145) to work on /opt/airflow/dags/dbt_pipeline_dag.py
[2026-05-16T20:11:34.950+0000] {processor.py:830} INFO - Processing file /opt/airflow/dags/dbt_pipeline_dag.py for tasks to queue
[2026-05-16T20:11:34.952+0000] {logging_mixin.py:188} INFO - [2026-05-16T20:11:34.951+0000] {dagbag.py:538} INFO - Filling up the DagBag from /opt/airflow/dags/dbt_pipeline_dag.py
[2026-05-16T20:11:34.984+0000] {processor.py:840} INFO - DAG(s) 'dbt_pipeline' retrieved from /opt/airflow/dags/dbt_pipeline_dag.py
[2026-05-16T20:11:35.027+0000] {logging_mixin.py:188} INFO - [2026-05-16T20:11:35.027+0000] {dag.py:3036} INFO - Sync 1 DAGs
[2026-05-16T20:11:35.061+0000] {logging_mixin.py:188} INFO - [2026-05-16T20:11:35.060+0000] {dag.py:3823} INFO - Setting next_dagrun for dbt_pipeline to 2026-05-16 00:00:00+00:00, run_after=2026-05-17 00:00:00+00:00
[2026-05-16T20:11:35.092+0000] {processor.py:183} INFO - Processing /opt/airflow/dags/dbt_pipeline_dag.py took 0.148 seconds
[2026-05-16T20:12:05.561+0000] {processor.py:161} INFO - Started process (PID=9161) to work on /opt/airflow/dags/dbt_pipeline_dag.py
[2026-05-16T20:12:05.563+0000] {processor.py:830} INFO - Processing file /opt/airflow/dags/dbt_pipeline_dag.py for tasks to queue
[2026-05-16T20:12:05.566+0000] {logging_mixin.py:188} INFO - [2026-05-16T20:12:05.565+0000] {dagbag.py:538} INFO - Filling up the DagBag from /opt/airflow/dags/dbt_pipeline_dag.py
[2026-05-16T20:12:05.607+0000] {processor.py:840} INFO - DAG(s) 'dbt_pipeline' retrieved from /opt/airflow/dags/dbt_pipeline_dag.py
[2026-05-16T20:12:05.666+0000] {logging_mixin.py:188} INFO - [2026-05-16T20:12:05.666+0000] {dag.py:3036} INFO - Sync 1 DAGs
[2026-05-16T20:12:05.710+0000] {logging_mixin.py:188} INFO - [2026-05-16T20:12:05.710+0000] {dag.py:3823} INFO - Setting next_dagrun for dbt_pipeline to 2026-05-16 00:00:00+00:00, run_after=2026-05-17 00:00:00+00:00
[2026-05-16T20:12:05.750+0000] {processor.py:183} INFO - Processing /opt/airflow/dags/dbt_pipeline_dag.py took 0.196 seconds
[2026-05-16T20:12:36.023+0000] {processor.py:161} INFO - Started process (PID=9177) to work on /opt/airflow/dags/dbt_pipeline_dag.py
[2026-05-16T20:12:36.026+0000] {processor.py:830} INFO - Processing file /opt/airflow/dags/dbt_pipeline_dag.py for tasks to queue
[2026-05-16T20:12:36.029+0000] {logging_mixin.py:188} INFO - [2026-05-16T20:12:36.028+0000] {dagbag.py:538} INFO - Filling up the DagBag from /opt/airflow/dags/dbt_pipeline_dag.py
[2026-05-16T20:12:36.097+0000] {processor.py:840} INFO - DAG(s) 'dbt_pipeline' retrieved from /opt/airflow/dags/dbt_pipeline_dag.py
[2026-05-16T20:12:36.257+0000] {logging_mixin.py:188} INFO - [2026-05-16T20:12:36.256+0000] {dag.py:3036} INFO - Sync 1 DAGs
[2026-05-16T20:12:36.358+0000] {logging_mixin.py:188} INFO - [2026-05-16T20:12:36.357+0000] {dag.py:3823} INFO - Setting next_dagrun for dbt_pipeline to 2026-05-16 00:00:00+00:00, run_after=2026-05-17 00:00:00+00:00
[2026-05-16T20:12:36.439+0000] {processor.py:183} INFO - Processing /opt/airflow/dags/dbt_pipeline_dag.py took 0.425 seconds
[2026-05-16T23:14:25.774+0000] {processor.py:161} INFO - Started process (PID=9196) to work on /opt/airflow/dags/dbt_pipeline_dag.py
[2026-05-16T23:14:26.114+0000] {processor.py:830} INFO - Processing file /opt/airflow/dags/dbt_pipeline_dag.py for tasks to queue
[2026-05-16T23:14:26.116+0000] {logging_mixin.py:188} INFO - [2026-05-16T23:14:26.116+0000] {dagbag.py:538} INFO - Filling up the DagBag from /opt/airflow/dags/dbt_pipeline_dag.py
[2026-05-16T23:14:31.490+0000] {processor.py:840} INFO - DAG(s) 'dbt_pipeline' retrieved from /opt/airflow/dags/dbt_pipeline_dag.py
[2026-05-16T23:14:32.253+0000] {logging_mixin.py:188} INFO - [2026-05-16T23:14:32.252+0000] {dag.py:3036} INFO - Sync 1 DAGs
[2026-05-16T23:14:32.314+0000] {logging_mixin.py:188} INFO - [2026-05-16T23:14:32.313+0000] {dag.py:3823} INFO - Setting next_dagrun for dbt_pipeline to 2026-05-16 00:00:00+00:00, run_after=2026-05-17 00:00:00+00:00
[2026-05-16T23:14:32.555+0000] {processor.py:183} INFO - Processing /opt/airflow/dags/dbt_pipeline_dag.py took 6.797 seconds
