[2026-05-16T19:38:07.210+0000] {processor.py:161} INFO - Started process (PID=7800) to work on /opt/airflow/dags/sales_pipeline_dag.py
[2026-05-16T19:38:07.255+0000] {processor.py:830} INFO - Processing file /opt/airflow/dags/sales_pipeline_dag.py for tasks to queue
[2026-05-16T19:38:07.421+0000] {logging_mixin.py:188} INFO - [2026-05-16T19:38:07.420+0000] {dagbag.py:538} INFO - Filling up the DagBag from /opt/airflow/dags/sales_pipeline_dag.py
[2026-05-16T19:38:20.400+0000] {processor.py:840} INFO - DAG(s) 'sales_pipeline' retrieved from /opt/airflow/dags/sales_pipeline_dag.py
[2026-05-16T19:38:20.765+0000] {logging_mixin.py:188} INFO - [2026-05-16T19:38:20.764+0000] {dag.py:3036} INFO - Sync 1 DAGs
[2026-05-16T19:38:20.813+0000] {logging_mixin.py:188} INFO - [2026-05-16T19:38:20.812+0000] {dag.py:3823} INFO - Setting next_dagrun for sales_pipeline to 2026-05-16 00:00:00+00:00, run_after=2026-05-17 00:00:00+00:00
[2026-05-16T19:38:21.308+0000] {processor.py:183} INFO - Processing /opt/airflow/dags/sales_pipeline_dag.py took 2.861 seconds
[2026-05-16T19:38:48.076+0000] {processor.py:161} INFO - Started process (PID=7844) to work on /opt/airflow/dags/sales_pipeline_dag.py
[2026-05-16T19:38:48.400+0000] {processor.py:830} INFO - Processing file /opt/airflow/dags/sales_pipeline_dag.py for tasks to queue
[2026-05-16T19:38:48.404+0000] {logging_mixin.py:188} INFO - [2026-05-16T19:38:48.403+0000] {dagbag.py:538} INFO - Filling up the DagBag from /opt/airflow/dags/sales_pipeline_dag.py
[2026-05-16T19:38:50.139+0000] {processor.py:840} INFO - DAG(s) 'sales_pipeline' retrieved from /opt/airflow/dags/sales_pipeline_dag.py
[2026-05-16T19:38:50.192+0000] {logging_mixin.py:188} INFO - [2026-05-16T19:38:50.190+0000] {dag.py:3036} INFO - Sync 1 DAGs
[2026-05-16T19:38:50.586+0000] {logging_mixin.py:188} INFO - [2026-05-16T19:38:50.586+0000] {dag.py:3823} INFO - Setting next_dagrun for sales_pipeline to 2026-05-16 00:00:00+00:00, run_after=2026-05-17 00:00:00+00:00
[2026-05-16T19:38:51.647+0000] {processor.py:183} INFO - Processing /opt/airflow/dags/sales_pipeline_dag.py took 3.576 seconds
[2026-05-16T19:39:22.900+0000] {processor.py:161} INFO - Started process (PID=7862) to work on /opt/airflow/dags/sales_pipeline_dag.py
[2026-05-16T19:39:23.423+0000] {processor.py:830} INFO - Processing file /opt/airflow/dags/sales_pipeline_dag.py for tasks to queue
[2026-05-16T19:39:23.431+0000] {logging_mixin.py:188} INFO - [2026-05-16T19:39:23.430+0000] {dagbag.py:538} INFO - Filling up the DagBag from /opt/airflow/dags/sales_pipeline_dag.py
[2026-05-16T19:39:40.229+0000] {processor.py:840} INFO - DAG(s) 'sales_pipeline' retrieved from /opt/airflow/dags/sales_pipeline_dag.py
[2026-05-16T19:39:40.296+0000] {logging_mixin.py:188} INFO - [2026-05-16T19:39:40.295+0000] {dag.py:3036} INFO - Sync 1 DAGs
[2026-05-16T19:39:40.357+0000] {logging_mixin.py:188} INFO - [2026-05-16T19:39:40.356+0000] {dag.py:3823} INFO - Setting next_dagrun for sales_pipeline to 2026-05-16 00:00:00+00:00, run_after=2026-05-17 00:00:00+00:00
[2026-05-16T19:39:42.968+0000] {processor.py:183} INFO - Processing /opt/airflow/dags/sales_pipeline_dag.py took 9.329 seconds
[2026-05-16T19:40:15.597+0000] {processor.py:161} INFO - Started process (PID=7878) to work on /opt/airflow/dags/sales_pipeline_dag.py
[2026-05-16T19:40:15.847+0000] {processor.py:830} INFO - Processing file /opt/airflow/dags/sales_pipeline_dag.py for tasks to queue
[2026-05-16T19:40:15.872+0000] {logging_mixin.py:188} INFO - [2026-05-16T19:40:15.871+0000] {dagbag.py:538} INFO - Filling up the DagBag from /opt/airflow/dags/sales_pipeline_dag.py
[2026-05-16T19:40:08.714+0000] {processor.py:840} INFO - DAG(s) 'sales_pipeline' retrieved from /opt/airflow/dags/sales_pipeline_dag.py
[2026-05-16T19:40:08.773+0000] {logging_mixin.py:188} INFO - [2026-05-16T19:40:08.772+0000] {dag.py:3036} INFO - Sync 1 DAGs
[2026-05-16T19:40:08.905+0000] {logging_mixin.py:188} INFO - [2026-05-16T19:40:08.895+0000] {dag.py:3823} INFO - Setting next_dagrun for sales_pipeline to 2026-05-16 00:00:00+00:00, run_after=2026-05-17 00:00:00+00:00
[2026-05-16T19:40:09.018+0000] {processor.py:183} INFO - Processing /opt/airflow/dags/sales_pipeline_dag.py took 6.190 seconds
[2026-05-16T19:40:28.369+0000] {processor.py:161} INFO - Started process (PID=7894) to work on /opt/airflow/dags/sales_pipeline_dag.py
[2026-05-16T19:40:28.472+0000] {processor.py:830} INFO - Processing file /opt/airflow/dags/sales_pipeline_dag.py for tasks to queue
[2026-05-16T19:40:28.477+0000] {logging_mixin.py:188} INFO - [2026-05-16T19:40:28.477+0000] {dagbag.py:538} INFO - Filling up the DagBag from /opt/airflow/dags/sales_pipeline_dag.py
[2026-05-16T19:40:36.167+0000] {processor.py:840} INFO - DAG(s) 'sales_pipeline' retrieved from /opt/airflow/dags/sales_pipeline_dag.py
[2026-05-16T19:40:36.215+0000] {logging_mixin.py:188} INFO - [2026-05-16T19:40:36.214+0000] {dag.py:3036} INFO - Sync 1 DAGs
[2026-05-16T19:40:36.255+0000] {logging_mixin.py:188} INFO - [2026-05-16T19:40:36.254+0000] {dag.py:3823} INFO - Setting next_dagrun for sales_pipeline to 2026-05-16 00:00:00+00:00, run_after=2026-05-17 00:00:00+00:00
[2026-05-16T19:40:37.315+0000] {processor.py:183} INFO - Processing /opt/airflow/dags/sales_pipeline_dag.py took 9.626 seconds
[2026-05-16T19:41:12.968+0000] {processor.py:161} INFO - Started process (PID=7942) to work on /opt/airflow/dags/sales_pipeline_dag.py
[2026-05-16T19:41:13.040+0000] {processor.py:830} INFO - Processing file /opt/airflow/dags/sales_pipeline_dag.py for tasks to queue
[2026-05-16T19:41:13.059+0000] {logging_mixin.py:188} INFO - [2026-05-16T19:41:13.058+0000] {dagbag.py:538} INFO - Filling up the DagBag from /opt/airflow/dags/sales_pipeline_dag.py
[2026-05-16T19:41:16.144+0000] {processor.py:840} INFO - DAG(s) 'sales_pipeline' retrieved from /opt/airflow/dags/sales_pipeline_dag.py
[2026-05-16T19:41:16.207+0000] {logging_mixin.py:188} INFO - [2026-05-16T19:41:16.206+0000] {dag.py:3036} INFO - Sync 1 DAGs
[2026-05-16T19:41:16.280+0000] {logging_mixin.py:188} INFO - [2026-05-16T19:41:16.279+0000] {dag.py:3823} INFO - Setting next_dagrun for sales_pipeline to 2026-05-16 00:00:00+00:00, run_after=2026-05-17 00:00:00+00:00
[2026-05-16T19:41:16.398+0000] {processor.py:183} INFO - Processing /opt/airflow/dags/sales_pipeline_dag.py took 3.597 seconds
[2026-05-16T19:41:46.873+0000] {processor.py:161} INFO - Started process (PID=8017) to work on /opt/airflow/dags/sales_pipeline_dag.py
[2026-05-16T19:41:46.882+0000] {processor.py:830} INFO - Processing file /opt/airflow/dags/sales_pipeline_dag.py for tasks to queue
[2026-05-16T19:41:46.886+0000] {logging_mixin.py:188} INFO - [2026-05-16T19:41:46.885+0000] {dagbag.py:538} INFO - Filling up the DagBag from /opt/airflow/dags/sales_pipeline_dag.py
[2026-05-16T19:41:48.941+0000] {processor.py:840} INFO - DAG(s) 'sales_pipeline' retrieved from /opt/airflow/dags/sales_pipeline_dag.py
[2026-05-16T19:41:49.000+0000] {logging_mixin.py:188} INFO - [2026-05-16T19:41:48.999+0000] {dag.py:3036} INFO - Sync 1 DAGs
[2026-05-16T19:41:49.050+0000] {logging_mixin.py:188} INFO - [2026-05-16T19:41:49.050+0000] {dag.py:3823} INFO - Setting next_dagrun for sales_pipeline to 2026-05-16 00:00:00+00:00, run_after=2026-05-17 00:00:00+00:00
[2026-05-16T19:41:49.370+0000] {processor.py:183} INFO - Processing /opt/airflow/dags/sales_pipeline_dag.py took 2.513 seconds
[2026-05-16T19:42:20.001+0000] {processor.py:161} INFO - Started process (PID=8123) to work on /opt/airflow/dags/sales_pipeline_dag.py
[2026-05-16T19:42:20.010+0000] {processor.py:830} INFO - Processing file /opt/airflow/dags/sales_pipeline_dag.py for tasks to queue
[2026-05-16T19:42:20.015+0000] {logging_mixin.py:188} INFO - [2026-05-16T19:42:20.014+0000] {dagbag.py:538} INFO - Filling up the DagBag from /opt/airflow/dags/sales_pipeline_dag.py
[2026-05-16T19:42:24.656+0000] {processor.py:840} INFO - DAG(s) 'sales_pipeline' retrieved from /opt/airflow/dags/sales_pipeline_dag.py
[2026-05-16T19:42:24.803+0000] {logging_mixin.py:188} INFO - [2026-05-16T19:42:24.802+0000] {dag.py:3036} INFO - Sync 1 DAGs
[2026-05-16T19:42:24.991+0000] {logging_mixin.py:188} INFO - [2026-05-16T19:42:24.990+0000] {dag.py:3823} INFO - Setting next_dagrun for sales_pipeline to 2026-05-16 00:00:00+00:00, run_after=2026-05-17 00:00:00+00:00
[2026-05-16T19:42:25.135+0000] {processor.py:183} INFO - Processing /opt/airflow/dags/sales_pipeline_dag.py took 5.144 seconds
[2026-05-16T19:42:55.668+0000] {processor.py:161} INFO - Started process (PID=8193) to work on /opt/airflow/dags/sales_pipeline_dag.py
[2026-05-16T19:42:55.673+0000] {processor.py:830} INFO - Processing file /opt/airflow/dags/sales_pipeline_dag.py for tasks to queue
[2026-05-16T19:42:55.676+0000] {logging_mixin.py:188} INFO - [2026-05-16T19:42:55.675+0000] {dagbag.py:538} INFO - Filling up the DagBag from /opt/airflow/dags/sales_pipeline_dag.py
[2026-05-16T19:42:58.975+0000] {processor.py:840} INFO - DAG(s) 'sales_pipeline' retrieved from /opt/airflow/dags/sales_pipeline_dag.py
[2026-05-16T19:42:59.180+0000] {logging_mixin.py:188} INFO - [2026-05-16T19:42:59.179+0000] {dag.py:3036} INFO - Sync 1 DAGs
[2026-05-16T19:42:59.356+0000] {logging_mixin.py:188} INFO - [2026-05-16T19:42:59.353+0000] {dag.py:3823} INFO - Setting next_dagrun for sales_pipeline to 2026-05-16 00:00:00+00:00, run_after=2026-05-17 00:00:00+00:00
[2026-05-16T19:42:59.504+0000] {processor.py:183} INFO - Processing /opt/airflow/dags/sales_pipeline_dag.py took 4.410 seconds
[2026-05-16T19:43:30.462+0000] {processor.py:161} INFO - Started process (PID=8234) to work on /opt/airflow/dags/sales_pipeline_dag.py
[2026-05-16T19:43:30.467+0000] {processor.py:830} INFO - Processing file /opt/airflow/dags/sales_pipeline_dag.py for tasks to queue
[2026-05-16T19:43:30.471+0000] {logging_mixin.py:188} INFO - [2026-05-16T19:43:30.470+0000] {dagbag.py:538} INFO - Filling up the DagBag from /opt/airflow/dags/sales_pipeline_dag.py
[2026-05-16T19:43:20.840+0000] {processor.py:840} INFO - DAG(s) 'sales_pipeline' retrieved from /opt/airflow/dags/sales_pipeline_dag.py
[2026-05-16T19:43:20.913+0000] {logging_mixin.py:188} INFO - [2026-05-16T19:43:20.912+0000] {dag.py:3036} INFO - Sync 1 DAGs
[2026-05-16T19:43:20.997+0000] {logging_mixin.py:188} INFO - [2026-05-16T19:43:20.996+0000] {dag.py:3823} INFO - Setting next_dagrun for sales_pipeline to 2026-05-16 00:00:00+00:00, run_after=2026-05-17 00:00:00+00:00
[2026-05-16T19:43:21.084+0000] {processor.py:183} INFO - Processing /opt/airflow/dags/sales_pipeline_dag.py took 3.927 seconds
[2026-05-16T19:43:51.245+0000] {processor.py:161} INFO - Started process (PID=8240) to work on /opt/airflow/dags/sales_pipeline_dag.py
[2026-05-16T19:43:51.248+0000] {processor.py:830} INFO - Processing file /opt/airflow/dags/sales_pipeline_dag.py for tasks to queue
[2026-05-16T19:43:51.250+0000] {logging_mixin.py:188} INFO - [2026-05-16T19:43:51.249+0000] {dagbag.py:538} INFO - Filling up the DagBag from /opt/airflow/dags/sales_pipeline_dag.py
[2026-05-16T19:43:53.653+0000] {processor.py:840} INFO - DAG(s) 'sales_pipeline' retrieved from /opt/airflow/dags/sales_pipeline_dag.py
[2026-05-16T19:43:53.710+0000] {logging_mixin.py:188} INFO - [2026-05-16T19:43:53.709+0000] {dag.py:3036} INFO - Sync 1 DAGs
[2026-05-16T19:43:53.754+0000] {logging_mixin.py:188} INFO - [2026-05-16T19:43:53.753+0000] {dag.py:3823} INFO - Setting next_dagrun for sales_pipeline to 2026-05-16 00:00:00+00:00, run_after=2026-05-17 00:00:00+00:00
[2026-05-16T19:43:53.800+0000] {processor.py:183} INFO - Processing /opt/airflow/dags/sales_pipeline_dag.py took 2.560 seconds
[2026-05-16T19:44:27.538+0000] {processor.py:161} INFO - Started process (PID=8259) to work on /opt/airflow/dags/sales_pipeline_dag.py
[2026-05-16T19:44:27.540+0000] {processor.py:830} INFO - Processing file /opt/airflow/dags/sales_pipeline_dag.py for tasks to queue
[2026-05-16T19:44:27.542+0000] {logging_mixin.py:188} INFO - [2026-05-16T19:44:27.541+0000] {dagbag.py:538} INFO - Filling up the DagBag from /opt/airflow/dags/sales_pipeline_dag.py
[2026-05-16T19:44:17.520+0000] {processor.py:840} INFO - DAG(s) 'sales_pipeline' retrieved from /opt/airflow/dags/sales_pipeline_dag.py
[2026-05-16T19:44:17.588+0000] {logging_mixin.py:188} INFO - [2026-05-16T19:44:17.587+0000] {dag.py:3036} INFO - Sync 1 DAGs
[2026-05-16T19:44:17.651+0000] {logging_mixin.py:188} INFO - [2026-05-16T19:44:17.651+0000] {dag.py:3823} INFO - Setting next_dagrun for sales_pipeline to 2026-05-16 00:00:00+00:00, run_after=2026-05-17 00:00:00+00:00
[2026-05-16T19:44:17.735+0000] {processor.py:183} INFO - Processing /opt/airflow/dags/sales_pipeline_dag.py took 2.023 seconds
[2026-05-16T19:44:47.285+0000] {processor.py:161} INFO - Started process (PID=8277) to work on /opt/airflow/dags/sales_pipeline_dag.py
[2026-05-16T19:44:47.287+0000] {processor.py:830} INFO - Processing file /opt/airflow/dags/sales_pipeline_dag.py for tasks to queue
[2026-05-16T19:44:47.289+0000] {logging_mixin.py:188} INFO - [2026-05-16T19:44:47.289+0000] {dagbag.py:538} INFO - Filling up the DagBag from /opt/airflow/dags/sales_pipeline_dag.py
[2026-05-16T19:45:02.489+0000] {processor.py:840} INFO - DAG(s) 'sales_pipeline' retrieved from /opt/airflow/dags/sales_pipeline_dag.py
[2026-05-16T19:45:02.554+0000] {logging_mixin.py:188} INFO - [2026-05-16T19:45:02.553+0000] {dag.py:3036} INFO - Sync 1 DAGs
[2026-05-16T19:44:50.842+0000] {logging_mixin.py:188} INFO - [2026-05-16T19:44:50.841+0000] {dag.py:3823} INFO - Setting next_dagrun for sales_pipeline to 2026-05-16 00:00:00+00:00, run_after=2026-05-17 00:00:00+00:00
[2026-05-16T19:44:50.909+0000] {processor.py:183} INFO - Processing /opt/airflow/dags/sales_pipeline_dag.py took 4.006 seconds
[2026-05-16T19:45:22.723+0000] {processor.py:161} INFO - Started process (PID=8293) to work on /opt/airflow/dags/sales_pipeline_dag.py
[2026-05-16T19:45:22.769+0000] {processor.py:830} INFO - Processing file /opt/airflow/dags/sales_pipeline_dag.py for tasks to queue
[2026-05-16T19:45:22.773+0000] {logging_mixin.py:188} INFO - [2026-05-16T19:45:22.772+0000] {dagbag.py:538} INFO - Filling up the DagBag from /opt/airflow/dags/sales_pipeline_dag.py
[2026-05-16T19:45:25.734+0000] {processor.py:840} INFO - DAG(s) 'sales_pipeline' retrieved from /opt/airflow/dags/sales_pipeline_dag.py
[2026-05-16T19:45:25.825+0000] {logging_mixin.py:188} INFO - [2026-05-16T19:45:25.824+0000] {dag.py:3036} INFO - Sync 1 DAGs
[2026-05-16T19:45:25.927+0000] {logging_mixin.py:188} INFO - [2026-05-16T19:45:25.926+0000] {dag.py:3823} INFO - Setting next_dagrun for sales_pipeline to 2026-05-16 00:00:00+00:00, run_after=2026-05-17 00:00:00+00:00
[2026-05-16T19:45:26.022+0000] {processor.py:183} INFO - Processing /opt/airflow/dags/sales_pipeline_dag.py took 3.307 seconds
[2026-05-16T19:46:08.456+0000] {processor.py:161} INFO - Started process (PID=8317) to work on /opt/airflow/dags/sales_pipeline_dag.py
[2026-05-16T19:46:08.460+0000] {processor.py:830} INFO - Processing file /opt/airflow/dags/sales_pipeline_dag.py for tasks to queue
[2026-05-16T19:46:08.463+0000] {logging_mixin.py:188} INFO - [2026-05-16T19:46:08.462+0000] {dagbag.py:538} INFO - Filling up the DagBag from /opt/airflow/dags/sales_pipeline_dag.py
[2026-05-16T19:46:11.173+0000] {processor.py:840} INFO - DAG(s) 'sales_pipeline' retrieved from /opt/airflow/dags/sales_pipeline_dag.py
[2026-05-16T19:46:11.229+0000] {logging_mixin.py:188} INFO - [2026-05-16T19:46:11.228+0000] {dag.py:3036} INFO - Sync 1 DAGs
[2026-05-16T19:46:11.287+0000] {logging_mixin.py:188} INFO - [2026-05-16T19:46:11.286+0000] {dag.py:3823} INFO - Setting next_dagrun for sales_pipeline to 2026-05-16 00:00:00+00:00, run_after=2026-05-17 00:00:00+00:00
[2026-05-16T19:46:11.359+0000] {processor.py:183} INFO - Processing /opt/airflow/dags/sales_pipeline_dag.py took 2.922 seconds
[2026-05-16T19:46:36.570+0000] {processor.py:161} INFO - Started process (PID=8333) to work on /opt/airflow/dags/sales_pipeline_dag.py
[2026-05-16T19:46:36.573+0000] {processor.py:830} INFO - Processing file /opt/airflow/dags/sales_pipeline_dag.py for tasks to queue
[2026-05-16T19:46:36.579+0000] {logging_mixin.py:188} INFO - [2026-05-16T19:46:36.575+0000] {dagbag.py:538} INFO - Filling up the DagBag from /opt/airflow/dags/sales_pipeline_dag.py
[2026-05-16T19:46:38.189+0000] {processor.py:840} INFO - DAG(s) 'sales_pipeline' retrieved from /opt/airflow/dags/sales_pipeline_dag.py
[2026-05-16T19:46:38.233+0000] {logging_mixin.py:188} INFO - [2026-05-16T19:46:38.233+0000] {dag.py:3036} INFO - Sync 1 DAGs
[2026-05-16T19:46:38.269+0000] {logging_mixin.py:188} INFO - [2026-05-16T19:46:38.269+0000] {dag.py:3823} INFO - Setting next_dagrun for sales_pipeline to 2026-05-16 00:00:00+00:00, run_after=2026-05-17 00:00:00+00:00
[2026-05-16T19:46:38.524+0000] {processor.py:183} INFO - Processing /opt/airflow/dags/sales_pipeline_dag.py took 1.960 seconds
[2026-05-16T19:47:13.116+0000] {processor.py:161} INFO - Started process (PID=8351) to work on /opt/airflow/dags/sales_pipeline_dag.py
[2026-05-16T19:47:13.118+0000] {processor.py:830} INFO - Processing file /opt/airflow/dags/sales_pipeline_dag.py for tasks to queue
[2026-05-16T19:47:13.121+0000] {logging_mixin.py:188} INFO - [2026-05-16T19:47:13.120+0000] {dagbag.py:538} INFO - Filling up the DagBag from /opt/airflow/dags/sales_pipeline_dag.py
[2026-05-16T19:47:14.680+0000] {processor.py:840} INFO - DAG(s) 'sales_pipeline' retrieved from /opt/airflow/dags/sales_pipeline_dag.py
[2026-05-16T19:47:14.730+0000] {logging_mixin.py:188} INFO - [2026-05-16T19:47:14.729+0000] {dag.py:3036} INFO - Sync 1 DAGs
[2026-05-16T19:47:14.779+0000] {logging_mixin.py:188} INFO - [2026-05-16T19:47:14.779+0000] {dag.py:3823} INFO - Setting next_dagrun for sales_pipeline to 2026-05-16 00:00:00+00:00, run_after=2026-05-17 00:00:00+00:00
[2026-05-16T19:47:14.829+0000] {processor.py:183} INFO - Processing /opt/airflow/dags/sales_pipeline_dag.py took 1.719 seconds
[2026-05-16T19:47:53.289+0000] {processor.py:161} INFO - Started process (PID=8367) to work on /opt/airflow/dags/sales_pipeline_dag.py
[2026-05-16T19:47:53.291+0000] {processor.py:830} INFO - Processing file /opt/airflow/dags/sales_pipeline_dag.py for tasks to queue
[2026-05-16T19:47:53.293+0000] {logging_mixin.py:188} INFO - [2026-05-16T19:47:53.292+0000] {dagbag.py:538} INFO - Filling up the DagBag from /opt/airflow/dags/sales_pipeline_dag.py
[2026-05-16T19:47:54.539+0000] {processor.py:840} INFO - DAG(s) 'sales_pipeline' retrieved from /opt/airflow/dags/sales_pipeline_dag.py
[2026-05-16T19:47:54.590+0000] {logging_mixin.py:188} INFO - [2026-05-16T19:47:54.589+0000] {dag.py:3036} INFO - Sync 1 DAGs
[2026-05-16T19:47:54.633+0000] {logging_mixin.py:188} INFO - [2026-05-16T19:47:54.632+0000] {dag.py:3823} INFO - Setting next_dagrun for sales_pipeline to 2026-05-16 00:00:00+00:00, run_after=2026-05-17 00:00:00+00:00
[2026-05-16T19:47:54.679+0000] {processor.py:183} INFO - Processing /opt/airflow/dags/sales_pipeline_dag.py took 1.396 seconds
[2026-05-16T19:48:25.042+0000] {processor.py:161} INFO - Started process (PID=8383) to work on /opt/airflow/dags/sales_pipeline_dag.py
[2026-05-16T19:48:25.044+0000] {processor.py:830} INFO - Processing file /opt/airflow/dags/sales_pipeline_dag.py for tasks to queue
[2026-05-16T19:48:25.046+0000] {logging_mixin.py:188} INFO - [2026-05-16T19:48:25.045+0000] {dagbag.py:538} INFO - Filling up the DagBag from /opt/airflow/dags/sales_pipeline_dag.py
[2026-05-16T19:48:25.851+0000] {processor.py:840} INFO - DAG(s) 'sales_pipeline' retrieved from /opt/airflow/dags/sales_pipeline_dag.py
[2026-05-16T19:48:25.908+0000] {logging_mixin.py:188} INFO - [2026-05-16T19:48:25.907+0000] {dag.py:3036} INFO - Sync 1 DAGs
[2026-05-16T19:48:25.951+0000] {logging_mixin.py:188} INFO - [2026-05-16T19:48:25.951+0000] {dag.py:3823} INFO - Setting next_dagrun for sales_pipeline to 2026-05-16 00:00:00+00:00, run_after=2026-05-17 00:00:00+00:00
[2026-05-16T19:48:25.987+0000] {processor.py:183} INFO - Processing /opt/airflow/dags/sales_pipeline_dag.py took 1.374 seconds
[2026-05-16T19:48:52.889+0000] {processor.py:161} INFO - Started process (PID=8407) to work on /opt/airflow/dags/sales_pipeline_dag.py
[2026-05-16T19:48:52.890+0000] {processor.py:830} INFO - Processing file /opt/airflow/dags/sales_pipeline_dag.py for tasks to queue
[2026-05-16T19:48:52.892+0000] {logging_mixin.py:188} INFO - [2026-05-16T19:48:52.892+0000] {dagbag.py:538} INFO - Filling up the DagBag from /opt/airflow/dags/sales_pipeline_dag.py
[2026-05-16T19:48:54.033+0000] {processor.py:840} INFO - DAG(s) 'sales_pipeline' retrieved from /opt/airflow/dags/sales_pipeline_dag.py
[2026-05-16T19:48:54.085+0000] {logging_mixin.py:188} INFO - [2026-05-16T19:48:54.084+0000] {dag.py:3036} INFO - Sync 1 DAGs
[2026-05-16T19:48:54.125+0000] {logging_mixin.py:188} INFO - [2026-05-16T19:48:54.125+0000] {dag.py:3823} INFO - Setting next_dagrun for sales_pipeline to 2026-05-16 00:00:00+00:00, run_after=2026-05-17 00:00:00+00:00
[2026-05-16T19:48:54.182+0000] {processor.py:183} INFO - Processing /opt/airflow/dags/sales_pipeline_dag.py took 1.298 seconds
[2026-05-16T19:49:24.857+0000] {processor.py:161} INFO - Started process (PID=8425) to work on /opt/airflow/dags/sales_pipeline_dag.py
[2026-05-16T19:49:24.859+0000] {processor.py:830} INFO - Processing file /opt/airflow/dags/sales_pipeline_dag.py for tasks to queue
[2026-05-16T19:49:24.862+0000] {logging_mixin.py:188} INFO - [2026-05-16T19:49:24.861+0000] {dagbag.py:538} INFO - Filling up the DagBag from /opt/airflow/dags/sales_pipeline_dag.py
[2026-05-16T19:49:26.071+0000] {processor.py:840} INFO - DAG(s) 'sales_pipeline' retrieved from /opt/airflow/dags/sales_pipeline_dag.py
[2026-05-16T19:49:26.139+0000] {logging_mixin.py:188} INFO - [2026-05-16T19:49:26.138+0000] {dag.py:3036} INFO - Sync 1 DAGs
[2026-05-16T19:49:26.212+0000] {logging_mixin.py:188} INFO - [2026-05-16T19:49:26.212+0000] {dag.py:3823} INFO - Setting next_dagrun for sales_pipeline to 2026-05-16 00:00:00+00:00, run_after=2026-05-17 00:00:00+00:00
[2026-05-16T19:49:26.256+0000] {processor.py:183} INFO - Processing /opt/airflow/dags/sales_pipeline_dag.py took 1.403 seconds
[2026-05-16T19:49:56.489+0000] {processor.py:161} INFO - Started process (PID=8439) to work on /opt/airflow/dags/sales_pipeline_dag.py
[2026-05-16T19:49:56.492+0000] {processor.py:830} INFO - Processing file /opt/airflow/dags/sales_pipeline_dag.py for tasks to queue
[2026-05-16T19:49:56.495+0000] {logging_mixin.py:188} INFO - [2026-05-16T19:49:56.494+0000] {dagbag.py:538} INFO - Filling up the DagBag from /opt/airflow/dags/sales_pipeline_dag.py
[2026-05-16T19:49:57.434+0000] {processor.py:840} INFO - DAG(s) 'sales_pipeline' retrieved from /opt/airflow/dags/sales_pipeline_dag.py
[2026-05-16T19:49:57.485+0000] {logging_mixin.py:188} INFO - [2026-05-16T19:49:57.484+0000] {dag.py:3036} INFO - Sync 1 DAGs
[2026-05-16T19:49:57.538+0000] {logging_mixin.py:188} INFO - [2026-05-16T19:49:57.538+0000] {dag.py:3823} INFO - Setting next_dagrun for sales_pipeline to 2026-05-16 00:00:00+00:00, run_after=2026-05-17 00:00:00+00:00
[2026-05-16T19:49:57.908+0000] {processor.py:183} INFO - Processing /opt/airflow/dags/sales_pipeline_dag.py took 1.937 seconds
[2026-05-16T19:50:26.302+0000] {processor.py:161} INFO - Started process (PID=8455) to work on /opt/airflow/dags/sales_pipeline_dag.py
[2026-05-16T19:50:26.318+0000] {processor.py:830} INFO - Processing file /opt/airflow/dags/sales_pipeline_dag.py for tasks to queue
[2026-05-16T19:50:26.333+0000] {logging_mixin.py:188} INFO - [2026-05-16T19:50:26.321+0000] {dagbag.py:538} INFO - Filling up the DagBag from /opt/airflow/dags/sales_pipeline_dag.py
[2026-05-16T19:50:28.399+0000] {processor.py:840} INFO - DAG(s) 'sales_pipeline' retrieved from /opt/airflow/dags/sales_pipeline_dag.py
[2026-05-16T19:50:28.455+0000] {logging_mixin.py:188} INFO - [2026-05-16T19:50:28.454+0000] {dag.py:3036} INFO - Sync 1 DAGs
[2026-05-16T19:50:28.511+0000] {logging_mixin.py:188} INFO - [2026-05-16T19:50:28.511+0000] {dag.py:3823} INFO - Setting next_dagrun for sales_pipeline to 2026-05-16 00:00:00+00:00, run_after=2026-05-17 00:00:00+00:00
[2026-05-16T19:50:28.553+0000] {processor.py:183} INFO - Processing /opt/airflow/dags/sales_pipeline_dag.py took 2.262 seconds
[2026-05-16T19:50:58.687+0000] {processor.py:161} INFO - Started process (PID=8473) to work on /opt/airflow/dags/sales_pipeline_dag.py
[2026-05-16T19:50:58.689+0000] {processor.py:830} INFO - Processing file /opt/airflow/dags/sales_pipeline_dag.py for tasks to queue
[2026-05-16T19:50:58.692+0000] {logging_mixin.py:188} INFO - [2026-05-16T19:50:58.691+0000] {dagbag.py:538} INFO - Filling up the DagBag from /opt/airflow/dags/sales_pipeline_dag.py
[2026-05-16T19:50:59.956+0000] {processor.py:840} INFO - DAG(s) 'sales_pipeline' retrieved from /opt/airflow/dags/sales_pipeline_dag.py
[2026-05-16T19:51:00.009+0000] {logging_mixin.py:188} INFO - [2026-05-16T19:51:00.008+0000] {dag.py:3036} INFO - Sync 1 DAGs
[2026-05-16T19:51:00.069+0000] {logging_mixin.py:188} INFO - [2026-05-16T19:51:00.068+0000] {dag.py:3823} INFO - Setting next_dagrun for sales_pipeline to 2026-05-16 00:00:00+00:00, run_after=2026-05-17 00:00:00+00:00
[2026-05-16T19:51:00.118+0000] {processor.py:183} INFO - Processing /opt/airflow/dags/sales_pipeline_dag.py took 1.438 seconds
[2026-05-16T19:51:21.540+0000] {processor.py:161} INFO - Started process (PID=8487) to work on /opt/airflow/dags/sales_pipeline_dag.py
[2026-05-16T19:51:21.542+0000] {processor.py:830} INFO - Processing file /opt/airflow/dags/sales_pipeline_dag.py for tasks to queue
[2026-05-16T19:51:21.544+0000] {logging_mixin.py:188} INFO - [2026-05-16T19:51:21.543+0000] {dagbag.py:538} INFO - Filling up the DagBag from /opt/airflow/dags/sales_pipeline_dag.py
[2026-05-16T19:51:22.573+0000] {processor.py:840} INFO - DAG(s) 'sales_pipeline' retrieved from /opt/airflow/dags/sales_pipeline_dag.py
[2026-05-16T19:51:22.623+0000] {logging_mixin.py:188} INFO - [2026-05-16T19:51:22.623+0000] {dag.py:3036} INFO - Sync 1 DAGs
[2026-05-16T19:51:22.663+0000] {logging_mixin.py:188} INFO - [2026-05-16T19:51:22.663+0000] {dag.py:3823} INFO - Setting next_dagrun for sales_pipeline to 2026-05-16 00:00:00+00:00, run_after=2026-05-17 00:00:00+00:00
[2026-05-16T19:51:22.698+0000] {processor.py:183} INFO - Processing /opt/airflow/dags/sales_pipeline_dag.py took 1.163 seconds
[2026-05-16T19:51:52.891+0000] {processor.py:161} INFO - Started process (PID=8505) to work on /opt/airflow/dags/sales_pipeline_dag.py
[2026-05-16T19:51:52.893+0000] {processor.py:830} INFO - Processing file /opt/airflow/dags/sales_pipeline_dag.py for tasks to queue
[2026-05-16T19:51:52.896+0000] {logging_mixin.py:188} INFO - [2026-05-16T19:51:52.895+0000] {dagbag.py:538} INFO - Filling up the DagBag from /opt/airflow/dags/sales_pipeline_dag.py
[2026-05-16T19:51:54.013+0000] {processor.py:840} INFO - DAG(s) 'sales_pipeline' retrieved from /opt/airflow/dags/sales_pipeline_dag.py
[2026-05-16T19:51:54.057+0000] {logging_mixin.py:188} INFO - [2026-05-16T19:51:54.056+0000] {dag.py:3036} INFO - Sync 1 DAGs
[2026-05-16T19:51:54.096+0000] {logging_mixin.py:188} INFO - [2026-05-16T19:51:54.096+0000] {dag.py:3823} INFO - Setting next_dagrun for sales_pipeline to 2026-05-16 00:00:00+00:00, run_after=2026-05-17 00:00:00+00:00
[2026-05-16T19:51:54.140+0000] {processor.py:183} INFO - Processing /opt/airflow/dags/sales_pipeline_dag.py took 1.254 seconds
[2026-05-16T19:52:24.486+0000] {processor.py:161} INFO - Started process (PID=8521) to work on /opt/airflow/dags/sales_pipeline_dag.py
[2026-05-16T19:52:24.488+0000] {processor.py:830} INFO - Processing file /opt/airflow/dags/sales_pipeline_dag.py for tasks to queue
[2026-05-16T19:52:24.490+0000] {logging_mixin.py:188} INFO - [2026-05-16T19:52:24.490+0000] {dagbag.py:538} INFO - Filling up the DagBag from /opt/airflow/dags/sales_pipeline_dag.py
[2026-05-16T19:52:25.631+0000] {processor.py:840} INFO - DAG(s) 'sales_pipeline' retrieved from /opt/airflow/dags/sales_pipeline_dag.py
[2026-05-16T19:52:25.666+0000] {logging_mixin.py:188} INFO - [2026-05-16T19:52:25.665+0000] {dag.py:3036} INFO - Sync 1 DAGs
[2026-05-16T19:52:25.702+0000] {logging_mixin.py:188} INFO - [2026-05-16T19:52:25.701+0000] {dag.py:3823} INFO - Setting next_dagrun for sales_pipeline to 2026-05-16 00:00:00+00:00, run_after=2026-05-17 00:00:00+00:00
[2026-05-16T19:52:25.737+0000] {processor.py:183} INFO - Processing /opt/airflow/dags/sales_pipeline_dag.py took 1.255 seconds
[2026-05-16T19:52:58.216+0000] {processor.py:161} INFO - Started process (PID=8537) to work on /opt/airflow/dags/sales_pipeline_dag.py
[2026-05-16T19:52:58.218+0000] {processor.py:830} INFO - Processing file /opt/airflow/dags/sales_pipeline_dag.py for tasks to queue
[2026-05-16T19:52:58.221+0000] {logging_mixin.py:188} INFO - [2026-05-16T19:52:58.220+0000] {dagbag.py:538} INFO - Filling up the DagBag from /opt/airflow/dags/sales_pipeline_dag.py
[2026-05-16T19:52:47.486+0000] {processor.py:840} INFO - DAG(s) 'sales_pipeline' retrieved from /opt/airflow/dags/sales_pipeline_dag.py
[2026-05-16T19:52:47.528+0000] {logging_mixin.py:188} INFO - [2026-05-16T19:52:47.528+0000] {dag.py:3036} INFO - Sync 1 DAGs
[2026-05-16T19:52:47.561+0000] {logging_mixin.py:188} INFO - [2026-05-16T19:52:47.561+0000] {dag.py:3823} INFO - Setting next_dagrun for sales_pipeline to 2026-05-16 00:00:00+00:00, run_after=2026-05-17 00:00:00+00:00
[2026-05-16T19:52:47.595+0000] {processor.py:183} INFO - Processing /opt/airflow/dags/sales_pipeline_dag.py took 1.138 seconds
[2026-05-16T19:53:18.233+0000] {processor.py:161} INFO - Started process (PID=8553) to work on /opt/airflow/dags/sales_pipeline_dag.py
[2026-05-16T19:53:18.235+0000] {processor.py:830} INFO - Processing file /opt/airflow/dags/sales_pipeline_dag.py for tasks to queue
[2026-05-16T19:53:18.237+0000] {logging_mixin.py:188} INFO - [2026-05-16T19:53:18.236+0000] {dagbag.py:538} INFO - Filling up the DagBag from /opt/airflow/dags/sales_pipeline_dag.py
[2026-05-16T19:53:07.497+0000] {processor.py:840} INFO - DAG(s) 'sales_pipeline' retrieved from /opt/airflow/dags/sales_pipeline_dag.py
[2026-05-16T19:53:07.536+0000] {logging_mixin.py:188} INFO - [2026-05-16T19:53:07.535+0000] {dag.py:3036} INFO - Sync 1 DAGs
[2026-05-16T19:53:07.571+0000] {logging_mixin.py:188} INFO - [2026-05-16T19:53:07.571+0000] {dag.py:3823} INFO - Setting next_dagrun for sales_pipeline to 2026-05-16 00:00:00+00:00, run_after=2026-05-17 00:00:00+00:00
[2026-05-16T19:53:07.604+0000] {processor.py:183} INFO - Processing /opt/airflow/dags/sales_pipeline_dag.py took 1.129 seconds
[2026-05-16T19:53:38.080+0000] {processor.py:161} INFO - Started process (PID=8569) to work on /opt/airflow/dags/sales_pipeline_dag.py
[2026-05-16T19:53:38.081+0000] {processor.py:830} INFO - Processing file /opt/airflow/dags/sales_pipeline_dag.py for tasks to queue
[2026-05-16T19:53:38.083+0000] {logging_mixin.py:188} INFO - [2026-05-16T19:53:38.083+0000] {dagbag.py:538} INFO - Filling up the DagBag from /opt/airflow/dags/sales_pipeline_dag.py
[2026-05-16T19:53:27.330+0000] {processor.py:840} INFO - DAG(s) 'sales_pipeline' retrieved from /opt/airflow/dags/sales_pipeline_dag.py
[2026-05-16T19:53:27.370+0000] {logging_mixin.py:188} INFO - [2026-05-16T19:53:27.369+0000] {dag.py:3036} INFO - Sync 1 DAGs
[2026-05-16T19:53:27.414+0000] {logging_mixin.py:188} INFO - [2026-05-16T19:53:27.414+0000] {dag.py:3823} INFO - Setting next_dagrun for sales_pipeline to 2026-05-16 00:00:00+00:00, run_after=2026-05-17 00:00:00+00:00
[2026-05-16T19:53:27.453+0000] {processor.py:183} INFO - Processing /opt/airflow/dags/sales_pipeline_dag.py took 1.148 seconds
[2026-05-16T19:53:58.957+0000] {processor.py:161} INFO - Started process (PID=8575) to work on /opt/airflow/dags/sales_pipeline_dag.py
[2026-05-16T19:53:58.959+0000] {processor.py:830} INFO - Processing file /opt/airflow/dags/sales_pipeline_dag.py for tasks to queue
[2026-05-16T19:53:58.960+0000] {logging_mixin.py:188} INFO - [2026-05-16T19:53:58.960+0000] {dagbag.py:538} INFO - Filling up the DagBag from /opt/airflow/dags/sales_pipeline_dag.py
[2026-05-16T19:54:00.068+0000] {processor.py:840} INFO - DAG(s) 'sales_pipeline' retrieved from /opt/airflow/dags/sales_pipeline_dag.py
[2026-05-16T19:54:00.111+0000] {logging_mixin.py:188} INFO - [2026-05-16T19:54:00.110+0000] {dag.py:3036} INFO - Sync 1 DAGs
[2026-05-16T19:54:00.147+0000] {logging_mixin.py:188} INFO - [2026-05-16T19:54:00.146+0000] {dag.py:3823} INFO - Setting next_dagrun for sales_pipeline to 2026-05-16 00:00:00+00:00, run_after=2026-05-17 00:00:00+00:00
[2026-05-16T19:54:00.180+0000] {processor.py:183} INFO - Processing /opt/airflow/dags/sales_pipeline_dag.py took 1.227 seconds
[2026-05-16T19:54:30.439+0000] {processor.py:161} INFO - Started process (PID=8591) to work on /opt/airflow/dags/sales_pipeline_dag.py
[2026-05-16T19:54:30.440+0000] {processor.py:830} INFO - Processing file /opt/airflow/dags/sales_pipeline_dag.py for tasks to queue
[2026-05-16T19:54:30.442+0000] {logging_mixin.py:188} INFO - [2026-05-16T19:54:30.442+0000] {dagbag.py:538} INFO - Filling up the DagBag from /opt/airflow/dags/sales_pipeline_dag.py
[2026-05-16T19:54:31.390+0000] {processor.py:840} INFO - DAG(s) 'sales_pipeline' retrieved from /opt/airflow/dags/sales_pipeline_dag.py
[2026-05-16T19:54:31.430+0000] {logging_mixin.py:188} INFO - [2026-05-16T19:54:31.429+0000] {dag.py:3036} INFO - Sync 1 DAGs
[2026-05-16T19:54:31.466+0000] {logging_mixin.py:188} INFO - [2026-05-16T19:54:31.466+0000] {dag.py:3823} INFO - Setting next_dagrun for sales_pipeline to 2026-05-16 00:00:00+00:00, run_after=2026-05-17 00:00:00+00:00
[2026-05-16T19:54:31.504+0000] {processor.py:183} INFO - Processing /opt/airflow/dags/sales_pipeline_dag.py took 1.069 seconds
[2026-05-16T19:55:13.396+0000] {processor.py:161} INFO - Started process (PID=8607) to work on /opt/airflow/dags/sales_pipeline_dag.py
[2026-05-16T19:55:13.398+0000] {processor.py:830} INFO - Processing file /opt/airflow/dags/sales_pipeline_dag.py for tasks to queue
[2026-05-16T19:55:13.401+0000] {logging_mixin.py:188} INFO - [2026-05-16T19:55:13.400+0000] {dagbag.py:538} INFO - Filling up the DagBag from /opt/airflow/dags/sales_pipeline_dag.py
[2026-05-16T19:55:14.439+0000] {processor.py:840} INFO - DAG(s) 'sales_pipeline' retrieved from /opt/airflow/dags/sales_pipeline_dag.py
[2026-05-16T19:55:14.483+0000] {logging_mixin.py:188} INFO - [2026-05-16T19:55:14.482+0000] {dag.py:3036} INFO - Sync 1 DAGs
[2026-05-16T19:55:14.519+0000] {logging_mixin.py:188} INFO - [2026-05-16T19:55:14.519+0000] {dag.py:3823} INFO - Setting next_dagrun for sales_pipeline to 2026-05-16 00:00:00+00:00, run_after=2026-05-17 00:00:00+00:00
[2026-05-16T19:55:14.560+0000] {processor.py:183} INFO - Processing /opt/airflow/dags/sales_pipeline_dag.py took 1.168 seconds
[2026-05-16T19:55:45.728+0000] {processor.py:161} INFO - Started process (PID=8631) to work on /opt/airflow/dags/sales_pipeline_dag.py
[2026-05-16T19:55:45.730+0000] {processor.py:830} INFO - Processing file /opt/airflow/dags/sales_pipeline_dag.py for tasks to queue
[2026-05-16T19:55:45.732+0000] {logging_mixin.py:188} INFO - [2026-05-16T19:55:45.732+0000] {dagbag.py:538} INFO - Filling up the DagBag from /opt/airflow/dags/sales_pipeline_dag.py
[2026-05-16T19:55:58.505+0000] {processor.py:840} INFO - DAG(s) 'sales_pipeline' retrieved from /opt/airflow/dags/sales_pipeline_dag.py
[2026-05-16T19:55:58.544+0000] {logging_mixin.py:188} INFO - [2026-05-16T19:55:58.543+0000] {dag.py:3036} INFO - Sync 1 DAGs
[2026-05-16T19:55:46.826+0000] {logging_mixin.py:188} INFO - [2026-05-16T19:55:46.826+0000] {dag.py:3823} INFO - Setting next_dagrun for sales_pipeline to 2026-05-16 00:00:00+00:00, run_after=2026-05-17 00:00:00+00:00
[2026-05-16T19:55:46.877+0000] {processor.py:183} INFO - Processing /opt/airflow/dags/sales_pipeline_dag.py took 1.159 seconds
[2026-05-16T19:56:17.092+0000] {processor.py:161} INFO - Started process (PID=8649) to work on /opt/airflow/dags/sales_pipeline_dag.py
[2026-05-16T19:56:17.094+0000] {processor.py:830} INFO - Processing file /opt/airflow/dags/sales_pipeline_dag.py for tasks to queue
[2026-05-16T19:56:17.096+0000] {logging_mixin.py:188} INFO - [2026-05-16T19:56:17.096+0000] {dagbag.py:538} INFO - Filling up the DagBag from /opt/airflow/dags/sales_pipeline_dag.py
[2026-05-16T19:56:18.209+0000] {processor.py:840} INFO - DAG(s) 'sales_pipeline' retrieved from /opt/airflow/dags/sales_pipeline_dag.py
[2026-05-16T19:56:18.259+0000] {logging_mixin.py:188} INFO - [2026-05-16T19:56:18.258+0000] {dag.py:3036} INFO - Sync 1 DAGs
[2026-05-16T19:56:18.298+0000] {logging_mixin.py:188} INFO - [2026-05-16T19:56:18.298+0000] {dag.py:3823} INFO - Setting next_dagrun for sales_pipeline to 2026-05-16 00:00:00+00:00, run_after=2026-05-17 00:00:00+00:00
[2026-05-16T19:56:18.342+0000] {processor.py:183} INFO - Processing /opt/airflow/dags/sales_pipeline_dag.py took 1.255 seconds
[2026-05-16T19:56:37.103+0000] {processor.py:161} INFO - Started process (PID=8663) to work on /opt/airflow/dags/sales_pipeline_dag.py
[2026-05-16T19:56:37.105+0000] {processor.py:830} INFO - Processing file /opt/airflow/dags/sales_pipeline_dag.py for tasks to queue
[2026-05-16T19:56:37.107+0000] {logging_mixin.py:188} INFO - [2026-05-16T19:56:37.106+0000] {dagbag.py:538} INFO - Filling up the DagBag from /opt/airflow/dags/sales_pipeline_dag.py
[2026-05-16T19:56:38.154+0000] {processor.py:840} INFO - DAG(s) 'sales_pipeline' retrieved from /opt/airflow/dags/sales_pipeline_dag.py
[2026-05-16T19:56:38.205+0000] {logging_mixin.py:188} INFO - [2026-05-16T19:56:38.204+0000] {dag.py:3036} INFO - Sync 1 DAGs
[2026-05-16T19:56:38.244+0000] {logging_mixin.py:188} INFO - [2026-05-16T19:56:38.243+0000] {dag.py:3823} INFO - Setting next_dagrun for sales_pipeline to 2026-05-16 00:00:00+00:00, run_after=2026-05-17 00:00:00+00:00
[2026-05-16T19:56:38.279+0000] {processor.py:183} INFO - Processing /opt/airflow/dags/sales_pipeline_dag.py took 1.181 seconds
[2026-05-16T19:57:08.872+0000] {processor.py:161} INFO - Started process (PID=8681) to work on /opt/airflow/dags/sales_pipeline_dag.py
[2026-05-16T19:57:08.874+0000] {processor.py:830} INFO - Processing file /opt/airflow/dags/sales_pipeline_dag.py for tasks to queue
[2026-05-16T19:57:08.876+0000] {logging_mixin.py:188} INFO - [2026-05-16T19:57:08.875+0000] {dagbag.py:538} INFO - Filling up the DagBag from /opt/airflow/dags/sales_pipeline_dag.py
[2026-05-16T19:57:09.945+0000] {processor.py:840} INFO - DAG(s) 'sales_pipeline' retrieved from /opt/airflow/dags/sales_pipeline_dag.py
[2026-05-16T19:57:09.991+0000] {logging_mixin.py:188} INFO - [2026-05-16T19:57:09.990+0000] {dag.py:3036} INFO - Sync 1 DAGs
[2026-05-16T19:57:10.030+0000] {logging_mixin.py:188} INFO - [2026-05-16T19:57:10.030+0000] {dag.py:3823} INFO - Setting next_dagrun for sales_pipeline to 2026-05-16 00:00:00+00:00, run_after=2026-05-17 00:00:00+00:00
[2026-05-16T19:57:10.068+0000] {processor.py:183} INFO - Processing /opt/airflow/dags/sales_pipeline_dag.py took 1.199 seconds
[2026-05-16T19:57:39.365+0000] {processor.py:161} INFO - Started process (PID=8697) to work on /opt/airflow/dags/sales_pipeline_dag.py
[2026-05-16T19:57:39.367+0000] {processor.py:830} INFO - Processing file /opt/airflow/dags/sales_pipeline_dag.py for tasks to queue
[2026-05-16T19:57:39.369+0000] {logging_mixin.py:188} INFO - [2026-05-16T19:57:39.368+0000] {dagbag.py:538} INFO - Filling up the DagBag from /opt/airflow/dags/sales_pipeline_dag.py
[2026-05-16T19:57:40.390+0000] {processor.py:840} INFO - DAG(s) 'sales_pipeline' retrieved from /opt/airflow/dags/sales_pipeline_dag.py
[2026-05-16T19:57:40.423+0000] {logging_mixin.py:188} INFO - [2026-05-16T19:57:40.423+0000] {dag.py:3036} INFO - Sync 1 DAGs
[2026-05-16T19:57:40.455+0000] {logging_mixin.py:188} INFO - [2026-05-16T19:57:40.455+0000] {dag.py:3823} INFO - Setting next_dagrun for sales_pipeline to 2026-05-16 00:00:00+00:00, run_after=2026-05-17 00:00:00+00:00
[2026-05-16T19:57:40.487+0000] {processor.py:183} INFO - Processing /opt/airflow/dags/sales_pipeline_dag.py took 1.127 seconds
[2026-05-16T19:58:10.779+0000] {processor.py:161} INFO - Started process (PID=8708) to work on /opt/airflow/dags/sales_pipeline_dag.py
[2026-05-16T19:58:10.781+0000] {processor.py:830} INFO - Processing file /opt/airflow/dags/sales_pipeline_dag.py for tasks to queue
[2026-05-16T19:58:10.783+0000] {logging_mixin.py:188} INFO - [2026-05-16T19:58:10.782+0000] {dagbag.py:538} INFO - Filling up the DagBag from /opt/airflow/dags/sales_pipeline_dag.py
[2026-05-16T19:58:11.720+0000] {processor.py:840} INFO - DAG(s) 'sales_pipeline' retrieved from /opt/airflow/dags/sales_pipeline_dag.py
[2026-05-16T19:58:11.764+0000] {logging_mixin.py:188} INFO - [2026-05-16T19:58:11.764+0000] {dag.py:3036} INFO - Sync 1 DAGs
[2026-05-16T19:58:11.814+0000] {logging_mixin.py:188} INFO - [2026-05-16T19:58:11.814+0000] {dag.py:3823} INFO - Setting next_dagrun for sales_pipeline to 2026-05-16 00:00:00+00:00, run_after=2026-05-17 00:00:00+00:00
[2026-05-16T19:58:11.854+0000] {processor.py:183} INFO - Processing /opt/airflow/dags/sales_pipeline_dag.py took 1.079 seconds
[2026-05-16T19:58:39.634+0000] {processor.py:161} INFO - Started process (PID=8727) to work on /opt/airflow/dags/sales_pipeline_dag.py
[2026-05-16T19:58:39.636+0000] {processor.py:830} INFO - Processing file /opt/airflow/dags/sales_pipeline_dag.py for tasks to queue
[2026-05-16T19:58:39.637+0000] {logging_mixin.py:188} INFO - [2026-05-16T19:58:39.637+0000] {dagbag.py:538} INFO - Filling up the DagBag from /opt/airflow/dags/sales_pipeline_dag.py
[2026-05-16T19:58:40.604+0000] {processor.py:840} INFO - DAG(s) 'sales_pipeline' retrieved from /opt/airflow/dags/sales_pipeline_dag.py
[2026-05-16T19:58:40.665+0000] {logging_mixin.py:188} INFO - [2026-05-16T19:58:40.664+0000] {dag.py:3036} INFO - Sync 1 DAGs
[2026-05-16T19:58:40.744+0000] {logging_mixin.py:188} INFO - [2026-05-16T19:58:40.743+0000] {dag.py:3823} INFO - Setting next_dagrun for sales_pipeline to 2026-05-16 00:00:00+00:00, run_after=2026-05-17 00:00:00+00:00
[2026-05-16T19:58:40.783+0000] {processor.py:183} INFO - Processing /opt/airflow/dags/sales_pipeline_dag.py took 1.153 seconds
[2026-05-16T19:59:11.276+0000] {processor.py:161} INFO - Started process (PID=8745) to work on /opt/airflow/dags/sales_pipeline_dag.py
[2026-05-16T19:59:11.278+0000] {processor.py:830} INFO - Processing file /opt/airflow/dags/sales_pipeline_dag.py for tasks to queue
[2026-05-16T19:59:11.280+0000] {logging_mixin.py:188} INFO - [2026-05-16T19:59:11.279+0000] {dagbag.py:538} INFO - Filling up the DagBag from /opt/airflow/dags/sales_pipeline_dag.py
[2026-05-16T19:59:12.333+0000] {processor.py:840} INFO - DAG(s) 'sales_pipeline' retrieved from /opt/airflow/dags/sales_pipeline_dag.py
[2026-05-16T19:59:12.377+0000] {logging_mixin.py:188} INFO - [2026-05-16T19:59:12.377+0000] {dag.py:3036} INFO - Sync 1 DAGs
[2026-05-16T19:59:12.424+0000] {logging_mixin.py:188} INFO - [2026-05-16T19:59:12.424+0000] {dag.py:3823} INFO - Setting next_dagrun for sales_pipeline to 2026-05-16 00:00:00+00:00, run_after=2026-05-17 00:00:00+00:00
[2026-05-16T19:59:12.466+0000] {processor.py:183} INFO - Processing /opt/airflow/dags/sales_pipeline_dag.py took 1.207 seconds
[2026-05-16T19:59:32.446+0000] {processor.py:161} INFO - Started process (PID=8759) to work on /opt/airflow/dags/sales_pipeline_dag.py
[2026-05-16T19:59:32.447+0000] {processor.py:830} INFO - Processing file /opt/airflow/dags/sales_pipeline_dag.py for tasks to queue
[2026-05-16T19:59:32.452+0000] {logging_mixin.py:188} INFO - [2026-05-16T19:59:32.451+0000] {dagbag.py:538} INFO - Filling up the DagBag from /opt/airflow/dags/sales_pipeline_dag.py
[2026-05-16T19:59:33.508+0000] {processor.py:840} INFO - DAG(s) 'sales_pipeline' retrieved from /opt/airflow/dags/sales_pipeline_dag.py
[2026-05-16T19:59:33.558+0000] {logging_mixin.py:188} INFO - [2026-05-16T19:59:33.557+0000] {dag.py:3036} INFO - Sync 1 DAGs
[2026-05-16T19:59:33.595+0000] {logging_mixin.py:188} INFO - [2026-05-16T19:59:33.595+0000] {dag.py:3823} INFO - Setting next_dagrun for sales_pipeline to 2026-05-16 00:00:00+00:00, run_after=2026-05-17 00:00:00+00:00
[2026-05-16T19:59:33.640+0000] {processor.py:183} INFO - Processing /opt/airflow/dags/sales_pipeline_dag.py took 1.200 seconds
[2026-05-16T20:00:04.474+0000] {processor.py:161} INFO - Started process (PID=8777) to work on /opt/airflow/dags/sales_pipeline_dag.py
[2026-05-16T20:00:04.476+0000] {processor.py:830} INFO - Processing file /opt/airflow/dags/sales_pipeline_dag.py for tasks to queue
[2026-05-16T20:00:04.478+0000] {logging_mixin.py:188} INFO - [2026-05-16T20:00:04.477+0000] {dagbag.py:538} INFO - Filling up the DagBag from /opt/airflow/dags/sales_pipeline_dag.py
[2026-05-16T20:00:05.477+0000] {processor.py:840} INFO - DAG(s) 'sales_pipeline' retrieved from /opt/airflow/dags/sales_pipeline_dag.py
[2026-05-16T20:00:05.519+0000] {logging_mixin.py:188} INFO - [2026-05-16T20:00:05.519+0000] {dag.py:3036} INFO - Sync 1 DAGs
[2026-05-16T20:00:05.552+0000] {logging_mixin.py:188} INFO - [2026-05-16T20:00:05.551+0000] {dag.py:3823} INFO - Setting next_dagrun for sales_pipeline to 2026-05-16 00:00:00+00:00, run_after=2026-05-17 00:00:00+00:00
[2026-05-16T20:00:05.585+0000] {processor.py:183} INFO - Processing /opt/airflow/dags/sales_pipeline_dag.py took 1.115 seconds
[2026-05-16T20:00:35.893+0000] {processor.py:161} INFO - Started process (PID=8793) to work on /opt/airflow/dags/sales_pipeline_dag.py
[2026-05-16T20:00:35.895+0000] {processor.py:830} INFO - Processing file /opt/airflow/dags/sales_pipeline_dag.py for tasks to queue
[2026-05-16T20:00:35.897+0000] {logging_mixin.py:188} INFO - [2026-05-16T20:00:35.896+0000] {dagbag.py:538} INFO - Filling up the DagBag from /opt/airflow/dags/sales_pipeline_dag.py
[2026-05-16T20:00:36.769+0000] {processor.py:840} INFO - DAG(s) 'sales_pipeline' retrieved from /opt/airflow/dags/sales_pipeline_dag.py
[2026-05-16T20:00:36.806+0000] {logging_mixin.py:188} INFO - [2026-05-16T20:00:36.805+0000] {dag.py:3036} INFO - Sync 1 DAGs
[2026-05-16T20:00:36.836+0000] {logging_mixin.py:188} INFO - [2026-05-16T20:00:36.835+0000] {dag.py:3823} INFO - Setting next_dagrun for sales_pipeline to 2026-05-16 00:00:00+00:00, run_after=2026-05-17 00:00:00+00:00
[2026-05-16T20:00:36.866+0000] {processor.py:183} INFO - Processing /opt/airflow/dags/sales_pipeline_dag.py took 0.977 seconds
[2026-05-16T20:01:07.619+0000] {processor.py:161} INFO - Started process (PID=8809) to work on /opt/airflow/dags/sales_pipeline_dag.py
[2026-05-16T20:01:07.621+0000] {processor.py:830} INFO - Processing file /opt/airflow/dags/sales_pipeline_dag.py for tasks to queue
[2026-05-16T20:01:07.623+0000] {logging_mixin.py:188} INFO - [2026-05-16T20:01:07.622+0000] {dagbag.py:538} INFO - Filling up the DagBag from /opt/airflow/dags/sales_pipeline_dag.py
[2026-05-16T20:01:08.549+0000] {processor.py:840} INFO - DAG(s) 'sales_pipeline' retrieved from /opt/airflow/dags/sales_pipeline_dag.py
[2026-05-16T20:01:08.584+0000] {logging_mixin.py:188} INFO - [2026-05-16T20:01:08.584+0000] {dag.py:3036} INFO - Sync 1 DAGs
[2026-05-16T20:01:08.616+0000] {logging_mixin.py:188} INFO - [2026-05-16T20:01:08.616+0000] {dag.py:3823} INFO - Setting next_dagrun for sales_pipeline to 2026-05-16 00:00:00+00:00, run_after=2026-05-17 00:00:00+00:00
[2026-05-16T20:01:08.647+0000] {processor.py:183} INFO - Processing /opt/airflow/dags/sales_pipeline_dag.py took 1.032 seconds
[2026-05-16T20:01:39.141+0000] {processor.py:161} INFO - Started process (PID=8825) to work on /opt/airflow/dags/sales_pipeline_dag.py
[2026-05-16T20:01:39.143+0000] {processor.py:830} INFO - Processing file /opt/airflow/dags/sales_pipeline_dag.py for tasks to queue
[2026-05-16T20:01:39.145+0000] {logging_mixin.py:188} INFO - [2026-05-16T20:01:39.144+0000] {dagbag.py:538} INFO - Filling up the DagBag from /opt/airflow/dags/sales_pipeline_dag.py
[2026-05-16T20:01:40.110+0000] {processor.py:840} INFO - DAG(s) 'sales_pipeline' retrieved from /opt/airflow/dags/sales_pipeline_dag.py
[2026-05-16T20:01:40.153+0000] {logging_mixin.py:188} INFO - [2026-05-16T20:01:40.152+0000] {dag.py:3036} INFO - Sync 1 DAGs
[2026-05-16T20:01:40.198+0000] {logging_mixin.py:188} INFO - [2026-05-16T20:01:40.197+0000] {dag.py:3823} INFO - Setting next_dagrun for sales_pipeline to 2026-05-16 00:00:00+00:00, run_after=2026-05-17 00:00:00+00:00
[2026-05-16T20:01:40.234+0000] {processor.py:183} INFO - Processing /opt/airflow/dags/sales_pipeline_dag.py took 1.097 seconds
[2026-05-16T20:02:10.527+0000] {processor.py:161} INFO - Started process (PID=8841) to work on /opt/airflow/dags/sales_pipeline_dag.py
[2026-05-16T20:02:10.530+0000] {processor.py:830} INFO - Processing file /opt/airflow/dags/sales_pipeline_dag.py for tasks to queue
[2026-05-16T20:02:10.532+0000] {logging_mixin.py:188} INFO - [2026-05-16T20:02:10.531+0000] {dagbag.py:538} INFO - Filling up the DagBag from /opt/airflow/dags/sales_pipeline_dag.py
[2026-05-16T20:02:11.620+0000] {processor.py:840} INFO - DAG(s) 'sales_pipeline' retrieved from /opt/airflow/dags/sales_pipeline_dag.py
[2026-05-16T20:02:11.659+0000] {logging_mixin.py:188} INFO - [2026-05-16T20:02:11.659+0000] {dag.py:3036} INFO - Sync 1 DAGs
[2026-05-16T20:02:11.714+0000] {logging_mixin.py:188} INFO - [2026-05-16T20:02:11.713+0000] {dag.py:3823} INFO - Setting next_dagrun for sales_pipeline to 2026-05-16 00:00:00+00:00, run_after=2026-05-17 00:00:00+00:00
[2026-05-16T20:02:11.756+0000] {processor.py:183} INFO - Processing /opt/airflow/dags/sales_pipeline_dag.py took 1.233 seconds
[2026-05-16T20:02:37.437+0000] {processor.py:161} INFO - Started process (PID=8855) to work on /opt/airflow/dags/sales_pipeline_dag.py
[2026-05-16T20:02:37.439+0000] {processor.py:830} INFO - Processing file /opt/airflow/dags/sales_pipeline_dag.py for tasks to queue
[2026-05-16T20:02:37.441+0000] {logging_mixin.py:188} INFO - [2026-05-16T20:02:37.440+0000] {dagbag.py:538} INFO - Filling up the DagBag from /opt/airflow/dags/sales_pipeline_dag.py
[2026-05-16T20:02:38.421+0000] {processor.py:840} INFO - DAG(s) 'sales_pipeline' retrieved from /opt/airflow/dags/sales_pipeline_dag.py
[2026-05-16T20:02:38.458+0000] {logging_mixin.py:188} INFO - [2026-05-16T20:02:38.457+0000] {dag.py:3036} INFO - Sync 1 DAGs
[2026-05-16T20:02:38.494+0000] {logging_mixin.py:188} INFO - [2026-05-16T20:02:38.494+0000] {dag.py:3823} INFO - Setting next_dagrun for sales_pipeline to 2026-05-16 00:00:00+00:00, run_after=2026-05-17 00:00:00+00:00
[2026-05-16T20:02:38.542+0000] {processor.py:183} INFO - Processing /opt/airflow/dags/sales_pipeline_dag.py took 1.112 seconds
[2026-05-16T20:03:07.508+0000] {processor.py:161} INFO - Started process (PID=8871) to work on /opt/airflow/dags/sales_pipeline_dag.py
[2026-05-16T20:03:07.509+0000] {processor.py:830} INFO - Processing file /opt/airflow/dags/sales_pipeline_dag.py for tasks to queue
[2026-05-16T20:03:07.511+0000] {logging_mixin.py:188} INFO - [2026-05-16T20:03:07.511+0000] {dagbag.py:538} INFO - Filling up the DagBag from /opt/airflow/dags/sales_pipeline_dag.py
[2026-05-16T20:03:08.583+0000] {processor.py:840} INFO - DAG(s) 'sales_pipeline' retrieved from /opt/airflow/dags/sales_pipeline_dag.py
[2026-05-16T20:03:08.620+0000] {logging_mixin.py:188} INFO - [2026-05-16T20:03:08.619+0000] {dag.py:3036} INFO - Sync 1 DAGs
[2026-05-16T20:03:08.653+0000] {logging_mixin.py:188} INFO - [2026-05-16T20:03:08.652+0000] {dag.py:3823} INFO - Setting next_dagrun for sales_pipeline to 2026-05-16 00:00:00+00:00, run_after=2026-05-17 00:00:00+00:00
[2026-05-16T20:03:08.685+0000] {processor.py:183} INFO - Processing /opt/airflow/dags/sales_pipeline_dag.py took 1.182 seconds
[2026-05-16T20:03:38.975+0000] {processor.py:161} INFO - Started process (PID=8889) to work on /opt/airflow/dags/sales_pipeline_dag.py
[2026-05-16T20:03:38.977+0000] {processor.py:830} INFO - Processing file /opt/airflow/dags/sales_pipeline_dag.py for tasks to queue
[2026-05-16T20:03:38.981+0000] {logging_mixin.py:188} INFO - [2026-05-16T20:03:38.980+0000] {dagbag.py:538} INFO - Filling up the DagBag from /opt/airflow/dags/sales_pipeline_dag.py
[2026-05-16T20:03:40.203+0000] {processor.py:840} INFO - DAG(s) 'sales_pipeline' retrieved from /opt/airflow/dags/sales_pipeline_dag.py
[2026-05-16T20:03:40.252+0000] {logging_mixin.py:188} INFO - [2026-05-16T20:03:40.251+0000] {dag.py:3036} INFO - Sync 1 DAGs
[2026-05-16T20:03:40.310+0000] {logging_mixin.py:188} INFO - [2026-05-16T20:03:40.310+0000] {dag.py:3823} INFO - Setting next_dagrun for sales_pipeline to 2026-05-16 00:00:00+00:00, run_after=2026-05-17 00:00:00+00:00
[2026-05-16T20:03:40.364+0000] {processor.py:183} INFO - Processing /opt/airflow/dags/sales_pipeline_dag.py took 1.395 seconds
[2026-05-16T20:04:07.763+0000] {processor.py:161} INFO - Started process (PID=8908) to work on /opt/airflow/dags/sales_pipeline_dag.py
[2026-05-16T20:04:07.766+0000] {processor.py:830} INFO - Processing file /opt/airflow/dags/sales_pipeline_dag.py for tasks to queue
[2026-05-16T20:04:07.770+0000] {logging_mixin.py:188} INFO - [2026-05-16T20:04:07.770+0000] {dagbag.py:538} INFO - Filling up the DagBag from /opt/airflow/dags/sales_pipeline_dag.py
[2026-05-16T20:04:08.769+0000] {processor.py:840} INFO - DAG(s) 'sales_pipeline' retrieved from /opt/airflow/dags/sales_pipeline_dag.py
[2026-05-16T20:04:08.807+0000] {logging_mixin.py:188} INFO - [2026-05-16T20:04:08.806+0000] {dag.py:3036} INFO - Sync 1 DAGs
[2026-05-16T20:04:08.845+0000] {logging_mixin.py:188} INFO - [2026-05-16T20:04:08.845+0000] {dag.py:3823} INFO - Setting next_dagrun for sales_pipeline to 2026-05-16 00:00:00+00:00, run_after=2026-05-17 00:00:00+00:00
[2026-05-16T20:04:08.876+0000] {processor.py:183} INFO - Processing /opt/airflow/dags/sales_pipeline_dag.py took 1.118 seconds
[2026-05-16T20:04:38.041+0000] {processor.py:161} INFO - Started process (PID=8924) to work on /opt/airflow/dags/sales_pipeline_dag.py
[2026-05-16T20:04:38.045+0000] {processor.py:830} INFO - Processing file /opt/airflow/dags/sales_pipeline_dag.py for tasks to queue
[2026-05-16T20:04:38.047+0000] {logging_mixin.py:188} INFO - [2026-05-16T20:04:38.046+0000] {dagbag.py:538} INFO - Filling up the DagBag from /opt/airflow/dags/sales_pipeline_dag.py
[2026-05-16T20:04:39.767+0000] {processor.py:840} INFO - DAG(s) 'sales_pipeline' retrieved from /opt/airflow/dags/sales_pipeline_dag.py
[2026-05-16T20:04:39.810+0000] {logging_mixin.py:188} INFO - [2026-05-16T20:04:39.809+0000] {dag.py:3036} INFO - Sync 1 DAGs
[2026-05-16T20:04:39.858+0000] {logging_mixin.py:188} INFO - [2026-05-16T20:04:39.858+0000] {dag.py:3823} INFO - Setting next_dagrun for sales_pipeline to 2026-05-16 00:00:00+00:00, run_after=2026-05-17 00:00:00+00:00
[2026-05-16T20:04:39.899+0000] {processor.py:183} INFO - Processing /opt/airflow/dags/sales_pipeline_dag.py took 1.857 seconds
[2026-05-16T20:05:10.502+0000] {processor.py:161} INFO - Started process (PID=8942) to work on /opt/airflow/dags/sales_pipeline_dag.py
[2026-05-16T20:05:10.503+0000] {processor.py:830} INFO - Processing file /opt/airflow/dags/sales_pipeline_dag.py for tasks to queue
[2026-05-16T20:05:10.505+0000] {logging_mixin.py:188} INFO - [2026-05-16T20:05:10.505+0000] {dagbag.py:538} INFO - Filling up the DagBag from /opt/airflow/dags/sales_pipeline_dag.py
[2026-05-16T20:05:11.448+0000] {processor.py:840} INFO - DAG(s) 'sales_pipeline' retrieved from /opt/airflow/dags/sales_pipeline_dag.py
[2026-05-16T20:05:11.490+0000] {logging_mixin.py:188} INFO - [2026-05-16T20:05:11.490+0000] {dag.py:3036} INFO - Sync 1 DAGs
[2026-05-16T20:05:11.525+0000] {logging_mixin.py:188} INFO - [2026-05-16T20:05:11.524+0000] {dag.py:3823} INFO - Setting next_dagrun for sales_pipeline to 2026-05-16 00:00:00+00:00, run_after=2026-05-17 00:00:00+00:00
[2026-05-16T20:05:11.559+0000] {processor.py:183} INFO - Processing /opt/airflow/dags/sales_pipeline_dag.py took 1.062 seconds
[2026-05-16T20:05:44.396+0000] {processor.py:161} INFO - Started process (PID=8958) to work on /opt/airflow/dags/sales_pipeline_dag.py
[2026-05-16T20:05:44.398+0000] {processor.py:830} INFO - Processing file /opt/airflow/dags/sales_pipeline_dag.py for tasks to queue
[2026-05-16T20:05:44.400+0000] {logging_mixin.py:188} INFO - [2026-05-16T20:05:44.399+0000] {dagbag.py:538} INFO - Filling up the DagBag from /opt/airflow/dags/sales_pipeline_dag.py
[2026-05-16T20:05:33.566+0000] {processor.py:840} INFO - DAG(s) 'sales_pipeline' retrieved from /opt/airflow/dags/sales_pipeline_dag.py
[2026-05-16T20:05:33.608+0000] {logging_mixin.py:188} INFO - [2026-05-16T20:05:33.608+0000] {dag.py:3036} INFO - Sync 1 DAGs
[2026-05-16T20:05:33.642+0000] {logging_mixin.py:188} INFO - [2026-05-16T20:05:33.642+0000] {dag.py:3823} INFO - Setting next_dagrun for sales_pipeline to 2026-05-16 00:00:00+00:00, run_after=2026-05-17 00:00:00+00:00
[2026-05-16T20:05:33.676+0000] {processor.py:183} INFO - Processing /opt/airflow/dags/sales_pipeline_dag.py took 1.052 seconds
[2026-05-16T20:06:03.832+0000] {processor.py:161} INFO - Started process (PID=8974) to work on /opt/airflow/dags/sales_pipeline_dag.py
[2026-05-16T20:06:03.833+0000] {processor.py:830} INFO - Processing file /opt/airflow/dags/sales_pipeline_dag.py for tasks to queue
[2026-05-16T20:06:03.835+0000] {logging_mixin.py:188} INFO - [2026-05-16T20:06:03.835+0000] {dagbag.py:538} INFO - Filling up the DagBag from /opt/airflow/dags/sales_pipeline_dag.py
[2026-05-16T20:06:04.781+0000] {processor.py:840} INFO - DAG(s) 'sales_pipeline' retrieved from /opt/airflow/dags/sales_pipeline_dag.py
[2026-05-16T20:06:04.825+0000] {logging_mixin.py:188} INFO - [2026-05-16T20:06:04.824+0000] {dag.py:3036} INFO - Sync 1 DAGs
[2026-05-16T20:06:04.859+0000] {logging_mixin.py:188} INFO - [2026-05-16T20:06:04.859+0000] {dag.py:3823} INFO - Setting next_dagrun for sales_pipeline to 2026-05-16 00:00:00+00:00, run_after=2026-05-17 00:00:00+00:00
[2026-05-16T20:06:04.889+0000] {processor.py:183} INFO - Processing /opt/airflow/dags/sales_pipeline_dag.py took 1.062 seconds
[2026-05-16T20:06:35.267+0000] {processor.py:161} INFO - Started process (PID=8990) to work on /opt/airflow/dags/sales_pipeline_dag.py
[2026-05-16T20:06:35.269+0000] {processor.py:830} INFO - Processing file /opt/airflow/dags/sales_pipeline_dag.py for tasks to queue
[2026-05-16T20:06:35.270+0000] {logging_mixin.py:188} INFO - [2026-05-16T20:06:35.270+0000] {dagbag.py:538} INFO - Filling up the DagBag from /opt/airflow/dags/sales_pipeline_dag.py
[2026-05-16T20:06:36.203+0000] {processor.py:840} INFO - DAG(s) 'sales_pipeline' retrieved from /opt/airflow/dags/sales_pipeline_dag.py
[2026-05-16T20:06:36.237+0000] {logging_mixin.py:188} INFO - [2026-05-16T20:06:36.236+0000] {dag.py:3036} INFO - Sync 1 DAGs
[2026-05-16T20:06:36.271+0000] {logging_mixin.py:188} INFO - [2026-05-16T20:06:36.271+0000] {dag.py:3823} INFO - Setting next_dagrun for sales_pipeline to 2026-05-16 00:00:00+00:00, run_after=2026-05-17 00:00:00+00:00
[2026-05-16T20:06:36.329+0000] {processor.py:183} INFO - Processing /opt/airflow/dags/sales_pipeline_dag.py took 1.065 seconds
[2026-05-16T20:07:14.556+0000] {processor.py:161} INFO - Started process (PID=9006) to work on /opt/airflow/dags/sales_pipeline_dag.py
[2026-05-16T20:07:14.558+0000] {processor.py:830} INFO - Processing file /opt/airflow/dags/sales_pipeline_dag.py for tasks to queue
[2026-05-16T20:07:14.560+0000] {logging_mixin.py:188} INFO - [2026-05-16T20:07:14.559+0000] {dagbag.py:538} INFO - Filling up the DagBag from /opt/airflow/dags/sales_pipeline_dag.py
[2026-05-16T20:07:03.646+0000] {processor.py:840} INFO - DAG(s) 'sales_pipeline' retrieved from /opt/airflow/dags/sales_pipeline_dag.py
[2026-05-16T20:07:03.680+0000] {logging_mixin.py:188} INFO - [2026-05-16T20:07:03.680+0000] {dag.py:3036} INFO - Sync 1 DAGs
[2026-05-16T20:07:03.711+0000] {logging_mixin.py:188} INFO - [2026-05-16T20:07:03.710+0000] {dag.py:3823} INFO - Setting next_dagrun for sales_pipeline to 2026-05-16 00:00:00+00:00, run_after=2026-05-17 00:00:00+00:00
[2026-05-16T20:07:03.740+0000] {processor.py:183} INFO - Processing /opt/airflow/dags/sales_pipeline_dag.py took 0.960 seconds
[2026-05-16T20:07:28.092+0000] {processor.py:161} INFO - Started process (PID=9020) to work on /opt/airflow/dags/sales_pipeline_dag.py
[2026-05-16T20:07:28.093+0000] {processor.py:830} INFO - Processing file /opt/airflow/dags/sales_pipeline_dag.py for tasks to queue
[2026-05-16T20:07:28.095+0000] {logging_mixin.py:188} INFO - [2026-05-16T20:07:28.094+0000] {dagbag.py:538} INFO - Filling up the DagBag from /opt/airflow/dags/sales_pipeline_dag.py
[2026-05-16T20:07:29.028+0000] {processor.py:840} INFO - DAG(s) 'sales_pipeline' retrieved from /opt/airflow/dags/sales_pipeline_dag.py
[2026-05-16T20:07:29.063+0000] {logging_mixin.py:188} INFO - [2026-05-16T20:07:29.062+0000] {dag.py:3036} INFO - Sync 1 DAGs
[2026-05-16T20:07:29.097+0000] {logging_mixin.py:188} INFO - [2026-05-16T20:07:29.096+0000] {dag.py:3823} INFO - Setting next_dagrun for sales_pipeline to 2026-05-16 00:00:00+00:00, run_after=2026-05-17 00:00:00+00:00
[2026-05-16T20:07:29.126+0000] {processor.py:183} INFO - Processing /opt/airflow/dags/sales_pipeline_dag.py took 1.038 seconds
[2026-05-16T20:07:59.993+0000] {processor.py:161} INFO - Started process (PID=9038) to work on /opt/airflow/dags/sales_pipeline_dag.py
[2026-05-16T20:07:59.995+0000] {processor.py:830} INFO - Processing file /opt/airflow/dags/sales_pipeline_dag.py for tasks to queue
[2026-05-16T20:07:59.998+0000] {logging_mixin.py:188} INFO - [2026-05-16T20:07:59.997+0000] {dagbag.py:538} INFO - Filling up the DagBag from /opt/airflow/dags/sales_pipeline_dag.py
[2026-05-16T20:08:01.248+0000] {processor.py:840} INFO - DAG(s) 'sales_pipeline' retrieved from /opt/airflow/dags/sales_pipeline_dag.py
[2026-05-16T20:08:01.292+0000] {logging_mixin.py:188} INFO - [2026-05-16T20:08:01.291+0000] {dag.py:3036} INFO - Sync 1 DAGs
[2026-05-16T20:08:01.331+0000] {logging_mixin.py:188} INFO - [2026-05-16T20:08:01.331+0000] {dag.py:3823} INFO - Setting next_dagrun for sales_pipeline to 2026-05-16 00:00:00+00:00, run_after=2026-05-17 00:00:00+00:00
[2026-05-16T20:08:01.375+0000] {processor.py:183} INFO - Processing /opt/airflow/dags/sales_pipeline_dag.py took 1.388 seconds
[2026-05-16T20:08:34.669+0000] {processor.py:161} INFO - Started process (PID=9054) to work on /opt/airflow/dags/sales_pipeline_dag.py
[2026-05-16T20:08:34.671+0000] {processor.py:830} INFO - Processing file /opt/airflow/dags/sales_pipeline_dag.py for tasks to queue
[2026-05-16T20:08:34.673+0000] {logging_mixin.py:188} INFO - [2026-05-16T20:08:34.672+0000] {dagbag.py:538} INFO - Filling up the DagBag from /opt/airflow/dags/sales_pipeline_dag.py
[2026-05-16T20:08:23.925+0000] {processor.py:840} INFO - DAG(s) 'sales_pipeline' retrieved from /opt/airflow/dags/sales_pipeline_dag.py
[2026-05-16T20:08:23.981+0000] {logging_mixin.py:188} INFO - [2026-05-16T20:08:23.980+0000] {dag.py:3036} INFO - Sync 1 DAGs
[2026-05-16T20:08:24.028+0000] {logging_mixin.py:188} INFO - [2026-05-16T20:08:24.027+0000] {dag.py:3823} INFO - Setting next_dagrun for sales_pipeline to 2026-05-16 00:00:00+00:00, run_after=2026-05-17 00:00:00+00:00
[2026-05-16T20:08:24.074+0000] {processor.py:183} INFO - Processing /opt/airflow/dags/sales_pipeline_dag.py took 1.180 seconds
[2026-05-16T20:09:04.765+0000] {processor.py:161} INFO - Started process (PID=9070) to work on /opt/airflow/dags/sales_pipeline_dag.py
[2026-05-16T20:09:04.767+0000] {processor.py:830} INFO - Processing file /opt/airflow/dags/sales_pipeline_dag.py for tasks to queue
[2026-05-16T20:09:04.769+0000] {logging_mixin.py:188} INFO - [2026-05-16T20:09:04.769+0000] {dagbag.py:538} INFO - Filling up the DagBag from /opt/airflow/dags/sales_pipeline_dag.py
[2026-05-16T20:08:54.023+0000] {processor.py:840} INFO - DAG(s) 'sales_pipeline' retrieved from /opt/airflow/dags/sales_pipeline_dag.py
[2026-05-16T20:08:54.068+0000] {logging_mixin.py:188} INFO - [2026-05-16T20:08:54.068+0000] {dag.py:3036} INFO - Sync 1 DAGs
[2026-05-16T20:08:54.107+0000] {logging_mixin.py:188} INFO - [2026-05-16T20:08:54.107+0000] {dag.py:3823} INFO - Setting next_dagrun for sales_pipeline to 2026-05-16 00:00:00+00:00, run_after=2026-05-17 00:00:00+00:00
[2026-05-16T20:08:54.145+0000] {processor.py:183} INFO - Processing /opt/airflow/dags/sales_pipeline_dag.py took 1.155 seconds
[2026-05-16T20:09:24.434+0000] {processor.py:161} INFO - Started process (PID=9086) to work on /opt/airflow/dags/sales_pipeline_dag.py
[2026-05-16T20:09:24.436+0000] {processor.py:830} INFO - Processing file /opt/airflow/dags/sales_pipeline_dag.py for tasks to queue
[2026-05-16T20:09:24.438+0000] {logging_mixin.py:188} INFO - [2026-05-16T20:09:24.437+0000] {dagbag.py:538} INFO - Filling up the DagBag from /opt/airflow/dags/sales_pipeline_dag.py
[2026-05-16T20:09:25.407+0000] {processor.py:840} INFO - DAG(s) 'sales_pipeline' retrieved from /opt/airflow/dags/sales_pipeline_dag.py
[2026-05-16T20:09:25.455+0000] {logging_mixin.py:188} INFO - [2026-05-16T20:09:25.454+0000] {dag.py:3036} INFO - Sync 1 DAGs
[2026-05-16T20:09:25.492+0000] {logging_mixin.py:188} INFO - [2026-05-16T20:09:25.492+0000] {dag.py:3823} INFO - Setting next_dagrun for sales_pipeline to 2026-05-16 00:00:00+00:00, run_after=2026-05-17 00:00:00+00:00
[2026-05-16T20:09:25.534+0000] {processor.py:183} INFO - Processing /opt/airflow/dags/sales_pipeline_dag.py took 1.103 seconds
[2026-05-16T20:09:55.904+0000] {processor.py:161} INFO - Started process (PID=9102) to work on /opt/airflow/dags/sales_pipeline_dag.py
[2026-05-16T20:09:55.906+0000] {processor.py:830} INFO - Processing file /opt/airflow/dags/sales_pipeline_dag.py for tasks to queue
[2026-05-16T20:09:55.908+0000] {logging_mixin.py:188} INFO - [2026-05-16T20:09:55.907+0000] {dagbag.py:538} INFO - Filling up the DagBag from /opt/airflow/dags/sales_pipeline_dag.py
[2026-05-16T20:09:56.891+0000] {processor.py:840} INFO - DAG(s) 'sales_pipeline' retrieved from /opt/airflow/dags/sales_pipeline_dag.py
[2026-05-16T20:09:56.929+0000] {logging_mixin.py:188} INFO - [2026-05-16T20:09:56.928+0000] {dag.py:3036} INFO - Sync 1 DAGs
[2026-05-16T20:09:56.966+0000] {logging_mixin.py:188} INFO - [2026-05-16T20:09:56.965+0000] {dag.py:3823} INFO - Setting next_dagrun for sales_pipeline to 2026-05-16 00:00:00+00:00, run_after=2026-05-17 00:00:00+00:00
[2026-05-16T20:09:56.998+0000] {processor.py:183} INFO - Processing /opt/airflow/dags/sales_pipeline_dag.py took 1.098 seconds
[2026-05-16T20:10:27.370+0000] {processor.py:161} INFO - Started process (PID=9118) to work on /opt/airflow/dags/sales_pipeline_dag.py
[2026-05-16T20:10:27.372+0000] {processor.py:830} INFO - Processing file /opt/airflow/dags/sales_pipeline_dag.py for tasks to queue
[2026-05-16T20:10:27.373+0000] {logging_mixin.py:188} INFO - [2026-05-16T20:10:27.373+0000] {dagbag.py:538} INFO - Filling up the DagBag from /opt/airflow/dags/sales_pipeline_dag.py
[2026-05-16T20:10:28.493+0000] {processor.py:840} INFO - DAG(s) 'sales_pipeline' retrieved from /opt/airflow/dags/sales_pipeline_dag.py
[2026-05-16T20:10:28.543+0000] {logging_mixin.py:188} INFO - [2026-05-16T20:10:28.543+0000] {dag.py:3036} INFO - Sync 1 DAGs
[2026-05-16T20:10:28.595+0000] {logging_mixin.py:188} INFO - [2026-05-16T20:10:28.595+0000] {dag.py:3823} INFO - Setting next_dagrun for sales_pipeline to 2026-05-16 00:00:00+00:00, run_after=2026-05-17 00:00:00+00:00
[2026-05-16T20:10:28.678+0000] {processor.py:183} INFO - Processing /opt/airflow/dags/sales_pipeline_dag.py took 1.314 seconds
[2026-05-16T20:11:04.891+0000] {processor.py:161} INFO - Started process (PID=9134) to work on /opt/airflow/dags/sales_pipeline_dag.py
[2026-05-16T20:11:04.893+0000] {processor.py:830} INFO - Processing file /opt/airflow/dags/sales_pipeline_dag.py for tasks to queue
[2026-05-16T20:11:04.896+0000] {logging_mixin.py:188} INFO - [2026-05-16T20:11:04.895+0000] {dagbag.py:538} INFO - Filling up the DagBag from /opt/airflow/dags/sales_pipeline_dag.py
[2026-05-16T20:11:05.987+0000] {processor.py:840} INFO - DAG(s) 'sales_pipeline' retrieved from /opt/airflow/dags/sales_pipeline_dag.py
[2026-05-16T20:11:06.039+0000] {logging_mixin.py:188} INFO - [2026-05-16T20:11:06.039+0000] {dag.py:3036} INFO - Sync 1 DAGs
[2026-05-16T20:11:06.085+0000] {logging_mixin.py:188} INFO - [2026-05-16T20:11:06.085+0000] {dag.py:3823} INFO - Setting next_dagrun for sales_pipeline to 2026-05-16 00:00:00+00:00, run_after=2026-05-17 00:00:00+00:00
[2026-05-16T20:11:06.137+0000] {processor.py:183} INFO - Processing /opt/airflow/dags/sales_pipeline_dag.py took 1.250 seconds
[2026-05-16T20:11:37.007+0000] {processor.py:161} INFO - Started process (PID=9150) to work on /opt/airflow/dags/sales_pipeline_dag.py
[2026-05-16T20:11:37.009+0000] {processor.py:830} INFO - Processing file /opt/airflow/dags/sales_pipeline_dag.py for tasks to queue
[2026-05-16T20:11:37.011+0000] {logging_mixin.py:188} INFO - [2026-05-16T20:11:37.011+0000] {dagbag.py:538} INFO - Filling up the DagBag from /opt/airflow/dags/sales_pipeline_dag.py
[2026-05-16T20:11:38.139+0000] {processor.py:840} INFO - DAG(s) 'sales_pipeline' retrieved from /opt/airflow/dags/sales_pipeline_dag.py
[2026-05-16T20:11:38.184+0000] {logging_mixin.py:188} INFO - [2026-05-16T20:11:38.183+0000] {dag.py:3036} INFO - Sync 1 DAGs
[2026-05-16T20:11:38.221+0000] {logging_mixin.py:188} INFO - [2026-05-16T20:11:38.219+0000] {dag.py:3823} INFO - Setting next_dagrun for sales_pipeline to 2026-05-16 00:00:00+00:00, run_after=2026-05-17 00:00:00+00:00
[2026-05-16T20:11:38.265+0000] {processor.py:183} INFO - Processing /opt/airflow/dags/sales_pipeline_dag.py took 1.264 seconds
[2026-05-16T20:12:08.734+0000] {processor.py:161} INFO - Started process (PID=9166) to work on /opt/airflow/dags/sales_pipeline_dag.py
[2026-05-16T20:12:08.736+0000] {processor.py:830} INFO - Processing file /opt/airflow/dags/sales_pipeline_dag.py for tasks to queue
[2026-05-16T20:12:08.737+0000] {logging_mixin.py:188} INFO - [2026-05-16T20:12:08.737+0000] {dagbag.py:538} INFO - Filling up the DagBag from /opt/airflow/dags/sales_pipeline_dag.py
[2026-05-16T20:12:09.764+0000] {processor.py:840} INFO - DAG(s) 'sales_pipeline' retrieved from /opt/airflow/dags/sales_pipeline_dag.py
[2026-05-16T20:12:09.803+0000] {logging_mixin.py:188} INFO - [2026-05-16T20:12:09.802+0000] {dag.py:3036} INFO - Sync 1 DAGs
[2026-05-16T20:12:09.837+0000] {logging_mixin.py:188} INFO - [2026-05-16T20:12:09.836+0000] {dag.py:3823} INFO - Setting next_dagrun for sales_pipeline to 2026-05-16 00:00:00+00:00, run_after=2026-05-17 00:00:00+00:00
[2026-05-16T20:12:09.872+0000] {processor.py:183} INFO - Processing /opt/airflow/dags/sales_pipeline_dag.py took 1.146 seconds
[2026-05-16T20:12:39.263+0000] {processor.py:161} INFO - Started process (PID=9185) to work on /opt/airflow/dags/sales_pipeline_dag.py
[2026-05-16T20:12:39.267+0000] {processor.py:830} INFO - Processing file /opt/airflow/dags/sales_pipeline_dag.py for tasks to queue
[2026-05-16T20:12:39.271+0000] {logging_mixin.py:188} INFO - [2026-05-16T20:12:39.270+0000] {dagbag.py:538} INFO - Filling up the DagBag from /opt/airflow/dags/sales_pipeline_dag.py
[2026-05-16T20:12:41.819+0000] {processor.py:840} INFO - DAG(s) 'sales_pipeline' retrieved from /opt/airflow/dags/sales_pipeline_dag.py
[2026-05-16T20:12:41.893+0000] {logging_mixin.py:188} INFO - [2026-05-16T20:12:41.891+0000] {dag.py:3036} INFO - Sync 1 DAGs
[2026-05-16T20:12:41.979+0000] {logging_mixin.py:188} INFO - [2026-05-16T20:12:41.979+0000] {dag.py:3823} INFO - Setting next_dagrun for sales_pipeline to 2026-05-16 00:00:00+00:00, run_after=2026-05-17 00:00:00+00:00
[2026-05-16T20:12:42.051+0000] {processor.py:183} INFO - Processing /opt/airflow/dags/sales_pipeline_dag.py took 2.799 seconds
[2026-05-16T23:14:32.633+0000] {processor.py:161} INFO - Started process (PID=9202) to work on /opt/airflow/dags/sales_pipeline_dag.py
[2026-05-16T23:14:32.635+0000] {processor.py:830} INFO - Processing file /opt/airflow/dags/sales_pipeline_dag.py for tasks to queue
[2026-05-16T23:14:32.637+0000] {logging_mixin.py:188} INFO - [2026-05-16T23:14:32.636+0000] {dagbag.py:538} INFO - Filling up the DagBag from /opt/airflow/dags/sales_pipeline_dag.py
