[2026-05-16T19:37:59.788+0000] {processor.py:161} INFO - Started process (PID=7773) to work on /opt/airflow/dags/spark_pipeline_dag.py
[2026-05-16T19:37:59.907+0000] {processor.py:830} INFO - Processing file /opt/airflow/dags/spark_pipeline_dag.py for tasks to queue
[2026-05-16T19:38:00.007+0000] {logging_mixin.py:188} INFO - [2026-05-16T19:38:00.006+0000] {dagbag.py:538} INFO - Filling up the DagBag from /opt/airflow/dags/spark_pipeline_dag.py
[2026-05-16T19:38:03.133+0000] {processor.py:840} INFO - DAG(s) 'spark_pipeline' retrieved from /opt/airflow/dags/spark_pipeline_dag.py
[2026-05-16T19:38:05.468+0000] {logging_mixin.py:188} INFO - [2026-05-16T19:38:05.467+0000] {dag.py:3036} INFO - Sync 1 DAGs
[2026-05-16T19:38:05.557+0000] {logging_mixin.py:188} INFO - [2026-05-16T19:38:05.556+0000] {dag.py:3823} INFO - Setting next_dagrun for spark_pipeline to 2026-05-16 00:00:00+00:00, run_after=2026-05-17 00:00:00+00:00
[2026-05-16T19:38:06.079+0000] {processor.py:183} INFO - Processing /opt/airflow/dags/spark_pipeline_dag.py took 6.799 seconds
[2026-05-16T19:38:33.848+0000] {processor.py:161} INFO - Started process (PID=7824) to work on /opt/airflow/dags/spark_pipeline_dag.py
[2026-05-16T19:38:34.131+0000] {processor.py:830} INFO - Processing file /opt/airflow/dags/spark_pipeline_dag.py for tasks to queue
[2026-05-16T19:38:34.172+0000] {logging_mixin.py:188} INFO - [2026-05-16T19:38:34.171+0000] {dagbag.py:538} INFO - Filling up the DagBag from /opt/airflow/dags/spark_pipeline_dag.py
[2026-05-16T19:38:34.535+0000] {processor.py:840} INFO - DAG(s) 'spark_pipeline' retrieved from /opt/airflow/dags/spark_pipeline_dag.py
[2026-05-16T19:38:34.655+0000] {logging_mixin.py:188} INFO - [2026-05-16T19:38:34.655+0000] {dag.py:3036} INFO - Sync 1 DAGs
[2026-05-16T19:38:35.722+0000] {logging_mixin.py:188} INFO - [2026-05-16T19:38:35.721+0000] {dag.py:3823} INFO - Setting next_dagrun for spark_pipeline to 2026-05-16 00:00:00+00:00, run_after=2026-05-17 00:00:00+00:00
[2026-05-16T19:38:38.075+0000] {processor.py:183} INFO - Processing /opt/airflow/dags/spark_pipeline_dag.py took 4.234 seconds
[2026-05-16T19:39:09.706+0000] {processor.py:161} INFO - Started process (PID=7852) to work on /opt/airflow/dags/spark_pipeline_dag.py
[2026-05-16T19:39:09.708+0000] {processor.py:830} INFO - Processing file /opt/airflow/dags/spark_pipeline_dag.py for tasks to queue
[2026-05-16T19:39:09.710+0000] {logging_mixin.py:188} INFO - [2026-05-16T19:39:09.709+0000] {dagbag.py:538} INFO - Filling up the DagBag from /opt/airflow/dags/spark_pipeline_dag.py
[2026-05-16T19:38:58.139+0000] {processor.py:840} INFO - DAG(s) 'spark_pipeline' retrieved from /opt/airflow/dags/spark_pipeline_dag.py
[2026-05-16T19:38:58.195+0000] {logging_mixin.py:188} INFO - [2026-05-16T19:38:58.195+0000] {dag.py:3036} INFO - Sync 1 DAGs
[2026-05-16T19:38:58.992+0000] {logging_mixin.py:188} INFO - [2026-05-16T19:38:58.992+0000] {dag.py:3823} INFO - Setting next_dagrun for spark_pipeline to 2026-05-16 00:00:00+00:00, run_after=2026-05-17 00:00:00+00:00
[2026-05-16T19:39:02.614+0000] {processor.py:183} INFO - Processing /opt/airflow/dags/spark_pipeline_dag.py took 4.657 seconds
[2026-05-16T19:39:40.675+0000] {processor.py:161} INFO - Started process (PID=7866) to work on /opt/airflow/dags/spark_pipeline_dag.py
[2026-05-16T19:39:40.676+0000] {processor.py:830} INFO - Processing file /opt/airflow/dags/spark_pipeline_dag.py for tasks to queue
[2026-05-16T19:39:40.679+0000] {logging_mixin.py:188} INFO - [2026-05-16T19:39:40.678+0000] {dagbag.py:538} INFO - Filling up the DagBag from /opt/airflow/dags/spark_pipeline_dag.py
[2026-05-16T19:39:41.277+0000] {processor.py:840} INFO - DAG(s) 'spark_pipeline' retrieved from /opt/airflow/dags/spark_pipeline_dag.py
[2026-05-16T19:39:41.331+0000] {logging_mixin.py:188} INFO - [2026-05-16T19:39:41.331+0000] {dag.py:3036} INFO - Sync 1 DAGs
[2026-05-16T19:39:42.980+0000] {logging_mixin.py:188} INFO - [2026-05-16T19:39:42.980+0000] {dag.py:3823} INFO - Setting next_dagrun for spark_pipeline to 2026-05-16 00:00:00+00:00, run_after=2026-05-17 00:00:00+00:00
[2026-05-16T19:39:45.314+0000] {processor.py:183} INFO - Processing /opt/airflow/dags/spark_pipeline_dag.py took 4.644 seconds
[2026-05-16T19:40:17.072+0000] {processor.py:161} INFO - Started process (PID=7887) to work on /opt/airflow/dags/spark_pipeline_dag.py
[2026-05-16T19:40:17.086+0000] {processor.py:830} INFO - Processing file /opt/airflow/dags/spark_pipeline_dag.py for tasks to queue
[2026-05-16T19:40:17.090+0000] {logging_mixin.py:188} INFO - [2026-05-16T19:40:17.089+0000] {dagbag.py:538} INFO - Filling up the DagBag from /opt/airflow/dags/spark_pipeline_dag.py
[2026-05-16T19:40:17.628+0000] {processor.py:840} INFO - DAG(s) 'spark_pipeline' retrieved from /opt/airflow/dags/spark_pipeline_dag.py
[2026-05-16T19:40:17.775+0000] {logging_mixin.py:188} INFO - [2026-05-16T19:40:17.775+0000] {dag.py:3036} INFO - Sync 1 DAGs
[2026-05-16T19:40:17.926+0000] {logging_mixin.py:188} INFO - [2026-05-16T19:40:17.925+0000] {dag.py:3823} INFO - Setting next_dagrun for spark_pipeline to 2026-05-16 00:00:00+00:00, run_after=2026-05-17 00:00:00+00:00
[2026-05-16T19:40:18.017+0000] {processor.py:183} INFO - Processing /opt/airflow/dags/spark_pipeline_dag.py took 0.949 seconds
[2026-05-16T19:40:45.108+0000] {processor.py:161} INFO - Started process (PID=7900) to work on /opt/airflow/dags/spark_pipeline_dag.py
[2026-05-16T19:40:45.134+0000] {processor.py:830} INFO - Processing file /opt/airflow/dags/spark_pipeline_dag.py for tasks to queue
[2026-05-16T19:40:45.140+0000] {logging_mixin.py:188} INFO - [2026-05-16T19:40:45.139+0000] {dagbag.py:538} INFO - Filling up the DagBag from /opt/airflow/dags/spark_pipeline_dag.py
[2026-05-16T19:40:45.381+0000] {processor.py:840} INFO - DAG(s) 'spark_pipeline' retrieved from /opt/airflow/dags/spark_pipeline_dag.py
[2026-05-16T19:40:45.466+0000] {logging_mixin.py:188} INFO - [2026-05-16T19:40:45.466+0000] {dag.py:3036} INFO - Sync 1 DAGs
[2026-05-16T19:40:45.717+0000] {logging_mixin.py:188} INFO - [2026-05-16T19:40:45.716+0000] {dag.py:3823} INFO - Setting next_dagrun for spark_pipeline to 2026-05-16 00:00:00+00:00, run_after=2026-05-17 00:00:00+00:00
[2026-05-16T19:40:45.920+0000] {processor.py:183} INFO - Processing /opt/airflow/dags/spark_pipeline_dag.py took 0.944 seconds
[2026-05-16T19:41:16.421+0000] {processor.py:161} INFO - Started process (PID=7946) to work on /opt/airflow/dags/spark_pipeline_dag.py
[2026-05-16T19:41:16.464+0000] {processor.py:830} INFO - Processing file /opt/airflow/dags/spark_pipeline_dag.py for tasks to queue
[2026-05-16T19:41:16.470+0000] {logging_mixin.py:188} INFO - [2026-05-16T19:41:16.469+0000] {dagbag.py:538} INFO - Filling up the DagBag from /opt/airflow/dags/spark_pipeline_dag.py
[2026-05-16T19:41:18.532+0000] {processor.py:840} INFO - DAG(s) 'spark_pipeline' retrieved from /opt/airflow/dags/spark_pipeline_dag.py
[2026-05-16T19:41:18.605+0000] {logging_mixin.py:188} INFO - [2026-05-16T19:41:18.604+0000] {dag.py:3036} INFO - Sync 1 DAGs
[2026-05-16T19:41:18.675+0000] {logging_mixin.py:188} INFO - [2026-05-16T19:41:18.675+0000] {dag.py:3823} INFO - Setting next_dagrun for spark_pipeline to 2026-05-16 00:00:00+00:00, run_after=2026-05-17 00:00:00+00:00
[2026-05-16T19:41:18.753+0000] {processor.py:183} INFO - Processing /opt/airflow/dags/spark_pipeline_dag.py took 2.343 seconds
[2026-05-16T19:41:49.287+0000] {processor.py:161} INFO - Started process (PID=8039) to work on /opt/airflow/dags/spark_pipeline_dag.py
[2026-05-16T19:41:49.289+0000] {processor.py:830} INFO - Processing file /opt/airflow/dags/spark_pipeline_dag.py for tasks to queue
[2026-05-16T19:41:49.292+0000] {logging_mixin.py:188} INFO - [2026-05-16T19:41:49.291+0000] {dagbag.py:538} INFO - Filling up the DagBag from /opt/airflow/dags/spark_pipeline_dag.py
[2026-05-16T19:41:49.529+0000] {processor.py:840} INFO - DAG(s) 'spark_pipeline' retrieved from /opt/airflow/dags/spark_pipeline_dag.py
[2026-05-16T19:41:49.606+0000] {logging_mixin.py:188} INFO - [2026-05-16T19:41:49.606+0000] {dag.py:3036} INFO - Sync 1 DAGs
[2026-05-16T19:41:50.074+0000] {logging_mixin.py:188} INFO - [2026-05-16T19:41:50.073+0000] {dag.py:3823} INFO - Setting next_dagrun for spark_pipeline to 2026-05-16 00:00:00+00:00, run_after=2026-05-17 00:00:00+00:00
[2026-05-16T19:41:50.182+0000] {processor.py:183} INFO - Processing /opt/airflow/dags/spark_pipeline_dag.py took 0.901 seconds
[2026-05-16T19:42:21.058+0000] {processor.py:161} INFO - Started process (PID=8128) to work on /opt/airflow/dags/spark_pipeline_dag.py
[2026-05-16T19:42:21.072+0000] {processor.py:830} INFO - Processing file /opt/airflow/dags/spark_pipeline_dag.py for tasks to queue
[2026-05-16T19:42:21.076+0000] {logging_mixin.py:188} INFO - [2026-05-16T19:42:21.075+0000] {dagbag.py:538} INFO - Filling up the DagBag from /opt/airflow/dags/spark_pipeline_dag.py
[2026-05-16T19:42:21.891+0000] {processor.py:840} INFO - DAG(s) 'spark_pipeline' retrieved from /opt/airflow/dags/spark_pipeline_dag.py
[2026-05-16T19:42:22.062+0000] {logging_mixin.py:188} INFO - [2026-05-16T19:42:22.061+0000] {dag.py:3036} INFO - Sync 1 DAGs
[2026-05-16T19:42:22.880+0000] {logging_mixin.py:188} INFO - [2026-05-16T19:42:22.867+0000] {dag.py:3823} INFO - Setting next_dagrun for spark_pipeline to 2026-05-16 00:00:00+00:00, run_after=2026-05-17 00:00:00+00:00
[2026-05-16T19:42:23.132+0000] {processor.py:183} INFO - Processing /opt/airflow/dags/spark_pipeline_dag.py took 2.092 seconds
[2026-05-16T19:42:54.485+0000] {processor.py:161} INFO - Started process (PID=8187) to work on /opt/airflow/dags/spark_pipeline_dag.py
[2026-05-16T19:42:54.515+0000] {processor.py:830} INFO - Processing file /opt/airflow/dags/spark_pipeline_dag.py for tasks to queue
[2026-05-16T19:42:54.530+0000] {logging_mixin.py:188} INFO - [2026-05-16T19:42:54.529+0000] {dagbag.py:538} INFO - Filling up the DagBag from /opt/airflow/dags/spark_pipeline_dag.py
[2026-05-16T19:42:55.072+0000] {processor.py:840} INFO - DAG(s) 'spark_pipeline' retrieved from /opt/airflow/dags/spark_pipeline_dag.py
[2026-05-16T19:42:55.221+0000] {logging_mixin.py:188} INFO - [2026-05-16T19:42:55.220+0000] {dag.py:3036} INFO - Sync 1 DAGs
[2026-05-16T19:42:55.394+0000] {logging_mixin.py:188} INFO - [2026-05-16T19:42:55.393+0000] {dag.py:3823} INFO - Setting next_dagrun for spark_pipeline to 2026-05-16 00:00:00+00:00, run_after=2026-05-17 00:00:00+00:00
[2026-05-16T19:42:55.508+0000] {processor.py:183} INFO - Processing /opt/airflow/dags/spark_pipeline_dag.py took 1.032 seconds
[2026-05-16T19:43:26.299+0000] {processor.py:161} INFO - Started process (PID=8229) to work on /opt/airflow/dags/spark_pipeline_dag.py
[2026-05-16T19:43:26.303+0000] {processor.py:830} INFO - Processing file /opt/airflow/dags/spark_pipeline_dag.py for tasks to queue
[2026-05-16T19:43:26.306+0000] {logging_mixin.py:188} INFO - [2026-05-16T19:43:26.305+0000] {dagbag.py:538} INFO - Filling up the DagBag from /opt/airflow/dags/spark_pipeline_dag.py
[2026-05-16T19:43:26.852+0000] {processor.py:840} INFO - DAG(s) 'spark_pipeline' retrieved from /opt/airflow/dags/spark_pipeline_dag.py
[2026-05-16T19:43:27.020+0000] {logging_mixin.py:188} INFO - [2026-05-16T19:43:27.018+0000] {dag.py:3036} INFO - Sync 1 DAGs
[2026-05-16T19:43:27.199+0000] {logging_mixin.py:188} INFO - [2026-05-16T19:43:27.199+0000] {dag.py:3823} INFO - Setting next_dagrun for spark_pipeline to 2026-05-16 00:00:00+00:00, run_after=2026-05-17 00:00:00+00:00
[2026-05-16T19:43:27.376+0000] {processor.py:183} INFO - Processing /opt/airflow/dags/spark_pipeline_dag.py took 1.085 seconds
[2026-05-16T19:43:57.523+0000] {processor.py:161} INFO - Started process (PID=8251) to work on /opt/airflow/dags/spark_pipeline_dag.py
[2026-05-16T19:43:57.526+0000] {processor.py:830} INFO - Processing file /opt/airflow/dags/spark_pipeline_dag.py for tasks to queue
[2026-05-16T19:43:57.529+0000] {logging_mixin.py:188} INFO - [2026-05-16T19:43:57.528+0000] {dagbag.py:538} INFO - Filling up the DagBag from /opt/airflow/dags/spark_pipeline_dag.py
[2026-05-16T19:43:57.949+0000] {processor.py:840} INFO - DAG(s) 'spark_pipeline' retrieved from /opt/airflow/dags/spark_pipeline_dag.py
[2026-05-16T19:43:58.072+0000] {logging_mixin.py:188} INFO - [2026-05-16T19:43:58.072+0000] {dag.py:3036} INFO - Sync 1 DAGs
[2026-05-16T19:43:58.253+0000] {logging_mixin.py:188} INFO - [2026-05-16T19:43:58.252+0000] {dag.py:3823} INFO - Setting next_dagrun for spark_pipeline to 2026-05-16 00:00:00+00:00, run_after=2026-05-17 00:00:00+00:00
[2026-05-16T19:43:58.893+0000] {processor.py:183} INFO - Processing /opt/airflow/dags/spark_pipeline_dag.py took 1.380 seconds
[2026-05-16T19:44:33.258+0000] {processor.py:161} INFO - Started process (PID=8267) to work on /opt/airflow/dags/spark_pipeline_dag.py
[2026-05-16T19:44:33.260+0000] {processor.py:830} INFO - Processing file /opt/airflow/dags/spark_pipeline_dag.py for tasks to queue
[2026-05-16T19:44:33.263+0000] {logging_mixin.py:188} INFO - [2026-05-16T19:44:33.262+0000] {dagbag.py:538} INFO - Filling up the DagBag from /opt/airflow/dags/spark_pipeline_dag.py
[2026-05-16T19:44:33.465+0000] {processor.py:840} INFO - DAG(s) 'spark_pipeline' retrieved from /opt/airflow/dags/spark_pipeline_dag.py
[2026-05-16T19:44:33.527+0000] {logging_mixin.py:188} INFO - [2026-05-16T19:44:33.527+0000] {dag.py:3036} INFO - Sync 1 DAGs
[2026-05-16T19:44:33.803+0000] {logging_mixin.py:188} INFO - [2026-05-16T19:44:33.803+0000] {dag.py:3823} INFO - Setting next_dagrun for spark_pipeline to 2026-05-16 00:00:00+00:00, run_after=2026-05-17 00:00:00+00:00
[2026-05-16T19:44:33.853+0000] {processor.py:183} INFO - Processing /opt/airflow/dags/spark_pipeline_dag.py took 0.600 seconds
[2026-05-16T19:45:04.513+0000] {processor.py:161} INFO - Started process (PID=8283) to work on /opt/airflow/dags/spark_pipeline_dag.py
[2026-05-16T19:45:04.516+0000] {processor.py:830} INFO - Processing file /opt/airflow/dags/spark_pipeline_dag.py for tasks to queue
[2026-05-16T19:45:04.518+0000] {logging_mixin.py:188} INFO - [2026-05-16T19:45:04.517+0000] {dagbag.py:538} INFO - Filling up the DagBag from /opt/airflow/dags/spark_pipeline_dag.py
[2026-05-16T19:45:04.808+0000] {processor.py:840} INFO - DAG(s) 'spark_pipeline' retrieved from /opt/airflow/dags/spark_pipeline_dag.py
[2026-05-16T19:45:04.872+0000] {logging_mixin.py:188} INFO - [2026-05-16T19:45:04.872+0000] {dag.py:3036} INFO - Sync 1 DAGs
[2026-05-16T19:45:04.944+0000] {logging_mixin.py:188} INFO - [2026-05-16T19:45:04.943+0000] {dag.py:3823} INFO - Setting next_dagrun for spark_pipeline to 2026-05-16 00:00:00+00:00, run_after=2026-05-17 00:00:00+00:00
[2026-05-16T19:45:05.105+0000] {processor.py:183} INFO - Processing /opt/airflow/dags/spark_pipeline_dag.py took 0.598 seconds
[2026-05-16T19:45:30.971+0000] {processor.py:161} INFO - Started process (PID=8299) to work on /opt/airflow/dags/spark_pipeline_dag.py
[2026-05-16T19:45:30.974+0000] {processor.py:830} INFO - Processing file /opt/airflow/dags/spark_pipeline_dag.py for tasks to queue
[2026-05-16T19:45:30.977+0000] {logging_mixin.py:188} INFO - [2026-05-16T19:45:30.976+0000] {dagbag.py:538} INFO - Filling up the DagBag from /opt/airflow/dags/spark_pipeline_dag.py
[2026-05-16T19:45:31.242+0000] {processor.py:840} INFO - DAG(s) 'spark_pipeline' retrieved from /opt/airflow/dags/spark_pipeline_dag.py
[2026-05-16T19:45:31.304+0000] {logging_mixin.py:188} INFO - [2026-05-16T19:45:31.303+0000] {dag.py:3036} INFO - Sync 1 DAGs
[2026-05-16T19:45:31.352+0000] {logging_mixin.py:188} INFO - [2026-05-16T19:45:31.352+0000] {dag.py:3823} INFO - Setting next_dagrun for spark_pipeline to 2026-05-16 00:00:00+00:00, run_after=2026-05-17 00:00:00+00:00
[2026-05-16T19:45:31.473+0000] {processor.py:183} INFO - Processing /opt/airflow/dags/spark_pipeline_dag.py took 0.510 seconds
[2026-05-16T19:46:07.853+0000] {processor.py:161} INFO - Started process (PID=8309) to work on /opt/airflow/dags/spark_pipeline_dag.py
[2026-05-16T19:46:07.859+0000] {processor.py:830} INFO - Processing file /opt/airflow/dags/spark_pipeline_dag.py for tasks to queue
[2026-05-16T19:46:07.861+0000] {logging_mixin.py:188} INFO - [2026-05-16T19:46:07.861+0000] {dagbag.py:538} INFO - Filling up the DagBag from /opt/airflow/dags/spark_pipeline_dag.py
[2026-05-16T19:46:08.178+0000] {processor.py:840} INFO - DAG(s) 'spark_pipeline' retrieved from /opt/airflow/dags/spark_pipeline_dag.py
[2026-05-16T19:46:08.255+0000] {logging_mixin.py:188} INFO - [2026-05-16T19:46:08.255+0000] {dag.py:3036} INFO - Sync 1 DAGs
[2026-05-16T19:46:08.402+0000] {logging_mixin.py:188} INFO - [2026-05-16T19:46:08.401+0000] {dag.py:3823} INFO - Setting next_dagrun for spark_pipeline to 2026-05-16 00:00:00+00:00, run_after=2026-05-17 00:00:00+00:00
[2026-05-16T19:46:08.545+0000] {processor.py:183} INFO - Processing /opt/airflow/dags/spark_pipeline_dag.py took 0.706 seconds
[2026-05-16T19:46:36.196+0000] {processor.py:161} INFO - Started process (PID=8325) to work on /opt/airflow/dags/spark_pipeline_dag.py
[2026-05-16T19:46:36.198+0000] {processor.py:830} INFO - Processing file /opt/airflow/dags/spark_pipeline_dag.py for tasks to queue
[2026-05-16T19:46:36.201+0000] {logging_mixin.py:188} INFO - [2026-05-16T19:46:36.200+0000] {dagbag.py:538} INFO - Filling up the DagBag from /opt/airflow/dags/spark_pipeline_dag.py
[2026-05-16T19:46:36.405+0000] {processor.py:840} INFO - DAG(s) 'spark_pipeline' retrieved from /opt/airflow/dags/spark_pipeline_dag.py
[2026-05-16T19:46:36.463+0000] {logging_mixin.py:188} INFO - [2026-05-16T19:46:36.463+0000] {dag.py:3036} INFO - Sync 1 DAGs
[2026-05-16T19:46:36.555+0000] {logging_mixin.py:188} INFO - [2026-05-16T19:46:36.554+0000] {dag.py:3823} INFO - Setting next_dagrun for spark_pipeline to 2026-05-16 00:00:00+00:00, run_after=2026-05-17 00:00:00+00:00
[2026-05-16T19:46:37.091+0000] {processor.py:183} INFO - Processing /opt/airflow/dags/spark_pipeline_dag.py took 0.902 seconds
[2026-05-16T19:47:07.450+0000] {processor.py:161} INFO - Started process (PID=8341) to work on /opt/airflow/dags/spark_pipeline_dag.py
[2026-05-16T19:47:07.454+0000] {processor.py:830} INFO - Processing file /opt/airflow/dags/spark_pipeline_dag.py for tasks to queue
[2026-05-16T19:47:07.456+0000] {logging_mixin.py:188} INFO - [2026-05-16T19:47:07.456+0000] {dagbag.py:538} INFO - Filling up the DagBag from /opt/airflow/dags/spark_pipeline_dag.py
[2026-05-16T19:47:07.641+0000] {processor.py:840} INFO - DAG(s) 'spark_pipeline' retrieved from /opt/airflow/dags/spark_pipeline_dag.py
[2026-05-16T19:47:07.705+0000] {logging_mixin.py:188} INFO - [2026-05-16T19:47:07.703+0000] {dag.py:3036} INFO - Sync 1 DAGs
[2026-05-16T19:46:54.892+0000] {logging_mixin.py:188} INFO - [2026-05-16T19:46:54.891+0000] {dag.py:3823} INFO - Setting next_dagrun for spark_pipeline to 2026-05-16 00:00:00+00:00, run_after=2026-05-17 00:00:00+00:00
[2026-05-16T19:46:54.939+0000] {processor.py:183} INFO - Processing /opt/airflow/dags/spark_pipeline_dag.py took 0.616 seconds
[2026-05-16T19:47:27.990+0000] {processor.py:161} INFO - Started process (PID=8357) to work on /opt/airflow/dags/spark_pipeline_dag.py
[2026-05-16T19:47:27.992+0000] {processor.py:830} INFO - Processing file /opt/airflow/dags/spark_pipeline_dag.py for tasks to queue
[2026-05-16T19:47:27.995+0000] {logging_mixin.py:188} INFO - [2026-05-16T19:47:27.994+0000] {dagbag.py:538} INFO - Filling up the DagBag from /opt/airflow/dags/spark_pipeline_dag.py
[2026-05-16T19:47:28.231+0000] {processor.py:840} INFO - DAG(s) 'spark_pipeline' retrieved from /opt/airflow/dags/spark_pipeline_dag.py
[2026-05-16T19:47:28.301+0000] {logging_mixin.py:188} INFO - [2026-05-16T19:47:28.300+0000] {dag.py:3036} INFO - Sync 1 DAGs
[2026-05-16T19:47:28.644+0000] {logging_mixin.py:188} INFO - [2026-05-16T19:47:28.643+0000] {dag.py:3823} INFO - Setting next_dagrun for spark_pipeline to 2026-05-16 00:00:00+00:00, run_after=2026-05-17 00:00:00+00:00
[2026-05-16T19:47:28.718+0000] {processor.py:183} INFO - Processing /opt/airflow/dags/spark_pipeline_dag.py took 0.735 seconds
[2026-05-16T19:47:58.884+0000] {processor.py:161} INFO - Started process (PID=8373) to work on /opt/airflow/dags/spark_pipeline_dag.py
[2026-05-16T19:47:58.885+0000] {processor.py:830} INFO - Processing file /opt/airflow/dags/spark_pipeline_dag.py for tasks to queue
[2026-05-16T19:47:58.887+0000] {logging_mixin.py:188} INFO - [2026-05-16T19:47:58.887+0000] {dagbag.py:538} INFO - Filling up the DagBag from /opt/airflow/dags/spark_pipeline_dag.py
[2026-05-16T19:47:59.050+0000] {processor.py:840} INFO - DAG(s) 'spark_pipeline' retrieved from /opt/airflow/dags/spark_pipeline_dag.py
[2026-05-16T19:47:59.115+0000] {logging_mixin.py:188} INFO - [2026-05-16T19:47:59.114+0000] {dag.py:3036} INFO - Sync 1 DAGs
[2026-05-16T19:47:59.182+0000] {logging_mixin.py:188} INFO - [2026-05-16T19:47:59.181+0000] {dag.py:3823} INFO - Setting next_dagrun for spark_pipeline to 2026-05-16 00:00:00+00:00, run_after=2026-05-17 00:00:00+00:00
[2026-05-16T19:47:59.235+0000] {processor.py:183} INFO - Processing /opt/airflow/dags/spark_pipeline_dag.py took 0.355 seconds
[2026-05-16T19:48:29.738+0000] {processor.py:161} INFO - Started process (PID=8389) to work on /opt/airflow/dags/spark_pipeline_dag.py
[2026-05-16T19:48:29.740+0000] {processor.py:830} INFO - Processing file /opt/airflow/dags/spark_pipeline_dag.py for tasks to queue
[2026-05-16T19:48:29.743+0000] {logging_mixin.py:188} INFO - [2026-05-16T19:48:29.742+0000] {dagbag.py:538} INFO - Filling up the DagBag from /opt/airflow/dags/spark_pipeline_dag.py
[2026-05-16T19:48:29.956+0000] {processor.py:840} INFO - DAG(s) 'spark_pipeline' retrieved from /opt/airflow/dags/spark_pipeline_dag.py
[2026-05-16T19:48:30.026+0000] {logging_mixin.py:188} INFO - [2026-05-16T19:48:30.025+0000] {dag.py:3036} INFO - Sync 1 DAGs
[2026-05-16T19:48:30.107+0000] {logging_mixin.py:188} INFO - [2026-05-16T19:48:30.106+0000] {dag.py:3823} INFO - Setting next_dagrun for spark_pipeline to 2026-05-16 00:00:00+00:00, run_after=2026-05-17 00:00:00+00:00
[2026-05-16T19:48:30.187+0000] {processor.py:183} INFO - Processing /opt/airflow/dags/spark_pipeline_dag.py took 0.457 seconds
[2026-05-16T19:49:04.311+0000] {processor.py:161} INFO - Started process (PID=8399) to work on /opt/airflow/dags/spark_pipeline_dag.py
[2026-05-16T19:49:04.312+0000] {processor.py:830} INFO - Processing file /opt/airflow/dags/spark_pipeline_dag.py for tasks to queue
[2026-05-16T19:49:04.314+0000] {logging_mixin.py:188} INFO - [2026-05-16T19:49:04.314+0000] {dagbag.py:538} INFO - Filling up the DagBag from /opt/airflow/dags/spark_pipeline_dag.py
[2026-05-16T19:48:52.769+0000] {processor.py:840} INFO - DAG(s) 'spark_pipeline' retrieved from /opt/airflow/dags/spark_pipeline_dag.py
[2026-05-16T19:48:52.816+0000] {logging_mixin.py:188} INFO - [2026-05-16T19:48:52.816+0000] {dag.py:3036} INFO - Sync 1 DAGs
[2026-05-16T19:48:52.866+0000] {logging_mixin.py:188} INFO - [2026-05-16T19:48:52.866+0000] {dag.py:3823} INFO - Setting next_dagrun for spark_pipeline to 2026-05-16 00:00:00+00:00, run_after=2026-05-17 00:00:00+00:00
[2026-05-16T19:48:52.927+0000] {processor.py:183} INFO - Processing /opt/airflow/dags/spark_pipeline_dag.py took 0.337 seconds
[2026-05-16T19:49:23.403+0000] {processor.py:161} INFO - Started process (PID=8415) to work on /opt/airflow/dags/spark_pipeline_dag.py
[2026-05-16T19:49:23.405+0000] {processor.py:830} INFO - Processing file /opt/airflow/dags/spark_pipeline_dag.py for tasks to queue
[2026-05-16T19:49:23.409+0000] {logging_mixin.py:188} INFO - [2026-05-16T19:49:23.408+0000] {dagbag.py:538} INFO - Filling up the DagBag from /opt/airflow/dags/spark_pipeline_dag.py
[2026-05-16T19:49:23.558+0000] {processor.py:840} INFO - DAG(s) 'spark_pipeline' retrieved from /opt/airflow/dags/spark_pipeline_dag.py
[2026-05-16T19:49:23.607+0000] {logging_mixin.py:188} INFO - [2026-05-16T19:49:23.607+0000] {dag.py:3036} INFO - Sync 1 DAGs
[2026-05-16T19:49:23.859+0000] {logging_mixin.py:188} INFO - [2026-05-16T19:49:23.859+0000] {dag.py:3823} INFO - Setting next_dagrun for spark_pipeline to 2026-05-16 00:00:00+00:00, run_after=2026-05-17 00:00:00+00:00
[2026-05-16T19:49:24.029+0000] {processor.py:183} INFO - Processing /opt/airflow/dags/spark_pipeline_dag.py took 0.633 seconds
[2026-05-16T19:49:54.251+0000] {processor.py:161} INFO - Started process (PID=8431) to work on /opt/airflow/dags/spark_pipeline_dag.py
[2026-05-16T19:49:54.253+0000] {processor.py:830} INFO - Processing file /opt/airflow/dags/spark_pipeline_dag.py for tasks to queue
[2026-05-16T19:49:54.256+0000] {logging_mixin.py:188} INFO - [2026-05-16T19:49:54.256+0000] {dagbag.py:538} INFO - Filling up the DagBag from /opt/airflow/dags/spark_pipeline_dag.py
[2026-05-16T19:49:54.709+0000] {processor.py:840} INFO - DAG(s) 'spark_pipeline' retrieved from /opt/airflow/dags/spark_pipeline_dag.py
[2026-05-16T19:49:54.836+0000] {logging_mixin.py:188} INFO - [2026-05-16T19:49:54.836+0000] {dag.py:3036} INFO - Sync 1 DAGs
[2026-05-16T19:49:55.555+0000] {logging_mixin.py:188} INFO - [2026-05-16T19:49:55.554+0000] {dag.py:3823} INFO - Setting next_dagrun for spark_pipeline to 2026-05-16 00:00:00+00:00, run_after=2026-05-17 00:00:00+00:00
[2026-05-16T19:49:56.450+0000] {processor.py:183} INFO - Processing /opt/airflow/dags/spark_pipeline_dag.py took 2.206 seconds
[2026-05-16T19:50:26.288+0000] {processor.py:161} INFO - Started process (PID=8452) to work on /opt/airflow/dags/spark_pipeline_dag.py
[2026-05-16T19:50:26.290+0000] {processor.py:830} INFO - Processing file /opt/airflow/dags/spark_pipeline_dag.py for tasks to queue
[2026-05-16T19:50:26.301+0000] {logging_mixin.py:188} INFO - [2026-05-16T19:50:26.300+0000] {dagbag.py:538} INFO - Filling up the DagBag from /opt/airflow/dags/spark_pipeline_dag.py
[2026-05-16T19:50:26.748+0000] {processor.py:840} INFO - DAG(s) 'spark_pipeline' retrieved from /opt/airflow/dags/spark_pipeline_dag.py
[2026-05-16T19:50:26.868+0000] {logging_mixin.py:188} INFO - [2026-05-16T19:50:26.868+0000] {dag.py:3036} INFO - Sync 1 DAGs
[2026-05-16T19:50:26.936+0000] {logging_mixin.py:188} INFO - [2026-05-16T19:50:26.936+0000] {dag.py:3823} INFO - Setting next_dagrun for spark_pipeline to 2026-05-16 00:00:00+00:00, run_after=2026-05-17 00:00:00+00:00
[2026-05-16T19:50:27.017+0000] {processor.py:183} INFO - Processing /opt/airflow/dags/spark_pipeline_dag.py took 0.740 seconds
[2026-05-16T19:50:58.263+0000] {processor.py:161} INFO - Started process (PID=8463) to work on /opt/airflow/dags/spark_pipeline_dag.py
[2026-05-16T19:50:58.265+0000] {processor.py:830} INFO - Processing file /opt/airflow/dags/spark_pipeline_dag.py for tasks to queue
[2026-05-16T19:50:58.267+0000] {logging_mixin.py:188} INFO - [2026-05-16T19:50:58.266+0000] {dagbag.py:538} INFO - Filling up the DagBag from /opt/airflow/dags/spark_pipeline_dag.py
[2026-05-16T19:50:58.439+0000] {processor.py:840} INFO - DAG(s) 'spark_pipeline' retrieved from /opt/airflow/dags/spark_pipeline_dag.py
[2026-05-16T19:50:58.492+0000] {logging_mixin.py:188} INFO - [2026-05-16T19:50:58.491+0000] {dag.py:3036} INFO - Sync 1 DAGs
[2026-05-16T19:50:58.550+0000] {logging_mixin.py:188} INFO - [2026-05-16T19:50:58.549+0000] {dag.py:3823} INFO - Setting next_dagrun for spark_pipeline to 2026-05-16 00:00:00+00:00, run_after=2026-05-17 00:00:00+00:00
[2026-05-16T19:50:58.599+0000] {processor.py:183} INFO - Processing /opt/airflow/dags/spark_pipeline_dag.py took 0.341 seconds
[2026-05-16T19:51:33.037+0000] {processor.py:161} INFO - Started process (PID=8479) to work on /opt/airflow/dags/spark_pipeline_dag.py
[2026-05-16T19:51:33.038+0000] {processor.py:830} INFO - Processing file /opt/airflow/dags/spark_pipeline_dag.py for tasks to queue
[2026-05-16T19:51:33.040+0000] {logging_mixin.py:188} INFO - [2026-05-16T19:51:33.039+0000] {dagbag.py:538} INFO - Filling up the DagBag from /opt/airflow/dags/spark_pipeline_dag.py
[2026-05-16T19:51:21.434+0000] {processor.py:840} INFO - DAG(s) 'spark_pipeline' retrieved from /opt/airflow/dags/spark_pipeline_dag.py
[2026-05-16T19:51:21.477+0000] {logging_mixin.py:188} INFO - [2026-05-16T19:51:21.476+0000] {dag.py:3036} INFO - Sync 1 DAGs
[2026-05-16T19:51:21.519+0000] {logging_mixin.py:188} INFO - [2026-05-16T19:51:21.518+0000] {dag.py:3823} INFO - Setting next_dagrun for spark_pipeline to 2026-05-16 00:00:00+00:00, run_after=2026-05-17 00:00:00+00:00
[2026-05-16T19:51:21.563+0000] {processor.py:183} INFO - Processing /opt/airflow/dags/spark_pipeline_dag.py took 0.284 seconds
[2026-05-16T19:51:40.205+0000] {processor.py:161} INFO - Started process (PID=8495) to work on /opt/airflow/dags/spark_pipeline_dag.py
[2026-05-16T19:51:40.207+0000] {processor.py:830} INFO - Processing file /opt/airflow/dags/spark_pipeline_dag.py for tasks to queue
[2026-05-16T19:51:40.210+0000] {logging_mixin.py:188} INFO - [2026-05-16T19:51:40.209+0000] {dagbag.py:538} INFO - Filling up the DagBag from /opt/airflow/dags/spark_pipeline_dag.py
[2026-05-16T19:51:40.347+0000] {processor.py:840} INFO - DAG(s) 'spark_pipeline' retrieved from /opt/airflow/dags/spark_pipeline_dag.py
[2026-05-16T19:51:40.389+0000] {logging_mixin.py:188} INFO - [2026-05-16T19:51:40.388+0000] {dag.py:3036} INFO - Sync 1 DAGs
[2026-05-16T19:51:40.429+0000] {logging_mixin.py:188} INFO - [2026-05-16T19:51:40.429+0000] {dag.py:3823} INFO - Setting next_dagrun for spark_pipeline to 2026-05-16 00:00:00+00:00, run_after=2026-05-17 00:00:00+00:00
[2026-05-16T19:51:40.644+0000] {processor.py:183} INFO - Processing /opt/airflow/dags/spark_pipeline_dag.py took 0.444 seconds
[2026-05-16T19:52:01.415+0000] {processor.py:161} INFO - Started process (PID=8511) to work on /opt/airflow/dags/spark_pipeline_dag.py
[2026-05-16T19:52:01.417+0000] {processor.py:830} INFO - Processing file /opt/airflow/dags/spark_pipeline_dag.py for tasks to queue
[2026-05-16T19:52:01.419+0000] {logging_mixin.py:188} INFO - [2026-05-16T19:52:01.418+0000] {dagbag.py:538} INFO - Filling up the DagBag from /opt/airflow/dags/spark_pipeline_dag.py
[2026-05-16T19:52:01.617+0000] {processor.py:840} INFO - DAG(s) 'spark_pipeline' retrieved from /opt/airflow/dags/spark_pipeline_dag.py
[2026-05-16T19:52:01.663+0000] {logging_mixin.py:188} INFO - [2026-05-16T19:52:01.663+0000] {dag.py:3036} INFO - Sync 1 DAGs
[2026-05-16T19:52:01.899+0000] {logging_mixin.py:188} INFO - [2026-05-16T19:52:01.899+0000] {dag.py:3823} INFO - Setting next_dagrun for spark_pipeline to 2026-05-16 00:00:00+00:00, run_after=2026-05-17 00:00:00+00:00
[2026-05-16T19:52:01.933+0000] {processor.py:183} INFO - Processing /opt/airflow/dags/spark_pipeline_dag.py took 0.524 seconds
[2026-05-16T19:52:32.780+0000] {processor.py:161} INFO - Started process (PID=8532) to work on /opt/airflow/dags/spark_pipeline_dag.py
[2026-05-16T19:52:32.782+0000] {processor.py:830} INFO - Processing file /opt/airflow/dags/spark_pipeline_dag.py for tasks to queue
[2026-05-16T19:52:32.785+0000] {logging_mixin.py:188} INFO - [2026-05-16T19:52:32.784+0000] {dagbag.py:538} INFO - Filling up the DagBag from /opt/airflow/dags/spark_pipeline_dag.py
[2026-05-16T19:52:32.954+0000] {processor.py:840} INFO - DAG(s) 'spark_pipeline' retrieved from /opt/airflow/dags/spark_pipeline_dag.py
[2026-05-16T19:52:32.995+0000] {logging_mixin.py:188} INFO - [2026-05-16T19:52:32.995+0000] {dag.py:3036} INFO - Sync 1 DAGs
[2026-05-16T19:52:33.193+0000] {logging_mixin.py:188} INFO - [2026-05-16T19:52:33.193+0000] {dag.py:3823} INFO - Setting next_dagrun for spark_pipeline to 2026-05-16 00:00:00+00:00, run_after=2026-05-17 00:00:00+00:00
[2026-05-16T19:52:33.237+0000] {processor.py:183} INFO - Processing /opt/airflow/dags/spark_pipeline_dag.py took 0.461 seconds
[2026-05-16T19:53:04.068+0000] {processor.py:161} INFO - Started process (PID=8548) to work on /opt/airflow/dags/spark_pipeline_dag.py
[2026-05-16T19:53:04.070+0000] {processor.py:830} INFO - Processing file /opt/airflow/dags/spark_pipeline_dag.py for tasks to queue
[2026-05-16T19:53:04.072+0000] {logging_mixin.py:188} INFO - [2026-05-16T19:53:04.071+0000] {dagbag.py:538} INFO - Filling up the DagBag from /opt/airflow/dags/spark_pipeline_dag.py
[2026-05-16T19:53:04.203+0000] {processor.py:840} INFO - DAG(s) 'spark_pipeline' retrieved from /opt/airflow/dags/spark_pipeline_dag.py
[2026-05-16T19:53:04.251+0000] {logging_mixin.py:188} INFO - [2026-05-16T19:53:04.250+0000] {dag.py:3036} INFO - Sync 1 DAGs
[2026-05-16T19:53:04.286+0000] {logging_mixin.py:188} INFO - [2026-05-16T19:53:04.286+0000] {dag.py:3823} INFO - Setting next_dagrun for spark_pipeline to 2026-05-16 00:00:00+00:00, run_after=2026-05-17 00:00:00+00:00
[2026-05-16T19:53:04.327+0000] {processor.py:183} INFO - Processing /opt/airflow/dags/spark_pipeline_dag.py took 0.262 seconds
[2026-05-16T19:53:34.827+0000] {processor.py:161} INFO - Started process (PID=8564) to work on /opt/airflow/dags/spark_pipeline_dag.py
[2026-05-16T19:53:34.829+0000] {processor.py:830} INFO - Processing file /opt/airflow/dags/spark_pipeline_dag.py for tasks to queue
[2026-05-16T19:53:34.830+0000] {logging_mixin.py:188} INFO - [2026-05-16T19:53:34.830+0000] {dagbag.py:538} INFO - Filling up the DagBag from /opt/airflow/dags/spark_pipeline_dag.py
[2026-05-16T19:53:34.972+0000] {processor.py:840} INFO - DAG(s) 'spark_pipeline' retrieved from /opt/airflow/dags/spark_pipeline_dag.py
[2026-05-16T19:53:35.015+0000] {logging_mixin.py:188} INFO - [2026-05-16T19:53:35.015+0000] {dag.py:3036} INFO - Sync 1 DAGs
[2026-05-16T19:53:35.054+0000] {logging_mixin.py:188} INFO - [2026-05-16T19:53:35.053+0000] {dag.py:3823} INFO - Setting next_dagrun for spark_pipeline to 2026-05-16 00:00:00+00:00, run_after=2026-05-17 00:00:00+00:00
[2026-05-16T19:53:35.092+0000] {processor.py:183} INFO - Processing /opt/airflow/dags/spark_pipeline_dag.py took 0.269 seconds
[2026-05-16T19:54:05.253+0000] {processor.py:161} INFO - Started process (PID=8586) to work on /opt/airflow/dags/spark_pipeline_dag.py
[2026-05-16T19:54:05.255+0000] {processor.py:830} INFO - Processing file /opt/airflow/dags/spark_pipeline_dag.py for tasks to queue
[2026-05-16T19:54:05.258+0000] {logging_mixin.py:188} INFO - [2026-05-16T19:54:05.258+0000] {dagbag.py:538} INFO - Filling up the DagBag from /opt/airflow/dags/spark_pipeline_dag.py
[2026-05-16T19:54:05.427+0000] {processor.py:840} INFO - DAG(s) 'spark_pipeline' retrieved from /opt/airflow/dags/spark_pipeline_dag.py
[2026-05-16T19:54:05.478+0000] {logging_mixin.py:188} INFO - [2026-05-16T19:54:05.478+0000] {dag.py:3036} INFO - Sync 1 DAGs
[2026-05-16T19:54:05.521+0000] {logging_mixin.py:188} INFO - [2026-05-16T19:54:05.520+0000] {dag.py:3823} INFO - Setting next_dagrun for spark_pipeline to 2026-05-16 00:00:00+00:00, run_after=2026-05-17 00:00:00+00:00
[2026-05-16T19:54:05.570+0000] {processor.py:183} INFO - Processing /opt/airflow/dags/spark_pipeline_dag.py took 0.321 seconds
[2026-05-16T19:54:35.718+0000] {processor.py:161} INFO - Started process (PID=8602) to work on /opt/airflow/dags/spark_pipeline_dag.py
[2026-05-16T19:54:35.719+0000] {processor.py:830} INFO - Processing file /opt/airflow/dags/spark_pipeline_dag.py for tasks to queue
[2026-05-16T19:54:35.722+0000] {logging_mixin.py:188} INFO - [2026-05-16T19:54:35.721+0000] {dagbag.py:538} INFO - Filling up the DagBag from /opt/airflow/dags/spark_pipeline_dag.py
[2026-05-16T19:54:35.860+0000] {processor.py:840} INFO - DAG(s) 'spark_pipeline' retrieved from /opt/airflow/dags/spark_pipeline_dag.py
[2026-05-16T19:54:35.901+0000] {logging_mixin.py:188} INFO - [2026-05-16T19:54:35.900+0000] {dag.py:3036} INFO - Sync 1 DAGs
[2026-05-16T19:54:35.934+0000] {logging_mixin.py:188} INFO - [2026-05-16T19:54:35.933+0000] {dag.py:3823} INFO - Setting next_dagrun for spark_pipeline to 2026-05-16 00:00:00+00:00, run_after=2026-05-17 00:00:00+00:00
[2026-05-16T19:54:36.118+0000] {processor.py:183} INFO - Processing /opt/airflow/dags/spark_pipeline_dag.py took 0.406 seconds
[2026-05-16T19:55:14.014+0000] {processor.py:161} INFO - Started process (PID=8611) to work on /opt/airflow/dags/spark_pipeline_dag.py
[2026-05-16T19:55:14.016+0000] {processor.py:830} INFO - Processing file /opt/airflow/dags/spark_pipeline_dag.py for tasks to queue
[2026-05-16T19:55:14.017+0000] {logging_mixin.py:188} INFO - [2026-05-16T19:55:14.017+0000] {dagbag.py:538} INFO - Filling up the DagBag from /opt/airflow/dags/spark_pipeline_dag.py
[2026-05-16T19:55:14.181+0000] {processor.py:840} INFO - DAG(s) 'spark_pipeline' retrieved from /opt/airflow/dags/spark_pipeline_dag.py
[2026-05-16T19:55:14.231+0000] {logging_mixin.py:188} INFO - [2026-05-16T19:55:14.231+0000] {dag.py:3036} INFO - Sync 1 DAGs
[2026-05-16T19:55:14.441+0000] {logging_mixin.py:188} INFO - [2026-05-16T19:55:14.440+0000] {dag.py:3823} INFO - Setting next_dagrun for spark_pipeline to 2026-05-16 00:00:00+00:00, run_after=2026-05-17 00:00:00+00:00
[2026-05-16T19:55:14.479+0000] {processor.py:183} INFO - Processing /opt/airflow/dags/spark_pipeline_dag.py took 0.470 seconds
[2026-05-16T19:55:45.478+0000] {processor.py:161} INFO - Started process (PID=8623) to work on /opt/airflow/dags/spark_pipeline_dag.py
[2026-05-16T19:55:45.480+0000] {processor.py:830} INFO - Processing file /opt/airflow/dags/spark_pipeline_dag.py for tasks to queue
[2026-05-16T19:55:45.481+0000] {logging_mixin.py:188} INFO - [2026-05-16T19:55:45.481+0000] {dagbag.py:538} INFO - Filling up the DagBag from /opt/airflow/dags/spark_pipeline_dag.py
[2026-05-16T19:55:45.612+0000] {processor.py:840} INFO - DAG(s) 'spark_pipeline' retrieved from /opt/airflow/dags/spark_pipeline_dag.py
[2026-05-16T19:55:45.846+0000] {logging_mixin.py:188} INFO - [2026-05-16T19:55:45.845+0000] {dag.py:3036} INFO - Sync 1 DAGs
[2026-05-16T19:55:45.886+0000] {logging_mixin.py:188} INFO - [2026-05-16T19:55:45.885+0000] {dag.py:3823} INFO - Setting next_dagrun for spark_pipeline to 2026-05-16 00:00:00+00:00, run_after=2026-05-17 00:00:00+00:00
[2026-05-16T19:55:45.930+0000] {processor.py:183} INFO - Processing /opt/airflow/dags/spark_pipeline_dag.py took 0.457 seconds
[2026-05-16T19:56:16.046+0000] {processor.py:161} INFO - Started process (PID=8644) to work on /opt/airflow/dags/spark_pipeline_dag.py
[2026-05-16T19:56:16.047+0000] {processor.py:830} INFO - Processing file /opt/airflow/dags/spark_pipeline_dag.py for tasks to queue
[2026-05-16T19:56:16.050+0000] {logging_mixin.py:188} INFO - [2026-05-16T19:56:16.049+0000] {dagbag.py:538} INFO - Filling up the DagBag from /opt/airflow/dags/spark_pipeline_dag.py
[2026-05-16T19:56:16.191+0000] {processor.py:840} INFO - DAG(s) 'spark_pipeline' retrieved from /opt/airflow/dags/spark_pipeline_dag.py
[2026-05-16T19:56:16.235+0000] {logging_mixin.py:188} INFO - [2026-05-16T19:56:16.234+0000] {dag.py:3036} INFO - Sync 1 DAGs
[2026-05-16T19:56:16.271+0000] {logging_mixin.py:188} INFO - [2026-05-16T19:56:16.271+0000] {dag.py:3823} INFO - Setting next_dagrun for spark_pipeline to 2026-05-16 00:00:00+00:00, run_after=2026-05-17 00:00:00+00:00
[2026-05-16T19:56:16.312+0000] {processor.py:183} INFO - Processing /opt/airflow/dags/spark_pipeline_dag.py took 0.271 seconds
[2026-05-16T19:56:48.601+0000] {processor.py:161} INFO - Started process (PID=8655) to work on /opt/airflow/dags/spark_pipeline_dag.py
[2026-05-16T19:56:48.603+0000] {processor.py:830} INFO - Processing file /opt/airflow/dags/spark_pipeline_dag.py for tasks to queue
[2026-05-16T19:56:48.605+0000] {logging_mixin.py:188} INFO - [2026-05-16T19:56:48.604+0000] {dagbag.py:538} INFO - Filling up the DagBag from /opt/airflow/dags/spark_pipeline_dag.py
[2026-05-16T19:56:36.996+0000] {processor.py:840} INFO - DAG(s) 'spark_pipeline' retrieved from /opt/airflow/dags/spark_pipeline_dag.py
[2026-05-16T19:56:37.043+0000] {logging_mixin.py:188} INFO - [2026-05-16T19:56:37.043+0000] {dag.py:3036} INFO - Sync 1 DAGs
[2026-05-16T19:56:37.106+0000] {logging_mixin.py:188} INFO - [2026-05-16T19:56:37.105+0000] {dag.py:3823} INFO - Setting next_dagrun for spark_pipeline to 2026-05-16 00:00:00+00:00, run_after=2026-05-17 00:00:00+00:00
[2026-05-16T19:56:37.155+0000] {processor.py:183} INFO - Processing /opt/airflow/dags/spark_pipeline_dag.py took 0.317 seconds
[2026-05-16T19:57:07.592+0000] {processor.py:161} INFO - Started process (PID=8671) to work on /opt/airflow/dags/spark_pipeline_dag.py
[2026-05-16T19:57:07.593+0000] {processor.py:830} INFO - Processing file /opt/airflow/dags/spark_pipeline_dag.py for tasks to queue
[2026-05-16T19:57:07.595+0000] {logging_mixin.py:188} INFO - [2026-05-16T19:57:07.594+0000] {dagbag.py:538} INFO - Filling up the DagBag from /opt/airflow/dags/spark_pipeline_dag.py
[2026-05-16T19:57:07.748+0000] {processor.py:840} INFO - DAG(s) 'spark_pipeline' retrieved from /opt/airflow/dags/spark_pipeline_dag.py
[2026-05-16T19:57:07.802+0000] {logging_mixin.py:188} INFO - [2026-05-16T19:57:07.801+0000] {dag.py:3036} INFO - Sync 1 DAGs
[2026-05-16T19:57:07.854+0000] {logging_mixin.py:188} INFO - [2026-05-16T19:57:07.853+0000] {dag.py:3823} INFO - Setting next_dagrun for spark_pipeline to 2026-05-16 00:00:00+00:00, run_after=2026-05-17 00:00:00+00:00
[2026-05-16T19:57:07.897+0000] {processor.py:183} INFO - Processing /opt/airflow/dags/spark_pipeline_dag.py took 0.310 seconds
[2026-05-16T19:57:38.843+0000] {processor.py:161} INFO - Started process (PID=8687) to work on /opt/airflow/dags/spark_pipeline_dag.py
[2026-05-16T19:57:38.845+0000] {processor.py:830} INFO - Processing file /opt/airflow/dags/spark_pipeline_dag.py for tasks to queue
[2026-05-16T19:57:38.846+0000] {logging_mixin.py:188} INFO - [2026-05-16T19:57:38.846+0000] {dagbag.py:538} INFO - Filling up the DagBag from /opt/airflow/dags/spark_pipeline_dag.py
[2026-05-16T19:57:38.973+0000] {processor.py:840} INFO - DAG(s) 'spark_pipeline' retrieved from /opt/airflow/dags/spark_pipeline_dag.py
[2026-05-16T19:57:39.016+0000] {logging_mixin.py:188} INFO - [2026-05-16T19:57:39.016+0000] {dag.py:3036} INFO - Sync 1 DAGs
[2026-05-16T19:57:50.923+0000] {logging_mixin.py:188} INFO - [2026-05-16T19:57:50.922+0000] {dag.py:3823} INFO - Setting next_dagrun for spark_pipeline to 2026-05-16 00:00:00+00:00, run_after=2026-05-17 00:00:00+00:00
[2026-05-16T19:57:50.967+0000] {processor.py:183} INFO - Processing /opt/airflow/dags/spark_pipeline_dag.py took 0.429 seconds
[2026-05-16T19:58:17.043+0000] {processor.py:161} INFO - Started process (PID=8714) to work on /opt/airflow/dags/spark_pipeline_dag.py
[2026-05-16T19:58:17.044+0000] {processor.py:830} INFO - Processing file /opt/airflow/dags/spark_pipeline_dag.py for tasks to queue
[2026-05-16T19:58:17.046+0000] {logging_mixin.py:188} INFO - [2026-05-16T19:58:17.045+0000] {dagbag.py:538} INFO - Filling up the DagBag from /opt/airflow/dags/spark_pipeline_dag.py
[2026-05-16T19:58:17.183+0000] {processor.py:840} INFO - DAG(s) 'spark_pipeline' retrieved from /opt/airflow/dags/spark_pipeline_dag.py
[2026-05-16T19:58:17.383+0000] {logging_mixin.py:188} INFO - [2026-05-16T19:58:17.383+0000] {dag.py:3036} INFO - Sync 1 DAGs
[2026-05-16T19:58:17.416+0000] {logging_mixin.py:188} INFO - [2026-05-16T19:58:17.415+0000] {dag.py:3823} INFO - Setting next_dagrun for spark_pipeline to 2026-05-16 00:00:00+00:00, run_after=2026-05-17 00:00:00+00:00
[2026-05-16T19:58:17.449+0000] {processor.py:183} INFO - Processing /opt/airflow/dags/spark_pipeline_dag.py took 0.410 seconds
[2026-05-16T19:58:39.406+0000] {processor.py:161} INFO - Started process (PID=8719) to work on /opt/airflow/dags/spark_pipeline_dag.py
[2026-05-16T19:58:39.408+0000] {processor.py:830} INFO - Processing file /opt/airflow/dags/spark_pipeline_dag.py for tasks to queue
[2026-05-16T19:58:39.410+0000] {logging_mixin.py:188} INFO - [2026-05-16T19:58:39.409+0000] {dagbag.py:538} INFO - Filling up the DagBag from /opt/airflow/dags/spark_pipeline_dag.py
[2026-05-16T19:58:39.539+0000] {processor.py:840} INFO - DAG(s) 'spark_pipeline' retrieved from /opt/airflow/dags/spark_pipeline_dag.py
[2026-05-16T19:58:39.585+0000] {logging_mixin.py:188} INFO - [2026-05-16T19:58:39.585+0000] {dag.py:3036} INFO - Sync 1 DAGs
[2026-05-16T19:58:39.628+0000] {logging_mixin.py:188} INFO - [2026-05-16T19:58:39.628+0000] {dag.py:3823} INFO - Setting next_dagrun for spark_pipeline to 2026-05-16 00:00:00+00:00, run_after=2026-05-17 00:00:00+00:00
[2026-05-16T19:58:39.668+0000] {processor.py:183} INFO - Processing /opt/airflow/dags/spark_pipeline_dag.py took 0.268 seconds
[2026-05-16T19:59:09.931+0000] {processor.py:161} INFO - Started process (PID=8735) to work on /opt/airflow/dags/spark_pipeline_dag.py
[2026-05-16T19:59:09.933+0000] {processor.py:830} INFO - Processing file /opt/airflow/dags/spark_pipeline_dag.py for tasks to queue
[2026-05-16T19:59:09.935+0000] {logging_mixin.py:188} INFO - [2026-05-16T19:59:09.934+0000] {dagbag.py:538} INFO - Filling up the DagBag from /opt/airflow/dags/spark_pipeline_dag.py
[2026-05-16T19:59:10.079+0000] {processor.py:840} INFO - DAG(s) 'spark_pipeline' retrieved from /opt/airflow/dags/spark_pipeline_dag.py
[2026-05-16T19:59:10.159+0000] {logging_mixin.py:188} INFO - [2026-05-16T19:59:10.158+0000] {dag.py:3036} INFO - Sync 1 DAGs
[2026-05-16T19:59:10.201+0000] {logging_mixin.py:188} INFO - [2026-05-16T19:59:10.200+0000] {dag.py:3823} INFO - Setting next_dagrun for spark_pipeline to 2026-05-16 00:00:00+00:00, run_after=2026-05-17 00:00:00+00:00
[2026-05-16T19:59:10.240+0000] {processor.py:183} INFO - Processing /opt/airflow/dags/spark_pipeline_dag.py took 0.315 seconds
[2026-05-16T19:59:43.870+0000] {processor.py:161} INFO - Started process (PID=8751) to work on /opt/airflow/dags/spark_pipeline_dag.py
[2026-05-16T19:59:43.872+0000] {processor.py:830} INFO - Processing file /opt/airflow/dags/spark_pipeline_dag.py for tasks to queue
[2026-05-16T19:59:32.112+0000] {logging_mixin.py:188} INFO - [2026-05-16T19:59:43.873+0000] {dagbag.py:538} INFO - Filling up the DagBag from /opt/airflow/dags/spark_pipeline_dag.py
[2026-05-16T19:59:32.323+0000] {processor.py:840} INFO - DAG(s) 'spark_pipeline' retrieved from /opt/airflow/dags/spark_pipeline_dag.py
[2026-05-16T19:59:32.367+0000] {logging_mixin.py:188} INFO - [2026-05-16T19:59:32.366+0000] {dag.py:3036} INFO - Sync 1 DAGs
[2026-05-16T19:59:32.413+0000] {logging_mixin.py:188} INFO - [2026-05-16T19:59:32.412+0000] {dag.py:3823} INFO - Setting next_dagrun for spark_pipeline to 2026-05-16 00:00:00+00:00, run_after=2026-05-17 00:00:00+00:00
[2026-05-16T19:59:32.465+0000] {processor.py:183} INFO - Processing /opt/airflow/dags/spark_pipeline_dag.py took 0.360 seconds
[2026-05-16T20:00:03.141+0000] {processor.py:161} INFO - Started process (PID=8767) to work on /opt/airflow/dags/spark_pipeline_dag.py
[2026-05-16T20:00:03.144+0000] {processor.py:830} INFO - Processing file /opt/airflow/dags/spark_pipeline_dag.py for tasks to queue
[2026-05-16T20:00:03.147+0000] {logging_mixin.py:188} INFO - [2026-05-16T20:00:03.146+0000] {dagbag.py:538} INFO - Filling up the DagBag from /opt/airflow/dags/spark_pipeline_dag.py
[2026-05-16T20:00:03.321+0000] {processor.py:840} INFO - DAG(s) 'spark_pipeline' retrieved from /opt/airflow/dags/spark_pipeline_dag.py
[2026-05-16T20:00:03.365+0000] {logging_mixin.py:188} INFO - [2026-05-16T20:00:03.364+0000] {dag.py:3036} INFO - Sync 1 DAGs
[2026-05-16T20:00:03.407+0000] {logging_mixin.py:188} INFO - [2026-05-16T20:00:03.407+0000] {dag.py:3823} INFO - Setting next_dagrun for spark_pipeline to 2026-05-16 00:00:00+00:00, run_after=2026-05-17 00:00:00+00:00
[2026-05-16T20:00:03.607+0000] {processor.py:183} INFO - Processing /opt/airflow/dags/spark_pipeline_dag.py took 0.472 seconds
[2026-05-16T20:00:34.386+0000] {processor.py:161} INFO - Started process (PID=8783) to work on /opt/airflow/dags/spark_pipeline_dag.py
[2026-05-16T20:00:34.388+0000] {processor.py:830} INFO - Processing file /opt/airflow/dags/spark_pipeline_dag.py for tasks to queue
[2026-05-16T20:00:34.389+0000] {logging_mixin.py:188} INFO - [2026-05-16T20:00:34.389+0000] {dagbag.py:538} INFO - Filling up the DagBag from /opt/airflow/dags/spark_pipeline_dag.py
[2026-05-16T20:00:34.528+0000] {processor.py:840} INFO - DAG(s) 'spark_pipeline' retrieved from /opt/airflow/dags/spark_pipeline_dag.py
[2026-05-16T20:00:34.571+0000] {logging_mixin.py:188} INFO - [2026-05-16T20:00:34.571+0000] {dag.py:3036} INFO - Sync 1 DAGs
[2026-05-16T20:00:34.769+0000] {logging_mixin.py:188} INFO - [2026-05-16T20:00:34.768+0000] {dag.py:3823} INFO - Setting next_dagrun for spark_pipeline to 2026-05-16 00:00:00+00:00, run_after=2026-05-17 00:00:00+00:00
[2026-05-16T20:00:34.807+0000] {processor.py:183} INFO - Processing /opt/airflow/dags/spark_pipeline_dag.py took 0.425 seconds
[2026-05-16T20:01:05.342+0000] {processor.py:161} INFO - Started process (PID=8799) to work on /opt/airflow/dags/spark_pipeline_dag.py
[2026-05-16T20:01:05.344+0000] {processor.py:830} INFO - Processing file /opt/airflow/dags/spark_pipeline_dag.py for tasks to queue
[2026-05-16T20:01:05.346+0000] {logging_mixin.py:188} INFO - [2026-05-16T20:01:05.345+0000] {dagbag.py:538} INFO - Filling up the DagBag from /opt/airflow/dags/spark_pipeline_dag.py
[2026-05-16T20:01:05.483+0000] {processor.py:840} INFO - DAG(s) 'spark_pipeline' retrieved from /opt/airflow/dags/spark_pipeline_dag.py
[2026-05-16T20:01:05.532+0000] {logging_mixin.py:188} INFO - [2026-05-16T20:01:05.531+0000] {dag.py:3036} INFO - Sync 1 DAGs
[2026-05-16T20:01:05.731+0000] {logging_mixin.py:188} INFO - [2026-05-16T20:01:05.731+0000] {dag.py:3823} INFO - Setting next_dagrun for spark_pipeline to 2026-05-16 00:00:00+00:00, run_after=2026-05-17 00:00:00+00:00
[2026-05-16T20:01:05.768+0000] {processor.py:183} INFO - Processing /opt/airflow/dags/spark_pipeline_dag.py took 0.430 seconds
[2026-05-16T20:01:35.991+0000] {processor.py:161} INFO - Started process (PID=8820) to work on /opt/airflow/dags/spark_pipeline_dag.py
[2026-05-16T20:01:35.993+0000] {processor.py:830} INFO - Processing file /opt/airflow/dags/spark_pipeline_dag.py for tasks to queue
[2026-05-16T20:01:35.996+0000] {logging_mixin.py:188} INFO - [2026-05-16T20:01:35.995+0000] {dagbag.py:538} INFO - Filling up the DagBag from /opt/airflow/dags/spark_pipeline_dag.py
[2026-05-16T20:01:36.155+0000] {processor.py:840} INFO - DAG(s) 'spark_pipeline' retrieved from /opt/airflow/dags/spark_pipeline_dag.py
[2026-05-16T20:01:36.201+0000] {logging_mixin.py:188} INFO - [2026-05-16T20:01:36.200+0000] {dag.py:3036} INFO - Sync 1 DAGs
[2026-05-16T20:01:36.240+0000] {logging_mixin.py:188} INFO - [2026-05-16T20:01:36.240+0000] {dag.py:3823} INFO - Setting next_dagrun for spark_pipeline to 2026-05-16 00:00:00+00:00, run_after=2026-05-17 00:00:00+00:00
[2026-05-16T20:01:36.276+0000] {processor.py:183} INFO - Processing /opt/airflow/dags/spark_pipeline_dag.py took 0.289 seconds
[2026-05-16T20:02:06.400+0000] {processor.py:161} INFO - Started process (PID=8836) to work on /opt/airflow/dags/spark_pipeline_dag.py
[2026-05-16T20:02:06.402+0000] {processor.py:830} INFO - Processing file /opt/airflow/dags/spark_pipeline_dag.py for tasks to queue
[2026-05-16T20:02:06.404+0000] {logging_mixin.py:188} INFO - [2026-05-16T20:02:06.404+0000] {dagbag.py:538} INFO - Filling up the DagBag from /opt/airflow/dags/spark_pipeline_dag.py
[2026-05-16T20:02:06.564+0000] {processor.py:840} INFO - DAG(s) 'spark_pipeline' retrieved from /opt/airflow/dags/spark_pipeline_dag.py
[2026-05-16T20:02:06.611+0000] {logging_mixin.py:188} INFO - [2026-05-16T20:02:06.611+0000] {dag.py:3036} INFO - Sync 1 DAGs
[2026-05-16T20:02:06.649+0000] {logging_mixin.py:188} INFO - [2026-05-16T20:02:06.649+0000] {dag.py:3823} INFO - Setting next_dagrun for spark_pipeline to 2026-05-16 00:00:00+00:00, run_after=2026-05-17 00:00:00+00:00
[2026-05-16T20:02:06.680+0000] {processor.py:183} INFO - Processing /opt/airflow/dags/spark_pipeline_dag.py took 0.284 seconds
[2026-05-16T20:02:49.091+0000] {processor.py:161} INFO - Started process (PID=8852) to work on /opt/airflow/dags/spark_pipeline_dag.py
[2026-05-16T20:02:49.092+0000] {processor.py:830} INFO - Processing file /opt/airflow/dags/spark_pipeline_dag.py for tasks to queue
[2026-05-16T20:02:49.094+0000] {logging_mixin.py:188} INFO - [2026-05-16T20:02:49.094+0000] {dagbag.py:538} INFO - Filling up the DagBag from /opt/airflow/dags/spark_pipeline_dag.py
[2026-05-16T20:02:37.491+0000] {processor.py:840} INFO - DAG(s) 'spark_pipeline' retrieved from /opt/airflow/dags/spark_pipeline_dag.py
[2026-05-16T20:02:37.536+0000] {logging_mixin.py:188} INFO - [2026-05-16T20:02:37.535+0000] {dag.py:3036} INFO - Sync 1 DAGs
[2026-05-16T20:02:37.579+0000] {logging_mixin.py:188} INFO - [2026-05-16T20:02:37.579+0000] {dag.py:3823} INFO - Setting next_dagrun for spark_pipeline to 2026-05-16 00:00:00+00:00, run_after=2026-05-17 00:00:00+00:00
[2026-05-16T20:02:37.816+0000] {processor.py:183} INFO - Processing /opt/airflow/dags/spark_pipeline_dag.py took 0.495 seconds
[2026-05-16T20:03:07.496+0000] {processor.py:161} INFO - Started process (PID=8868) to work on /opt/airflow/dags/spark_pipeline_dag.py
[2026-05-16T20:03:07.498+0000] {processor.py:830} INFO - Processing file /opt/airflow/dags/spark_pipeline_dag.py for tasks to queue
[2026-05-16T20:03:07.500+0000] {logging_mixin.py:188} INFO - [2026-05-16T20:03:07.499+0000] {dagbag.py:538} INFO - Filling up the DagBag from /opt/airflow/dags/spark_pipeline_dag.py
[2026-05-16T20:03:07.638+0000] {processor.py:840} INFO - DAG(s) 'spark_pipeline' retrieved from /opt/airflow/dags/spark_pipeline_dag.py
[2026-05-16T20:03:07.693+0000] {logging_mixin.py:188} INFO - [2026-05-16T20:03:07.692+0000] {dag.py:3036} INFO - Sync 1 DAGs
[2026-05-16T20:03:07.925+0000] {logging_mixin.py:188} INFO - [2026-05-16T20:03:07.925+0000] {dag.py:3823} INFO - Setting next_dagrun for spark_pipeline to 2026-05-16 00:00:00+00:00, run_after=2026-05-17 00:00:00+00:00
[2026-05-16T20:03:07.963+0000] {processor.py:183} INFO - Processing /opt/airflow/dags/spark_pipeline_dag.py took 0.471 seconds
[2026-05-16T20:03:38.332+0000] {processor.py:161} INFO - Started process (PID=8884) to work on /opt/airflow/dags/spark_pipeline_dag.py
[2026-05-16T20:03:38.334+0000] {processor.py:830} INFO - Processing file /opt/airflow/dags/spark_pipeline_dag.py for tasks to queue
[2026-05-16T20:03:38.336+0000] {logging_mixin.py:188} INFO - [2026-05-16T20:03:38.336+0000] {dagbag.py:538} INFO - Filling up the DagBag from /opt/airflow/dags/spark_pipeline_dag.py
[2026-05-16T20:03:38.507+0000] {processor.py:840} INFO - DAG(s) 'spark_pipeline' retrieved from /opt/airflow/dags/spark_pipeline_dag.py
[2026-05-16T20:03:38.576+0000] {logging_mixin.py:188} INFO - [2026-05-16T20:03:38.575+0000] {dag.py:3036} INFO - Sync 1 DAGs
[2026-05-16T20:03:38.831+0000] {logging_mixin.py:188} INFO - [2026-05-16T20:03:38.831+0000] {dag.py:3823} INFO - Setting next_dagrun for spark_pipeline to 2026-05-16 00:00:00+00:00, run_after=2026-05-17 00:00:00+00:00
[2026-05-16T20:03:38.881+0000] {processor.py:183} INFO - Processing /opt/airflow/dags/spark_pipeline_dag.py took 0.555 seconds
[2026-05-16T20:04:19.244+0000] {processor.py:161} INFO - Started process (PID=8900) to work on /opt/airflow/dags/spark_pipeline_dag.py
[2026-05-16T20:04:19.246+0000] {processor.py:830} INFO - Processing file /opt/airflow/dags/spark_pipeline_dag.py for tasks to queue
[2026-05-16T20:04:19.248+0000] {logging_mixin.py:188} INFO - [2026-05-16T20:04:19.248+0000] {dagbag.py:538} INFO - Filling up the DagBag from /opt/airflow/dags/spark_pipeline_dag.py
[2026-05-16T20:04:07.617+0000] {processor.py:840} INFO - DAG(s) 'spark_pipeline' retrieved from /opt/airflow/dags/spark_pipeline_dag.py
[2026-05-16T20:04:07.843+0000] {logging_mixin.py:188} INFO - [2026-05-16T20:04:07.842+0000] {dag.py:3036} INFO - Sync 1 DAGs
[2026-05-16T20:04:07.889+0000] {logging_mixin.py:188} INFO - [2026-05-16T20:04:07.889+0000] {dag.py:3823} INFO - Setting next_dagrun for spark_pipeline to 2026-05-16 00:00:00+00:00, run_after=2026-05-17 00:00:00+00:00
[2026-05-16T20:04:07.933+0000] {processor.py:183} INFO - Processing /opt/airflow/dags/spark_pipeline_dag.py took 0.459 seconds
[2026-05-16T20:04:49.318+0000] {processor.py:161} INFO - Started process (PID=8916) to work on /opt/airflow/dags/spark_pipeline_dag.py
[2026-05-16T20:04:49.320+0000] {processor.py:830} INFO - Processing file /opt/airflow/dags/spark_pipeline_dag.py for tasks to queue
[2026-05-16T20:04:49.321+0000] {logging_mixin.py:188} INFO - [2026-05-16T20:04:49.321+0000] {dagbag.py:538} INFO - Filling up the DagBag from /opt/airflow/dags/spark_pipeline_dag.py
[2026-05-16T20:04:38.026+0000] {processor.py:840} INFO - DAG(s) 'spark_pipeline' retrieved from /opt/airflow/dags/spark_pipeline_dag.py
[2026-05-16T20:04:38.101+0000] {logging_mixin.py:188} INFO - [2026-05-16T20:04:38.101+0000] {dag.py:3036} INFO - Sync 1 DAGs
[2026-05-16T20:04:38.157+0000] {logging_mixin.py:188} INFO - [2026-05-16T20:04:38.157+0000] {dag.py:3823} INFO - Setting next_dagrun for spark_pipeline to 2026-05-16 00:00:00+00:00, run_after=2026-05-17 00:00:00+00:00
[2026-05-16T20:04:38.203+0000] {processor.py:183} INFO - Processing /opt/airflow/dags/spark_pipeline_dag.py took 0.658 seconds
[2026-05-16T20:04:57.616+0000] {processor.py:161} INFO - Started process (PID=8932) to work on /opt/airflow/dags/spark_pipeline_dag.py
[2026-05-16T20:04:57.618+0000] {processor.py:830} INFO - Processing file /opt/airflow/dags/spark_pipeline_dag.py for tasks to queue
[2026-05-16T20:04:57.620+0000] {logging_mixin.py:188} INFO - [2026-05-16T20:04:57.619+0000] {dagbag.py:538} INFO - Filling up the DagBag from /opt/airflow/dags/spark_pipeline_dag.py
[2026-05-16T20:04:57.774+0000] {processor.py:840} INFO - DAG(s) 'spark_pipeline' retrieved from /opt/airflow/dags/spark_pipeline_dag.py
[2026-05-16T20:04:57.851+0000] {logging_mixin.py:188} INFO - [2026-05-16T20:04:57.850+0000] {dag.py:3036} INFO - Sync 1 DAGs
[2026-05-16T20:04:57.914+0000] {logging_mixin.py:188} INFO - [2026-05-16T20:04:57.913+0000] {dag.py:3823} INFO - Setting next_dagrun for spark_pipeline to 2026-05-16 00:00:00+00:00, run_after=2026-05-17 00:00:00+00:00
[2026-05-16T20:04:57.973+0000] {processor.py:183} INFO - Processing /opt/airflow/dags/spark_pipeline_dag.py took 0.362 seconds
[2026-05-16T20:05:28.170+0000] {processor.py:161} INFO - Started process (PID=8948) to work on /opt/airflow/dags/spark_pipeline_dag.py
[2026-05-16T20:05:28.172+0000] {processor.py:830} INFO - Processing file /opt/airflow/dags/spark_pipeline_dag.py for tasks to queue
[2026-05-16T20:05:28.174+0000] {logging_mixin.py:188} INFO - [2026-05-16T20:05:28.173+0000] {dagbag.py:538} INFO - Filling up the DagBag from /opt/airflow/dags/spark_pipeline_dag.py
[2026-05-16T20:05:28.385+0000] {processor.py:840} INFO - DAG(s) 'spark_pipeline' retrieved from /opt/airflow/dags/spark_pipeline_dag.py
[2026-05-16T20:05:28.426+0000] {logging_mixin.py:188} INFO - [2026-05-16T20:05:28.425+0000] {dag.py:3036} INFO - Sync 1 DAGs
[2026-05-16T20:05:28.469+0000] {logging_mixin.py:188} INFO - [2026-05-16T20:05:28.469+0000] {dag.py:3823} INFO - Setting next_dagrun for spark_pipeline to 2026-05-16 00:00:00+00:00, run_after=2026-05-17 00:00:00+00:00
[2026-05-16T20:05:28.672+0000] {processor.py:183} INFO - Processing /opt/airflow/dags/spark_pipeline_dag.py took 0.510 seconds
[2026-05-16T20:05:59.120+0000] {processor.py:161} INFO - Started process (PID=8964) to work on /opt/airflow/dags/spark_pipeline_dag.py
[2026-05-16T20:05:59.121+0000] {processor.py:830} INFO - Processing file /opt/airflow/dags/spark_pipeline_dag.py for tasks to queue
[2026-05-16T20:05:59.123+0000] {logging_mixin.py:188} INFO - [2026-05-16T20:05:59.123+0000] {dagbag.py:538} INFO - Filling up the DagBag from /opt/airflow/dags/spark_pipeline_dag.py
[2026-05-16T20:05:59.246+0000] {processor.py:840} INFO - DAG(s) 'spark_pipeline' retrieved from /opt/airflow/dags/spark_pipeline_dag.py
[2026-05-16T20:05:59.288+0000] {logging_mixin.py:188} INFO - [2026-05-16T20:05:59.288+0000] {dag.py:3036} INFO - Sync 1 DAGs
[2026-05-16T20:05:59.517+0000] {logging_mixin.py:188} INFO - [2026-05-16T20:05:59.516+0000] {dag.py:3823} INFO - Setting next_dagrun for spark_pipeline to 2026-05-16 00:00:00+00:00, run_after=2026-05-17 00:00:00+00:00
[2026-05-16T20:05:59.558+0000] {processor.py:183} INFO - Processing /opt/airflow/dags/spark_pipeline_dag.py took 0.442 seconds
[2026-05-16T20:06:29.770+0000] {processor.py:161} INFO - Started process (PID=8980) to work on /opt/airflow/dags/spark_pipeline_dag.py
[2026-05-16T20:06:29.772+0000] {processor.py:830} INFO - Processing file /opt/airflow/dags/spark_pipeline_dag.py for tasks to queue
[2026-05-16T20:06:29.773+0000] {logging_mixin.py:188} INFO - [2026-05-16T20:06:29.773+0000] {dagbag.py:538} INFO - Filling up the DagBag from /opt/airflow/dags/spark_pipeline_dag.py
[2026-05-16T20:06:29.902+0000] {processor.py:840} INFO - DAG(s) 'spark_pipeline' retrieved from /opt/airflow/dags/spark_pipeline_dag.py
[2026-05-16T20:06:29.951+0000] {logging_mixin.py:188} INFO - [2026-05-16T20:06:29.951+0000] {dag.py:3036} INFO - Sync 1 DAGs
[2026-05-16T20:06:30.161+0000] {logging_mixin.py:188} INFO - [2026-05-16T20:06:30.160+0000] {dag.py:3823} INFO - Setting next_dagrun for spark_pipeline to 2026-05-16 00:00:00+00:00, run_after=2026-05-17 00:00:00+00:00
[2026-05-16T20:06:30.204+0000] {processor.py:183} INFO - Processing /opt/airflow/dags/spark_pipeline_dag.py took 0.438 seconds
[2026-05-16T20:07:00.673+0000] {processor.py:161} INFO - Started process (PID=8996) to work on /opt/airflow/dags/spark_pipeline_dag.py
[2026-05-16T20:07:00.675+0000] {processor.py:830} INFO - Processing file /opt/airflow/dags/spark_pipeline_dag.py for tasks to queue
[2026-05-16T20:07:00.677+0000] {logging_mixin.py:188} INFO - [2026-05-16T20:07:00.676+0000] {dagbag.py:538} INFO - Filling up the DagBag from /opt/airflow/dags/spark_pipeline_dag.py
[2026-05-16T20:07:00.815+0000] {processor.py:840} INFO - DAG(s) 'spark_pipeline' retrieved from /opt/airflow/dags/spark_pipeline_dag.py
[2026-05-16T20:07:01.022+0000] {logging_mixin.py:188} INFO - [2026-05-16T20:07:01.022+0000] {dag.py:3036} INFO - Sync 1 DAGs
[2026-05-16T20:07:01.064+0000] {logging_mixin.py:188} INFO - [2026-05-16T20:07:01.064+0000] {dag.py:3823} INFO - Setting next_dagrun for spark_pipeline to 2026-05-16 00:00:00+00:00, run_after=2026-05-17 00:00:00+00:00
[2026-05-16T20:07:01.101+0000] {processor.py:183} INFO - Processing /opt/airflow/dags/spark_pipeline_dag.py took 0.432 seconds
[2026-05-16T20:07:39.573+0000] {processor.py:161} INFO - Started process (PID=9012) to work on /opt/airflow/dags/spark_pipeline_dag.py
[2026-05-16T20:07:39.575+0000] {processor.py:830} INFO - Processing file /opt/airflow/dags/spark_pipeline_dag.py for tasks to queue
[2026-05-16T20:07:39.577+0000] {logging_mixin.py:188} INFO - [2026-05-16T20:07:39.577+0000] {dagbag.py:538} INFO - Filling up the DagBag from /opt/airflow/dags/spark_pipeline_dag.py
[2026-05-16T20:07:27.948+0000] {processor.py:840} INFO - DAG(s) 'spark_pipeline' retrieved from /opt/airflow/dags/spark_pipeline_dag.py
[2026-05-16T20:07:27.992+0000] {logging_mixin.py:188} INFO - [2026-05-16T20:07:27.992+0000] {dag.py:3036} INFO - Sync 1 DAGs
[2026-05-16T20:07:28.033+0000] {logging_mixin.py:188} INFO - [2026-05-16T20:07:28.033+0000] {dag.py:3823} INFO - Setting next_dagrun for spark_pipeline to 2026-05-16 00:00:00+00:00, run_after=2026-05-17 00:00:00+00:00
[2026-05-16T20:07:28.087+0000] {processor.py:183} INFO - Processing /opt/airflow/dags/spark_pipeline_dag.py took 0.289 seconds
[2026-05-16T20:07:58.621+0000] {processor.py:161} INFO - Started process (PID=9028) to work on /opt/airflow/dags/spark_pipeline_dag.py
[2026-05-16T20:07:58.623+0000] {processor.py:830} INFO - Processing file /opt/airflow/dags/spark_pipeline_dag.py for tasks to queue
[2026-05-16T20:07:58.626+0000] {logging_mixin.py:188} INFO - [2026-05-16T20:07:58.625+0000] {dagbag.py:538} INFO - Filling up the DagBag from /opt/airflow/dags/spark_pipeline_dag.py
[2026-05-16T20:07:58.788+0000] {processor.py:840} INFO - DAG(s) 'spark_pipeline' retrieved from /opt/airflow/dags/spark_pipeline_dag.py
[2026-05-16T20:07:58.836+0000] {logging_mixin.py:188} INFO - [2026-05-16T20:07:58.836+0000] {dag.py:3036} INFO - Sync 1 DAGs
[2026-05-16T20:07:58.883+0000] {logging_mixin.py:188} INFO - [2026-05-16T20:07:58.882+0000] {dag.py:3823} INFO - Setting next_dagrun for spark_pipeline to 2026-05-16 00:00:00+00:00, run_after=2026-05-17 00:00:00+00:00
[2026-05-16T20:07:58.928+0000] {processor.py:183} INFO - Processing /opt/airflow/dags/spark_pipeline_dag.py took 0.312 seconds
[2026-05-16T20:08:17.934+0000] {processor.py:161} INFO - Started process (PID=9044) to work on /opt/airflow/dags/spark_pipeline_dag.py
[2026-05-16T20:08:17.935+0000] {processor.py:830} INFO - Processing file /opt/airflow/dags/spark_pipeline_dag.py for tasks to queue
[2026-05-16T20:08:17.938+0000] {logging_mixin.py:188} INFO - [2026-05-16T20:08:17.937+0000] {dagbag.py:538} INFO - Filling up the DagBag from /opt/airflow/dags/spark_pipeline_dag.py
[2026-05-16T20:08:18.097+0000] {processor.py:840} INFO - DAG(s) 'spark_pipeline' retrieved from /opt/airflow/dags/spark_pipeline_dag.py
[2026-05-16T20:08:18.153+0000] {logging_mixin.py:188} INFO - [2026-05-16T20:08:18.153+0000] {dag.py:3036} INFO - Sync 1 DAGs
[2026-05-16T20:08:18.235+0000] {logging_mixin.py:188} INFO - [2026-05-16T20:08:18.234+0000] {dag.py:3823} INFO - Setting next_dagrun for spark_pipeline to 2026-05-16 00:00:00+00:00, run_after=2026-05-17 00:00:00+00:00
[2026-05-16T20:08:18.575+0000] {processor.py:183} INFO - Processing /opt/airflow/dags/spark_pipeline_dag.py took 0.647 seconds
[2026-05-16T20:08:50.527+0000] {processor.py:161} INFO - Started process (PID=9060) to work on /opt/airflow/dags/spark_pipeline_dag.py
[2026-05-16T20:08:50.529+0000] {processor.py:830} INFO - Processing file /opt/airflow/dags/spark_pipeline_dag.py for tasks to queue
[2026-05-16T20:08:50.531+0000] {logging_mixin.py:188} INFO - [2026-05-16T20:08:50.531+0000] {dagbag.py:538} INFO - Filling up the DagBag from /opt/airflow/dags/spark_pipeline_dag.py
[2026-05-16T20:08:50.689+0000] {processor.py:840} INFO - DAG(s) 'spark_pipeline' retrieved from /opt/airflow/dags/spark_pipeline_dag.py
[2026-05-16T20:08:50.729+0000] {logging_mixin.py:188} INFO - [2026-05-16T20:08:50.729+0000] {dag.py:3036} INFO - Sync 1 DAGs
[2026-05-16T20:08:50.860+0000] {logging_mixin.py:188} INFO - [2026-05-16T20:08:50.859+0000] {dag.py:3823} INFO - Setting next_dagrun for spark_pipeline to 2026-05-16 00:00:00+00:00, run_after=2026-05-17 00:00:00+00:00
[2026-05-16T20:08:39.235+0000] {processor.py:183} INFO - Processing /opt/airflow/dags/spark_pipeline_dag.py took 0.484 seconds
[2026-05-16T20:09:09.942+0000] {processor.py:161} INFO - Started process (PID=9076) to work on /opt/airflow/dags/spark_pipeline_dag.py
[2026-05-16T20:09:09.944+0000] {processor.py:830} INFO - Processing file /opt/airflow/dags/spark_pipeline_dag.py for tasks to queue
[2026-05-16T20:09:09.946+0000] {logging_mixin.py:188} INFO - [2026-05-16T20:09:09.945+0000] {dagbag.py:538} INFO - Filling up the DagBag from /opt/airflow/dags/spark_pipeline_dag.py
[2026-05-16T20:09:10.086+0000] {processor.py:840} INFO - DAG(s) 'spark_pipeline' retrieved from /opt/airflow/dags/spark_pipeline_dag.py
[2026-05-16T20:09:10.137+0000] {logging_mixin.py:188} INFO - [2026-05-16T20:09:10.137+0000] {dag.py:3036} INFO - Sync 1 DAGs
[2026-05-16T20:09:10.404+0000] {logging_mixin.py:188} INFO - [2026-05-16T20:09:10.403+0000] {dag.py:3823} INFO - Setting next_dagrun for spark_pipeline to 2026-05-16 00:00:00+00:00, run_after=2026-05-17 00:00:00+00:00
[2026-05-16T20:09:10.445+0000] {processor.py:183} INFO - Processing /opt/airflow/dags/spark_pipeline_dag.py took 0.507 seconds
[2026-05-16T20:09:49.779+0000] {processor.py:161} INFO - Started process (PID=9092) to work on /opt/airflow/dags/spark_pipeline_dag.py
[2026-05-16T20:09:49.782+0000] {processor.py:830} INFO - Processing file /opt/airflow/dags/spark_pipeline_dag.py for tasks to queue
[2026-05-16T20:09:49.784+0000] {logging_mixin.py:188} INFO - [2026-05-16T20:09:49.783+0000] {dagbag.py:538} INFO - Filling up the DagBag from /opt/airflow/dags/spark_pipeline_dag.py
[2026-05-16T20:09:38.210+0000] {processor.py:840} INFO - DAG(s) 'spark_pipeline' retrieved from /opt/airflow/dags/spark_pipeline_dag.py
[2026-05-16T20:09:38.460+0000] {logging_mixin.py:188} INFO - [2026-05-16T20:09:38.459+0000] {dag.py:3036} INFO - Sync 1 DAGs
[2026-05-16T20:09:38.524+0000] {logging_mixin.py:188} INFO - [2026-05-16T20:09:38.524+0000] {dag.py:3823} INFO - Setting next_dagrun for spark_pipeline to 2026-05-16 00:00:00+00:00, run_after=2026-05-17 00:00:00+00:00
[2026-05-16T20:09:38.570+0000] {processor.py:183} INFO - Processing /opt/airflow/dags/spark_pipeline_dag.py took 0.568 seconds
[2026-05-16T20:10:09.477+0000] {processor.py:161} INFO - Started process (PID=9108) to work on /opt/airflow/dags/spark_pipeline_dag.py
[2026-05-16T20:10:09.478+0000] {processor.py:830} INFO - Processing file /opt/airflow/dags/spark_pipeline_dag.py for tasks to queue
[2026-05-16T20:10:09.480+0000] {logging_mixin.py:188} INFO - [2026-05-16T20:10:09.480+0000] {dagbag.py:538} INFO - Filling up the DagBag from /opt/airflow/dags/spark_pipeline_dag.py
[2026-05-16T20:10:09.610+0000] {processor.py:840} INFO - DAG(s) 'spark_pipeline' retrieved from /opt/airflow/dags/spark_pipeline_dag.py
[2026-05-16T20:10:09.841+0000] {logging_mixin.py:188} INFO - [2026-05-16T20:10:09.841+0000] {dag.py:3036} INFO - Sync 1 DAGs
[2026-05-16T20:10:09.887+0000] {logging_mixin.py:188} INFO - [2026-05-16T20:10:09.887+0000] {dag.py:3823} INFO - Setting next_dagrun for spark_pipeline to 2026-05-16 00:00:00+00:00, run_after=2026-05-17 00:00:00+00:00
[2026-05-16T20:10:10.254+0000] {processor.py:183} INFO - Processing /opt/airflow/dags/spark_pipeline_dag.py took 0.781 seconds
[2026-05-16T20:10:49.887+0000] {processor.py:161} INFO - Started process (PID=9124) to work on /opt/airflow/dags/spark_pipeline_dag.py
[2026-05-16T20:10:49.889+0000] {processor.py:830} INFO - Processing file /opt/airflow/dags/spark_pipeline_dag.py for tasks to queue
[2026-05-16T20:10:49.891+0000] {logging_mixin.py:188} INFO - [2026-05-16T20:10:49.890+0000] {dagbag.py:538} INFO - Filling up the DagBag from /opt/airflow/dags/spark_pipeline_dag.py
[2026-05-16T20:10:38.274+0000] {processor.py:840} INFO - DAG(s) 'spark_pipeline' retrieved from /opt/airflow/dags/spark_pipeline_dag.py
[2026-05-16T20:10:38.320+0000] {logging_mixin.py:188} INFO - [2026-05-16T20:10:38.319+0000] {dag.py:3036} INFO - Sync 1 DAGs
[2026-05-16T20:10:38.356+0000] {logging_mixin.py:188} INFO - [2026-05-16T20:10:38.356+0000] {dag.py:3823} INFO - Setting next_dagrun for spark_pipeline to 2026-05-16 00:00:00+00:00, run_after=2026-05-17 00:00:00+00:00
[2026-05-16T20:10:38.393+0000] {processor.py:183} INFO - Processing /opt/airflow/dags/spark_pipeline_dag.py took 0.284 seconds
[2026-05-16T20:11:09.099+0000] {processor.py:161} INFO - Started process (PID=9140) to work on /opt/airflow/dags/spark_pipeline_dag.py
[2026-05-16T20:11:09.101+0000] {processor.py:830} INFO - Processing file /opt/airflow/dags/spark_pipeline_dag.py for tasks to queue
[2026-05-16T20:11:09.103+0000] {logging_mixin.py:188} INFO - [2026-05-16T20:11:09.102+0000] {dagbag.py:538} INFO - Filling up the DagBag from /opt/airflow/dags/spark_pipeline_dag.py
[2026-05-16T20:11:09.276+0000] {processor.py:840} INFO - DAG(s) 'spark_pipeline' retrieved from /opt/airflow/dags/spark_pipeline_dag.py
[2026-05-16T20:11:09.344+0000] {logging_mixin.py:188} INFO - [2026-05-16T20:11:09.344+0000] {dag.py:3036} INFO - Sync 1 DAGs
[2026-05-16T20:11:09.403+0000] {logging_mixin.py:188} INFO - [2026-05-16T20:11:09.402+0000] {dag.py:3823} INFO - Setting next_dagrun for spark_pipeline to 2026-05-16 00:00:00+00:00, run_after=2026-05-17 00:00:00+00:00
[2026-05-16T20:11:09.664+0000] {processor.py:183} INFO - Processing /opt/airflow/dags/spark_pipeline_dag.py took 0.570 seconds
[2026-05-16T20:11:40.388+0000] {processor.py:161} INFO - Started process (PID=9156) to work on /opt/airflow/dags/spark_pipeline_dag.py
[2026-05-16T20:11:40.390+0000] {processor.py:830} INFO - Processing file /opt/airflow/dags/spark_pipeline_dag.py for tasks to queue
[2026-05-16T20:11:40.392+0000] {logging_mixin.py:188} INFO - [2026-05-16T20:11:40.391+0000] {dagbag.py:538} INFO - Filling up the DagBag from /opt/airflow/dags/spark_pipeline_dag.py
[2026-05-16T20:11:40.532+0000] {processor.py:840} INFO - DAG(s) 'spark_pipeline' retrieved from /opt/airflow/dags/spark_pipeline_dag.py
[2026-05-16T20:11:40.574+0000] {logging_mixin.py:188} INFO - [2026-05-16T20:11:40.573+0000] {dag.py:3036} INFO - Sync 1 DAGs
[2026-05-16T20:11:40.761+0000] {logging_mixin.py:188} INFO - [2026-05-16T20:11:40.761+0000] {dag.py:3823} INFO - Setting next_dagrun for spark_pipeline to 2026-05-16 00:00:00+00:00, run_after=2026-05-17 00:00:00+00:00
[2026-05-16T20:11:40.799+0000] {processor.py:183} INFO - Processing /opt/airflow/dags/spark_pipeline_dag.py took 0.416 seconds
[2026-05-16T20:12:11.008+0000] {processor.py:161} INFO - Started process (PID=9172) to work on /opt/airflow/dags/spark_pipeline_dag.py
[2026-05-16T20:12:11.010+0000] {processor.py:830} INFO - Processing file /opt/airflow/dags/spark_pipeline_dag.py for tasks to queue
[2026-05-16T20:12:11.012+0000] {logging_mixin.py:188} INFO - [2026-05-16T20:12:11.011+0000] {dagbag.py:538} INFO - Filling up the DagBag from /opt/airflow/dags/spark_pipeline_dag.py
[2026-05-16T20:12:11.175+0000] {processor.py:840} INFO - DAG(s) 'spark_pipeline' retrieved from /opt/airflow/dags/spark_pipeline_dag.py
[2026-05-16T20:12:11.220+0000] {logging_mixin.py:188} INFO - [2026-05-16T20:12:11.219+0000] {dag.py:3036} INFO - Sync 1 DAGs
[2026-05-16T20:12:11.421+0000] {logging_mixin.py:188} INFO - [2026-05-16T20:12:11.420+0000] {dag.py:3823} INFO - Setting next_dagrun for spark_pipeline to 2026-05-16 00:00:00+00:00, run_after=2026-05-17 00:00:00+00:00
[2026-05-16T20:12:11.461+0000] {processor.py:183} INFO - Processing /opt/airflow/dags/spark_pipeline_dag.py took 0.458 seconds
[2026-05-16T20:12:39.224+0000] {processor.py:161} INFO - Started process (PID=9182) to work on /opt/airflow/dags/spark_pipeline_dag.py
[2026-05-16T20:12:39.228+0000] {processor.py:830} INFO - Processing file /opt/airflow/dags/spark_pipeline_dag.py for tasks to queue
[2026-05-16T20:12:39.233+0000] {logging_mixin.py:188} INFO - [2026-05-16T20:12:39.231+0000] {dagbag.py:538} INFO - Filling up the DagBag from /opt/airflow/dags/spark_pipeline_dag.py
[2026-05-16T20:12:39.494+0000] {processor.py:840} INFO - DAG(s) 'spark_pipeline' retrieved from /opt/airflow/dags/spark_pipeline_dag.py
[2026-05-16T20:12:40.034+0000] {logging_mixin.py:188} INFO - [2026-05-16T20:12:40.033+0000] {dag.py:3036} INFO - Sync 1 DAGs
[2026-05-16T20:12:40.122+0000] {logging_mixin.py:188} INFO - [2026-05-16T20:12:40.121+0000] {dag.py:3823} INFO - Setting next_dagrun for spark_pipeline to 2026-05-16 00:00:00+00:00, run_after=2026-05-17 00:00:00+00:00
[2026-05-16T20:12:40.208+0000] {processor.py:183} INFO - Processing /opt/airflow/dags/spark_pipeline_dag.py took 0.992 seconds
[2026-05-16T23:14:25.741+0000] {processor.py:161} INFO - Started process (PID=9193) to work on /opt/airflow/dags/spark_pipeline_dag.py
[2026-05-16T23:14:25.743+0000] {processor.py:830} INFO - Processing file /opt/airflow/dags/spark_pipeline_dag.py for tasks to queue
[2026-05-16T23:14:25.745+0000] {logging_mixin.py:188} INFO - [2026-05-16T23:14:25.745+0000] {dagbag.py:538} INFO - Filling up the DagBag from /opt/airflow/dags/spark_pipeline_dag.py
[2026-05-16T23:14:34.624+0000] {processor.py:840} INFO - DAG(s) 'spark_pipeline' retrieved from /opt/airflow/dags/spark_pipeline_dag.py
[2026-05-16T23:14:34.931+0000] {logging_mixin.py:188} INFO - [2026-05-16T23:14:34.930+0000] {dag.py:3036} INFO - Sync 1 DAGs
[2026-05-16T23:14:34.985+0000] {logging_mixin.py:188} INFO - [2026-05-16T23:14:34.984+0000] {dag.py:3823} INFO - Setting next_dagrun for spark_pipeline to 2026-05-16 00:00:00+00:00, run_after=2026-05-17 00:00:00+00:00
[2026-05-16T23:14:35.197+0000] {processor.py:183} INFO - Processing /opt/airflow/dags/spark_pipeline_dag.py took 9.462 seconds
