[2026-05-16T19:38:15.201+0000] {taskinstance.py:1956} INFO - Dependencies all met for dep_context=non-requeueable deps ti=<TaskInstance: spark_pipeline.dbt_run scheduled__2026-05-15T00:00:00+00:00 [queued]>
[2026-05-16T19:38:15.428+0000] {taskinstance.py:1956} INFO - Dependencies all met for dep_context=requeueable deps ti=<TaskInstance: spark_pipeline.dbt_run scheduled__2026-05-15T00:00:00+00:00 [queued]>
[2026-05-16T19:38:15.431+0000] {taskinstance.py:2170} INFO - Starting attempt 1 of 1
[2026-05-16T19:38:18.583+0000] {taskinstance.py:2191} INFO - Executing <Task(BashOperator): dbt_run> on 2026-05-15 00:00:00+00:00
[2026-05-16T19:38:18.602+0000] {standard_task_runner.py:60} INFO - Started process 7816 to run task
[2026-05-16T19:38:18.611+0000] {standard_task_runner.py:87} INFO - Running: ['***', 'tasks', 'run', 'spark_pipeline', 'dbt_run', 'scheduled__2026-05-15T00:00:00+00:00', '--job-id', '129', '--raw', '--subdir', 'DAGS_FOLDER/spark_pipeline_dag.py', '--cfg-path', '/tmp/tmpqppophvh']
[2026-05-16T19:38:18.618+0000] {standard_task_runner.py:88} INFO - Job 129: Subtask dbt_run
[2026-05-16T19:38:19.871+0000] {task_command.py:423} INFO - Running <TaskInstance: spark_pipeline.dbt_run scheduled__2026-05-15T00:00:00+00:00 [running]> on host c5c53f6c77ae
[2026-05-16T19:38:23.697+0000] {taskinstance.py:2480} INFO - Exporting env vars: AIRFLOW_CTX_DAG_OWNER='***' AIRFLOW_CTX_DAG_ID='spark_pipeline' AIRFLOW_CTX_TASK_ID='dbt_run' AIRFLOW_CTX_EXECUTION_DATE='2026-05-15T00:00:00+00:00' AIRFLOW_CTX_TRY_NUMBER='1' AIRFLOW_CTX_DAG_RUN_ID='scheduled__2026-05-15T00:00:00+00:00'
[2026-05-16T19:38:23.701+0000] {subprocess.py:63} INFO - Tmp dir root location: /tmp
[2026-05-16T19:38:23.880+0000] {subprocess.py:75} INFO - Running command: ['/usr/bin/bash', '-c', 'cd /opt/***/project/week7/de_journey && dbt run --profiles-dir /opt/***/project/week7/de_journey --no-version-check']
[2026-05-16T19:38:23.899+0000] {subprocess.py:86} INFO - Output:
[2026-05-16T19:40:43.157+0000] {subprocess.py:93} INFO - [0m19:40:43  Running with dbt=1.8.7
[2026-05-16T19:41:20.077+0000] {subprocess.py:93} INFO - [0m19:41:20  Registered adapter: bigquery=1.8.3
[2026-05-16T19:41:30.283+0000] {subprocess.py:93} INFO - [0m19:41:30  Found 2 models, 1 snapshot, 13 data tests, 1 source, 759 macros
[2026-05-16T19:41:30.291+0000] {subprocess.py:93} INFO - [0m19:41:30
[2026-05-16T19:41:32.997+0000] {subprocess.py:93} INFO - [0m19:41:32  Concurrency: 4 threads (target='dev')
[2026-05-16T19:41:32.999+0000] {subprocess.py:93} INFO - [0m19:41:32
[2026-05-16T19:41:33.050+0000] {subprocess.py:93} INFO - [0m19:41:33  1 of 2 START sql view model de_journey_dw_staging.stg_sales .................... [RUN]
[2026-05-16T19:41:34.865+0000] {subprocess.py:93} INFO - [0m19:41:34  1 of 2 OK created sql view model de_journey_dw_staging.stg_sales ............... [[32mCREATE VIEW (0 processed)[0m in 1.80s]
[2026-05-16T19:41:34.876+0000] {subprocess.py:93} INFO - [0m19:41:34  2 of 2 START sql incremental model de_journey_dw_marts.mart_sales_summary ...... [RUN]
[2026-05-16T19:41:26.846+0000] {subprocess.py:93} INFO - [0m19:41:26  2 of 2 OK created sql incremental model de_journey_dw_marts.mart_sales_summary . [[32mMERGE (0.0 rows, 278.0 Bytes processed)[0m in -8.04s]
[2026-05-16T19:41:26.869+0000] {subprocess.py:93} INFO - [0m19:41:26
[2026-05-16T19:41:26.871+0000] {subprocess.py:93} INFO - [0m19:41:26  Finished running 1 view model, 1 incremental model in -1 hours 59 minutes and 56.57 seconds (-3.43s).
[2026-05-16T19:41:27.238+0000] {subprocess.py:93} INFO - [0m19:41:27
[2026-05-16T19:41:27.242+0000] {subprocess.py:93} INFO - [0m19:41:27  [32mCompleted successfully[0m
[2026-05-16T19:41:27.245+0000] {subprocess.py:93} INFO - [0m19:41:27
[2026-05-16T19:41:27.248+0000] {subprocess.py:93} INFO - [0m19:41:27  Done. PASS=2 WARN=0 ERROR=0 SKIP=0 TOTAL=2
[2026-05-16T19:41:28.846+0000] {subprocess.py:97} INFO - Command exited with return code 0
[2026-05-16T19:41:28.918+0000] {taskinstance.py:1138} INFO - Marking task as SUCCESS. dag_id=spark_pipeline, task_id=dbt_run, execution_date=20260515T000000, start_date=20260516T193815, end_date=20260516T194128
[2026-05-16T19:41:29.002+0000] {local_task_job_runner.py:234} INFO - Task exited with return code 0
[2026-05-16T19:41:29.052+0000] {taskinstance.py:3280} INFO - 1 downstream tasks scheduled from follow-on schedule check
