[2026-06-06T18:31:09.475+0000] {taskinstance.py:1956} INFO - Dependencies all met for dep_context=non-requeueable deps ti=<TaskInstance: dbt_pipeline.dbt_run scheduled__2026-06-05T00:00:00+00:00 [queued]>
[2026-06-06T18:31:09.510+0000] {taskinstance.py:1956} INFO - Dependencies all met for dep_context=requeueable deps ti=<TaskInstance: dbt_pipeline.dbt_run scheduled__2026-06-05T00:00:00+00:00 [queued]>
[2026-06-06T18:31:09.512+0000] {taskinstance.py:2170} INFO - Starting attempt 1 of 1
[2026-06-06T18:31:09.616+0000] {taskinstance.py:2191} INFO - Executing <Task(BashOperator): dbt_run> on 2026-06-05 00:00:00+00:00
[2026-06-06T18:31:09.626+0000] {standard_task_runner.py:60} INFO - Started process 15265 to run task
[2026-06-06T18:31:09.632+0000] {standard_task_runner.py:87} INFO - Running: ['***', 'tasks', 'run', 'dbt_pipeline', 'dbt_run', 'scheduled__2026-06-05T00:00:00+00:00', '--job-id', '192', '--raw', '--subdir', 'DAGS_FOLDER/dbt_pipeline_dag.py', '--cfg-path', '/tmp/tmpp6mekiq3']
[2026-06-06T18:31:09.637+0000] {standard_task_runner.py:88} INFO - Job 192: Subtask dbt_run
[2026-06-06T18:31:09.762+0000] {task_command.py:423} INFO - Running <TaskInstance: dbt_pipeline.dbt_run scheduled__2026-06-05T00:00:00+00:00 [running]> on host c5c53f6c77ae
[2026-06-06T18:31:10.071+0000] {taskinstance.py:2480} INFO - Exporting env vars: AIRFLOW_CTX_DAG_OWNER='***' AIRFLOW_CTX_DAG_ID='dbt_pipeline' AIRFLOW_CTX_TASK_ID='dbt_run' AIRFLOW_CTX_EXECUTION_DATE='2026-06-05T00:00:00+00:00' AIRFLOW_CTX_TRY_NUMBER='1' AIRFLOW_CTX_DAG_RUN_ID='scheduled__2026-06-05T00:00:00+00:00'
[2026-06-06T18:31:10.074+0000] {subprocess.py:63} INFO - Tmp dir root location: /tmp
[2026-06-06T18:31:10.077+0000] {subprocess.py:75} INFO - Running command: ['/usr/bin/bash', '-c', 'cd /opt/***/project/week7/de_journey && dbt run --profiles-dir /opt/***/project/week7/de_journey --no-version-check']
[2026-06-06T18:31:10.101+0000] {subprocess.py:86} INFO - Output:
[2026-06-06T18:31:16.415+0000] {subprocess.py:93} INFO - [0m18:31:16  Running with dbt=1.8.7
[2026-06-06T18:31:16.982+0000] {subprocess.py:93} INFO - [0m18:31:16  Registered adapter: bigquery=1.8.3
[2026-06-06T18:31:26.032+0000] {subprocess.py:93} INFO - [0m18:31:26  Found 2 models, 1 snapshot, 13 data tests, 1 source, 759 macros
[2026-06-06T18:31:26.042+0000] {subprocess.py:93} INFO - [0m18:31:26
[2026-06-06T18:31:27.494+0000] {subprocess.py:93} INFO - [0m18:31:27  Concurrency: 4 threads (target='dev')
[2026-06-06T18:31:27.496+0000] {subprocess.py:93} INFO - [0m18:31:27
[2026-06-06T18:31:27.542+0000] {subprocess.py:93} INFO - [0m18:31:27  1 of 2 START sql view model de_journey_dw_staging.stg_sales .................... [RUN]
[2026-06-06T18:31:30.211+0000] {subprocess.py:93} INFO - [0m18:31:30  1 of 2 OK created sql view model de_journey_dw_staging.stg_sales ............... [[32mCREATE VIEW (0 processed)[0m in 2.66s]
[2026-06-06T18:31:30.222+0000] {subprocess.py:93} INFO - [0m18:31:30  2 of 2 START sql incremental model de_journey_dw_marts.mart_sales_summary ...... [RUN]
[2026-06-06T18:31:33.525+0000] {subprocess.py:93} INFO - [0m18:31:33  2 of 2 OK created sql incremental model de_journey_dw_marts.mart_sales_summary . [[32mMERGE (0.0 rows, 278.0 Bytes processed)[0m in 3.30s]
[2026-06-06T18:31:33.545+0000] {subprocess.py:93} INFO - [0m18:31:33
[2026-06-06T18:31:33.546+0000] {subprocess.py:93} INFO - [0m18:31:33  Finished running 1 view model, 1 incremental model in 0 hours 0 minutes and 7.50 seconds (7.50s).
[2026-06-06T18:31:33.809+0000] {subprocess.py:93} INFO - [0m18:31:33
[2026-06-06T18:31:33.811+0000] {subprocess.py:93} INFO - [0m18:31:33  [32mCompleted successfully[0m
[2026-06-06T18:31:33.813+0000] {subprocess.py:93} INFO - [0m18:31:33
[2026-06-06T18:31:33.815+0000] {subprocess.py:93} INFO - [0m18:31:33  Done. PASS=2 WARN=0 ERROR=0 SKIP=0 TOTAL=2
[2026-06-06T18:31:35.315+0000] {subprocess.py:97} INFO - Command exited with return code 0
[2026-06-06T18:31:35.370+0000] {taskinstance.py:1138} INFO - Marking task as SUCCESS. dag_id=dbt_pipeline, task_id=dbt_run, execution_date=20260605T000000, start_date=20260606T183109, end_date=20260606T183135
[2026-06-06T18:31:35.442+0000] {local_task_job_runner.py:234} INFO - Task exited with return code 0
[2026-06-06T18:31:35.481+0000] {taskinstance.py:3280} INFO - 1 downstream tasks scheduled from follow-on schedule check
