[2026-04-29T20:54:25.200+0000] {taskinstance.py:1956} INFO - Dependencies all met for dep_context=non-requeueable deps ti=<TaskInstance: dbt_pipeline.dbt_snapshot scheduled__2026-04-28T00:00:00+00:00 [queued]>
[2026-04-29T20:54:25.219+0000] {taskinstance.py:1956} INFO - Dependencies all met for dep_context=requeueable deps ti=<TaskInstance: dbt_pipeline.dbt_snapshot scheduled__2026-04-28T00:00:00+00:00 [queued]>
[2026-04-29T20:54:25.220+0000] {taskinstance.py:2170} INFO - Starting attempt 1 of 1
[2026-04-29T20:54:25.251+0000] {taskinstance.py:2191} INFO - Executing <Task(BashOperator): dbt_snapshot> on 2026-04-28 00:00:00+00:00
[2026-04-29T20:54:25.260+0000] {standard_task_runner.py:60} INFO - Started process 178 to run task
[2026-04-29T20:54:25.264+0000] {standard_task_runner.py:87} INFO - Running: ['***', 'tasks', 'run', 'dbt_pipeline', 'dbt_snapshot', 'scheduled__2026-04-28T00:00:00+00:00', '--job-id', '56', '--raw', '--subdir', 'DAGS_FOLDER/dbt_pipeline_dag.py', '--cfg-path', '/tmp/tmp6zke0zly']
[2026-04-29T20:54:25.267+0000] {standard_task_runner.py:88} INFO - Job 56: Subtask dbt_snapshot
[2026-04-29T20:54:25.362+0000] {task_command.py:423} INFO - Running <TaskInstance: dbt_pipeline.dbt_snapshot scheduled__2026-04-28T00:00:00+00:00 [running]> on host 1c7f92b4483e
[2026-04-29T20:54:25.555+0000] {taskinstance.py:2480} INFO - Exporting env vars: AIRFLOW_CTX_DAG_OWNER='***' AIRFLOW_CTX_DAG_ID='dbt_pipeline' AIRFLOW_CTX_TASK_ID='dbt_snapshot' AIRFLOW_CTX_EXECUTION_DATE='2026-04-28T00:00:00+00:00' AIRFLOW_CTX_TRY_NUMBER='1' AIRFLOW_CTX_DAG_RUN_ID='scheduled__2026-04-28T00:00:00+00:00'
[2026-04-29T20:54:25.558+0000] {subprocess.py:63} INFO - Tmp dir root location: /tmp
[2026-04-29T20:54:25.560+0000] {subprocess.py:75} INFO - Running command: ['/usr/bin/bash', '-c', 'cd /opt/***/project/week7/de_journey && dbt snapshot --profiles-dir /opt/***/project/week7/de_journey ']
[2026-04-29T20:54:25.579+0000] {subprocess.py:86} INFO - Output:
[2026-04-29T20:54:31.013+0000] {subprocess.py:93} INFO - [0m20:54:31  Running with dbt=1.8.7
[2026-04-29T20:54:33.499+0000] {subprocess.py:93} INFO - [0m20:54:33  Registered adapter: bigquery=1.8.3
[2026-04-29T20:54:33.595+0000] {subprocess.py:93} INFO - [0m20:54:33  Encountered an error:
[2026-04-29T20:54:33.596+0000] {subprocess.py:93} INFO - Runtime Error
[2026-04-29T20:54:33.597+0000] {subprocess.py:93} INFO -   Failed to read package: Runtime Error
[2026-04-29T20:54:33.598+0000] {subprocess.py:93} INFO -     This version of dbt is not supported with the 'dbt_date' package.
[2026-04-29T20:54:33.599+0000] {subprocess.py:93} INFO -       Installed version of dbt: =1.8.7
[2026-04-29T20:54:33.600+0000] {subprocess.py:93} INFO -       Required version of dbt for 'dbt_date': ['>=1.10.5', '<3.0.0']
[2026-04-29T20:54:33.600+0000] {subprocess.py:93} INFO -     Check for a different version of the 'dbt_date' package, or run dbt again with --no-version-check
[2026-04-29T20:54:33.601+0000] {subprocess.py:93} INFO - 
[2026-04-29T20:54:33.602+0000] {subprocess.py:93} INFO - 
[2026-04-29T20:54:33.603+0000] {subprocess.py:93} INFO -   Error encountered in /opt/***/project/week7/de_journey/dbt_packages/dbt_date/dbt_project.yml
[2026-04-29T20:54:33.604+0000] {subprocess.py:93} INFO - 
[2026-04-29T20:54:33.605+0000] {subprocess.py:93} INFO - Error encountered in /opt/***/project/week7/de_journey/dbt_packages/dbt_date
[2026-04-29T20:54:34.772+0000] {subprocess.py:97} INFO - Command exited with return code 2
[2026-04-29T20:54:34.794+0000] {taskinstance.py:2698} ERROR - Task failed with exception
Traceback (most recent call last):
  File "/home/airflow/.local/lib/python3.8/site-packages/airflow/models/taskinstance.py", line 433, in _execute_task
    result = execute_callable(context=context, **execute_callable_kwargs)
  File "/home/airflow/.local/lib/python3.8/site-packages/airflow/operators/bash.py", line 212, in execute
    raise AirflowException(
airflow.exceptions.AirflowException: Bash command failed. The command returned a non-zero exit code 2.
[2026-04-29T20:54:34.801+0000] {taskinstance.py:1138} INFO - Marking task as FAILED. dag_id=dbt_pipeline, task_id=dbt_snapshot, execution_date=20260428T000000, start_date=20260429T205425, end_date=20260429T205434
[2026-04-29T20:54:34.845+0000] {standard_task_runner.py:107} ERROR - Failed to execute job 56 for task dbt_snapshot (Bash command failed. The command returned a non-zero exit code 2.; 178)
[2026-04-29T20:54:34.879+0000] {local_task_job_runner.py:234} INFO - Task exited with return code 1
[2026-04-29T20:54:34.923+0000] {taskinstance.py:3280} INFO - 0 downstream tasks scheduled from follow-on schedule check
