[2026-04-13T15:42:05.383+0000] {taskinstance.py:1956} INFO - Dependencies all met for dep_context=non-requeueable deps ti=<TaskInstance: sales_pipeline.export_cloud manual__2026-04-13T15:41:33.216136+00:00 [queued]>
[2026-04-13T15:42:05.452+0000] {taskinstance.py:1956} INFO - Dependencies all met for dep_context=requeueable deps ti=<TaskInstance: sales_pipeline.export_cloud manual__2026-04-13T15:41:33.216136+00:00 [queued]>
[2026-04-13T15:42:05.453+0000] {taskinstance.py:2170} INFO - Starting attempt 1 of 1
[2026-04-13T15:42:05.562+0000] {taskinstance.py:2191} INFO - Executing <Task(PythonOperator): export_cloud> on 2026-04-13 15:41:33.216136+00:00
[2026-04-13T15:42:05.594+0000] {standard_task_runner.py:60} INFO - Started process 248 to run task
[2026-04-13T15:42:05.612+0000] {standard_task_runner.py:87} INFO - Running: ['***', 'tasks', 'run', 'sales_pipeline', 'export_cloud', 'manual__2026-04-13T15:41:33.216136+00:00', '--job-id', '16', '--raw', '--subdir', 'DAGS_FOLDER/sales_pipeline_dag.py', '--cfg-path', '/tmp/tmpk_5_p74i']
[2026-04-13T15:42:05.622+0000] {standard_task_runner.py:88} INFO - Job 16: Subtask export_cloud
[2026-04-13T15:42:05.951+0000] {task_command.py:423} INFO - Running <TaskInstance: sales_pipeline.export_cloud manual__2026-04-13T15:41:33.216136+00:00 [running]> on host 9c7376dc4485
[2026-04-13T15:42:06.541+0000] {taskinstance.py:2480} INFO - Exporting env vars: AIRFLOW_CTX_DAG_OWNER='***' AIRFLOW_CTX_DAG_ID='sales_pipeline' AIRFLOW_CTX_TASK_ID='export_cloud' AIRFLOW_CTX_EXECUTION_DATE='2026-04-13T15:41:33.216136+00:00' AIRFLOW_CTX_TRY_NUMBER='1' AIRFLOW_CTX_DAG_RUN_ID='manual__2026-04-13T15:41:33.216136+00:00'
[2026-04-13T15:42:06.553+0000] {taskinstance.py:2698} ERROR - Task failed with exception
Traceback (most recent call last):
  File "/home/airflow/.local/lib/python3.8/site-packages/airflow/models/taskinstance.py", line 433, in _execute_task
    result = execute_callable(context=context, **execute_callable_kwargs)
  File "/home/airflow/.local/lib/python3.8/site-packages/airflow/operators/python.py", line 199, in execute
    return_value = self.execute_callable()
  File "/home/airflow/.local/lib/python3.8/site-packages/airflow/operators/python.py", line 216, in execute_callable
    return self.python_callable(*self.op_args, **self.op_kwargs)
  File "/opt/airflow/dags/sales_pipeline_dag.py", line 46, in export_cloud
    sink.export_to_cloud("/opt/airflow/project/week5/data/pipeline_output.csv")
  File "/opt/airflow/project/week5/cloud_sink.py", line 13, in export_to_cloud
    storage_client= storage.Client()
  File "/home/airflow/.local/lib/python3.8/site-packages/google/cloud/storage/client.py", line 172, in __init__
    super(Client, self).__init__(
  File "/home/airflow/.local/lib/python3.8/site-packages/google/cloud/client/__init__.py", line 320, in __init__
    _ClientProjectMixin.__init__(self, project=project, credentials=credentials)
  File "/home/airflow/.local/lib/python3.8/site-packages/google/cloud/client/__init__.py", line 268, in __init__
    project = self._determine_default(project)
  File "/home/airflow/.local/lib/python3.8/site-packages/google/cloud/client/__init__.py", line 287, in _determine_default
    return _determine_default_project(project)
  File "/home/airflow/.local/lib/python3.8/site-packages/google/cloud/_helpers/__init__.py", line 152, in _determine_default_project
    _, project = google.auth.default()
  File "/home/airflow/.local/lib/python3.8/site-packages/google/auth/_default.py", line 657, in default
    credentials, project_id = checker()
  File "/home/airflow/.local/lib/python3.8/site-packages/google/auth/_default.py", line 650, in <lambda>
    lambda: _get_explicit_environ_credentials(quota_project_id=quota_project_id),
  File "/home/airflow/.local/lib/python3.8/site-packages/google/auth/_default.py", line 270, in _get_explicit_environ_credentials
    credentials, project_id = load_credentials_from_file(
  File "/home/airflow/.local/lib/python3.8/site-packages/google/auth/_default.py", line 114, in load_credentials_from_file
    raise exceptions.DefaultCredentialsError(
google.auth.exceptions.DefaultCredentialsError: File gcp-key.json was not found.
[2026-04-13T15:42:06.672+0000] {taskinstance.py:1138} INFO - Marking task as FAILED. dag_id=sales_pipeline, task_id=export_cloud, execution_date=20260413T154133, start_date=20260413T154205, end_date=20260413T154206
[2026-04-13T15:42:06.752+0000] {standard_task_runner.py:107} ERROR - Failed to execute job 16 for task export_cloud (File gcp-key.json was not found.; 248)
[2026-04-13T15:42:06.841+0000] {local_task_job_runner.py:234} INFO - Task exited with return code 1
[2026-04-13T15:42:07.003+0000] {taskinstance.py:3280} INFO - 0 downstream tasks scheduled from follow-on schedule check
