[2026-06-06T18:29:47.890+0000] {taskinstance.py:1956} INFO - Dependencies all met for dep_context=non-requeueable deps ti=<TaskInstance: spark_pipeline.dbt_run scheduled__2026-06-05T00:00:00+00:00 [queued]>
[2026-06-06T18:29:47.955+0000] {taskinstance.py:1956} INFO - Dependencies all met for dep_context=requeueable deps ti=<TaskInstance: spark_pipeline.dbt_run scheduled__2026-06-05T00:00:00+00:00 [queued]>
[2026-06-06T18:29:47.981+0000] {taskinstance.py:2170} INFO - Starting attempt 1 of 1
[2026-06-06T18:29:48.163+0000] {taskinstance.py:2191} INFO - Executing <Task(BashOperator): dbt_run> on 2026-06-05 00:00:00+00:00
[2026-06-06T18:29:48.194+0000] {standard_task_runner.py:60} INFO - Started process 15112 to run task
[2026-06-06T18:29:48.200+0000] {standard_task_runner.py:87} INFO - Running: ['***', 'tasks', 'run', 'spark_pipeline', 'dbt_run', 'scheduled__2026-06-05T00:00:00+00:00', '--job-id', '180', '--raw', '--subdir', 'DAGS_FOLDER/spark_pipeline_dag.py', '--cfg-path', '/tmp/tmp_mpckadq']
[2026-06-06T18:29:48.252+0000] {standard_task_runner.py:88} INFO - Job 180: Subtask dbt_run
[2026-06-06T18:29:48.569+0000] {task_command.py:423} INFO - Running <TaskInstance: spark_pipeline.dbt_run scheduled__2026-06-05T00:00:00+00:00 [running]> on host c5c53f6c77ae
[2026-06-06T18:29:49.148+0000] {taskinstance.py:2480} INFO - Exporting env vars: AIRFLOW_CTX_DAG_OWNER='***' AIRFLOW_CTX_DAG_ID='spark_pipeline' AIRFLOW_CTX_TASK_ID='dbt_run' AIRFLOW_CTX_EXECUTION_DATE='2026-06-05T00:00:00+00:00' AIRFLOW_CTX_TRY_NUMBER='1' AIRFLOW_CTX_DAG_RUN_ID='scheduled__2026-06-05T00:00:00+00:00'
[2026-06-06T18:29:49.170+0000] {subprocess.py:63} INFO - Tmp dir root location: /tmp
[2026-06-06T18:29:49.192+0000] {subprocess.py:75} INFO - Running command: ['/usr/bin/bash', '-c', 'cd /opt/***/project/week7/de_journey && dbt run --profiles-dir /opt/***/project/week7/de_journey --no-version-check']
[2026-06-06T18:29:49.291+0000] {subprocess.py:86} INFO - Output:
[2026-06-06T18:30:12.224+0000] {subprocess.py:93} INFO - [0m18:30:12  Running with dbt=1.8.7
[2026-06-06T18:30:29.073+0000] {subprocess.py:93} INFO - [0m18:30:29  Registered adapter: bigquery=1.8.3
[2026-06-06T18:30:47.646+0000] {subprocess.py:93} INFO - [0m18:30:47  Found 2 models, 1 snapshot, 13 data tests, 1 source, 759 macros
[2026-06-06T18:30:47.661+0000] {subprocess.py:93} INFO - [0m18:30:47
[2026-06-06T18:30:51.248+0000] {subprocess.py:93} INFO - [0m18:30:51  Concurrency: 4 threads (target='dev')
[2026-06-06T18:30:51.252+0000] {subprocess.py:93} INFO - [0m18:30:51
[2026-06-06T18:30:51.282+0000] {subprocess.py:93} INFO - [0m18:30:51  1 of 2 START sql view model de_journey_dw_staging.stg_sales .................... [RUN]
[2026-06-06T18:30:53.647+0000] {subprocess.py:93} INFO - [0m18:30:53  1 of 2 OK created sql view model de_journey_dw_staging.stg_sales ............... [[32mCREATE VIEW (0 processed)[0m in 2.35s]
[2026-06-06T18:30:53.661+0000] {subprocess.py:93} INFO - [0m18:30:53  2 of 2 START sql incremental model de_journey_dw_marts.mart_sales_summary ...... [RUN]
[2026-06-06T18:30:58.007+0000] {subprocess.py:93} INFO - [0m18:30:58  2 of 2 OK created sql incremental model de_journey_dw_marts.mart_sales_summary . [[32mMERGE (0.0 rows, 278.0 Bytes processed)[0m in 4.34s]
[2026-06-06T18:30:58.023+0000] {subprocess.py:93} INFO - [0m18:30:58
[2026-06-06T18:30:58.025+0000] {subprocess.py:93} INFO - [0m18:30:58  Finished running 1 view model, 1 incremental model in 0 hours 0 minutes and 10.36 seconds (10.36s).
[2026-06-06T18:30:58.313+0000] {subprocess.py:93} INFO - [0m18:30:58
[2026-06-06T18:30:58.317+0000] {subprocess.py:93} INFO - [0m18:30:58  [32mCompleted successfully[0m
[2026-06-06T18:30:58.321+0000] {subprocess.py:93} INFO - [0m18:30:58
[2026-06-06T18:30:58.324+0000] {subprocess.py:93} INFO - [0m18:30:58  Done. PASS=2 WARN=0 ERROR=0 SKIP=0 TOTAL=2
[2026-06-06T18:31:05.301+0000] {subprocess.py:97} INFO - Command exited with return code 0
[2026-06-06T18:31:05.389+0000] {taskinstance.py:1138} INFO - Marking task as SUCCESS. dag_id=spark_pipeline, task_id=dbt_run, execution_date=20260605T000000, start_date=20260606T182947, end_date=20260606T183105
[2026-06-06T18:31:05.481+0000] {local_task_job_runner.py:234} INFO - Task exited with return code 0
[2026-06-06T18:31:05.532+0000] {taskinstance.py:3280} INFO - 1 downstream tasks scheduled from follow-on schedule check
