[2026-05-30T14:50:17.383+0000] {taskinstance.py:1956} INFO - Dependencies all met for dep_context=non-requeueable deps ti=<TaskInstance: dbt_pipeline.dbt_snapshot scheduled__2026-05-29T00:00:00+00:00 [queued]>
[2026-05-30T14:50:17.555+0000] {taskinstance.py:1956} INFO - Dependencies all met for dep_context=requeueable deps ti=<TaskInstance: dbt_pipeline.dbt_snapshot scheduled__2026-05-29T00:00:00+00:00 [queued]>
[2026-05-30T14:50:17.556+0000] {taskinstance.py:2170} INFO - Starting attempt 1 of 1
[2026-05-30T14:50:18.646+0000] {taskinstance.py:2191} INFO - Executing <Task(BashOperator): dbt_snapshot> on 2026-05-29 00:00:00+00:00
[2026-05-30T14:50:18.664+0000] {standard_task_runner.py:60} INFO - Started process 9228 to run task
[2026-05-30T14:50:18.672+0000] {standard_task_runner.py:87} INFO - Running: ['***', 'tasks', 'run', 'dbt_pipeline', 'dbt_snapshot', 'scheduled__2026-05-29T00:00:00+00:00', '--job-id', '147', '--raw', '--subdir', 'DAGS_FOLDER/dbt_pipeline_dag.py', '--cfg-path', '/tmp/tmpupbkjzxj']
[2026-05-30T14:50:18.677+0000] {standard_task_runner.py:88} INFO - Job 147: Subtask dbt_snapshot
[2026-05-30T14:50:19.414+0000] {task_command.py:423} INFO - Running <TaskInstance: dbt_pipeline.dbt_snapshot scheduled__2026-05-29T00:00:00+00:00 [running]> on host c5c53f6c77ae
[2026-05-30T14:50:20.499+0000] {taskinstance.py:2480} INFO - Exporting env vars: AIRFLOW_CTX_DAG_OWNER='***' AIRFLOW_CTX_DAG_ID='dbt_pipeline' AIRFLOW_CTX_TASK_ID='dbt_snapshot' AIRFLOW_CTX_EXECUTION_DATE='2026-05-29T00:00:00+00:00' AIRFLOW_CTX_TRY_NUMBER='1' AIRFLOW_CTX_DAG_RUN_ID='scheduled__2026-05-29T00:00:00+00:00'
[2026-05-30T14:50:20.501+0000] {subprocess.py:63} INFO - Tmp dir root location: /tmp
[2026-05-30T14:50:20.900+0000] {subprocess.py:75} INFO - Running command: ['/usr/bin/bash', '-c', 'cd /opt/***/project/week7/de_journey && dbt snapshot --profiles-dir /opt/***/project/week7/de_journey --no-version-check']
[2026-05-30T14:50:21.289+0000] {subprocess.py:86} INFO - Output:
[2026-05-30T14:51:57.467+0000] {subprocess.py:93} INFO - [0m14:51:57  Running with dbt=1.8.7
[2026-05-30T14:52:30.393+0000] {subprocess.py:93} INFO - [0m14:52:30  Registered adapter: bigquery=1.8.3
[2026-05-30T14:53:11.483+0000] {subprocess.py:93} INFO - [0m14:53:11  Found 2 models, 1 snapshot, 13 data tests, 1 source, 759 macros
[2026-05-30T14:53:11.492+0000] {subprocess.py:93} INFO - [0m14:53:11
[2026-05-30T14:53:14.665+0000] {subprocess.py:93} INFO - [0m14:53:14  Concurrency: 4 threads (target='dev')
[2026-05-30T14:53:14.667+0000] {subprocess.py:93} INFO - [0m14:53:14
[2026-05-30T14:53:14.750+0000] {subprocess.py:93} INFO - [0m14:53:14  1 of 1 START snapshot snapshots.sales_snapshot ................................. [RUN]
[2026-05-30T14:53:22.865+0000] {subprocess.py:93} INFO - [0m14:53:22  1 of 1 OK snapshotted snapshots.sales_snapshot ................................. [[32mMERGE (0.0 rows, 351.0 Bytes processed)[0m in 8.11s]
[2026-05-30T14:53:22.879+0000] {subprocess.py:93} INFO - [0m14:53:22
[2026-05-30T14:53:22.881+0000] {subprocess.py:93} INFO - [0m14:53:22  Finished running 1 snapshot in 0 hours 0 minutes and 11.39 seconds (11.39s).
[2026-05-30T14:53:23.268+0000] {subprocess.py:93} INFO - [0m14:53:23
[2026-05-30T14:53:23.273+0000] {subprocess.py:93} INFO - [0m14:53:23  [32mCompleted successfully[0m
[2026-05-30T14:53:23.276+0000] {subprocess.py:93} INFO - [0m14:53:23
[2026-05-30T14:53:23.280+0000] {subprocess.py:93} INFO - [0m14:53:23  Done. PASS=1 WARN=0 ERROR=0 SKIP=0 TOTAL=1
[2026-05-30T14:53:25.817+0000] {subprocess.py:97} INFO - Command exited with return code 0
[2026-05-30T14:53:25.973+0000] {taskinstance.py:1138} INFO - Marking task as SUCCESS. dag_id=dbt_pipeline, task_id=dbt_snapshot, execution_date=20260529T000000, start_date=20260530T145017, end_date=20260530T145325
[2026-05-30T14:53:26.130+0000] {local_task_job_runner.py:234} INFO - Task exited with return code 0
[2026-05-30T14:53:26.464+0000] {taskinstance.py:3280} INFO - 0 downstream tasks scheduled from follow-on schedule check
