[2026-05-01T19:21:44.119+0000] {taskinstance.py:1956} INFO - Dependencies all met for dep_context=non-requeueable deps ti=<TaskInstance: dbt_pipeline.dbt_snapshot scheduled__2026-04-30T00:00:00+00:00 [queued]>
[2026-05-01T19:21:44.177+0000] {taskinstance.py:1956} INFO - Dependencies all met for dep_context=requeueable deps ti=<TaskInstance: dbt_pipeline.dbt_snapshot scheduled__2026-04-30T00:00:00+00:00 [queued]>
[2026-05-01T19:21:44.263+0000] {taskinstance.py:2170} INFO - Starting attempt 1 of 1
[2026-05-01T19:21:45.452+0000] {taskinstance.py:2191} INFO - Executing <Task(BashOperator): dbt_snapshot> on 2026-04-30 00:00:00+00:00
[2026-05-01T19:21:45.462+0000] {standard_task_runner.py:60} INFO - Started process 1963 to run task
[2026-05-01T19:21:45.466+0000] {standard_task_runner.py:87} INFO - Running: ['***', 'tasks', 'run', 'dbt_pipeline', 'dbt_snapshot', 'scheduled__2026-04-30T00:00:00+00:00', '--job-id', '70', '--raw', '--subdir', 'DAGS_FOLDER/dbt_pipeline_dag.py', '--cfg-path', '/tmp/tmpu7vr46zk']
[2026-05-01T19:21:45.469+0000] {standard_task_runner.py:88} INFO - Job 70: Subtask dbt_snapshot
[2026-05-01T19:21:46.363+0000] {task_command.py:423} INFO - Running <TaskInstance: dbt_pipeline.dbt_snapshot scheduled__2026-04-30T00:00:00+00:00 [running]> on host c5c53f6c77ae
[2026-05-01T19:21:47.751+0000] {taskinstance.py:2480} INFO - Exporting env vars: AIRFLOW_CTX_DAG_OWNER='***' AIRFLOW_CTX_DAG_ID='dbt_pipeline' AIRFLOW_CTX_TASK_ID='dbt_snapshot' AIRFLOW_CTX_EXECUTION_DATE='2026-04-30T00:00:00+00:00' AIRFLOW_CTX_TRY_NUMBER='1' AIRFLOW_CTX_DAG_RUN_ID='scheduled__2026-04-30T00:00:00+00:00'
[2026-05-01T19:21:47.757+0000] {subprocess.py:63} INFO - Tmp dir root location: /tmp
[2026-05-01T19:21:47.856+0000] {subprocess.py:75} INFO - Running command: ['/usr/bin/bash', '-c', 'cd /opt/***/project/week7/de_journey && dbt snapshot --profiles-dir /opt/***/project/week7/de_journey --no-version-check']
[2026-05-01T19:21:48.223+0000] {subprocess.py:86} INFO - Output:
[2026-05-01T19:22:20.497+0000] {subprocess.py:93} INFO - [0m19:22:20  Running with dbt=1.8.7
[2026-05-01T19:22:28.428+0000] {subprocess.py:93} INFO - [0m19:22:28  Registered adapter: bigquery=1.8.3
[2026-05-01T19:23:01.051+0000] {subprocess.py:93} INFO - [0m19:23:01  Found 2 models, 1 snapshot, 13 data tests, 1 source, 759 macros
[2026-05-01T19:23:01.058+0000] {subprocess.py:93} INFO - [0m19:23:01
[2026-05-01T19:23:02.947+0000] {subprocess.py:93} INFO - [0m19:23:02  Concurrency: 4 threads (target='dev')
[2026-05-01T19:23:02.949+0000] {subprocess.py:93} INFO - [0m19:23:02
[2026-05-01T19:23:03.055+0000] {subprocess.py:93} INFO - [0m19:23:03  1 of 1 START snapshot snapshots.sales_snapshot ................................. [RUN]
[2026-05-01T19:23:11.785+0000] {subprocess.py:93} INFO - [0m19:23:11  1 of 1 OK snapshotted snapshots.sales_snapshot ................................. [[32mMERGE (0.0 rows, 351.0 Bytes processed)[0m in 8.72s]
[2026-05-01T19:23:11.799+0000] {subprocess.py:93} INFO - [0m19:23:11
[2026-05-01T19:23:11.801+0000] {subprocess.py:93} INFO - [0m19:23:11  Finished running 1 snapshot in 0 hours 0 minutes and 10.74 seconds (10.74s).
[2026-05-01T19:23:12.097+0000] {subprocess.py:93} INFO - [0m19:23:12
[2026-05-01T19:23:12.100+0000] {subprocess.py:93} INFO - [0m19:23:12  [32mCompleted successfully[0m
[2026-05-01T19:23:12.102+0000] {subprocess.py:93} INFO - [0m19:23:12
[2026-05-01T19:23:12.104+0000] {subprocess.py:93} INFO - [0m19:23:12  Done. PASS=1 WARN=0 ERROR=0 SKIP=0 TOTAL=1
[2026-05-01T19:23:13.411+0000] {subprocess.py:97} INFO - Command exited with return code 0
[2026-05-01T19:23:13.523+0000] {taskinstance.py:1138} INFO - Marking task as SUCCESS. dag_id=dbt_pipeline, task_id=dbt_snapshot, execution_date=20260430T000000, start_date=20260501T192144, end_date=20260501T192313
[2026-05-01T19:23:13.690+0000] {local_task_job_runner.py:234} INFO - Task exited with return code 0
[2026-05-01T19:23:13.741+0000] {taskinstance.py:3280} INFO - 1 downstream tasks scheduled from follow-on schedule check
