[2026-05-10T01:05:13.895+0000] {taskinstance.py:1956} INFO - Dependencies all met for dep_context=non-requeueable deps ti=<TaskInstance: sales_pipeline.transform scheduled__2026-05-09T00:00:00+00:00 [queued]>
[2026-05-10T01:05:12.611+0000] {taskinstance.py:1956} INFO - Dependencies all met for dep_context=requeueable deps ti=<TaskInstance: sales_pipeline.transform scheduled__2026-05-09T00:00:00+00:00 [queued]>
[2026-05-10T01:05:12.636+0000] {taskinstance.py:2170} INFO - Starting attempt 1 of 1
[2026-05-10T01:05:13.351+0000] {taskinstance.py:2191} INFO - Executing <Task(PythonOperator): transform> on 2026-05-09 00:00:00+00:00
[2026-05-10T01:05:13.361+0000] {standard_task_runner.py:60} INFO - Started process 7771 to run task
[2026-05-10T01:05:13.366+0000] {standard_task_runner.py:87} INFO - Running: ['***', 'tasks', 'run', 'sales_pipeline', 'transform', 'scheduled__2026-05-09T00:00:00+00:00', '--job-id', '122', '--raw', '--subdir', 'DAGS_FOLDER/sales_pipeline_dag.py', '--cfg-path', '/tmp/tmpw58m7lqa']
[2026-05-10T01:05:13.371+0000] {standard_task_runner.py:88} INFO - Job 122: Subtask transform
[2026-05-10T01:05:13.729+0000] {task_command.py:423} INFO - Running <TaskInstance: sales_pipeline.transform scheduled__2026-05-09T00:00:00+00:00 [running]> on host c5c53f6c77ae
[2026-05-10T01:05:14.587+0000] {taskinstance.py:2480} INFO - Exporting env vars: AIRFLOW_CTX_DAG_OWNER='***' AIRFLOW_CTX_DAG_ID='sales_pipeline' AIRFLOW_CTX_TASK_ID='transform' AIRFLOW_CTX_EXECUTION_DATE='2026-05-09T00:00:00+00:00' AIRFLOW_CTX_TRY_NUMBER='1' AIRFLOW_CTX_DAG_RUN_ID='scheduled__2026-05-09T00:00:00+00:00'
[2026-05-10T01:05:48.957+0000] {taskinstance.py:2698} ERROR - Task failed with exception
Traceback (most recent call last):
  File "/home/airflow/.local/lib/python3.8/site-packages/airflow/models/taskinstance.py", line 433, in _execute_task
    result = execute_callable(context=context, **execute_callable_kwargs)
  File "/home/airflow/.local/lib/python3.8/site-packages/airflow/operators/python.py", line 199, in execute
    return_value = self.execute_callable()
  File "/home/airflow/.local/lib/python3.8/site-packages/airflow/operators/python.py", line 216, in execute_callable
    return self.python_callable(*self.op_args, **self.op_kwargs)
  File "/opt/airflow/dags/sales_pipeline_dag.py", line 22, in transform
    pipe.connect()
  File "/opt/airflow/project/week3/base_pipeline.py", line 17, in connect
    self.conn = psycopg2.connect(
  File "/home/airflow/.local/lib/python3.8/site-packages/psycopg2/__init__.py", line 122, in connect
    conn = _connect(dsn, connection_factory=connection_factory, **kwasync)
psycopg2.OperationalError: could not translate host name "host.docker.internal" to address: Temporary failure in name resolution

[2026-05-16T19:37:34.320+0000] {taskinstance.py:1138} INFO - Marking task as FAILED. dag_id=sales_pipeline, task_id=transform, execution_date=20260509T000000, start_date=20260510T010513, end_date=20260516T193734
[2026-05-16T19:37:27.836+0000] {local_task_job_runner.py:211} ERROR - Heartbeat time limit exceeded!
[2026-05-16T19:37:27.843+0000] {process_utils.py:131} INFO - Sending 15 to group 7771. PIDs of all processes in the group: [7771]
[2026-05-16T19:37:27.845+0000] {process_utils.py:86} INFO - Sending the signal 15 to group 7771
[2026-05-16T19:37:28.301+0000] {taskinstance.py:2450} ERROR - Received SIGTERM. Terminating subprocesses.
[2026-05-16T19:37:28.304+0000] {standard_task_runner.py:107} ERROR - Failed to execute job 122 for task transform (Task received SIGTERM signal; 7771)
[2026-05-16T19:37:28.469+0000] {process_utils.py:79} INFO - Process psutil.Process(pid=7771, status='terminated', exitcode=1, started='2026-05-10 01:05:13') (7771) terminated with exit code 1
