[2026-04-10T17:10:52.627+0000] {manager.py:469} INFO - Processing files using up to 2 processes at a time 
[2026-04-10T17:10:52.632+0000] {manager.py:470} INFO - Process each file at most once every 30 seconds
[2026-04-10T17:10:52.633+0000] {manager.py:471} INFO - Checking for new files in /opt/airflow/dags every 300 seconds
[2026-04-10T17:10:52.635+0000] {manager.py:738} INFO - Searching for files in /opt/airflow/dags
[2026-04-10T17:10:52.645+0000] {manager.py:741} INFO - There are 0 files in /opt/airflow/dags
[2026-04-10T17:15:52.686+0000] {manager.py:738} INFO - Searching for files in /opt/airflow/dags
[2026-04-10T17:15:52.696+0000] {manager.py:741} INFO - There are 0 files in /opt/airflow/dags
[2026-04-10T17:17:01.059+0000] {manager.py:451} INFO - Exiting gracefully upon receiving signal 15
[2026-04-10T17:18:10.793+0000] {manager.py:469} INFO - Processing files using up to 2 processes at a time 
[2026-04-10T17:18:10.794+0000] {manager.py:470} INFO - Process each file at most once every 30 seconds
[2026-04-10T17:18:10.795+0000] {manager.py:471} INFO - Checking for new files in /opt/airflow/dags every 300 seconds
[2026-04-10T17:18:10.797+0000] {manager.py:738} INFO - Searching for files in /opt/airflow/dags
[2026-04-10T17:18:10.810+0000] {manager.py:741} INFO - There are 0 files in /opt/airflow/dags
[2026-04-10T17:23:11.056+0000] {manager.py:738} INFO - Searching for files in /opt/airflow/dags
[2026-04-10T17:23:11.208+0000] {manager.py:741} INFO - There are 0 files in /opt/airflow/dags
[2026-04-10T17:28:11.697+0000] {manager.py:738} INFO - Searching for files in /opt/airflow/dags
[2026-04-10T17:28:11.727+0000] {manager.py:741} INFO - There are 0 files in /opt/airflow/dags
[2026-04-10T17:33:12.465+0000] {manager.py:738} INFO - Searching for files in /opt/airflow/dags
[2026-04-10T17:33:12.493+0000] {manager.py:741} INFO - There are 0 files in /opt/airflow/dags
[2026-04-10T17:38:13.228+0000] {manager.py:738} INFO - Searching for files in /opt/airflow/dags
[2026-04-10T17:38:13.308+0000] {manager.py:741} INFO - There are 1 files in /opt/airflow/dags
[2026-04-10T17:38:27.513+0000] {manager.py:879} INFO - 
================================================================================
DAG File Processing Stats

File Path                                PID    Runtime      # DAGs    # Errors  Last Runtime    Last Run
---------------------------------------  -----  ---------  --------  ----------  --------------  -------------------
/opt/airflow/dags/sales_pipeline_dag.py                           0           1  0.69s           2026-04-10T17:38:14
================================================================================
[2026-04-10T17:38:55.977+0000] {manager.py:879} INFO - 
================================================================================
DAG File Processing Stats

File Path                                PID    Runtime      # DAGs    # Errors  Last Runtime    Last Run
---------------------------------------  -----  ---------  --------  ----------  --------------  -------------------
/opt/airflow/dags/sales_pipeline_dag.py                           0           1  0.34s           2026-04-10T17:38:44
================================================================================
[2026-04-10T17:39:23.801+0000] {manager.py:879} INFO - 
================================================================================
DAG File Processing Stats

File Path                                PID    Runtime      # DAGs    # Errors  Last Runtime    Last Run
---------------------------------------  -----  ---------  --------  ----------  --------------  -------------------
/opt/airflow/dags/sales_pipeline_dag.py                           0           1  0.36s           2026-04-10T17:39:15
================================================================================
[2026-04-10T17:39:52.194+0000] {manager.py:879} INFO - 
================================================================================
DAG File Processing Stats

File Path                                PID    Runtime      # DAGs    # Errors  Last Runtime    Last Run
---------------------------------------  -----  ---------  --------  ----------  --------------  -------------------
/opt/airflow/dags/sales_pipeline_dag.py                           0           1  0.28s           2026-04-10T17:39:46
================================================================================
[2026-04-10T17:40:20.555+0000] {manager.py:879} INFO - 
================================================================================
DAG File Processing Stats

File Path                                PID    Runtime      # DAGs    # Errors  Last Runtime    Last Run
---------------------------------------  -----  ---------  --------  ----------  --------------  -------------------
/opt/airflow/dags/sales_pipeline_dag.py                           0           1  0.46s           2026-04-10T17:40:16
================================================================================
[2026-04-10T17:40:48.344+0000] {manager.py:879} INFO - 
================================================================================
DAG File Processing Stats

File Path                                PID    Runtime      # DAGs    # Errors  Last Runtime    Last Run
---------------------------------------  -----  ---------  --------  ----------  --------------  -------------------
/opt/airflow/dags/sales_pipeline_dag.py                           0           1  0.36s           2026-04-10T17:40:47
================================================================================
[2026-04-10T17:41:16.457+0000] {manager.py:879} INFO - 
================================================================================
DAG File Processing Stats

File Path                                PID    Runtime      # DAGs    # Errors  Last Runtime    Last Run
---------------------------------------  -----  ---------  --------  ----------  --------------  -------------------
/opt/airflow/dags/sales_pipeline_dag.py                           0           1  0.70s           2026-04-10T17:41:15
================================================================================
[2026-04-10T17:41:44.945+0000] {manager.py:879} INFO - 
================================================================================
DAG File Processing Stats

File Path                                PID    Runtime      # DAGs    # Errors  Last Runtime    Last Run
---------------------------------------  -----  ---------  --------  ----------  --------------  -------------------
/opt/airflow/dags/sales_pipeline_dag.py                           0           1  0.70s           2026-04-10T17:41:15
================================================================================
[2026-04-10T17:42:13.334+0000] {manager.py:879} INFO - 
================================================================================
DAG File Processing Stats

File Path                                PID    Runtime      # DAGs    # Errors  Last Runtime    Last Run
---------------------------------------  -----  ---------  --------  ----------  --------------  -------------------
/opt/airflow/dags/sales_pipeline_dag.py                           0           1  0.89s           2026-04-10T17:41:46
================================================================================
[2026-04-10T17:42:41.392+0000] {manager.py:879} INFO - 
================================================================================
DAG File Processing Stats

File Path                                PID    Runtime      # DAGs    # Errors  Last Runtime    Last Run
---------------------------------------  -----  ---------  --------  ----------  --------------  -------------------
/opt/airflow/dags/sales_pipeline_dag.py                           0           1  0.42s           2026-04-10T17:42:17
================================================================================
[2026-04-10T17:43:09.316+0000] {manager.py:879} INFO - 
================================================================================
DAG File Processing Stats

File Path                                PID    Runtime      # DAGs    # Errors  Last Runtime    Last Run
---------------------------------------  -----  ---------  --------  ----------  --------------  -------------------
/opt/airflow/dags/sales_pipeline_dag.py                           0           1  0.35s           2026-04-10T17:42:48
================================================================================
[2026-04-10T17:43:13.505+0000] {manager.py:738} INFO - Searching for files in /opt/airflow/dags
[2026-04-10T17:43:13.582+0000] {manager.py:741} INFO - There are 1 files in /opt/airflow/dags
[2026-04-10T17:43:37.114+0000] {manager.py:879} INFO - 
================================================================================
DAG File Processing Stats

File Path                                PID    Runtime      # DAGs    # Errors  Last Runtime    Last Run
---------------------------------------  -----  ---------  --------  ----------  --------------  -------------------
/opt/airflow/dags/sales_pipeline_dag.py                           0           1  0.33s           2026-04-10T17:43:18
================================================================================
[2026-04-10T17:44:05.513+0000] {manager.py:879} INFO - 
================================================================================
DAG File Processing Stats

File Path                                PID    Runtime      # DAGs    # Errors  Last Runtime    Last Run
---------------------------------------  -----  ---------  --------  ----------  --------------  -------------------
/opt/airflow/dags/sales_pipeline_dag.py                           0           1  0.35s           2026-04-10T17:43:49
================================================================================
[2026-04-10T17:44:33.492+0000] {manager.py:879} INFO - 
================================================================================
DAG File Processing Stats

File Path                                PID    Runtime      # DAGs    # Errors  Last Runtime    Last Run
---------------------------------------  -----  ---------  --------  ----------  --------------  -------------------
/opt/airflow/dags/sales_pipeline_dag.py                           0           1  0.57s           2026-04-10T17:44:20
================================================================================
[2026-04-10T17:44:58.921+0000] {manager.py:451} INFO - Exiting gracefully upon receiving signal 15
[2026-04-10T17:48:23.286+0000] {manager.py:469} INFO - Processing files using up to 2 processes at a time 
[2026-04-10T17:48:23.287+0000] {manager.py:470} INFO - Process each file at most once every 30 seconds
[2026-04-10T17:48:23.288+0000] {manager.py:471} INFO - Checking for new files in /opt/airflow/dags every 300 seconds
[2026-04-10T17:48:23.289+0000] {manager.py:738} INFO - Searching for files in /opt/airflow/dags
[2026-04-10T17:48:23.379+0000] {manager.py:741} INFO - There are 1 files in /opt/airflow/dags
[2026-04-10T17:48:24.226+0000] {manager.py:879} INFO - 
================================================================================
DAG File Processing Stats

File Path                                  PID  Runtime      # DAGs    # Errors  Last Runtime    Last Run
---------------------------------------  -----  ---------  --------  ----------  --------------  ----------
/opt/airflow/dags/sales_pipeline_dag.py    168  0.37s             0           0
================================================================================
[2026-04-10T17:49:57.812+0000] {manager.py:469} INFO - Processing files using up to 2 processes at a time 
[2026-04-10T17:49:57.819+0000] {manager.py:470} INFO - Process each file at most once every 30 seconds
[2026-04-10T17:49:57.820+0000] {manager.py:471} INFO - Checking for new files in /opt/airflow/dags every 300 seconds
[2026-04-10T17:49:57.821+0000] {manager.py:738} INFO - Searching for files in /opt/airflow/dags
[2026-04-10T17:49:57.891+0000] {manager.py:741} INFO - There are 1 files in /opt/airflow/dags
[2026-04-10T17:49:58.428+0000] {manager.py:879} INFO - 
================================================================================
DAG File Processing Stats

File Path                                  PID  Runtime      # DAGs    # Errors  Last Runtime    Last Run
---------------------------------------  -----  ---------  --------  ----------  --------------  ----------
/opt/airflow/dags/sales_pipeline_dag.py    167  0.22s             0           0
================================================================================
[2026-04-10T17:50:26.190+0000] {manager.py:879} INFO - 
================================================================================
DAG File Processing Stats

File Path                                PID    Runtime      # DAGs    # Errors  Last Runtime    Last Run
---------------------------------------  -----  ---------  --------  ----------  --------------  -------------------
/opt/airflow/dags/sales_pipeline_dag.py                           0           1  0.63s           2026-04-10T17:49:58
================================================================================
[2026-04-10T17:50:54.201+0000] {manager.py:879} INFO - 
================================================================================
DAG File Processing Stats

File Path                                PID    Runtime      # DAGs    # Errors  Last Runtime    Last Run
---------------------------------------  -----  ---------  --------  ----------  --------------  -------------------
/opt/airflow/dags/sales_pipeline_dag.py                           0           1  0.73s           2026-04-10T17:50:29
================================================================================
[2026-04-10T17:51:22.106+0000] {manager.py:879} INFO - 
================================================================================
DAG File Processing Stats

File Path                                PID    Runtime      # DAGs    # Errors  Last Runtime    Last Run
---------------------------------------  -----  ---------  --------  ----------  --------------  -------------------
/opt/airflow/dags/sales_pipeline_dag.py                           0           1  0.77s           2026-04-10T17:51:00
================================================================================
[2026-04-10T17:51:50.163+0000] {manager.py:879} INFO - 
================================================================================
DAG File Processing Stats

File Path                                PID    Runtime      # DAGs    # Errors  Last Runtime    Last Run
---------------------------------------  -----  ---------  --------  ----------  --------------  -------------------
/opt/airflow/dags/sales_pipeline_dag.py                           0           1  0.65s           2026-04-10T17:51:31
================================================================================
[2026-04-10T17:52:18.635+0000] {manager.py:879} INFO - 
================================================================================
DAG File Processing Stats

File Path                                PID    Runtime      # DAGs    # Errors  Last Runtime    Last Run
---------------------------------------  -----  ---------  --------  ----------  --------------  -------------------
/opt/airflow/dags/sales_pipeline_dag.py                           0           1  0.90s           2026-04-10T17:52:03
================================================================================
[2026-04-10T17:52:46.387+0000] {manager.py:879} INFO - 
================================================================================
DAG File Processing Stats

File Path                                PID    Runtime      # DAGs    # Errors  Last Runtime    Last Run
---------------------------------------  -----  ---------  --------  ----------  --------------  -------------------
/opt/airflow/dags/sales_pipeline_dag.py                           0           1  0.79s           2026-04-10T17:52:34
================================================================================
[2026-04-10T17:53:14.849+0000] {manager.py:879} INFO - 
================================================================================
DAG File Processing Stats

File Path                                PID    Runtime      # DAGs    # Errors  Last Runtime    Last Run
---------------------------------------  -----  ---------  --------  ----------  --------------  -------------------
/opt/airflow/dags/sales_pipeline_dag.py                           0           1  1.10s           2026-04-10T17:53:06
================================================================================
[2026-04-10T17:53:19.369+0000] {manager.py:451} INFO - Exiting gracefully upon receiving signal 15
[2026-04-10T17:55:26.519+0000] {manager.py:469} INFO - Processing files using up to 2 processes at a time 
[2026-04-10T17:55:26.521+0000] {manager.py:470} INFO - Process each file at most once every 30 seconds
[2026-04-10T17:55:26.522+0000] {manager.py:471} INFO - Checking for new files in /opt/airflow/dags every 300 seconds
[2026-04-10T17:55:26.522+0000] {manager.py:738} INFO - Searching for files in /opt/airflow/dags
[2026-04-10T17:55:26.610+0000] {manager.py:741} INFO - There are 1 files in /opt/airflow/dags
[2026-04-10T17:55:24.023+0000] {manager.py:879} INFO - 
================================================================================
DAG File Processing Stats

File Path                                  PID  Runtime      # DAGs    # Errors  Last Runtime    Last Run
---------------------------------------  -----  ---------  --------  ----------  --------------  ----------
/opt/airflow/dags/sales_pipeline_dag.py    168  0.25s             0           0
================================================================================
[2026-04-10T17:55:53.213+0000] {manager.py:879} INFO - 
================================================================================
DAG File Processing Stats

File Path                                PID    Runtime      # DAGs    # Errors  Last Runtime    Last Run
---------------------------------------  -----  ---------  --------  ----------  --------------  -------------------
/opt/airflow/dags/sales_pipeline_dag.py                           0           1  0.77s           2026-04-10T17:55:24
================================================================================
[2026-04-10T17:56:21.007+0000] {manager.py:879} INFO - 
================================================================================
DAG File Processing Stats

File Path                                PID    Runtime      # DAGs    # Errors  Last Runtime    Last Run
---------------------------------------  -----  ---------  --------  ----------  --------------  -------------------
/opt/airflow/dags/sales_pipeline_dag.py                           0           1  1.68s           2026-04-10T17:55:56
================================================================================
[2026-04-10T17:56:49.230+0000] {manager.py:879} INFO - 
================================================================================
DAG File Processing Stats

File Path                                PID    Runtime      # DAGs    # Errors  Last Runtime    Last Run
---------------------------------------  -----  ---------  --------  ----------  --------------  -------------------
/opt/airflow/dags/sales_pipeline_dag.py                           0           1  1.07s           2026-04-10T17:56:27
================================================================================
[2026-04-10T17:57:16.956+0000] {manager.py:879} INFO - 
================================================================================
DAG File Processing Stats

File Path                                PID    Runtime      # DAGs    # Errors  Last Runtime    Last Run
---------------------------------------  -----  ---------  --------  ----------  --------------  -------------------
/opt/airflow/dags/sales_pipeline_dag.py                           0           1  0.70s           2026-04-10T17:56:59
================================================================================
[2026-04-10T17:57:26.127+0000] {manager.py:451} INFO - Exiting gracefully upon receiving signal 15
[2026-04-13T15:13:10.714+0000] {manager.py:469} INFO - Processing files using up to 2 processes at a time 
[2026-04-13T15:13:10.717+0000] {manager.py:470} INFO - Process each file at most once every 30 seconds
[2026-04-13T15:13:10.718+0000] {manager.py:471} INFO - Checking for new files in /opt/airflow/dags every 300 seconds
[2026-04-13T15:13:10.719+0000] {manager.py:738} INFO - Searching for files in /opt/airflow/dags
[2026-04-13T15:13:10.800+0000] {manager.py:741} INFO - There are 1 files in /opt/airflow/dags
[2026-04-13T15:13:11.030+0000] {manager.py:879} INFO - 
================================================================================
DAG File Processing Stats

File Path                                  PID  Runtime      # DAGs    # Errors  Last Runtime    Last Run
---------------------------------------  -----  ---------  --------  ----------  --------------  ----------
/opt/airflow/dags/sales_pipeline_dag.py    168  0.12s             0           0
================================================================================
[2026-04-13T15:13:39.068+0000] {manager.py:879} INFO - 
================================================================================
DAG File Processing Stats

File Path                                PID    Runtime      # DAGs    # Errors  Last Runtime    Last Run
---------------------------------------  -----  ---------  --------  ----------  --------------  -------------------
/opt/airflow/dags/sales_pipeline_dag.py                           0           1  0.34s           2026-04-13T15:13:11
================================================================================
[2026-04-13T15:14:07.468+0000] {manager.py:879} INFO - 
================================================================================
DAG File Processing Stats

File Path                                PID    Runtime      # DAGs    # Errors  Last Runtime    Last Run
---------------------------------------  -----  ---------  --------  ----------  --------------  -------------------
/opt/airflow/dags/sales_pipeline_dag.py                           0           1  1.09s           2026-04-13T15:13:42
================================================================================
[2026-04-13T15:14:35.634+0000] {manager.py:879} INFO - 
================================================================================
DAG File Processing Stats

File Path                                PID    Runtime      # DAGs    # Errors  Last Runtime    Last Run
---------------------------------------  -----  ---------  --------  ----------  --------------  -------------------
/opt/airflow/dags/sales_pipeline_dag.py                           0           1  0.36s           2026-04-13T15:14:12
================================================================================
[2026-04-13T15:15:03.451+0000] {manager.py:879} INFO - 
================================================================================
DAG File Processing Stats

File Path                                PID    Runtime      # DAGs    # Errors  Last Runtime    Last Run
---------------------------------------  -----  ---------  --------  ----------  --------------  -------------------
/opt/airflow/dags/sales_pipeline_dag.py                           0           1  0.36s           2026-04-13T15:14:43
================================================================================
[2026-04-13T15:15:31.896+0000] {manager.py:879} INFO - 
================================================================================
DAG File Processing Stats

File Path                                PID    Runtime      # DAGs    # Errors  Last Runtime    Last Run
---------------------------------------  -----  ---------  --------  ----------  --------------  -------------------
/opt/airflow/dags/sales_pipeline_dag.py                           0           1  0.32s           2026-04-13T15:15:13
================================================================================
[2026-04-13T15:15:41.912+0000] {manager.py:451} INFO - Exiting gracefully upon receiving signal 15
[2026-04-13T15:18:52.923+0000] {manager.py:469} INFO - Processing files using up to 2 processes at a time 
[2026-04-13T15:18:52.928+0000] {manager.py:470} INFO - Process each file at most once every 30 seconds
[2026-04-13T15:18:52.929+0000] {manager.py:471} INFO - Checking for new files in /opt/airflow/dags every 300 seconds
[2026-04-13T15:18:52.930+0000] {manager.py:738} INFO - Searching for files in /opt/airflow/dags
[2026-04-13T15:18:52.971+0000] {manager.py:741} INFO - There are 1 files in /opt/airflow/dags
[2026-04-13T15:19:01.658+0000] {manager.py:879} INFO - 
================================================================================
DAG File Processing Stats

File Path                                  PID  Runtime      # DAGs    # Errors  Last Runtime    Last Run
---------------------------------------  -----  ---------  --------  ----------  --------------  ----------
/opt/airflow/dags/sales_pipeline_dag.py    166  0.08s             0           0
================================================================================
[2026-04-13T15:19:29.564+0000] {manager.py:879} INFO - 
================================================================================
DAG File Processing Stats

File Path                                PID    Runtime      # DAGs    # Errors  Last Runtime    Last Run
---------------------------------------  -----  ---------  --------  ----------  --------------  -------------------
/opt/airflow/dags/sales_pipeline_dag.py                           0           1  0.81s           2026-04-13T15:19:02
================================================================================
[2026-04-13T15:19:57.280+0000] {manager.py:879} INFO - 
================================================================================
DAG File Processing Stats

File Path                                PID    Runtime      # DAGs    # Errors  Last Runtime    Last Run
---------------------------------------  -----  ---------  --------  ----------  --------------  -------------------
/opt/airflow/dags/sales_pipeline_dag.py                           0           1  0.49s           2026-04-13T15:19:33
================================================================================
[2026-04-13T15:20:25.577+0000] {manager.py:879} INFO - 
================================================================================
DAG File Processing Stats

File Path                                PID    Runtime      # DAGs    # Errors  Last Runtime    Last Run
---------------------------------------  -----  ---------  --------  ----------  --------------  -------------------
/opt/airflow/dags/sales_pipeline_dag.py                           0           1  0.28s           2026-04-13T15:20:03
================================================================================
[2026-04-13T15:20:53.823+0000] {manager.py:879} INFO - 
================================================================================
DAG File Processing Stats

File Path                                PID    Runtime      # DAGs    # Errors  Last Runtime    Last Run
---------------------------------------  -----  ---------  --------  ----------  --------------  -------------------
/opt/airflow/dags/sales_pipeline_dag.py                           0           1  0.38s           2026-04-13T15:20:34
================================================================================
[2026-04-13T15:21:21.939+0000] {manager.py:879} INFO - 
================================================================================
DAG File Processing Stats

File Path                                PID    Runtime      # DAGs    # Errors  Last Runtime    Last Run
---------------------------------------  -----  ---------  --------  ----------  --------------  -------------------
/opt/airflow/dags/sales_pipeline_dag.py                           0           1  0.45s           2026-04-13T15:21:04
================================================================================
[2026-04-13T15:21:49.712+0000] {manager.py:879} INFO - 
================================================================================
DAG File Processing Stats

File Path                                PID    Runtime      # DAGs    # Errors  Last Runtime    Last Run
---------------------------------------  -----  ---------  --------  ----------  --------------  -------------------
/opt/airflow/dags/sales_pipeline_dag.py                           0           1  0.64s           2026-04-13T15:21:35
================================================================================
[2026-04-13T15:22:10.182+0000] {manager.py:451} INFO - Exiting gracefully upon receiving signal 15
[2026-04-13T15:25:17.321+0000] {manager.py:469} INFO - Processing files using up to 2 processes at a time 
[2026-04-13T15:25:17.327+0000] {manager.py:470} INFO - Process each file at most once every 30 seconds
[2026-04-13T15:25:17.328+0000] {manager.py:471} INFO - Checking for new files in /opt/airflow/dags every 300 seconds
[2026-04-13T15:25:17.329+0000] {manager.py:738} INFO - Searching for files in /opt/airflow/dags
[2026-04-13T15:25:17.389+0000] {manager.py:741} INFO - There are 1 files in /opt/airflow/dags
[2026-04-13T15:25:17.711+0000] {manager.py:879} INFO - 
================================================================================
DAG File Processing Stats

File Path                                  PID  Runtime      # DAGs    # Errors  Last Runtime    Last Run
---------------------------------------  -----  ---------  --------  ----------  --------------  ----------
/opt/airflow/dags/sales_pipeline_dag.py    168  0.11s             0           0
================================================================================
[2026-04-13T15:25:46.328+0000] {manager.py:879} INFO - 
================================================================================
DAG File Processing Stats

File Path                                PID    Runtime      # DAGs    # Errors  Last Runtime    Last Run
---------------------------------------  -----  ---------  --------  ----------  --------------  -------------------
/opt/airflow/dags/sales_pipeline_dag.py                           1           0  5.06s           2026-04-13T15:25:22
================================================================================
[2026-04-13T15:26:14.032+0000] {manager.py:879} INFO - 
================================================================================
DAG File Processing Stats

File Path                                  PID  Runtime      # DAGs    # Errors  Last Runtime    Last Run
---------------------------------------  -----  ---------  --------  ----------  --------------  -------------------
/opt/airflow/dags/sales_pipeline_dag.py    174  20.84s            1           0  5.06s           2026-04-13T15:25:22
================================================================================
[2026-04-13T15:26:42.261+0000] {manager.py:879} INFO - 
================================================================================
DAG File Processing Stats

File Path                                PID    Runtime      # DAGs    # Errors  Last Runtime    Last Run
---------------------------------------  -----  ---------  --------  ----------  --------------  -------------------
/opt/airflow/dags/sales_pipeline_dag.py                           1           0  24.69s          2026-04-13T15:26:17
================================================================================
[2026-04-13T15:27:10.476+0000] {manager.py:879} INFO - 
================================================================================
DAG File Processing Stats

File Path                                PID    Runtime      # DAGs    # Errors  Last Runtime    Last Run
---------------------------------------  -----  ---------  --------  ----------  --------------  -------------------
/opt/airflow/dags/sales_pipeline_dag.py                           1           0  4.10s           2026-04-13T15:26:52
================================================================================
[2026-04-13T15:27:38.549+0000] {manager.py:879} INFO - 
================================================================================
DAG File Processing Stats

File Path                                PID    Runtime      # DAGs    # Errors  Last Runtime    Last Run
---------------------------------------  -----  ---------  --------  ----------  --------------  -------------------
/opt/airflow/dags/sales_pipeline_dag.py                           1           0  2.84s           2026-04-13T15:27:25
================================================================================
[2026-04-13T15:28:06.546+0000] {manager.py:879} INFO - 
================================================================================
DAG File Processing Stats

File Path                                PID    Runtime      # DAGs    # Errors  Last Runtime    Last Run
---------------------------------------  -----  ---------  --------  ----------  --------------  -------------------
/opt/airflow/dags/sales_pipeline_dag.py                           1           0  2.55s           2026-04-13T15:27:58
================================================================================
[2026-04-13T15:28:34.483+0000] {manager.py:879} INFO - 
================================================================================
DAG File Processing Stats

File Path                                  PID  Runtime      # DAGs    # Errors  Last Runtime    Last Run
---------------------------------------  -----  ---------  --------  ----------  --------------  -------------------
/opt/airflow/dags/sales_pipeline_dag.py    202  5.62s             1           0  2.55s           2026-04-13T15:27:58
================================================================================
[2026-04-13T15:29:02.991+0000] {manager.py:879} INFO - 
================================================================================
DAG File Processing Stats

File Path                                PID    Runtime      # DAGs    # Errors  Last Runtime    Last Run
---------------------------------------  -----  ---------  --------  ----------  --------------  -------------------
/opt/airflow/dags/sales_pipeline_dag.py                           1           0  8.67s           2026-04-13T15:28:37
================================================================================
[2026-04-13T15:29:31.453+0000] {manager.py:879} INFO - 
================================================================================
DAG File Processing Stats

File Path                                PID    Runtime      # DAGs    # Errors  Last Runtime    Last Run
---------------------------------------  -----  ---------  --------  ----------  --------------  -------------------
/opt/airflow/dags/sales_pipeline_dag.py                           1           0  3.14s           2026-04-13T15:29:11
================================================================================
[2026-04-13T15:29:59.830+0000] {manager.py:879} INFO - 
================================================================================
DAG File Processing Stats

File Path                                PID    Runtime      # DAGs    # Errors  Last Runtime    Last Run
---------------------------------------  -----  ---------  --------  ----------  --------------  -------------------
/opt/airflow/dags/sales_pipeline_dag.py                           1           0  2.36s           2026-04-13T15:29:43
================================================================================
[2026-04-13T15:30:17.378+0000] {manager.py:738} INFO - Searching for files in /opt/airflow/dags
[2026-04-13T15:30:17.448+0000] {manager.py:741} INFO - There are 1 files in /opt/airflow/dags
[2026-04-13T15:30:27.649+0000] {manager.py:879} INFO - 
================================================================================
DAG File Processing Stats

File Path                                PID    Runtime      # DAGs    # Errors  Last Runtime    Last Run
---------------------------------------  -----  ---------  --------  ----------  --------------  -------------------
/opt/airflow/dags/sales_pipeline_dag.py                           1           0  2.52s           2026-04-13T15:30:16
================================================================================
[2026-04-13T15:30:54.531+0000] {manager.py:879} INFO - 
================================================================================
DAG File Processing Stats

File Path                                PID    Runtime      # DAGs    # Errors  Last Runtime    Last Run
---------------------------------------  -----  ---------  --------  ----------  --------------  -------------------
/opt/airflow/dags/sales_pipeline_dag.py                           1           0  2.83s           2026-04-13T15:30:49
================================================================================
[2026-04-13T15:31:23.896+0000] {manager.py:879} INFO - 
================================================================================
DAG File Processing Stats

File Path                                PID    Runtime      # DAGs    # Errors  Last Runtime    Last Run
---------------------------------------  -----  ---------  --------  ----------  --------------  -------------------
/opt/airflow/dags/sales_pipeline_dag.py                           1           0  2.86s           2026-04-13T15:31:22
================================================================================
[2026-04-13T15:31:49.821+0000] {manager.py:879} INFO - 
================================================================================
DAG File Processing Stats

File Path                                PID    Runtime      # DAGs    # Errors  Last Runtime    Last Run
---------------------------------------  -----  ---------  --------  ----------  --------------  -------------------
/opt/airflow/dags/sales_pipeline_dag.py                           1           0  2.86s           2026-04-13T15:31:22
================================================================================
[2026-04-13T15:32:18.036+0000] {manager.py:879} INFO - 
================================================================================
DAG File Processing Stats

File Path                                PID    Runtime      # DAGs    # Errors  Last Runtime    Last Run
---------------------------------------  -----  ---------  --------  ----------  --------------  -------------------
/opt/airflow/dags/sales_pipeline_dag.py                           1           0  2.81s           2026-04-13T15:31:55
================================================================================
[2026-04-13T15:32:46.347+0000] {manager.py:879} INFO - 
================================================================================
DAG File Processing Stats

File Path                                PID    Runtime      # DAGs    # Errors  Last Runtime    Last Run
---------------------------------------  -----  ---------  --------  ----------  --------------  -------------------
/opt/airflow/dags/sales_pipeline_dag.py                           1           0  3.36s           2026-04-13T15:32:29
================================================================================
[2026-04-13T15:33:14.885+0000] {manager.py:879} INFO - 
================================================================================
DAG File Processing Stats

File Path                                PID    Runtime      # DAGs    # Errors  Last Runtime    Last Run
---------------------------------------  -----  ---------  --------  ----------  --------------  -------------------
/opt/airflow/dags/sales_pipeline_dag.py                           1           0  3.29s           2026-04-13T15:33:02
================================================================================
[2026-04-13T15:33:42.723+0000] {manager.py:879} INFO - 
================================================================================
DAG File Processing Stats

File Path                                PID    Runtime      # DAGs    # Errors  Last Runtime    Last Run
---------------------------------------  -----  ---------  --------  ----------  --------------  -------------------
/opt/airflow/dags/sales_pipeline_dag.py                           1           0  4.62s           2026-04-13T15:33:37
================================================================================
[2026-04-13T15:34:10.600+0000] {manager.py:879} INFO - 
================================================================================
DAG File Processing Stats

File Path                                  PID  Runtime      # DAGs    # Errors  Last Runtime    Last Run
---------------------------------------  -----  ---------  --------  ----------  --------------  -------------------
/opt/airflow/dags/sales_pipeline_dag.py    264  2.32s             1           0  4.62s           2026-04-13T15:33:37
================================================================================
[2026-04-13T15:34:10.711+0000] {manager.py:451} INFO - Exiting gracefully upon receiving signal 15
