[2026-05-01T19:21:32.307+0000] {processor.py:161} INFO - Started process (PID=1947) to work on /opt/airflow/dags/dbt_pipeline_dag.py
[2026-05-01T19:21:32.313+0000] {processor.py:830} INFO - Processing file /opt/airflow/dags/dbt_pipeline_dag.py for tasks to queue
[2026-05-01T19:21:32.317+0000] {logging_mixin.py:188} INFO - [2026-05-01T19:21:32.317+0000] {dagbag.py:538} INFO - Filling up the DagBag from /opt/airflow/dags/dbt_pipeline_dag.py
[2026-05-01T19:21:32.373+0000] {processor.py:840} INFO - DAG(s) 'dbt_pipeline' retrieved from /opt/airflow/dags/dbt_pipeline_dag.py
[2026-05-01T19:21:32.671+0000] {logging_mixin.py:188} INFO - [2026-05-01T19:21:32.670+0000] {dag.py:3036} INFO - Sync 1 DAGs
[2026-05-01T19:21:32.712+0000] {logging_mixin.py:188} INFO - [2026-05-01T19:21:32.712+0000] {dag.py:3823} INFO - Setting next_dagrun for dbt_pipeline to 2026-04-30 00:00:00+00:00, run_after=2026-05-01 00:00:00+00:00
[2026-05-01T19:21:34.411+0000] {processor.py:183} INFO - Processing /opt/airflow/dags/dbt_pipeline_dag.py took 2.134 seconds
[2026-05-01T19:22:11.506+0000] {processor.py:161} INFO - Started process (PID=1971) to work on /opt/airflow/dags/dbt_pipeline_dag.py
[2026-05-01T19:22:11.510+0000] {processor.py:830} INFO - Processing file /opt/airflow/dags/dbt_pipeline_dag.py for tasks to queue
[2026-05-01T19:22:11.516+0000] {logging_mixin.py:188} INFO - [2026-05-01T19:22:11.515+0000] {dagbag.py:538} INFO - Filling up the DagBag from /opt/airflow/dags/dbt_pipeline_dag.py
[2026-05-01T19:22:11.660+0000] {processor.py:840} INFO - DAG(s) 'dbt_pipeline' retrieved from /opt/airflow/dags/dbt_pipeline_dag.py
[2026-05-01T19:22:11.798+0000] {logging_mixin.py:188} INFO - [2026-05-01T19:22:11.797+0000] {dag.py:3036} INFO - Sync 1 DAGs
[2026-05-01T19:22:11.913+0000] {logging_mixin.py:188} INFO - [2026-05-01T19:22:11.912+0000] {dag.py:3823} INFO - Setting next_dagrun for dbt_pipeline to 2026-05-01 00:00:00+00:00, run_after=2026-05-02 00:00:00+00:00
[2026-05-01T19:22:12.120+0000] {processor.py:183} INFO - Processing /opt/airflow/dags/dbt_pipeline_dag.py took 0.620 seconds
[2026-05-01T19:22:42.637+0000] {processor.py:161} INFO - Started process (PID=1996) to work on /opt/airflow/dags/dbt_pipeline_dag.py
[2026-05-01T19:22:42.639+0000] {processor.py:830} INFO - Processing file /opt/airflow/dags/dbt_pipeline_dag.py for tasks to queue
[2026-05-01T19:22:42.641+0000] {logging_mixin.py:188} INFO - [2026-05-01T19:22:42.641+0000] {dagbag.py:538} INFO - Filling up the DagBag from /opt/airflow/dags/dbt_pipeline_dag.py
[2026-05-01T19:22:42.684+0000] {processor.py:840} INFO - DAG(s) 'dbt_pipeline' retrieved from /opt/airflow/dags/dbt_pipeline_dag.py
[2026-05-01T19:22:42.738+0000] {logging_mixin.py:188} INFO - [2026-05-01T19:22:42.737+0000] {dag.py:3036} INFO - Sync 1 DAGs
[2026-05-01T19:22:42.781+0000] {logging_mixin.py:188} INFO - [2026-05-01T19:22:42.781+0000] {dag.py:3823} INFO - Setting next_dagrun for dbt_pipeline to 2026-05-01 00:00:00+00:00, run_after=2026-05-02 00:00:00+00:00
[2026-05-01T19:22:43.702+0000] {processor.py:183} INFO - Processing /opt/airflow/dags/dbt_pipeline_dag.py took 1.070 seconds
[2026-05-01T19:23:14.023+0000] {processor.py:161} INFO - Started process (PID=2018) to work on /opt/airflow/dags/dbt_pipeline_dag.py
[2026-05-01T19:23:14.025+0000] {processor.py:830} INFO - Processing file /opt/airflow/dags/dbt_pipeline_dag.py for tasks to queue
[2026-05-01T19:23:14.027+0000] {logging_mixin.py:188} INFO - [2026-05-01T19:23:14.026+0000] {dagbag.py:538} INFO - Filling up the DagBag from /opt/airflow/dags/dbt_pipeline_dag.py
[2026-05-01T19:23:14.062+0000] {processor.py:840} INFO - DAG(s) 'dbt_pipeline' retrieved from /opt/airflow/dags/dbt_pipeline_dag.py
[2026-05-01T19:23:14.118+0000] {logging_mixin.py:188} INFO - [2026-05-01T19:23:14.118+0000] {dag.py:3036} INFO - Sync 1 DAGs
[2026-05-01T19:23:14.171+0000] {logging_mixin.py:188} INFO - [2026-05-01T19:23:14.170+0000] {dag.py:3823} INFO - Setting next_dagrun for dbt_pipeline to 2026-05-01 00:00:00+00:00, run_after=2026-05-02 00:00:00+00:00
[2026-05-01T19:23:14.281+0000] {processor.py:183} INFO - Processing /opt/airflow/dags/dbt_pipeline_dag.py took 0.262 seconds
[2026-05-01T19:23:44.626+0000] {processor.py:161} INFO - Started process (PID=2058) to work on /opt/airflow/dags/dbt_pipeline_dag.py
[2026-05-01T19:23:44.627+0000] {processor.py:830} INFO - Processing file /opt/airflow/dags/dbt_pipeline_dag.py for tasks to queue
[2026-05-01T19:23:44.629+0000] {logging_mixin.py:188} INFO - [2026-05-01T19:23:44.628+0000] {dagbag.py:538} INFO - Filling up the DagBag from /opt/airflow/dags/dbt_pipeline_dag.py
[2026-05-01T19:23:44.680+0000] {processor.py:840} INFO - DAG(s) 'dbt_pipeline' retrieved from /opt/airflow/dags/dbt_pipeline_dag.py
[2026-05-01T19:23:44.736+0000] {logging_mixin.py:188} INFO - [2026-05-01T19:23:44.735+0000] {dag.py:3036} INFO - Sync 1 DAGs
[2026-05-01T19:23:44.784+0000] {logging_mixin.py:188} INFO - [2026-05-01T19:23:44.784+0000] {dag.py:3823} INFO - Setting next_dagrun for dbt_pipeline to 2026-05-01 00:00:00+00:00, run_after=2026-05-02 00:00:00+00:00
[2026-05-01T19:23:44.824+0000] {processor.py:183} INFO - Processing /opt/airflow/dags/dbt_pipeline_dag.py took 0.203 seconds
[2026-05-01T19:24:14.929+0000] {processor.py:161} INFO - Started process (PID=2101) to work on /opt/airflow/dags/dbt_pipeline_dag.py
[2026-05-01T19:24:14.931+0000] {processor.py:830} INFO - Processing file /opt/airflow/dags/dbt_pipeline_dag.py for tasks to queue
[2026-05-01T19:24:14.933+0000] {logging_mixin.py:188} INFO - [2026-05-01T19:24:14.932+0000] {dagbag.py:538} INFO - Filling up the DagBag from /opt/airflow/dags/dbt_pipeline_dag.py
[2026-05-01T19:24:14.974+0000] {processor.py:840} INFO - DAG(s) 'dbt_pipeline' retrieved from /opt/airflow/dags/dbt_pipeline_dag.py
[2026-05-01T19:24:15.021+0000] {logging_mixin.py:188} INFO - [2026-05-01T19:24:15.021+0000] {dag.py:3036} INFO - Sync 1 DAGs
[2026-05-01T19:24:15.062+0000] {logging_mixin.py:188} INFO - [2026-05-01T19:24:15.062+0000] {dag.py:3823} INFO - Setting next_dagrun for dbt_pipeline to 2026-05-01 00:00:00+00:00, run_after=2026-05-02 00:00:00+00:00
[2026-05-01T19:24:15.205+0000] {processor.py:183} INFO - Processing /opt/airflow/dags/dbt_pipeline_dag.py took 0.279 seconds
[2026-05-01T19:24:45.553+0000] {processor.py:161} INFO - Started process (PID=2112) to work on /opt/airflow/dags/dbt_pipeline_dag.py
[2026-05-01T19:24:45.555+0000] {processor.py:830} INFO - Processing file /opt/airflow/dags/dbt_pipeline_dag.py for tasks to queue
[2026-05-01T19:24:45.557+0000] {logging_mixin.py:188} INFO - [2026-05-01T19:24:45.556+0000] {dagbag.py:538} INFO - Filling up the DagBag from /opt/airflow/dags/dbt_pipeline_dag.py
[2026-05-01T19:24:45.597+0000] {processor.py:840} INFO - DAG(s) 'dbt_pipeline' retrieved from /opt/airflow/dags/dbt_pipeline_dag.py
[2026-05-01T19:24:45.651+0000] {logging_mixin.py:188} INFO - [2026-05-01T19:24:45.650+0000] {dag.py:3036} INFO - Sync 1 DAGs
[2026-05-01T19:24:45.705+0000] {logging_mixin.py:188} INFO - [2026-05-01T19:24:45.705+0000] {dag.py:3823} INFO - Setting next_dagrun for dbt_pipeline to 2026-05-01 00:00:00+00:00, run_after=2026-05-02 00:00:00+00:00
[2026-05-01T19:24:45.744+0000] {processor.py:183} INFO - Processing /opt/airflow/dags/dbt_pipeline_dag.py took 0.196 seconds
[2026-05-01T19:25:16.123+0000] {processor.py:161} INFO - Started process (PID=2123) to work on /opt/airflow/dags/dbt_pipeline_dag.py
[2026-05-01T19:25:16.125+0000] {processor.py:830} INFO - Processing file /opt/airflow/dags/dbt_pipeline_dag.py for tasks to queue
[2026-05-01T19:25:16.127+0000] {logging_mixin.py:188} INFO - [2026-05-01T19:25:16.126+0000] {dagbag.py:538} INFO - Filling up the DagBag from /opt/airflow/dags/dbt_pipeline_dag.py
[2026-05-01T19:25:16.176+0000] {processor.py:840} INFO - DAG(s) 'dbt_pipeline' retrieved from /opt/airflow/dags/dbt_pipeline_dag.py
[2026-05-01T19:25:16.235+0000] {logging_mixin.py:188} INFO - [2026-05-01T19:25:16.234+0000] {dag.py:3036} INFO - Sync 1 DAGs
[2026-05-01T19:25:16.288+0000] {logging_mixin.py:188} INFO - [2026-05-01T19:25:16.287+0000] {dag.py:3823} INFO - Setting next_dagrun for dbt_pipeline to 2026-05-01 00:00:00+00:00, run_after=2026-05-02 00:00:00+00:00
[2026-05-01T19:25:16.372+0000] {processor.py:183} INFO - Processing /opt/airflow/dags/dbt_pipeline_dag.py took 0.253 seconds
[2026-05-01T19:25:46.846+0000] {processor.py:161} INFO - Started process (PID=2134) to work on /opt/airflow/dags/dbt_pipeline_dag.py
[2026-05-01T19:25:46.848+0000] {processor.py:830} INFO - Processing file /opt/airflow/dags/dbt_pipeline_dag.py for tasks to queue
[2026-05-01T19:25:46.850+0000] {logging_mixin.py:188} INFO - [2026-05-01T19:25:46.849+0000] {dagbag.py:538} INFO - Filling up the DagBag from /opt/airflow/dags/dbt_pipeline_dag.py
[2026-05-01T19:25:46.894+0000] {processor.py:840} INFO - DAG(s) 'dbt_pipeline' retrieved from /opt/airflow/dags/dbt_pipeline_dag.py
[2026-05-01T19:25:46.949+0000] {logging_mixin.py:188} INFO - [2026-05-01T19:25:46.949+0000] {dag.py:3036} INFO - Sync 1 DAGs
[2026-05-01T19:25:46.994+0000] {logging_mixin.py:188} INFO - [2026-05-01T19:25:46.994+0000] {dag.py:3823} INFO - Setting next_dagrun for dbt_pipeline to 2026-05-01 00:00:00+00:00, run_after=2026-05-02 00:00:00+00:00
[2026-05-01T19:25:47.034+0000] {processor.py:183} INFO - Processing /opt/airflow/dags/dbt_pipeline_dag.py took 0.194 seconds
[2026-05-01T19:26:17.143+0000] {processor.py:161} INFO - Started process (PID=2145) to work on /opt/airflow/dags/dbt_pipeline_dag.py
[2026-05-01T19:26:17.146+0000] {processor.py:830} INFO - Processing file /opt/airflow/dags/dbt_pipeline_dag.py for tasks to queue
[2026-05-01T19:26:17.148+0000] {logging_mixin.py:188} INFO - [2026-05-01T19:26:17.147+0000] {dagbag.py:538} INFO - Filling up the DagBag from /opt/airflow/dags/dbt_pipeline_dag.py
[2026-05-01T19:26:17.197+0000] {processor.py:840} INFO - DAG(s) 'dbt_pipeline' retrieved from /opt/airflow/dags/dbt_pipeline_dag.py
[2026-05-01T19:26:17.258+0000] {logging_mixin.py:188} INFO - [2026-05-01T19:26:17.257+0000] {dag.py:3036} INFO - Sync 1 DAGs
[2026-05-01T19:26:17.305+0000] {logging_mixin.py:188} INFO - [2026-05-01T19:26:17.305+0000] {dag.py:3823} INFO - Setting next_dagrun for dbt_pipeline to 2026-05-01 00:00:00+00:00, run_after=2026-05-02 00:00:00+00:00
[2026-05-01T19:26:17.350+0000] {processor.py:183} INFO - Processing /opt/airflow/dags/dbt_pipeline_dag.py took 0.212 seconds
[2026-05-01T19:26:47.757+0000] {processor.py:161} INFO - Started process (PID=2156) to work on /opt/airflow/dags/dbt_pipeline_dag.py
[2026-05-01T19:26:47.759+0000] {processor.py:830} INFO - Processing file /opt/airflow/dags/dbt_pipeline_dag.py for tasks to queue
[2026-05-01T19:26:47.760+0000] {logging_mixin.py:188} INFO - [2026-05-01T19:26:47.760+0000] {dagbag.py:538} INFO - Filling up the DagBag from /opt/airflow/dags/dbt_pipeline_dag.py
[2026-05-01T19:26:47.790+0000] {processor.py:840} INFO - DAG(s) 'dbt_pipeline' retrieved from /opt/airflow/dags/dbt_pipeline_dag.py
[2026-05-01T19:26:47.838+0000] {logging_mixin.py:188} INFO - [2026-05-01T19:26:47.838+0000] {dag.py:3036} INFO - Sync 1 DAGs
[2026-05-01T19:26:47.882+0000] {logging_mixin.py:188} INFO - [2026-05-01T19:26:47.881+0000] {dag.py:3823} INFO - Setting next_dagrun for dbt_pipeline to 2026-05-01 00:00:00+00:00, run_after=2026-05-02 00:00:00+00:00
[2026-05-01T19:26:48.224+0000] {processor.py:183} INFO - Processing /opt/airflow/dags/dbt_pipeline_dag.py took 0.471 seconds
[2026-05-01T19:27:18.453+0000] {processor.py:161} INFO - Started process (PID=2167) to work on /opt/airflow/dags/dbt_pipeline_dag.py
[2026-05-01T19:27:18.455+0000] {processor.py:830} INFO - Processing file /opt/airflow/dags/dbt_pipeline_dag.py for tasks to queue
[2026-05-01T19:27:18.457+0000] {logging_mixin.py:188} INFO - [2026-05-01T19:27:18.457+0000] {dagbag.py:538} INFO - Filling up the DagBag from /opt/airflow/dags/dbt_pipeline_dag.py
[2026-05-01T19:27:18.500+0000] {processor.py:840} INFO - DAG(s) 'dbt_pipeline' retrieved from /opt/airflow/dags/dbt_pipeline_dag.py
[2026-05-01T19:27:18.556+0000] {logging_mixin.py:188} INFO - [2026-05-01T19:27:18.556+0000] {dag.py:3036} INFO - Sync 1 DAGs
[2026-05-01T19:27:18.600+0000] {logging_mixin.py:188} INFO - [2026-05-01T19:27:18.600+0000] {dag.py:3823} INFO - Setting next_dagrun for dbt_pipeline to 2026-05-01 00:00:00+00:00, run_after=2026-05-02 00:00:00+00:00
[2026-05-01T19:27:18.677+0000] {processor.py:183} INFO - Processing /opt/airflow/dags/dbt_pipeline_dag.py took 0.230 seconds
[2026-05-01T19:27:48.941+0000] {processor.py:161} INFO - Started process (PID=2178) to work on /opt/airflow/dags/dbt_pipeline_dag.py
[2026-05-01T19:27:48.943+0000] {processor.py:830} INFO - Processing file /opt/airflow/dags/dbt_pipeline_dag.py for tasks to queue
[2026-05-01T19:27:48.946+0000] {logging_mixin.py:188} INFO - [2026-05-01T19:27:48.945+0000] {dagbag.py:538} INFO - Filling up the DagBag from /opt/airflow/dags/dbt_pipeline_dag.py
[2026-05-01T19:27:49.000+0000] {processor.py:840} INFO - DAG(s) 'dbt_pipeline' retrieved from /opt/airflow/dags/dbt_pipeline_dag.py
[2026-05-01T19:27:49.098+0000] {logging_mixin.py:188} INFO - [2026-05-01T19:27:49.097+0000] {dag.py:3036} INFO - Sync 1 DAGs
[2026-05-01T19:27:49.170+0000] {logging_mixin.py:188} INFO - [2026-05-01T19:27:49.170+0000] {dag.py:3823} INFO - Setting next_dagrun for dbt_pipeline to 2026-05-01 00:00:00+00:00, run_after=2026-05-02 00:00:00+00:00
[2026-05-01T19:27:49.222+0000] {processor.py:183} INFO - Processing /opt/airflow/dags/dbt_pipeline_dag.py took 0.288 seconds
[2026-05-01T19:28:19.575+0000] {processor.py:161} INFO - Started process (PID=2189) to work on /opt/airflow/dags/dbt_pipeline_dag.py
[2026-05-01T19:28:19.577+0000] {processor.py:830} INFO - Processing file /opt/airflow/dags/dbt_pipeline_dag.py for tasks to queue
[2026-05-01T19:28:19.580+0000] {logging_mixin.py:188} INFO - [2026-05-01T19:28:19.579+0000] {dagbag.py:538} INFO - Filling up the DagBag from /opt/airflow/dags/dbt_pipeline_dag.py
[2026-05-01T19:28:19.629+0000] {processor.py:840} INFO - DAG(s) 'dbt_pipeline' retrieved from /opt/airflow/dags/dbt_pipeline_dag.py
[2026-05-01T19:28:19.691+0000] {logging_mixin.py:188} INFO - [2026-05-01T19:28:19.691+0000] {dag.py:3036} INFO - Sync 1 DAGs
[2026-05-01T19:28:19.742+0000] {logging_mixin.py:188} INFO - [2026-05-01T19:28:19.742+0000] {dag.py:3823} INFO - Setting next_dagrun for dbt_pipeline to 2026-05-01 00:00:00+00:00, run_after=2026-05-02 00:00:00+00:00
[2026-05-01T19:28:19.782+0000] {processor.py:183} INFO - Processing /opt/airflow/dags/dbt_pipeline_dag.py took 0.213 seconds
[2026-05-01T19:28:50.012+0000] {processor.py:161} INFO - Started process (PID=2200) to work on /opt/airflow/dags/dbt_pipeline_dag.py
[2026-05-01T19:28:50.014+0000] {processor.py:830} INFO - Processing file /opt/airflow/dags/dbt_pipeline_dag.py for tasks to queue
[2026-05-01T19:28:50.016+0000] {logging_mixin.py:188} INFO - [2026-05-01T19:28:50.016+0000] {dagbag.py:538} INFO - Filling up the DagBag from /opt/airflow/dags/dbt_pipeline_dag.py
[2026-05-01T19:28:50.061+0000] {processor.py:840} INFO - DAG(s) 'dbt_pipeline' retrieved from /opt/airflow/dags/dbt_pipeline_dag.py
[2026-05-01T19:28:50.125+0000] {logging_mixin.py:188} INFO - [2026-05-01T19:28:50.124+0000] {dag.py:3036} INFO - Sync 1 DAGs
[2026-05-01T19:28:50.178+0000] {logging_mixin.py:188} INFO - [2026-05-01T19:28:50.177+0000] {dag.py:3823} INFO - Setting next_dagrun for dbt_pipeline to 2026-05-01 00:00:00+00:00, run_after=2026-05-02 00:00:00+00:00
[2026-05-01T19:28:50.223+0000] {processor.py:183} INFO - Processing /opt/airflow/dags/dbt_pipeline_dag.py took 0.216 seconds
[2026-05-01T19:29:20.831+0000] {processor.py:161} INFO - Started process (PID=2211) to work on /opt/airflow/dags/dbt_pipeline_dag.py
[2026-05-01T19:29:20.832+0000] {processor.py:830} INFO - Processing file /opt/airflow/dags/dbt_pipeline_dag.py for tasks to queue
[2026-05-01T19:29:20.834+0000] {logging_mixin.py:188} INFO - [2026-05-01T19:29:20.834+0000] {dagbag.py:538} INFO - Filling up the DagBag from /opt/airflow/dags/dbt_pipeline_dag.py
[2026-05-01T19:29:20.876+0000] {processor.py:840} INFO - DAG(s) 'dbt_pipeline' retrieved from /opt/airflow/dags/dbt_pipeline_dag.py
[2026-05-01T19:29:20.933+0000] {logging_mixin.py:188} INFO - [2026-05-01T19:29:20.932+0000] {dag.py:3036} INFO - Sync 1 DAGs
[2026-05-01T19:29:20.972+0000] {logging_mixin.py:188} INFO - [2026-05-01T19:29:20.972+0000] {dag.py:3823} INFO - Setting next_dagrun for dbt_pipeline to 2026-05-01 00:00:00+00:00, run_after=2026-05-02 00:00:00+00:00
[2026-05-01T19:29:21.011+0000] {processor.py:183} INFO - Processing /opt/airflow/dags/dbt_pipeline_dag.py took 0.185 seconds
[2026-05-01T19:29:51.551+0000] {processor.py:161} INFO - Started process (PID=2222) to work on /opt/airflow/dags/dbt_pipeline_dag.py
[2026-05-01T19:29:51.553+0000] {processor.py:830} INFO - Processing file /opt/airflow/dags/dbt_pipeline_dag.py for tasks to queue
[2026-05-01T19:29:51.555+0000] {logging_mixin.py:188} INFO - [2026-05-01T19:29:51.555+0000] {dagbag.py:538} INFO - Filling up the DagBag from /opt/airflow/dags/dbt_pipeline_dag.py
[2026-05-01T19:29:51.265+0000] {processor.py:840} INFO - DAG(s) 'dbt_pipeline' retrieved from /opt/airflow/dags/dbt_pipeline_dag.py
[2026-05-01T19:29:50.393+0000] {logging_mixin.py:188} INFO - [2026-05-01T19:29:50.393+0000] {dag.py:3036} INFO - Sync 1 DAGs
[2026-05-01T19:29:50.441+0000] {logging_mixin.py:188} INFO - [2026-05-01T19:29:50.440+0000] {dag.py:3823} INFO - Setting next_dagrun for dbt_pipeline to 2026-05-01 00:00:00+00:00, run_after=2026-05-02 00:00:00+00:00
[2026-05-01T19:29:50.771+0000] {processor.py:183} INFO - Processing /opt/airflow/dags/dbt_pipeline_dag.py took 0.473 seconds
[2026-05-01T19:30:21.325+0000] {processor.py:161} INFO - Started process (PID=2233) to work on /opt/airflow/dags/dbt_pipeline_dag.py
[2026-05-01T19:30:21.326+0000] {processor.py:830} INFO - Processing file /opt/airflow/dags/dbt_pipeline_dag.py for tasks to queue
[2026-05-01T19:30:21.329+0000] {logging_mixin.py:188} INFO - [2026-05-01T19:30:21.328+0000] {dagbag.py:538} INFO - Filling up the DagBag from /opt/airflow/dags/dbt_pipeline_dag.py
[2026-05-01T19:30:21.385+0000] {processor.py:840} INFO - DAG(s) 'dbt_pipeline' retrieved from /opt/airflow/dags/dbt_pipeline_dag.py
[2026-05-01T19:30:21.472+0000] {logging_mixin.py:188} INFO - [2026-05-01T19:30:21.471+0000] {dag.py:3036} INFO - Sync 1 DAGs
[2026-05-01T19:30:21.533+0000] {logging_mixin.py:188} INFO - [2026-05-01T19:30:21.532+0000] {dag.py:3823} INFO - Setting next_dagrun for dbt_pipeline to 2026-05-01 00:00:00+00:00, run_after=2026-05-02 00:00:00+00:00
[2026-05-01T19:30:21.582+0000] {processor.py:183} INFO - Processing /opt/airflow/dags/dbt_pipeline_dag.py took 0.261 seconds
[2026-05-01T19:30:52.127+0000] {processor.py:161} INFO - Started process (PID=2244) to work on /opt/airflow/dags/dbt_pipeline_dag.py
[2026-05-01T19:30:52.129+0000] {processor.py:830} INFO - Processing file /opt/airflow/dags/dbt_pipeline_dag.py for tasks to queue
[2026-05-01T19:30:52.131+0000] {logging_mixin.py:188} INFO - [2026-05-01T19:30:52.131+0000] {dagbag.py:538} INFO - Filling up the DagBag from /opt/airflow/dags/dbt_pipeline_dag.py
[2026-05-01T19:30:52.173+0000] {processor.py:840} INFO - DAG(s) 'dbt_pipeline' retrieved from /opt/airflow/dags/dbt_pipeline_dag.py
[2026-05-01T19:30:52.229+0000] {logging_mixin.py:188} INFO - [2026-05-01T19:30:52.229+0000] {dag.py:3036} INFO - Sync 1 DAGs
[2026-05-01T19:30:52.274+0000] {logging_mixin.py:188} INFO - [2026-05-01T19:30:52.274+0000] {dag.py:3823} INFO - Setting next_dagrun for dbt_pipeline to 2026-05-01 00:00:00+00:00, run_after=2026-05-02 00:00:00+00:00
[2026-05-01T19:30:52.318+0000] {processor.py:183} INFO - Processing /opt/airflow/dags/dbt_pipeline_dag.py took 0.196 seconds
[2026-05-01T19:31:22.994+0000] {processor.py:161} INFO - Started process (PID=2255) to work on /opt/airflow/dags/dbt_pipeline_dag.py
[2026-05-01T19:31:22.996+0000] {processor.py:830} INFO - Processing file /opt/airflow/dags/dbt_pipeline_dag.py for tasks to queue
[2026-05-01T19:31:22.998+0000] {logging_mixin.py:188} INFO - [2026-05-01T19:31:22.998+0000] {dagbag.py:538} INFO - Filling up the DagBag from /opt/airflow/dags/dbt_pipeline_dag.py
[2026-05-01T19:31:23.028+0000] {processor.py:840} INFO - DAG(s) 'dbt_pipeline' retrieved from /opt/airflow/dags/dbt_pipeline_dag.py
[2026-05-01T19:31:23.099+0000] {logging_mixin.py:188} INFO - [2026-05-01T19:31:23.099+0000] {dag.py:3036} INFO - Sync 1 DAGs
[2026-05-01T19:31:23.149+0000] {logging_mixin.py:188} INFO - [2026-05-01T19:31:23.148+0000] {dag.py:3823} INFO - Setting next_dagrun for dbt_pipeline to 2026-05-01 00:00:00+00:00, run_after=2026-05-02 00:00:00+00:00
[2026-05-01T19:31:23.186+0000] {processor.py:183} INFO - Processing /opt/airflow/dags/dbt_pipeline_dag.py took 0.196 seconds
[2026-05-01T19:31:53.788+0000] {processor.py:161} INFO - Started process (PID=2264) to work on /opt/airflow/dags/dbt_pipeline_dag.py
[2026-05-01T19:31:53.789+0000] {processor.py:830} INFO - Processing file /opt/airflow/dags/dbt_pipeline_dag.py for tasks to queue
[2026-05-01T19:31:53.791+0000] {logging_mixin.py:188} INFO - [2026-05-01T19:31:53.791+0000] {dagbag.py:538} INFO - Filling up the DagBag from /opt/airflow/dags/dbt_pipeline_dag.py
[2026-05-01T19:31:53.832+0000] {processor.py:840} INFO - DAG(s) 'dbt_pipeline' retrieved from /opt/airflow/dags/dbt_pipeline_dag.py
[2026-05-01T19:31:53.889+0000] {logging_mixin.py:188} INFO - [2026-05-01T19:31:53.888+0000] {dag.py:3036} INFO - Sync 1 DAGs
[2026-05-01T19:31:53.945+0000] {logging_mixin.py:188} INFO - [2026-05-01T19:31:53.944+0000] {dag.py:3823} INFO - Setting next_dagrun for dbt_pipeline to 2026-05-01 00:00:00+00:00, run_after=2026-05-02 00:00:00+00:00
[2026-05-01T19:31:53.996+0000] {processor.py:183} INFO - Processing /opt/airflow/dags/dbt_pipeline_dag.py took 0.213 seconds
[2026-05-01T19:32:24.897+0000] {processor.py:161} INFO - Started process (PID=2271) to work on /opt/airflow/dags/dbt_pipeline_dag.py
[2026-05-01T19:32:24.898+0000] {processor.py:830} INFO - Processing file /opt/airflow/dags/dbt_pipeline_dag.py for tasks to queue
[2026-05-01T19:32:24.900+0000] {logging_mixin.py:188} INFO - [2026-05-01T19:32:24.900+0000] {dagbag.py:538} INFO - Filling up the DagBag from /opt/airflow/dags/dbt_pipeline_dag.py
[2026-05-01T19:32:24.939+0000] {processor.py:840} INFO - DAG(s) 'dbt_pipeline' retrieved from /opt/airflow/dags/dbt_pipeline_dag.py
[2026-05-01T19:32:24.994+0000] {logging_mixin.py:188} INFO - [2026-05-01T19:32:24.993+0000] {dag.py:3036} INFO - Sync 1 DAGs
[2026-05-01T19:32:25.035+0000] {logging_mixin.py:188} INFO - [2026-05-01T19:32:25.034+0000] {dag.py:3823} INFO - Setting next_dagrun for dbt_pipeline to 2026-05-01 00:00:00+00:00, run_after=2026-05-02 00:00:00+00:00
[2026-05-01T19:32:25.073+0000] {processor.py:183} INFO - Processing /opt/airflow/dags/dbt_pipeline_dag.py took 0.180 seconds
[2026-05-01T19:32:55.716+0000] {processor.py:161} INFO - Started process (PID=2282) to work on /opt/airflow/dags/dbt_pipeline_dag.py
[2026-05-01T19:32:55.719+0000] {processor.py:830} INFO - Processing file /opt/airflow/dags/dbt_pipeline_dag.py for tasks to queue
[2026-05-01T19:32:55.722+0000] {logging_mixin.py:188} INFO - [2026-05-01T19:32:55.721+0000] {dagbag.py:538} INFO - Filling up the DagBag from /opt/airflow/dags/dbt_pipeline_dag.py
[2026-05-01T19:32:55.761+0000] {processor.py:840} INFO - DAG(s) 'dbt_pipeline' retrieved from /opt/airflow/dags/dbt_pipeline_dag.py
[2026-05-01T19:32:55.807+0000] {logging_mixin.py:188} INFO - [2026-05-01T19:32:55.807+0000] {dag.py:3036} INFO - Sync 1 DAGs
[2026-05-01T19:32:55.843+0000] {logging_mixin.py:188} INFO - [2026-05-01T19:32:55.843+0000] {dag.py:3823} INFO - Setting next_dagrun for dbt_pipeline to 2026-05-01 00:00:00+00:00, run_after=2026-05-02 00:00:00+00:00
[2026-05-01T19:32:55.878+0000] {processor.py:183} INFO - Processing /opt/airflow/dags/dbt_pipeline_dag.py took 0.166 seconds
[2026-05-01T19:33:26.664+0000] {processor.py:161} INFO - Started process (PID=2293) to work on /opt/airflow/dags/dbt_pipeline_dag.py
[2026-05-01T19:33:26.666+0000] {processor.py:830} INFO - Processing file /opt/airflow/dags/dbt_pipeline_dag.py for tasks to queue
[2026-05-01T19:33:26.668+0000] {logging_mixin.py:188} INFO - [2026-05-01T19:33:26.667+0000] {dagbag.py:538} INFO - Filling up the DagBag from /opt/airflow/dags/dbt_pipeline_dag.py
[2026-05-01T19:33:26.695+0000] {processor.py:840} INFO - DAG(s) 'dbt_pipeline' retrieved from /opt/airflow/dags/dbt_pipeline_dag.py
[2026-05-01T19:33:26.741+0000] {logging_mixin.py:188} INFO - [2026-05-01T19:33:26.740+0000] {dag.py:3036} INFO - Sync 1 DAGs
[2026-05-01T19:33:26.775+0000] {logging_mixin.py:188} INFO - [2026-05-01T19:33:26.775+0000] {dag.py:3823} INFO - Setting next_dagrun for dbt_pipeline to 2026-05-01 00:00:00+00:00, run_after=2026-05-02 00:00:00+00:00
[2026-05-01T19:33:26.808+0000] {processor.py:183} INFO - Processing /opt/airflow/dags/dbt_pipeline_dag.py took 0.148 seconds
[2026-05-01T19:33:57.671+0000] {processor.py:161} INFO - Started process (PID=2304) to work on /opt/airflow/dags/dbt_pipeline_dag.py
[2026-05-01T19:33:57.672+0000] {processor.py:830} INFO - Processing file /opt/airflow/dags/dbt_pipeline_dag.py for tasks to queue
[2026-05-01T19:33:57.674+0000] {logging_mixin.py:188} INFO - [2026-05-01T19:33:57.674+0000] {dagbag.py:538} INFO - Filling up the DagBag from /opt/airflow/dags/dbt_pipeline_dag.py
[2026-05-01T19:33:57.714+0000] {processor.py:840} INFO - DAG(s) 'dbt_pipeline' retrieved from /opt/airflow/dags/dbt_pipeline_dag.py
[2026-05-01T19:33:57.799+0000] {logging_mixin.py:188} INFO - [2026-05-01T19:33:57.798+0000] {dag.py:3036} INFO - Sync 1 DAGs
[2026-05-01T19:33:57.849+0000] {logging_mixin.py:188} INFO - [2026-05-01T19:33:57.849+0000] {dag.py:3823} INFO - Setting next_dagrun for dbt_pipeline to 2026-05-01 00:00:00+00:00, run_after=2026-05-02 00:00:00+00:00
[2026-05-01T19:33:57.956+0000] {processor.py:183} INFO - Processing /opt/airflow/dags/dbt_pipeline_dag.py took 0.289 seconds
[2026-05-01T19:34:28.515+0000] {processor.py:161} INFO - Started process (PID=2315) to work on /opt/airflow/dags/dbt_pipeline_dag.py
[2026-05-01T19:34:28.518+0000] {processor.py:830} INFO - Processing file /opt/airflow/dags/dbt_pipeline_dag.py for tasks to queue
[2026-05-01T19:34:28.520+0000] {logging_mixin.py:188} INFO - [2026-05-01T19:34:28.519+0000] {dagbag.py:538} INFO - Filling up the DagBag from /opt/airflow/dags/dbt_pipeline_dag.py
[2026-05-01T19:34:28.553+0000] {processor.py:840} INFO - DAG(s) 'dbt_pipeline' retrieved from /opt/airflow/dags/dbt_pipeline_dag.py
[2026-05-01T19:34:28.596+0000] {logging_mixin.py:188} INFO - [2026-05-01T19:34:28.596+0000] {dag.py:3036} INFO - Sync 1 DAGs
[2026-05-01T19:34:28.628+0000] {logging_mixin.py:188} INFO - [2026-05-01T19:34:28.628+0000] {dag.py:3823} INFO - Setting next_dagrun for dbt_pipeline to 2026-05-01 00:00:00+00:00, run_after=2026-05-02 00:00:00+00:00
[2026-05-01T19:34:28.662+0000] {processor.py:183} INFO - Processing /opt/airflow/dags/dbt_pipeline_dag.py took 0.151 seconds
[2026-05-01T19:34:58.797+0000] {processor.py:161} INFO - Started process (PID=2326) to work on /opt/airflow/dags/dbt_pipeline_dag.py
[2026-05-01T19:34:58.799+0000] {processor.py:830} INFO - Processing file /opt/airflow/dags/dbt_pipeline_dag.py for tasks to queue
[2026-05-01T19:34:58.802+0000] {logging_mixin.py:188} INFO - [2026-05-01T19:34:58.801+0000] {dagbag.py:538} INFO - Filling up the DagBag from /opt/airflow/dags/dbt_pipeline_dag.py
[2026-05-01T19:34:58.849+0000] {processor.py:840} INFO - DAG(s) 'dbt_pipeline' retrieved from /opt/airflow/dags/dbt_pipeline_dag.py
[2026-05-01T19:34:58.911+0000] {logging_mixin.py:188} INFO - [2026-05-01T19:34:58.910+0000] {dag.py:3036} INFO - Sync 1 DAGs
[2026-05-01T19:34:58.951+0000] {logging_mixin.py:188} INFO - [2026-05-01T19:34:58.950+0000] {dag.py:3823} INFO - Setting next_dagrun for dbt_pipeline to 2026-05-01 00:00:00+00:00, run_after=2026-05-02 00:00:00+00:00
[2026-05-01T19:34:58.990+0000] {processor.py:183} INFO - Processing /opt/airflow/dags/dbt_pipeline_dag.py took 0.200 seconds
[2026-05-01T19:35:29.985+0000] {processor.py:161} INFO - Started process (PID=2337) to work on /opt/airflow/dags/dbt_pipeline_dag.py
[2026-05-01T19:35:29.987+0000] {processor.py:830} INFO - Processing file /opt/airflow/dags/dbt_pipeline_dag.py for tasks to queue
[2026-05-01T19:35:29.989+0000] {logging_mixin.py:188} INFO - [2026-05-01T19:35:29.988+0000] {dagbag.py:538} INFO - Filling up the DagBag from /opt/airflow/dags/dbt_pipeline_dag.py
[2026-05-01T19:35:30.027+0000] {processor.py:840} INFO - DAG(s) 'dbt_pipeline' retrieved from /opt/airflow/dags/dbt_pipeline_dag.py
[2026-05-01T19:35:30.080+0000] {logging_mixin.py:188} INFO - [2026-05-01T19:35:30.079+0000] {dag.py:3036} INFO - Sync 1 DAGs
[2026-05-01T19:35:30.130+0000] {logging_mixin.py:188} INFO - [2026-05-01T19:35:30.129+0000] {dag.py:3823} INFO - Setting next_dagrun for dbt_pipeline to 2026-05-01 00:00:00+00:00, run_after=2026-05-02 00:00:00+00:00
[2026-05-01T19:35:30.166+0000] {processor.py:183} INFO - Processing /opt/airflow/dags/dbt_pipeline_dag.py took 0.184 seconds
[2026-05-01T19:36:01.193+0000] {processor.py:161} INFO - Started process (PID=2348) to work on /opt/airflow/dags/dbt_pipeline_dag.py
[2026-05-01T19:36:01.195+0000] {processor.py:830} INFO - Processing file /opt/airflow/dags/dbt_pipeline_dag.py for tasks to queue
[2026-05-01T19:36:01.196+0000] {logging_mixin.py:188} INFO - [2026-05-01T19:36:01.196+0000] {dagbag.py:538} INFO - Filling up the DagBag from /opt/airflow/dags/dbt_pipeline_dag.py
[2026-05-01T19:36:01.246+0000] {processor.py:840} INFO - DAG(s) 'dbt_pipeline' retrieved from /opt/airflow/dags/dbt_pipeline_dag.py
[2026-05-01T19:36:01.293+0000] {logging_mixin.py:188} INFO - [2026-05-01T19:36:01.292+0000] {dag.py:3036} INFO - Sync 1 DAGs
[2026-05-01T19:36:01.328+0000] {logging_mixin.py:188} INFO - [2026-05-01T19:36:01.327+0000] {dag.py:3823} INFO - Setting next_dagrun for dbt_pipeline to 2026-05-01 00:00:00+00:00, run_after=2026-05-02 00:00:00+00:00
[2026-05-01T19:36:01.361+0000] {processor.py:183} INFO - Processing /opt/airflow/dags/dbt_pipeline_dag.py took 0.172 seconds
[2026-05-01T19:36:32.395+0000] {processor.py:161} INFO - Started process (PID=2359) to work on /opt/airflow/dags/dbt_pipeline_dag.py
[2026-05-01T19:36:32.397+0000] {processor.py:830} INFO - Processing file /opt/airflow/dags/dbt_pipeline_dag.py for tasks to queue
[2026-05-01T19:36:32.399+0000] {logging_mixin.py:188} INFO - [2026-05-01T19:36:32.398+0000] {dagbag.py:538} INFO - Filling up the DagBag from /opt/airflow/dags/dbt_pipeline_dag.py
[2026-05-01T19:36:32.437+0000] {processor.py:840} INFO - DAG(s) 'dbt_pipeline' retrieved from /opt/airflow/dags/dbt_pipeline_dag.py
[2026-05-01T19:36:32.487+0000] {logging_mixin.py:188} INFO - [2026-05-01T19:36:32.487+0000] {dag.py:3036} INFO - Sync 1 DAGs
[2026-05-01T19:36:32.533+0000] {logging_mixin.py:188} INFO - [2026-05-01T19:36:32.532+0000] {dag.py:3823} INFO - Setting next_dagrun for dbt_pipeline to 2026-05-01 00:00:00+00:00, run_after=2026-05-02 00:00:00+00:00
[2026-05-01T19:36:32.575+0000] {processor.py:183} INFO - Processing /opt/airflow/dags/dbt_pipeline_dag.py took 0.183 seconds
[2026-05-01T19:37:03.460+0000] {processor.py:161} INFO - Started process (PID=2370) to work on /opt/airflow/dags/dbt_pipeline_dag.py
[2026-05-01T19:37:03.462+0000] {processor.py:830} INFO - Processing file /opt/airflow/dags/dbt_pipeline_dag.py for tasks to queue
[2026-05-01T19:37:03.463+0000] {logging_mixin.py:188} INFO - [2026-05-01T19:37:03.463+0000] {dagbag.py:538} INFO - Filling up the DagBag from /opt/airflow/dags/dbt_pipeline_dag.py
[2026-05-01T19:37:03.500+0000] {processor.py:840} INFO - DAG(s) 'dbt_pipeline' retrieved from /opt/airflow/dags/dbt_pipeline_dag.py
[2026-05-01T19:37:03.545+0000] {logging_mixin.py:188} INFO - [2026-05-01T19:37:03.545+0000] {dag.py:3036} INFO - Sync 1 DAGs
[2026-05-01T19:37:03.584+0000] {logging_mixin.py:188} INFO - [2026-05-01T19:37:03.583+0000] {dag.py:3823} INFO - Setting next_dagrun for dbt_pipeline to 2026-05-01 00:00:00+00:00, run_after=2026-05-02 00:00:00+00:00
[2026-05-01T19:37:03.627+0000] {processor.py:183} INFO - Processing /opt/airflow/dags/dbt_pipeline_dag.py took 0.172 seconds
[2026-05-01T19:37:33.930+0000] {processor.py:161} INFO - Started process (PID=2381) to work on /opt/airflow/dags/dbt_pipeline_dag.py
[2026-05-01T19:37:33.932+0000] {processor.py:830} INFO - Processing file /opt/airflow/dags/dbt_pipeline_dag.py for tasks to queue
[2026-05-01T19:37:33.934+0000] {logging_mixin.py:188} INFO - [2026-05-01T19:37:33.933+0000] {dagbag.py:538} INFO - Filling up the DagBag from /opt/airflow/dags/dbt_pipeline_dag.py
[2026-05-01T19:37:33.969+0000] {processor.py:840} INFO - DAG(s) 'dbt_pipeline' retrieved from /opt/airflow/dags/dbt_pipeline_dag.py
[2026-05-01T19:37:34.019+0000] {logging_mixin.py:188} INFO - [2026-05-01T19:37:34.019+0000] {dag.py:3036} INFO - Sync 1 DAGs
[2026-05-01T19:37:34.060+0000] {logging_mixin.py:188} INFO - [2026-05-01T19:37:34.060+0000] {dag.py:3823} INFO - Setting next_dagrun for dbt_pipeline to 2026-05-01 00:00:00+00:00, run_after=2026-05-02 00:00:00+00:00
[2026-05-01T19:37:34.098+0000] {processor.py:183} INFO - Processing /opt/airflow/dags/dbt_pipeline_dag.py took 0.172 seconds
[2026-05-01T19:38:05.011+0000] {processor.py:161} INFO - Started process (PID=2392) to work on /opt/airflow/dags/dbt_pipeline_dag.py
[2026-05-01T19:38:05.013+0000] {processor.py:830} INFO - Processing file /opt/airflow/dags/dbt_pipeline_dag.py for tasks to queue
[2026-05-01T19:38:05.015+0000] {logging_mixin.py:188} INFO - [2026-05-01T19:38:05.015+0000] {dagbag.py:538} INFO - Filling up the DagBag from /opt/airflow/dags/dbt_pipeline_dag.py
[2026-05-01T19:38:05.069+0000] {processor.py:840} INFO - DAG(s) 'dbt_pipeline' retrieved from /opt/airflow/dags/dbt_pipeline_dag.py
[2026-05-01T19:38:05.120+0000] {logging_mixin.py:188} INFO - [2026-05-01T19:38:05.120+0000] {dag.py:3036} INFO - Sync 1 DAGs
[2026-05-01T19:38:05.166+0000] {logging_mixin.py:188} INFO - [2026-05-01T19:38:05.165+0000] {dag.py:3823} INFO - Setting next_dagrun for dbt_pipeline to 2026-05-01 00:00:00+00:00, run_after=2026-05-02 00:00:00+00:00
[2026-05-01T19:38:05.209+0000] {processor.py:183} INFO - Processing /opt/airflow/dags/dbt_pipeline_dag.py took 0.203 seconds
[2026-05-01T19:38:35.596+0000] {processor.py:161} INFO - Started process (PID=2403) to work on /opt/airflow/dags/dbt_pipeline_dag.py
[2026-05-01T19:38:35.599+0000] {processor.py:830} INFO - Processing file /opt/airflow/dags/dbt_pipeline_dag.py for tasks to queue
[2026-05-01T19:38:35.601+0000] {logging_mixin.py:188} INFO - [2026-05-01T19:38:35.601+0000] {dagbag.py:538} INFO - Filling up the DagBag from /opt/airflow/dags/dbt_pipeline_dag.py
[2026-05-01T19:38:35.649+0000] {processor.py:840} INFO - DAG(s) 'dbt_pipeline' retrieved from /opt/airflow/dags/dbt_pipeline_dag.py
[2026-05-01T19:38:35.707+0000] {logging_mixin.py:188} INFO - [2026-05-01T19:38:35.707+0000] {dag.py:3036} INFO - Sync 1 DAGs
[2026-05-01T19:38:35.756+0000] {logging_mixin.py:188} INFO - [2026-05-01T19:38:35.756+0000] {dag.py:3823} INFO - Setting next_dagrun for dbt_pipeline to 2026-05-01 00:00:00+00:00, run_after=2026-05-02 00:00:00+00:00
[2026-05-01T19:38:35.802+0000] {processor.py:183} INFO - Processing /opt/airflow/dags/dbt_pipeline_dag.py took 0.210 seconds
[2026-05-01T19:39:05.882+0000] {processor.py:161} INFO - Started process (PID=2414) to work on /opt/airflow/dags/dbt_pipeline_dag.py
[2026-05-01T19:39:05.884+0000] {processor.py:830} INFO - Processing file /opt/airflow/dags/dbt_pipeline_dag.py for tasks to queue
[2026-05-01T19:39:05.886+0000] {logging_mixin.py:188} INFO - [2026-05-01T19:39:05.885+0000] {dagbag.py:538} INFO - Filling up the DagBag from /opt/airflow/dags/dbt_pipeline_dag.py
[2026-05-01T19:39:05.920+0000] {processor.py:840} INFO - DAG(s) 'dbt_pipeline' retrieved from /opt/airflow/dags/dbt_pipeline_dag.py
[2026-05-01T19:39:05.964+0000] {logging_mixin.py:188} INFO - [2026-05-01T19:39:05.964+0000] {dag.py:3036} INFO - Sync 1 DAGs
[2026-05-01T19:39:05.999+0000] {logging_mixin.py:188} INFO - [2026-05-01T19:39:05.998+0000] {dag.py:3823} INFO - Setting next_dagrun for dbt_pipeline to 2026-05-01 00:00:00+00:00, run_after=2026-05-02 00:00:00+00:00
[2026-05-01T19:39:06.031+0000] {processor.py:183} INFO - Processing /opt/airflow/dags/dbt_pipeline_dag.py took 0.153 seconds
[2026-05-01T19:39:36.878+0000] {processor.py:161} INFO - Started process (PID=2425) to work on /opt/airflow/dags/dbt_pipeline_dag.py
[2026-05-01T19:39:36.880+0000] {processor.py:830} INFO - Processing file /opt/airflow/dags/dbt_pipeline_dag.py for tasks to queue
[2026-05-01T19:39:36.882+0000] {logging_mixin.py:188} INFO - [2026-05-01T19:39:36.882+0000] {dagbag.py:538} INFO - Filling up the DagBag from /opt/airflow/dags/dbt_pipeline_dag.py
[2026-05-01T19:39:36.925+0000] {processor.py:840} INFO - DAG(s) 'dbt_pipeline' retrieved from /opt/airflow/dags/dbt_pipeline_dag.py
[2026-05-01T19:39:36.976+0000] {logging_mixin.py:188} INFO - [2026-05-01T19:39:36.976+0000] {dag.py:3036} INFO - Sync 1 DAGs
[2026-05-01T19:39:37.016+0000] {logging_mixin.py:188} INFO - [2026-05-01T19:39:37.015+0000] {dag.py:3823} INFO - Setting next_dagrun for dbt_pipeline to 2026-05-01 00:00:00+00:00, run_after=2026-05-02 00:00:00+00:00
[2026-05-01T19:39:37.055+0000] {processor.py:183} INFO - Processing /opt/airflow/dags/dbt_pipeline_dag.py took 0.182 seconds
[2026-05-01T19:40:07.148+0000] {processor.py:161} INFO - Started process (PID=2436) to work on /opt/airflow/dags/dbt_pipeline_dag.py
[2026-05-01T19:40:07.150+0000] {processor.py:830} INFO - Processing file /opt/airflow/dags/dbt_pipeline_dag.py for tasks to queue
[2026-05-01T19:40:07.152+0000] {logging_mixin.py:188} INFO - [2026-05-01T19:40:07.151+0000] {dagbag.py:538} INFO - Filling up the DagBag from /opt/airflow/dags/dbt_pipeline_dag.py
[2026-05-01T19:40:07.191+0000] {processor.py:840} INFO - DAG(s) 'dbt_pipeline' retrieved from /opt/airflow/dags/dbt_pipeline_dag.py
[2026-05-01T19:40:07.244+0000] {logging_mixin.py:188} INFO - [2026-05-01T19:40:07.244+0000] {dag.py:3036} INFO - Sync 1 DAGs
[2026-05-01T19:40:07.283+0000] {logging_mixin.py:188} INFO - [2026-05-01T19:40:07.283+0000] {dag.py:3823} INFO - Setting next_dagrun for dbt_pipeline to 2026-05-01 00:00:00+00:00, run_after=2026-05-02 00:00:00+00:00
[2026-05-01T19:40:07.328+0000] {processor.py:183} INFO - Processing /opt/airflow/dags/dbt_pipeline_dag.py took 0.184 seconds
[2026-05-01T19:40:38.049+0000] {processor.py:161} INFO - Started process (PID=2447) to work on /opt/airflow/dags/dbt_pipeline_dag.py
[2026-05-01T19:40:38.051+0000] {processor.py:830} INFO - Processing file /opt/airflow/dags/dbt_pipeline_dag.py for tasks to queue
[2026-05-01T19:40:38.053+0000] {logging_mixin.py:188} INFO - [2026-05-01T19:40:38.052+0000] {dagbag.py:538} INFO - Filling up the DagBag from /opt/airflow/dags/dbt_pipeline_dag.py
[2026-05-01T19:40:38.091+0000] {processor.py:840} INFO - DAG(s) 'dbt_pipeline' retrieved from /opt/airflow/dags/dbt_pipeline_dag.py
[2026-05-01T19:40:38.144+0000] {logging_mixin.py:188} INFO - [2026-05-01T19:40:38.144+0000] {dag.py:3036} INFO - Sync 1 DAGs
[2026-05-01T19:40:38.203+0000] {logging_mixin.py:188} INFO - [2026-05-01T19:40:38.203+0000] {dag.py:3823} INFO - Setting next_dagrun for dbt_pipeline to 2026-05-01 00:00:00+00:00, run_after=2026-05-02 00:00:00+00:00
[2026-05-01T19:40:38.250+0000] {processor.py:183} INFO - Processing /opt/airflow/dags/dbt_pipeline_dag.py took 0.206 seconds
[2026-05-01T19:41:09.198+0000] {processor.py:161} INFO - Started process (PID=2458) to work on /opt/airflow/dags/dbt_pipeline_dag.py
[2026-05-01T19:41:09.200+0000] {processor.py:830} INFO - Processing file /opt/airflow/dags/dbt_pipeline_dag.py for tasks to queue
[2026-05-01T19:41:09.202+0000] {logging_mixin.py:188} INFO - [2026-05-01T19:41:09.202+0000] {dagbag.py:538} INFO - Filling up the DagBag from /opt/airflow/dags/dbt_pipeline_dag.py
[2026-05-01T19:41:09.251+0000] {processor.py:840} INFO - DAG(s) 'dbt_pipeline' retrieved from /opt/airflow/dags/dbt_pipeline_dag.py
[2026-05-01T19:41:09.304+0000] {logging_mixin.py:188} INFO - [2026-05-01T19:41:09.303+0000] {dag.py:3036} INFO - Sync 1 DAGs
[2026-05-01T19:41:09.344+0000] {logging_mixin.py:188} INFO - [2026-05-01T19:41:09.344+0000] {dag.py:3823} INFO - Setting next_dagrun for dbt_pipeline to 2026-05-01 00:00:00+00:00, run_after=2026-05-02 00:00:00+00:00
[2026-05-01T19:41:09.388+0000] {processor.py:183} INFO - Processing /opt/airflow/dags/dbt_pipeline_dag.py took 0.195 seconds
[2026-05-01T19:41:39.588+0000] {processor.py:161} INFO - Started process (PID=2469) to work on /opt/airflow/dags/dbt_pipeline_dag.py
[2026-05-01T19:41:39.590+0000] {processor.py:830} INFO - Processing file /opt/airflow/dags/dbt_pipeline_dag.py for tasks to queue
[2026-05-01T19:41:39.592+0000] {logging_mixin.py:188} INFO - [2026-05-01T19:41:39.591+0000] {dagbag.py:538} INFO - Filling up the DagBag from /opt/airflow/dags/dbt_pipeline_dag.py
[2026-05-01T19:41:39.625+0000] {processor.py:840} INFO - DAG(s) 'dbt_pipeline' retrieved from /opt/airflow/dags/dbt_pipeline_dag.py
[2026-05-01T19:41:39.669+0000] {logging_mixin.py:188} INFO - [2026-05-01T19:41:39.669+0000] {dag.py:3036} INFO - Sync 1 DAGs
[2026-05-01T19:41:39.706+0000] {logging_mixin.py:188} INFO - [2026-05-01T19:41:39.706+0000] {dag.py:3823} INFO - Setting next_dagrun for dbt_pipeline to 2026-05-01 00:00:00+00:00, run_after=2026-05-02 00:00:00+00:00
[2026-05-01T19:41:39.742+0000] {processor.py:183} INFO - Processing /opt/airflow/dags/dbt_pipeline_dag.py took 0.157 seconds
[2026-05-01T19:42:09.881+0000] {processor.py:161} INFO - Started process (PID=2480) to work on /opt/airflow/dags/dbt_pipeline_dag.py
[2026-05-01T19:42:09.883+0000] {processor.py:830} INFO - Processing file /opt/airflow/dags/dbt_pipeline_dag.py for tasks to queue
[2026-05-01T19:42:09.885+0000] {logging_mixin.py:188} INFO - [2026-05-01T19:42:09.884+0000] {dagbag.py:538} INFO - Filling up the DagBag from /opt/airflow/dags/dbt_pipeline_dag.py
[2026-05-01T19:42:09.925+0000] {processor.py:840} INFO - DAG(s) 'dbt_pipeline' retrieved from /opt/airflow/dags/dbt_pipeline_dag.py
[2026-05-01T19:42:09.977+0000] {logging_mixin.py:188} INFO - [2026-05-01T19:42:09.976+0000] {dag.py:3036} INFO - Sync 1 DAGs
[2026-05-01T19:42:10.018+0000] {logging_mixin.py:188} INFO - [2026-05-01T19:42:10.018+0000] {dag.py:3823} INFO - Setting next_dagrun for dbt_pipeline to 2026-05-01 00:00:00+00:00, run_after=2026-05-02 00:00:00+00:00
[2026-05-01T19:42:10.057+0000] {processor.py:183} INFO - Processing /opt/airflow/dags/dbt_pipeline_dag.py took 0.181 seconds
[2026-05-01T19:42:41.023+0000] {processor.py:161} INFO - Started process (PID=2491) to work on /opt/airflow/dags/dbt_pipeline_dag.py
[2026-05-01T19:42:41.025+0000] {processor.py:830} INFO - Processing file /opt/airflow/dags/dbt_pipeline_dag.py for tasks to queue
[2026-05-01T19:42:41.027+0000] {logging_mixin.py:188} INFO - [2026-05-01T19:42:41.026+0000] {dagbag.py:538} INFO - Filling up the DagBag from /opt/airflow/dags/dbt_pipeline_dag.py
[2026-05-01T19:42:41.065+0000] {processor.py:840} INFO - DAG(s) 'dbt_pipeline' retrieved from /opt/airflow/dags/dbt_pipeline_dag.py
[2026-05-01T19:42:41.109+0000] {logging_mixin.py:188} INFO - [2026-05-01T19:42:41.109+0000] {dag.py:3036} INFO - Sync 1 DAGs
[2026-05-01T19:42:41.150+0000] {logging_mixin.py:188} INFO - [2026-05-01T19:42:41.150+0000] {dag.py:3823} INFO - Setting next_dagrun for dbt_pipeline to 2026-05-01 00:00:00+00:00, run_after=2026-05-02 00:00:00+00:00
[2026-05-01T19:42:41.182+0000] {processor.py:183} INFO - Processing /opt/airflow/dags/dbt_pipeline_dag.py took 0.162 seconds
[2026-05-01T19:43:11.308+0000] {processor.py:161} INFO - Started process (PID=2502) to work on /opt/airflow/dags/dbt_pipeline_dag.py
[2026-05-01T19:43:11.310+0000] {processor.py:830} INFO - Processing file /opt/airflow/dags/dbt_pipeline_dag.py for tasks to queue
[2026-05-01T19:43:11.311+0000] {logging_mixin.py:188} INFO - [2026-05-01T19:43:11.311+0000] {dagbag.py:538} INFO - Filling up the DagBag from /opt/airflow/dags/dbt_pipeline_dag.py
[2026-05-01T19:43:11.349+0000] {processor.py:840} INFO - DAG(s) 'dbt_pipeline' retrieved from /opt/airflow/dags/dbt_pipeline_dag.py
[2026-05-01T19:43:11.393+0000] {logging_mixin.py:188} INFO - [2026-05-01T19:43:11.393+0000] {dag.py:3036} INFO - Sync 1 DAGs
[2026-05-01T19:43:11.429+0000] {logging_mixin.py:188} INFO - [2026-05-01T19:43:11.429+0000] {dag.py:3823} INFO - Setting next_dagrun for dbt_pipeline to 2026-05-01 00:00:00+00:00, run_after=2026-05-02 00:00:00+00:00
[2026-05-01T19:43:11.464+0000] {processor.py:183} INFO - Processing /opt/airflow/dags/dbt_pipeline_dag.py took 0.160 seconds
[2026-05-01T19:43:42.100+0000] {processor.py:161} INFO - Started process (PID=2513) to work on /opt/airflow/dags/dbt_pipeline_dag.py
[2026-05-01T19:43:42.102+0000] {processor.py:830} INFO - Processing file /opt/airflow/dags/dbt_pipeline_dag.py for tasks to queue
[2026-05-01T19:43:42.104+0000] {logging_mixin.py:188} INFO - [2026-05-01T19:43:42.103+0000] {dagbag.py:538} INFO - Filling up the DagBag from /opt/airflow/dags/dbt_pipeline_dag.py
[2026-05-01T19:43:42.144+0000] {processor.py:840} INFO - DAG(s) 'dbt_pipeline' retrieved from /opt/airflow/dags/dbt_pipeline_dag.py
[2026-05-01T19:43:42.194+0000] {logging_mixin.py:188} INFO - [2026-05-01T19:43:42.193+0000] {dag.py:3036} INFO - Sync 1 DAGs
[2026-05-01T19:43:42.234+0000] {logging_mixin.py:188} INFO - [2026-05-01T19:43:42.233+0000] {dag.py:3823} INFO - Setting next_dagrun for dbt_pipeline to 2026-05-01 00:00:00+00:00, run_after=2026-05-02 00:00:00+00:00
[2026-05-01T19:43:42.287+0000] {processor.py:183} INFO - Processing /opt/airflow/dags/dbt_pipeline_dag.py took 0.192 seconds
[2026-05-01T19:44:13.042+0000] {processor.py:161} INFO - Started process (PID=2524) to work on /opt/airflow/dags/dbt_pipeline_dag.py
[2026-05-01T19:44:13.043+0000] {processor.py:830} INFO - Processing file /opt/airflow/dags/dbt_pipeline_dag.py for tasks to queue
[2026-05-01T19:44:13.045+0000] {logging_mixin.py:188} INFO - [2026-05-01T19:44:13.044+0000] {dagbag.py:538} INFO - Filling up the DagBag from /opt/airflow/dags/dbt_pipeline_dag.py
[2026-05-01T19:44:13.083+0000] {processor.py:840} INFO - DAG(s) 'dbt_pipeline' retrieved from /opt/airflow/dags/dbt_pipeline_dag.py
[2026-05-01T19:44:13.133+0000] {logging_mixin.py:188} INFO - [2026-05-01T19:44:13.132+0000] {dag.py:3036} INFO - Sync 1 DAGs
[2026-05-01T19:44:13.188+0000] {logging_mixin.py:188} INFO - [2026-05-01T19:44:13.187+0000] {dag.py:3823} INFO - Setting next_dagrun for dbt_pipeline to 2026-05-01 00:00:00+00:00, run_after=2026-05-02 00:00:00+00:00
[2026-05-01T19:44:13.234+0000] {processor.py:183} INFO - Processing /opt/airflow/dags/dbt_pipeline_dag.py took 0.196 seconds
[2026-05-01T19:44:43.388+0000] {processor.py:161} INFO - Started process (PID=2535) to work on /opt/airflow/dags/dbt_pipeline_dag.py
[2026-05-01T19:44:43.390+0000] {processor.py:830} INFO - Processing file /opt/airflow/dags/dbt_pipeline_dag.py for tasks to queue
[2026-05-01T19:44:43.392+0000] {logging_mixin.py:188} INFO - [2026-05-01T19:44:43.392+0000] {dagbag.py:538} INFO - Filling up the DagBag from /opt/airflow/dags/dbt_pipeline_dag.py
[2026-05-01T19:44:43.430+0000] {processor.py:840} INFO - DAG(s) 'dbt_pipeline' retrieved from /opt/airflow/dags/dbt_pipeline_dag.py
[2026-05-01T19:44:43.478+0000] {logging_mixin.py:188} INFO - [2026-05-01T19:44:43.477+0000] {dag.py:3036} INFO - Sync 1 DAGs
[2026-05-01T19:44:43.515+0000] {logging_mixin.py:188} INFO - [2026-05-01T19:44:43.514+0000] {dag.py:3823} INFO - Setting next_dagrun for dbt_pipeline to 2026-05-01 00:00:00+00:00, run_after=2026-05-02 00:00:00+00:00
[2026-05-01T19:44:43.598+0000] {processor.py:183} INFO - Processing /opt/airflow/dags/dbt_pipeline_dag.py took 0.213 seconds
[2026-05-01T19:45:14.455+0000] {processor.py:161} INFO - Started process (PID=2546) to work on /opt/airflow/dags/dbt_pipeline_dag.py
[2026-05-01T19:45:14.458+0000] {processor.py:830} INFO - Processing file /opt/airflow/dags/dbt_pipeline_dag.py for tasks to queue
[2026-05-01T19:45:14.461+0000] {logging_mixin.py:188} INFO - [2026-05-01T19:45:14.460+0000] {dagbag.py:538} INFO - Filling up the DagBag from /opt/airflow/dags/dbt_pipeline_dag.py
[2026-05-01T19:45:14.522+0000] {processor.py:840} INFO - DAG(s) 'dbt_pipeline' retrieved from /opt/airflow/dags/dbt_pipeline_dag.py
[2026-05-01T19:45:14.606+0000] {logging_mixin.py:188} INFO - [2026-05-01T19:45:14.605+0000] {dag.py:3036} INFO - Sync 1 DAGs
[2026-05-01T19:45:14.697+0000] {logging_mixin.py:188} INFO - [2026-05-01T19:45:14.696+0000] {dag.py:3823} INFO - Setting next_dagrun for dbt_pipeline to 2026-05-01 00:00:00+00:00, run_after=2026-05-02 00:00:00+00:00
[2026-05-01T19:45:14.756+0000] {processor.py:183} INFO - Processing /opt/airflow/dags/dbt_pipeline_dag.py took 0.308 seconds
[2026-05-01T19:45:45.207+0000] {processor.py:161} INFO - Started process (PID=2557) to work on /opt/airflow/dags/dbt_pipeline_dag.py
[2026-05-01T19:45:45.210+0000] {processor.py:830} INFO - Processing file /opt/airflow/dags/dbt_pipeline_dag.py for tasks to queue
[2026-05-01T19:45:45.215+0000] {logging_mixin.py:188} INFO - [2026-05-01T19:45:45.213+0000] {dagbag.py:538} INFO - Filling up the DagBag from /opt/airflow/dags/dbt_pipeline_dag.py
[2026-05-01T19:45:45.280+0000] {processor.py:840} INFO - DAG(s) 'dbt_pipeline' retrieved from /opt/airflow/dags/dbt_pipeline_dag.py
[2026-05-01T19:45:45.349+0000] {logging_mixin.py:188} INFO - [2026-05-01T19:45:45.348+0000] {dag.py:3036} INFO - Sync 1 DAGs
[2026-05-01T19:45:45.413+0000] {logging_mixin.py:188} INFO - [2026-05-01T19:45:45.412+0000] {dag.py:3823} INFO - Setting next_dagrun for dbt_pipeline to 2026-05-01 00:00:00+00:00, run_after=2026-05-02 00:00:00+00:00
[2026-05-01T19:45:45.486+0000] {processor.py:183} INFO - Processing /opt/airflow/dags/dbt_pipeline_dag.py took 0.287 seconds
[2026-05-01T19:46:16.488+0000] {processor.py:161} INFO - Started process (PID=2568) to work on /opt/airflow/dags/dbt_pipeline_dag.py
[2026-05-01T19:46:16.491+0000] {processor.py:830} INFO - Processing file /opt/airflow/dags/dbt_pipeline_dag.py for tasks to queue
[2026-05-01T19:46:16.493+0000] {logging_mixin.py:188} INFO - [2026-05-01T19:46:16.492+0000] {dagbag.py:538} INFO - Filling up the DagBag from /opt/airflow/dags/dbt_pipeline_dag.py
[2026-05-01T19:46:16.558+0000] {processor.py:840} INFO - DAG(s) 'dbt_pipeline' retrieved from /opt/airflow/dags/dbt_pipeline_dag.py
[2026-05-01T19:46:16.640+0000] {logging_mixin.py:188} INFO - [2026-05-01T19:46:16.639+0000] {dag.py:3036} INFO - Sync 1 DAGs
[2026-05-01T19:46:16.722+0000] {logging_mixin.py:188} INFO - [2026-05-01T19:46:16.721+0000] {dag.py:3823} INFO - Setting next_dagrun for dbt_pipeline to 2026-05-01 00:00:00+00:00, run_after=2026-05-02 00:00:00+00:00
[2026-05-01T19:46:16.793+0000] {processor.py:183} INFO - Processing /opt/airflow/dags/dbt_pipeline_dag.py took 0.310 seconds
[2026-05-01T19:46:47.339+0000] {processor.py:161} INFO - Started process (PID=2579) to work on /opt/airflow/dags/dbt_pipeline_dag.py
[2026-05-01T19:46:47.341+0000] {processor.py:830} INFO - Processing file /opt/airflow/dags/dbt_pipeline_dag.py for tasks to queue
[2026-05-01T19:46:47.342+0000] {logging_mixin.py:188} INFO - [2026-05-01T19:46:47.342+0000] {dagbag.py:538} INFO - Filling up the DagBag from /opt/airflow/dags/dbt_pipeline_dag.py
[2026-05-01T19:46:47.378+0000] {processor.py:840} INFO - DAG(s) 'dbt_pipeline' retrieved from /opt/airflow/dags/dbt_pipeline_dag.py
[2026-05-01T19:46:47.424+0000] {logging_mixin.py:188} INFO - [2026-05-01T19:46:47.424+0000] {dag.py:3036} INFO - Sync 1 DAGs
[2026-05-01T19:46:47.462+0000] {logging_mixin.py:188} INFO - [2026-05-01T19:46:47.462+0000] {dag.py:3823} INFO - Setting next_dagrun for dbt_pipeline to 2026-05-01 00:00:00+00:00, run_after=2026-05-02 00:00:00+00:00
[2026-05-01T19:46:47.499+0000] {processor.py:183} INFO - Processing /opt/airflow/dags/dbt_pipeline_dag.py took 0.164 seconds
[2026-05-01T19:47:17.841+0000] {processor.py:161} INFO - Started process (PID=2590) to work on /opt/airflow/dags/dbt_pipeline_dag.py
[2026-05-01T19:47:17.843+0000] {processor.py:830} INFO - Processing file /opt/airflow/dags/dbt_pipeline_dag.py for tasks to queue
[2026-05-01T19:47:17.844+0000] {logging_mixin.py:188} INFO - [2026-05-01T19:47:17.844+0000] {dagbag.py:538} INFO - Filling up the DagBag from /opt/airflow/dags/dbt_pipeline_dag.py
[2026-05-01T19:47:17.885+0000] {processor.py:840} INFO - DAG(s) 'dbt_pipeline' retrieved from /opt/airflow/dags/dbt_pipeline_dag.py
[2026-05-01T19:47:17.939+0000] {logging_mixin.py:188} INFO - [2026-05-01T19:47:17.938+0000] {dag.py:3036} INFO - Sync 1 DAGs
[2026-05-01T19:47:17.980+0000] {logging_mixin.py:188} INFO - [2026-05-01T19:47:17.979+0000] {dag.py:3823} INFO - Setting next_dagrun for dbt_pipeline to 2026-05-01 00:00:00+00:00, run_after=2026-05-02 00:00:00+00:00
[2026-05-01T19:47:18.123+0000] {processor.py:183} INFO - Processing /opt/airflow/dags/dbt_pipeline_dag.py took 0.286 seconds
[2026-05-01T19:47:48.240+0000] {processor.py:161} INFO - Started process (PID=2601) to work on /opt/airflow/dags/dbt_pipeline_dag.py
[2026-05-01T19:47:48.242+0000] {processor.py:830} INFO - Processing file /opt/airflow/dags/dbt_pipeline_dag.py for tasks to queue
[2026-05-01T19:47:48.244+0000] {logging_mixin.py:188} INFO - [2026-05-01T19:47:48.243+0000] {dagbag.py:538} INFO - Filling up the DagBag from /opt/airflow/dags/dbt_pipeline_dag.py
[2026-05-01T19:47:48.291+0000] {processor.py:840} INFO - DAG(s) 'dbt_pipeline' retrieved from /opt/airflow/dags/dbt_pipeline_dag.py
[2026-05-01T19:47:48.349+0000] {logging_mixin.py:188} INFO - [2026-05-01T19:47:48.348+0000] {dag.py:3036} INFO - Sync 1 DAGs
[2026-05-01T19:47:48.403+0000] {logging_mixin.py:188} INFO - [2026-05-01T19:47:48.402+0000] {dag.py:3823} INFO - Setting next_dagrun for dbt_pipeline to 2026-05-01 00:00:00+00:00, run_after=2026-05-02 00:00:00+00:00
[2026-05-01T19:47:48.468+0000] {processor.py:183} INFO - Processing /opt/airflow/dags/dbt_pipeline_dag.py took 0.233 seconds
[2026-05-01T19:48:19.458+0000] {processor.py:161} INFO - Started process (PID=2612) to work on /opt/airflow/dags/dbt_pipeline_dag.py
[2026-05-01T19:48:19.460+0000] {processor.py:830} INFO - Processing file /opt/airflow/dags/dbt_pipeline_dag.py for tasks to queue
[2026-05-01T19:48:19.462+0000] {logging_mixin.py:188} INFO - [2026-05-01T19:48:19.461+0000] {dagbag.py:538} INFO - Filling up the DagBag from /opt/airflow/dags/dbt_pipeline_dag.py
[2026-05-01T19:48:19.500+0000] {processor.py:840} INFO - DAG(s) 'dbt_pipeline' retrieved from /opt/airflow/dags/dbt_pipeline_dag.py
[2026-05-01T19:48:19.546+0000] {logging_mixin.py:188} INFO - [2026-05-01T19:48:19.545+0000] {dag.py:3036} INFO - Sync 1 DAGs
[2026-05-01T19:48:19.603+0000] {logging_mixin.py:188} INFO - [2026-05-01T19:48:19.601+0000] {dag.py:3823} INFO - Setting next_dagrun for dbt_pipeline to 2026-05-01 00:00:00+00:00, run_after=2026-05-02 00:00:00+00:00
[2026-05-01T19:48:19.668+0000] {processor.py:183} INFO - Processing /opt/airflow/dags/dbt_pipeline_dag.py took 0.213 seconds
[2026-05-01T19:48:50.603+0000] {processor.py:161} INFO - Started process (PID=2623) to work on /opt/airflow/dags/dbt_pipeline_dag.py
[2026-05-01T19:48:50.605+0000] {processor.py:830} INFO - Processing file /opt/airflow/dags/dbt_pipeline_dag.py for tasks to queue
[2026-05-01T19:48:50.607+0000] {logging_mixin.py:188} INFO - [2026-05-01T19:48:50.607+0000] {dagbag.py:538} INFO - Filling up the DagBag from /opt/airflow/dags/dbt_pipeline_dag.py
[2026-05-01T19:48:50.645+0000] {processor.py:840} INFO - DAG(s) 'dbt_pipeline' retrieved from /opt/airflow/dags/dbt_pipeline_dag.py
[2026-05-01T19:48:50.701+0000] {logging_mixin.py:188} INFO - [2026-05-01T19:48:50.701+0000] {dag.py:3036} INFO - Sync 1 DAGs
[2026-05-01T19:48:50.755+0000] {logging_mixin.py:188} INFO - [2026-05-01T19:48:50.755+0000] {dag.py:3823} INFO - Setting next_dagrun for dbt_pipeline to 2026-05-01 00:00:00+00:00, run_after=2026-05-02 00:00:00+00:00
[2026-05-01T19:48:50.796+0000] {processor.py:183} INFO - Processing /opt/airflow/dags/dbt_pipeline_dag.py took 0.197 seconds
[2026-05-01T19:49:20.924+0000] {processor.py:161} INFO - Started process (PID=2632) to work on /opt/airflow/dags/dbt_pipeline_dag.py
[2026-05-01T19:49:20.926+0000] {processor.py:830} INFO - Processing file /opt/airflow/dags/dbt_pipeline_dag.py for tasks to queue
[2026-05-01T19:49:20.929+0000] {logging_mixin.py:188} INFO - [2026-05-01T19:49:20.928+0000] {dagbag.py:538} INFO - Filling up the DagBag from /opt/airflow/dags/dbt_pipeline_dag.py
[2026-05-01T19:49:20.975+0000] {processor.py:840} INFO - DAG(s) 'dbt_pipeline' retrieved from /opt/airflow/dags/dbt_pipeline_dag.py
[2026-05-01T19:49:21.025+0000] {logging_mixin.py:188} INFO - [2026-05-01T19:49:21.025+0000] {dag.py:3036} INFO - Sync 1 DAGs
[2026-05-01T19:49:21.076+0000] {logging_mixin.py:188} INFO - [2026-05-01T19:49:21.075+0000] {dag.py:3823} INFO - Setting next_dagrun for dbt_pipeline to 2026-05-01 00:00:00+00:00, run_after=2026-05-02 00:00:00+00:00
[2026-05-01T19:49:21.122+0000] {processor.py:183} INFO - Processing /opt/airflow/dags/dbt_pipeline_dag.py took 0.203 seconds
[2026-05-01T19:49:51.259+0000] {processor.py:161} INFO - Started process (PID=2639) to work on /opt/airflow/dags/dbt_pipeline_dag.py
[2026-05-01T19:49:51.261+0000] {processor.py:830} INFO - Processing file /opt/airflow/dags/dbt_pipeline_dag.py for tasks to queue
[2026-05-01T19:49:51.264+0000] {logging_mixin.py:188} INFO - [2026-05-01T19:49:51.263+0000] {dagbag.py:538} INFO - Filling up the DagBag from /opt/airflow/dags/dbt_pipeline_dag.py
[2026-05-01T19:49:51.321+0000] {processor.py:840} INFO - DAG(s) 'dbt_pipeline' retrieved from /opt/airflow/dags/dbt_pipeline_dag.py
[2026-05-01T19:49:51.385+0000] {logging_mixin.py:188} INFO - [2026-05-01T19:49:51.384+0000] {dag.py:3036} INFO - Sync 1 DAGs
[2026-05-01T19:49:51.441+0000] {logging_mixin.py:188} INFO - [2026-05-01T19:49:51.441+0000] {dag.py:3823} INFO - Setting next_dagrun for dbt_pipeline to 2026-05-01 00:00:00+00:00, run_after=2026-05-02 00:00:00+00:00
[2026-05-01T19:49:51.484+0000] {processor.py:183} INFO - Processing /opt/airflow/dags/dbt_pipeline_dag.py took 0.233 seconds
[2026-05-01T19:50:21.571+0000] {processor.py:161} INFO - Started process (PID=2650) to work on /opt/airflow/dags/dbt_pipeline_dag.py
[2026-05-01T19:50:21.573+0000] {processor.py:830} INFO - Processing file /opt/airflow/dags/dbt_pipeline_dag.py for tasks to queue
[2026-05-01T19:50:21.574+0000] {logging_mixin.py:188} INFO - [2026-05-01T19:50:21.574+0000] {dagbag.py:538} INFO - Filling up the DagBag from /opt/airflow/dags/dbt_pipeline_dag.py
[2026-05-01T19:50:21.613+0000] {processor.py:840} INFO - DAG(s) 'dbt_pipeline' retrieved from /opt/airflow/dags/dbt_pipeline_dag.py
[2026-05-01T19:50:21.690+0000] {logging_mixin.py:188} INFO - [2026-05-01T19:50:21.690+0000] {dag.py:3036} INFO - Sync 1 DAGs
[2026-05-01T19:50:21.727+0000] {logging_mixin.py:188} INFO - [2026-05-01T19:50:21.727+0000] {dag.py:3823} INFO - Setting next_dagrun for dbt_pipeline to 2026-05-01 00:00:00+00:00, run_after=2026-05-02 00:00:00+00:00
[2026-05-01T19:50:21.821+0000] {processor.py:183} INFO - Processing /opt/airflow/dags/dbt_pipeline_dag.py took 0.254 seconds
[2026-05-01T19:50:52.019+0000] {processor.py:161} INFO - Started process (PID=2661) to work on /opt/airflow/dags/dbt_pipeline_dag.py
[2026-05-01T19:50:52.021+0000] {processor.py:830} INFO - Processing file /opt/airflow/dags/dbt_pipeline_dag.py for tasks to queue
[2026-05-01T19:50:52.024+0000] {logging_mixin.py:188} INFO - [2026-05-01T19:50:52.023+0000] {dagbag.py:538} INFO - Filling up the DagBag from /opt/airflow/dags/dbt_pipeline_dag.py
[2026-05-01T19:50:52.067+0000] {processor.py:840} INFO - DAG(s) 'dbt_pipeline' retrieved from /opt/airflow/dags/dbt_pipeline_dag.py
[2026-05-01T19:50:52.114+0000] {logging_mixin.py:188} INFO - [2026-05-01T19:50:52.113+0000] {dag.py:3036} INFO - Sync 1 DAGs
[2026-05-01T19:50:52.151+0000] {logging_mixin.py:188} INFO - [2026-05-01T19:50:52.151+0000] {dag.py:3823} INFO - Setting next_dagrun for dbt_pipeline to 2026-05-01 00:00:00+00:00, run_after=2026-05-02 00:00:00+00:00
[2026-05-01T19:50:52.187+0000] {processor.py:183} INFO - Processing /opt/airflow/dags/dbt_pipeline_dag.py took 0.172 seconds
[2026-05-01T19:51:23.085+0000] {processor.py:161} INFO - Started process (PID=2672) to work on /opt/airflow/dags/dbt_pipeline_dag.py
[2026-05-01T19:51:23.087+0000] {processor.py:830} INFO - Processing file /opt/airflow/dags/dbt_pipeline_dag.py for tasks to queue
[2026-05-01T19:51:23.089+0000] {logging_mixin.py:188} INFO - [2026-05-01T19:51:23.088+0000] {dagbag.py:538} INFO - Filling up the DagBag from /opt/airflow/dags/dbt_pipeline_dag.py
[2026-05-01T19:51:23.126+0000] {processor.py:840} INFO - DAG(s) 'dbt_pipeline' retrieved from /opt/airflow/dags/dbt_pipeline_dag.py
[2026-05-01T19:51:23.176+0000] {logging_mixin.py:188} INFO - [2026-05-01T19:51:23.176+0000] {dag.py:3036} INFO - Sync 1 DAGs
[2026-05-01T19:51:23.219+0000] {logging_mixin.py:188} INFO - [2026-05-01T19:51:23.219+0000] {dag.py:3823} INFO - Setting next_dagrun for dbt_pipeline to 2026-05-01 00:00:00+00:00, run_after=2026-05-02 00:00:00+00:00
[2026-05-01T19:51:23.268+0000] {processor.py:183} INFO - Processing /opt/airflow/dags/dbt_pipeline_dag.py took 0.186 seconds
[2026-05-01T19:51:53.540+0000] {processor.py:161} INFO - Started process (PID=2683) to work on /opt/airflow/dags/dbt_pipeline_dag.py
[2026-05-01T19:51:53.542+0000] {processor.py:830} INFO - Processing file /opt/airflow/dags/dbt_pipeline_dag.py for tasks to queue
[2026-05-01T19:51:53.543+0000] {logging_mixin.py:188} INFO - [2026-05-01T19:51:53.543+0000] {dagbag.py:538} INFO - Filling up the DagBag from /opt/airflow/dags/dbt_pipeline_dag.py
[2026-05-01T19:51:53.582+0000] {processor.py:840} INFO - DAG(s) 'dbt_pipeline' retrieved from /opt/airflow/dags/dbt_pipeline_dag.py
[2026-05-01T19:51:53.633+0000] {logging_mixin.py:188} INFO - [2026-05-01T19:51:53.633+0000] {dag.py:3036} INFO - Sync 1 DAGs
[2026-05-01T19:51:53.666+0000] {logging_mixin.py:188} INFO - [2026-05-01T19:51:53.665+0000] {dag.py:3823} INFO - Setting next_dagrun for dbt_pipeline to 2026-05-01 00:00:00+00:00, run_after=2026-05-02 00:00:00+00:00
[2026-05-01T19:51:53.700+0000] {processor.py:183} INFO - Processing /opt/airflow/dags/dbt_pipeline_dag.py took 0.164 seconds
[2026-05-01T19:52:24.086+0000] {processor.py:161} INFO - Started process (PID=2694) to work on /opt/airflow/dags/dbt_pipeline_dag.py
[2026-05-01T19:52:24.088+0000] {processor.py:830} INFO - Processing file /opt/airflow/dags/dbt_pipeline_dag.py for tasks to queue
[2026-05-01T19:52:24.090+0000] {logging_mixin.py:188} INFO - [2026-05-01T19:52:24.089+0000] {dagbag.py:538} INFO - Filling up the DagBag from /opt/airflow/dags/dbt_pipeline_dag.py
[2026-05-01T19:52:24.126+0000] {processor.py:840} INFO - DAG(s) 'dbt_pipeline' retrieved from /opt/airflow/dags/dbt_pipeline_dag.py
[2026-05-01T19:52:24.173+0000] {logging_mixin.py:188} INFO - [2026-05-01T19:52:24.173+0000] {dag.py:3036} INFO - Sync 1 DAGs
[2026-05-01T19:52:24.215+0000] {logging_mixin.py:188} INFO - [2026-05-01T19:52:24.214+0000] {dag.py:3823} INFO - Setting next_dagrun for dbt_pipeline to 2026-05-01 00:00:00+00:00, run_after=2026-05-02 00:00:00+00:00
[2026-05-01T19:52:24.259+0000] {processor.py:183} INFO - Processing /opt/airflow/dags/dbt_pipeline_dag.py took 0.177 seconds
[2026-05-01T19:52:55.364+0000] {processor.py:161} INFO - Started process (PID=2705) to work on /opt/airflow/dags/dbt_pipeline_dag.py
[2026-05-01T19:52:55.366+0000] {processor.py:830} INFO - Processing file /opt/airflow/dags/dbt_pipeline_dag.py for tasks to queue
[2026-05-01T19:52:55.368+0000] {logging_mixin.py:188} INFO - [2026-05-01T19:52:55.367+0000] {dagbag.py:538} INFO - Filling up the DagBag from /opt/airflow/dags/dbt_pipeline_dag.py
[2026-05-01T19:52:55.409+0000] {processor.py:840} INFO - DAG(s) 'dbt_pipeline' retrieved from /opt/airflow/dags/dbt_pipeline_dag.py
[2026-05-01T19:52:55.464+0000] {logging_mixin.py:188} INFO - [2026-05-01T19:52:55.464+0000] {dag.py:3036} INFO - Sync 1 DAGs
[2026-05-01T19:52:55.509+0000] {logging_mixin.py:188} INFO - [2026-05-01T19:52:55.508+0000] {dag.py:3823} INFO - Setting next_dagrun for dbt_pipeline to 2026-05-01 00:00:00+00:00, run_after=2026-05-02 00:00:00+00:00
[2026-05-01T19:52:55.556+0000] {processor.py:183} INFO - Processing /opt/airflow/dags/dbt_pipeline_dag.py took 0.196 seconds
[2026-05-01T19:53:25.921+0000] {processor.py:161} INFO - Started process (PID=2716) to work on /opt/airflow/dags/dbt_pipeline_dag.py
[2026-05-01T19:53:25.922+0000] {processor.py:830} INFO - Processing file /opt/airflow/dags/dbt_pipeline_dag.py for tasks to queue
[2026-05-01T19:53:25.924+0000] {logging_mixin.py:188} INFO - [2026-05-01T19:53:25.924+0000] {dagbag.py:538} INFO - Filling up the DagBag from /opt/airflow/dags/dbt_pipeline_dag.py
[2026-05-01T19:53:25.967+0000] {processor.py:840} INFO - DAG(s) 'dbt_pipeline' retrieved from /opt/airflow/dags/dbt_pipeline_dag.py
[2026-05-01T19:53:26.025+0000] {logging_mixin.py:188} INFO - [2026-05-01T19:53:26.025+0000] {dag.py:3036} INFO - Sync 1 DAGs
[2026-05-01T19:53:26.067+0000] {logging_mixin.py:188} INFO - [2026-05-01T19:53:26.067+0000] {dag.py:3823} INFO - Setting next_dagrun for dbt_pipeline to 2026-05-01 00:00:00+00:00, run_after=2026-05-02 00:00:00+00:00
[2026-05-01T19:53:26.103+0000] {processor.py:183} INFO - Processing /opt/airflow/dags/dbt_pipeline_dag.py took 0.186 seconds
[2026-05-01T19:53:56.345+0000] {processor.py:161} INFO - Started process (PID=2727) to work on /opt/airflow/dags/dbt_pipeline_dag.py
[2026-05-01T19:53:56.347+0000] {processor.py:830} INFO - Processing file /opt/airflow/dags/dbt_pipeline_dag.py for tasks to queue
[2026-05-01T19:53:56.350+0000] {logging_mixin.py:188} INFO - [2026-05-01T19:53:56.349+0000] {dagbag.py:538} INFO - Filling up the DagBag from /opt/airflow/dags/dbt_pipeline_dag.py
[2026-05-01T19:53:56.402+0000] {processor.py:840} INFO - DAG(s) 'dbt_pipeline' retrieved from /opt/airflow/dags/dbt_pipeline_dag.py
[2026-05-01T19:53:56.476+0000] {logging_mixin.py:188} INFO - [2026-05-01T19:53:56.476+0000] {dag.py:3036} INFO - Sync 1 DAGs
[2026-05-01T19:53:56.526+0000] {logging_mixin.py:188} INFO - [2026-05-01T19:53:56.525+0000] {dag.py:3823} INFO - Setting next_dagrun for dbt_pipeline to 2026-05-01 00:00:00+00:00, run_after=2026-05-02 00:00:00+00:00
[2026-05-01T19:53:56.570+0000] {processor.py:183} INFO - Processing /opt/airflow/dags/dbt_pipeline_dag.py took 0.230 seconds
[2026-05-01T19:54:26.956+0000] {processor.py:161} INFO - Started process (PID=2738) to work on /opt/airflow/dags/dbt_pipeline_dag.py
[2026-05-01T19:54:26.958+0000] {processor.py:830} INFO - Processing file /opt/airflow/dags/dbt_pipeline_dag.py for tasks to queue
[2026-05-01T19:54:26.962+0000] {logging_mixin.py:188} INFO - [2026-05-01T19:54:26.960+0000] {dagbag.py:538} INFO - Filling up the DagBag from /opt/airflow/dags/dbt_pipeline_dag.py
[2026-05-01T19:54:27.017+0000] {processor.py:840} INFO - DAG(s) 'dbt_pipeline' retrieved from /opt/airflow/dags/dbt_pipeline_dag.py
[2026-05-01T19:54:27.081+0000] {logging_mixin.py:188} INFO - [2026-05-01T19:54:27.080+0000] {dag.py:3036} INFO - Sync 1 DAGs
[2026-05-01T19:54:27.128+0000] {logging_mixin.py:188} INFO - [2026-05-01T19:54:27.127+0000] {dag.py:3823} INFO - Setting next_dagrun for dbt_pipeline to 2026-05-01 00:00:00+00:00, run_after=2026-05-02 00:00:00+00:00
[2026-05-01T19:54:27.179+0000] {processor.py:183} INFO - Processing /opt/airflow/dags/dbt_pipeline_dag.py took 0.230 seconds
[2026-05-01T19:54:57.489+0000] {processor.py:161} INFO - Started process (PID=2749) to work on /opt/airflow/dags/dbt_pipeline_dag.py
[2026-05-01T19:54:57.491+0000] {processor.py:830} INFO - Processing file /opt/airflow/dags/dbt_pipeline_dag.py for tasks to queue
[2026-05-01T19:54:57.493+0000] {logging_mixin.py:188} INFO - [2026-05-01T19:54:57.492+0000] {dagbag.py:538} INFO - Filling up the DagBag from /opt/airflow/dags/dbt_pipeline_dag.py
[2026-05-01T19:54:57.533+0000] {processor.py:840} INFO - DAG(s) 'dbt_pipeline' retrieved from /opt/airflow/dags/dbt_pipeline_dag.py
[2026-05-01T19:54:57.581+0000] {logging_mixin.py:188} INFO - [2026-05-01T19:54:57.580+0000] {dag.py:3036} INFO - Sync 1 DAGs
[2026-05-01T19:54:57.620+0000] {logging_mixin.py:188} INFO - [2026-05-01T19:54:57.619+0000] {dag.py:3823} INFO - Setting next_dagrun for dbt_pipeline to 2026-05-01 00:00:00+00:00, run_after=2026-05-02 00:00:00+00:00
[2026-05-01T19:54:57.659+0000] {processor.py:183} INFO - Processing /opt/airflow/dags/dbt_pipeline_dag.py took 0.174 seconds
[2026-05-01T19:55:28.079+0000] {processor.py:161} INFO - Started process (PID=2760) to work on /opt/airflow/dags/dbt_pipeline_dag.py
[2026-05-01T19:55:28.080+0000] {processor.py:830} INFO - Processing file /opt/airflow/dags/dbt_pipeline_dag.py for tasks to queue
[2026-05-01T19:55:28.082+0000] {logging_mixin.py:188} INFO - [2026-05-01T19:55:28.081+0000] {dagbag.py:538} INFO - Filling up the DagBag from /opt/airflow/dags/dbt_pipeline_dag.py
[2026-05-01T19:55:28.116+0000] {processor.py:840} INFO - DAG(s) 'dbt_pipeline' retrieved from /opt/airflow/dags/dbt_pipeline_dag.py
[2026-05-01T19:55:28.161+0000] {logging_mixin.py:188} INFO - [2026-05-01T19:55:28.161+0000] {dag.py:3036} INFO - Sync 1 DAGs
[2026-05-01T19:55:28.199+0000] {logging_mixin.py:188} INFO - [2026-05-01T19:55:28.198+0000] {dag.py:3823} INFO - Setting next_dagrun for dbt_pipeline to 2026-05-01 00:00:00+00:00, run_after=2026-05-02 00:00:00+00:00
[2026-05-01T19:55:28.232+0000] {processor.py:183} INFO - Processing /opt/airflow/dags/dbt_pipeline_dag.py took 0.157 seconds
[2026-05-01T19:55:58.742+0000] {processor.py:161} INFO - Started process (PID=2771) to work on /opt/airflow/dags/dbt_pipeline_dag.py
[2026-05-01T19:55:58.743+0000] {processor.py:830} INFO - Processing file /opt/airflow/dags/dbt_pipeline_dag.py for tasks to queue
[2026-05-01T19:55:58.746+0000] {logging_mixin.py:188} INFO - [2026-05-01T19:55:58.746+0000] {dagbag.py:538} INFO - Filling up the DagBag from /opt/airflow/dags/dbt_pipeline_dag.py
[2026-05-01T19:55:58.779+0000] {processor.py:840} INFO - DAG(s) 'dbt_pipeline' retrieved from /opt/airflow/dags/dbt_pipeline_dag.py
[2026-05-01T19:55:58.825+0000] {logging_mixin.py:188} INFO - [2026-05-01T19:55:58.824+0000] {dag.py:3036} INFO - Sync 1 DAGs
[2026-05-01T19:55:58.861+0000] {logging_mixin.py:188} INFO - [2026-05-01T19:55:58.860+0000] {dag.py:3823} INFO - Setting next_dagrun for dbt_pipeline to 2026-05-01 00:00:00+00:00, run_after=2026-05-02 00:00:00+00:00
[2026-05-01T19:55:58.899+0000] {processor.py:183} INFO - Processing /opt/airflow/dags/dbt_pipeline_dag.py took 0.161 seconds
[2026-05-01T19:56:29.241+0000] {processor.py:161} INFO - Started process (PID=2782) to work on /opt/airflow/dags/dbt_pipeline_dag.py
[2026-05-01T19:56:29.243+0000] {processor.py:830} INFO - Processing file /opt/airflow/dags/dbt_pipeline_dag.py for tasks to queue
[2026-05-01T19:56:29.246+0000] {logging_mixin.py:188} INFO - [2026-05-01T19:56:29.245+0000] {dagbag.py:538} INFO - Filling up the DagBag from /opt/airflow/dags/dbt_pipeline_dag.py
[2026-05-01T19:56:29.294+0000] {processor.py:840} INFO - DAG(s) 'dbt_pipeline' retrieved from /opt/airflow/dags/dbt_pipeline_dag.py
[2026-05-01T19:56:29.418+0000] {logging_mixin.py:188} INFO - [2026-05-01T19:56:29.417+0000] {dag.py:3036} INFO - Sync 1 DAGs
[2026-05-01T19:56:29.494+0000] {logging_mixin.py:188} INFO - [2026-05-01T19:56:29.493+0000] {dag.py:3823} INFO - Setting next_dagrun for dbt_pipeline to 2026-05-01 00:00:00+00:00, run_after=2026-05-02 00:00:00+00:00
[2026-05-01T19:56:29.551+0000] {processor.py:183} INFO - Processing /opt/airflow/dags/dbt_pipeline_dag.py took 0.314 seconds
[2026-05-01T19:57:00.243+0000] {processor.py:161} INFO - Started process (PID=2793) to work on /opt/airflow/dags/dbt_pipeline_dag.py
[2026-05-01T19:57:00.246+0000] {processor.py:830} INFO - Processing file /opt/airflow/dags/dbt_pipeline_dag.py for tasks to queue
[2026-05-01T19:57:00.248+0000] {logging_mixin.py:188} INFO - [2026-05-01T19:57:00.247+0000] {dagbag.py:538} INFO - Filling up the DagBag from /opt/airflow/dags/dbt_pipeline_dag.py
[2026-05-01T19:57:00.290+0000] {processor.py:840} INFO - DAG(s) 'dbt_pipeline' retrieved from /opt/airflow/dags/dbt_pipeline_dag.py
[2026-05-01T19:57:00.341+0000] {logging_mixin.py:188} INFO - [2026-05-01T19:57:00.340+0000] {dag.py:3036} INFO - Sync 1 DAGs
[2026-05-01T19:57:00.389+0000] {logging_mixin.py:188} INFO - [2026-05-01T19:57:00.388+0000] {dag.py:3823} INFO - Setting next_dagrun for dbt_pipeline to 2026-05-01 00:00:00+00:00, run_after=2026-05-02 00:00:00+00:00
[2026-05-01T19:57:00.432+0000] {processor.py:183} INFO - Processing /opt/airflow/dags/dbt_pipeline_dag.py took 0.195 seconds
[2026-05-01T19:57:31.097+0000] {processor.py:161} INFO - Started process (PID=2804) to work on /opt/airflow/dags/dbt_pipeline_dag.py
[2026-05-01T19:57:31.099+0000] {processor.py:830} INFO - Processing file /opt/airflow/dags/dbt_pipeline_dag.py for tasks to queue
[2026-05-01T19:57:31.102+0000] {logging_mixin.py:188} INFO - [2026-05-01T19:57:31.101+0000] {dagbag.py:538} INFO - Filling up the DagBag from /opt/airflow/dags/dbt_pipeline_dag.py
[2026-05-01T19:57:31.146+0000] {processor.py:840} INFO - DAG(s) 'dbt_pipeline' retrieved from /opt/airflow/dags/dbt_pipeline_dag.py
[2026-05-01T19:57:31.206+0000] {logging_mixin.py:188} INFO - [2026-05-01T19:57:31.205+0000] {dag.py:3036} INFO - Sync 1 DAGs
[2026-05-01T19:57:31.250+0000] {logging_mixin.py:188} INFO - [2026-05-01T19:57:31.249+0000] {dag.py:3823} INFO - Setting next_dagrun for dbt_pipeline to 2026-05-01 00:00:00+00:00, run_after=2026-05-02 00:00:00+00:00
[2026-05-01T19:57:32.224+0000] {processor.py:183} INFO - Processing /opt/airflow/dags/dbt_pipeline_dag.py took 1.132 seconds
[2026-05-01T19:58:03.197+0000] {processor.py:161} INFO - Started process (PID=2815) to work on /opt/airflow/dags/dbt_pipeline_dag.py
[2026-05-01T19:58:03.199+0000] {processor.py:830} INFO - Processing file /opt/airflow/dags/dbt_pipeline_dag.py for tasks to queue
[2026-05-01T19:58:03.202+0000] {logging_mixin.py:188} INFO - [2026-05-01T19:58:03.201+0000] {dagbag.py:538} INFO - Filling up the DagBag from /opt/airflow/dags/dbt_pipeline_dag.py
[2026-05-01T19:58:03.242+0000] {processor.py:840} INFO - DAG(s) 'dbt_pipeline' retrieved from /opt/airflow/dags/dbt_pipeline_dag.py
[2026-05-01T19:58:03.303+0000] {logging_mixin.py:188} INFO - [2026-05-01T19:58:03.302+0000] {dag.py:3036} INFO - Sync 1 DAGs
[2026-05-01T19:58:03.344+0000] {logging_mixin.py:188} INFO - [2026-05-01T19:58:03.344+0000] {dag.py:3823} INFO - Setting next_dagrun for dbt_pipeline to 2026-05-01 00:00:00+00:00, run_after=2026-05-02 00:00:00+00:00
[2026-05-01T19:58:03.388+0000] {processor.py:183} INFO - Processing /opt/airflow/dags/dbt_pipeline_dag.py took 0.197 seconds
[2026-05-01T19:58:33.858+0000] {processor.py:161} INFO - Started process (PID=2826) to work on /opt/airflow/dags/dbt_pipeline_dag.py
[2026-05-01T19:58:33.860+0000] {processor.py:830} INFO - Processing file /opt/airflow/dags/dbt_pipeline_dag.py for tasks to queue
[2026-05-01T19:58:33.862+0000] {logging_mixin.py:188} INFO - [2026-05-01T19:58:33.861+0000] {dagbag.py:538} INFO - Filling up the DagBag from /opt/airflow/dags/dbt_pipeline_dag.py
[2026-05-01T19:58:33.902+0000] {processor.py:840} INFO - DAG(s) 'dbt_pipeline' retrieved from /opt/airflow/dags/dbt_pipeline_dag.py
[2026-05-01T19:58:33.972+0000] {logging_mixin.py:188} INFO - [2026-05-01T19:58:33.971+0000] {dag.py:3036} INFO - Sync 1 DAGs
[2026-05-01T19:58:34.038+0000] {logging_mixin.py:188} INFO - [2026-05-01T19:58:34.038+0000] {dag.py:3823} INFO - Setting next_dagrun for dbt_pipeline to 2026-05-01 00:00:00+00:00, run_after=2026-05-02 00:00:00+00:00
[2026-05-01T19:58:34.081+0000] {processor.py:183} INFO - Processing /opt/airflow/dags/dbt_pipeline_dag.py took 0.228 seconds
[2026-05-01T19:59:04.184+0000] {processor.py:161} INFO - Started process (PID=2837) to work on /opt/airflow/dags/dbt_pipeline_dag.py
[2026-05-01T19:59:04.186+0000] {processor.py:830} INFO - Processing file /opt/airflow/dags/dbt_pipeline_dag.py for tasks to queue
[2026-05-01T19:59:04.188+0000] {logging_mixin.py:188} INFO - [2026-05-01T19:59:04.187+0000] {dagbag.py:538} INFO - Filling up the DagBag from /opt/airflow/dags/dbt_pipeline_dag.py
[2026-05-01T19:59:04.235+0000] {processor.py:840} INFO - DAG(s) 'dbt_pipeline' retrieved from /opt/airflow/dags/dbt_pipeline_dag.py
[2026-05-01T19:59:04.292+0000] {logging_mixin.py:188} INFO - [2026-05-01T19:59:04.292+0000] {dag.py:3036} INFO - Sync 1 DAGs
[2026-05-01T19:59:04.342+0000] {logging_mixin.py:188} INFO - [2026-05-01T19:59:04.341+0000] {dag.py:3823} INFO - Setting next_dagrun for dbt_pipeline to 2026-05-01 00:00:00+00:00, run_after=2026-05-02 00:00:00+00:00
[2026-05-01T19:59:04.387+0000] {processor.py:183} INFO - Processing /opt/airflow/dags/dbt_pipeline_dag.py took 0.208 seconds
[2026-05-01T19:59:34.540+0000] {processor.py:161} INFO - Started process (PID=2848) to work on /opt/airflow/dags/dbt_pipeline_dag.py
[2026-05-01T19:59:34.543+0000] {processor.py:830} INFO - Processing file /opt/airflow/dags/dbt_pipeline_dag.py for tasks to queue
[2026-05-01T19:59:34.545+0000] {logging_mixin.py:188} INFO - [2026-05-01T19:59:34.544+0000] {dagbag.py:538} INFO - Filling up the DagBag from /opt/airflow/dags/dbt_pipeline_dag.py
[2026-05-01T19:59:34.580+0000] {processor.py:840} INFO - DAG(s) 'dbt_pipeline' retrieved from /opt/airflow/dags/dbt_pipeline_dag.py
[2026-05-01T19:59:34.628+0000] {logging_mixin.py:188} INFO - [2026-05-01T19:59:34.627+0000] {dag.py:3036} INFO - Sync 1 DAGs
[2026-05-01T19:59:34.669+0000] {logging_mixin.py:188} INFO - [2026-05-01T19:59:34.668+0000] {dag.py:3823} INFO - Setting next_dagrun for dbt_pipeline to 2026-05-01 00:00:00+00:00, run_after=2026-05-02 00:00:00+00:00
[2026-05-01T19:59:34.706+0000] {processor.py:183} INFO - Processing /opt/airflow/dags/dbt_pipeline_dag.py took 0.170 seconds
[2026-05-01T20:00:05.057+0000] {processor.py:161} INFO - Started process (PID=2859) to work on /opt/airflow/dags/dbt_pipeline_dag.py
[2026-05-01T20:00:05.059+0000] {processor.py:830} INFO - Processing file /opt/airflow/dags/dbt_pipeline_dag.py for tasks to queue
[2026-05-01T20:00:05.061+0000] {logging_mixin.py:188} INFO - [2026-05-01T20:00:05.060+0000] {dagbag.py:538} INFO - Filling up the DagBag from /opt/airflow/dags/dbt_pipeline_dag.py
[2026-05-01T20:00:05.102+0000] {processor.py:840} INFO - DAG(s) 'dbt_pipeline' retrieved from /opt/airflow/dags/dbt_pipeline_dag.py
[2026-05-01T20:00:05.152+0000] {logging_mixin.py:188} INFO - [2026-05-01T20:00:05.151+0000] {dag.py:3036} INFO - Sync 1 DAGs
[2026-05-01T20:00:05.194+0000] {logging_mixin.py:188} INFO - [2026-05-01T20:00:05.193+0000] {dag.py:3823} INFO - Setting next_dagrun for dbt_pipeline to 2026-05-01 00:00:00+00:00, run_after=2026-05-02 00:00:00+00:00
[2026-05-01T20:00:05.233+0000] {processor.py:183} INFO - Processing /opt/airflow/dags/dbt_pipeline_dag.py took 0.180 seconds
[2026-05-01T20:00:35.467+0000] {processor.py:161} INFO - Started process (PID=2870) to work on /opt/airflow/dags/dbt_pipeline_dag.py
[2026-05-01T20:00:35.472+0000] {processor.py:830} INFO - Processing file /opt/airflow/dags/dbt_pipeline_dag.py for tasks to queue
[2026-05-01T20:00:35.477+0000] {logging_mixin.py:188} INFO - [2026-05-01T20:00:35.477+0000] {dagbag.py:538} INFO - Filling up the DagBag from /opt/airflow/dags/dbt_pipeline_dag.py
[2026-05-01T20:00:35.523+0000] {processor.py:840} INFO - DAG(s) 'dbt_pipeline' retrieved from /opt/airflow/dags/dbt_pipeline_dag.py
[2026-05-01T20:00:35.578+0000] {logging_mixin.py:188} INFO - [2026-05-01T20:00:35.577+0000] {dag.py:3036} INFO - Sync 1 DAGs
[2026-05-01T20:00:35.637+0000] {logging_mixin.py:188} INFO - [2026-05-01T20:00:35.637+0000] {dag.py:3823} INFO - Setting next_dagrun for dbt_pipeline to 2026-05-01 00:00:00+00:00, run_after=2026-05-02 00:00:00+00:00
[2026-05-01T20:00:35.692+0000] {processor.py:183} INFO - Processing /opt/airflow/dags/dbt_pipeline_dag.py took 0.232 seconds
[2026-05-01T20:01:05.871+0000] {processor.py:161} INFO - Started process (PID=2881) to work on /opt/airflow/dags/dbt_pipeline_dag.py
[2026-05-01T20:01:05.874+0000] {processor.py:830} INFO - Processing file /opt/airflow/dags/dbt_pipeline_dag.py for tasks to queue
[2026-05-01T20:01:05.876+0000] {logging_mixin.py:188} INFO - [2026-05-01T20:01:05.875+0000] {dagbag.py:538} INFO - Filling up the DagBag from /opt/airflow/dags/dbt_pipeline_dag.py
[2026-05-01T20:01:05.922+0000] {processor.py:840} INFO - DAG(s) 'dbt_pipeline' retrieved from /opt/airflow/dags/dbt_pipeline_dag.py
[2026-05-01T20:01:05.981+0000] {logging_mixin.py:188} INFO - [2026-05-01T20:01:05.981+0000] {dag.py:3036} INFO - Sync 1 DAGs
[2026-05-01T20:01:06.033+0000] {logging_mixin.py:188} INFO - [2026-05-01T20:01:06.032+0000] {dag.py:3823} INFO - Setting next_dagrun for dbt_pipeline to 2026-05-01 00:00:00+00:00, run_after=2026-05-02 00:00:00+00:00
[2026-05-01T20:01:06.084+0000] {processor.py:183} INFO - Processing /opt/airflow/dags/dbt_pipeline_dag.py took 0.219 seconds
[2026-05-01T20:01:36.313+0000] {processor.py:161} INFO - Started process (PID=2892) to work on /opt/airflow/dags/dbt_pipeline_dag.py
[2026-05-01T20:01:36.314+0000] {processor.py:830} INFO - Processing file /opt/airflow/dags/dbt_pipeline_dag.py for tasks to queue
[2026-05-01T20:01:36.316+0000] {logging_mixin.py:188} INFO - [2026-05-01T20:01:36.316+0000] {dagbag.py:538} INFO - Filling up the DagBag from /opt/airflow/dags/dbt_pipeline_dag.py
[2026-05-01T20:01:36.350+0000] {processor.py:840} INFO - DAG(s) 'dbt_pipeline' retrieved from /opt/airflow/dags/dbt_pipeline_dag.py
[2026-05-01T20:01:36.397+0000] {logging_mixin.py:188} INFO - [2026-05-01T20:01:36.397+0000] {dag.py:3036} INFO - Sync 1 DAGs
[2026-05-01T20:01:36.434+0000] {logging_mixin.py:188} INFO - [2026-05-01T20:01:36.434+0000] {dag.py:3823} INFO - Setting next_dagrun for dbt_pipeline to 2026-05-01 00:00:00+00:00, run_after=2026-05-02 00:00:00+00:00
[2026-05-01T20:01:36.470+0000] {processor.py:183} INFO - Processing /opt/airflow/dags/dbt_pipeline_dag.py took 0.161 seconds
[2026-05-01T20:02:07.069+0000] {processor.py:161} INFO - Started process (PID=2903) to work on /opt/airflow/dags/dbt_pipeline_dag.py
[2026-05-01T20:02:07.071+0000] {processor.py:830} INFO - Processing file /opt/airflow/dags/dbt_pipeline_dag.py for tasks to queue
[2026-05-01T20:02:07.074+0000] {logging_mixin.py:188} INFO - [2026-05-01T20:02:07.072+0000] {dagbag.py:538} INFO - Filling up the DagBag from /opt/airflow/dags/dbt_pipeline_dag.py
[2026-05-01T20:02:07.180+0000] {processor.py:840} INFO - DAG(s) 'dbt_pipeline' retrieved from /opt/airflow/dags/dbt_pipeline_dag.py
[2026-05-01T20:02:07.227+0000] {logging_mixin.py:188} INFO - [2026-05-01T20:02:07.226+0000] {dag.py:3036} INFO - Sync 1 DAGs
[2026-05-01T20:02:07.264+0000] {logging_mixin.py:188} INFO - [2026-05-01T20:02:07.264+0000] {dag.py:3823} INFO - Setting next_dagrun for dbt_pipeline to 2026-05-01 00:00:00+00:00, run_after=2026-05-02 00:00:00+00:00
[2026-05-01T20:02:07.300+0000] {processor.py:183} INFO - Processing /opt/airflow/dags/dbt_pipeline_dag.py took 0.235 seconds
[2026-05-01T20:02:37.405+0000] {processor.py:161} INFO - Started process (PID=2914) to work on /opt/airflow/dags/dbt_pipeline_dag.py
[2026-05-01T20:02:37.407+0000] {processor.py:830} INFO - Processing file /opt/airflow/dags/dbt_pipeline_dag.py for tasks to queue
[2026-05-01T20:02:37.409+0000] {logging_mixin.py:188} INFO - [2026-05-01T20:02:37.408+0000] {dagbag.py:538} INFO - Filling up the DagBag from /opt/airflow/dags/dbt_pipeline_dag.py
[2026-05-01T20:02:37.453+0000] {processor.py:840} INFO - DAG(s) 'dbt_pipeline' retrieved from /opt/airflow/dags/dbt_pipeline_dag.py
[2026-05-01T20:02:37.512+0000] {logging_mixin.py:188} INFO - [2026-05-01T20:02:37.512+0000] {dag.py:3036} INFO - Sync 1 DAGs
[2026-05-01T20:02:37.569+0000] {logging_mixin.py:188} INFO - [2026-05-01T20:02:37.568+0000] {dag.py:3823} INFO - Setting next_dagrun for dbt_pipeline to 2026-05-01 00:00:00+00:00, run_after=2026-05-02 00:00:00+00:00
[2026-05-01T20:02:37.613+0000] {processor.py:183} INFO - Processing /opt/airflow/dags/dbt_pipeline_dag.py took 0.213 seconds
[2026-05-01T20:03:07.747+0000] {processor.py:161} INFO - Started process (PID=2925) to work on /opt/airflow/dags/dbt_pipeline_dag.py
[2026-05-01T20:03:07.749+0000] {processor.py:830} INFO - Processing file /opt/airflow/dags/dbt_pipeline_dag.py for tasks to queue
[2026-05-01T20:03:07.751+0000] {logging_mixin.py:188} INFO - [2026-05-01T20:03:07.751+0000] {dagbag.py:538} INFO - Filling up the DagBag from /opt/airflow/dags/dbt_pipeline_dag.py
[2026-05-01T20:03:07.801+0000] {processor.py:840} INFO - DAG(s) 'dbt_pipeline' retrieved from /opt/airflow/dags/dbt_pipeline_dag.py
[2026-05-01T20:03:07.858+0000] {logging_mixin.py:188} INFO - [2026-05-01T20:03:07.858+0000] {dag.py:3036} INFO - Sync 1 DAGs
[2026-05-01T20:03:07.905+0000] {logging_mixin.py:188} INFO - [2026-05-01T20:03:07.905+0000] {dag.py:3823} INFO - Setting next_dagrun for dbt_pipeline to 2026-05-01 00:00:00+00:00, run_after=2026-05-02 00:00:00+00:00
[2026-05-01T20:03:07.939+0000] {processor.py:183} INFO - Processing /opt/airflow/dags/dbt_pipeline_dag.py took 0.197 seconds
[2026-05-01T20:03:38.533+0000] {processor.py:161} INFO - Started process (PID=2936) to work on /opt/airflow/dags/dbt_pipeline_dag.py
[2026-05-01T20:03:38.534+0000] {processor.py:830} INFO - Processing file /opt/airflow/dags/dbt_pipeline_dag.py for tasks to queue
[2026-05-01T20:03:38.536+0000] {logging_mixin.py:188} INFO - [2026-05-01T20:03:38.535+0000] {dagbag.py:538} INFO - Filling up the DagBag from /opt/airflow/dags/dbt_pipeline_dag.py
[2026-05-01T20:03:38.576+0000] {processor.py:840} INFO - DAG(s) 'dbt_pipeline' retrieved from /opt/airflow/dags/dbt_pipeline_dag.py
[2026-05-01T20:03:38.622+0000] {logging_mixin.py:188} INFO - [2026-05-01T20:03:38.622+0000] {dag.py:3036} INFO - Sync 1 DAGs
[2026-05-01T20:03:38.660+0000] {logging_mixin.py:188} INFO - [2026-05-01T20:03:38.660+0000] {dag.py:3823} INFO - Setting next_dagrun for dbt_pipeline to 2026-05-01 00:00:00+00:00, run_after=2026-05-02 00:00:00+00:00
[2026-05-01T20:03:38.701+0000] {processor.py:183} INFO - Processing /opt/airflow/dags/dbt_pipeline_dag.py took 0.172 seconds
[2026-05-01T20:04:08.849+0000] {processor.py:161} INFO - Started process (PID=2947) to work on /opt/airflow/dags/dbt_pipeline_dag.py
[2026-05-01T20:04:08.852+0000] {processor.py:830} INFO - Processing file /opt/airflow/dags/dbt_pipeline_dag.py for tasks to queue
[2026-05-01T20:04:08.853+0000] {logging_mixin.py:188} INFO - [2026-05-01T20:04:08.853+0000] {dagbag.py:538} INFO - Filling up the DagBag from /opt/airflow/dags/dbt_pipeline_dag.py
[2026-05-01T20:04:08.894+0000] {processor.py:840} INFO - DAG(s) 'dbt_pipeline' retrieved from /opt/airflow/dags/dbt_pipeline_dag.py
[2026-05-01T20:04:08.956+0000] {logging_mixin.py:188} INFO - [2026-05-01T20:04:08.956+0000] {dag.py:3036} INFO - Sync 1 DAGs
[2026-05-01T20:04:09.003+0000] {logging_mixin.py:188} INFO - [2026-05-01T20:04:09.003+0000] {dag.py:3823} INFO - Setting next_dagrun for dbt_pipeline to 2026-05-01 00:00:00+00:00, run_after=2026-05-02 00:00:00+00:00
[2026-05-01T20:04:09.046+0000] {processor.py:183} INFO - Processing /opt/airflow/dags/dbt_pipeline_dag.py took 0.201 seconds
[2026-05-01T20:04:39.556+0000] {processor.py:161} INFO - Started process (PID=2958) to work on /opt/airflow/dags/dbt_pipeline_dag.py
[2026-05-01T20:04:39.558+0000] {processor.py:830} INFO - Processing file /opt/airflow/dags/dbt_pipeline_dag.py for tasks to queue
[2026-05-01T20:04:39.560+0000] {logging_mixin.py:188} INFO - [2026-05-01T20:04:39.559+0000] {dagbag.py:538} INFO - Filling up the DagBag from /opt/airflow/dags/dbt_pipeline_dag.py
[2026-05-01T20:04:39.606+0000] {processor.py:840} INFO - DAG(s) 'dbt_pipeline' retrieved from /opt/airflow/dags/dbt_pipeline_dag.py
[2026-05-01T20:04:39.661+0000] {logging_mixin.py:188} INFO - [2026-05-01T20:04:39.661+0000] {dag.py:3036} INFO - Sync 1 DAGs
[2026-05-01T20:04:39.707+0000] {logging_mixin.py:188} INFO - [2026-05-01T20:04:39.707+0000] {dag.py:3823} INFO - Setting next_dagrun for dbt_pipeline to 2026-05-01 00:00:00+00:00, run_after=2026-05-02 00:00:00+00:00
[2026-05-01T20:04:39.750+0000] {processor.py:183} INFO - Processing /opt/airflow/dags/dbt_pipeline_dag.py took 0.198 seconds
[2026-05-01T20:05:10.255+0000] {processor.py:161} INFO - Started process (PID=2969) to work on /opt/airflow/dags/dbt_pipeline_dag.py
[2026-05-01T20:05:10.257+0000] {processor.py:830} INFO - Processing file /opt/airflow/dags/dbt_pipeline_dag.py for tasks to queue
[2026-05-01T20:05:10.259+0000] {logging_mixin.py:188} INFO - [2026-05-01T20:05:10.258+0000] {dagbag.py:538} INFO - Filling up the DagBag from /opt/airflow/dags/dbt_pipeline_dag.py
[2026-05-01T20:05:10.293+0000] {processor.py:840} INFO - DAG(s) 'dbt_pipeline' retrieved from /opt/airflow/dags/dbt_pipeline_dag.py
[2026-05-01T20:05:10.342+0000] {logging_mixin.py:188} INFO - [2026-05-01T20:05:10.341+0000] {dag.py:3036} INFO - Sync 1 DAGs
[2026-05-01T20:05:10.382+0000] {logging_mixin.py:188} INFO - [2026-05-01T20:05:10.381+0000] {dag.py:3823} INFO - Setting next_dagrun for dbt_pipeline to 2026-05-01 00:00:00+00:00, run_after=2026-05-02 00:00:00+00:00
[2026-05-01T20:05:10.421+0000] {processor.py:183} INFO - Processing /opt/airflow/dags/dbt_pipeline_dag.py took 0.171 seconds
[2026-05-01T20:05:41.163+0000] {processor.py:161} INFO - Started process (PID=2980) to work on /opt/airflow/dags/dbt_pipeline_dag.py
[2026-05-01T20:05:41.165+0000] {processor.py:830} INFO - Processing file /opt/airflow/dags/dbt_pipeline_dag.py for tasks to queue
[2026-05-01T20:05:41.168+0000] {logging_mixin.py:188} INFO - [2026-05-01T20:05:41.167+0000] {dagbag.py:538} INFO - Filling up the DagBag from /opt/airflow/dags/dbt_pipeline_dag.py
[2026-05-01T20:05:41.212+0000] {processor.py:840} INFO - DAG(s) 'dbt_pipeline' retrieved from /opt/airflow/dags/dbt_pipeline_dag.py
[2026-05-01T20:05:41.261+0000] {logging_mixin.py:188} INFO - [2026-05-01T20:05:41.261+0000] {dag.py:3036} INFO - Sync 1 DAGs
[2026-05-01T20:05:41.308+0000] {logging_mixin.py:188} INFO - [2026-05-01T20:05:41.307+0000] {dag.py:3823} INFO - Setting next_dagrun for dbt_pipeline to 2026-05-01 00:00:00+00:00, run_after=2026-05-02 00:00:00+00:00
[2026-05-01T20:05:41.352+0000] {processor.py:183} INFO - Processing /opt/airflow/dags/dbt_pipeline_dag.py took 0.195 seconds
[2026-05-01T20:06:12.032+0000] {processor.py:161} INFO - Started process (PID=2989) to work on /opt/airflow/dags/dbt_pipeline_dag.py
[2026-05-01T20:06:12.034+0000] {processor.py:830} INFO - Processing file /opt/airflow/dags/dbt_pipeline_dag.py for tasks to queue
[2026-05-01T20:06:12.036+0000] {logging_mixin.py:188} INFO - [2026-05-01T20:06:12.036+0000] {dagbag.py:538} INFO - Filling up the DagBag from /opt/airflow/dags/dbt_pipeline_dag.py
[2026-05-01T20:06:12.083+0000] {processor.py:840} INFO - DAG(s) 'dbt_pipeline' retrieved from /opt/airflow/dags/dbt_pipeline_dag.py
[2026-05-01T20:06:12.132+0000] {logging_mixin.py:188} INFO - [2026-05-01T20:06:12.131+0000] {dag.py:3036} INFO - Sync 1 DAGs
[2026-05-01T20:06:12.172+0000] {logging_mixin.py:188} INFO - [2026-05-01T20:06:12.171+0000] {dag.py:3823} INFO - Setting next_dagrun for dbt_pipeline to 2026-05-01 00:00:00+00:00, run_after=2026-05-02 00:00:00+00:00
[2026-05-01T20:06:12.209+0000] {processor.py:183} INFO - Processing /opt/airflow/dags/dbt_pipeline_dag.py took 0.180 seconds
[2026-05-01T23:07:50.024+0000] {processor.py:161} INFO - Started process (PID=2996) to work on /opt/airflow/dags/dbt_pipeline_dag.py
[2026-05-01T23:07:50.042+0000] {processor.py:830} INFO - Processing file /opt/airflow/dags/dbt_pipeline_dag.py for tasks to queue
[2026-05-01T23:07:50.054+0000] {logging_mixin.py:188} INFO - [2026-05-01T23:07:50.053+0000] {dagbag.py:538} INFO - Filling up the DagBag from /opt/airflow/dags/dbt_pipeline_dag.py
[2026-05-01T23:07:50.191+0000] {processor.py:840} INFO - DAG(s) 'dbt_pipeline' retrieved from /opt/airflow/dags/dbt_pipeline_dag.py
[2026-05-01T23:07:50.370+0000] {logging_mixin.py:188} INFO - [2026-05-01T23:07:50.369+0000] {dag.py:3036} INFO - Sync 1 DAGs
[2026-05-01T23:07:50.527+0000] {logging_mixin.py:188} INFO - [2026-05-01T23:07:50.526+0000] {dag.py:3823} INFO - Setting next_dagrun for dbt_pipeline to 2026-05-01 00:00:00+00:00, run_after=2026-05-02 00:00:00+00:00
[2026-05-01T23:07:51.400+0000] {processor.py:183} INFO - Processing /opt/airflow/dags/dbt_pipeline_dag.py took 1.414 seconds
