[2026-05-01T19:21:32.313+0000] {processor.py:161} INFO - Started process (PID=1952) to work on /opt/airflow/dags/sales_pipeline_dag.py
[2026-05-01T19:21:32.315+0000] {processor.py:830} INFO - Processing file /opt/airflow/dags/sales_pipeline_dag.py for tasks to queue
[2026-05-01T19:21:32.318+0000] {logging_mixin.py:188} INFO - [2026-05-01T19:21:32.317+0000] {dagbag.py:538} INFO - Filling up the DagBag from /opt/airflow/dags/sales_pipeline_dag.py
[2026-05-01T19:21:36.975+0000] {processor.py:840} INFO - DAG(s) 'sales_pipeline' retrieved from /opt/airflow/dags/sales_pipeline_dag.py
[2026-05-01T19:21:37.071+0000] {logging_mixin.py:188} INFO - [2026-05-01T19:21:37.070+0000] {dag.py:3036} INFO - Sync 1 DAGs
[2026-05-01T19:21:37.127+0000] {logging_mixin.py:188} INFO - [2026-05-01T19:21:37.127+0000] {dag.py:3823} INFO - Setting next_dagrun for sales_pipeline to 2026-05-01 00:00:00+00:00, run_after=2026-05-02 00:00:00+00:00
[2026-05-01T19:21:37.567+0000] {processor.py:183} INFO - Processing /opt/airflow/dags/sales_pipeline_dag.py took 5.284 seconds
[2026-05-01T19:22:11.502+0000] {processor.py:161} INFO - Started process (PID=1975) to work on /opt/airflow/dags/sales_pipeline_dag.py
[2026-05-01T19:22:11.508+0000] {processor.py:830} INFO - Processing file /opt/airflow/dags/sales_pipeline_dag.py for tasks to queue
[2026-05-01T19:22:11.516+0000] {logging_mixin.py:188} INFO - [2026-05-01T19:22:11.515+0000] {dagbag.py:538} INFO - Filling up the DagBag from /opt/airflow/dags/sales_pipeline_dag.py
[2026-05-01T19:22:13.972+0000] {processor.py:840} INFO - DAG(s) 'sales_pipeline' retrieved from /opt/airflow/dags/sales_pipeline_dag.py
[2026-05-01T19:22:14.026+0000] {logging_mixin.py:188} INFO - [2026-05-01T19:22:14.024+0000] {dag.py:3036} INFO - Sync 1 DAGs
[2026-05-01T19:22:14.106+0000] {logging_mixin.py:188} INFO - [2026-05-01T19:22:14.105+0000] {dag.py:3823} INFO - Setting next_dagrun for sales_pipeline to 2026-05-01 00:00:00+00:00, run_after=2026-05-02 00:00:00+00:00
[2026-05-01T19:22:14.169+0000] {processor.py:183} INFO - Processing /opt/airflow/dags/sales_pipeline_dag.py took 2.674 seconds
[2026-05-01T19:22:44.813+0000] {processor.py:161} INFO - Started process (PID=2001) to work on /opt/airflow/dags/sales_pipeline_dag.py
[2026-05-01T19:22:44.815+0000] {processor.py:830} INFO - Processing file /opt/airflow/dags/sales_pipeline_dag.py for tasks to queue
[2026-05-01T19:22:44.818+0000] {logging_mixin.py:188} INFO - [2026-05-01T19:22:44.817+0000] {dagbag.py:538} INFO - Filling up the DagBag from /opt/airflow/dags/sales_pipeline_dag.py
[2026-05-01T19:22:46.059+0000] {processor.py:840} INFO - DAG(s) 'sales_pipeline' retrieved from /opt/airflow/dags/sales_pipeline_dag.py
[2026-05-01T19:22:46.105+0000] {logging_mixin.py:188} INFO - [2026-05-01T19:22:46.102+0000] {dag.py:3036} INFO - Sync 1 DAGs
[2026-05-01T19:22:46.143+0000] {logging_mixin.py:188} INFO - [2026-05-01T19:22:46.142+0000] {dag.py:3823} INFO - Setting next_dagrun for sales_pipeline to 2026-05-01 00:00:00+00:00, run_after=2026-05-02 00:00:00+00:00
[2026-05-01T19:22:49.116+0000] {processor.py:183} INFO - Processing /opt/airflow/dags/sales_pipeline_dag.py took 4.307 seconds
[2026-05-01T19:23:19.460+0000] {processor.py:161} INFO - Started process (PID=2027) to work on /opt/airflow/dags/sales_pipeline_dag.py
[2026-05-01T19:23:19.463+0000] {processor.py:830} INFO - Processing file /opt/airflow/dags/sales_pipeline_dag.py for tasks to queue
[2026-05-01T19:23:19.467+0000] {logging_mixin.py:188} INFO - [2026-05-01T19:23:19.466+0000] {dagbag.py:538} INFO - Filling up the DagBag from /opt/airflow/dags/sales_pipeline_dag.py
[2026-05-01T19:23:21.273+0000] {processor.py:840} INFO - DAG(s) 'sales_pipeline' retrieved from /opt/airflow/dags/sales_pipeline_dag.py
[2026-05-01T19:23:21.355+0000] {logging_mixin.py:188} INFO - [2026-05-01T19:23:21.353+0000] {dag.py:3036} INFO - Sync 1 DAGs
[2026-05-01T19:23:21.439+0000] {logging_mixin.py:188} INFO - [2026-05-01T19:23:21.438+0000] {dag.py:3823} INFO - Setting next_dagrun for sales_pipeline to 2026-05-01 00:00:00+00:00, run_after=2026-05-02 00:00:00+00:00
[2026-05-01T19:23:21.724+0000] {processor.py:183} INFO - Processing /opt/airflow/dags/sales_pipeline_dag.py took 2.274 seconds
[2026-05-01T19:23:52.010+0000] {processor.py:161} INFO - Started process (PID=2072) to work on /opt/airflow/dags/sales_pipeline_dag.py
[2026-05-01T19:23:52.013+0000] {processor.py:830} INFO - Processing file /opt/airflow/dags/sales_pipeline_dag.py for tasks to queue
[2026-05-01T19:23:52.015+0000] {logging_mixin.py:188} INFO - [2026-05-01T19:23:52.015+0000] {dagbag.py:538} INFO - Filling up the DagBag from /opt/airflow/dags/sales_pipeline_dag.py
[2026-05-01T19:23:53.561+0000] {processor.py:840} INFO - DAG(s) 'sales_pipeline' retrieved from /opt/airflow/dags/sales_pipeline_dag.py
[2026-05-01T19:23:53.616+0000] {logging_mixin.py:188} INFO - [2026-05-01T19:23:53.614+0000] {dag.py:3036} INFO - Sync 1 DAGs
[2026-05-01T19:23:53.679+0000] {logging_mixin.py:188} INFO - [2026-05-01T19:23:53.679+0000] {dag.py:3823} INFO - Setting next_dagrun for sales_pipeline to 2026-05-01 00:00:00+00:00, run_after=2026-05-02 00:00:00+00:00
[2026-05-01T19:23:53.813+0000] {processor.py:183} INFO - Processing /opt/airflow/dags/sales_pipeline_dag.py took 1.814 seconds
[2026-05-01T19:24:24.082+0000] {processor.py:161} INFO - Started process (PID=2106) to work on /opt/airflow/dags/sales_pipeline_dag.py
[2026-05-01T19:24:24.085+0000] {processor.py:830} INFO - Processing file /opt/airflow/dags/sales_pipeline_dag.py for tasks to queue
[2026-05-01T19:24:24.088+0000] {logging_mixin.py:188} INFO - [2026-05-01T19:24:24.087+0000] {dagbag.py:538} INFO - Filling up the DagBag from /opt/airflow/dags/sales_pipeline_dag.py
[2026-05-01T19:24:25.150+0000] {processor.py:840} INFO - DAG(s) 'sales_pipeline' retrieved from /opt/airflow/dags/sales_pipeline_dag.py
[2026-05-01T19:24:25.189+0000] {logging_mixin.py:188} INFO - [2026-05-01T19:24:25.188+0000] {dag.py:3036} INFO - Sync 1 DAGs
[2026-05-01T19:24:25.234+0000] {logging_mixin.py:188} INFO - [2026-05-01T19:24:25.233+0000] {dag.py:3823} INFO - Setting next_dagrun for sales_pipeline to 2026-05-01 00:00:00+00:00, run_after=2026-05-02 00:00:00+00:00
[2026-05-01T19:24:25.329+0000] {processor.py:183} INFO - Processing /opt/airflow/dags/sales_pipeline_dag.py took 1.253 seconds
[2026-05-01T19:24:55.779+0000] {processor.py:161} INFO - Started process (PID=2117) to work on /opt/airflow/dags/sales_pipeline_dag.py
[2026-05-01T19:24:55.781+0000] {processor.py:830} INFO - Processing file /opt/airflow/dags/sales_pipeline_dag.py for tasks to queue
[2026-05-01T19:24:55.783+0000] {logging_mixin.py:188} INFO - [2026-05-01T19:24:55.782+0000] {dagbag.py:538} INFO - Filling up the DagBag from /opt/airflow/dags/sales_pipeline_dag.py
[2026-05-01T19:24:57.073+0000] {processor.py:840} INFO - DAG(s) 'sales_pipeline' retrieved from /opt/airflow/dags/sales_pipeline_dag.py
[2026-05-01T19:24:57.123+0000] {logging_mixin.py:188} INFO - [2026-05-01T19:24:57.122+0000] {dag.py:3036} INFO - Sync 1 DAGs
[2026-05-01T19:24:57.165+0000] {logging_mixin.py:188} INFO - [2026-05-01T19:24:57.165+0000] {dag.py:3823} INFO - Setting next_dagrun for sales_pipeline to 2026-05-01 00:00:00+00:00, run_after=2026-05-02 00:00:00+00:00
[2026-05-01T19:24:57.203+0000] {processor.py:183} INFO - Processing /opt/airflow/dags/sales_pipeline_dag.py took 1.428 seconds
[2026-05-01T19:25:28.409+0000] {processor.py:161} INFO - Started process (PID=2128) to work on /opt/airflow/dags/sales_pipeline_dag.py
[2026-05-01T19:25:28.411+0000] {processor.py:830} INFO - Processing file /opt/airflow/dags/sales_pipeline_dag.py for tasks to queue
[2026-05-01T19:25:28.412+0000] {logging_mixin.py:188} INFO - [2026-05-01T19:25:28.412+0000] {dagbag.py:538} INFO - Filling up the DagBag from /opt/airflow/dags/sales_pipeline_dag.py
[2026-05-01T19:25:28.767+0000] {processor.py:840} INFO - DAG(s) 'sales_pipeline' retrieved from /opt/airflow/dags/sales_pipeline_dag.py
[2026-05-01T19:25:28.822+0000] {logging_mixin.py:188} INFO - [2026-05-01T19:25:28.817+0000] {dag.py:3036} INFO - Sync 1 DAGs
[2026-05-01T19:25:28.868+0000] {logging_mixin.py:188} INFO - [2026-05-01T19:25:28.867+0000] {dag.py:3823} INFO - Setting next_dagrun for sales_pipeline to 2026-05-01 00:00:00+00:00, run_after=2026-05-02 00:00:00+00:00
[2026-05-01T19:25:29.427+0000] {processor.py:183} INFO - Processing /opt/airflow/dags/sales_pipeline_dag.py took 1.947 seconds
[2026-05-01T19:25:59.946+0000] {processor.py:161} INFO - Started process (PID=2139) to work on /opt/airflow/dags/sales_pipeline_dag.py
[2026-05-01T19:25:59.949+0000] {processor.py:830} INFO - Processing file /opt/airflow/dags/sales_pipeline_dag.py for tasks to queue
[2026-05-01T19:25:59.953+0000] {logging_mixin.py:188} INFO - [2026-05-01T19:25:59.952+0000] {dagbag.py:538} INFO - Filling up the DagBag from /opt/airflow/dags/sales_pipeline_dag.py
[2026-05-01T19:26:01.572+0000] {processor.py:840} INFO - DAG(s) 'sales_pipeline' retrieved from /opt/airflow/dags/sales_pipeline_dag.py
[2026-05-01T19:26:01.638+0000] {logging_mixin.py:188} INFO - [2026-05-01T19:26:01.636+0000] {dag.py:3036} INFO - Sync 1 DAGs
[2026-05-01T19:26:01.689+0000] {logging_mixin.py:188} INFO - [2026-05-01T19:26:01.689+0000] {dag.py:3823} INFO - Setting next_dagrun for sales_pipeline to 2026-05-01 00:00:00+00:00, run_after=2026-05-02 00:00:00+00:00
[2026-05-01T19:26:01.744+0000] {processor.py:183} INFO - Processing /opt/airflow/dags/sales_pipeline_dag.py took 1.810 seconds
[2026-05-01T19:26:32.267+0000] {processor.py:161} INFO - Started process (PID=2150) to work on /opt/airflow/dags/sales_pipeline_dag.py
[2026-05-01T19:26:32.269+0000] {processor.py:830} INFO - Processing file /opt/airflow/dags/sales_pipeline_dag.py for tasks to queue
[2026-05-01T19:26:32.271+0000] {logging_mixin.py:188} INFO - [2026-05-01T19:26:32.270+0000] {dagbag.py:538} INFO - Filling up the DagBag from /opt/airflow/dags/sales_pipeline_dag.py
[2026-05-01T19:26:33.214+0000] {processor.py:840} INFO - DAG(s) 'sales_pipeline' retrieved from /opt/airflow/dags/sales_pipeline_dag.py
[2026-05-01T19:26:33.253+0000] {logging_mixin.py:188} INFO - [2026-05-01T19:26:33.252+0000] {dag.py:3036} INFO - Sync 1 DAGs
[2026-05-01T19:26:33.286+0000] {logging_mixin.py:188} INFO - [2026-05-01T19:26:33.286+0000] {dag.py:3823} INFO - Setting next_dagrun for sales_pipeline to 2026-05-01 00:00:00+00:00, run_after=2026-05-02 00:00:00+00:00
[2026-05-01T19:26:33.498+0000] {processor.py:183} INFO - Processing /opt/airflow/dags/sales_pipeline_dag.py took 1.234 seconds
[2026-05-01T19:27:03.942+0000] {processor.py:161} INFO - Started process (PID=2161) to work on /opt/airflow/dags/sales_pipeline_dag.py
[2026-05-01T19:27:03.944+0000] {processor.py:830} INFO - Processing file /opt/airflow/dags/sales_pipeline_dag.py for tasks to queue
[2026-05-01T19:27:03.946+0000] {logging_mixin.py:188} INFO - [2026-05-01T19:27:03.945+0000] {dagbag.py:538} INFO - Filling up the DagBag from /opt/airflow/dags/sales_pipeline_dag.py
[2026-05-01T19:27:04.958+0000] {processor.py:840} INFO - DAG(s) 'sales_pipeline' retrieved from /opt/airflow/dags/sales_pipeline_dag.py
[2026-05-01T19:27:05.001+0000] {logging_mixin.py:188} INFO - [2026-05-01T19:27:05.000+0000] {dag.py:3036} INFO - Sync 1 DAGs
[2026-05-01T19:27:05.039+0000] {logging_mixin.py:188} INFO - [2026-05-01T19:27:05.039+0000] {dag.py:3823} INFO - Setting next_dagrun for sales_pipeline to 2026-05-01 00:00:00+00:00, run_after=2026-05-02 00:00:00+00:00
[2026-05-01T19:27:05.078+0000] {processor.py:183} INFO - Processing /opt/airflow/dags/sales_pipeline_dag.py took 1.140 seconds
[2026-05-01T19:27:35.273+0000] {processor.py:161} INFO - Started process (PID=2172) to work on /opt/airflow/dags/sales_pipeline_dag.py
[2026-05-01T19:27:35.275+0000] {processor.py:830} INFO - Processing file /opt/airflow/dags/sales_pipeline_dag.py for tasks to queue
[2026-05-01T19:27:35.278+0000] {logging_mixin.py:188} INFO - [2026-05-01T19:27:35.277+0000] {dagbag.py:538} INFO - Filling up the DagBag from /opt/airflow/dags/sales_pipeline_dag.py
[2026-05-01T19:27:36.447+0000] {processor.py:840} INFO - DAG(s) 'sales_pipeline' retrieved from /opt/airflow/dags/sales_pipeline_dag.py
[2026-05-01T19:27:36.490+0000] {logging_mixin.py:188} INFO - [2026-05-01T19:27:36.489+0000] {dag.py:3036} INFO - Sync 1 DAGs
[2026-05-01T19:27:36.537+0000] {logging_mixin.py:188} INFO - [2026-05-01T19:27:36.537+0000] {dag.py:3823} INFO - Setting next_dagrun for sales_pipeline to 2026-05-01 00:00:00+00:00, run_after=2026-05-02 00:00:00+00:00
[2026-05-01T19:27:36.575+0000] {processor.py:183} INFO - Processing /opt/airflow/dags/sales_pipeline_dag.py took 1.306 seconds
[2026-05-01T19:28:06.733+0000] {processor.py:161} INFO - Started process (PID=2183) to work on /opt/airflow/dags/sales_pipeline_dag.py
[2026-05-01T19:28:06.735+0000] {processor.py:830} INFO - Processing file /opt/airflow/dags/sales_pipeline_dag.py for tasks to queue
[2026-05-01T19:28:06.738+0000] {logging_mixin.py:188} INFO - [2026-05-01T19:28:06.737+0000] {dagbag.py:538} INFO - Filling up the DagBag from /opt/airflow/dags/sales_pipeline_dag.py
[2026-05-01T19:28:07.995+0000] {processor.py:840} INFO - DAG(s) 'sales_pipeline' retrieved from /opt/airflow/dags/sales_pipeline_dag.py
[2026-05-01T19:28:08.049+0000] {logging_mixin.py:188} INFO - [2026-05-01T19:28:08.045+0000] {dag.py:3036} INFO - Sync 1 DAGs
[2026-05-01T19:28:08.098+0000] {logging_mixin.py:188} INFO - [2026-05-01T19:28:08.097+0000] {dag.py:3823} INFO - Setting next_dagrun for sales_pipeline to 2026-05-01 00:00:00+00:00, run_after=2026-05-02 00:00:00+00:00
[2026-05-01T19:28:08.149+0000] {processor.py:183} INFO - Processing /opt/airflow/dags/sales_pipeline_dag.py took 1.422 seconds
[2026-05-01T19:28:39.022+0000] {processor.py:161} INFO - Started process (PID=2194) to work on /opt/airflow/dags/sales_pipeline_dag.py
[2026-05-01T19:28:39.024+0000] {processor.py:830} INFO - Processing file /opt/airflow/dags/sales_pipeline_dag.py for tasks to queue
[2026-05-01T19:28:39.038+0000] {logging_mixin.py:188} INFO - [2026-05-01T19:28:39.037+0000] {dagbag.py:538} INFO - Filling up the DagBag from /opt/airflow/dags/sales_pipeline_dag.py
[2026-05-01T19:28:42.334+0000] {processor.py:840} INFO - DAG(s) 'sales_pipeline' retrieved from /opt/airflow/dags/sales_pipeline_dag.py
[2026-05-01T19:28:42.452+0000] {logging_mixin.py:188} INFO - [2026-05-01T19:28:42.439+0000] {dag.py:3036} INFO - Sync 1 DAGs
[2026-05-01T19:28:42.591+0000] {logging_mixin.py:188} INFO - [2026-05-01T19:28:42.590+0000] {dag.py:3823} INFO - Setting next_dagrun for sales_pipeline to 2026-05-01 00:00:00+00:00, run_after=2026-05-02 00:00:00+00:00
[2026-05-01T19:28:42.717+0000] {processor.py:183} INFO - Processing /opt/airflow/dags/sales_pipeline_dag.py took 3.712 seconds
[2026-05-01T19:29:13.531+0000] {processor.py:161} INFO - Started process (PID=2205) to work on /opt/airflow/dags/sales_pipeline_dag.py
[2026-05-01T19:29:13.533+0000] {processor.py:830} INFO - Processing file /opt/airflow/dags/sales_pipeline_dag.py for tasks to queue
[2026-05-01T19:29:13.535+0000] {logging_mixin.py:188} INFO - [2026-05-01T19:29:13.534+0000] {dagbag.py:538} INFO - Filling up the DagBag from /opt/airflow/dags/sales_pipeline_dag.py
[2026-05-01T19:29:14.629+0000] {processor.py:840} INFO - DAG(s) 'sales_pipeline' retrieved from /opt/airflow/dags/sales_pipeline_dag.py
[2026-05-01T19:29:14.679+0000] {logging_mixin.py:188} INFO - [2026-05-01T19:29:14.678+0000] {dag.py:3036} INFO - Sync 1 DAGs
[2026-05-01T19:29:14.720+0000] {logging_mixin.py:188} INFO - [2026-05-01T19:29:14.720+0000] {dag.py:3823} INFO - Setting next_dagrun for sales_pipeline to 2026-05-01 00:00:00+00:00, run_after=2026-05-02 00:00:00+00:00
[2026-05-01T19:29:14.761+0000] {processor.py:183} INFO - Processing /opt/airflow/dags/sales_pipeline_dag.py took 1.234 seconds
[2026-05-01T19:29:45.405+0000] {processor.py:161} INFO - Started process (PID=2216) to work on /opt/airflow/dags/sales_pipeline_dag.py
[2026-05-01T19:29:45.406+0000] {processor.py:830} INFO - Processing file /opt/airflow/dags/sales_pipeline_dag.py for tasks to queue
[2026-05-01T19:29:45.408+0000] {logging_mixin.py:188} INFO - [2026-05-01T19:29:45.408+0000] {dagbag.py:538} INFO - Filling up the DagBag from /opt/airflow/dags/sales_pipeline_dag.py
[2026-05-01T19:29:46.642+0000] {processor.py:840} INFO - DAG(s) 'sales_pipeline' retrieved from /opt/airflow/dags/sales_pipeline_dag.py
[2026-05-01T19:29:46.679+0000] {logging_mixin.py:188} INFO - [2026-05-01T19:29:46.678+0000] {dag.py:3036} INFO - Sync 1 DAGs
[2026-05-01T19:29:46.713+0000] {logging_mixin.py:188} INFO - [2026-05-01T19:29:46.713+0000] {dag.py:3823} INFO - Setting next_dagrun for sales_pipeline to 2026-05-01 00:00:00+00:00, run_after=2026-05-02 00:00:00+00:00
[2026-05-01T19:29:46.786+0000] {processor.py:183} INFO - Processing /opt/airflow/dags/sales_pipeline_dag.py took 1.385 seconds
[2026-05-01T19:30:17.549+0000] {processor.py:161} INFO - Started process (PID=2227) to work on /opt/airflow/dags/sales_pipeline_dag.py
[2026-05-01T19:30:17.550+0000] {processor.py:830} INFO - Processing file /opt/airflow/dags/sales_pipeline_dag.py for tasks to queue
[2026-05-01T19:30:17.552+0000] {logging_mixin.py:188} INFO - [2026-05-01T19:30:17.552+0000] {dagbag.py:538} INFO - Filling up the DagBag from /opt/airflow/dags/sales_pipeline_dag.py
[2026-05-01T19:30:18.504+0000] {processor.py:840} INFO - DAG(s) 'sales_pipeline' retrieved from /opt/airflow/dags/sales_pipeline_dag.py
[2026-05-01T19:30:18.542+0000] {logging_mixin.py:188} INFO - [2026-05-01T19:30:18.541+0000] {dag.py:3036} INFO - Sync 1 DAGs
[2026-05-01T19:30:18.581+0000] {logging_mixin.py:188} INFO - [2026-05-01T19:30:18.581+0000] {dag.py:3823} INFO - Setting next_dagrun for sales_pipeline to 2026-05-01 00:00:00+00:00, run_after=2026-05-02 00:00:00+00:00
[2026-05-01T19:30:18.614+0000] {processor.py:183} INFO - Processing /opt/airflow/dags/sales_pipeline_dag.py took 1.069 seconds
[2026-05-01T19:30:49.021+0000] {processor.py:161} INFO - Started process (PID=2238) to work on /opt/airflow/dags/sales_pipeline_dag.py
[2026-05-01T19:30:49.023+0000] {processor.py:830} INFO - Processing file /opt/airflow/dags/sales_pipeline_dag.py for tasks to queue
[2026-05-01T19:30:49.025+0000] {logging_mixin.py:188} INFO - [2026-05-01T19:30:49.024+0000] {dagbag.py:538} INFO - Filling up the DagBag from /opt/airflow/dags/sales_pipeline_dag.py
[2026-05-01T19:30:50.149+0000] {processor.py:840} INFO - DAG(s) 'sales_pipeline' retrieved from /opt/airflow/dags/sales_pipeline_dag.py
[2026-05-01T19:30:50.192+0000] {logging_mixin.py:188} INFO - [2026-05-01T19:30:50.191+0000] {dag.py:3036} INFO - Sync 1 DAGs
[2026-05-01T19:30:50.229+0000] {logging_mixin.py:188} INFO - [2026-05-01T19:30:50.228+0000] {dag.py:3823} INFO - Setting next_dagrun for sales_pipeline to 2026-05-01 00:00:00+00:00, run_after=2026-05-02 00:00:00+00:00
[2026-05-01T19:30:50.265+0000] {processor.py:183} INFO - Processing /opt/airflow/dags/sales_pipeline_dag.py took 1.249 seconds
[2026-05-01T19:31:20.892+0000] {processor.py:161} INFO - Started process (PID=2249) to work on /opt/airflow/dags/sales_pipeline_dag.py
[2026-05-01T19:31:20.894+0000] {processor.py:830} INFO - Processing file /opt/airflow/dags/sales_pipeline_dag.py for tasks to queue
[2026-05-01T19:31:20.895+0000] {logging_mixin.py:188} INFO - [2026-05-01T19:31:20.895+0000] {dagbag.py:538} INFO - Filling up the DagBag from /opt/airflow/dags/sales_pipeline_dag.py
[2026-05-01T19:31:22.131+0000] {processor.py:840} INFO - DAG(s) 'sales_pipeline' retrieved from /opt/airflow/dags/sales_pipeline_dag.py
[2026-05-01T19:31:22.172+0000] {logging_mixin.py:188} INFO - [2026-05-01T19:31:22.171+0000] {dag.py:3036} INFO - Sync 1 DAGs
[2026-05-01T19:31:22.209+0000] {logging_mixin.py:188} INFO - [2026-05-01T19:31:22.209+0000] {dag.py:3823} INFO - Setting next_dagrun for sales_pipeline to 2026-05-01 00:00:00+00:00, run_after=2026-05-02 00:00:00+00:00
[2026-05-01T19:31:22.250+0000] {processor.py:183} INFO - Processing /opt/airflow/dags/sales_pipeline_dag.py took 1.362 seconds
[2026-05-01T19:31:52.747+0000] {processor.py:161} INFO - Started process (PID=2260) to work on /opt/airflow/dags/sales_pipeline_dag.py
[2026-05-01T19:31:52.750+0000] {processor.py:830} INFO - Processing file /opt/airflow/dags/sales_pipeline_dag.py for tasks to queue
[2026-05-01T19:31:52.753+0000] {logging_mixin.py:188} INFO - [2026-05-01T19:31:52.752+0000] {dagbag.py:538} INFO - Filling up the DagBag from /opt/airflow/dags/sales_pipeline_dag.py
[2026-05-01T19:31:53.984+0000] {processor.py:840} INFO - DAG(s) 'sales_pipeline' retrieved from /opt/airflow/dags/sales_pipeline_dag.py
[2026-05-01T19:31:54.047+0000] {logging_mixin.py:188} INFO - [2026-05-01T19:31:54.045+0000] {dag.py:3036} INFO - Sync 1 DAGs
[2026-05-01T19:31:54.112+0000] {logging_mixin.py:188} INFO - [2026-05-01T19:31:54.111+0000] {dag.py:3823} INFO - Setting next_dagrun for sales_pipeline to 2026-05-01 00:00:00+00:00, run_after=2026-05-02 00:00:00+00:00
[2026-05-01T19:31:54.167+0000] {processor.py:183} INFO - Processing /opt/airflow/dags/sales_pipeline_dag.py took 1.426 seconds
[2026-05-01T19:32:24.909+0000] {processor.py:161} INFO - Started process (PID=2274) to work on /opt/airflow/dags/sales_pipeline_dag.py
[2026-05-01T19:32:24.911+0000] {processor.py:830} INFO - Processing file /opt/airflow/dags/sales_pipeline_dag.py for tasks to queue
[2026-05-01T19:32:24.913+0000] {logging_mixin.py:188} INFO - [2026-05-01T19:32:24.912+0000] {dagbag.py:538} INFO - Filling up the DagBag from /opt/airflow/dags/sales_pipeline_dag.py
[2026-05-01T19:32:25.901+0000] {processor.py:840} INFO - DAG(s) 'sales_pipeline' retrieved from /opt/airflow/dags/sales_pipeline_dag.py
[2026-05-01T19:32:25.952+0000] {logging_mixin.py:188} INFO - [2026-05-01T19:32:25.951+0000] {dag.py:3036} INFO - Sync 1 DAGs
[2026-05-01T19:32:26.001+0000] {logging_mixin.py:188} INFO - [2026-05-01T19:32:26.000+0000] {dag.py:3823} INFO - Setting next_dagrun for sales_pipeline to 2026-05-01 00:00:00+00:00, run_after=2026-05-02 00:00:00+00:00
[2026-05-01T19:32:26.037+0000] {processor.py:183} INFO - Processing /opt/airflow/dags/sales_pipeline_dag.py took 1.132 seconds
[2026-05-01T19:32:56.794+0000] {processor.py:161} INFO - Started process (PID=2287) to work on /opt/airflow/dags/sales_pipeline_dag.py
[2026-05-01T19:32:56.796+0000] {processor.py:830} INFO - Processing file /opt/airflow/dags/sales_pipeline_dag.py for tasks to queue
[2026-05-01T19:32:56.798+0000] {logging_mixin.py:188} INFO - [2026-05-01T19:32:56.797+0000] {dagbag.py:538} INFO - Filling up the DagBag from /opt/airflow/dags/sales_pipeline_dag.py
[2026-05-01T19:32:57.990+0000] {processor.py:840} INFO - DAG(s) 'sales_pipeline' retrieved from /opt/airflow/dags/sales_pipeline_dag.py
[2026-05-01T19:32:58.030+0000] {logging_mixin.py:188} INFO - [2026-05-01T19:32:58.029+0000] {dag.py:3036} INFO - Sync 1 DAGs
[2026-05-01T19:32:58.072+0000] {logging_mixin.py:188} INFO - [2026-05-01T19:32:58.072+0000] {dag.py:3823} INFO - Setting next_dagrun for sales_pipeline to 2026-05-01 00:00:00+00:00, run_after=2026-05-02 00:00:00+00:00
[2026-05-01T19:32:58.104+0000] {processor.py:183} INFO - Processing /opt/airflow/dags/sales_pipeline_dag.py took 1.315 seconds
[2026-05-01T19:33:28.784+0000] {processor.py:161} INFO - Started process (PID=2298) to work on /opt/airflow/dags/sales_pipeline_dag.py
[2026-05-01T19:33:28.786+0000] {processor.py:830} INFO - Processing file /opt/airflow/dags/sales_pipeline_dag.py for tasks to queue
[2026-05-01T19:33:28.789+0000] {logging_mixin.py:188} INFO - [2026-05-01T19:33:28.788+0000] {dagbag.py:538} INFO - Filling up the DagBag from /opt/airflow/dags/sales_pipeline_dag.py
[2026-05-01T19:33:29.959+0000] {processor.py:840} INFO - DAG(s) 'sales_pipeline' retrieved from /opt/airflow/dags/sales_pipeline_dag.py
[2026-05-01T19:33:30.014+0000] {logging_mixin.py:188} INFO - [2026-05-01T19:33:30.012+0000] {dag.py:3036} INFO - Sync 1 DAGs
[2026-05-01T19:33:30.068+0000] {logging_mixin.py:188} INFO - [2026-05-01T19:33:30.067+0000] {dag.py:3823} INFO - Setting next_dagrun for sales_pipeline to 2026-05-01 00:00:00+00:00, run_after=2026-05-02 00:00:00+00:00
[2026-05-01T19:33:30.112+0000] {processor.py:183} INFO - Processing /opt/airflow/dags/sales_pipeline_dag.py took 1.335 seconds
[2026-05-01T19:34:00.791+0000] {processor.py:161} INFO - Started process (PID=2309) to work on /opt/airflow/dags/sales_pipeline_dag.py
[2026-05-01T19:34:00.793+0000] {processor.py:830} INFO - Processing file /opt/airflow/dags/sales_pipeline_dag.py for tasks to queue
[2026-05-01T19:34:00.795+0000] {logging_mixin.py:188} INFO - [2026-05-01T19:34:00.794+0000] {dagbag.py:538} INFO - Filling up the DagBag from /opt/airflow/dags/sales_pipeline_dag.py
[2026-05-01T19:34:01.880+0000] {processor.py:840} INFO - DAG(s) 'sales_pipeline' retrieved from /opt/airflow/dags/sales_pipeline_dag.py
[2026-05-01T19:34:01.920+0000] {logging_mixin.py:188} INFO - [2026-05-01T19:34:01.919+0000] {dag.py:3036} INFO - Sync 1 DAGs
[2026-05-01T19:34:01.950+0000] {logging_mixin.py:188} INFO - [2026-05-01T19:34:01.949+0000] {dag.py:3823} INFO - Setting next_dagrun for sales_pipeline to 2026-05-01 00:00:00+00:00, run_after=2026-05-02 00:00:00+00:00
[2026-05-01T19:34:01.982+0000] {processor.py:183} INFO - Processing /opt/airflow/dags/sales_pipeline_dag.py took 1.195 seconds
[2026-05-01T19:34:32.851+0000] {processor.py:161} INFO - Started process (PID=2320) to work on /opt/airflow/dags/sales_pipeline_dag.py
[2026-05-01T19:34:32.853+0000] {processor.py:830} INFO - Processing file /opt/airflow/dags/sales_pipeline_dag.py for tasks to queue
[2026-05-01T19:34:32.855+0000] {logging_mixin.py:188} INFO - [2026-05-01T19:34:32.854+0000] {dagbag.py:538} INFO - Filling up the DagBag from /opt/airflow/dags/sales_pipeline_dag.py
[2026-05-01T19:34:33.981+0000] {processor.py:840} INFO - DAG(s) 'sales_pipeline' retrieved from /opt/airflow/dags/sales_pipeline_dag.py
[2026-05-01T19:34:34.018+0000] {logging_mixin.py:188} INFO - [2026-05-01T19:34:34.018+0000] {dag.py:3036} INFO - Sync 1 DAGs
[2026-05-01T19:34:34.054+0000] {logging_mixin.py:188} INFO - [2026-05-01T19:34:34.054+0000] {dag.py:3823} INFO - Setting next_dagrun for sales_pipeline to 2026-05-01 00:00:00+00:00, run_after=2026-05-02 00:00:00+00:00
[2026-05-01T19:34:34.091+0000] {processor.py:183} INFO - Processing /opt/airflow/dags/sales_pipeline_dag.py took 1.244 seconds
[2026-05-01T19:35:04.246+0000] {processor.py:161} INFO - Started process (PID=2331) to work on /opt/airflow/dags/sales_pipeline_dag.py
[2026-05-01T19:35:04.248+0000] {processor.py:830} INFO - Processing file /opt/airflow/dags/sales_pipeline_dag.py for tasks to queue
[2026-05-01T19:35:04.250+0000] {logging_mixin.py:188} INFO - [2026-05-01T19:35:04.249+0000] {dagbag.py:538} INFO - Filling up the DagBag from /opt/airflow/dags/sales_pipeline_dag.py
[2026-05-01T19:35:05.213+0000] {processor.py:840} INFO - DAG(s) 'sales_pipeline' retrieved from /opt/airflow/dags/sales_pipeline_dag.py
[2026-05-01T19:35:05.260+0000] {logging_mixin.py:188} INFO - [2026-05-01T19:35:05.259+0000] {dag.py:3036} INFO - Sync 1 DAGs
[2026-05-01T19:35:05.294+0000] {logging_mixin.py:188} INFO - [2026-05-01T19:35:05.294+0000] {dag.py:3823} INFO - Setting next_dagrun for sales_pipeline to 2026-05-01 00:00:00+00:00, run_after=2026-05-02 00:00:00+00:00
[2026-05-01T19:35:05.326+0000] {processor.py:183} INFO - Processing /opt/airflow/dags/sales_pipeline_dag.py took 1.084 seconds
[2026-05-01T19:35:35.435+0000] {processor.py:161} INFO - Started process (PID=2342) to work on /opt/airflow/dags/sales_pipeline_dag.py
[2026-05-01T19:35:35.437+0000] {processor.py:830} INFO - Processing file /opt/airflow/dags/sales_pipeline_dag.py for tasks to queue
[2026-05-01T19:35:35.439+0000] {logging_mixin.py:188} INFO - [2026-05-01T19:35:35.438+0000] {dagbag.py:538} INFO - Filling up the DagBag from /opt/airflow/dags/sales_pipeline_dag.py
[2026-05-01T19:35:36.048+0000] {processor.py:840} INFO - DAG(s) 'sales_pipeline' retrieved from /opt/airflow/dags/sales_pipeline_dag.py
[2026-05-01T19:35:35.209+0000] {logging_mixin.py:188} INFO - [2026-05-01T19:35:35.208+0000] {dag.py:3036} INFO - Sync 1 DAGs
[2026-05-01T19:35:35.246+0000] {logging_mixin.py:188} INFO - [2026-05-01T19:35:35.245+0000] {dag.py:3823} INFO - Setting next_dagrun for sales_pipeline to 2026-05-01 00:00:00+00:00, run_after=2026-05-02 00:00:00+00:00
[2026-05-01T19:35:35.283+0000] {processor.py:183} INFO - Processing /opt/airflow/dags/sales_pipeline_dag.py took 1.190 seconds
[2026-05-01T19:36:06.101+0000] {processor.py:161} INFO - Started process (PID=2353) to work on /opt/airflow/dags/sales_pipeline_dag.py
[2026-05-01T19:36:06.102+0000] {processor.py:830} INFO - Processing file /opt/airflow/dags/sales_pipeline_dag.py for tasks to queue
[2026-05-01T19:36:06.104+0000] {logging_mixin.py:188} INFO - [2026-05-01T19:36:06.103+0000] {dagbag.py:538} INFO - Filling up the DagBag from /opt/airflow/dags/sales_pipeline_dag.py
[2026-05-01T19:36:07.271+0000] {processor.py:840} INFO - DAG(s) 'sales_pipeline' retrieved from /opt/airflow/dags/sales_pipeline_dag.py
[2026-05-01T19:36:07.320+0000] {logging_mixin.py:188} INFO - [2026-05-01T19:36:07.316+0000] {dag.py:3036} INFO - Sync 1 DAGs
[2026-05-01T19:36:07.373+0000] {logging_mixin.py:188} INFO - [2026-05-01T19:36:07.372+0000] {dag.py:3823} INFO - Setting next_dagrun for sales_pipeline to 2026-05-01 00:00:00+00:00, run_after=2026-05-02 00:00:00+00:00
[2026-05-01T19:36:07.441+0000] {processor.py:183} INFO - Processing /opt/airflow/dags/sales_pipeline_dag.py took 1.344 seconds
[2026-05-01T19:36:37.631+0000] {processor.py:161} INFO - Started process (PID=2364) to work on /opt/airflow/dags/sales_pipeline_dag.py
[2026-05-01T19:36:37.632+0000] {processor.py:830} INFO - Processing file /opt/airflow/dags/sales_pipeline_dag.py for tasks to queue
[2026-05-01T19:36:37.634+0000] {logging_mixin.py:188} INFO - [2026-05-01T19:36:37.634+0000] {dagbag.py:538} INFO - Filling up the DagBag from /opt/airflow/dags/sales_pipeline_dag.py
[2026-05-01T19:36:38.579+0000] {processor.py:840} INFO - DAG(s) 'sales_pipeline' retrieved from /opt/airflow/dags/sales_pipeline_dag.py
[2026-05-01T19:36:38.622+0000] {logging_mixin.py:188} INFO - [2026-05-01T19:36:38.621+0000] {dag.py:3036} INFO - Sync 1 DAGs
[2026-05-01T19:36:38.657+0000] {logging_mixin.py:188} INFO - [2026-05-01T19:36:38.657+0000] {dag.py:3823} INFO - Setting next_dagrun for sales_pipeline to 2026-05-01 00:00:00+00:00, run_after=2026-05-02 00:00:00+00:00
[2026-05-01T19:36:38.692+0000] {processor.py:183} INFO - Processing /opt/airflow/dags/sales_pipeline_dag.py took 1.066 seconds
[2026-05-01T19:37:08.900+0000] {processor.py:161} INFO - Started process (PID=2375) to work on /opt/airflow/dags/sales_pipeline_dag.py
[2026-05-01T19:37:08.902+0000] {processor.py:830} INFO - Processing file /opt/airflow/dags/sales_pipeline_dag.py for tasks to queue
[2026-05-01T19:37:08.903+0000] {logging_mixin.py:188} INFO - [2026-05-01T19:37:08.903+0000] {dagbag.py:538} INFO - Filling up the DagBag from /opt/airflow/dags/sales_pipeline_dag.py
[2026-05-01T19:37:10.120+0000] {processor.py:840} INFO - DAG(s) 'sales_pipeline' retrieved from /opt/airflow/dags/sales_pipeline_dag.py
[2026-05-01T19:37:10.178+0000] {logging_mixin.py:188} INFO - [2026-05-01T19:37:10.177+0000] {dag.py:3036} INFO - Sync 1 DAGs
[2026-05-01T19:37:10.225+0000] {logging_mixin.py:188} INFO - [2026-05-01T19:37:10.224+0000] {dag.py:3823} INFO - Setting next_dagrun for sales_pipeline to 2026-05-01 00:00:00+00:00, run_after=2026-05-02 00:00:00+00:00
[2026-05-01T19:37:10.271+0000] {processor.py:183} INFO - Processing /opt/airflow/dags/sales_pipeline_dag.py took 1.376 seconds
[2026-05-01T19:37:40.356+0000] {processor.py:161} INFO - Started process (PID=2386) to work on /opt/airflow/dags/sales_pipeline_dag.py
[2026-05-01T19:37:40.358+0000] {processor.py:830} INFO - Processing file /opt/airflow/dags/sales_pipeline_dag.py for tasks to queue
[2026-05-01T19:37:40.360+0000] {logging_mixin.py:188} INFO - [2026-05-01T19:37:40.359+0000] {dagbag.py:538} INFO - Filling up the DagBag from /opt/airflow/dags/sales_pipeline_dag.py
[2026-05-01T19:37:41.400+0000] {processor.py:840} INFO - DAG(s) 'sales_pipeline' retrieved from /opt/airflow/dags/sales_pipeline_dag.py
[2026-05-01T19:37:41.436+0000] {logging_mixin.py:188} INFO - [2026-05-01T19:37:41.435+0000] {dag.py:3036} INFO - Sync 1 DAGs
[2026-05-01T19:37:41.474+0000] {logging_mixin.py:188} INFO - [2026-05-01T19:37:41.474+0000] {dag.py:3823} INFO - Setting next_dagrun for sales_pipeline to 2026-05-01 00:00:00+00:00, run_after=2026-05-02 00:00:00+00:00
[2026-05-01T19:37:41.515+0000] {processor.py:183} INFO - Processing /opt/airflow/dags/sales_pipeline_dag.py took 1.164 seconds
[2026-05-01T19:38:12.462+0000] {processor.py:161} INFO - Started process (PID=2397) to work on /opt/airflow/dags/sales_pipeline_dag.py
[2026-05-01T19:38:12.464+0000] {processor.py:830} INFO - Processing file /opt/airflow/dags/sales_pipeline_dag.py for tasks to queue
[2026-05-01T19:38:12.466+0000] {logging_mixin.py:188} INFO - [2026-05-01T19:38:12.466+0000] {dagbag.py:538} INFO - Filling up the DagBag from /opt/airflow/dags/sales_pipeline_dag.py
[2026-05-01T19:38:13.720+0000] {processor.py:840} INFO - DAG(s) 'sales_pipeline' retrieved from /opt/airflow/dags/sales_pipeline_dag.py
[2026-05-01T19:38:13.768+0000] {logging_mixin.py:188} INFO - [2026-05-01T19:38:13.767+0000] {dag.py:3036} INFO - Sync 1 DAGs
[2026-05-01T19:38:13.810+0000] {logging_mixin.py:188} INFO - [2026-05-01T19:38:13.809+0000] {dag.py:3823} INFO - Setting next_dagrun for sales_pipeline to 2026-05-01 00:00:00+00:00, run_after=2026-05-02 00:00:00+00:00
[2026-05-01T19:38:13.858+0000] {processor.py:183} INFO - Processing /opt/airflow/dags/sales_pipeline_dag.py took 1.401 seconds
[2026-05-01T19:38:43.959+0000] {processor.py:161} INFO - Started process (PID=2408) to work on /opt/airflow/dags/sales_pipeline_dag.py
[2026-05-01T19:38:43.962+0000] {processor.py:830} INFO - Processing file /opt/airflow/dags/sales_pipeline_dag.py for tasks to queue
[2026-05-01T19:38:43.964+0000] {logging_mixin.py:188} INFO - [2026-05-01T19:38:43.963+0000] {dagbag.py:538} INFO - Filling up the DagBag from /opt/airflow/dags/sales_pipeline_dag.py
[2026-05-01T19:38:44.998+0000] {processor.py:840} INFO - DAG(s) 'sales_pipeline' retrieved from /opt/airflow/dags/sales_pipeline_dag.py
[2026-05-01T19:38:45.044+0000] {logging_mixin.py:188} INFO - [2026-05-01T19:38:45.042+0000] {dag.py:3036} INFO - Sync 1 DAGs
[2026-05-01T19:38:45.084+0000] {logging_mixin.py:188} INFO - [2026-05-01T19:38:45.083+0000] {dag.py:3823} INFO - Setting next_dagrun for sales_pipeline to 2026-05-01 00:00:00+00:00, run_after=2026-05-02 00:00:00+00:00
[2026-05-01T19:38:45.125+0000] {processor.py:183} INFO - Processing /opt/airflow/dags/sales_pipeline_dag.py took 1.170 seconds
[2026-05-01T19:39:15.372+0000] {processor.py:161} INFO - Started process (PID=2419) to work on /opt/airflow/dags/sales_pipeline_dag.py
[2026-05-01T19:39:15.373+0000] {processor.py:830} INFO - Processing file /opt/airflow/dags/sales_pipeline_dag.py for tasks to queue
[2026-05-01T19:39:15.375+0000] {logging_mixin.py:188} INFO - [2026-05-01T19:39:15.375+0000] {dagbag.py:538} INFO - Filling up the DagBag from /opt/airflow/dags/sales_pipeline_dag.py
[2026-05-01T19:39:16.458+0000] {processor.py:840} INFO - DAG(s) 'sales_pipeline' retrieved from /opt/airflow/dags/sales_pipeline_dag.py
[2026-05-01T19:39:16.504+0000] {logging_mixin.py:188} INFO - [2026-05-01T19:39:16.503+0000] {dag.py:3036} INFO - Sync 1 DAGs
[2026-05-01T19:39:16.542+0000] {logging_mixin.py:188} INFO - [2026-05-01T19:39:16.541+0000] {dag.py:3823} INFO - Setting next_dagrun for sales_pipeline to 2026-05-01 00:00:00+00:00, run_after=2026-05-02 00:00:00+00:00
[2026-05-01T19:39:16.583+0000] {processor.py:183} INFO - Processing /opt/airflow/dags/sales_pipeline_dag.py took 1.216 seconds
[2026-05-01T19:39:47.511+0000] {processor.py:161} INFO - Started process (PID=2430) to work on /opt/airflow/dags/sales_pipeline_dag.py
[2026-05-01T19:39:47.513+0000] {processor.py:830} INFO - Processing file /opt/airflow/dags/sales_pipeline_dag.py for tasks to queue
[2026-05-01T19:39:47.514+0000] {logging_mixin.py:188} INFO - [2026-05-01T19:39:47.514+0000] {dagbag.py:538} INFO - Filling up the DagBag from /opt/airflow/dags/sales_pipeline_dag.py
[2026-05-01T19:39:48.437+0000] {processor.py:840} INFO - DAG(s) 'sales_pipeline' retrieved from /opt/airflow/dags/sales_pipeline_dag.py
[2026-05-01T19:39:48.483+0000] {logging_mixin.py:188} INFO - [2026-05-01T19:39:48.482+0000] {dag.py:3036} INFO - Sync 1 DAGs
[2026-05-01T19:39:48.524+0000] {logging_mixin.py:188} INFO - [2026-05-01T19:39:48.524+0000] {dag.py:3823} INFO - Setting next_dagrun for sales_pipeline to 2026-05-01 00:00:00+00:00, run_after=2026-05-02 00:00:00+00:00
[2026-05-01T19:39:48.566+0000] {processor.py:183} INFO - Processing /opt/airflow/dags/sales_pipeline_dag.py took 1.059 seconds
[2026-05-01T19:40:18.667+0000] {processor.py:161} INFO - Started process (PID=2441) to work on /opt/airflow/dags/sales_pipeline_dag.py
[2026-05-01T19:40:18.669+0000] {processor.py:830} INFO - Processing file /opt/airflow/dags/sales_pipeline_dag.py for tasks to queue
[2026-05-01T19:40:18.671+0000] {logging_mixin.py:188} INFO - [2026-05-01T19:40:18.671+0000] {dagbag.py:538} INFO - Filling up the DagBag from /opt/airflow/dags/sales_pipeline_dag.py
[2026-05-01T19:40:19.877+0000] {processor.py:840} INFO - DAG(s) 'sales_pipeline' retrieved from /opt/airflow/dags/sales_pipeline_dag.py
[2026-05-01T19:40:19.939+0000] {logging_mixin.py:188} INFO - [2026-05-01T19:40:19.938+0000] {dag.py:3036} INFO - Sync 1 DAGs
[2026-05-01T19:40:19.999+0000] {logging_mixin.py:188} INFO - [2026-05-01T19:40:19.999+0000] {dag.py:3823} INFO - Setting next_dagrun for sales_pipeline to 2026-05-01 00:00:00+00:00, run_after=2026-05-02 00:00:00+00:00
[2026-05-01T19:40:20.042+0000] {processor.py:183} INFO - Processing /opt/airflow/dags/sales_pipeline_dag.py took 1.380 seconds
[2026-05-01T19:40:50.567+0000] {processor.py:161} INFO - Started process (PID=2452) to work on /opt/airflow/dags/sales_pipeline_dag.py
[2026-05-01T19:40:50.569+0000] {processor.py:830} INFO - Processing file /opt/airflow/dags/sales_pipeline_dag.py for tasks to queue
[2026-05-01T19:40:50.571+0000] {logging_mixin.py:188} INFO - [2026-05-01T19:40:50.571+0000] {dagbag.py:538} INFO - Filling up the DagBag from /opt/airflow/dags/sales_pipeline_dag.py
[2026-05-01T19:40:51.482+0000] {processor.py:840} INFO - DAG(s) 'sales_pipeline' retrieved from /opt/airflow/dags/sales_pipeline_dag.py
[2026-05-01T19:40:51.529+0000] {logging_mixin.py:188} INFO - [2026-05-01T19:40:51.528+0000] {dag.py:3036} INFO - Sync 1 DAGs
[2026-05-01T19:40:51.565+0000] {logging_mixin.py:188} INFO - [2026-05-01T19:40:51.564+0000] {dag.py:3823} INFO - Setting next_dagrun for sales_pipeline to 2026-05-01 00:00:00+00:00, run_after=2026-05-02 00:00:00+00:00
[2026-05-01T19:40:51.604+0000] {processor.py:183} INFO - Processing /opt/airflow/dags/sales_pipeline_dag.py took 1.041 seconds
[2026-05-01T19:41:21.769+0000] {processor.py:161} INFO - Started process (PID=2463) to work on /opt/airflow/dags/sales_pipeline_dag.py
[2026-05-01T19:41:21.771+0000] {processor.py:830} INFO - Processing file /opt/airflow/dags/sales_pipeline_dag.py for tasks to queue
[2026-05-01T19:41:21.773+0000] {logging_mixin.py:188} INFO - [2026-05-01T19:41:21.772+0000] {dagbag.py:538} INFO - Filling up the DagBag from /opt/airflow/dags/sales_pipeline_dag.py
[2026-05-01T19:41:23.088+0000] {processor.py:840} INFO - DAG(s) 'sales_pipeline' retrieved from /opt/airflow/dags/sales_pipeline_dag.py
[2026-05-01T19:41:23.131+0000] {logging_mixin.py:188} INFO - [2026-05-01T19:41:23.129+0000] {dag.py:3036} INFO - Sync 1 DAGs
[2026-05-01T19:41:23.166+0000] {logging_mixin.py:188} INFO - [2026-05-01T19:41:23.165+0000] {dag.py:3823} INFO - Setting next_dagrun for sales_pipeline to 2026-05-01 00:00:00+00:00, run_after=2026-05-02 00:00:00+00:00
[2026-05-01T19:41:23.208+0000] {processor.py:183} INFO - Processing /opt/airflow/dags/sales_pipeline_dag.py took 1.445 seconds
[2026-05-01T19:41:54.036+0000] {processor.py:161} INFO - Started process (PID=2474) to work on /opt/airflow/dags/sales_pipeline_dag.py
[2026-05-01T19:41:54.038+0000] {processor.py:830} INFO - Processing file /opt/airflow/dags/sales_pipeline_dag.py for tasks to queue
[2026-05-01T19:41:54.040+0000] {logging_mixin.py:188} INFO - [2026-05-01T19:41:54.039+0000] {dagbag.py:538} INFO - Filling up the DagBag from /opt/airflow/dags/sales_pipeline_dag.py
[2026-05-01T19:41:55.053+0000] {processor.py:840} INFO - DAG(s) 'sales_pipeline' retrieved from /opt/airflow/dags/sales_pipeline_dag.py
[2026-05-01T19:41:55.091+0000] {logging_mixin.py:188} INFO - [2026-05-01T19:41:55.090+0000] {dag.py:3036} INFO - Sync 1 DAGs
[2026-05-01T19:41:55.128+0000] {logging_mixin.py:188} INFO - [2026-05-01T19:41:55.128+0000] {dag.py:3823} INFO - Setting next_dagrun for sales_pipeline to 2026-05-01 00:00:00+00:00, run_after=2026-05-02 00:00:00+00:00
[2026-05-01T19:41:55.165+0000] {processor.py:183} INFO - Processing /opt/airflow/dags/sales_pipeline_dag.py took 1.133 seconds
[2026-05-01T19:42:25.245+0000] {processor.py:161} INFO - Started process (PID=2485) to work on /opt/airflow/dags/sales_pipeline_dag.py
[2026-05-01T19:42:25.247+0000] {processor.py:830} INFO - Processing file /opt/airflow/dags/sales_pipeline_dag.py for tasks to queue
[2026-05-01T19:42:25.248+0000] {logging_mixin.py:188} INFO - [2026-05-01T19:42:25.248+0000] {dagbag.py:538} INFO - Filling up the DagBag from /opt/airflow/dags/sales_pipeline_dag.py
[2026-05-01T19:42:26.151+0000] {processor.py:840} INFO - DAG(s) 'sales_pipeline' retrieved from /opt/airflow/dags/sales_pipeline_dag.py
[2026-05-01T19:42:26.188+0000] {logging_mixin.py:188} INFO - [2026-05-01T19:42:26.187+0000] {dag.py:3036} INFO - Sync 1 DAGs
[2026-05-01T19:42:26.219+0000] {logging_mixin.py:188} INFO - [2026-05-01T19:42:26.219+0000] {dag.py:3823} INFO - Setting next_dagrun for sales_pipeline to 2026-05-01 00:00:00+00:00, run_after=2026-05-02 00:00:00+00:00
[2026-05-01T19:42:26.252+0000] {processor.py:183} INFO - Processing /opt/airflow/dags/sales_pipeline_dag.py took 1.011 seconds
[2026-05-01T19:42:56.542+0000] {processor.py:161} INFO - Started process (PID=2496) to work on /opt/airflow/dags/sales_pipeline_dag.py
[2026-05-01T19:42:56.544+0000] {processor.py:830} INFO - Processing file /opt/airflow/dags/sales_pipeline_dag.py for tasks to queue
[2026-05-01T19:42:56.545+0000] {logging_mixin.py:188} INFO - [2026-05-01T19:42:56.545+0000] {dagbag.py:538} INFO - Filling up the DagBag from /opt/airflow/dags/sales_pipeline_dag.py
[2026-05-01T19:42:57.545+0000] {processor.py:840} INFO - DAG(s) 'sales_pipeline' retrieved from /opt/airflow/dags/sales_pipeline_dag.py
[2026-05-01T19:42:57.591+0000] {logging_mixin.py:188} INFO - [2026-05-01T19:42:57.590+0000] {dag.py:3036} INFO - Sync 1 DAGs
[2026-05-01T19:42:57.632+0000] {logging_mixin.py:188} INFO - [2026-05-01T19:42:57.632+0000] {dag.py:3823} INFO - Setting next_dagrun for sales_pipeline to 2026-05-01 00:00:00+00:00, run_after=2026-05-02 00:00:00+00:00
[2026-05-01T19:42:57.668+0000] {processor.py:183} INFO - Processing /opt/airflow/dags/sales_pipeline_dag.py took 1.131 seconds
[2026-05-01T19:43:27.982+0000] {processor.py:161} INFO - Started process (PID=2507) to work on /opt/airflow/dags/sales_pipeline_dag.py
[2026-05-01T19:43:27.984+0000] {processor.py:830} INFO - Processing file /opt/airflow/dags/sales_pipeline_dag.py for tasks to queue
[2026-05-01T19:43:27.987+0000] {logging_mixin.py:188} INFO - [2026-05-01T19:43:27.986+0000] {dagbag.py:538} INFO - Filling up the DagBag from /opt/airflow/dags/sales_pipeline_dag.py
[2026-05-01T19:43:29.203+0000] {processor.py:840} INFO - DAG(s) 'sales_pipeline' retrieved from /opt/airflow/dags/sales_pipeline_dag.py
[2026-05-01T19:43:29.249+0000] {logging_mixin.py:188} INFO - [2026-05-01T19:43:29.248+0000] {dag.py:3036} INFO - Sync 1 DAGs
[2026-05-01T19:43:29.289+0000] {logging_mixin.py:188} INFO - [2026-05-01T19:43:29.289+0000] {dag.py:3823} INFO - Setting next_dagrun for sales_pipeline to 2026-05-01 00:00:00+00:00, run_after=2026-05-02 00:00:00+00:00
[2026-05-01T19:43:30.495+0000] {processor.py:183} INFO - Processing /opt/airflow/dags/sales_pipeline_dag.py took 2.520 seconds
[2026-05-01T19:44:01.435+0000] {processor.py:161} INFO - Started process (PID=2518) to work on /opt/airflow/dags/sales_pipeline_dag.py
[2026-05-01T19:44:01.437+0000] {processor.py:830} INFO - Processing file /opt/airflow/dags/sales_pipeline_dag.py for tasks to queue
[2026-05-01T19:44:01.439+0000] {logging_mixin.py:188} INFO - [2026-05-01T19:44:01.438+0000] {dagbag.py:538} INFO - Filling up the DagBag from /opt/airflow/dags/sales_pipeline_dag.py
[2026-05-01T19:44:03.444+0000] {processor.py:840} INFO - DAG(s) 'sales_pipeline' retrieved from /opt/airflow/dags/sales_pipeline_dag.py
[2026-05-01T19:44:03.531+0000] {logging_mixin.py:188} INFO - [2026-05-01T19:44:03.527+0000] {dag.py:3036} INFO - Sync 1 DAGs
[2026-05-01T19:44:03.575+0000] {logging_mixin.py:188} INFO - [2026-05-01T19:44:03.575+0000] {dag.py:3823} INFO - Setting next_dagrun for sales_pipeline to 2026-05-01 00:00:00+00:00, run_after=2026-05-02 00:00:00+00:00
[2026-05-01T19:44:03.669+0000] {processor.py:183} INFO - Processing /opt/airflow/dags/sales_pipeline_dag.py took 2.237 seconds
[2026-05-01T19:44:33.994+0000] {processor.py:161} INFO - Started process (PID=2529) to work on /opt/airflow/dags/sales_pipeline_dag.py
[2026-05-01T19:44:33.996+0000] {processor.py:830} INFO - Processing file /opt/airflow/dags/sales_pipeline_dag.py for tasks to queue
[2026-05-01T19:44:33.998+0000] {logging_mixin.py:188} INFO - [2026-05-01T19:44:33.998+0000] {dagbag.py:538} INFO - Filling up the DagBag from /opt/airflow/dags/sales_pipeline_dag.py
[2026-05-01T19:44:35.118+0000] {processor.py:840} INFO - DAG(s) 'sales_pipeline' retrieved from /opt/airflow/dags/sales_pipeline_dag.py
[2026-05-01T19:44:35.165+0000] {logging_mixin.py:188} INFO - [2026-05-01T19:44:35.164+0000] {dag.py:3036} INFO - Sync 1 DAGs
[2026-05-01T19:44:35.206+0000] {logging_mixin.py:188} INFO - [2026-05-01T19:44:35.206+0000] {dag.py:3823} INFO - Setting next_dagrun for sales_pipeline to 2026-05-01 00:00:00+00:00, run_after=2026-05-02 00:00:00+00:00
[2026-05-01T19:44:35.246+0000] {processor.py:183} INFO - Processing /opt/airflow/dags/sales_pipeline_dag.py took 1.258 seconds
[2026-05-01T19:45:05.569+0000] {processor.py:161} INFO - Started process (PID=2540) to work on /opt/airflow/dags/sales_pipeline_dag.py
[2026-05-01T19:45:05.571+0000] {processor.py:830} INFO - Processing file /opt/airflow/dags/sales_pipeline_dag.py for tasks to queue
[2026-05-01T19:45:05.573+0000] {logging_mixin.py:188} INFO - [2026-05-01T19:45:05.572+0000] {dagbag.py:538} INFO - Filling up the DagBag from /opt/airflow/dags/sales_pipeline_dag.py
[2026-05-01T19:45:07.218+0000] {processor.py:840} INFO - DAG(s) 'sales_pipeline' retrieved from /opt/airflow/dags/sales_pipeline_dag.py
[2026-05-01T19:45:07.274+0000] {logging_mixin.py:188} INFO - [2026-05-01T19:45:07.273+0000] {dag.py:3036} INFO - Sync 1 DAGs
[2026-05-01T19:45:07.309+0000] {logging_mixin.py:188} INFO - [2026-05-01T19:45:07.309+0000] {dag.py:3823} INFO - Setting next_dagrun for sales_pipeline to 2026-05-01 00:00:00+00:00, run_after=2026-05-02 00:00:00+00:00
[2026-05-01T19:45:07.346+0000] {processor.py:183} INFO - Processing /opt/airflow/dags/sales_pipeline_dag.py took 1.781 seconds
[2026-05-01T19:45:38.000+0000] {processor.py:161} INFO - Started process (PID=2551) to work on /opt/airflow/dags/sales_pipeline_dag.py
[2026-05-01T19:45:38.004+0000] {processor.py:830} INFO - Processing file /opt/airflow/dags/sales_pipeline_dag.py for tasks to queue
[2026-05-01T19:45:38.007+0000] {logging_mixin.py:188} INFO - [2026-05-01T19:45:38.006+0000] {dagbag.py:538} INFO - Filling up the DagBag from /opt/airflow/dags/sales_pipeline_dag.py
[2026-05-01T19:45:38.559+0000] {processor.py:840} INFO - DAG(s) 'sales_pipeline' retrieved from /opt/airflow/dags/sales_pipeline_dag.py
[2026-05-01T19:45:38.620+0000] {logging_mixin.py:188} INFO - [2026-05-01T19:45:38.619+0000] {dag.py:3036} INFO - Sync 1 DAGs
[2026-05-01T19:45:38.675+0000] {logging_mixin.py:188} INFO - [2026-05-01T19:45:38.674+0000] {dag.py:3823} INFO - Setting next_dagrun for sales_pipeline to 2026-05-01 00:00:00+00:00, run_after=2026-05-02 00:00:00+00:00
[2026-05-01T19:45:38.737+0000] {processor.py:183} INFO - Processing /opt/airflow/dags/sales_pipeline_dag.py took 2.360 seconds
[2026-05-01T19:46:09.010+0000] {processor.py:161} INFO - Started process (PID=2562) to work on /opt/airflow/dags/sales_pipeline_dag.py
[2026-05-01T19:46:09.012+0000] {processor.py:830} INFO - Processing file /opt/airflow/dags/sales_pipeline_dag.py for tasks to queue
[2026-05-01T19:46:09.015+0000] {logging_mixin.py:188} INFO - [2026-05-01T19:46:09.014+0000] {dagbag.py:538} INFO - Filling up the DagBag from /opt/airflow/dags/sales_pipeline_dag.py
[2026-05-01T19:46:11.001+0000] {processor.py:840} INFO - DAG(s) 'sales_pipeline' retrieved from /opt/airflow/dags/sales_pipeline_dag.py
[2026-05-01T19:46:11.073+0000] {logging_mixin.py:188} INFO - [2026-05-01T19:46:11.071+0000] {dag.py:3036} INFO - Sync 1 DAGs
[2026-05-01T19:46:11.126+0000] {logging_mixin.py:188} INFO - [2026-05-01T19:46:11.126+0000] {dag.py:3823} INFO - Setting next_dagrun for sales_pipeline to 2026-05-01 00:00:00+00:00, run_after=2026-05-02 00:00:00+00:00
[2026-05-01T19:46:11.185+0000] {processor.py:183} INFO - Processing /opt/airflow/dags/sales_pipeline_dag.py took 2.182 seconds
[2026-05-01T19:46:41.368+0000] {processor.py:161} INFO - Started process (PID=2573) to work on /opt/airflow/dags/sales_pipeline_dag.py
[2026-05-01T19:46:41.369+0000] {processor.py:830} INFO - Processing file /opt/airflow/dags/sales_pipeline_dag.py for tasks to queue
[2026-05-01T19:46:41.371+0000] {logging_mixin.py:188} INFO - [2026-05-01T19:46:41.370+0000] {dagbag.py:538} INFO - Filling up the DagBag from /opt/airflow/dags/sales_pipeline_dag.py
[2026-05-01T19:46:42.472+0000] {processor.py:840} INFO - DAG(s) 'sales_pipeline' retrieved from /opt/airflow/dags/sales_pipeline_dag.py
[2026-05-01T19:46:42.514+0000] {logging_mixin.py:188} INFO - [2026-05-01T19:46:42.511+0000] {dag.py:3036} INFO - Sync 1 DAGs
[2026-05-01T19:46:42.557+0000] {logging_mixin.py:188} INFO - [2026-05-01T19:46:42.557+0000] {dag.py:3823} INFO - Setting next_dagrun for sales_pipeline to 2026-05-01 00:00:00+00:00, run_after=2026-05-02 00:00:00+00:00
[2026-05-01T19:46:42.978+0000] {processor.py:183} INFO - Processing /opt/airflow/dags/sales_pipeline_dag.py took 1.615 seconds
[2026-05-01T19:47:13.514+0000] {processor.py:161} INFO - Started process (PID=2584) to work on /opt/airflow/dags/sales_pipeline_dag.py
[2026-05-01T19:47:13.516+0000] {processor.py:830} INFO - Processing file /opt/airflow/dags/sales_pipeline_dag.py for tasks to queue
[2026-05-01T19:47:13.518+0000] {logging_mixin.py:188} INFO - [2026-05-01T19:47:13.517+0000] {dagbag.py:538} INFO - Filling up the DagBag from /opt/airflow/dags/sales_pipeline_dag.py
[2026-05-01T19:47:15.414+0000] {processor.py:840} INFO - DAG(s) 'sales_pipeline' retrieved from /opt/airflow/dags/sales_pipeline_dag.py
[2026-05-01T19:47:15.478+0000] {logging_mixin.py:188} INFO - [2026-05-01T19:47:15.476+0000] {dag.py:3036} INFO - Sync 1 DAGs
[2026-05-01T19:47:15.515+0000] {logging_mixin.py:188} INFO - [2026-05-01T19:47:15.515+0000] {dag.py:3823} INFO - Setting next_dagrun for sales_pipeline to 2026-05-01 00:00:00+00:00, run_after=2026-05-02 00:00:00+00:00
[2026-05-01T19:47:15.702+0000] {processor.py:183} INFO - Processing /opt/airflow/dags/sales_pipeline_dag.py took 2.192 seconds
[2026-05-01T19:47:45.975+0000] {processor.py:161} INFO - Started process (PID=2595) to work on /opt/airflow/dags/sales_pipeline_dag.py
[2026-05-01T19:47:45.977+0000] {processor.py:830} INFO - Processing file /opt/airflow/dags/sales_pipeline_dag.py for tasks to queue
[2026-05-01T19:47:45.979+0000] {logging_mixin.py:188} INFO - [2026-05-01T19:47:45.978+0000] {dagbag.py:538} INFO - Filling up the DagBag from /opt/airflow/dags/sales_pipeline_dag.py
[2026-05-01T19:47:46.929+0000] {processor.py:840} INFO - DAG(s) 'sales_pipeline' retrieved from /opt/airflow/dags/sales_pipeline_dag.py
[2026-05-01T19:47:46.966+0000] {logging_mixin.py:188} INFO - [2026-05-01T19:47:46.965+0000] {dag.py:3036} INFO - Sync 1 DAGs
[2026-05-01T19:47:47.001+0000] {logging_mixin.py:188} INFO - [2026-05-01T19:47:47.001+0000] {dag.py:3823} INFO - Setting next_dagrun for sales_pipeline to 2026-05-01 00:00:00+00:00, run_after=2026-05-02 00:00:00+00:00
[2026-05-01T19:47:47.079+0000] {processor.py:183} INFO - Processing /opt/airflow/dags/sales_pipeline_dag.py took 1.108 seconds
[2026-05-01T19:48:17.282+0000] {processor.py:161} INFO - Started process (PID=2606) to work on /opt/airflow/dags/sales_pipeline_dag.py
[2026-05-01T19:48:17.284+0000] {processor.py:830} INFO - Processing file /opt/airflow/dags/sales_pipeline_dag.py for tasks to queue
[2026-05-01T19:48:17.285+0000] {logging_mixin.py:188} INFO - [2026-05-01T19:48:17.285+0000] {dagbag.py:538} INFO - Filling up the DagBag from /opt/airflow/dags/sales_pipeline_dag.py
[2026-05-01T19:48:18.248+0000] {processor.py:840} INFO - DAG(s) 'sales_pipeline' retrieved from /opt/airflow/dags/sales_pipeline_dag.py
[2026-05-01T19:48:18.289+0000] {logging_mixin.py:188} INFO - [2026-05-01T19:48:18.288+0000] {dag.py:3036} INFO - Sync 1 DAGs
[2026-05-01T19:48:18.328+0000] {logging_mixin.py:188} INFO - [2026-05-01T19:48:18.327+0000] {dag.py:3823} INFO - Setting next_dagrun for sales_pipeline to 2026-05-01 00:00:00+00:00, run_after=2026-05-02 00:00:00+00:00
[2026-05-01T19:48:18.365+0000] {processor.py:183} INFO - Processing /opt/airflow/dags/sales_pipeline_dag.py took 1.087 seconds
[2026-05-01T19:48:48.512+0000] {processor.py:161} INFO - Started process (PID=2617) to work on /opt/airflow/dags/sales_pipeline_dag.py
[2026-05-01T19:48:48.513+0000] {processor.py:830} INFO - Processing file /opt/airflow/dags/sales_pipeline_dag.py for tasks to queue
[2026-05-01T19:48:48.515+0000] {logging_mixin.py:188} INFO - [2026-05-01T19:48:48.515+0000] {dagbag.py:538} INFO - Filling up the DagBag from /opt/airflow/dags/sales_pipeline_dag.py
[2026-05-01T19:48:49.507+0000] {processor.py:840} INFO - DAG(s) 'sales_pipeline' retrieved from /opt/airflow/dags/sales_pipeline_dag.py
[2026-05-01T19:48:49.545+0000] {logging_mixin.py:188} INFO - [2026-05-01T19:48:49.544+0000] {dag.py:3036} INFO - Sync 1 DAGs
[2026-05-01T19:48:49.577+0000] {logging_mixin.py:188} INFO - [2026-05-01T19:48:49.577+0000] {dag.py:3823} INFO - Setting next_dagrun for sales_pipeline to 2026-05-01 00:00:00+00:00, run_after=2026-05-02 00:00:00+00:00
[2026-05-01T19:48:49.609+0000] {processor.py:183} INFO - Processing /opt/airflow/dags/sales_pipeline_dag.py took 1.101 seconds
[2026-05-01T19:49:19.848+0000] {processor.py:161} INFO - Started process (PID=2628) to work on /opt/airflow/dags/sales_pipeline_dag.py
[2026-05-01T19:49:19.849+0000] {processor.py:830} INFO - Processing file /opt/airflow/dags/sales_pipeline_dag.py for tasks to queue
[2026-05-01T19:49:19.851+0000] {logging_mixin.py:188} INFO - [2026-05-01T19:49:19.851+0000] {dagbag.py:538} INFO - Filling up the DagBag from /opt/airflow/dags/sales_pipeline_dag.py
[2026-05-01T19:49:20.802+0000] {processor.py:840} INFO - DAG(s) 'sales_pipeline' retrieved from /opt/airflow/dags/sales_pipeline_dag.py
[2026-05-01T19:49:20.855+0000] {logging_mixin.py:188} INFO - [2026-05-01T19:49:20.851+0000] {dag.py:3036} INFO - Sync 1 DAGs
[2026-05-01T19:49:20.899+0000] {logging_mixin.py:188} INFO - [2026-05-01T19:49:20.899+0000] {dag.py:3823} INFO - Setting next_dagrun for sales_pipeline to 2026-05-01 00:00:00+00:00, run_after=2026-05-02 00:00:00+00:00
[2026-05-01T19:49:20.947+0000] {processor.py:183} INFO - Processing /opt/airflow/dags/sales_pipeline_dag.py took 1.103 seconds
[2026-05-01T19:49:51.276+0000] {processor.py:161} INFO - Started process (PID=2642) to work on /opt/airflow/dags/sales_pipeline_dag.py
[2026-05-01T19:49:51.278+0000] {processor.py:830} INFO - Processing file /opt/airflow/dags/sales_pipeline_dag.py for tasks to queue
[2026-05-01T19:49:51.281+0000] {logging_mixin.py:188} INFO - [2026-05-01T19:49:51.280+0000] {dagbag.py:538} INFO - Filling up the DagBag from /opt/airflow/dags/sales_pipeline_dag.py
[2026-05-01T19:49:52.392+0000] {processor.py:840} INFO - DAG(s) 'sales_pipeline' retrieved from /opt/airflow/dags/sales_pipeline_dag.py
[2026-05-01T19:49:52.442+0000] {logging_mixin.py:188} INFO - [2026-05-01T19:49:52.441+0000] {dag.py:3036} INFO - Sync 1 DAGs
[2026-05-01T19:49:52.487+0000] {logging_mixin.py:188} INFO - [2026-05-01T19:49:52.486+0000] {dag.py:3823} INFO - Setting next_dagrun for sales_pipeline to 2026-05-01 00:00:00+00:00, run_after=2026-05-02 00:00:00+00:00
[2026-05-01T19:49:52.528+0000] {processor.py:183} INFO - Processing /opt/airflow/dags/sales_pipeline_dag.py took 1.259 seconds
[2026-05-01T19:50:22.670+0000] {processor.py:161} INFO - Started process (PID=2655) to work on /opt/airflow/dags/sales_pipeline_dag.py
[2026-05-01T19:50:22.671+0000] {processor.py:830} INFO - Processing file /opt/airflow/dags/sales_pipeline_dag.py for tasks to queue
[2026-05-01T19:50:22.673+0000] {logging_mixin.py:188} INFO - [2026-05-01T19:50:22.672+0000] {dagbag.py:538} INFO - Filling up the DagBag from /opt/airflow/dags/sales_pipeline_dag.py
[2026-05-01T19:50:23.797+0000] {processor.py:840} INFO - DAG(s) 'sales_pipeline' retrieved from /opt/airflow/dags/sales_pipeline_dag.py
[2026-05-01T19:50:23.844+0000] {logging_mixin.py:188} INFO - [2026-05-01T19:50:23.843+0000] {dag.py:3036} INFO - Sync 1 DAGs
[2026-05-01T19:50:23.882+0000] {logging_mixin.py:188} INFO - [2026-05-01T19:50:23.882+0000] {dag.py:3823} INFO - Setting next_dagrun for sales_pipeline to 2026-05-01 00:00:00+00:00, run_after=2026-05-02 00:00:00+00:00
[2026-05-01T19:50:23.927+0000] {processor.py:183} INFO - Processing /opt/airflow/dags/sales_pipeline_dag.py took 1.261 seconds
[2026-05-01T19:50:54.626+0000] {processor.py:161} INFO - Started process (PID=2666) to work on /opt/airflow/dags/sales_pipeline_dag.py
[2026-05-01T19:50:54.627+0000] {processor.py:830} INFO - Processing file /opt/airflow/dags/sales_pipeline_dag.py for tasks to queue
[2026-05-01T19:50:54.629+0000] {logging_mixin.py:188} INFO - [2026-05-01T19:50:54.629+0000] {dagbag.py:538} INFO - Filling up the DagBag from /opt/airflow/dags/sales_pipeline_dag.py
[2026-05-01T19:50:55.744+0000] {processor.py:840} INFO - DAG(s) 'sales_pipeline' retrieved from /opt/airflow/dags/sales_pipeline_dag.py
[2026-05-01T19:50:55.796+0000] {logging_mixin.py:188} INFO - [2026-05-01T19:50:55.795+0000] {dag.py:3036} INFO - Sync 1 DAGs
[2026-05-01T19:50:55.838+0000] {logging_mixin.py:188} INFO - [2026-05-01T19:50:55.838+0000] {dag.py:3823} INFO - Setting next_dagrun for sales_pipeline to 2026-05-01 00:00:00+00:00, run_after=2026-05-02 00:00:00+00:00
[2026-05-01T19:50:55.878+0000] {processor.py:183} INFO - Processing /opt/airflow/dags/sales_pipeline_dag.py took 1.256 seconds
[2026-05-01T19:51:26.305+0000] {processor.py:161} INFO - Started process (PID=2677) to work on /opt/airflow/dags/sales_pipeline_dag.py
[2026-05-01T19:51:26.308+0000] {processor.py:830} INFO - Processing file /opt/airflow/dags/sales_pipeline_dag.py for tasks to queue
[2026-05-01T19:51:26.310+0000] {logging_mixin.py:188} INFO - [2026-05-01T19:51:26.310+0000] {dagbag.py:538} INFO - Filling up the DagBag from /opt/airflow/dags/sales_pipeline_dag.py
[2026-05-01T19:51:27.623+0000] {processor.py:840} INFO - DAG(s) 'sales_pipeline' retrieved from /opt/airflow/dags/sales_pipeline_dag.py
[2026-05-01T19:51:27.672+0000] {logging_mixin.py:188} INFO - [2026-05-01T19:51:27.671+0000] {dag.py:3036} INFO - Sync 1 DAGs
[2026-05-01T19:51:27.721+0000] {logging_mixin.py:188} INFO - [2026-05-01T19:51:27.721+0000] {dag.py:3823} INFO - Setting next_dagrun for sales_pipeline to 2026-05-01 00:00:00+00:00, run_after=2026-05-02 00:00:00+00:00
[2026-05-01T19:51:27.763+0000] {processor.py:183} INFO - Processing /opt/airflow/dags/sales_pipeline_dag.py took 1.464 seconds
[2026-05-01T19:51:57.884+0000] {processor.py:161} INFO - Started process (PID=2688) to work on /opt/airflow/dags/sales_pipeline_dag.py
[2026-05-01T19:51:57.886+0000] {processor.py:830} INFO - Processing file /opt/airflow/dags/sales_pipeline_dag.py for tasks to queue
[2026-05-01T19:51:57.889+0000] {logging_mixin.py:188} INFO - [2026-05-01T19:51:57.888+0000] {dagbag.py:538} INFO - Filling up the DagBag from /opt/airflow/dags/sales_pipeline_dag.py
[2026-05-01T19:51:58.926+0000] {processor.py:840} INFO - DAG(s) 'sales_pipeline' retrieved from /opt/airflow/dags/sales_pipeline_dag.py
[2026-05-01T19:51:58.974+0000] {logging_mixin.py:188} INFO - [2026-05-01T19:51:58.970+0000] {dag.py:3036} INFO - Sync 1 DAGs
[2026-05-01T19:51:59.017+0000] {logging_mixin.py:188} INFO - [2026-05-01T19:51:59.016+0000] {dag.py:3823} INFO - Setting next_dagrun for sales_pipeline to 2026-05-01 00:00:00+00:00, run_after=2026-05-02 00:00:00+00:00
[2026-05-01T19:51:59.060+0000] {processor.py:183} INFO - Processing /opt/airflow/dags/sales_pipeline_dag.py took 1.181 seconds
[2026-05-01T19:52:29.325+0000] {processor.py:161} INFO - Started process (PID=2699) to work on /opt/airflow/dags/sales_pipeline_dag.py
[2026-05-01T19:52:29.328+0000] {processor.py:830} INFO - Processing file /opt/airflow/dags/sales_pipeline_dag.py for tasks to queue
[2026-05-01T19:52:29.330+0000] {logging_mixin.py:188} INFO - [2026-05-01T19:52:29.330+0000] {dagbag.py:538} INFO - Filling up the DagBag from /opt/airflow/dags/sales_pipeline_dag.py
[2026-05-01T19:52:30.448+0000] {processor.py:840} INFO - DAG(s) 'sales_pipeline' retrieved from /opt/airflow/dags/sales_pipeline_dag.py
[2026-05-01T19:52:30.499+0000] {logging_mixin.py:188} INFO - [2026-05-01T19:52:30.498+0000] {dag.py:3036} INFO - Sync 1 DAGs
[2026-05-01T19:52:30.542+0000] {logging_mixin.py:188} INFO - [2026-05-01T19:52:30.541+0000] {dag.py:3823} INFO - Setting next_dagrun for sales_pipeline to 2026-05-01 00:00:00+00:00, run_after=2026-05-02 00:00:00+00:00
[2026-05-01T19:52:30.586+0000] {processor.py:183} INFO - Processing /opt/airflow/dags/sales_pipeline_dag.py took 1.266 seconds
[2026-05-01T19:53:00.731+0000] {processor.py:161} INFO - Started process (PID=2710) to work on /opt/airflow/dags/sales_pipeline_dag.py
[2026-05-01T19:53:00.733+0000] {processor.py:830} INFO - Processing file /opt/airflow/dags/sales_pipeline_dag.py for tasks to queue
[2026-05-01T19:53:00.735+0000] {logging_mixin.py:188} INFO - [2026-05-01T19:53:00.734+0000] {dagbag.py:538} INFO - Filling up the DagBag from /opt/airflow/dags/sales_pipeline_dag.py
[2026-05-01T19:53:01.777+0000] {processor.py:840} INFO - DAG(s) 'sales_pipeline' retrieved from /opt/airflow/dags/sales_pipeline_dag.py
[2026-05-01T19:53:01.822+0000] {logging_mixin.py:188} INFO - [2026-05-01T19:53:01.821+0000] {dag.py:3036} INFO - Sync 1 DAGs
[2026-05-01T19:53:01.860+0000] {logging_mixin.py:188} INFO - [2026-05-01T19:53:01.859+0000] {dag.py:3823} INFO - Setting next_dagrun for sales_pipeline to 2026-05-01 00:00:00+00:00, run_after=2026-05-02 00:00:00+00:00
[2026-05-01T19:53:01.894+0000] {processor.py:183} INFO - Processing /opt/airflow/dags/sales_pipeline_dag.py took 1.168 seconds
[2026-05-01T19:53:32.280+0000] {processor.py:161} INFO - Started process (PID=2721) to work on /opt/airflow/dags/sales_pipeline_dag.py
[2026-05-01T19:53:32.283+0000] {processor.py:830} INFO - Processing file /opt/airflow/dags/sales_pipeline_dag.py for tasks to queue
[2026-05-01T19:53:32.285+0000] {logging_mixin.py:188} INFO - [2026-05-01T19:53:32.285+0000] {dagbag.py:538} INFO - Filling up the DagBag from /opt/airflow/dags/sales_pipeline_dag.py
[2026-05-01T19:53:33.500+0000] {processor.py:840} INFO - DAG(s) 'sales_pipeline' retrieved from /opt/airflow/dags/sales_pipeline_dag.py
[2026-05-01T19:53:33.550+0000] {logging_mixin.py:188} INFO - [2026-05-01T19:53:33.549+0000] {dag.py:3036} INFO - Sync 1 DAGs
[2026-05-01T19:53:33.599+0000] {logging_mixin.py:188} INFO - [2026-05-01T19:53:33.599+0000] {dag.py:3823} INFO - Setting next_dagrun for sales_pipeline to 2026-05-01 00:00:00+00:00, run_after=2026-05-02 00:00:00+00:00
[2026-05-01T19:53:33.649+0000] {processor.py:183} INFO - Processing /opt/airflow/dags/sales_pipeline_dag.py took 1.372 seconds
[2026-05-01T19:54:03.994+0000] {processor.py:161} INFO - Started process (PID=2732) to work on /opt/airflow/dags/sales_pipeline_dag.py
[2026-05-01T19:54:03.996+0000] {processor.py:830} INFO - Processing file /opt/airflow/dags/sales_pipeline_dag.py for tasks to queue
[2026-05-01T19:54:03.999+0000] {logging_mixin.py:188} INFO - [2026-05-01T19:54:03.998+0000] {dagbag.py:538} INFO - Filling up the DagBag from /opt/airflow/dags/sales_pipeline_dag.py
[2026-05-01T19:54:05.061+0000] {processor.py:840} INFO - DAG(s) 'sales_pipeline' retrieved from /opt/airflow/dags/sales_pipeline_dag.py
[2026-05-01T19:54:05.108+0000] {logging_mixin.py:188} INFO - [2026-05-01T19:54:05.107+0000] {dag.py:3036} INFO - Sync 1 DAGs
[2026-05-01T19:54:05.148+0000] {logging_mixin.py:188} INFO - [2026-05-01T19:54:05.147+0000] {dag.py:3823} INFO - Setting next_dagrun for sales_pipeline to 2026-05-01 00:00:00+00:00, run_after=2026-05-02 00:00:00+00:00
[2026-05-01T19:54:05.183+0000] {processor.py:183} INFO - Processing /opt/airflow/dags/sales_pipeline_dag.py took 1.195 seconds
[2026-05-01T19:54:35.347+0000] {processor.py:161} INFO - Started process (PID=2743) to work on /opt/airflow/dags/sales_pipeline_dag.py
[2026-05-01T19:54:35.349+0000] {processor.py:830} INFO - Processing file /opt/airflow/dags/sales_pipeline_dag.py for tasks to queue
[2026-05-01T19:54:35.351+0000] {logging_mixin.py:188} INFO - [2026-05-01T19:54:35.351+0000] {dagbag.py:538} INFO - Filling up the DagBag from /opt/airflow/dags/sales_pipeline_dag.py
[2026-05-01T19:54:36.492+0000] {processor.py:840} INFO - DAG(s) 'sales_pipeline' retrieved from /opt/airflow/dags/sales_pipeline_dag.py
[2026-05-01T19:54:36.538+0000] {logging_mixin.py:188} INFO - [2026-05-01T19:54:36.534+0000] {dag.py:3036} INFO - Sync 1 DAGs
[2026-05-01T19:54:36.576+0000] {logging_mixin.py:188} INFO - [2026-05-01T19:54:36.576+0000] {dag.py:3823} INFO - Setting next_dagrun for sales_pipeline to 2026-05-01 00:00:00+00:00, run_after=2026-05-02 00:00:00+00:00
[2026-05-01T19:54:36.618+0000] {processor.py:183} INFO - Processing /opt/airflow/dags/sales_pipeline_dag.py took 1.275 seconds
[2026-05-01T19:55:07.177+0000] {processor.py:161} INFO - Started process (PID=2754) to work on /opt/airflow/dags/sales_pipeline_dag.py
[2026-05-01T19:55:07.179+0000] {processor.py:830} INFO - Processing file /opt/airflow/dags/sales_pipeline_dag.py for tasks to queue
[2026-05-01T19:55:07.180+0000] {logging_mixin.py:188} INFO - [2026-05-01T19:55:07.180+0000] {dagbag.py:538} INFO - Filling up the DagBag from /opt/airflow/dags/sales_pipeline_dag.py
[2026-05-01T19:55:08.194+0000] {processor.py:840} INFO - DAG(s) 'sales_pipeline' retrieved from /opt/airflow/dags/sales_pipeline_dag.py
[2026-05-01T19:55:08.253+0000] {logging_mixin.py:188} INFO - [2026-05-01T19:55:08.252+0000] {dag.py:3036} INFO - Sync 1 DAGs
[2026-05-01T19:55:08.294+0000] {logging_mixin.py:188} INFO - [2026-05-01T19:55:08.293+0000] {dag.py:3823} INFO - Setting next_dagrun for sales_pipeline to 2026-05-01 00:00:00+00:00, run_after=2026-05-02 00:00:00+00:00
[2026-05-01T19:55:08.332+0000] {processor.py:183} INFO - Processing /opt/airflow/dags/sales_pipeline_dag.py took 1.159 seconds
[2026-05-01T19:55:38.781+0000] {processor.py:161} INFO - Started process (PID=2765) to work on /opt/airflow/dags/sales_pipeline_dag.py
[2026-05-01T19:55:38.783+0000] {processor.py:830} INFO - Processing file /opt/airflow/dags/sales_pipeline_dag.py for tasks to queue
[2026-05-01T19:55:38.784+0000] {logging_mixin.py:188} INFO - [2026-05-01T19:55:38.784+0000] {dagbag.py:538} INFO - Filling up the DagBag from /opt/airflow/dags/sales_pipeline_dag.py
[2026-05-01T19:55:38.461+0000] {processor.py:840} INFO - DAG(s) 'sales_pipeline' retrieved from /opt/airflow/dags/sales_pipeline_dag.py
[2026-05-01T19:55:38.506+0000] {logging_mixin.py:188} INFO - [2026-05-01T19:55:38.506+0000] {dag.py:3036} INFO - Sync 1 DAGs
[2026-05-01T19:55:38.544+0000] {logging_mixin.py:188} INFO - [2026-05-01T19:55:38.544+0000] {dag.py:3823} INFO - Setting next_dagrun for sales_pipeline to 2026-05-01 00:00:00+00:00, run_after=2026-05-02 00:00:00+00:00
[2026-05-01T19:55:38.582+0000] {processor.py:183} INFO - Processing /opt/airflow/dags/sales_pipeline_dag.py took 1.225 seconds
[2026-05-01T19:56:09.061+0000] {processor.py:161} INFO - Started process (PID=2776) to work on /opt/airflow/dags/sales_pipeline_dag.py
[2026-05-01T19:56:09.062+0000] {processor.py:830} INFO - Processing file /opt/airflow/dags/sales_pipeline_dag.py for tasks to queue
[2026-05-01T19:56:09.064+0000] {logging_mixin.py:188} INFO - [2026-05-01T19:56:09.063+0000] {dagbag.py:538} INFO - Filling up the DagBag from /opt/airflow/dags/sales_pipeline_dag.py
[2026-05-01T19:56:10.050+0000] {processor.py:840} INFO - DAG(s) 'sales_pipeline' retrieved from /opt/airflow/dags/sales_pipeline_dag.py
[2026-05-01T19:56:10.090+0000] {logging_mixin.py:188} INFO - [2026-05-01T19:56:10.089+0000] {dag.py:3036} INFO - Sync 1 DAGs
[2026-05-01T19:56:10.120+0000] {logging_mixin.py:188} INFO - [2026-05-01T19:56:10.120+0000] {dag.py:3823} INFO - Setting next_dagrun for sales_pipeline to 2026-05-01 00:00:00+00:00, run_after=2026-05-02 00:00:00+00:00
[2026-05-01T19:56:10.154+0000] {processor.py:183} INFO - Processing /opt/airflow/dags/sales_pipeline_dag.py took 1.097 seconds
[2026-05-01T19:56:40.773+0000] {processor.py:161} INFO - Started process (PID=2787) to work on /opt/airflow/dags/sales_pipeline_dag.py
[2026-05-01T19:56:40.775+0000] {processor.py:830} INFO - Processing file /opt/airflow/dags/sales_pipeline_dag.py for tasks to queue
[2026-05-01T19:56:40.777+0000] {logging_mixin.py:188} INFO - [2026-05-01T19:56:40.777+0000] {dagbag.py:538} INFO - Filling up the DagBag from /opt/airflow/dags/sales_pipeline_dag.py
[2026-05-01T19:56:41.910+0000] {processor.py:840} INFO - DAG(s) 'sales_pipeline' retrieved from /opt/airflow/dags/sales_pipeline_dag.py
[2026-05-01T19:56:41.960+0000] {logging_mixin.py:188} INFO - [2026-05-01T19:56:41.959+0000] {dag.py:3036} INFO - Sync 1 DAGs
[2026-05-01T19:56:42.014+0000] {logging_mixin.py:188} INFO - [2026-05-01T19:56:42.013+0000] {dag.py:3823} INFO - Setting next_dagrun for sales_pipeline to 2026-05-01 00:00:00+00:00, run_after=2026-05-02 00:00:00+00:00
[2026-05-01T19:56:42.054+0000] {processor.py:183} INFO - Processing /opt/airflow/dags/sales_pipeline_dag.py took 1.285 seconds
[2026-05-01T19:57:12.958+0000] {processor.py:161} INFO - Started process (PID=2798) to work on /opt/airflow/dags/sales_pipeline_dag.py
[2026-05-01T19:57:12.961+0000] {processor.py:830} INFO - Processing file /opt/airflow/dags/sales_pipeline_dag.py for tasks to queue
[2026-05-01T19:57:12.963+0000] {logging_mixin.py:188} INFO - [2026-05-01T19:57:12.962+0000] {dagbag.py:538} INFO - Filling up the DagBag from /opt/airflow/dags/sales_pipeline_dag.py
[2026-05-01T19:57:14.153+0000] {processor.py:840} INFO - DAG(s) 'sales_pipeline' retrieved from /opt/airflow/dags/sales_pipeline_dag.py
[2026-05-01T19:57:14.231+0000] {logging_mixin.py:188} INFO - [2026-05-01T19:57:14.227+0000] {dag.py:3036} INFO - Sync 1 DAGs
[2026-05-01T19:57:14.296+0000] {logging_mixin.py:188} INFO - [2026-05-01T19:57:14.296+0000] {dag.py:3823} INFO - Setting next_dagrun for sales_pipeline to 2026-05-01 00:00:00+00:00, run_after=2026-05-02 00:00:00+00:00
[2026-05-01T19:57:14.367+0000] {processor.py:183} INFO - Processing /opt/airflow/dags/sales_pipeline_dag.py took 1.414 seconds
[2026-05-01T19:57:45.506+0000] {processor.py:161} INFO - Started process (PID=2809) to work on /opt/airflow/dags/sales_pipeline_dag.py
[2026-05-01T19:57:45.508+0000] {processor.py:830} INFO - Processing file /opt/airflow/dags/sales_pipeline_dag.py for tasks to queue
[2026-05-01T19:57:45.510+0000] {logging_mixin.py:188} INFO - [2026-05-01T19:57:45.510+0000] {dagbag.py:538} INFO - Filling up the DagBag from /opt/airflow/dags/sales_pipeline_dag.py
[2026-05-01T19:57:46.664+0000] {processor.py:840} INFO - DAG(s) 'sales_pipeline' retrieved from /opt/airflow/dags/sales_pipeline_dag.py
[2026-05-01T19:57:46.713+0000] {logging_mixin.py:188} INFO - [2026-05-01T19:57:46.712+0000] {dag.py:3036} INFO - Sync 1 DAGs
[2026-05-01T19:57:46.751+0000] {logging_mixin.py:188} INFO - [2026-05-01T19:57:46.751+0000] {dag.py:3823} INFO - Setting next_dagrun for sales_pipeline to 2026-05-01 00:00:00+00:00, run_after=2026-05-02 00:00:00+00:00
[2026-05-01T19:57:46.799+0000] {processor.py:183} INFO - Processing /opt/airflow/dags/sales_pipeline_dag.py took 1.298 seconds
[2026-05-01T19:58:17.340+0000] {processor.py:161} INFO - Started process (PID=2820) to work on /opt/airflow/dags/sales_pipeline_dag.py
[2026-05-01T19:58:17.342+0000] {processor.py:830} INFO - Processing file /opt/airflow/dags/sales_pipeline_dag.py for tasks to queue
[2026-05-01T19:58:17.345+0000] {logging_mixin.py:188} INFO - [2026-05-01T19:58:17.344+0000] {dagbag.py:538} INFO - Filling up the DagBag from /opt/airflow/dags/sales_pipeline_dag.py
[2026-05-01T19:58:18.347+0000] {processor.py:840} INFO - DAG(s) 'sales_pipeline' retrieved from /opt/airflow/dags/sales_pipeline_dag.py
[2026-05-01T19:58:18.384+0000] {logging_mixin.py:188} INFO - [2026-05-01T19:58:18.384+0000] {dag.py:3036} INFO - Sync 1 DAGs
[2026-05-01T19:58:18.418+0000] {logging_mixin.py:188} INFO - [2026-05-01T19:58:18.418+0000] {dag.py:3823} INFO - Setting next_dagrun for sales_pipeline to 2026-05-01 00:00:00+00:00, run_after=2026-05-02 00:00:00+00:00
[2026-05-01T19:58:18.455+0000] {processor.py:183} INFO - Processing /opt/airflow/dags/sales_pipeline_dag.py took 1.118 seconds
[2026-05-01T19:58:48.723+0000] {processor.py:161} INFO - Started process (PID=2831) to work on /opt/airflow/dags/sales_pipeline_dag.py
[2026-05-01T19:58:48.725+0000] {processor.py:830} INFO - Processing file /opt/airflow/dags/sales_pipeline_dag.py for tasks to queue
[2026-05-01T19:58:48.727+0000] {logging_mixin.py:188} INFO - [2026-05-01T19:58:48.726+0000] {dagbag.py:538} INFO - Filling up the DagBag from /opt/airflow/dags/sales_pipeline_dag.py
[2026-05-01T19:58:49.868+0000] {processor.py:840} INFO - DAG(s) 'sales_pipeline' retrieved from /opt/airflow/dags/sales_pipeline_dag.py
[2026-05-01T19:58:49.910+0000] {logging_mixin.py:188} INFO - [2026-05-01T19:58:49.909+0000] {dag.py:3036} INFO - Sync 1 DAGs
[2026-05-01T19:58:49.950+0000] {logging_mixin.py:188} INFO - [2026-05-01T19:58:49.949+0000] {dag.py:3823} INFO - Setting next_dagrun for sales_pipeline to 2026-05-01 00:00:00+00:00, run_after=2026-05-02 00:00:00+00:00
[2026-05-01T19:58:49.990+0000] {processor.py:183} INFO - Processing /opt/airflow/dags/sales_pipeline_dag.py took 1.271 seconds
[2026-05-01T19:59:20.123+0000] {processor.py:161} INFO - Started process (PID=2842) to work on /opt/airflow/dags/sales_pipeline_dag.py
[2026-05-01T19:59:20.125+0000] {processor.py:830} INFO - Processing file /opt/airflow/dags/sales_pipeline_dag.py for tasks to queue
[2026-05-01T19:59:20.126+0000] {logging_mixin.py:188} INFO - [2026-05-01T19:59:20.126+0000] {dagbag.py:538} INFO - Filling up the DagBag from /opt/airflow/dags/sales_pipeline_dag.py
[2026-05-01T19:59:21.135+0000] {processor.py:840} INFO - DAG(s) 'sales_pipeline' retrieved from /opt/airflow/dags/sales_pipeline_dag.py
[2026-05-01T19:59:21.179+0000] {logging_mixin.py:188} INFO - [2026-05-01T19:59:21.179+0000] {dag.py:3036} INFO - Sync 1 DAGs
[2026-05-01T19:59:21.225+0000] {logging_mixin.py:188} INFO - [2026-05-01T19:59:21.224+0000] {dag.py:3823} INFO - Setting next_dagrun for sales_pipeline to 2026-05-01 00:00:00+00:00, run_after=2026-05-02 00:00:00+00:00
[2026-05-01T19:59:21.273+0000] {processor.py:183} INFO - Processing /opt/airflow/dags/sales_pipeline_dag.py took 1.153 seconds
[2026-05-01T19:59:51.708+0000] {processor.py:161} INFO - Started process (PID=2853) to work on /opt/airflow/dags/sales_pipeline_dag.py
[2026-05-01T19:59:51.710+0000] {processor.py:830} INFO - Processing file /opt/airflow/dags/sales_pipeline_dag.py for tasks to queue
[2026-05-01T19:59:51.712+0000] {logging_mixin.py:188} INFO - [2026-05-01T19:59:51.711+0000] {dagbag.py:538} INFO - Filling up the DagBag from /opt/airflow/dags/sales_pipeline_dag.py
[2026-05-01T19:59:52.738+0000] {processor.py:840} INFO - DAG(s) 'sales_pipeline' retrieved from /opt/airflow/dags/sales_pipeline_dag.py
[2026-05-01T19:59:52.797+0000] {logging_mixin.py:188} INFO - [2026-05-01T19:59:52.796+0000] {dag.py:3036} INFO - Sync 1 DAGs
[2026-05-01T19:59:52.843+0000] {logging_mixin.py:188} INFO - [2026-05-01T19:59:52.842+0000] {dag.py:3823} INFO - Setting next_dagrun for sales_pipeline to 2026-05-01 00:00:00+00:00, run_after=2026-05-02 00:00:00+00:00
[2026-05-01T19:59:52.887+0000] {processor.py:183} INFO - Processing /opt/airflow/dags/sales_pipeline_dag.py took 1.183 seconds
[2026-05-01T20:00:23.202+0000] {processor.py:161} INFO - Started process (PID=2864) to work on /opt/airflow/dags/sales_pipeline_dag.py
[2026-05-01T20:00:23.204+0000] {processor.py:830} INFO - Processing file /opt/airflow/dags/sales_pipeline_dag.py for tasks to queue
[2026-05-01T20:00:23.206+0000] {logging_mixin.py:188} INFO - [2026-05-01T20:00:23.205+0000] {dagbag.py:538} INFO - Filling up the DagBag from /opt/airflow/dags/sales_pipeline_dag.py
[2026-05-01T20:00:24.500+0000] {processor.py:840} INFO - DAG(s) 'sales_pipeline' retrieved from /opt/airflow/dags/sales_pipeline_dag.py
[2026-05-01T20:00:24.578+0000] {logging_mixin.py:188} INFO - [2026-05-01T20:00:24.577+0000] {dag.py:3036} INFO - Sync 1 DAGs
[2026-05-01T20:00:24.634+0000] {logging_mixin.py:188} INFO - [2026-05-01T20:00:24.633+0000] {dag.py:3823} INFO - Setting next_dagrun for sales_pipeline to 2026-05-01 00:00:00+00:00, run_after=2026-05-02 00:00:00+00:00
[2026-05-01T20:00:24.042+0000] {processor.py:183} INFO - Processing /opt/airflow/dags/sales_pipeline_dag.py took 1.479 seconds
[2026-05-01T20:00:54.158+0000] {processor.py:161} INFO - Started process (PID=2875) to work on /opt/airflow/dags/sales_pipeline_dag.py
[2026-05-01T20:00:54.160+0000] {processor.py:830} INFO - Processing file /opt/airflow/dags/sales_pipeline_dag.py for tasks to queue
[2026-05-01T20:00:54.162+0000] {logging_mixin.py:188} INFO - [2026-05-01T20:00:54.162+0000] {dagbag.py:538} INFO - Filling up the DagBag from /opt/airflow/dags/sales_pipeline_dag.py
[2026-05-01T20:00:55.245+0000] {processor.py:840} INFO - DAG(s) 'sales_pipeline' retrieved from /opt/airflow/dags/sales_pipeline_dag.py
[2026-05-01T20:00:55.303+0000] {logging_mixin.py:188} INFO - [2026-05-01T20:00:55.302+0000] {dag.py:3036} INFO - Sync 1 DAGs
[2026-05-01T20:00:55.347+0000] {logging_mixin.py:188} INFO - [2026-05-01T20:00:55.347+0000] {dag.py:3823} INFO - Setting next_dagrun for sales_pipeline to 2026-05-01 00:00:00+00:00, run_after=2026-05-02 00:00:00+00:00
[2026-05-01T20:00:55.384+0000] {processor.py:183} INFO - Processing /opt/airflow/dags/sales_pipeline_dag.py took 1.228 seconds
[2026-05-01T20:01:25.622+0000] {processor.py:161} INFO - Started process (PID=2886) to work on /opt/airflow/dags/sales_pipeline_dag.py
[2026-05-01T20:01:25.624+0000] {processor.py:830} INFO - Processing file /opt/airflow/dags/sales_pipeline_dag.py for tasks to queue
[2026-05-01T20:01:25.627+0000] {logging_mixin.py:188} INFO - [2026-05-01T20:01:25.627+0000] {dagbag.py:538} INFO - Filling up the DagBag from /opt/airflow/dags/sales_pipeline_dag.py
[2026-05-01T20:01:26.748+0000] {processor.py:840} INFO - DAG(s) 'sales_pipeline' retrieved from /opt/airflow/dags/sales_pipeline_dag.py
[2026-05-01T20:01:26.812+0000] {logging_mixin.py:188} INFO - [2026-05-01T20:01:26.811+0000] {dag.py:3036} INFO - Sync 1 DAGs
[2026-05-01T20:01:26.859+0000] {logging_mixin.py:188} INFO - [2026-05-01T20:01:26.858+0000] {dag.py:3823} INFO - Setting next_dagrun for sales_pipeline to 2026-05-01 00:00:00+00:00, run_after=2026-05-02 00:00:00+00:00
[2026-05-01T20:01:26.898+0000] {processor.py:183} INFO - Processing /opt/airflow/dags/sales_pipeline_dag.py took 1.283 seconds
[2026-05-01T20:01:57.209+0000] {processor.py:161} INFO - Started process (PID=2897) to work on /opt/airflow/dags/sales_pipeline_dag.py
[2026-05-01T20:01:57.210+0000] {processor.py:830} INFO - Processing file /opt/airflow/dags/sales_pipeline_dag.py for tasks to queue
[2026-05-01T20:01:57.212+0000] {logging_mixin.py:188} INFO - [2026-05-01T20:01:57.211+0000] {dagbag.py:538} INFO - Filling up the DagBag from /opt/airflow/dags/sales_pipeline_dag.py
[2026-05-01T20:01:58.329+0000] {processor.py:840} INFO - DAG(s) 'sales_pipeline' retrieved from /opt/airflow/dags/sales_pipeline_dag.py
[2026-05-01T20:01:58.376+0000] {logging_mixin.py:188} INFO - [2026-05-01T20:01:58.375+0000] {dag.py:3036} INFO - Sync 1 DAGs
[2026-05-01T20:01:58.411+0000] {logging_mixin.py:188} INFO - [2026-05-01T20:01:58.411+0000] {dag.py:3823} INFO - Setting next_dagrun for sales_pipeline to 2026-05-01 00:00:00+00:00, run_after=2026-05-02 00:00:00+00:00
[2026-05-01T20:01:58.452+0000] {processor.py:183} INFO - Processing /opt/airflow/dags/sales_pipeline_dag.py took 1.246 seconds
[2026-05-01T20:02:28.844+0000] {processor.py:161} INFO - Started process (PID=2908) to work on /opt/airflow/dags/sales_pipeline_dag.py
[2026-05-01T20:02:28.845+0000] {processor.py:830} INFO - Processing file /opt/airflow/dags/sales_pipeline_dag.py for tasks to queue
[2026-05-01T20:02:28.847+0000] {logging_mixin.py:188} INFO - [2026-05-01T20:02:28.846+0000] {dagbag.py:538} INFO - Filling up the DagBag from /opt/airflow/dags/sales_pipeline_dag.py
[2026-05-01T20:02:29.938+0000] {processor.py:840} INFO - DAG(s) 'sales_pipeline' retrieved from /opt/airflow/dags/sales_pipeline_dag.py
[2026-05-01T20:02:29.983+0000] {logging_mixin.py:188} INFO - [2026-05-01T20:02:29.982+0000] {dag.py:3036} INFO - Sync 1 DAGs
[2026-05-01T20:02:30.034+0000] {logging_mixin.py:188} INFO - [2026-05-01T20:02:30.033+0000] {dag.py:3823} INFO - Setting next_dagrun for sales_pipeline to 2026-05-01 00:00:00+00:00, run_after=2026-05-02 00:00:00+00:00
[2026-05-01T20:02:30.075+0000] {processor.py:183} INFO - Processing /opt/airflow/dags/sales_pipeline_dag.py took 1.235 seconds
[2026-05-01T20:03:00.347+0000] {processor.py:161} INFO - Started process (PID=2919) to work on /opt/airflow/dags/sales_pipeline_dag.py
[2026-05-01T20:03:00.349+0000] {processor.py:830} INFO - Processing file /opt/airflow/dags/sales_pipeline_dag.py for tasks to queue
[2026-05-01T20:03:00.351+0000] {logging_mixin.py:188} INFO - [2026-05-01T20:03:00.350+0000] {dagbag.py:538} INFO - Filling up the DagBag from /opt/airflow/dags/sales_pipeline_dag.py
[2026-05-01T20:03:01.357+0000] {processor.py:840} INFO - DAG(s) 'sales_pipeline' retrieved from /opt/airflow/dags/sales_pipeline_dag.py
[2026-05-01T20:03:01.397+0000] {logging_mixin.py:188} INFO - [2026-05-01T20:03:01.396+0000] {dag.py:3036} INFO - Sync 1 DAGs
[2026-05-01T20:03:01.440+0000] {logging_mixin.py:188} INFO - [2026-05-01T20:03:01.440+0000] {dag.py:3823} INFO - Setting next_dagrun for sales_pipeline to 2026-05-01 00:00:00+00:00, run_after=2026-05-02 00:00:00+00:00
[2026-05-01T20:03:01.481+0000] {processor.py:183} INFO - Processing /opt/airflow/dags/sales_pipeline_dag.py took 1.138 seconds
[2026-05-01T20:03:31.945+0000] {processor.py:161} INFO - Started process (PID=2930) to work on /opt/airflow/dags/sales_pipeline_dag.py
[2026-05-01T20:03:31.947+0000] {processor.py:830} INFO - Processing file /opt/airflow/dags/sales_pipeline_dag.py for tasks to queue
[2026-05-01T20:03:31.949+0000] {logging_mixin.py:188} INFO - [2026-05-01T20:03:31.949+0000] {dagbag.py:538} INFO - Filling up the DagBag from /opt/airflow/dags/sales_pipeline_dag.py
[2026-05-01T20:03:33.166+0000] {processor.py:840} INFO - DAG(s) 'sales_pipeline' retrieved from /opt/airflow/dags/sales_pipeline_dag.py
[2026-05-01T20:03:33.229+0000] {logging_mixin.py:188} INFO - [2026-05-01T20:03:33.228+0000] {dag.py:3036} INFO - Sync 1 DAGs
[2026-05-01T20:03:33.310+0000] {logging_mixin.py:188} INFO - [2026-05-01T20:03:33.309+0000] {dag.py:3823} INFO - Setting next_dagrun for sales_pipeline to 2026-05-01 00:00:00+00:00, run_after=2026-05-02 00:00:00+00:00
[2026-05-01T20:03:33.378+0000] {processor.py:183} INFO - Processing /opt/airflow/dags/sales_pipeline_dag.py took 1.438 seconds
[2026-05-01T20:04:03.545+0000] {processor.py:161} INFO - Started process (PID=2941) to work on /opt/airflow/dags/sales_pipeline_dag.py
[2026-05-01T20:04:03.547+0000] {processor.py:830} INFO - Processing file /opt/airflow/dags/sales_pipeline_dag.py for tasks to queue
[2026-05-01T20:04:03.549+0000] {logging_mixin.py:188} INFO - [2026-05-01T20:04:03.549+0000] {dagbag.py:538} INFO - Filling up the DagBag from /opt/airflow/dags/sales_pipeline_dag.py
[2026-05-01T20:04:04.839+0000] {processor.py:840} INFO - DAG(s) 'sales_pipeline' retrieved from /opt/airflow/dags/sales_pipeline_dag.py
[2026-05-01T20:04:04.881+0000] {logging_mixin.py:188} INFO - [2026-05-01T20:04:04.880+0000] {dag.py:3036} INFO - Sync 1 DAGs
[2026-05-01T20:04:04.919+0000] {logging_mixin.py:188} INFO - [2026-05-01T20:04:04.919+0000] {dag.py:3823} INFO - Setting next_dagrun for sales_pipeline to 2026-05-01 00:00:00+00:00, run_after=2026-05-02 00:00:00+00:00
[2026-05-01T20:04:04.959+0000] {processor.py:183} INFO - Processing /opt/airflow/dags/sales_pipeline_dag.py took 1.418 seconds
[2026-05-01T20:04:35.267+0000] {processor.py:161} INFO - Started process (PID=2952) to work on /opt/airflow/dags/sales_pipeline_dag.py
[2026-05-01T20:04:35.269+0000] {processor.py:830} INFO - Processing file /opt/airflow/dags/sales_pipeline_dag.py for tasks to queue
[2026-05-01T20:04:35.271+0000] {logging_mixin.py:188} INFO - [2026-05-01T20:04:35.271+0000] {dagbag.py:538} INFO - Filling up the DagBag from /opt/airflow/dags/sales_pipeline_dag.py
[2026-05-01T20:04:36.321+0000] {processor.py:840} INFO - DAG(s) 'sales_pipeline' retrieved from /opt/airflow/dags/sales_pipeline_dag.py
[2026-05-01T20:04:36.368+0000] {logging_mixin.py:188} INFO - [2026-05-01T20:04:36.367+0000] {dag.py:3036} INFO - Sync 1 DAGs
[2026-05-01T20:04:36.418+0000] {logging_mixin.py:188} INFO - [2026-05-01T20:04:36.417+0000] {dag.py:3823} INFO - Setting next_dagrun for sales_pipeline to 2026-05-01 00:00:00+00:00, run_after=2026-05-02 00:00:00+00:00
[2026-05-01T20:04:36.464+0000] {processor.py:183} INFO - Processing /opt/airflow/dags/sales_pipeline_dag.py took 1.201 seconds
[2026-05-01T20:05:07.407+0000] {processor.py:161} INFO - Started process (PID=2963) to work on /opt/airflow/dags/sales_pipeline_dag.py
[2026-05-01T20:05:07.408+0000] {processor.py:830} INFO - Processing file /opt/airflow/dags/sales_pipeline_dag.py for tasks to queue
[2026-05-01T20:05:07.410+0000] {logging_mixin.py:188} INFO - [2026-05-01T20:05:07.410+0000] {dagbag.py:538} INFO - Filling up the DagBag from /opt/airflow/dags/sales_pipeline_dag.py
[2026-05-01T20:05:08.576+0000] {processor.py:840} INFO - DAG(s) 'sales_pipeline' retrieved from /opt/airflow/dags/sales_pipeline_dag.py
[2026-05-01T20:05:08.620+0000] {logging_mixin.py:188} INFO - [2026-05-01T20:05:08.619+0000] {dag.py:3036} INFO - Sync 1 DAGs
[2026-05-01T20:05:08.658+0000] {logging_mixin.py:188} INFO - [2026-05-01T20:05:08.658+0000] {dag.py:3823} INFO - Setting next_dagrun for sales_pipeline to 2026-05-01 00:00:00+00:00, run_after=2026-05-02 00:00:00+00:00
[2026-05-01T20:05:08.701+0000] {processor.py:183} INFO - Processing /opt/airflow/dags/sales_pipeline_dag.py took 1.299 seconds
[2026-05-01T20:05:39.050+0000] {processor.py:161} INFO - Started process (PID=2974) to work on /opt/airflow/dags/sales_pipeline_dag.py
[2026-05-01T20:05:39.052+0000] {processor.py:830} INFO - Processing file /opt/airflow/dags/sales_pipeline_dag.py for tasks to queue
[2026-05-01T20:05:39.055+0000] {logging_mixin.py:188} INFO - [2026-05-01T20:05:39.054+0000] {dagbag.py:538} INFO - Filling up the DagBag from /opt/airflow/dags/sales_pipeline_dag.py
[2026-05-01T20:05:40.133+0000] {processor.py:840} INFO - DAG(s) 'sales_pipeline' retrieved from /opt/airflow/dags/sales_pipeline_dag.py
[2026-05-01T20:05:40.179+0000] {logging_mixin.py:188} INFO - [2026-05-01T20:05:40.178+0000] {dag.py:3036} INFO - Sync 1 DAGs
[2026-05-01T20:05:40.231+0000] {logging_mixin.py:188} INFO - [2026-05-01T20:05:40.230+0000] {dag.py:3823} INFO - Setting next_dagrun for sales_pipeline to 2026-05-01 00:00:00+00:00, run_after=2026-05-02 00:00:00+00:00
[2026-05-01T20:05:40.277+0000] {processor.py:183} INFO - Processing /opt/airflow/dags/sales_pipeline_dag.py took 1.231 seconds
[2026-05-01T20:06:10.907+0000] {processor.py:161} INFO - Started process (PID=2985) to work on /opt/airflow/dags/sales_pipeline_dag.py
[2026-05-01T20:06:10.909+0000] {processor.py:830} INFO - Processing file /opt/airflow/dags/sales_pipeline_dag.py for tasks to queue
[2026-05-01T20:06:10.911+0000] {logging_mixin.py:188} INFO - [2026-05-01T20:06:10.910+0000] {dagbag.py:538} INFO - Filling up the DagBag from /opt/airflow/dags/sales_pipeline_dag.py
[2026-05-01T20:06:11.927+0000] {processor.py:840} INFO - DAG(s) 'sales_pipeline' retrieved from /opt/airflow/dags/sales_pipeline_dag.py
[2026-05-01T20:06:11.970+0000] {logging_mixin.py:188} INFO - [2026-05-01T20:06:11.969+0000] {dag.py:3036} INFO - Sync 1 DAGs
[2026-05-01T20:06:12.006+0000] {logging_mixin.py:188} INFO - [2026-05-01T20:06:12.005+0000] {dag.py:3823} INFO - Setting next_dagrun for sales_pipeline to 2026-05-01 00:00:00+00:00, run_after=2026-05-02 00:00:00+00:00
[2026-05-01T20:06:12.047+0000] {processor.py:183} INFO - Processing /opt/airflow/dags/sales_pipeline_dag.py took 1.144 seconds
[2026-05-01T23:07:50.108+0000] {processor.py:161} INFO - Started process (PID=2999) to work on /opt/airflow/dags/sales_pipeline_dag.py
[2026-05-01T23:07:50.113+0000] {processor.py:830} INFO - Processing file /opt/airflow/dags/sales_pipeline_dag.py for tasks to queue
[2026-05-01T23:07:50.118+0000] {logging_mixin.py:188} INFO - [2026-05-01T23:07:50.117+0000] {dagbag.py:538} INFO - Filling up the DagBag from /opt/airflow/dags/sales_pipeline_dag.py
[2026-05-01T23:07:51.909+0000] {processor.py:840} INFO - DAG(s) 'sales_pipeline' retrieved from /opt/airflow/dags/sales_pipeline_dag.py
[2026-05-01T23:07:51.960+0000] {logging_mixin.py:188} INFO - [2026-05-01T23:07:51.959+0000] {dag.py:3036} INFO - Sync 1 DAGs
[2026-05-01T23:07:52.028+0000] {logging_mixin.py:188} INFO - [2026-05-01T23:07:52.027+0000] {dag.py:3823} INFO - Setting next_dagrun for sales_pipeline to 2026-05-01 00:00:00+00:00, run_after=2026-05-02 00:00:00+00:00
[2026-05-01T23:07:52.210+0000] {processor.py:183} INFO - Processing /opt/airflow/dags/sales_pipeline_dag.py took 2.117 seconds
