[2026-05-16T19:38:03.027+0000] {taskinstance.py:1956} INFO - Dependencies all met for dep_context=non-requeueable deps ti=<TaskInstance: dbt_pipeline.dbt_snapshot scheduled__2026-05-10T00:00:00+00:00 [queued]>
[2026-05-16T19:38:03.048+0000] {taskinstance.py:1956} INFO - Dependencies all met for dep_context=requeueable deps ti=<TaskInstance: dbt_pipeline.dbt_snapshot scheduled__2026-05-10T00:00:00+00:00 [queued]>
[2026-05-16T19:38:03.050+0000] {taskinstance.py:2170} INFO - Starting attempt 1 of 1
[2026-05-16T19:38:06.039+0000] {taskinstance.py:2191} INFO - Executing <Task(BashOperator): dbt_snapshot> on 2026-05-10 00:00:00+00:00
[2026-05-16T19:38:06.061+0000] {standard_task_runner.py:60} INFO - Started process 7795 to run task
[2026-05-16T19:38:06.066+0000] {standard_task_runner.py:87} INFO - Running: ['***', 'tasks', 'run', 'dbt_pipeline', 'dbt_snapshot', 'scheduled__2026-05-10T00:00:00+00:00', '--job-id', '123', '--raw', '--subdir', 'DAGS_FOLDER/dbt_pipeline_dag.py', '--cfg-path', '/tmp/tmp42jcw1nm']
[2026-05-16T19:38:06.078+0000] {standard_task_runner.py:88} INFO - Job 123: Subtask dbt_snapshot
[2026-05-16T19:38:06.950+0000] {task_command.py:423} INFO - Running <TaskInstance: dbt_pipeline.dbt_snapshot scheduled__2026-05-10T00:00:00+00:00 [running]> on host c5c53f6c77ae
[2026-05-16T19:38:19.794+0000] {taskinstance.py:2480} INFO - Exporting env vars: AIRFLOW_CTX_DAG_OWNER='***' AIRFLOW_CTX_DAG_ID='dbt_pipeline' AIRFLOW_CTX_TASK_ID='dbt_snapshot' AIRFLOW_CTX_EXECUTION_DATE='2026-05-10T00:00:00+00:00' AIRFLOW_CTX_TRY_NUMBER='1' AIRFLOW_CTX_DAG_RUN_ID='scheduled__2026-05-10T00:00:00+00:00'
[2026-05-16T19:38:19.803+0000] {subprocess.py:63} INFO - Tmp dir root location: /tmp
[2026-05-16T19:38:19.877+0000] {subprocess.py:75} INFO - Running command: ['/usr/bin/bash', '-c', 'cd /opt/***/project/week7/de_journey && dbt snapshot --profiles-dir /opt/***/project/week7/de_journey --no-version-check']
[2026-05-16T19:38:19.933+0000] {subprocess.py:86} INFO - Output:
[2026-05-16T19:40:43.157+0000] {subprocess.py:93} INFO - [0m19:40:43  Running with dbt=1.8.7
[2026-05-16T19:41:20.069+0000] {subprocess.py:93} INFO - [0m19:41:20  Registered adapter: bigquery=1.8.3
[2026-05-16T19:41:30.350+0000] {subprocess.py:93} INFO - [0m19:41:30  Found 2 models, 1 snapshot, 13 data tests, 1 source, 759 macros
[2026-05-16T19:41:30.368+0000] {subprocess.py:93} INFO - [0m19:41:30
[2026-05-16T19:41:32.755+0000] {subprocess.py:93} INFO - [0m19:41:32  Concurrency: 4 threads (target='dev')
[2026-05-16T19:41:32.757+0000] {subprocess.py:93} INFO - [0m19:41:32
[2026-05-16T19:41:32.793+0000] {subprocess.py:93} INFO - [0m19:41:32  1 of 1 START snapshot snapshots.sales_snapshot ................................. [RUN]
[2026-05-16T19:41:29.328+0000] {subprocess.py:93} INFO - [0m19:41:29  1 of 1 OK snapshotted snapshots.sales_snapshot ................................. [[32mMERGE (0.0 rows, 351.0 Bytes processed)[0m in -3.48s]
[2026-05-16T19:41:29.383+0000] {subprocess.py:93} INFO - [0m19:41:29
[2026-05-16T19:41:29.399+0000] {subprocess.py:93} INFO - [0m19:41:29  Finished running 1 snapshot in -1 hours 59 minutes and 59.01 seconds (-0.99s).
[2026-05-16T19:41:30.037+0000] {subprocess.py:93} INFO - [0m19:41:30
[2026-05-16T19:41:30.045+0000] {subprocess.py:93} INFO - [0m19:41:30  [32mCompleted successfully[0m
[2026-05-16T19:41:30.050+0000] {subprocess.py:93} INFO - [0m19:41:30
[2026-05-16T19:41:30.054+0000] {subprocess.py:93} INFO - [0m19:41:30  Done. PASS=1 WARN=0 ERROR=0 SKIP=0 TOTAL=1
[2026-05-16T19:41:43.510+0000] {subprocess.py:97} INFO - Command exited with return code 0
[2026-05-16T19:41:45.761+0000] {taskinstance.py:1138} INFO - Marking task as SUCCESS. dag_id=dbt_pipeline, task_id=dbt_snapshot, execution_date=20260510T000000, start_date=20260516T193803, end_date=20260516T194145
[2026-05-16T19:41:53.330+0000] {local_task_job_runner.py:234} INFO - Task exited with return code 0
[2026-05-16T19:41:53.467+0000] {taskinstance.py:3280} INFO - 0 downstream tasks scheduled from follow-on schedule check
