[2026-04-29T21:09:15.935+0000] {taskinstance.py:1956} INFO - Dependencies all met for dep_context=non-requeueable deps ti=<TaskInstance: dbt_pipeline.dbt_run manual__2026-04-29T21:08:40.476406+00:00 [queued]>
[2026-04-29T21:09:15.957+0000] {taskinstance.py:1956} INFO - Dependencies all met for dep_context=requeueable deps ti=<TaskInstance: dbt_pipeline.dbt_run manual__2026-04-29T21:08:40.476406+00:00 [queued]>
[2026-04-29T21:09:15.959+0000] {taskinstance.py:2170} INFO - Starting attempt 1 of 1
[2026-04-29T21:09:16.007+0000] {taskinstance.py:2191} INFO - Executing <Task(BashOperator): dbt_run> on 2026-04-29 21:08:40.476406+00:00
[2026-04-29T21:09:16.015+0000] {standard_task_runner.py:60} INFO - Started process 266 to run task
[2026-04-29T21:09:16.019+0000] {standard_task_runner.py:87} INFO - Running: ['***', 'tasks', 'run', 'dbt_pipeline', 'dbt_run', 'manual__2026-04-29T21:08:40.476406+00:00', '--job-id', '65', '--raw', '--subdir', 'DAGS_FOLDER/dbt_pipeline_dag.py', '--cfg-path', '/tmp/tmpslnohpfw']
[2026-04-29T21:09:16.022+0000] {standard_task_runner.py:88} INFO - Job 65: Subtask dbt_run
[2026-04-29T21:09:16.133+0000] {task_command.py:423} INFO - Running <TaskInstance: dbt_pipeline.dbt_run manual__2026-04-29T21:08:40.476406+00:00 [running]> on host c5c53f6c77ae
[2026-04-29T21:09:16.225+0000] {taskinstance.py:2480} INFO - Exporting env vars: AIRFLOW_CTX_DAG_OWNER='***' AIRFLOW_CTX_DAG_ID='dbt_pipeline' AIRFLOW_CTX_TASK_ID='dbt_run' AIRFLOW_CTX_EXECUTION_DATE='2026-04-29T21:08:40.476406+00:00' AIRFLOW_CTX_TRY_NUMBER='1' AIRFLOW_CTX_DAG_RUN_ID='manual__2026-04-29T21:08:40.476406+00:00'
[2026-04-29T21:09:16.228+0000] {subprocess.py:63} INFO - Tmp dir root location: /tmp
[2026-04-29T21:09:16.231+0000] {subprocess.py:75} INFO - Running command: ['/usr/bin/bash', '-c', 'cd /opt/***/project/week7/de_journey && dbt run --profiles-dir /opt/***/project/week7/de_journey --no-version-check']
[2026-04-29T21:09:16.261+0000] {subprocess.py:86} INFO - Output:
[2026-04-29T21:09:19.697+0000] {subprocess.py:93} INFO - [0m21:09:19  Running with dbt=1.8.7
[2026-04-29T21:09:21.704+0000] {subprocess.py:93} INFO - [0m21:09:21  Registered adapter: bigquery=1.8.3
[2026-04-29T21:09:28.095+0000] {subprocess.py:93} INFO - [0m21:09:28  Found 2 models, 1 snapshot, 13 data tests, 1 source, 759 macros
[2026-04-29T21:09:28.102+0000] {subprocess.py:93} INFO - [0m21:09:28
[2026-04-29T21:09:29.749+0000] {subprocess.py:93} INFO - [0m21:09:29  Concurrency: 4 threads (target='dev')
[2026-04-29T21:09:29.752+0000] {subprocess.py:93} INFO - [0m21:09:29
[2026-04-29T21:09:29.775+0000] {subprocess.py:93} INFO - [0m21:09:29  1 of 2 START sql view model de_journey_dw_staging.stg_sales .................... [RUN]
[2026-04-29T21:09:31.387+0000] {subprocess.py:93} INFO - [0m21:09:31  1 of 2 OK created sql view model de_journey_dw_staging.stg_sales ............... [[32mCREATE VIEW (0 processed)[0m in 1.60s]
[2026-04-29T21:09:31.396+0000] {subprocess.py:93} INFO - [0m21:09:31  2 of 2 START sql incremental model de_journey_dw_marts.mart_sales_summary ...... [RUN]
[2026-04-29T21:09:36.397+0000] {subprocess.py:93} INFO - [0m21:09:36  2 of 2 OK created sql incremental model de_journey_dw_marts.mart_sales_summary . [[32mMERGE (0.0 rows, 278.0 Bytes processed)[0m in 4.99s]
[2026-04-29T21:09:36.414+0000] {subprocess.py:93} INFO - [0m21:09:36
[2026-04-29T21:09:36.416+0000] {subprocess.py:93} INFO - [0m21:09:36  Finished running 1 view model, 1 incremental model in 0 hours 0 minutes and 8.31 seconds (8.31s).
[2026-04-29T21:09:36.346+0000] {subprocess.py:93} INFO - [0m21:09:36
[2026-04-29T21:09:36.351+0000] {subprocess.py:93} INFO - [0m21:09:36  [32mCompleted successfully[0m
[2026-04-29T21:09:36.355+0000] {subprocess.py:93} INFO - [0m21:09:36
[2026-04-29T21:09:36.357+0000] {subprocess.py:93} INFO - [0m21:09:36  Done. PASS=2 WARN=0 ERROR=0 SKIP=0 TOTAL=2
[2026-04-29T21:09:37.936+0000] {subprocess.py:97} INFO - Command exited with return code 0
[2026-04-29T21:09:37.995+0000] {taskinstance.py:1138} INFO - Marking task as SUCCESS. dag_id=dbt_pipeline, task_id=dbt_run, execution_date=20260429T210840, start_date=20260429T210915, end_date=20260429T210937
[2026-04-29T21:09:38.064+0000] {local_task_job_runner.py:234} INFO - Task exited with return code 0
[2026-04-29T21:09:38.113+0000] {taskinstance.py:3280} INFO - 1 downstream tasks scheduled from follow-on schedule check
