[2026-05-03T18:33:11.780+0000] {taskinstance.py:1956} INFO - Dependencies all met for dep_context=non-requeueable deps ti=<TaskInstance: dbt_pipeline.dbt_snapshot scheduled__2026-05-01T00:00:00+00:00 [queued]>
[2026-05-03T18:33:11.801+0000] {taskinstance.py:1956} INFO - Dependencies all met for dep_context=requeueable deps ti=<TaskInstance: dbt_pipeline.dbt_snapshot scheduled__2026-05-01T00:00:00+00:00 [queued]>
[2026-05-03T18:33:11.802+0000] {taskinstance.py:2170} INFO - Starting attempt 1 of 1
[2026-05-03T18:33:13.350+0000] {taskinstance.py:2191} INFO - Executing <Task(BashOperator): dbt_snapshot> on 2026-05-01 00:00:00+00:00
[2026-05-03T18:33:13.366+0000] {standard_task_runner.py:60} INFO - Started process 3028 to run task
[2026-05-03T18:33:13.374+0000] {standard_task_runner.py:87} INFO - Running: ['***', 'tasks', 'run', 'dbt_pipeline', 'dbt_snapshot', 'scheduled__2026-05-01T00:00:00+00:00', '--job-id', '78', '--raw', '--subdir', 'DAGS_FOLDER/dbt_pipeline_dag.py', '--cfg-path', '/tmp/tmpvdk40vb8']
[2026-05-03T18:33:13.380+0000] {standard_task_runner.py:88} INFO - Job 78: Subtask dbt_snapshot
[2026-05-03T18:33:18.563+0000] {task_command.py:423} INFO - Running <TaskInstance: dbt_pipeline.dbt_snapshot scheduled__2026-05-01T00:00:00+00:00 [running]> on host c5c53f6c77ae
[2026-05-03T18:33:19.967+0000] {taskinstance.py:2480} INFO - Exporting env vars: AIRFLOW_CTX_DAG_OWNER='***' AIRFLOW_CTX_DAG_ID='dbt_pipeline' AIRFLOW_CTX_TASK_ID='dbt_snapshot' AIRFLOW_CTX_EXECUTION_DATE='2026-05-01T00:00:00+00:00' AIRFLOW_CTX_TRY_NUMBER='1' AIRFLOW_CTX_DAG_RUN_ID='scheduled__2026-05-01T00:00:00+00:00'
[2026-05-03T18:33:19.977+0000] {subprocess.py:63} INFO - Tmp dir root location: /tmp
[2026-05-03T18:33:20.093+0000] {subprocess.py:75} INFO - Running command: ['/usr/bin/bash', '-c', 'cd /opt/***/project/week7/de_journey && dbt snapshot --profiles-dir /opt/***/project/week7/de_journey --no-version-check']
[2026-05-03T18:33:20.539+0000] {subprocess.py:86} INFO - Output:
[2026-05-03T18:34:04.314+0000] {subprocess.py:93} INFO - [0m18:34:04  Running with dbt=1.8.7
[2026-05-03T18:34:10.073+0000] {subprocess.py:93} INFO - [0m18:34:10  Registered adapter: bigquery=1.8.3
[2026-05-03T18:34:17.207+0000] {subprocess.py:93} INFO - [0m18:34:17  Found 2 models, 1 snapshot, 13 data tests, 1 source, 759 macros
[2026-05-03T18:34:17.213+0000] {subprocess.py:93} INFO - [0m18:34:17
[2026-05-03T18:34:20.231+0000] {subprocess.py:93} INFO - [0m18:34:20  Concurrency: 4 threads (target='dev')
[2026-05-03T18:34:20.233+0000] {subprocess.py:93} INFO - [0m18:34:20
[2026-05-03T18:34:20.260+0000] {subprocess.py:93} INFO - [0m18:34:20  1 of 1 START snapshot snapshots.sales_snapshot ................................. [RUN]
[2026-05-03T18:34:30.708+0000] {subprocess.py:93} INFO - [0m18:34:30  1 of 1 OK snapshotted snapshots.sales_snapshot ................................. [[32mMERGE (0.0 rows, 351.0 Bytes processed)[0m in 10.44s]
[2026-05-03T18:34:30.729+0000] {subprocess.py:93} INFO - [0m18:34:30
[2026-05-03T18:34:30.732+0000] {subprocess.py:93} INFO - [0m18:34:30  Finished running 1 snapshot in 0 hours 0 minutes and 13.51 seconds (13.51s).
[2026-05-03T18:34:31.045+0000] {subprocess.py:93} INFO - [0m18:34:31
[2026-05-03T18:34:31.047+0000] {subprocess.py:93} INFO - [0m18:34:31  [32mCompleted successfully[0m
[2026-05-03T18:34:31.048+0000] {subprocess.py:93} INFO - [0m18:34:31
[2026-05-03T18:34:31.050+0000] {subprocess.py:93} INFO - [0m18:34:31  Done. PASS=1 WARN=0 ERROR=0 SKIP=0 TOTAL=1
[2026-05-03T18:34:32.722+0000] {subprocess.py:97} INFO - Command exited with return code 0
[2026-05-03T18:34:32.816+0000] {taskinstance.py:1138} INFO - Marking task as SUCCESS. dag_id=dbt_pipeline, task_id=dbt_snapshot, execution_date=20260501T000000, start_date=20260503T183311, end_date=20260503T183432
[2026-05-03T18:34:32.907+0000] {local_task_job_runner.py:234} INFO - Task exited with return code 0
[2026-05-03T18:34:32.955+0000] {taskinstance.py:3280} INFO - 1 downstream tasks scheduled from follow-on schedule check
