[2026-04-21T18:23:06.175+0000] {processor.py:161} INFO - Started process (PID=166) to work on /opt/airflow/dags/sales_pipeline_dag.py
[2026-04-21T18:23:06.177+0000] {processor.py:830} INFO - Processing file /opt/airflow/dags/sales_pipeline_dag.py for tasks to queue
[2026-04-21T18:23:06.179+0000] {logging_mixin.py:188} INFO - [2026-04-21T18:23:06.179+0000] {dagbag.py:538} INFO - Filling up the DagBag from /opt/airflow/dags/sales_pipeline_dag.py
[2026-04-21T18:23:39.541+0000] {logging_mixin.py:188} INFO - [2026-04-21T18:23:39.540+0000] {timeout.py:68} ERROR - Process timed out, PID: 166
[2026-04-21T18:23:39.593+0000] {logging_mixin.py:188} INFO - [2026-04-21T18:23:39.558+0000] {dagbag.py:348} ERROR - Failed to import: /opt/airflow/dags/sales_pipeline_dag.py
Traceback (most recent call last):
  File "/home/airflow/.local/lib/python3.8/site-packages/airflow/models/dagbag.py", line 344, in parse
    loader.exec_module(new_module)
  File "<frozen importlib._bootstrap_external>", line 843, in exec_module
  File "<frozen importlib._bootstrap>", line 219, in _call_with_frames_removed
  File "/opt/airflow/dags/sales_pipeline_dag.py", line 6, in <module>
    from week5.cloud_sink import CloudSink
  File "/opt/airflow/project/week5/cloud_sink.py", line 3, in <module>
    from google.cloud import bigquery
  File "/home/airflow/.local/lib/python3.8/site-packages/google/cloud/bigquery/__init__.py", line 35, in <module>
    from google.cloud.bigquery.client import Client
  File "/home/airflow/.local/lib/python3.8/site-packages/google/cloud/bigquery/client.py", line 61, in <module>
    from google.cloud.bigquery_storage_v1.services.big_query_read.client import (
  File "/home/airflow/.local/lib/python3.8/site-packages/google/cloud/bigquery_storage_v1/__init__.py", line 23, in <module>
    from google.cloud.bigquery_storage_v1 import client
  File "/home/airflow/.local/lib/python3.8/site-packages/google/cloud/bigquery_storage_v1/client.py", line 26, in <module>
    from google.cloud.bigquery_storage_v1 import reader
  File "/home/airflow/.local/lib/python3.8/site-packages/google/cloud/bigquery_storage_v1/reader.py", line 30, in <module>
    import pandas
  File "/home/airflow/.local/lib/python3.8/site-packages/pandas/__init__.py", line 48, in <module>
    from pandas.core.api import (
  File "/home/airflow/.local/lib/python3.8/site-packages/pandas/core/api.py", line 47, in <module>
    from pandas.core.groupby import (
  File "/home/airflow/.local/lib/python3.8/site-packages/pandas/core/groupby/__init__.py", line 1, in <module>
    from pandas.core.groupby.generic import (
  File "/home/airflow/.local/lib/python3.8/site-packages/pandas/core/groupby/generic.py", line 78, in <module>
    from pandas.core.groupby import base
  File "<frozen importlib._bootstrap>", line 991, in _find_and_load
  File "<frozen importlib._bootstrap>", line 971, in _find_and_load_unlocked
  File "<frozen importlib._bootstrap>", line 914, in _find_spec
  File "<frozen importlib._bootstrap_external>", line 1407, in find_spec
  File "<frozen importlib._bootstrap_external>", line 1379, in _get_spec
  File "<frozen importlib._bootstrap_external>", line 1539, in find_spec
  File "<frozen importlib._bootstrap_external>", line 156, in _path_isfile
  File "<frozen importlib._bootstrap_external>", line 148, in _path_is_mode_type
  File "<frozen importlib._bootstrap_external>", line 142, in _path_stat
  File "/home/airflow/.local/lib/python3.8/site-packages/airflow/utils/timeout.py", line 69, in handle_timeout
    raise AirflowTaskTimeout(self.error_message)
airflow.exceptions.AirflowTaskTimeout: DagBag import timeout for /opt/airflow/dags/sales_pipeline_dag.py after 30.0s.
Please take a look at these docs to improve your DAG import time:
* https://airflow.apache.org/docs/apache-airflow/2.8.1/best-practices.html#top-level-python-code
* https://airflow.apache.org/docs/apache-airflow/2.8.1/best-practices.html#reducing-dag-complexity, PID: 166
[2026-04-21T18:23:39.596+0000] {processor.py:842} WARNING - No viable dags retrieved from /opt/airflow/dags/sales_pipeline_dag.py
[2026-04-21T18:23:40.412+0000] {processor.py:183} INFO - Processing /opt/airflow/dags/sales_pipeline_dag.py took 36.553 seconds
[2026-04-21T18:24:10.545+0000] {processor.py:161} INFO - Started process (PID=179) to work on /opt/airflow/dags/sales_pipeline_dag.py
[2026-04-21T18:24:10.547+0000] {processor.py:830} INFO - Processing file /opt/airflow/dags/sales_pipeline_dag.py for tasks to queue
[2026-04-21T18:24:10.549+0000] {logging_mixin.py:188} INFO - [2026-04-21T18:24:10.548+0000] {dagbag.py:538} INFO - Filling up the DagBag from /opt/airflow/dags/sales_pipeline_dag.py
[2026-04-21T18:24:27.106+0000] {processor.py:840} INFO - DAG(s) 'sales_pipeline' retrieved from /opt/airflow/dags/sales_pipeline_dag.py
[2026-04-21T18:24:27.871+0000] {logging_mixin.py:188} INFO - [2026-04-21T18:24:27.871+0000] {dag.py:3036} INFO - Sync 1 DAGs
[2026-04-21T18:24:27.936+0000] {logging_mixin.py:188} INFO - [2026-04-21T18:24:27.936+0000] {dag.py:3823} INFO - Setting next_dagrun for sales_pipeline to 2026-04-21 00:00:00+00:00, run_after=2026-04-22 00:00:00+00:00
[2026-04-21T18:24:28.299+0000] {processor.py:183} INFO - Processing /opt/airflow/dags/sales_pipeline_dag.py took 20.068 seconds
[2026-04-21T18:24:58.682+0000] {processor.py:161} INFO - Started process (PID=185) to work on /opt/airflow/dags/sales_pipeline_dag.py
[2026-04-21T18:24:58.683+0000] {processor.py:830} INFO - Processing file /opt/airflow/dags/sales_pipeline_dag.py for tasks to queue
[2026-04-21T18:24:58.686+0000] {logging_mixin.py:188} INFO - [2026-04-21T18:24:58.685+0000] {dagbag.py:538} INFO - Filling up the DagBag from /opt/airflow/dags/sales_pipeline_dag.py
[2026-04-21T18:24:59.909+0000] {processor.py:840} INFO - DAG(s) 'sales_pipeline' retrieved from /opt/airflow/dags/sales_pipeline_dag.py
[2026-04-21T18:24:59.976+0000] {logging_mixin.py:188} INFO - [2026-04-21T18:24:59.974+0000] {dag.py:3036} INFO - Sync 1 DAGs
[2026-04-21T18:25:00.023+0000] {logging_mixin.py:188} INFO - [2026-04-21T18:25:00.023+0000] {dag.py:3823} INFO - Setting next_dagrun for sales_pipeline to 2026-04-21 00:00:00+00:00, run_after=2026-04-22 00:00:00+00:00
[2026-04-21T18:25:00.170+0000] {processor.py:183} INFO - Processing /opt/airflow/dags/sales_pipeline_dag.py took 1.492 seconds
[2026-04-21T18:25:30.368+0000] {processor.py:161} INFO - Started process (PID=191) to work on /opt/airflow/dags/sales_pipeline_dag.py
[2026-04-21T18:25:30.369+0000] {processor.py:830} INFO - Processing file /opt/airflow/dags/sales_pipeline_dag.py for tasks to queue
[2026-04-21T18:25:30.371+0000] {logging_mixin.py:188} INFO - [2026-04-21T18:25:30.371+0000] {dagbag.py:538} INFO - Filling up the DagBag from /opt/airflow/dags/sales_pipeline_dag.py
[2026-04-21T18:25:31.608+0000] {processor.py:840} INFO - DAG(s) 'sales_pipeline' retrieved from /opt/airflow/dags/sales_pipeline_dag.py
[2026-04-21T18:25:31.661+0000] {logging_mixin.py:188} INFO - [2026-04-21T18:25:31.660+0000] {dag.py:3036} INFO - Sync 1 DAGs
[2026-04-21T18:25:31.704+0000] {logging_mixin.py:188} INFO - [2026-04-21T18:25:31.704+0000] {dag.py:3823} INFO - Setting next_dagrun for sales_pipeline to 2026-04-21 00:00:00+00:00, run_after=2026-04-22 00:00:00+00:00
[2026-04-21T18:25:31.811+0000] {processor.py:183} INFO - Processing /opt/airflow/dags/sales_pipeline_dag.py took 1.449 seconds
[2026-04-21T18:26:02.146+0000] {processor.py:161} INFO - Started process (PID=197) to work on /opt/airflow/dags/sales_pipeline_dag.py
[2026-04-21T18:26:02.148+0000] {processor.py:830} INFO - Processing file /opt/airflow/dags/sales_pipeline_dag.py for tasks to queue
[2026-04-21T18:26:02.150+0000] {logging_mixin.py:188} INFO - [2026-04-21T18:26:02.150+0000] {dagbag.py:538} INFO - Filling up the DagBag from /opt/airflow/dags/sales_pipeline_dag.py
[2026-04-21T18:26:03.348+0000] {processor.py:840} INFO - DAG(s) 'sales_pipeline' retrieved from /opt/airflow/dags/sales_pipeline_dag.py
[2026-04-21T18:26:03.386+0000] {logging_mixin.py:188} INFO - [2026-04-21T18:26:03.385+0000] {dag.py:3036} INFO - Sync 1 DAGs
[2026-04-21T18:26:03.583+0000] {logging_mixin.py:188} INFO - [2026-04-21T18:26:03.582+0000] {dag.py:3823} INFO - Setting next_dagrun for sales_pipeline to 2026-04-21 00:00:00+00:00, run_after=2026-04-22 00:00:00+00:00
[2026-04-21T18:26:01.229+0000] {processor.py:183} INFO - Processing /opt/airflow/dags/sales_pipeline_dag.py took 1.396 seconds
[2026-04-21T18:26:31.359+0000] {processor.py:161} INFO - Started process (PID=203) to work on /opt/airflow/dags/sales_pipeline_dag.py
[2026-04-21T18:26:31.362+0000] {processor.py:830} INFO - Processing file /opt/airflow/dags/sales_pipeline_dag.py for tasks to queue
[2026-04-21T18:26:31.363+0000] {logging_mixin.py:188} INFO - [2026-04-21T18:26:31.363+0000] {dagbag.py:538} INFO - Filling up the DagBag from /opt/airflow/dags/sales_pipeline_dag.py
[2026-04-21T18:26:32.496+0000] {processor.py:840} INFO - DAG(s) 'sales_pipeline' retrieved from /opt/airflow/dags/sales_pipeline_dag.py
[2026-04-21T18:26:32.557+0000] {logging_mixin.py:188} INFO - [2026-04-21T18:26:32.556+0000] {dag.py:3036} INFO - Sync 1 DAGs
[2026-04-21T18:26:32.619+0000] {logging_mixin.py:188} INFO - [2026-04-21T18:26:32.618+0000] {dag.py:3823} INFO - Setting next_dagrun for sales_pipeline to 2026-04-21 00:00:00+00:00, run_after=2026-04-22 00:00:00+00:00
[2026-04-21T18:26:32.740+0000] {processor.py:183} INFO - Processing /opt/airflow/dags/sales_pipeline_dag.py took 1.386 seconds
[2026-04-21T18:27:03.302+0000] {processor.py:161} INFO - Started process (PID=209) to work on /opt/airflow/dags/sales_pipeline_dag.py
[2026-04-21T18:27:03.304+0000] {processor.py:830} INFO - Processing file /opt/airflow/dags/sales_pipeline_dag.py for tasks to queue
[2026-04-21T18:27:03.307+0000] {logging_mixin.py:188} INFO - [2026-04-21T18:27:03.306+0000] {dagbag.py:538} INFO - Filling up the DagBag from /opt/airflow/dags/sales_pipeline_dag.py
[2026-04-21T18:27:04.566+0000] {processor.py:840} INFO - DAG(s) 'sales_pipeline' retrieved from /opt/airflow/dags/sales_pipeline_dag.py
[2026-04-21T18:27:04.614+0000] {logging_mixin.py:188} INFO - [2026-04-21T18:27:04.613+0000] {dag.py:3036} INFO - Sync 1 DAGs
[2026-04-21T18:27:04.661+0000] {logging_mixin.py:188} INFO - [2026-04-21T18:27:04.661+0000] {dag.py:3823} INFO - Setting next_dagrun for sales_pipeline to 2026-04-21 00:00:00+00:00, run_after=2026-04-22 00:00:00+00:00
[2026-04-21T18:27:04.705+0000] {processor.py:183} INFO - Processing /opt/airflow/dags/sales_pipeline_dag.py took 1.408 seconds
[2026-04-21T18:27:35.011+0000] {processor.py:161} INFO - Started process (PID=215) to work on /opt/airflow/dags/sales_pipeline_dag.py
[2026-04-21T18:27:35.013+0000] {processor.py:830} INFO - Processing file /opt/airflow/dags/sales_pipeline_dag.py for tasks to queue
[2026-04-21T18:27:35.014+0000] {logging_mixin.py:188} INFO - [2026-04-21T18:27:35.014+0000] {dagbag.py:538} INFO - Filling up the DagBag from /opt/airflow/dags/sales_pipeline_dag.py
[2026-04-21T18:27:36.163+0000] {processor.py:840} INFO - DAG(s) 'sales_pipeline' retrieved from /opt/airflow/dags/sales_pipeline_dag.py
[2026-04-21T18:27:36.239+0000] {logging_mixin.py:188} INFO - [2026-04-21T18:27:36.237+0000] {dag.py:3036} INFO - Sync 1 DAGs
[2026-04-21T18:27:36.323+0000] {logging_mixin.py:188} INFO - [2026-04-21T18:27:36.322+0000] {dag.py:3823} INFO - Setting next_dagrun for sales_pipeline to 2026-04-21 00:00:00+00:00, run_after=2026-04-22 00:00:00+00:00
[2026-04-21T18:27:36.379+0000] {processor.py:183} INFO - Processing /opt/airflow/dags/sales_pipeline_dag.py took 1.372 seconds
[2026-04-21T18:28:06.907+0000] {processor.py:161} INFO - Started process (PID=221) to work on /opt/airflow/dags/sales_pipeline_dag.py
[2026-04-21T18:28:06.910+0000] {processor.py:830} INFO - Processing file /opt/airflow/dags/sales_pipeline_dag.py for tasks to queue
[2026-04-21T18:28:06.914+0000] {logging_mixin.py:188} INFO - [2026-04-21T18:28:06.913+0000] {dagbag.py:538} INFO - Filling up the DagBag from /opt/airflow/dags/sales_pipeline_dag.py
[2026-04-21T18:28:08.236+0000] {processor.py:840} INFO - DAG(s) 'sales_pipeline' retrieved from /opt/airflow/dags/sales_pipeline_dag.py
[2026-04-21T18:28:08.281+0000] {logging_mixin.py:188} INFO - [2026-04-21T18:28:08.280+0000] {dag.py:3036} INFO - Sync 1 DAGs
[2026-04-21T18:28:08.333+0000] {logging_mixin.py:188} INFO - [2026-04-21T18:28:08.332+0000] {dag.py:3823} INFO - Setting next_dagrun for sales_pipeline to 2026-04-21 00:00:00+00:00, run_after=2026-04-22 00:00:00+00:00
[2026-04-21T18:28:08.513+0000] {processor.py:183} INFO - Processing /opt/airflow/dags/sales_pipeline_dag.py took 1.622 seconds
[2026-04-21T18:28:38.808+0000] {processor.py:161} INFO - Started process (PID=227) to work on /opt/airflow/dags/sales_pipeline_dag.py
[2026-04-21T18:28:38.810+0000] {processor.py:830} INFO - Processing file /opt/airflow/dags/sales_pipeline_dag.py for tasks to queue
[2026-04-21T18:28:38.813+0000] {logging_mixin.py:188} INFO - [2026-04-21T18:28:38.812+0000] {dagbag.py:538} INFO - Filling up the DagBag from /opt/airflow/dags/sales_pipeline_dag.py
[2026-04-21T18:28:40.096+0000] {processor.py:840} INFO - DAG(s) 'sales_pipeline' retrieved from /opt/airflow/dags/sales_pipeline_dag.py
[2026-04-21T18:28:40.146+0000] {logging_mixin.py:188} INFO - [2026-04-21T18:28:40.145+0000] {dag.py:3036} INFO - Sync 1 DAGs
[2026-04-21T18:28:40.190+0000] {logging_mixin.py:188} INFO - [2026-04-21T18:28:40.190+0000] {dag.py:3823} INFO - Setting next_dagrun for sales_pipeline to 2026-04-21 00:00:00+00:00, run_after=2026-04-22 00:00:00+00:00
[2026-04-21T18:28:40.274+0000] {processor.py:183} INFO - Processing /opt/airflow/dags/sales_pipeline_dag.py took 1.471 seconds
[2026-04-21T18:29:10.722+0000] {processor.py:161} INFO - Started process (PID=233) to work on /opt/airflow/dags/sales_pipeline_dag.py
[2026-04-21T18:29:10.724+0000] {processor.py:830} INFO - Processing file /opt/airflow/dags/sales_pipeline_dag.py for tasks to queue
[2026-04-21T18:29:10.726+0000] {logging_mixin.py:188} INFO - [2026-04-21T18:29:10.725+0000] {dagbag.py:538} INFO - Filling up the DagBag from /opt/airflow/dags/sales_pipeline_dag.py
[2026-04-21T18:29:11.733+0000] {processor.py:840} INFO - DAG(s) 'sales_pipeline' retrieved from /opt/airflow/dags/sales_pipeline_dag.py
[2026-04-21T18:29:11.773+0000] {logging_mixin.py:188} INFO - [2026-04-21T18:29:11.770+0000] {dag.py:3036} INFO - Sync 1 DAGs
[2026-04-21T18:29:11.810+0000] {logging_mixin.py:188} INFO - [2026-04-21T18:29:11.810+0000] {dag.py:3823} INFO - Setting next_dagrun for sales_pipeline to 2026-04-21 00:00:00+00:00, run_after=2026-04-22 00:00:00+00:00
[2026-04-21T18:29:11.845+0000] {processor.py:183} INFO - Processing /opt/airflow/dags/sales_pipeline_dag.py took 1.128 seconds
[2026-04-21T18:29:42.390+0000] {processor.py:161} INFO - Started process (PID=239) to work on /opt/airflow/dags/sales_pipeline_dag.py
[2026-04-21T18:29:42.392+0000] {processor.py:830} INFO - Processing file /opt/airflow/dags/sales_pipeline_dag.py for tasks to queue
[2026-04-21T18:29:42.394+0000] {logging_mixin.py:188} INFO - [2026-04-21T18:29:42.394+0000] {dagbag.py:538} INFO - Filling up the DagBag from /opt/airflow/dags/sales_pipeline_dag.py
[2026-04-21T18:29:43.586+0000] {processor.py:840} INFO - DAG(s) 'sales_pipeline' retrieved from /opt/airflow/dags/sales_pipeline_dag.py
[2026-04-21T18:29:43.633+0000] {logging_mixin.py:188} INFO - [2026-04-21T18:29:43.630+0000] {dag.py:3036} INFO - Sync 1 DAGs
[2026-04-21T18:29:43.671+0000] {logging_mixin.py:188} INFO - [2026-04-21T18:29:43.671+0000] {dag.py:3823} INFO - Setting next_dagrun for sales_pipeline to 2026-04-21 00:00:00+00:00, run_after=2026-04-22 00:00:00+00:00
[2026-04-21T18:29:43.712+0000] {processor.py:183} INFO - Processing /opt/airflow/dags/sales_pipeline_dag.py took 1.327 seconds
[2026-04-21T18:30:14.536+0000] {processor.py:161} INFO - Started process (PID=245) to work on /opt/airflow/dags/sales_pipeline_dag.py
[2026-04-21T18:30:14.539+0000] {processor.py:830} INFO - Processing file /opt/airflow/dags/sales_pipeline_dag.py for tasks to queue
[2026-04-21T18:30:14.542+0000] {logging_mixin.py:188} INFO - [2026-04-21T18:30:14.541+0000] {dagbag.py:538} INFO - Filling up the DagBag from /opt/airflow/dags/sales_pipeline_dag.py
[2026-04-21T18:30:15.757+0000] {processor.py:840} INFO - DAG(s) 'sales_pipeline' retrieved from /opt/airflow/dags/sales_pipeline_dag.py
[2026-04-21T18:30:15.838+0000] {logging_mixin.py:188} INFO - [2026-04-21T18:30:15.837+0000] {dag.py:3036} INFO - Sync 1 DAGs
[2026-04-21T18:30:15.920+0000] {logging_mixin.py:188} INFO - [2026-04-21T18:30:15.919+0000] {dag.py:3823} INFO - Setting next_dagrun for sales_pipeline to 2026-04-21 00:00:00+00:00, run_after=2026-04-22 00:00:00+00:00
[2026-04-21T18:30:15.979+0000] {processor.py:183} INFO - Processing /opt/airflow/dags/sales_pipeline_dag.py took 1.448 seconds
[2026-04-21T18:30:46.530+0000] {processor.py:161} INFO - Started process (PID=251) to work on /opt/airflow/dags/sales_pipeline_dag.py
[2026-04-21T18:30:46.532+0000] {processor.py:830} INFO - Processing file /opt/airflow/dags/sales_pipeline_dag.py for tasks to queue
[2026-04-21T18:30:46.534+0000] {logging_mixin.py:188} INFO - [2026-04-21T18:30:46.534+0000] {dagbag.py:538} INFO - Filling up the DagBag from /opt/airflow/dags/sales_pipeline_dag.py
[2026-04-21T18:30:47.657+0000] {processor.py:840} INFO - DAG(s) 'sales_pipeline' retrieved from /opt/airflow/dags/sales_pipeline_dag.py
[2026-04-21T18:30:47.699+0000] {logging_mixin.py:188} INFO - [2026-04-21T18:30:47.698+0000] {dag.py:3036} INFO - Sync 1 DAGs
[2026-04-21T18:30:47.744+0000] {logging_mixin.py:188} INFO - [2026-04-21T18:30:47.743+0000] {dag.py:3823} INFO - Setting next_dagrun for sales_pipeline to 2026-04-21 00:00:00+00:00, run_after=2026-04-22 00:00:00+00:00
[2026-04-21T18:30:47.782+0000] {processor.py:183} INFO - Processing /opt/airflow/dags/sales_pipeline_dag.py took 1.257 seconds
[2026-04-21T18:31:17.919+0000] {processor.py:161} INFO - Started process (PID=257) to work on /opt/airflow/dags/sales_pipeline_dag.py
[2026-04-21T18:31:17.921+0000] {processor.py:830} INFO - Processing file /opt/airflow/dags/sales_pipeline_dag.py for tasks to queue
[2026-04-21T18:31:17.923+0000] {logging_mixin.py:188} INFO - [2026-04-21T18:31:17.923+0000] {dagbag.py:538} INFO - Filling up the DagBag from /opt/airflow/dags/sales_pipeline_dag.py
[2026-04-21T18:31:19.108+0000] {processor.py:840} INFO - DAG(s) 'sales_pipeline' retrieved from /opt/airflow/dags/sales_pipeline_dag.py
[2026-04-21T18:31:19.178+0000] {logging_mixin.py:188} INFO - [2026-04-21T18:31:19.177+0000] {dag.py:3036} INFO - Sync 1 DAGs
[2026-04-21T18:31:19.234+0000] {logging_mixin.py:188} INFO - [2026-04-21T18:31:19.234+0000] {dag.py:3823} INFO - Setting next_dagrun for sales_pipeline to 2026-04-21 00:00:00+00:00, run_after=2026-04-22 00:00:00+00:00
[2026-04-21T18:31:19.285+0000] {processor.py:183} INFO - Processing /opt/airflow/dags/sales_pipeline_dag.py took 1.371 seconds
[2026-04-21T18:31:49.529+0000] {processor.py:161} INFO - Started process (PID=263) to work on /opt/airflow/dags/sales_pipeline_dag.py
[2026-04-21T18:31:49.533+0000] {processor.py:830} INFO - Processing file /opt/airflow/dags/sales_pipeline_dag.py for tasks to queue
[2026-04-21T18:31:49.536+0000] {logging_mixin.py:188} INFO - [2026-04-21T18:31:49.536+0000] {dagbag.py:538} INFO - Filling up the DagBag from /opt/airflow/dags/sales_pipeline_dag.py
[2026-04-21T18:31:51.004+0000] {processor.py:840} INFO - DAG(s) 'sales_pipeline' retrieved from /opt/airflow/dags/sales_pipeline_dag.py
[2026-04-21T18:31:51.045+0000] {logging_mixin.py:188} INFO - [2026-04-21T18:31:51.044+0000] {dag.py:3036} INFO - Sync 1 DAGs
[2026-04-21T18:31:51.082+0000] {logging_mixin.py:188} INFO - [2026-04-21T18:31:51.082+0000] {dag.py:3823} INFO - Setting next_dagrun for sales_pipeline to 2026-04-21 00:00:00+00:00, run_after=2026-04-22 00:00:00+00:00
[2026-04-21T18:31:51.114+0000] {processor.py:183} INFO - Processing /opt/airflow/dags/sales_pipeline_dag.py took 1.591 seconds
[2026-04-21T18:32:21.502+0000] {processor.py:161} INFO - Started process (PID=269) to work on /opt/airflow/dags/sales_pipeline_dag.py
[2026-04-21T18:32:21.505+0000] {processor.py:830} INFO - Processing file /opt/airflow/dags/sales_pipeline_dag.py for tasks to queue
[2026-04-21T18:32:21.507+0000] {logging_mixin.py:188} INFO - [2026-04-21T18:32:21.506+0000] {dagbag.py:538} INFO - Filling up the DagBag from /opt/airflow/dags/sales_pipeline_dag.py
[2026-04-21T18:32:22.666+0000] {processor.py:840} INFO - DAG(s) 'sales_pipeline' retrieved from /opt/airflow/dags/sales_pipeline_dag.py
[2026-04-21T18:32:22.713+0000] {logging_mixin.py:188} INFO - [2026-04-21T18:32:22.712+0000] {dag.py:3036} INFO - Sync 1 DAGs
[2026-04-21T18:32:22.755+0000] {logging_mixin.py:188} INFO - [2026-04-21T18:32:22.754+0000] {dag.py:3823} INFO - Setting next_dagrun for sales_pipeline to 2026-04-21 00:00:00+00:00, run_after=2026-04-22 00:00:00+00:00
[2026-04-21T18:32:22.797+0000] {processor.py:183} INFO - Processing /opt/airflow/dags/sales_pipeline_dag.py took 1.302 seconds
[2026-04-21T18:32:53.130+0000] {processor.py:161} INFO - Started process (PID=275) to work on /opt/airflow/dags/sales_pipeline_dag.py
[2026-04-21T18:32:53.133+0000] {processor.py:830} INFO - Processing file /opt/airflow/dags/sales_pipeline_dag.py for tasks to queue
[2026-04-21T18:32:53.136+0000] {logging_mixin.py:188} INFO - [2026-04-21T18:32:53.135+0000] {dagbag.py:538} INFO - Filling up the DagBag from /opt/airflow/dags/sales_pipeline_dag.py
[2026-04-21T18:32:54.228+0000] {processor.py:840} INFO - DAG(s) 'sales_pipeline' retrieved from /opt/airflow/dags/sales_pipeline_dag.py
[2026-04-21T18:32:54.281+0000] {logging_mixin.py:188} INFO - [2026-04-21T18:32:54.280+0000] {dag.py:3036} INFO - Sync 1 DAGs
[2026-04-21T18:32:54.327+0000] {logging_mixin.py:188} INFO - [2026-04-21T18:32:54.327+0000] {dag.py:3823} INFO - Setting next_dagrun for sales_pipeline to 2026-04-21 00:00:00+00:00, run_after=2026-04-22 00:00:00+00:00
[2026-04-21T18:32:54.406+0000] {processor.py:183} INFO - Processing /opt/airflow/dags/sales_pipeline_dag.py took 1.282 seconds
[2026-04-21T18:33:24.845+0000] {processor.py:161} INFO - Started process (PID=281) to work on /opt/airflow/dags/sales_pipeline_dag.py
[2026-04-21T18:33:24.847+0000] {processor.py:830} INFO - Processing file /opt/airflow/dags/sales_pipeline_dag.py for tasks to queue
[2026-04-21T18:33:24.850+0000] {logging_mixin.py:188} INFO - [2026-04-21T18:33:24.849+0000] {dagbag.py:538} INFO - Filling up the DagBag from /opt/airflow/dags/sales_pipeline_dag.py
[2026-04-21T18:33:26.040+0000] {processor.py:840} INFO - DAG(s) 'sales_pipeline' retrieved from /opt/airflow/dags/sales_pipeline_dag.py
[2026-04-21T18:33:26.094+0000] {logging_mixin.py:188} INFO - [2026-04-21T18:33:26.093+0000] {dag.py:3036} INFO - Sync 1 DAGs
[2026-04-21T18:33:26.133+0000] {logging_mixin.py:188} INFO - [2026-04-21T18:33:26.133+0000] {dag.py:3823} INFO - Setting next_dagrun for sales_pipeline to 2026-04-21 00:00:00+00:00, run_after=2026-04-22 00:00:00+00:00
[2026-04-21T18:33:26.176+0000] {processor.py:183} INFO - Processing /opt/airflow/dags/sales_pipeline_dag.py took 1.337 seconds
[2026-04-21T18:33:56.755+0000] {processor.py:161} INFO - Started process (PID=287) to work on /opt/airflow/dags/sales_pipeline_dag.py
[2026-04-21T18:33:56.757+0000] {processor.py:830} INFO - Processing file /opt/airflow/dags/sales_pipeline_dag.py for tasks to queue
[2026-04-21T18:33:56.759+0000] {logging_mixin.py:188} INFO - [2026-04-21T18:33:56.759+0000] {dagbag.py:538} INFO - Filling up the DagBag from /opt/airflow/dags/sales_pipeline_dag.py
[2026-04-21T18:33:58.180+0000] {processor.py:840} INFO - DAG(s) 'sales_pipeline' retrieved from /opt/airflow/dags/sales_pipeline_dag.py
[2026-04-21T18:33:58.235+0000] {logging_mixin.py:188} INFO - [2026-04-21T18:33:58.234+0000] {dag.py:3036} INFO - Sync 1 DAGs
[2026-04-21T18:33:58.276+0000] {logging_mixin.py:188} INFO - [2026-04-21T18:33:58.276+0000] {dag.py:3823} INFO - Setting next_dagrun for sales_pipeline to 2026-04-21 00:00:00+00:00, run_after=2026-04-22 00:00:00+00:00
[2026-04-21T18:33:58.330+0000] {processor.py:183} INFO - Processing /opt/airflow/dags/sales_pipeline_dag.py took 1.580 seconds
[2026-04-21T18:34:28.638+0000] {processor.py:161} INFO - Started process (PID=293) to work on /opt/airflow/dags/sales_pipeline_dag.py
[2026-04-21T18:34:28.640+0000] {processor.py:830} INFO - Processing file /opt/airflow/dags/sales_pipeline_dag.py for tasks to queue
[2026-04-21T18:34:28.642+0000] {logging_mixin.py:188} INFO - [2026-04-21T18:34:28.641+0000] {dagbag.py:538} INFO - Filling up the DagBag from /opt/airflow/dags/sales_pipeline_dag.py
[2026-04-21T18:34:29.970+0000] {processor.py:840} INFO - DAG(s) 'sales_pipeline' retrieved from /opt/airflow/dags/sales_pipeline_dag.py
[2026-04-21T18:34:30.026+0000] {logging_mixin.py:188} INFO - [2026-04-21T18:34:30.023+0000] {dag.py:3036} INFO - Sync 1 DAGs
[2026-04-21T18:34:30.078+0000] {logging_mixin.py:188} INFO - [2026-04-21T18:34:30.078+0000] {dag.py:3823} INFO - Setting next_dagrun for sales_pipeline to 2026-04-21 00:00:00+00:00, run_after=2026-04-22 00:00:00+00:00
[2026-04-21T18:34:30.126+0000] {processor.py:183} INFO - Processing /opt/airflow/dags/sales_pipeline_dag.py took 1.493 seconds
[2026-04-21T18:35:00.629+0000] {processor.py:161} INFO - Started process (PID=299) to work on /opt/airflow/dags/sales_pipeline_dag.py
[2026-04-21T18:35:00.631+0000] {processor.py:830} INFO - Processing file /opt/airflow/dags/sales_pipeline_dag.py for tasks to queue
[2026-04-21T18:35:00.634+0000] {logging_mixin.py:188} INFO - [2026-04-21T18:35:00.633+0000] {dagbag.py:538} INFO - Filling up the DagBag from /opt/airflow/dags/sales_pipeline_dag.py
[2026-04-21T18:35:01.899+0000] {processor.py:840} INFO - DAG(s) 'sales_pipeline' retrieved from /opt/airflow/dags/sales_pipeline_dag.py
[2026-04-21T18:35:01.942+0000] {logging_mixin.py:188} INFO - [2026-04-21T18:35:01.941+0000] {dag.py:3036} INFO - Sync 1 DAGs
[2026-04-21T18:35:01.983+0000] {logging_mixin.py:188} INFO - [2026-04-21T18:35:01.983+0000] {dag.py:3823} INFO - Setting next_dagrun for sales_pipeline to 2026-04-21 00:00:00+00:00, run_after=2026-04-22 00:00:00+00:00
[2026-04-21T18:35:02.016+0000] {processor.py:183} INFO - Processing /opt/airflow/dags/sales_pipeline_dag.py took 1.393 seconds
[2026-04-21T18:35:32.290+0000] {processor.py:161} INFO - Started process (PID=305) to work on /opt/airflow/dags/sales_pipeline_dag.py
[2026-04-21T18:35:32.293+0000] {processor.py:830} INFO - Processing file /opt/airflow/dags/sales_pipeline_dag.py for tasks to queue
[2026-04-21T18:35:32.297+0000] {logging_mixin.py:188} INFO - [2026-04-21T18:35:32.296+0000] {dagbag.py:538} INFO - Filling up the DagBag from /opt/airflow/dags/sales_pipeline_dag.py
[2026-04-21T18:35:33.828+0000] {processor.py:840} INFO - DAG(s) 'sales_pipeline' retrieved from /opt/airflow/dags/sales_pipeline_dag.py
[2026-04-21T18:35:33.894+0000] {logging_mixin.py:188} INFO - [2026-04-21T18:35:33.893+0000] {dag.py:3036} INFO - Sync 1 DAGs
[2026-04-21T18:35:33.946+0000] {logging_mixin.py:188} INFO - [2026-04-21T18:35:33.946+0000] {dag.py:3823} INFO - Setting next_dagrun for sales_pipeline to 2026-04-21 00:00:00+00:00, run_after=2026-04-22 00:00:00+00:00
[2026-04-21T18:35:34.021+0000] {processor.py:183} INFO - Processing /opt/airflow/dags/sales_pipeline_dag.py took 1.742 seconds
[2026-04-21T18:36:04.594+0000] {processor.py:161} INFO - Started process (PID=311) to work on /opt/airflow/dags/sales_pipeline_dag.py
[2026-04-21T18:36:04.596+0000] {processor.py:830} INFO - Processing file /opt/airflow/dags/sales_pipeline_dag.py for tasks to queue
[2026-04-21T18:36:04.598+0000] {logging_mixin.py:188} INFO - [2026-04-21T18:36:04.597+0000] {dagbag.py:538} INFO - Filling up the DagBag from /opt/airflow/dags/sales_pipeline_dag.py
[2026-04-21T18:36:06.356+0000] {processor.py:840} INFO - DAG(s) 'sales_pipeline' retrieved from /opt/airflow/dags/sales_pipeline_dag.py
[2026-04-21T18:36:06.407+0000] {logging_mixin.py:188} INFO - [2026-04-21T18:36:06.405+0000] {dag.py:3036} INFO - Sync 1 DAGs
[2026-04-21T18:36:06.448+0000] {logging_mixin.py:188} INFO - [2026-04-21T18:36:06.447+0000] {dag.py:3823} INFO - Setting next_dagrun for sales_pipeline to 2026-04-21 00:00:00+00:00, run_after=2026-04-22 00:00:00+00:00
[2026-04-21T18:36:06.494+0000] {processor.py:183} INFO - Processing /opt/airflow/dags/sales_pipeline_dag.py took 1.906 seconds
[2026-04-21T18:36:36.789+0000] {processor.py:161} INFO - Started process (PID=317) to work on /opt/airflow/dags/sales_pipeline_dag.py
[2026-04-21T18:36:36.792+0000] {processor.py:830} INFO - Processing file /opt/airflow/dags/sales_pipeline_dag.py for tasks to queue
[2026-04-21T18:36:36.794+0000] {logging_mixin.py:188} INFO - [2026-04-21T18:36:36.794+0000] {dagbag.py:538} INFO - Filling up the DagBag from /opt/airflow/dags/sales_pipeline_dag.py
[2026-04-21T18:36:39.153+0000] {processor.py:840} INFO - DAG(s) 'sales_pipeline' retrieved from /opt/airflow/dags/sales_pipeline_dag.py
[2026-04-21T18:36:39.200+0000] {logging_mixin.py:188} INFO - [2026-04-21T18:36:39.199+0000] {dag.py:3036} INFO - Sync 1 DAGs
[2026-04-21T18:36:39.240+0000] {logging_mixin.py:188} INFO - [2026-04-21T18:36:39.240+0000] {dag.py:3823} INFO - Setting next_dagrun for sales_pipeline to 2026-04-21 00:00:00+00:00, run_after=2026-04-22 00:00:00+00:00
[2026-04-21T18:36:39.307+0000] {processor.py:183} INFO - Processing /opt/airflow/dags/sales_pipeline_dag.py took 2.524 seconds
[2026-04-21T18:37:09.637+0000] {processor.py:161} INFO - Started process (PID=323) to work on /opt/airflow/dags/sales_pipeline_dag.py
[2026-04-21T18:37:09.639+0000] {processor.py:830} INFO - Processing file /opt/airflow/dags/sales_pipeline_dag.py for tasks to queue
[2026-04-21T18:37:09.641+0000] {logging_mixin.py:188} INFO - [2026-04-21T18:37:09.641+0000] {dagbag.py:538} INFO - Filling up the DagBag from /opt/airflow/dags/sales_pipeline_dag.py
[2026-04-21T18:37:10.667+0000] {processor.py:840} INFO - DAG(s) 'sales_pipeline' retrieved from /opt/airflow/dags/sales_pipeline_dag.py
[2026-04-21T18:37:10.724+0000] {logging_mixin.py:188} INFO - [2026-04-21T18:37:10.719+0000] {dag.py:3036} INFO - Sync 1 DAGs
[2026-04-21T18:37:10.783+0000] {logging_mixin.py:188} INFO - [2026-04-21T18:37:10.782+0000] {dag.py:3823} INFO - Setting next_dagrun for sales_pipeline to 2026-04-21 00:00:00+00:00, run_after=2026-04-22 00:00:00+00:00
[2026-04-21T18:37:11.824+0000] {processor.py:183} INFO - Processing /opt/airflow/dags/sales_pipeline_dag.py took 2.191 seconds
[2026-04-21T18:37:41.968+0000] {processor.py:161} INFO - Started process (PID=329) to work on /opt/airflow/dags/sales_pipeline_dag.py
[2026-04-21T18:37:41.969+0000] {processor.py:830} INFO - Processing file /opt/airflow/dags/sales_pipeline_dag.py for tasks to queue
[2026-04-21T18:37:41.971+0000] {logging_mixin.py:188} INFO - [2026-04-21T18:37:41.971+0000] {dagbag.py:538} INFO - Filling up the DagBag from /opt/airflow/dags/sales_pipeline_dag.py
[2026-04-21T18:37:42.913+0000] {processor.py:840} INFO - DAG(s) 'sales_pipeline' retrieved from /opt/airflow/dags/sales_pipeline_dag.py
[2026-04-21T18:37:42.960+0000] {logging_mixin.py:188} INFO - [2026-04-21T18:37:42.959+0000] {dag.py:3036} INFO - Sync 1 DAGs
[2026-04-21T18:37:42.995+0000] {logging_mixin.py:188} INFO - [2026-04-21T18:37:42.994+0000] {dag.py:3823} INFO - Setting next_dagrun for sales_pipeline to 2026-04-21 00:00:00+00:00, run_after=2026-04-22 00:00:00+00:00
[2026-04-21T18:37:43.053+0000] {processor.py:183} INFO - Processing /opt/airflow/dags/sales_pipeline_dag.py took 1.090 seconds
[2026-04-21T18:38:13.220+0000] {processor.py:161} INFO - Started process (PID=340) to work on /opt/airflow/dags/sales_pipeline_dag.py
[2026-04-21T18:38:13.251+0000] {processor.py:830} INFO - Processing file /opt/airflow/dags/sales_pipeline_dag.py for tasks to queue
[2026-04-21T18:38:13.253+0000] {logging_mixin.py:188} INFO - [2026-04-21T18:38:13.252+0000] {dagbag.py:538} INFO - Filling up the DagBag from /opt/airflow/dags/sales_pipeline_dag.py
[2026-04-21T18:38:14.550+0000] {processor.py:840} INFO - DAG(s) 'sales_pipeline' retrieved from /opt/airflow/dags/sales_pipeline_dag.py
[2026-04-21T18:38:14.603+0000] {logging_mixin.py:188} INFO - [2026-04-21T18:38:14.601+0000] {dag.py:3036} INFO - Sync 1 DAGs
[2026-04-21T18:38:14.647+0000] {logging_mixin.py:188} INFO - [2026-04-21T18:38:14.647+0000] {dag.py:3823} INFO - Setting next_dagrun for sales_pipeline to 2026-04-21 00:00:00+00:00, run_after=2026-04-22 00:00:00+00:00
[2026-04-21T18:38:14.686+0000] {processor.py:183} INFO - Processing /opt/airflow/dags/sales_pipeline_dag.py took 1.471 seconds
[2026-04-21T18:38:44.863+0000] {processor.py:161} INFO - Started process (PID=366) to work on /opt/airflow/dags/sales_pipeline_dag.py
[2026-04-21T18:38:44.865+0000] {processor.py:830} INFO - Processing file /opt/airflow/dags/sales_pipeline_dag.py for tasks to queue
[2026-04-21T18:38:44.867+0000] {logging_mixin.py:188} INFO - [2026-04-21T18:38:44.867+0000] {dagbag.py:538} INFO - Filling up the DagBag from /opt/airflow/dags/sales_pipeline_dag.py
[2026-04-21T18:38:46.117+0000] {processor.py:840} INFO - DAG(s) 'sales_pipeline' retrieved from /opt/airflow/dags/sales_pipeline_dag.py
[2026-04-21T18:38:46.157+0000] {logging_mixin.py:188} INFO - [2026-04-21T18:38:46.156+0000] {dag.py:3036} INFO - Sync 1 DAGs
[2026-04-21T18:38:46.191+0000] {logging_mixin.py:188} INFO - [2026-04-21T18:38:46.190+0000] {dag.py:3823} INFO - Setting next_dagrun for sales_pipeline to 2026-04-21 00:00:00+00:00, run_after=2026-04-22 00:00:00+00:00
[2026-04-21T18:38:46.370+0000] {processor.py:183} INFO - Processing /opt/airflow/dags/sales_pipeline_dag.py took 1.513 seconds
[2026-04-21T18:39:17.224+0000] {processor.py:161} INFO - Started process (PID=381) to work on /opt/airflow/dags/sales_pipeline_dag.py
[2026-04-21T18:39:17.226+0000] {processor.py:830} INFO - Processing file /opt/airflow/dags/sales_pipeline_dag.py for tasks to queue
[2026-04-21T18:39:17.228+0000] {logging_mixin.py:188} INFO - [2026-04-21T18:39:17.227+0000] {dagbag.py:538} INFO - Filling up the DagBag from /opt/airflow/dags/sales_pipeline_dag.py
[2026-04-21T18:39:18.863+0000] {processor.py:840} INFO - DAG(s) 'sales_pipeline' retrieved from /opt/airflow/dags/sales_pipeline_dag.py
[2026-04-21T18:39:18.937+0000] {logging_mixin.py:188} INFO - [2026-04-21T18:39:18.936+0000] {dag.py:3036} INFO - Sync 1 DAGs
[2026-04-21T18:39:18.993+0000] {logging_mixin.py:188} INFO - [2026-04-21T18:39:18.993+0000] {dag.py:3823} INFO - Setting next_dagrun for sales_pipeline to 2026-04-21 00:00:00+00:00, run_after=2026-04-22 00:00:00+00:00
[2026-04-21T18:39:19.098+0000] {processor.py:183} INFO - Processing /opt/airflow/dags/sales_pipeline_dag.py took 1.878 seconds
[2026-04-21T18:39:49.692+0000] {processor.py:161} INFO - Started process (PID=396) to work on /opt/airflow/dags/sales_pipeline_dag.py
[2026-04-21T18:39:49.694+0000] {processor.py:830} INFO - Processing file /opt/airflow/dags/sales_pipeline_dag.py for tasks to queue
[2026-04-21T18:39:49.697+0000] {logging_mixin.py:188} INFO - [2026-04-21T18:39:49.696+0000] {dagbag.py:538} INFO - Filling up the DagBag from /opt/airflow/dags/sales_pipeline_dag.py
[2026-04-21T18:39:51.240+0000] {processor.py:840} INFO - DAG(s) 'sales_pipeline' retrieved from /opt/airflow/dags/sales_pipeline_dag.py
[2026-04-21T18:39:51.298+0000] {logging_mixin.py:188} INFO - [2026-04-21T18:39:51.294+0000] {dag.py:3036} INFO - Sync 1 DAGs
[2026-04-21T18:39:51.349+0000] {logging_mixin.py:188} INFO - [2026-04-21T18:39:51.349+0000] {dag.py:3823} INFO - Setting next_dagrun for sales_pipeline to 2026-04-21 00:00:00+00:00, run_after=2026-04-22 00:00:00+00:00
[2026-04-21T18:39:51.405+0000] {processor.py:183} INFO - Processing /opt/airflow/dags/sales_pipeline_dag.py took 1.717 seconds
[2026-04-21T18:40:22.431+0000] {processor.py:161} INFO - Started process (PID=410) to work on /opt/airflow/dags/sales_pipeline_dag.py
[2026-04-21T18:40:22.433+0000] {processor.py:830} INFO - Processing file /opt/airflow/dags/sales_pipeline_dag.py for tasks to queue
[2026-04-21T18:40:22.436+0000] {logging_mixin.py:188} INFO - [2026-04-21T18:40:22.435+0000] {dagbag.py:538} INFO - Filling up the DagBag from /opt/airflow/dags/sales_pipeline_dag.py
[2026-04-21T18:40:21.230+0000] {processor.py:840} INFO - DAG(s) 'sales_pipeline' retrieved from /opt/airflow/dags/sales_pipeline_dag.py
[2026-04-21T18:40:21.283+0000] {logging_mixin.py:188} INFO - [2026-04-21T18:40:21.283+0000] {dag.py:3036} INFO - Sync 1 DAGs
[2026-04-21T18:40:21.331+0000] {logging_mixin.py:188} INFO - [2026-04-21T18:40:21.330+0000] {dag.py:3823} INFO - Setting next_dagrun for sales_pipeline to 2026-04-21 00:00:00+00:00, run_after=2026-04-22 00:00:00+00:00
[2026-04-21T18:40:21.458+0000] {processor.py:183} INFO - Processing /opt/airflow/dags/sales_pipeline_dag.py took 1.483 seconds
[2026-04-21T18:40:51.805+0000] {processor.py:161} INFO - Started process (PID=423) to work on /opt/airflow/dags/sales_pipeline_dag.py
[2026-04-21T18:40:51.807+0000] {processor.py:830} INFO - Processing file /opt/airflow/dags/sales_pipeline_dag.py for tasks to queue
[2026-04-21T18:40:51.811+0000] {logging_mixin.py:188} INFO - [2026-04-21T18:40:51.810+0000] {dagbag.py:538} INFO - Filling up the DagBag from /opt/airflow/dags/sales_pipeline_dag.py
[2026-04-21T18:40:53.070+0000] {processor.py:840} INFO - DAG(s) 'sales_pipeline' retrieved from /opt/airflow/dags/sales_pipeline_dag.py
[2026-04-21T18:40:53.123+0000] {logging_mixin.py:188} INFO - [2026-04-21T18:40:53.122+0000] {dag.py:3036} INFO - Sync 1 DAGs
[2026-04-21T18:40:53.176+0000] {logging_mixin.py:188} INFO - [2026-04-21T18:40:53.175+0000] {dag.py:3823} INFO - Setting next_dagrun for sales_pipeline to 2026-04-21 00:00:00+00:00, run_after=2026-04-22 00:00:00+00:00
[2026-04-21T18:40:53.219+0000] {processor.py:183} INFO - Processing /opt/airflow/dags/sales_pipeline_dag.py took 1.419 seconds
[2026-04-21T18:41:23.599+0000] {processor.py:161} INFO - Started process (PID=434) to work on /opt/airflow/dags/sales_pipeline_dag.py
[2026-04-21T18:41:23.601+0000] {processor.py:830} INFO - Processing file /opt/airflow/dags/sales_pipeline_dag.py for tasks to queue
[2026-04-21T18:41:23.603+0000] {logging_mixin.py:188} INFO - [2026-04-21T18:41:23.602+0000] {dagbag.py:538} INFO - Filling up the DagBag from /opt/airflow/dags/sales_pipeline_dag.py
[2026-04-21T18:41:24.692+0000] {processor.py:840} INFO - DAG(s) 'sales_pipeline' retrieved from /opt/airflow/dags/sales_pipeline_dag.py
[2026-04-21T18:41:24.736+0000] {logging_mixin.py:188} INFO - [2026-04-21T18:41:24.735+0000] {dag.py:3036} INFO - Sync 1 DAGs
[2026-04-21T18:41:24.772+0000] {logging_mixin.py:188} INFO - [2026-04-21T18:41:24.771+0000] {dag.py:3823} INFO - Setting next_dagrun for sales_pipeline to 2026-04-21 00:00:00+00:00, run_after=2026-04-22 00:00:00+00:00
[2026-04-21T18:41:24.821+0000] {processor.py:183} INFO - Processing /opt/airflow/dags/sales_pipeline_dag.py took 1.227 seconds
[2026-04-21T18:41:55.471+0000] {processor.py:161} INFO - Started process (PID=445) to work on /opt/airflow/dags/sales_pipeline_dag.py
[2026-04-21T18:41:55.473+0000] {processor.py:830} INFO - Processing file /opt/airflow/dags/sales_pipeline_dag.py for tasks to queue
[2026-04-21T18:41:55.475+0000] {logging_mixin.py:188} INFO - [2026-04-21T18:41:55.474+0000] {dagbag.py:538} INFO - Filling up the DagBag from /opt/airflow/dags/sales_pipeline_dag.py
[2026-04-21T18:41:56.773+0000] {processor.py:840} INFO - DAG(s) 'sales_pipeline' retrieved from /opt/airflow/dags/sales_pipeline_dag.py
[2026-04-21T18:41:56.831+0000] {logging_mixin.py:188} INFO - [2026-04-21T18:41:56.830+0000] {dag.py:3036} INFO - Sync 1 DAGs
[2026-04-21T18:41:56.896+0000] {logging_mixin.py:188} INFO - [2026-04-21T18:41:56.896+0000] {dag.py:3823} INFO - Setting next_dagrun for sales_pipeline to 2026-04-21 00:00:00+00:00, run_after=2026-04-22 00:00:00+00:00
[2026-04-21T18:41:56.960+0000] {processor.py:183} INFO - Processing /opt/airflow/dags/sales_pipeline_dag.py took 1.495 seconds
[2026-04-21T18:42:27.334+0000] {processor.py:161} INFO - Started process (PID=456) to work on /opt/airflow/dags/sales_pipeline_dag.py
[2026-04-21T18:42:27.336+0000] {processor.py:830} INFO - Processing file /opt/airflow/dags/sales_pipeline_dag.py for tasks to queue
[2026-04-21T18:42:27.345+0000] {logging_mixin.py:188} INFO - [2026-04-21T18:42:27.344+0000] {dagbag.py:538} INFO - Filling up the DagBag from /opt/airflow/dags/sales_pipeline_dag.py
[2026-04-21T18:42:28.893+0000] {processor.py:840} INFO - DAG(s) 'sales_pipeline' retrieved from /opt/airflow/dags/sales_pipeline_dag.py
[2026-04-21T18:42:28.938+0000] {logging_mixin.py:188} INFO - [2026-04-21T18:42:28.937+0000] {dag.py:3036} INFO - Sync 1 DAGs
[2026-04-21T18:42:28.986+0000] {logging_mixin.py:188} INFO - [2026-04-21T18:42:28.985+0000] {dag.py:3823} INFO - Setting next_dagrun for sales_pipeline to 2026-04-21 00:00:00+00:00, run_after=2026-04-22 00:00:00+00:00
[2026-04-21T18:42:29.025+0000] {processor.py:183} INFO - Processing /opt/airflow/dags/sales_pipeline_dag.py took 1.697 seconds
[2026-04-21T18:42:59.878+0000] {processor.py:161} INFO - Started process (PID=492) to work on /opt/airflow/dags/sales_pipeline_dag.py
[2026-04-21T18:42:59.880+0000] {processor.py:830} INFO - Processing file /opt/airflow/dags/sales_pipeline_dag.py for tasks to queue
[2026-04-21T18:42:59.884+0000] {logging_mixin.py:188} INFO - [2026-04-21T18:42:59.883+0000] {dagbag.py:538} INFO - Filling up the DagBag from /opt/airflow/dags/sales_pipeline_dag.py
[2026-04-21T18:43:01.237+0000] {processor.py:840} INFO - DAG(s) 'sales_pipeline' retrieved from /opt/airflow/dags/sales_pipeline_dag.py
[2026-04-21T18:43:01.296+0000] {logging_mixin.py:188} INFO - [2026-04-21T18:43:01.295+0000] {dag.py:3036} INFO - Sync 1 DAGs
[2026-04-21T18:43:01.347+0000] {logging_mixin.py:188} INFO - [2026-04-21T18:43:01.346+0000] {dag.py:3823} INFO - Setting next_dagrun for sales_pipeline to 2026-04-21 00:00:00+00:00, run_after=2026-04-22 00:00:00+00:00
[2026-04-21T18:43:01.390+0000] {processor.py:183} INFO - Processing /opt/airflow/dags/sales_pipeline_dag.py took 1.521 seconds
[2026-04-21T18:43:31.599+0000] {processor.py:161} INFO - Started process (PID=503) to work on /opt/airflow/dags/sales_pipeline_dag.py
[2026-04-21T18:43:31.601+0000] {processor.py:830} INFO - Processing file /opt/airflow/dags/sales_pipeline_dag.py for tasks to queue
[2026-04-21T18:43:31.603+0000] {logging_mixin.py:188} INFO - [2026-04-21T18:43:31.602+0000] {dagbag.py:538} INFO - Filling up the DagBag from /opt/airflow/dags/sales_pipeline_dag.py
[2026-04-21T18:43:32.961+0000] {processor.py:840} INFO - DAG(s) 'sales_pipeline' retrieved from /opt/airflow/dags/sales_pipeline_dag.py
[2026-04-21T18:43:33.020+0000] {logging_mixin.py:188} INFO - [2026-04-21T18:43:33.018+0000] {dag.py:3036} INFO - Sync 1 DAGs
[2026-04-21T18:43:33.071+0000] {logging_mixin.py:188} INFO - [2026-04-21T18:43:33.071+0000] {dag.py:3823} INFO - Setting next_dagrun for sales_pipeline to 2026-04-21 00:00:00+00:00, run_after=2026-04-22 00:00:00+00:00
[2026-04-21T18:43:33.143+0000] {processor.py:183} INFO - Processing /opt/airflow/dags/sales_pipeline_dag.py took 1.549 seconds
[2026-04-21T18:44:03.424+0000] {processor.py:161} INFO - Started process (PID=537) to work on /opt/airflow/dags/sales_pipeline_dag.py
[2026-04-21T18:44:03.426+0000] {processor.py:830} INFO - Processing file /opt/airflow/dags/sales_pipeline_dag.py for tasks to queue
[2026-04-21T18:44:03.429+0000] {logging_mixin.py:188} INFO - [2026-04-21T18:44:03.429+0000] {dagbag.py:538} INFO - Filling up the DagBag from /opt/airflow/dags/sales_pipeline_dag.py
[2026-04-21T18:44:02.344+0000] {processor.py:840} INFO - DAG(s) 'sales_pipeline' retrieved from /opt/airflow/dags/sales_pipeline_dag.py
[2026-04-21T18:44:02.389+0000] {logging_mixin.py:188} INFO - [2026-04-21T18:44:02.389+0000] {dag.py:3036} INFO - Sync 1 DAGs
[2026-04-21T18:44:02.431+0000] {logging_mixin.py:188} INFO - [2026-04-21T18:44:02.430+0000] {dag.py:3823} INFO - Setting next_dagrun for sales_pipeline to 2026-04-21 00:00:00+00:00, run_after=2026-04-22 00:00:00+00:00
[2026-04-21T18:44:02.492+0000] {processor.py:183} INFO - Processing /opt/airflow/dags/sales_pipeline_dag.py took 1.385 seconds
[2026-04-21T18:44:32.780+0000] {processor.py:161} INFO - Started process (PID=548) to work on /opt/airflow/dags/sales_pipeline_dag.py
[2026-04-21T18:44:32.782+0000] {processor.py:830} INFO - Processing file /opt/airflow/dags/sales_pipeline_dag.py for tasks to queue
[2026-04-21T18:44:32.784+0000] {logging_mixin.py:188} INFO - [2026-04-21T18:44:32.783+0000] {dagbag.py:538} INFO - Filling up the DagBag from /opt/airflow/dags/sales_pipeline_dag.py
[2026-04-21T18:44:34.022+0000] {processor.py:840} INFO - DAG(s) 'sales_pipeline' retrieved from /opt/airflow/dags/sales_pipeline_dag.py
[2026-04-21T18:44:34.072+0000] {logging_mixin.py:188} INFO - [2026-04-21T18:44:34.071+0000] {dag.py:3036} INFO - Sync 1 DAGs
[2026-04-21T18:44:34.117+0000] {logging_mixin.py:188} INFO - [2026-04-21T18:44:34.116+0000] {dag.py:3823} INFO - Setting next_dagrun for sales_pipeline to 2026-04-21 00:00:00+00:00, run_after=2026-04-22 00:00:00+00:00
[2026-04-21T18:44:34.165+0000] {processor.py:183} INFO - Processing /opt/airflow/dags/sales_pipeline_dag.py took 1.390 seconds
[2026-04-21T18:45:04.618+0000] {processor.py:161} INFO - Started process (PID=579) to work on /opt/airflow/dags/sales_pipeline_dag.py
[2026-04-21T18:45:04.622+0000] {processor.py:830} INFO - Processing file /opt/airflow/dags/sales_pipeline_dag.py for tasks to queue
[2026-04-21T18:45:04.625+0000] {logging_mixin.py:188} INFO - [2026-04-21T18:45:04.624+0000] {dagbag.py:538} INFO - Filling up the DagBag from /opt/airflow/dags/sales_pipeline_dag.py
[2026-04-21T18:45:05.888+0000] {processor.py:840} INFO - DAG(s) 'sales_pipeline' retrieved from /opt/airflow/dags/sales_pipeline_dag.py
[2026-04-21T18:45:05.945+0000] {logging_mixin.py:188} INFO - [2026-04-21T18:45:05.944+0000] {dag.py:3036} INFO - Sync 1 DAGs
[2026-04-21T18:45:05.992+0000] {logging_mixin.py:188} INFO - [2026-04-21T18:45:05.991+0000] {dag.py:3823} INFO - Setting next_dagrun for sales_pipeline to 2026-04-21 00:00:00+00:00, run_after=2026-04-22 00:00:00+00:00
[2026-04-21T18:45:06.041+0000] {processor.py:183} INFO - Processing /opt/airflow/dags/sales_pipeline_dag.py took 1.428 seconds
[2026-04-21T18:45:36.321+0000] {processor.py:161} INFO - Started process (PID=590) to work on /opt/airflow/dags/sales_pipeline_dag.py
[2026-04-21T18:45:36.323+0000] {processor.py:830} INFO - Processing file /opt/airflow/dags/sales_pipeline_dag.py for tasks to queue
[2026-04-21T18:45:36.325+0000] {logging_mixin.py:188} INFO - [2026-04-21T18:45:36.324+0000] {dagbag.py:538} INFO - Filling up the DagBag from /opt/airflow/dags/sales_pipeline_dag.py
[2026-04-21T18:45:37.773+0000] {processor.py:840} INFO - DAG(s) 'sales_pipeline' retrieved from /opt/airflow/dags/sales_pipeline_dag.py
[2026-04-21T18:45:37.829+0000] {logging_mixin.py:188} INFO - [2026-04-21T18:45:37.828+0000] {dag.py:3036} INFO - Sync 1 DAGs
[2026-04-21T18:45:37.868+0000] {logging_mixin.py:188} INFO - [2026-04-21T18:45:37.868+0000] {dag.py:3823} INFO - Setting next_dagrun for sales_pipeline to 2026-04-21 00:00:00+00:00, run_after=2026-04-22 00:00:00+00:00
[2026-04-21T18:45:37.911+0000] {processor.py:183} INFO - Processing /opt/airflow/dags/sales_pipeline_dag.py took 1.595 seconds
[2026-04-21T18:46:08.209+0000] {processor.py:161} INFO - Started process (PID=601) to work on /opt/airflow/dags/sales_pipeline_dag.py
[2026-04-21T18:46:08.211+0000] {processor.py:830} INFO - Processing file /opt/airflow/dags/sales_pipeline_dag.py for tasks to queue
[2026-04-21T18:46:08.214+0000] {logging_mixin.py:188} INFO - [2026-04-21T18:46:08.212+0000] {dagbag.py:538} INFO - Filling up the DagBag from /opt/airflow/dags/sales_pipeline_dag.py
[2026-04-21T18:46:09.348+0000] {processor.py:840} INFO - DAG(s) 'sales_pipeline' retrieved from /opt/airflow/dags/sales_pipeline_dag.py
[2026-04-21T18:46:09.399+0000] {logging_mixin.py:188} INFO - [2026-04-21T18:46:09.398+0000] {dag.py:3036} INFO - Sync 1 DAGs
[2026-04-21T18:46:09.441+0000] {logging_mixin.py:188} INFO - [2026-04-21T18:46:09.440+0000] {dag.py:3823} INFO - Setting next_dagrun for sales_pipeline to 2026-04-21 00:00:00+00:00, run_after=2026-04-22 00:00:00+00:00
[2026-04-21T18:46:09.482+0000] {processor.py:183} INFO - Processing /opt/airflow/dags/sales_pipeline_dag.py took 1.278 seconds
[2026-04-21T18:46:39.953+0000] {processor.py:161} INFO - Started process (PID=612) to work on /opt/airflow/dags/sales_pipeline_dag.py
[2026-04-21T18:46:39.955+0000] {processor.py:830} INFO - Processing file /opt/airflow/dags/sales_pipeline_dag.py for tasks to queue
[2026-04-21T18:46:39.956+0000] {logging_mixin.py:188} INFO - [2026-04-21T18:46:39.956+0000] {dagbag.py:538} INFO - Filling up the DagBag from /opt/airflow/dags/sales_pipeline_dag.py
[2026-04-21T18:46:41.446+0000] {processor.py:840} INFO - DAG(s) 'sales_pipeline' retrieved from /opt/airflow/dags/sales_pipeline_dag.py
[2026-04-21T18:46:41.498+0000] {logging_mixin.py:188} INFO - [2026-04-21T18:46:41.497+0000] {dag.py:3036} INFO - Sync 1 DAGs
[2026-04-21T18:46:41.559+0000] {logging_mixin.py:188} INFO - [2026-04-21T18:46:41.559+0000] {dag.py:3823} INFO - Setting next_dagrun for sales_pipeline to 2026-04-21 00:00:00+00:00, run_after=2026-04-22 00:00:00+00:00
[2026-04-21T18:46:41.622+0000] {processor.py:183} INFO - Processing /opt/airflow/dags/sales_pipeline_dag.py took 1.674 seconds
[2026-04-21T18:47:11.788+0000] {processor.py:161} INFO - Started process (PID=669) to work on /opt/airflow/dags/sales_pipeline_dag.py
[2026-04-21T18:47:11.792+0000] {processor.py:830} INFO - Processing file /opt/airflow/dags/sales_pipeline_dag.py for tasks to queue
[2026-04-21T18:47:11.798+0000] {logging_mixin.py:188} INFO - [2026-04-21T18:47:11.797+0000] {dagbag.py:538} INFO - Filling up the DagBag from /opt/airflow/dags/sales_pipeline_dag.py
[2026-04-21T18:47:13.215+0000] {processor.py:840} INFO - DAG(s) 'sales_pipeline' retrieved from /opt/airflow/dags/sales_pipeline_dag.py
[2026-04-21T18:47:13.267+0000] {logging_mixin.py:188} INFO - [2026-04-21T18:47:13.266+0000] {dag.py:3036} INFO - Sync 1 DAGs
[2026-04-21T18:47:13.324+0000] {logging_mixin.py:188} INFO - [2026-04-21T18:47:13.324+0000] {dag.py:3823} INFO - Setting next_dagrun for sales_pipeline to 2026-04-21 00:00:00+00:00, run_after=2026-04-22 00:00:00+00:00
[2026-04-21T18:47:13.360+0000] {processor.py:183} INFO - Processing /opt/airflow/dags/sales_pipeline_dag.py took 1.580 seconds
[2026-04-21T18:47:44.010+0000] {processor.py:161} INFO - Started process (PID=680) to work on /opt/airflow/dags/sales_pipeline_dag.py
[2026-04-21T18:47:44.011+0000] {processor.py:830} INFO - Processing file /opt/airflow/dags/sales_pipeline_dag.py for tasks to queue
[2026-04-21T18:47:44.014+0000] {logging_mixin.py:188} INFO - [2026-04-21T18:47:44.013+0000] {dagbag.py:538} INFO - Filling up the DagBag from /opt/airflow/dags/sales_pipeline_dag.py
[2026-04-21T18:47:45.215+0000] {processor.py:840} INFO - DAG(s) 'sales_pipeline' retrieved from /opt/airflow/dags/sales_pipeline_dag.py
[2026-04-21T18:47:45.273+0000] {logging_mixin.py:188} INFO - [2026-04-21T18:47:45.272+0000] {dag.py:3036} INFO - Sync 1 DAGs
[2026-04-21T18:47:45.317+0000] {logging_mixin.py:188} INFO - [2026-04-21T18:47:45.316+0000] {dag.py:3823} INFO - Setting next_dagrun for sales_pipeline to 2026-04-21 00:00:00+00:00, run_after=2026-04-22 00:00:00+00:00
[2026-04-21T18:47:45.368+0000] {processor.py:183} INFO - Processing /opt/airflow/dags/sales_pipeline_dag.py took 1.363 seconds
[2026-04-21T18:48:15.482+0000] {processor.py:161} INFO - Started process (PID=691) to work on /opt/airflow/dags/sales_pipeline_dag.py
[2026-04-21T18:48:15.484+0000] {processor.py:830} INFO - Processing file /opt/airflow/dags/sales_pipeline_dag.py for tasks to queue
[2026-04-21T18:48:15.486+0000] {logging_mixin.py:188} INFO - [2026-04-21T18:48:15.486+0000] {dagbag.py:538} INFO - Filling up the DagBag from /opt/airflow/dags/sales_pipeline_dag.py
[2026-04-21T18:48:16.891+0000] {processor.py:840} INFO - DAG(s) 'sales_pipeline' retrieved from /opt/airflow/dags/sales_pipeline_dag.py
[2026-04-21T18:48:16.969+0000] {logging_mixin.py:188} INFO - [2026-04-21T18:48:16.968+0000] {dag.py:3036} INFO - Sync 1 DAGs
[2026-04-21T18:48:17.057+0000] {logging_mixin.py:188} INFO - [2026-04-21T18:48:17.057+0000] {dag.py:3823} INFO - Setting next_dagrun for sales_pipeline to 2026-04-21 00:00:00+00:00, run_after=2026-04-22 00:00:00+00:00
[2026-04-21T18:48:17.143+0000] {processor.py:183} INFO - Processing /opt/airflow/dags/sales_pipeline_dag.py took 1.667 seconds
[2026-04-21T18:48:47.826+0000] {processor.py:161} INFO - Started process (PID=702) to work on /opt/airflow/dags/sales_pipeline_dag.py
[2026-04-21T18:48:47.829+0000] {processor.py:830} INFO - Processing file /opt/airflow/dags/sales_pipeline_dag.py for tasks to queue
[2026-04-21T18:48:47.832+0000] {logging_mixin.py:188} INFO - [2026-04-21T18:48:47.831+0000] {dagbag.py:538} INFO - Filling up the DagBag from /opt/airflow/dags/sales_pipeline_dag.py
[2026-04-21T18:48:49.224+0000] {processor.py:840} INFO - DAG(s) 'sales_pipeline' retrieved from /opt/airflow/dags/sales_pipeline_dag.py
[2026-04-21T18:48:49.272+0000] {logging_mixin.py:188} INFO - [2026-04-21T18:48:49.271+0000] {dag.py:3036} INFO - Sync 1 DAGs
[2026-04-21T18:48:49.312+0000] {logging_mixin.py:188} INFO - [2026-04-21T18:48:49.311+0000] {dag.py:3823} INFO - Setting next_dagrun for sales_pipeline to 2026-04-21 00:00:00+00:00, run_after=2026-04-22 00:00:00+00:00
[2026-04-21T18:48:49.410+0000] {processor.py:183} INFO - Processing /opt/airflow/dags/sales_pipeline_dag.py took 1.591 seconds
