[2026-06-06T18:29:44.317+0000] {taskinstance.py:1956} INFO - Dependencies all met for dep_context=non-requeueable deps ti=<TaskInstance: dbt_pipeline.dbt_snapshot scheduled__2026-06-05T00:00:00+00:00 [queued]>
[2026-06-06T18:29:44.398+0000] {taskinstance.py:1956} INFO - Dependencies all met for dep_context=requeueable deps ti=<TaskInstance: dbt_pipeline.dbt_snapshot scheduled__2026-06-05T00:00:00+00:00 [queued]>
[2026-06-06T18:29:44.401+0000] {taskinstance.py:2170} INFO - Starting attempt 1 of 1
[2026-06-06T18:29:44.578+0000] {taskinstance.py:2191} INFO - Executing <Task(BashOperator): dbt_snapshot> on 2026-06-05 00:00:00+00:00
[2026-06-06T18:29:44.607+0000] {standard_task_runner.py:60} INFO - Started process 15097 to run task
[2026-06-06T18:29:44.624+0000] {standard_task_runner.py:87} INFO - Running: ['***', 'tasks', 'run', 'dbt_pipeline', 'dbt_snapshot', 'scheduled__2026-06-05T00:00:00+00:00', '--job-id', '176', '--raw', '--subdir', 'DAGS_FOLDER/dbt_pipeline_dag.py', '--cfg-path', '/tmp/tmph4bf_nc_']
[2026-06-06T18:29:44.680+0000] {standard_task_runner.py:88} INFO - Job 176: Subtask dbt_snapshot
[2026-06-06T18:29:45.174+0000] {task_command.py:423} INFO - Running <TaskInstance: dbt_pipeline.dbt_snapshot scheduled__2026-06-05T00:00:00+00:00 [running]> on host c5c53f6c77ae
[2026-06-06T18:29:46.022+0000] {taskinstance.py:2480} INFO - Exporting env vars: AIRFLOW_CTX_DAG_OWNER='***' AIRFLOW_CTX_DAG_ID='dbt_pipeline' AIRFLOW_CTX_TASK_ID='dbt_snapshot' AIRFLOW_CTX_EXECUTION_DATE='2026-06-05T00:00:00+00:00' AIRFLOW_CTX_TRY_NUMBER='1' AIRFLOW_CTX_DAG_RUN_ID='scheduled__2026-06-05T00:00:00+00:00'
[2026-06-06T18:29:46.036+0000] {subprocess.py:63} INFO - Tmp dir root location: /tmp
[2026-06-06T18:29:46.112+0000] {subprocess.py:75} INFO - Running command: ['/usr/bin/bash', '-c', 'cd /opt/***/project/week7/de_journey && dbt snapshot --profiles-dir /opt/***/project/week7/de_journey --no-version-check']
[2026-06-06T18:29:46.201+0000] {subprocess.py:86} INFO - Output:
[2026-06-06T18:30:12.224+0000] {subprocess.py:93} INFO - [0m18:30:12  Running with dbt=1.8.7
[2026-06-06T18:30:29.063+0000] {subprocess.py:93} INFO - [0m18:30:29  Registered adapter: bigquery=1.8.3
[2026-06-06T18:30:47.653+0000] {subprocess.py:93} INFO - [0m18:30:47  Found 2 models, 1 snapshot, 13 data tests, 1 source, 759 macros
[2026-06-06T18:30:47.673+0000] {subprocess.py:93} INFO - [0m18:30:47
[2026-06-06T18:30:50.867+0000] {subprocess.py:93} INFO - [0m18:30:50  Concurrency: 4 threads (target='dev')
[2026-06-06T18:30:50.881+0000] {subprocess.py:93} INFO - [0m18:30:50
[2026-06-06T18:30:50.942+0000] {subprocess.py:93} INFO - [0m18:30:50  1 of 1 START snapshot snapshots.sales_snapshot ................................. [RUN]
[2026-06-06T18:31:00.835+0000] {subprocess.py:93} INFO - [0m18:31:00  1 of 1 OK snapshotted snapshots.sales_snapshot ................................. [[32mMERGE (0.0 rows, 351.0 Bytes processed)[0m in 9.88s]
[2026-06-06T18:31:00.853+0000] {subprocess.py:93} INFO - [0m18:31:00
[2026-06-06T18:31:00.855+0000] {subprocess.py:93} INFO - [0m18:31:00  Finished running 1 snapshot in 0 hours 0 minutes and 13.16 seconds (13.16s).
[2026-06-06T18:31:01.123+0000] {subprocess.py:93} INFO - [0m18:31:01
[2026-06-06T18:31:01.132+0000] {subprocess.py:93} INFO - [0m18:31:01  [32mCompleted successfully[0m
[2026-06-06T18:31:01.134+0000] {subprocess.py:93} INFO - [0m18:31:01
[2026-06-06T18:31:01.137+0000] {subprocess.py:93} INFO - [0m18:31:01  Done. PASS=1 WARN=0 ERROR=0 SKIP=0 TOTAL=1
[2026-06-06T18:31:08.101+0000] {subprocess.py:97} INFO - Command exited with return code 0
[2026-06-06T18:31:08.185+0000] {taskinstance.py:1138} INFO - Marking task as SUCCESS. dag_id=dbt_pipeline, task_id=dbt_snapshot, execution_date=20260605T000000, start_date=20260606T182944, end_date=20260606T183108
[2026-06-06T18:31:08.275+0000] {local_task_job_runner.py:234} INFO - Task exited with return code 0
[2026-06-06T18:31:08.366+0000] {taskinstance.py:3280} INFO - 1 downstream tasks scheduled from follow-on schedule check
