[2026-04-21T18:39:26.599+0000] {taskinstance.py:1956} INFO - Dependencies all met for dep_context=non-requeueable deps ti=<TaskInstance: dbt_pipeline.dbt_run manual__2026-04-21T18:39:25.428782+00:00 [queued]>
[2026-04-21T18:39:26.620+0000] {taskinstance.py:1956} INFO - Dependencies all met for dep_context=requeueable deps ti=<TaskInstance: dbt_pipeline.dbt_run manual__2026-04-21T18:39:25.428782+00:00 [queued]>
[2026-04-21T18:39:26.622+0000] {taskinstance.py:2170} INFO - Starting attempt 1 of 1
[2026-04-21T18:39:26.688+0000] {taskinstance.py:2191} INFO - Executing <Task(BashOperator): dbt_run> on 2026-04-21 18:39:25.428782+00:00
[2026-04-21T18:39:26.702+0000] {standard_task_runner.py:60} INFO - Started process 393 to run task
[2026-04-21T18:39:26.707+0000] {standard_task_runner.py:87} INFO - Running: ['***', 'tasks', 'run', 'dbt_pipeline', 'dbt_run', 'manual__2026-04-21T18:39:25.428782+00:00', '--job-id', '26', '--raw', '--subdir', 'DAGS_FOLDER/dbt_pipeline_dag.py', '--cfg-path', '/tmp/tmpupzro1qs']
[2026-04-21T18:39:26.711+0000] {standard_task_runner.py:88} INFO - Job 26: Subtask dbt_run
[2026-04-21T18:39:27.023+0000] {task_command.py:423} INFO - Running <TaskInstance: dbt_pipeline.dbt_run manual__2026-04-21T18:39:25.428782+00:00 [running]> on host 1c7f92b4483e
[2026-04-21T18:39:24.828+0000] {taskinstance.py:2480} INFO - Exporting env vars: AIRFLOW_CTX_DAG_OWNER='***' AIRFLOW_CTX_DAG_ID='dbt_pipeline' AIRFLOW_CTX_TASK_ID='dbt_run' AIRFLOW_CTX_EXECUTION_DATE='2026-04-21T18:39:25.428782+00:00' AIRFLOW_CTX_TRY_NUMBER='1' AIRFLOW_CTX_DAG_RUN_ID='manual__2026-04-21T18:39:25.428782+00:00'
[2026-04-21T18:39:24.831+0000] {subprocess.py:63} INFO - Tmp dir root location: /tmp
[2026-04-21T18:39:24.833+0000] {subprocess.py:75} INFO - Running command: ['/usr/bin/bash', '-c', 'cd /opt/***/project/week7/de_journey && dbt run']
[2026-04-21T18:39:24.853+0000] {subprocess.py:86} INFO - Output:
[2026-04-21T18:39:28.658+0000] {subprocess.py:93} INFO - Usage: dbt run [OPTIONS]
[2026-04-21T18:39:28.660+0000] {subprocess.py:93} INFO - Try 'dbt run -h' for help.
[2026-04-21T18:39:28.661+0000] {subprocess.py:93} INFO - 
[2026-04-21T18:39:28.662+0000] {subprocess.py:93} INFO - Error: Invalid value for '--profiles-dir': Path '/home/***/.dbt' does not exist.
[2026-04-21T18:39:29.005+0000] {subprocess.py:97} INFO - Command exited with return code 2
[2026-04-21T18:39:29.031+0000] {taskinstance.py:2698} ERROR - Task failed with exception
Traceback (most recent call last):
  File "/home/airflow/.local/lib/python3.8/site-packages/airflow/models/taskinstance.py", line 433, in _execute_task
    result = execute_callable(context=context, **execute_callable_kwargs)
  File "/home/airflow/.local/lib/python3.8/site-packages/airflow/operators/bash.py", line 212, in execute
    raise AirflowException(
airflow.exceptions.AirflowException: Bash command failed. The command returned a non-zero exit code 2.
[2026-04-21T18:39:29.036+0000] {taskinstance.py:1138} INFO - Marking task as FAILED. dag_id=dbt_pipeline, task_id=dbt_run, execution_date=20260421T183925, start_date=20260421T183926, end_date=20260421T183929
[2026-04-21T18:39:29.075+0000] {standard_task_runner.py:107} ERROR - Failed to execute job 26 for task dbt_run (Bash command failed. The command returned a non-zero exit code 2.; 393)
[2026-04-21T18:39:29.131+0000] {local_task_job_runner.py:234} INFO - Task exited with return code 1
[2026-04-21T18:39:29.186+0000] {taskinstance.py:3280} INFO - 0 downstream tasks scheduled from follow-on schedule check
