[2026-05-30T14:50:31.350+0000] {taskinstance.py:1956} INFO - Dependencies all met for dep_context=non-requeueable deps ti=<TaskInstance: spark_pipeline.dbt_run scheduled__2026-05-29T00:00:00+00:00 [queued]>
[2026-05-30T14:50:31.372+0000] {taskinstance.py:1956} INFO - Dependencies all met for dep_context=requeueable deps ti=<TaskInstance: spark_pipeline.dbt_run scheduled__2026-05-29T00:00:00+00:00 [queued]>
[2026-05-30T14:50:31.374+0000] {taskinstance.py:2170} INFO - Starting attempt 1 of 1
[2026-05-30T14:50:31.677+0000] {taskinstance.py:2191} INFO - Executing <Task(BashOperator): dbt_run> on 2026-05-29 00:00:00+00:00
[2026-05-30T14:50:31.695+0000] {standard_task_runner.py:60} INFO - Started process 9236 to run task
[2026-05-30T14:50:31.701+0000] {standard_task_runner.py:87} INFO - Running: ['***', 'tasks', 'run', 'spark_pipeline', 'dbt_run', 'scheduled__2026-05-29T00:00:00+00:00', '--job-id', '150', '--raw', '--subdir', 'DAGS_FOLDER/spark_pipeline_dag.py', '--cfg-path', '/tmp/tmpybp6wv95']
[2026-05-30T14:50:31.708+0000] {standard_task_runner.py:88} INFO - Job 150: Subtask dbt_run
[2026-05-30T14:50:32.278+0000] {task_command.py:423} INFO - Running <TaskInstance: spark_pipeline.dbt_run scheduled__2026-05-29T00:00:00+00:00 [running]> on host c5c53f6c77ae
[2026-05-30T14:50:32.522+0000] {taskinstance.py:2480} INFO - Exporting env vars: AIRFLOW_CTX_DAG_OWNER='***' AIRFLOW_CTX_DAG_ID='spark_pipeline' AIRFLOW_CTX_TASK_ID='dbt_run' AIRFLOW_CTX_EXECUTION_DATE='2026-05-29T00:00:00+00:00' AIRFLOW_CTX_TRY_NUMBER='1' AIRFLOW_CTX_DAG_RUN_ID='scheduled__2026-05-29T00:00:00+00:00'
[2026-05-30T14:50:32.525+0000] {subprocess.py:63} INFO - Tmp dir root location: /tmp
[2026-05-30T14:50:32.536+0000] {subprocess.py:75} INFO - Running command: ['/usr/bin/bash', '-c', 'cd /opt/***/project/week7/de_journey && dbt run --profiles-dir /opt/***/project/week7/de_journey --no-version-check']
[2026-05-30T14:50:32.570+0000] {subprocess.py:86} INFO - Output:
[2026-05-30T14:51:57.747+0000] {subprocess.py:93} INFO - [0m14:51:57  Running with dbt=1.8.7
[2026-05-30T14:52:30.399+0000] {subprocess.py:93} INFO - [0m14:52:30  Registered adapter: bigquery=1.8.3
[2026-05-30T14:53:11.476+0000] {subprocess.py:93} INFO - [0m14:53:11  Found 2 models, 1 snapshot, 13 data tests, 1 source, 759 macros
[2026-05-30T14:53:11.487+0000] {subprocess.py:93} INFO - [0m14:53:11
[2026-05-30T14:53:14.566+0000] {subprocess.py:93} INFO - [0m14:53:14  Concurrency: 4 threads (target='dev')
[2026-05-30T14:53:14.567+0000] {subprocess.py:93} INFO - [0m14:53:14
[2026-05-30T14:53:14.746+0000] {subprocess.py:93} INFO - [0m14:53:14  1 of 2 START sql view model de_journey_dw_staging.stg_sales .................... [RUN]
[2026-05-30T14:53:17.721+0000] {subprocess.py:93} INFO - [0m14:53:17  1 of 2 OK created sql view model de_journey_dw_staging.stg_sales ............... [[32mCREATE VIEW (0 processed)[0m in 2.97s]
[2026-05-30T14:53:17.728+0000] {subprocess.py:93} INFO - [0m14:53:17  2 of 2 START sql incremental model de_journey_dw_marts.mart_sales_summary ...... [RUN]
[2026-05-30T14:53:21.687+0000] {subprocess.py:93} INFO - [0m14:53:21  2 of 2 OK created sql incremental model de_journey_dw_marts.mart_sales_summary . [[32mMERGE (0.0 rows, 278.0 Bytes processed)[0m in 3.95s]
[2026-05-30T14:53:21.703+0000] {subprocess.py:93} INFO - [0m14:53:21
[2026-05-30T14:53:21.708+0000] {subprocess.py:93} INFO - [0m14:53:21  Finished running 1 view model, 1 incremental model in 0 hours 0 minutes and 10.21 seconds (10.21s).
[2026-05-30T14:53:21.930+0000] {subprocess.py:93} INFO - [0m14:53:21
[2026-05-30T14:53:21.932+0000] {subprocess.py:93} INFO - [0m14:53:21  [32mCompleted successfully[0m
[2026-05-30T14:53:21.934+0000] {subprocess.py:93} INFO - [0m14:53:21
[2026-05-30T14:53:21.936+0000] {subprocess.py:93} INFO - [0m14:53:21  Done. PASS=2 WARN=0 ERROR=0 SKIP=0 TOTAL=2
[2026-05-30T14:53:23.492+0000] {subprocess.py:97} INFO - Command exited with return code 0
[2026-05-30T14:53:23.618+0000] {taskinstance.py:1138} INFO - Marking task as SUCCESS. dag_id=spark_pipeline, task_id=dbt_run, execution_date=20260529T000000, start_date=20260530T145031, end_date=20260530T145323
[2026-05-30T14:53:23.780+0000] {local_task_job_runner.py:234} INFO - Task exited with return code 0
[2026-05-30T14:53:23.885+0000] {taskinstance.py:3280} INFO - 1 downstream tasks scheduled from follow-on schedule check
