[2026-05-08T20:07:17.916+0000] {taskinstance.py:1956} INFO - Dependencies all met for dep_context=non-requeueable deps ti=<TaskInstance: dbt_pipeline.dbt_run scheduled__2026-05-07T00:00:00+00:00 [queued]>
[2026-05-08T20:07:17.938+0000] {taskinstance.py:1956} INFO - Dependencies all met for dep_context=requeueable deps ti=<TaskInstance: dbt_pipeline.dbt_run scheduled__2026-05-07T00:00:00+00:00 [queued]>
[2026-05-08T20:07:17.939+0000] {taskinstance.py:2170} INFO - Starting attempt 1 of 1
[2026-05-08T20:07:18.036+0000] {taskinstance.py:2191} INFO - Executing <Task(BashOperator): dbt_run> on 2026-05-07 00:00:00+00:00
[2026-05-08T20:07:18.045+0000] {standard_task_runner.py:60} INFO - Started process 4577 to run task
[2026-05-08T20:07:18.050+0000] {standard_task_runner.py:87} INFO - Running: ['***', 'tasks', 'run', 'dbt_pipeline', 'dbt_run', 'scheduled__2026-05-07T00:00:00+00:00', '--job-id', '103', '--raw', '--subdir', 'DAGS_FOLDER/dbt_pipeline_dag.py', '--cfg-path', '/tmp/tmp_0uo2fb2']
[2026-05-08T20:07:18.053+0000] {standard_task_runner.py:88} INFO - Job 103: Subtask dbt_run
[2026-05-08T20:07:18.166+0000] {task_command.py:423} INFO - Running <TaskInstance: dbt_pipeline.dbt_run scheduled__2026-05-07T00:00:00+00:00 [running]> on host c5c53f6c77ae
[2026-05-08T20:07:18.531+0000] {taskinstance.py:2480} INFO - Exporting env vars: AIRFLOW_CTX_DAG_OWNER='***' AIRFLOW_CTX_DAG_ID='dbt_pipeline' AIRFLOW_CTX_TASK_ID='dbt_run' AIRFLOW_CTX_EXECUTION_DATE='2026-05-07T00:00:00+00:00' AIRFLOW_CTX_TRY_NUMBER='1' AIRFLOW_CTX_DAG_RUN_ID='scheduled__2026-05-07T00:00:00+00:00'
[2026-05-08T20:07:18.537+0000] {subprocess.py:63} INFO - Tmp dir root location: /tmp
[2026-05-08T20:07:18.681+0000] {subprocess.py:75} INFO - Running command: ['/usr/bin/bash', '-c', 'cd /opt/***/project/week7/de_journey && dbt run --profiles-dir /opt/***/project/week7/de_journey --no-version-check']
[2026-05-08T20:07:18.705+0000] {subprocess.py:86} INFO - Output:
[2026-05-08T20:07:22.649+0000] {subprocess.py:93} INFO - [0m20:07:22  Running with dbt=1.8.7
[2026-05-08T20:07:24.318+0000] {subprocess.py:93} INFO - [0m20:07:24  Registered adapter: bigquery=1.8.3
[2026-05-08T20:07:30.021+0000] {subprocess.py:93} INFO - [0m20:07:30  Found 2 models, 1 snapshot, 13 data tests, 1 source, 759 macros
[2026-05-08T20:07:30.028+0000] {subprocess.py:93} INFO - [0m20:07:30
[2026-05-08T20:07:31.513+0000] {subprocess.py:93} INFO - [0m20:07:31  Concurrency: 4 threads (target='dev')
[2026-05-08T20:07:31.517+0000] {subprocess.py:93} INFO - [0m20:07:31
[2026-05-08T20:07:31.550+0000] {subprocess.py:93} INFO - [0m20:07:31  1 of 2 START sql view model de_journey_dw_staging.stg_sales .................... [RUN]
[2026-05-08T20:07:33.275+0000] {subprocess.py:93} INFO - [0m20:07:33  1 of 2 OK created sql view model de_journey_dw_staging.stg_sales ............... [[32mCREATE VIEW (0 processed)[0m in 1.72s]
[2026-05-08T20:07:33.283+0000] {subprocess.py:93} INFO - [0m20:07:33  2 of 2 START sql incremental model de_journey_dw_marts.mart_sales_summary ...... [RUN]
[2026-05-08T20:07:38.562+0000] {subprocess.py:93} INFO - [0m20:07:38  2 of 2 OK created sql incremental model de_journey_dw_marts.mart_sales_summary . [[32mMERGE (0.0 rows, 278.0 Bytes processed)[0m in 5.27s]
[2026-05-08T20:07:38.575+0000] {subprocess.py:93} INFO - [0m20:07:38
[2026-05-08T20:07:38.576+0000] {subprocess.py:93} INFO - [0m20:07:38  Finished running 1 view model, 1 incremental model in 0 hours 0 minutes and 8.55 seconds (8.55s).
[2026-05-08T20:07:38.775+0000] {subprocess.py:93} INFO - [0m20:07:38
[2026-05-08T20:07:38.777+0000] {subprocess.py:93} INFO - [0m20:07:38  [32mCompleted successfully[0m
[2026-05-08T20:07:38.778+0000] {subprocess.py:93} INFO - [0m20:07:38
[2026-05-08T20:07:38.780+0000] {subprocess.py:93} INFO - [0m20:07:38  Done. PASS=2 WARN=0 ERROR=0 SKIP=0 TOTAL=2
[2026-05-08T20:07:40.055+0000] {subprocess.py:97} INFO - Command exited with return code 0
[2026-05-08T20:07:40.389+0000] {taskinstance.py:1138} INFO - Marking task as SUCCESS. dag_id=dbt_pipeline, task_id=dbt_run, execution_date=20260507T000000, start_date=20260508T200717, end_date=20260508T200740
[2026-05-08T20:07:40.789+0000] {local_task_job_runner.py:234} INFO - Task exited with return code 0
[2026-05-08T20:07:40.835+0000] {taskinstance.py:3280} INFO - 1 downstream tasks scheduled from follow-on schedule check
