[2026-04-13T15:13:10.972+0000] {processor.py:161} INFO - Started process (PID=168) to work on /opt/airflow/dags/sales_pipeline_dag.py
[2026-04-13T15:13:10.974+0000] {processor.py:830} INFO - Processing file /opt/airflow/dags/sales_pipeline_dag.py for tasks to queue
[2026-04-13T15:13:10.978+0000] {logging_mixin.py:188} INFO - [2026-04-13T15:13:10.977+0000] {dagbag.py:538} INFO - Filling up the DagBag from /opt/airflow/dags/sales_pipeline_dag.py
[2026-04-13T15:13:11.171+0000] {logging_mixin.py:188} INFO - [2026-04-13T15:13:11.140+0000] {dagbag.py:348} ERROR - Failed to import: /opt/airflow/dags/sales_pipeline_dag.py
Traceback (most recent call last):
  File "/home/airflow/.local/lib/python3.8/site-packages/airflow/models/dagbag.py", line 344, in parse
    loader.exec_module(new_module)
  File "<frozen importlib._bootstrap_external>", line 843, in exec_module
  File "<frozen importlib._bootstrap>", line 219, in _call_with_frames_removed
  File "/opt/airflow/dags/sales_pipeline_dag.py", line 4, in <module>
    from week3.sales_pipeline import SalesPipeline
  File "/opt/airflow/project/week3/sales_pipeline.py", line 5, in <module>
    from week3.config import Config
  File "/opt/airflow/project/week3/config.py", line 1, in <module>
    from pydantic_settings import BaseSettings
ModuleNotFoundError: No module named 'pydantic_settings'
[2026-04-13T15:13:11.180+0000] {processor.py:842} WARNING - No viable dags retrieved from /opt/airflow/dags/sales_pipeline_dag.py
[2026-04-13T15:13:11.227+0000] {processor.py:183} INFO - Processing /opt/airflow/dags/sales_pipeline_dag.py took 0.259 seconds
[2026-04-13T15:13:41.410+0000] {processor.py:161} INFO - Started process (PID=173) to work on /opt/airflow/dags/sales_pipeline_dag.py
[2026-04-13T15:13:41.414+0000] {processor.py:830} INFO - Processing file /opt/airflow/dags/sales_pipeline_dag.py for tasks to queue
[2026-04-13T15:13:41.418+0000] {logging_mixin.py:188} INFO - [2026-04-13T15:13:41.417+0000] {dagbag.py:538} INFO - Filling up the DagBag from /opt/airflow/dags/sales_pipeline_dag.py
[2026-04-13T15:13:41.542+0000] {logging_mixin.py:188} INFO - [2026-04-13T15:13:41.520+0000] {dagbag.py:348} ERROR - Failed to import: /opt/airflow/dags/sales_pipeline_dag.py
Traceback (most recent call last):
  File "/home/airflow/.local/lib/python3.8/site-packages/airflow/models/dagbag.py", line 344, in parse
    loader.exec_module(new_module)
  File "<frozen importlib._bootstrap_external>", line 843, in exec_module
  File "<frozen importlib._bootstrap>", line 219, in _call_with_frames_removed
  File "/opt/airflow/dags/sales_pipeline_dag.py", line 4, in <module>
    from week3.sales_pipeline import SalesPipeline
  File "/opt/airflow/project/week3/sales_pipeline.py", line 5, in <module>
    from week3.config import Config
  File "/opt/airflow/project/week3/config.py", line 1, in <module>
    from pydantic_settings import BaseSettings
ModuleNotFoundError: No module named 'pydantic_settings'
[2026-04-13T15:13:41.546+0000] {processor.py:842} WARNING - No viable dags retrieved from /opt/airflow/dags/sales_pipeline_dag.py
[2026-04-13T15:13:42.412+0000] {processor.py:183} INFO - Processing /opt/airflow/dags/sales_pipeline_dag.py took 1.008 seconds
[2026-04-13T15:14:12.624+0000] {processor.py:161} INFO - Started process (PID=178) to work on /opt/airflow/dags/sales_pipeline_dag.py
[2026-04-13T15:14:12.627+0000] {processor.py:830} INFO - Processing file /opt/airflow/dags/sales_pipeline_dag.py for tasks to queue
[2026-04-13T15:14:12.630+0000] {logging_mixin.py:188} INFO - [2026-04-13T15:14:12.628+0000] {dagbag.py:538} INFO - Filling up the DagBag from /opt/airflow/dags/sales_pipeline_dag.py
[2026-04-13T15:14:12.722+0000] {logging_mixin.py:188} INFO - [2026-04-13T15:14:12.701+0000] {dagbag.py:348} ERROR - Failed to import: /opt/airflow/dags/sales_pipeline_dag.py
Traceback (most recent call last):
  File "/home/airflow/.local/lib/python3.8/site-packages/airflow/models/dagbag.py", line 344, in parse
    loader.exec_module(new_module)
  File "<frozen importlib._bootstrap_external>", line 843, in exec_module
  File "<frozen importlib._bootstrap>", line 219, in _call_with_frames_removed
  File "/opt/airflow/dags/sales_pipeline_dag.py", line 4, in <module>
    from week3.sales_pipeline import SalesPipeline
  File "/opt/airflow/project/week3/sales_pipeline.py", line 5, in <module>
    from week3.config import Config
  File "/opt/airflow/project/week3/config.py", line 1, in <module>
    from pydantic_settings import BaseSettings
ModuleNotFoundError: No module named 'pydantic_settings'
[2026-04-13T15:14:12.728+0000] {processor.py:842} WARNING - No viable dags retrieved from /opt/airflow/dags/sales_pipeline_dag.py
[2026-04-13T15:14:12.898+0000] {processor.py:183} INFO - Processing /opt/airflow/dags/sales_pipeline_dag.py took 0.278 seconds
[2026-04-13T15:14:43.163+0000] {processor.py:161} INFO - Started process (PID=183) to work on /opt/airflow/dags/sales_pipeline_dag.py
[2026-04-13T15:14:43.165+0000] {processor.py:830} INFO - Processing file /opt/airflow/dags/sales_pipeline_dag.py for tasks to queue
[2026-04-13T15:14:43.168+0000] {logging_mixin.py:188} INFO - [2026-04-13T15:14:43.168+0000] {dagbag.py:538} INFO - Filling up the DagBag from /opt/airflow/dags/sales_pipeline_dag.py
[2026-04-13T15:14:43.313+0000] {logging_mixin.py:188} INFO - [2026-04-13T15:14:43.283+0000] {dagbag.py:348} ERROR - Failed to import: /opt/airflow/dags/sales_pipeline_dag.py
Traceback (most recent call last):
  File "/home/airflow/.local/lib/python3.8/site-packages/airflow/models/dagbag.py", line 344, in parse
    loader.exec_module(new_module)
  File "<frozen importlib._bootstrap_external>", line 843, in exec_module
  File "<frozen importlib._bootstrap>", line 219, in _call_with_frames_removed
  File "/opt/airflow/dags/sales_pipeline_dag.py", line 4, in <module>
    from week3.sales_pipeline import SalesPipeline
  File "/opt/airflow/project/week3/sales_pipeline.py", line 5, in <module>
    from week3.config import Config
  File "/opt/airflow/project/week3/config.py", line 1, in <module>
    from pydantic_settings import BaseSettings
ModuleNotFoundError: No module named 'pydantic_settings'
[2026-04-13T15:14:43.321+0000] {processor.py:842} WARNING - No viable dags retrieved from /opt/airflow/dags/sales_pipeline_dag.py
[2026-04-13T15:14:43.430+0000] {processor.py:183} INFO - Processing /opt/airflow/dags/sales_pipeline_dag.py took 0.275 seconds
[2026-04-13T15:15:13.709+0000] {processor.py:161} INFO - Started process (PID=188) to work on /opt/airflow/dags/sales_pipeline_dag.py
[2026-04-13T15:15:13.711+0000] {processor.py:830} INFO - Processing file /opt/airflow/dags/sales_pipeline_dag.py for tasks to queue
[2026-04-13T15:15:13.715+0000] {logging_mixin.py:188} INFO - [2026-04-13T15:15:13.714+0000] {dagbag.py:538} INFO - Filling up the DagBag from /opt/airflow/dags/sales_pipeline_dag.py
[2026-04-13T15:15:13.870+0000] {logging_mixin.py:188} INFO - [2026-04-13T15:15:13.840+0000] {dagbag.py:348} ERROR - Failed to import: /opt/airflow/dags/sales_pipeline_dag.py
Traceback (most recent call last):
  File "/home/airflow/.local/lib/python3.8/site-packages/airflow/models/dagbag.py", line 344, in parse
    loader.exec_module(new_module)
  File "<frozen importlib._bootstrap_external>", line 843, in exec_module
  File "<frozen importlib._bootstrap>", line 219, in _call_with_frames_removed
  File "/opt/airflow/dags/sales_pipeline_dag.py", line 4, in <module>
    from week3.sales_pipeline import SalesPipeline
  File "/opt/airflow/project/week3/sales_pipeline.py", line 5, in <module>
    from week3.config import Config
  File "/opt/airflow/project/week3/config.py", line 1, in <module>
    from pydantic_settings import BaseSettings
ModuleNotFoundError: No module named 'pydantic_settings'
[2026-04-13T15:15:13.879+0000] {processor.py:842} WARNING - No viable dags retrieved from /opt/airflow/dags/sales_pipeline_dag.py
[2026-04-13T15:15:13.939+0000] {processor.py:183} INFO - Processing /opt/airflow/dags/sales_pipeline_dag.py took 0.241 seconds
[2026-04-13T15:19:01.630+0000] {processor.py:161} INFO - Started process (PID=166) to work on /opt/airflow/dags/sales_pipeline_dag.py
[2026-04-13T15:19:01.634+0000] {processor.py:830} INFO - Processing file /opt/airflow/dags/sales_pipeline_dag.py for tasks to queue
[2026-04-13T15:19:01.636+0000] {logging_mixin.py:188} INFO - [2026-04-13T15:19:01.636+0000] {dagbag.py:538} INFO - Filling up the DagBag from /opt/airflow/dags/sales_pipeline_dag.py
[2026-04-13T15:19:01.755+0000] {logging_mixin.py:188} INFO - [2026-04-13T15:19:01.730+0000] {dagbag.py:348} ERROR - Failed to import: /opt/airflow/dags/sales_pipeline_dag.py
Traceback (most recent call last):
  File "/home/airflow/.local/lib/python3.8/site-packages/airflow/models/dagbag.py", line 344, in parse
    loader.exec_module(new_module)
  File "<frozen importlib._bootstrap_external>", line 843, in exec_module
  File "<frozen importlib._bootstrap>", line 219, in _call_with_frames_removed
  File "/opt/airflow/dags/sales_pipeline_dag.py", line 4, in <module>
    from week3.sales_pipeline import SalesPipeline
  File "/opt/airflow/project/week3/sales_pipeline.py", line 5, in <module>
    from week3.config import Config
  File "/opt/airflow/project/week3/config.py", line 1, in <module>
    from pydantic_settings import BaseSettings
ModuleNotFoundError: No module named 'pydantic_settings'
[2026-04-13T15:19:01.761+0000] {processor.py:842} WARNING - No viable dags retrieved from /opt/airflow/dags/sales_pipeline_dag.py
[2026-04-13T15:19:02.359+0000] {processor.py:183} INFO - Processing /opt/airflow/dags/sales_pipeline_dag.py took 0.734 seconds
[2026-04-13T15:19:32.786+0000] {processor.py:161} INFO - Started process (PID=172) to work on /opt/airflow/dags/sales_pipeline_dag.py
[2026-04-13T15:19:32.790+0000] {processor.py:830} INFO - Processing file /opt/airflow/dags/sales_pipeline_dag.py for tasks to queue
[2026-04-13T15:19:32.793+0000] {logging_mixin.py:188} INFO - [2026-04-13T15:19:32.792+0000] {dagbag.py:538} INFO - Filling up the DagBag from /opt/airflow/dags/sales_pipeline_dag.py
[2026-04-13T15:19:32.924+0000] {logging_mixin.py:188} INFO - [2026-04-13T15:19:32.896+0000] {dagbag.py:348} ERROR - Failed to import: /opt/airflow/dags/sales_pipeline_dag.py
Traceback (most recent call last):
  File "/home/airflow/.local/lib/python3.8/site-packages/airflow/models/dagbag.py", line 344, in parse
    loader.exec_module(new_module)
  File "<frozen importlib._bootstrap_external>", line 843, in exec_module
  File "<frozen importlib._bootstrap>", line 219, in _call_with_frames_removed
  File "/opt/airflow/dags/sales_pipeline_dag.py", line 4, in <module>
    from week3.sales_pipeline import SalesPipeline
  File "/opt/airflow/project/week3/sales_pipeline.py", line 5, in <module>
    from week3.config import Config
  File "/opt/airflow/project/week3/config.py", line 1, in <module>
    from pydantic_settings import BaseSettings
ModuleNotFoundError: No module named 'pydantic_settings'
[2026-04-13T15:19:32.932+0000] {processor.py:842} WARNING - No viable dags retrieved from /opt/airflow/dags/sales_pipeline_dag.py
[2026-04-13T15:19:33.196+0000] {processor.py:183} INFO - Processing /opt/airflow/dags/sales_pipeline_dag.py took 0.419 seconds
[2026-04-13T15:20:03.465+0000] {processor.py:161} INFO - Started process (PID=177) to work on /opt/airflow/dags/sales_pipeline_dag.py
[2026-04-13T15:20:03.469+0000] {processor.py:830} INFO - Processing file /opt/airflow/dags/sales_pipeline_dag.py for tasks to queue
[2026-04-13T15:20:03.471+0000] {logging_mixin.py:188} INFO - [2026-04-13T15:20:03.471+0000] {dagbag.py:538} INFO - Filling up the DagBag from /opt/airflow/dags/sales_pipeline_dag.py
[2026-04-13T15:20:03.619+0000] {logging_mixin.py:188} INFO - [2026-04-13T15:20:03.588+0000] {dagbag.py:348} ERROR - Failed to import: /opt/airflow/dags/sales_pipeline_dag.py
Traceback (most recent call last):
  File "/home/airflow/.local/lib/python3.8/site-packages/airflow/models/dagbag.py", line 344, in parse
    loader.exec_module(new_module)
  File "<frozen importlib._bootstrap_external>", line 843, in exec_module
  File "<frozen importlib._bootstrap>", line 219, in _call_with_frames_removed
  File "/opt/airflow/dags/sales_pipeline_dag.py", line 4, in <module>
    from week3.sales_pipeline import SalesPipeline
  File "/opt/airflow/project/week3/sales_pipeline.py", line 5, in <module>
    from week3.config import Config
  File "/opt/airflow/project/week3/config.py", line 1, in <module>
    from pydantic_settings import BaseSettings
ModuleNotFoundError: No module named 'pydantic_settings'
[2026-04-13T15:20:03.624+0000] {processor.py:842} WARNING - No viable dags retrieved from /opt/airflow/dags/sales_pipeline_dag.py
[2026-04-13T15:20:03.678+0000] {processor.py:183} INFO - Processing /opt/airflow/dags/sales_pipeline_dag.py took 0.218 seconds
[2026-04-13T15:20:33.938+0000] {processor.py:161} INFO - Started process (PID=182) to work on /opt/airflow/dags/sales_pipeline_dag.py
[2026-04-13T15:20:33.942+0000] {processor.py:830} INFO - Processing file /opt/airflow/dags/sales_pipeline_dag.py for tasks to queue
[2026-04-13T15:20:33.952+0000] {logging_mixin.py:188} INFO - [2026-04-13T15:20:33.945+0000] {dagbag.py:538} INFO - Filling up the DagBag from /opt/airflow/dags/sales_pipeline_dag.py
[2026-04-13T15:20:34.094+0000] {logging_mixin.py:188} INFO - [2026-04-13T15:20:34.074+0000] {dagbag.py:348} ERROR - Failed to import: /opt/airflow/dags/sales_pipeline_dag.py
Traceback (most recent call last):
  File "/home/airflow/.local/lib/python3.8/site-packages/airflow/models/dagbag.py", line 344, in parse
    loader.exec_module(new_module)
  File "<frozen importlib._bootstrap_external>", line 843, in exec_module
  File "<frozen importlib._bootstrap>", line 219, in _call_with_frames_removed
  File "/opt/airflow/dags/sales_pipeline_dag.py", line 4, in <module>
    from week3.sales_pipeline import SalesPipeline
  File "/opt/airflow/project/week3/sales_pipeline.py", line 5, in <module>
    from week3.config import Config
  File "/opt/airflow/project/week3/config.py", line 1, in <module>
    from pydantic_settings import BaseSettings
ModuleNotFoundError: No module named 'pydantic_settings'
[2026-04-13T15:20:34.101+0000] {processor.py:842} WARNING - No viable dags retrieved from /opt/airflow/dags/sales_pipeline_dag.py
[2026-04-13T15:20:34.169+0000] {processor.py:183} INFO - Processing /opt/airflow/dags/sales_pipeline_dag.py took 0.276 seconds
[2026-04-13T15:21:04.486+0000] {processor.py:161} INFO - Started process (PID=187) to work on /opt/airflow/dags/sales_pipeline_dag.py
[2026-04-13T15:21:04.491+0000] {processor.py:830} INFO - Processing file /opt/airflow/dags/sales_pipeline_dag.py for tasks to queue
[2026-04-13T15:21:04.503+0000] {logging_mixin.py:188} INFO - [2026-04-13T15:21:04.501+0000] {dagbag.py:538} INFO - Filling up the DagBag from /opt/airflow/dags/sales_pipeline_dag.py
[2026-04-13T15:21:04.715+0000] {logging_mixin.py:188} INFO - [2026-04-13T15:21:04.684+0000] {dagbag.py:348} ERROR - Failed to import: /opt/airflow/dags/sales_pipeline_dag.py
Traceback (most recent call last):
  File "/home/airflow/.local/lib/python3.8/site-packages/airflow/models/dagbag.py", line 344, in parse
    loader.exec_module(new_module)
  File "<frozen importlib._bootstrap_external>", line 843, in exec_module
  File "<frozen importlib._bootstrap>", line 219, in _call_with_frames_removed
  File "/opt/airflow/dags/sales_pipeline_dag.py", line 4, in <module>
    from week3.sales_pipeline import SalesPipeline
  File "/opt/airflow/project/week3/sales_pipeline.py", line 5, in <module>
    from week3.config import Config
  File "/opt/airflow/project/week3/config.py", line 1, in <module>
    from pydantic_settings import BaseSettings
ModuleNotFoundError: No module named 'pydantic_settings'
[2026-04-13T15:21:04.725+0000] {processor.py:842} WARNING - No viable dags retrieved from /opt/airflow/dags/sales_pipeline_dag.py
[2026-04-13T15:21:04.797+0000] {processor.py:183} INFO - Processing /opt/airflow/dags/sales_pipeline_dag.py took 0.365 seconds
[2026-04-13T15:21:35.456+0000] {processor.py:161} INFO - Started process (PID=192) to work on /opt/airflow/dags/sales_pipeline_dag.py
[2026-04-13T15:21:35.468+0000] {processor.py:830} INFO - Processing file /opt/airflow/dags/sales_pipeline_dag.py for tasks to queue
[2026-04-13T15:21:35.476+0000] {logging_mixin.py:188} INFO - [2026-04-13T15:21:35.472+0000] {dagbag.py:538} INFO - Filling up the DagBag from /opt/airflow/dags/sales_pipeline_dag.py
[2026-04-13T15:21:35.668+0000] {logging_mixin.py:188} INFO - [2026-04-13T15:21:35.637+0000] {dagbag.py:348} ERROR - Failed to import: /opt/airflow/dags/sales_pipeline_dag.py
Traceback (most recent call last):
  File "/home/airflow/.local/lib/python3.8/site-packages/airflow/models/dagbag.py", line 344, in parse
    loader.exec_module(new_module)
  File "<frozen importlib._bootstrap_external>", line 843, in exec_module
  File "<frozen importlib._bootstrap>", line 219, in _call_with_frames_removed
  File "/opt/airflow/dags/sales_pipeline_dag.py", line 4, in <module>
    from week3.sales_pipeline import SalesPipeline
  File "/opt/airflow/project/week3/sales_pipeline.py", line 5, in <module>
    from week3.config import Config
  File "/opt/airflow/project/week3/config.py", line 1, in <module>
    from pydantic_settings import BaseSettings
ModuleNotFoundError: No module named 'pydantic_settings'
[2026-04-13T15:21:35.681+0000] {processor.py:842} WARNING - No viable dags retrieved from /opt/airflow/dags/sales_pipeline_dag.py
[2026-04-13T15:21:35.848+0000] {processor.py:183} INFO - Processing /opt/airflow/dags/sales_pipeline_dag.py took 0.472 seconds
[2026-04-13T15:22:06.126+0000] {processor.py:161} INFO - Started process (PID=197) to work on /opt/airflow/dags/sales_pipeline_dag.py
[2026-04-13T15:22:06.128+0000] {processor.py:830} INFO - Processing file /opt/airflow/dags/sales_pipeline_dag.py for tasks to queue
[2026-04-13T15:22:06.133+0000] {logging_mixin.py:188} INFO - [2026-04-13T15:22:06.132+0000] {dagbag.py:538} INFO - Filling up the DagBag from /opt/airflow/dags/sales_pipeline_dag.py
[2026-04-13T15:22:06.241+0000] {logging_mixin.py:188} INFO - [2026-04-13T15:22:06.222+0000] {dagbag.py:348} ERROR - Failed to import: /opt/airflow/dags/sales_pipeline_dag.py
Traceback (most recent call last):
  File "/home/airflow/.local/lib/python3.8/site-packages/airflow/models/dagbag.py", line 344, in parse
    loader.exec_module(new_module)
  File "<frozen importlib._bootstrap_external>", line 843, in exec_module
  File "<frozen importlib._bootstrap>", line 219, in _call_with_frames_removed
  File "/opt/airflow/dags/sales_pipeline_dag.py", line 4, in <module>
    from week3.sales_pipeline import SalesPipeline
  File "/opt/airflow/project/week3/sales_pipeline.py", line 5, in <module>
    from week3.config import Config
  File "/opt/airflow/project/week3/config.py", line 1, in <module>
    from pydantic_settings import BaseSettings
ModuleNotFoundError: No module named 'pydantic_settings'
[2026-04-13T15:22:06.245+0000] {processor.py:842} WARNING - No viable dags retrieved from /opt/airflow/dags/sales_pipeline_dag.py
[2026-04-13T15:22:06.298+0000] {processor.py:183} INFO - Processing /opt/airflow/dags/sales_pipeline_dag.py took 0.180 seconds
[2026-04-13T15:25:17.668+0000] {processor.py:161} INFO - Started process (PID=168) to work on /opt/airflow/dags/sales_pipeline_dag.py
[2026-04-13T15:25:17.670+0000] {processor.py:830} INFO - Processing file /opt/airflow/dags/sales_pipeline_dag.py for tasks to queue
[2026-04-13T15:25:17.672+0000] {logging_mixin.py:188} INFO - [2026-04-13T15:25:17.672+0000] {dagbag.py:538} INFO - Filling up the DagBag from /opt/airflow/dags/sales_pipeline_dag.py
[2026-04-13T15:25:23.851+0000] {processor.py:840} INFO - DAG(s) 'sales_pipeline' retrieved from /opt/airflow/dags/sales_pipeline_dag.py
[2026-04-13T15:25:22.320+0000] {logging_mixin.py:188} INFO - [2026-04-13T15:25:22.318+0000] {override.py:1769} INFO - Created Permission View: can edit on DAG:sales_pipeline
[2026-04-13T15:25:22.366+0000] {logging_mixin.py:188} INFO - [2026-04-13T15:25:22.365+0000] {override.py:1769} INFO - Created Permission View: can delete on DAG:sales_pipeline
[2026-04-13T15:25:22.404+0000] {logging_mixin.py:188} INFO - [2026-04-13T15:25:22.400+0000] {override.py:1769} INFO - Created Permission View: can read on DAG:sales_pipeline
[2026-04-13T15:25:22.406+0000] {logging_mixin.py:188} INFO - [2026-04-13T15:25:22.406+0000] {dag.py:3036} INFO - Sync 1 DAGs
[2026-04-13T15:25:22.455+0000] {logging_mixin.py:188} INFO - [2026-04-13T15:25:22.449+0000] {dag.py:3058} INFO - Creating ORM DAG for sales_pipeline
[2026-04-13T15:25:22.500+0000] {logging_mixin.py:188} INFO - [2026-04-13T15:25:22.499+0000] {dag.py:3823} INFO - Setting next_dagrun for sales_pipeline to 2026-04-12 00:00:00+00:00, run_after=2026-04-13 00:00:00+00:00
[2026-04-13T15:25:22.585+0000] {processor.py:183} INFO - Processing /opt/airflow/dags/sales_pipeline_dag.py took 7.229 seconds
[2026-04-13T15:25:53.242+0000] {processor.py:161} INFO - Started process (PID=174) to work on /opt/airflow/dags/sales_pipeline_dag.py
[2026-04-13T15:25:53.250+0000] {processor.py:830} INFO - Processing file /opt/airflow/dags/sales_pipeline_dag.py for tasks to queue
[2026-04-13T15:25:53.252+0000] {logging_mixin.py:188} INFO - [2026-04-13T15:25:53.252+0000] {dagbag.py:538} INFO - Filling up the DagBag from /opt/airflow/dags/sales_pipeline_dag.py
[2026-04-13T15:26:17.359+0000] {processor.py:840} INFO - DAG(s) 'sales_pipeline' retrieved from /opt/airflow/dags/sales_pipeline_dag.py
[2026-04-13T15:26:17.570+0000] {logging_mixin.py:188} INFO - [2026-04-13T15:26:17.569+0000] {dag.py:3036} INFO - Sync 1 DAGs
[2026-04-13T15:26:17.728+0000] {logging_mixin.py:188} INFO - [2026-04-13T15:26:17.727+0000] {dag.py:3823} INFO - Setting next_dagrun for sales_pipeline to 2026-04-12 00:00:00+00:00, run_after=2026-04-13 00:00:00+00:00
[2026-04-13T15:26:17.808+0000] {processor.py:183} INFO - Processing /opt/airflow/dags/sales_pipeline_dag.py took 26.877 seconds
[2026-04-13T15:26:48.142+0000] {processor.py:161} INFO - Started process (PID=180) to work on /opt/airflow/dags/sales_pipeline_dag.py
[2026-04-13T15:26:48.144+0000] {processor.py:830} INFO - Processing file /opt/airflow/dags/sales_pipeline_dag.py for tasks to queue
[2026-04-13T15:26:48.147+0000] {logging_mixin.py:188} INFO - [2026-04-13T15:26:48.146+0000] {dagbag.py:538} INFO - Filling up the DagBag from /opt/airflow/dags/sales_pipeline_dag.py
[2026-04-13T15:26:51.586+0000] {processor.py:840} INFO - DAG(s) 'sales_pipeline' retrieved from /opt/airflow/dags/sales_pipeline_dag.py
[2026-04-13T15:26:51.784+0000] {logging_mixin.py:188} INFO - [2026-04-13T15:26:51.782+0000] {dag.py:3036} INFO - Sync 1 DAGs
[2026-04-13T15:26:51.972+0000] {logging_mixin.py:188} INFO - [2026-04-13T15:26:51.971+0000] {dag.py:3823} INFO - Setting next_dagrun for sales_pipeline to 2026-04-12 00:00:00+00:00, run_after=2026-04-13 00:00:00+00:00
[2026-04-13T15:26:52.093+0000] {processor.py:183} INFO - Processing /opt/airflow/dags/sales_pipeline_dag.py took 3.960 seconds
[2026-04-13T15:27:22.639+0000] {processor.py:161} INFO - Started process (PID=186) to work on /opt/airflow/dags/sales_pipeline_dag.py
[2026-04-13T15:27:22.649+0000] {processor.py:830} INFO - Processing file /opt/airflow/dags/sales_pipeline_dag.py for tasks to queue
[2026-04-13T15:27:22.652+0000] {logging_mixin.py:188} INFO - [2026-04-13T15:27:22.651+0000] {dagbag.py:538} INFO - Filling up the DagBag from /opt/airflow/dags/sales_pipeline_dag.py
[2026-04-13T15:27:24.878+0000] {processor.py:840} INFO - DAG(s) 'sales_pipeline' retrieved from /opt/airflow/dags/sales_pipeline_dag.py
[2026-04-13T15:27:25.059+0000] {logging_mixin.py:188} INFO - [2026-04-13T15:27:25.057+0000] {dag.py:3036} INFO - Sync 1 DAGs
[2026-04-13T15:27:25.169+0000] {logging_mixin.py:188} INFO - [2026-04-13T15:27:25.169+0000] {dag.py:3823} INFO - Setting next_dagrun for sales_pipeline to 2026-04-12 00:00:00+00:00, run_after=2026-04-13 00:00:00+00:00
[2026-04-13T15:27:25.261+0000] {processor.py:183} INFO - Processing /opt/airflow/dags/sales_pipeline_dag.py took 2.674 seconds
[2026-04-13T15:27:55.915+0000] {processor.py:161} INFO - Started process (PID=192) to work on /opt/airflow/dags/sales_pipeline_dag.py
[2026-04-13T15:27:55.918+0000] {processor.py:830} INFO - Processing file /opt/airflow/dags/sales_pipeline_dag.py for tasks to queue
[2026-04-13T15:27:55.925+0000] {logging_mixin.py:188} INFO - [2026-04-13T15:27:55.924+0000] {dagbag.py:538} INFO - Filling up the DagBag from /opt/airflow/dags/sales_pipeline_dag.py
[2026-04-13T15:27:58.064+0000] {processor.py:840} INFO - DAG(s) 'sales_pipeline' retrieved from /opt/airflow/dags/sales_pipeline_dag.py
[2026-04-13T15:27:58.164+0000] {logging_mixin.py:188} INFO - [2026-04-13T15:27:58.159+0000] {dag.py:3036} INFO - Sync 1 DAGs
[2026-04-13T15:27:58.236+0000] {logging_mixin.py:188} INFO - [2026-04-13T15:27:58.235+0000] {dag.py:3823} INFO - Setting next_dagrun for sales_pipeline to 2026-04-12 00:00:00+00:00, run_after=2026-04-13 00:00:00+00:00
[2026-04-13T15:27:58.307+0000] {processor.py:183} INFO - Processing /opt/airflow/dags/sales_pipeline_dag.py took 2.403 seconds
[2026-04-13T15:28:30.174+0000] {processor.py:161} INFO - Started process (PID=202) to work on /opt/airflow/dags/sales_pipeline_dag.py
[2026-04-13T15:28:30.412+0000] {processor.py:830} INFO - Processing file /opt/airflow/dags/sales_pipeline_dag.py for tasks to queue
[2026-04-13T15:28:30.424+0000] {logging_mixin.py:188} INFO - [2026-04-13T15:28:30.413+0000] {dagbag.py:538} INFO - Filling up the DagBag from /opt/airflow/dags/sales_pipeline_dag.py
[2026-04-13T15:28:36.924+0000] {processor.py:840} INFO - DAG(s) 'sales_pipeline' retrieved from /opt/airflow/dags/sales_pipeline_dag.py
[2026-04-13T15:28:37.001+0000] {logging_mixin.py:188} INFO - [2026-04-13T15:28:37.000+0000] {dag.py:3036} INFO - Sync 1 DAGs
[2026-04-13T15:28:37.061+0000] {logging_mixin.py:188} INFO - [2026-04-13T15:28:37.061+0000] {dag.py:3823} INFO - Setting next_dagrun for sales_pipeline to 2026-04-13 00:00:00+00:00, run_after=2026-04-14 00:00:00+00:00
[2026-04-13T15:28:37.309+0000] {processor.py:183} INFO - Processing /opt/airflow/dags/sales_pipeline_dag.py took 9.910 seconds
[2026-04-13T15:29:08.021+0000] {processor.py:161} INFO - Started process (PID=210) to work on /opt/airflow/dags/sales_pipeline_dag.py
[2026-04-13T15:29:08.024+0000] {processor.py:830} INFO - Processing file /opt/airflow/dags/sales_pipeline_dag.py for tasks to queue
[2026-04-13T15:29:08.031+0000] {logging_mixin.py:188} INFO - [2026-04-13T15:29:08.030+0000] {dagbag.py:538} INFO - Filling up the DagBag from /opt/airflow/dags/sales_pipeline_dag.py
[2026-04-13T15:29:10.681+0000] {processor.py:840} INFO - DAG(s) 'sales_pipeline' retrieved from /opt/airflow/dags/sales_pipeline_dag.py
[2026-04-13T15:29:10.799+0000] {logging_mixin.py:188} INFO - [2026-04-13T15:29:10.793+0000] {dag.py:3036} INFO - Sync 1 DAGs
[2026-04-13T15:29:10.900+0000] {logging_mixin.py:188} INFO - [2026-04-13T15:29:10.899+0000] {dag.py:3823} INFO - Setting next_dagrun for sales_pipeline to 2026-04-13 00:00:00+00:00, run_after=2026-04-14 00:00:00+00:00
[2026-04-13T15:29:10.973+0000] {processor.py:183} INFO - Processing /opt/airflow/dags/sales_pipeline_dag.py took 2.964 seconds
[2026-04-13T15:29:41.509+0000] {processor.py:161} INFO - Started process (PID=216) to work on /opt/airflow/dags/sales_pipeline_dag.py
[2026-04-13T15:29:41.511+0000] {processor.py:830} INFO - Processing file /opt/airflow/dags/sales_pipeline_dag.py for tasks to queue
[2026-04-13T15:29:41.513+0000] {logging_mixin.py:188} INFO - [2026-04-13T15:29:41.512+0000] {dagbag.py:538} INFO - Filling up the DagBag from /opt/airflow/dags/sales_pipeline_dag.py
[2026-04-13T15:29:43.454+0000] {processor.py:840} INFO - DAG(s) 'sales_pipeline' retrieved from /opt/airflow/dags/sales_pipeline_dag.py
[2026-04-13T15:29:43.583+0000] {logging_mixin.py:188} INFO - [2026-04-13T15:29:43.582+0000] {dag.py:3036} INFO - Sync 1 DAGs
[2026-04-13T15:29:43.663+0000] {logging_mixin.py:188} INFO - [2026-04-13T15:29:43.663+0000] {dag.py:3823} INFO - Setting next_dagrun for sales_pipeline to 2026-04-13 00:00:00+00:00, run_after=2026-04-14 00:00:00+00:00
[2026-04-13T15:29:43.729+0000] {processor.py:183} INFO - Processing /opt/airflow/dags/sales_pipeline_dag.py took 2.235 seconds
[2026-04-13T15:30:13.896+0000] {processor.py:161} INFO - Started process (PID=222) to work on /opt/airflow/dags/sales_pipeline_dag.py
[2026-04-13T15:30:13.898+0000] {processor.py:830} INFO - Processing file /opt/airflow/dags/sales_pipeline_dag.py for tasks to queue
[2026-04-13T15:30:13.904+0000] {logging_mixin.py:188} INFO - [2026-04-13T15:30:13.899+0000] {dagbag.py:538} INFO - Filling up the DagBag from /opt/airflow/dags/sales_pipeline_dag.py
[2026-04-13T15:30:15.977+0000] {processor.py:840} INFO - DAG(s) 'sales_pipeline' retrieved from /opt/airflow/dags/sales_pipeline_dag.py
[2026-04-13T15:30:16.066+0000] {logging_mixin.py:188} INFO - [2026-04-13T15:30:16.064+0000] {dag.py:3036} INFO - Sync 1 DAGs
[2026-04-13T15:30:16.158+0000] {logging_mixin.py:188} INFO - [2026-04-13T15:30:16.157+0000] {dag.py:3823} INFO - Setting next_dagrun for sales_pipeline to 2026-04-13 00:00:00+00:00, run_after=2026-04-14 00:00:00+00:00
[2026-04-13T15:30:16.258+0000] {processor.py:183} INFO - Processing /opt/airflow/dags/sales_pipeline_dag.py took 2.371 seconds
[2026-04-13T15:30:46.632+0000] {processor.py:161} INFO - Started process (PID=228) to work on /opt/airflow/dags/sales_pipeline_dag.py
[2026-04-13T15:30:46.634+0000] {processor.py:830} INFO - Processing file /opt/airflow/dags/sales_pipeline_dag.py for tasks to queue
[2026-04-13T15:30:46.640+0000] {logging_mixin.py:188} INFO - [2026-04-13T15:30:46.640+0000] {dagbag.py:538} INFO - Filling up the DagBag from /opt/airflow/dags/sales_pipeline_dag.py
[2026-04-13T15:30:49.100+0000] {processor.py:840} INFO - DAG(s) 'sales_pipeline' retrieved from /opt/airflow/dags/sales_pipeline_dag.py
[2026-04-13T15:30:49.193+0000] {logging_mixin.py:188} INFO - [2026-04-13T15:30:49.192+0000] {dag.py:3036} INFO - Sync 1 DAGs
[2026-04-13T15:30:49.264+0000] {logging_mixin.py:188} INFO - [2026-04-13T15:30:49.263+0000] {dag.py:3823} INFO - Setting next_dagrun for sales_pipeline to 2026-04-13 00:00:00+00:00, run_after=2026-04-14 00:00:00+00:00
[2026-04-13T15:30:49.339+0000] {processor.py:183} INFO - Processing /opt/airflow/dags/sales_pipeline_dag.py took 2.717 seconds
[2026-04-13T15:31:20.075+0000] {processor.py:161} INFO - Started process (PID=234) to work on /opt/airflow/dags/sales_pipeline_dag.py
[2026-04-13T15:31:20.080+0000] {processor.py:830} INFO - Processing file /opt/airflow/dags/sales_pipeline_dag.py for tasks to queue
[2026-04-13T15:31:20.087+0000] {logging_mixin.py:188} INFO - [2026-04-13T15:31:20.086+0000] {dagbag.py:538} INFO - Filling up the DagBag from /opt/airflow/dags/sales_pipeline_dag.py
[2026-04-13T15:31:22.527+0000] {processor.py:840} INFO - DAG(s) 'sales_pipeline' retrieved from /opt/airflow/dags/sales_pipeline_dag.py
[2026-04-13T15:31:22.625+0000] {logging_mixin.py:188} INFO - [2026-04-13T15:31:22.619+0000] {dag.py:3036} INFO - Sync 1 DAGs
[2026-04-13T15:31:22.707+0000] {logging_mixin.py:188} INFO - [2026-04-13T15:31:22.707+0000] {dag.py:3823} INFO - Setting next_dagrun for sales_pipeline to 2026-04-13 00:00:00+00:00, run_after=2026-04-14 00:00:00+00:00
[2026-04-13T15:31:22.789+0000] {processor.py:183} INFO - Processing /opt/airflow/dags/sales_pipeline_dag.py took 2.724 seconds
[2026-04-13T15:31:53.021+0000] {processor.py:161} INFO - Started process (PID=240) to work on /opt/airflow/dags/sales_pipeline_dag.py
[2026-04-13T15:31:53.023+0000] {processor.py:830} INFO - Processing file /opt/airflow/dags/sales_pipeline_dag.py for tasks to queue
[2026-04-13T15:31:53.031+0000] {logging_mixin.py:188} INFO - [2026-04-13T15:31:53.030+0000] {dagbag.py:538} INFO - Filling up the DagBag from /opt/airflow/dags/sales_pipeline_dag.py
[2026-04-13T15:31:55.373+0000] {processor.py:840} INFO - DAG(s) 'sales_pipeline' retrieved from /opt/airflow/dags/sales_pipeline_dag.py
[2026-04-13T15:31:55.470+0000] {logging_mixin.py:188} INFO - [2026-04-13T15:31:55.469+0000] {dag.py:3036} INFO - Sync 1 DAGs
[2026-04-13T15:31:55.560+0000] {logging_mixin.py:188} INFO - [2026-04-13T15:31:55.560+0000] {dag.py:3823} INFO - Setting next_dagrun for sales_pipeline to 2026-04-13 00:00:00+00:00, run_after=2026-04-14 00:00:00+00:00
[2026-04-13T15:31:55.689+0000] {processor.py:183} INFO - Processing /opt/airflow/dags/sales_pipeline_dag.py took 2.677 seconds
[2026-04-13T15:32:26.276+0000] {processor.py:161} INFO - Started process (PID=246) to work on /opt/airflow/dags/sales_pipeline_dag.py
[2026-04-13T15:32:26.278+0000] {processor.py:830} INFO - Processing file /opt/airflow/dags/sales_pipeline_dag.py for tasks to queue
[2026-04-13T15:32:26.286+0000] {logging_mixin.py:188} INFO - [2026-04-13T15:32:26.285+0000] {dagbag.py:538} INFO - Filling up the DagBag from /opt/airflow/dags/sales_pipeline_dag.py
[2026-04-13T15:32:29.087+0000] {processor.py:840} INFO - DAG(s) 'sales_pipeline' retrieved from /opt/airflow/dags/sales_pipeline_dag.py
[2026-04-13T15:32:29.235+0000] {logging_mixin.py:188} INFO - [2026-04-13T15:32:29.225+0000] {dag.py:3036} INFO - Sync 1 DAGs
[2026-04-13T15:32:29.338+0000] {logging_mixin.py:188} INFO - [2026-04-13T15:32:29.338+0000] {dag.py:3823} INFO - Setting next_dagrun for sales_pipeline to 2026-04-13 00:00:00+00:00, run_after=2026-04-14 00:00:00+00:00
[2026-04-13T15:32:29.467+0000] {processor.py:183} INFO - Processing /opt/airflow/dags/sales_pipeline_dag.py took 3.201 seconds
[2026-04-13T15:32:59.714+0000] {processor.py:161} INFO - Started process (PID=252) to work on /opt/airflow/dags/sales_pipeline_dag.py
[2026-04-13T15:32:59.717+0000] {processor.py:830} INFO - Processing file /opt/airflow/dags/sales_pipeline_dag.py for tasks to queue
[2026-04-13T15:32:59.725+0000] {logging_mixin.py:188} INFO - [2026-04-13T15:32:59.724+0000] {dagbag.py:538} INFO - Filling up the DagBag from /opt/airflow/dags/sales_pipeline_dag.py
[2026-04-13T15:33:02.496+0000] {processor.py:840} INFO - DAG(s) 'sales_pipeline' retrieved from /opt/airflow/dags/sales_pipeline_dag.py
[2026-04-13T15:33:02.613+0000] {logging_mixin.py:188} INFO - [2026-04-13T15:33:02.607+0000] {dag.py:3036} INFO - Sync 1 DAGs
[2026-04-13T15:33:02.716+0000] {logging_mixin.py:188} INFO - [2026-04-13T15:33:02.715+0000] {dag.py:3823} INFO - Setting next_dagrun for sales_pipeline to 2026-04-13 00:00:00+00:00, run_after=2026-04-14 00:00:00+00:00
[2026-04-13T15:33:02.823+0000] {processor.py:183} INFO - Processing /opt/airflow/dags/sales_pipeline_dag.py took 3.127 seconds
[2026-04-13T15:33:33.328+0000] {processor.py:161} INFO - Started process (PID=258) to work on /opt/airflow/dags/sales_pipeline_dag.py
[2026-04-13T15:33:33.334+0000] {processor.py:830} INFO - Processing file /opt/airflow/dags/sales_pipeline_dag.py for tasks to queue
[2026-04-13T15:33:33.336+0000] {logging_mixin.py:188} INFO - [2026-04-13T15:33:33.335+0000] {dagbag.py:538} INFO - Filling up the DagBag from /opt/airflow/dags/sales_pipeline_dag.py
[2026-04-13T15:33:37.358+0000] {processor.py:840} INFO - DAG(s) 'sales_pipeline' retrieved from /opt/airflow/dags/sales_pipeline_dag.py
[2026-04-13T15:33:37.494+0000] {logging_mixin.py:188} INFO - [2026-04-13T15:33:37.488+0000] {dag.py:3036} INFO - Sync 1 DAGs
[2026-04-13T15:33:37.676+0000] {logging_mixin.py:188} INFO - [2026-04-13T15:33:37.675+0000] {dag.py:3823} INFO - Setting next_dagrun for sales_pipeline to 2026-04-13 00:00:00+00:00, run_after=2026-04-14 00:00:00+00:00
[2026-04-13T15:33:37.777+0000] {processor.py:183} INFO - Processing /opt/airflow/dags/sales_pipeline_dag.py took 4.453 seconds
[2026-04-13T15:34:08.444+0000] {processor.py:161} INFO - Started process (PID=264) to work on /opt/airflow/dags/sales_pipeline_dag.py
[2026-04-13T15:34:08.452+0000] {processor.py:830} INFO - Processing file /opt/airflow/dags/sales_pipeline_dag.py for tasks to queue
[2026-04-13T15:34:08.463+0000] {logging_mixin.py:188} INFO - [2026-04-13T15:34:08.461+0000] {dagbag.py:538} INFO - Filling up the DagBag from /opt/airflow/dags/sales_pipeline_dag.py
[2026-04-13T15:34:10.159+0000] {processor.py:840} INFO - DAG(s) 'sales_pipeline' retrieved from /opt/airflow/dags/sales_pipeline_dag.py
[2026-04-13T15:34:10.311+0000] {logging_mixin.py:188} INFO - [2026-04-13T15:34:10.309+0000] {dag.py:3036} INFO - Sync 1 DAGs
[2026-04-13T15:34:10.443+0000] {logging_mixin.py:188} INFO - [2026-04-13T15:34:10.442+0000] {dag.py:3823} INFO - Setting next_dagrun for sales_pipeline to 2026-04-13 00:00:00+00:00, run_after=2026-04-14 00:00:00+00:00
[2026-04-13T15:34:10.543+0000] {processor.py:183} INFO - Processing /opt/airflow/dags/sales_pipeline_dag.py took 4.451 seconds
[2026-04-13T15:36:00.668+0000] {processor.py:161} INFO - Started process (PID=168) to work on /opt/airflow/dags/sales_pipeline_dag.py
[2026-04-13T15:36:00.676+0000] {processor.py:830} INFO - Processing file /opt/airflow/dags/sales_pipeline_dag.py for tasks to queue
[2026-04-13T15:36:00.679+0000] {logging_mixin.py:188} INFO - [2026-04-13T15:36:00.678+0000] {dagbag.py:538} INFO - Filling up the DagBag from /opt/airflow/dags/sales_pipeline_dag.py
[2026-04-13T15:36:19.974+0000] {processor.py:840} INFO - DAG(s) 'sales_pipeline' retrieved from /opt/airflow/dags/sales_pipeline_dag.py
[2026-04-13T15:36:20.251+0000] {logging_mixin.py:188} INFO - [2026-04-13T15:36:20.245+0000] {dag.py:3036} INFO - Sync 1 DAGs
[2026-04-13T15:36:20.372+0000] {logging_mixin.py:188} INFO - [2026-04-13T15:36:20.371+0000] {dag.py:3823} INFO - Setting next_dagrun for sales_pipeline to 2026-04-13 00:00:00+00:00, run_after=2026-04-14 00:00:00+00:00
[2026-04-13T15:36:20.471+0000] {processor.py:183} INFO - Processing /opt/airflow/dags/sales_pipeline_dag.py took 22.119 seconds
[2026-04-13T15:36:51.048+0000] {processor.py:161} INFO - Started process (PID=174) to work on /opt/airflow/dags/sales_pipeline_dag.py
[2026-04-13T15:36:51.056+0000] {processor.py:830} INFO - Processing file /opt/airflow/dags/sales_pipeline_dag.py for tasks to queue
[2026-04-13T15:36:51.058+0000] {logging_mixin.py:188} INFO - [2026-04-13T15:36:51.057+0000] {dagbag.py:538} INFO - Filling up the DagBag from /opt/airflow/dags/sales_pipeline_dag.py
[2026-04-13T15:36:55.939+0000] {processor.py:840} INFO - DAG(s) 'sales_pipeline' retrieved from /opt/airflow/dags/sales_pipeline_dag.py
[2026-04-13T15:36:56.076+0000] {logging_mixin.py:188} INFO - [2026-04-13T15:36:56.069+0000] {dag.py:3036} INFO - Sync 1 DAGs
[2026-04-13T15:36:56.197+0000] {logging_mixin.py:188} INFO - [2026-04-13T15:36:56.196+0000] {dag.py:3823} INFO - Setting next_dagrun for sales_pipeline to 2026-04-13 00:00:00+00:00, run_after=2026-04-14 00:00:00+00:00
[2026-04-13T15:36:56.299+0000] {processor.py:183} INFO - Processing /opt/airflow/dags/sales_pipeline_dag.py took 5.263 seconds
[2026-04-13T15:37:27.543+0000] {processor.py:161} INFO - Started process (PID=180) to work on /opt/airflow/dags/sales_pipeline_dag.py
[2026-04-13T15:37:27.551+0000] {processor.py:830} INFO - Processing file /opt/airflow/dags/sales_pipeline_dag.py for tasks to queue
[2026-04-13T15:37:27.560+0000] {logging_mixin.py:188} INFO - [2026-04-13T15:37:27.559+0000] {dagbag.py:538} INFO - Filling up the DagBag from /opt/airflow/dags/sales_pipeline_dag.py
[2026-04-13T15:37:30.923+0000] {processor.py:840} INFO - DAG(s) 'sales_pipeline' retrieved from /opt/airflow/dags/sales_pipeline_dag.py
[2026-04-13T15:37:31.060+0000] {logging_mixin.py:188} INFO - [2026-04-13T15:37:31.058+0000] {dag.py:3036} INFO - Sync 1 DAGs
[2026-04-13T15:37:31.180+0000] {logging_mixin.py:188} INFO - [2026-04-13T15:37:31.179+0000] {dag.py:3823} INFO - Setting next_dagrun for sales_pipeline to 2026-04-13 00:00:00+00:00, run_after=2026-04-14 00:00:00+00:00
[2026-04-13T15:37:31.262+0000] {processor.py:183} INFO - Processing /opt/airflow/dags/sales_pipeline_dag.py took 3.732 seconds
[2026-04-13T15:38:02.027+0000] {processor.py:161} INFO - Started process (PID=186) to work on /opt/airflow/dags/sales_pipeline_dag.py
[2026-04-13T15:38:02.035+0000] {processor.py:830} INFO - Processing file /opt/airflow/dags/sales_pipeline_dag.py for tasks to queue
[2026-04-13T15:38:02.044+0000] {logging_mixin.py:188} INFO - [2026-04-13T15:38:02.037+0000] {dagbag.py:538} INFO - Filling up the DagBag from /opt/airflow/dags/sales_pipeline_dag.py
[2026-04-13T15:38:06.766+0000] {processor.py:840} INFO - DAG(s) 'sales_pipeline' retrieved from /opt/airflow/dags/sales_pipeline_dag.py
[2026-04-13T15:38:06.975+0000] {logging_mixin.py:188} INFO - [2026-04-13T15:38:06.967+0000] {dag.py:3036} INFO - Sync 1 DAGs
[2026-04-13T15:38:07.155+0000] {logging_mixin.py:188} INFO - [2026-04-13T15:38:07.148+0000] {dag.py:3823} INFO - Setting next_dagrun for sales_pipeline to 2026-04-13 00:00:00+00:00, run_after=2026-04-14 00:00:00+00:00
[2026-04-13T15:38:07.318+0000] {processor.py:183} INFO - Processing /opt/airflow/dags/sales_pipeline_dag.py took 5.303 seconds
[2026-04-13T15:38:37.736+0000] {processor.py:161} INFO - Started process (PID=195) to work on /opt/airflow/dags/sales_pipeline_dag.py
[2026-04-13T15:38:37.744+0000] {processor.py:830} INFO - Processing file /opt/airflow/dags/sales_pipeline_dag.py for tasks to queue
[2026-04-13T15:38:37.747+0000] {logging_mixin.py:188} INFO - [2026-04-13T15:38:37.746+0000] {dagbag.py:538} INFO - Filling up the DagBag from /opt/airflow/dags/sales_pipeline_dag.py
[2026-04-13T15:38:42.736+0000] {processor.py:840} INFO - DAG(s) 'sales_pipeline' retrieved from /opt/airflow/dags/sales_pipeline_dag.py
[2026-04-13T15:38:42.974+0000] {logging_mixin.py:188} INFO - [2026-04-13T15:38:42.967+0000] {dag.py:3036} INFO - Sync 1 DAGs
[2026-04-13T15:38:43.216+0000] {logging_mixin.py:188} INFO - [2026-04-13T15:38:43.204+0000] {dag.py:3823} INFO - Setting next_dagrun for sales_pipeline to 2026-04-13 00:00:00+00:00, run_after=2026-04-14 00:00:00+00:00
[2026-04-13T15:38:43.474+0000] {processor.py:183} INFO - Processing /opt/airflow/dags/sales_pipeline_dag.py took 5.750 seconds
[2026-04-13T15:39:14.037+0000] {processor.py:161} INFO - Started process (PID=201) to work on /opt/airflow/dags/sales_pipeline_dag.py
[2026-04-13T15:39:14.047+0000] {processor.py:830} INFO - Processing file /opt/airflow/dags/sales_pipeline_dag.py for tasks to queue
[2026-04-13T15:39:14.056+0000] {logging_mixin.py:188} INFO - [2026-04-13T15:39:14.055+0000] {dagbag.py:538} INFO - Filling up the DagBag from /opt/airflow/dags/sales_pipeline_dag.py
[2026-04-13T15:39:16.529+0000] {processor.py:840} INFO - DAG(s) 'sales_pipeline' retrieved from /opt/airflow/dags/sales_pipeline_dag.py
[2026-04-13T15:39:16.752+0000] {logging_mixin.py:188} INFO - [2026-04-13T15:39:16.749+0000] {dag.py:3036} INFO - Sync 1 DAGs
[2026-04-13T15:39:16.959+0000] {logging_mixin.py:188} INFO - [2026-04-13T15:39:16.952+0000] {dag.py:3823} INFO - Setting next_dagrun for sales_pipeline to 2026-04-13 00:00:00+00:00, run_after=2026-04-14 00:00:00+00:00
[2026-04-13T15:39:17.112+0000] {processor.py:183} INFO - Processing /opt/airflow/dags/sales_pipeline_dag.py took 5.390 seconds
[2026-04-13T15:39:48.028+0000] {processor.py:161} INFO - Started process (PID=207) to work on /opt/airflow/dags/sales_pipeline_dag.py
[2026-04-13T15:39:48.039+0000] {processor.py:830} INFO - Processing file /opt/airflow/dags/sales_pipeline_dag.py for tasks to queue
[2026-04-13T15:39:48.042+0000] {logging_mixin.py:188} INFO - [2026-04-13T15:39:48.041+0000] {dagbag.py:538} INFO - Filling up the DagBag from /opt/airflow/dags/sales_pipeline_dag.py
[2026-04-13T15:39:53.280+0000] {processor.py:840} INFO - DAG(s) 'sales_pipeline' retrieved from /opt/airflow/dags/sales_pipeline_dag.py
[2026-04-13T15:39:53.612+0000] {logging_mixin.py:188} INFO - [2026-04-13T15:39:53.610+0000] {dag.py:3036} INFO - Sync 1 DAGs
[2026-04-13T15:39:53.879+0000] {logging_mixin.py:188} INFO - [2026-04-13T15:39:53.878+0000] {dag.py:3823} INFO - Setting next_dagrun for sales_pipeline to 2026-04-13 00:00:00+00:00, run_after=2026-04-14 00:00:00+00:00
[2026-04-13T15:39:54.100+0000] {processor.py:183} INFO - Processing /opt/airflow/dags/sales_pipeline_dag.py took 6.091 seconds
[2026-04-13T15:40:24.787+0000] {processor.py:161} INFO - Started process (PID=213) to work on /opt/airflow/dags/sales_pipeline_dag.py
[2026-04-13T15:40:24.796+0000] {processor.py:830} INFO - Processing file /opt/airflow/dags/sales_pipeline_dag.py for tasks to queue
[2026-04-13T15:40:24.798+0000] {logging_mixin.py:188} INFO - [2026-04-13T15:40:24.797+0000] {dagbag.py:538} INFO - Filling up the DagBag from /opt/airflow/dags/sales_pipeline_dag.py
[2026-04-13T15:40:28.117+0000] {processor.py:840} INFO - DAG(s) 'sales_pipeline' retrieved from /opt/airflow/dags/sales_pipeline_dag.py
[2026-04-13T15:40:28.276+0000] {logging_mixin.py:188} INFO - [2026-04-13T15:40:28.266+0000] {dag.py:3036} INFO - Sync 1 DAGs
[2026-04-13T15:40:28.375+0000] {logging_mixin.py:188} INFO - [2026-04-13T15:40:28.374+0000] {dag.py:3823} INFO - Setting next_dagrun for sales_pipeline to 2026-04-13 00:00:00+00:00, run_after=2026-04-14 00:00:00+00:00
[2026-04-13T15:40:28.477+0000] {processor.py:183} INFO - Processing /opt/airflow/dags/sales_pipeline_dag.py took 3.710 seconds
[2026-04-13T15:40:59.443+0000] {processor.py:161} INFO - Started process (PID=219) to work on /opt/airflow/dags/sales_pipeline_dag.py
[2026-04-13T15:40:59.445+0000] {processor.py:830} INFO - Processing file /opt/airflow/dags/sales_pipeline_dag.py for tasks to queue
[2026-04-13T15:40:59.453+0000] {logging_mixin.py:188} INFO - [2026-04-13T15:40:59.453+0000] {dagbag.py:538} INFO - Filling up the DagBag from /opt/airflow/dags/sales_pipeline_dag.py
[2026-04-13T15:41:03.354+0000] {processor.py:840} INFO - DAG(s) 'sales_pipeline' retrieved from /opt/airflow/dags/sales_pipeline_dag.py
[2026-04-13T15:41:03.514+0000] {logging_mixin.py:188} INFO - [2026-04-13T15:41:03.506+0000] {dag.py:3036} INFO - Sync 1 DAGs
[2026-04-13T15:41:03.645+0000] {logging_mixin.py:188} INFO - [2026-04-13T15:41:03.644+0000] {dag.py:3823} INFO - Setting next_dagrun for sales_pipeline to 2026-04-13 00:00:00+00:00, run_after=2026-04-14 00:00:00+00:00
[2026-04-13T15:41:03.783+0000] {processor.py:183} INFO - Processing /opt/airflow/dags/sales_pipeline_dag.py took 4.359 seconds
[2026-04-13T15:41:19.187+0000] {processor.py:161} INFO - Started process (PID=225) to work on /opt/airflow/dags/sales_pipeline_dag.py
[2026-04-13T15:41:19.189+0000] {processor.py:830} INFO - Processing file /opt/airflow/dags/sales_pipeline_dag.py for tasks to queue
[2026-04-13T15:41:19.198+0000] {logging_mixin.py:188} INFO - [2026-04-13T15:41:19.197+0000] {dagbag.py:538} INFO - Filling up the DagBag from /opt/airflow/dags/sales_pipeline_dag.py
[2026-04-13T15:41:23.378+0000] {processor.py:840} INFO - DAG(s) 'sales_pipeline' retrieved from /opt/airflow/dags/sales_pipeline_dag.py
[2026-04-13T15:41:23.537+0000] {logging_mixin.py:188} INFO - [2026-04-13T15:41:23.530+0000] {dag.py:3036} INFO - Sync 1 DAGs
[2026-04-13T15:41:23.697+0000] {logging_mixin.py:188} INFO - [2026-04-13T15:41:23.689+0000] {dag.py:3823} INFO - Setting next_dagrun for sales_pipeline to 2026-04-13 00:00:00+00:00, run_after=2026-04-14 00:00:00+00:00
[2026-04-13T15:41:23.876+0000] {processor.py:183} INFO - Processing /opt/airflow/dags/sales_pipeline_dag.py took 4.707 seconds
[2026-04-13T15:41:55.168+0000] {processor.py:161} INFO - Started process (PID=239) to work on /opt/airflow/dags/sales_pipeline_dag.py
[2026-04-13T15:41:55.178+0000] {processor.py:830} INFO - Processing file /opt/airflow/dags/sales_pipeline_dag.py for tasks to queue
[2026-04-13T15:41:55.198+0000] {logging_mixin.py:188} INFO - [2026-04-13T15:41:55.197+0000] {dagbag.py:538} INFO - Filling up the DagBag from /opt/airflow/dags/sales_pipeline_dag.py
[2026-04-13T15:42:00.328+0000] {processor.py:840} INFO - DAG(s) 'sales_pipeline' retrieved from /opt/airflow/dags/sales_pipeline_dag.py
[2026-04-13T15:42:00.499+0000] {logging_mixin.py:188} INFO - [2026-04-13T15:42:00.498+0000] {dag.py:3036} INFO - Sync 1 DAGs
[2026-04-13T15:42:00.707+0000] {logging_mixin.py:188} INFO - [2026-04-13T15:42:00.699+0000] {dag.py:3823} INFO - Setting next_dagrun for sales_pipeline to 2026-04-13 00:00:00+00:00, run_after=2026-04-14 00:00:00+00:00
[2026-04-13T15:42:00.939+0000] {processor.py:183} INFO - Processing /opt/airflow/dags/sales_pipeline_dag.py took 5.792 seconds
[2026-04-13T15:42:31.785+0000] {processor.py:161} INFO - Started process (PID=249) to work on /opt/airflow/dags/sales_pipeline_dag.py
[2026-04-13T15:42:31.793+0000] {processor.py:830} INFO - Processing file /opt/airflow/dags/sales_pipeline_dag.py for tasks to queue
[2026-04-13T15:42:31.796+0000] {logging_mixin.py:188} INFO - [2026-04-13T15:42:31.795+0000] {dagbag.py:538} INFO - Filling up the DagBag from /opt/airflow/dags/sales_pipeline_dag.py
[2026-04-13T15:42:39.385+0000] {processor.py:840} INFO - DAG(s) 'sales_pipeline' retrieved from /opt/airflow/dags/sales_pipeline_dag.py
[2026-04-13T15:42:39.655+0000] {logging_mixin.py:188} INFO - [2026-04-13T15:42:39.653+0000] {dag.py:3036} INFO - Sync 1 DAGs
[2026-04-13T15:42:39.934+0000] {logging_mixin.py:188} INFO - [2026-04-13T15:42:39.934+0000] {dag.py:3823} INFO - Setting next_dagrun for sales_pipeline to 2026-04-13 00:00:00+00:00, run_after=2026-04-14 00:00:00+00:00
[2026-04-13T15:42:40.143+0000] {processor.py:183} INFO - Processing /opt/airflow/dags/sales_pipeline_dag.py took 8.370 seconds
[2026-04-13T15:43:10.550+0000] {processor.py:161} INFO - Started process (PID=255) to work on /opt/airflow/dags/sales_pipeline_dag.py
[2026-04-13T15:43:10.559+0000] {processor.py:830} INFO - Processing file /opt/airflow/dags/sales_pipeline_dag.py for tasks to queue
[2026-04-13T15:43:10.578+0000] {logging_mixin.py:188} INFO - [2026-04-13T15:43:10.578+0000] {dagbag.py:538} INFO - Filling up the DagBag from /opt/airflow/dags/sales_pipeline_dag.py
[2026-04-13T15:43:15.488+0000] {processor.py:840} INFO - DAG(s) 'sales_pipeline' retrieved from /opt/airflow/dags/sales_pipeline_dag.py
[2026-04-13T15:43:15.728+0000] {logging_mixin.py:188} INFO - [2026-04-13T15:43:15.720+0000] {dag.py:3036} INFO - Sync 1 DAGs
[2026-04-13T15:43:15.949+0000] {logging_mixin.py:188} INFO - [2026-04-13T15:43:15.948+0000] {dag.py:3823} INFO - Setting next_dagrun for sales_pipeline to 2026-04-13 00:00:00+00:00, run_after=2026-04-14 00:00:00+00:00
[2026-04-13T15:43:16.159+0000] {processor.py:183} INFO - Processing /opt/airflow/dags/sales_pipeline_dag.py took 5.639 seconds
[2026-04-13T15:43:46.706+0000] {processor.py:161} INFO - Started process (PID=261) to work on /opt/airflow/dags/sales_pipeline_dag.py
[2026-04-13T15:43:46.717+0000] {processor.py:830} INFO - Processing file /opt/airflow/dags/sales_pipeline_dag.py for tasks to queue
[2026-04-13T15:43:46.728+0000] {logging_mixin.py:188} INFO - [2026-04-13T15:43:46.727+0000] {dagbag.py:538} INFO - Filling up the DagBag from /opt/airflow/dags/sales_pipeline_dag.py
[2026-04-13T15:43:52.056+0000] {processor.py:840} INFO - DAG(s) 'sales_pipeline' retrieved from /opt/airflow/dags/sales_pipeline_dag.py
[2026-04-13T15:43:52.364+0000] {logging_mixin.py:188} INFO - [2026-04-13T15:43:52.354+0000] {dag.py:3036} INFO - Sync 1 DAGs
[2026-04-13T15:43:52.724+0000] {logging_mixin.py:188} INFO - [2026-04-13T15:43:52.724+0000] {dag.py:3823} INFO - Setting next_dagrun for sales_pipeline to 2026-04-13 00:00:00+00:00, run_after=2026-04-14 00:00:00+00:00
[2026-04-13T15:43:52.894+0000] {processor.py:183} INFO - Processing /opt/airflow/dags/sales_pipeline_dag.py took 8.609 seconds
[2026-04-13T15:44:23.604+0000] {processor.py:161} INFO - Started process (PID=272) to work on /opt/airflow/dags/sales_pipeline_dag.py
[2026-04-13T15:44:23.614+0000] {processor.py:830} INFO - Processing file /opt/airflow/dags/sales_pipeline_dag.py for tasks to queue
[2026-04-13T15:44:23.623+0000] {logging_mixin.py:188} INFO - [2026-04-13T15:44:23.622+0000] {dagbag.py:538} INFO - Filling up the DagBag from /opt/airflow/dags/sales_pipeline_dag.py
[2026-04-13T15:44:41.424+0000] {processor.py:840} INFO - DAG(s) 'sales_pipeline' retrieved from /opt/airflow/dags/sales_pipeline_dag.py
[2026-04-13T15:44:42.154+0000] {logging_mixin.py:188} INFO - [2026-04-13T15:44:42.135+0000] {dag.py:3036} INFO - Sync 1 DAGs
[2026-04-13T15:44:42.753+0000] {logging_mixin.py:188} INFO - [2026-04-13T15:44:42.752+0000] {dag.py:3823} INFO - Setting next_dagrun for sales_pipeline to 2026-04-13 00:00:00+00:00, run_after=2026-04-14 00:00:00+00:00
[2026-04-13T15:44:43.492+0000] {processor.py:183} INFO - Processing /opt/airflow/dags/sales_pipeline_dag.py took 19.909 seconds
[2026-04-13T15:45:14.157+0000] {processor.py:161} INFO - Started process (PID=285) to work on /opt/airflow/dags/sales_pipeline_dag.py
[2026-04-13T15:45:14.159+0000] {processor.py:830} INFO - Processing file /opt/airflow/dags/sales_pipeline_dag.py for tasks to queue
[2026-04-13T15:45:14.169+0000] {logging_mixin.py:188} INFO - [2026-04-13T15:45:14.168+0000] {dagbag.py:538} INFO - Filling up the DagBag from /opt/airflow/dags/sales_pipeline_dag.py
[2026-04-13T15:45:17.149+0000] {processor.py:840} INFO - DAG(s) 'sales_pipeline' retrieved from /opt/airflow/dags/sales_pipeline_dag.py
[2026-04-13T15:45:17.428+0000] {logging_mixin.py:188} INFO - [2026-04-13T15:45:17.427+0000] {dag.py:3036} INFO - Sync 1 DAGs
[2026-04-13T15:45:17.688+0000] {logging_mixin.py:188} INFO - [2026-04-13T15:45:17.687+0000] {dag.py:3823} INFO - Setting next_dagrun for sales_pipeline to 2026-04-13 00:00:00+00:00, run_after=2026-04-14 00:00:00+00:00
[2026-04-13T15:45:17.876+0000] {processor.py:183} INFO - Processing /opt/airflow/dags/sales_pipeline_dag.py took 6.041 seconds
[2026-04-13T15:45:49.129+0000] {processor.py:161} INFO - Started process (PID=291) to work on /opt/airflow/dags/sales_pipeline_dag.py
[2026-04-13T15:45:49.140+0000] {processor.py:830} INFO - Processing file /opt/airflow/dags/sales_pipeline_dag.py for tasks to queue
[2026-04-13T15:45:49.150+0000] {logging_mixin.py:188} INFO - [2026-04-13T15:45:49.149+0000] {dagbag.py:538} INFO - Filling up the DagBag from /opt/airflow/dags/sales_pipeline_dag.py
[2026-04-13T15:45:58.199+0000] {processor.py:840} INFO - DAG(s) 'sales_pipeline' retrieved from /opt/airflow/dags/sales_pipeline_dag.py
[2026-04-13T15:45:58.550+0000] {logging_mixin.py:188} INFO - [2026-04-13T15:45:58.530+0000] {dag.py:3036} INFO - Sync 1 DAGs
[2026-04-13T15:45:58.829+0000] {logging_mixin.py:188} INFO - [2026-04-13T15:45:58.829+0000] {dag.py:3823} INFO - Setting next_dagrun for sales_pipeline to 2026-04-13 00:00:00+00:00, run_after=2026-04-14 00:00:00+00:00
[2026-04-13T15:45:59.058+0000] {processor.py:183} INFO - Processing /opt/airflow/dags/sales_pipeline_dag.py took 9.952 seconds
[2026-04-13T15:46:30.734+0000] {processor.py:161} INFO - Started process (PID=297) to work on /opt/airflow/dags/sales_pipeline_dag.py
[2026-04-13T15:46:30.745+0000] {processor.py:830} INFO - Processing file /opt/airflow/dags/sales_pipeline_dag.py for tasks to queue
[2026-04-13T15:46:30.773+0000] {logging_mixin.py:188} INFO - [2026-04-13T15:46:30.764+0000] {dagbag.py:538} INFO - Filling up the DagBag from /opt/airflow/dags/sales_pipeline_dag.py
[2026-04-13T15:46:37.338+0000] {processor.py:840} INFO - DAG(s) 'sales_pipeline' retrieved from /opt/airflow/dags/sales_pipeline_dag.py
[2026-04-13T15:46:37.717+0000] {logging_mixin.py:188} INFO - [2026-04-13T15:46:37.708+0000] {dag.py:3036} INFO - Sync 1 DAGs
[2026-04-13T15:46:38.037+0000] {logging_mixin.py:188} INFO - [2026-04-13T15:46:38.028+0000] {dag.py:3823} INFO - Setting next_dagrun for sales_pipeline to 2026-04-13 00:00:00+00:00, run_after=2026-04-14 00:00:00+00:00
[2026-04-13T15:46:38.409+0000] {processor.py:183} INFO - Processing /opt/airflow/dags/sales_pipeline_dag.py took 10.032 seconds
[2026-04-13T15:47:09.084+0000] {processor.py:161} INFO - Started process (PID=303) to work on /opt/airflow/dags/sales_pipeline_dag.py
[2026-04-13T15:47:09.093+0000] {processor.py:830} INFO - Processing file /opt/airflow/dags/sales_pipeline_dag.py for tasks to queue
[2026-04-13T15:47:09.104+0000] {logging_mixin.py:188} INFO - [2026-04-13T15:47:09.103+0000] {dagbag.py:538} INFO - Filling up the DagBag from /opt/airflow/dags/sales_pipeline_dag.py
[2026-04-13T15:47:15.193+0000] {processor.py:840} INFO - DAG(s) 'sales_pipeline' retrieved from /opt/airflow/dags/sales_pipeline_dag.py
[2026-04-13T15:47:15.544+0000] {logging_mixin.py:188} INFO - [2026-04-13T15:47:15.533+0000] {dag.py:3036} INFO - Sync 1 DAGs
[2026-04-13T15:47:15.973+0000] {logging_mixin.py:188} INFO - [2026-04-13T15:47:15.972+0000] {dag.py:3823} INFO - Setting next_dagrun for sales_pipeline to 2026-04-13 00:00:00+00:00, run_after=2026-04-14 00:00:00+00:00
[2026-04-13T15:47:16.174+0000] {processor.py:183} INFO - Processing /opt/airflow/dags/sales_pipeline_dag.py took 7.112 seconds
[2026-04-13T15:47:46.891+0000] {processor.py:161} INFO - Started process (PID=309) to work on /opt/airflow/dags/sales_pipeline_dag.py
[2026-04-13T15:47:46.902+0000] {processor.py:830} INFO - Processing file /opt/airflow/dags/sales_pipeline_dag.py for tasks to queue
[2026-04-13T15:47:46.922+0000] {logging_mixin.py:188} INFO - [2026-04-13T15:47:46.913+0000] {dagbag.py:538} INFO - Filling up the DagBag from /opt/airflow/dags/sales_pipeline_dag.py
[2026-04-13T15:47:54.832+0000] {processor.py:840} INFO - DAG(s) 'sales_pipeline' retrieved from /opt/airflow/dags/sales_pipeline_dag.py
[2026-04-13T15:47:55.312+0000] {logging_mixin.py:188} INFO - [2026-04-13T15:47:55.303+0000] {dag.py:3036} INFO - Sync 1 DAGs
[2026-04-13T15:47:55.863+0000] {logging_mixin.py:188} INFO - [2026-04-13T15:47:55.862+0000] {dag.py:3823} INFO - Setting next_dagrun for sales_pipeline to 2026-04-13 00:00:00+00:00, run_after=2026-04-14 00:00:00+00:00
[2026-04-13T15:47:56.372+0000] {processor.py:183} INFO - Processing /opt/airflow/dags/sales_pipeline_dag.py took 9.520 seconds
[2026-04-13T15:48:27.940+0000] {processor.py:161} INFO - Started process (PID=315) to work on /opt/airflow/dags/sales_pipeline_dag.py
[2026-04-13T15:48:27.960+0000] {processor.py:830} INFO - Processing file /opt/airflow/dags/sales_pipeline_dag.py for tasks to queue
[2026-04-13T15:48:27.972+0000] {logging_mixin.py:188} INFO - [2026-04-13T15:48:27.971+0000] {dagbag.py:538} INFO - Filling up the DagBag from /opt/airflow/dags/sales_pipeline_dag.py
[2026-04-13T15:48:37.938+0000] {processor.py:840} INFO - DAG(s) 'sales_pipeline' retrieved from /opt/airflow/dags/sales_pipeline_dag.py
[2026-04-13T15:48:38.259+0000] {logging_mixin.py:188} INFO - [2026-04-13T15:48:38.239+0000] {dag.py:3036} INFO - Sync 1 DAGs
[2026-04-13T15:48:38.599+0000] {logging_mixin.py:188} INFO - [2026-04-13T15:48:38.590+0000] {dag.py:3823} INFO - Setting next_dagrun for sales_pipeline to 2026-04-13 00:00:00+00:00, run_after=2026-04-14 00:00:00+00:00
[2026-04-13T15:48:38.880+0000] {processor.py:183} INFO - Processing /opt/airflow/dags/sales_pipeline_dag.py took 13.311 seconds
[2026-04-13T15:49:09.885+0000] {processor.py:161} INFO - Started process (PID=321) to work on /opt/airflow/dags/sales_pipeline_dag.py
[2026-04-13T15:49:09.896+0000] {processor.py:830} INFO - Processing file /opt/airflow/dags/sales_pipeline_dag.py for tasks to queue
[2026-04-13T15:49:09.907+0000] {logging_mixin.py:188} INFO - [2026-04-13T15:49:09.906+0000] {dagbag.py:538} INFO - Filling up the DagBag from /opt/airflow/dags/sales_pipeline_dag.py
[2026-04-13T15:49:20.876+0000] {processor.py:840} INFO - DAG(s) 'sales_pipeline' retrieved from /opt/airflow/dags/sales_pipeline_dag.py
[2026-04-13T15:49:21.315+0000] {logging_mixin.py:188} INFO - [2026-04-13T15:49:21.306+0000] {dag.py:3036} INFO - Sync 1 DAGs
[2026-04-13T15:49:21.855+0000] {logging_mixin.py:188} INFO - [2026-04-13T15:49:21.847+0000] {dag.py:3823} INFO - Setting next_dagrun for sales_pipeline to 2026-04-13 00:00:00+00:00, run_after=2026-04-14 00:00:00+00:00
[2026-04-13T15:49:22.357+0000] {processor.py:183} INFO - Processing /opt/airflow/dags/sales_pipeline_dag.py took 12.521 seconds
