[2026-05-03T18:35:42.124+0000] {taskinstance.py:1956} INFO - Dependencies all met for dep_context=non-requeueable deps ti=<TaskInstance: dbt_pipeline.dbt_source_freshness scheduled__2026-05-01T00:00:00+00:00 [queued]>
[2026-05-03T18:35:42.307+0000] {taskinstance.py:1956} INFO - Dependencies all met for dep_context=requeueable deps ti=<TaskInstance: dbt_pipeline.dbt_source_freshness scheduled__2026-05-01T00:00:00+00:00 [queued]>
[2026-05-03T18:35:42.308+0000] {taskinstance.py:2170} INFO - Starting attempt 1 of 1
[2026-05-03T18:35:43.025+0000] {taskinstance.py:2191} INFO - Executing <Task(BashOperator): dbt_source_freshness> on 2026-05-01 00:00:00+00:00
[2026-05-03T18:35:43.035+0000] {standard_task_runner.py:60} INFO - Started process 3241 to run task
[2026-05-03T18:35:43.040+0000] {standard_task_runner.py:87} INFO - Running: ['***', 'tasks', 'run', 'dbt_pipeline', 'dbt_source_freshness', 'scheduled__2026-05-01T00:00:00+00:00', '--job-id', '92', '--raw', '--subdir', 'DAGS_FOLDER/dbt_pipeline_dag.py', '--cfg-path', '/tmp/tmpocodnos3']
[2026-05-03T18:35:43.043+0000] {standard_task_runner.py:88} INFO - Job 92: Subtask dbt_source_freshness
[2026-05-03T18:35:43.490+0000] {task_command.py:423} INFO - Running <TaskInstance: dbt_pipeline.dbt_source_freshness scheduled__2026-05-01T00:00:00+00:00 [running]> on host c5c53f6c77ae
[2026-05-03T18:35:44.138+0000] {taskinstance.py:2480} INFO - Exporting env vars: AIRFLOW_CTX_DAG_OWNER='***' AIRFLOW_CTX_DAG_ID='dbt_pipeline' AIRFLOW_CTX_TASK_ID='dbt_source_freshness' AIRFLOW_CTX_EXECUTION_DATE='2026-05-01T00:00:00+00:00' AIRFLOW_CTX_TRY_NUMBER='1' AIRFLOW_CTX_DAG_RUN_ID='scheduled__2026-05-01T00:00:00+00:00'
[2026-05-03T18:35:44.141+0000] {subprocess.py:63} INFO - Tmp dir root location: /tmp
[2026-05-03T18:35:44.597+0000] {subprocess.py:75} INFO - Running command: ['/usr/bin/bash', '-c', 'cd /opt/***/project/week7/de_journey && dbt source freshness --profiles-dir /opt/***/project/week7/de_journey --no-version-check']
[2026-05-03T18:35:44.638+0000] {subprocess.py:86} INFO - Output:
[2026-05-03T18:35:46.672+0000] {subprocess.py:93} INFO - [0m18:35:46  Running with dbt=1.8.7
[2026-05-03T18:35:48.819+0000] {subprocess.py:93} INFO - [0m18:35:48  Registered adapter: bigquery=1.8.3
[2026-05-03T18:35:53.836+0000] {subprocess.py:93} INFO - [0m18:35:53  Found 2 models, 1 snapshot, 13 data tests, 1 source, 759 macros
[2026-05-03T18:35:53.859+0000] {subprocess.py:93} INFO - [0m18:35:53
[2026-05-03T18:35:53.862+0000] {subprocess.py:93} INFO - [0m18:35:53  Nothing to do. Try checking your model configs and model specification args
[2026-05-03T18:35:54.201+0000] {subprocess.py:93} INFO - [0m18:35:54  Done.
[2026-05-03T18:35:55.510+0000] {subprocess.py:97} INFO - Command exited with return code 0
[2026-05-03T18:35:55.891+0000] {taskinstance.py:1138} INFO - Marking task as SUCCESS. dag_id=dbt_pipeline, task_id=dbt_source_freshness, execution_date=20260501T000000, start_date=20260503T183542, end_date=20260503T183555
[2026-05-03T18:35:56.097+0000] {local_task_job_runner.py:234} INFO - Task exited with return code 0
[2026-05-03T18:35:56.136+0000] {taskinstance.py:3280} INFO - 0 downstream tasks scheduled from follow-on schedule check
