[2026-05-09T21:36:28.573+0000] {processor.py:161} INFO - Started process (PID=6712) to work on /opt/airflow/dags/spark_pipeline_dag.py
[2026-05-09T21:36:28.574+0000] {processor.py:830} INFO - Processing file /opt/airflow/dags/spark_pipeline_dag.py for tasks to queue
[2026-05-09T21:36:28.576+0000] {logging_mixin.py:188} INFO - [2026-05-09T21:36:28.576+0000] {dagbag.py:538} INFO - Filling up the DagBag from /opt/airflow/dags/spark_pipeline_dag.py
[2026-05-09T21:36:28.629+0000] {processor.py:840} INFO - DAG(s) 'spark_pipeline' retrieved from /opt/airflow/dags/spark_pipeline_dag.py
[2026-05-09T21:36:28.884+0000] {logging_mixin.py:188} INFO - [2026-05-09T21:36:28.884+0000] {dag.py:3036} INFO - Sync 1 DAGs
[2026-05-09T21:36:28.928+0000] {logging_mixin.py:188} INFO - [2026-05-09T21:36:28.927+0000] {dag.py:3823} INFO - Setting next_dagrun for spark_pipeline to 2026-05-09 00:00:00+00:00, run_after=2026-05-10 00:00:00+00:00
[2026-05-09T21:36:28.977+0000] {processor.py:183} INFO - Processing /opt/airflow/dags/spark_pipeline_dag.py took 0.409 seconds
[2026-05-09T21:37:03.443+0000] {processor.py:161} INFO - Started process (PID=6728) to work on /opt/airflow/dags/spark_pipeline_dag.py
[2026-05-09T21:37:03.444+0000] {processor.py:830} INFO - Processing file /opt/airflow/dags/spark_pipeline_dag.py for tasks to queue
[2026-05-09T21:37:03.447+0000] {logging_mixin.py:188} INFO - [2026-05-09T21:37:03.446+0000] {dagbag.py:538} INFO - Filling up the DagBag from /opt/airflow/dags/spark_pipeline_dag.py
[2026-05-09T21:37:03.492+0000] {processor.py:840} INFO - DAG(s) 'spark_pipeline' retrieved from /opt/airflow/dags/spark_pipeline_dag.py
[2026-05-09T21:36:56.113+0000] {logging_mixin.py:188} INFO - [2026-05-09T21:36:56.112+0000] {dag.py:3036} INFO - Sync 1 DAGs
[2026-05-09T21:36:56.163+0000] {logging_mixin.py:188} INFO - [2026-05-09T21:36:56.163+0000] {dag.py:3823} INFO - Setting next_dagrun for spark_pipeline to 2026-05-09 00:00:00+00:00, run_after=2026-05-10 00:00:00+00:00
[2026-05-09T21:36:56.397+0000] {processor.py:183} INFO - Processing /opt/airflow/dags/spark_pipeline_dag.py took 0.399 seconds
[2026-05-09T21:37:27.269+0000] {processor.py:161} INFO - Started process (PID=6744) to work on /opt/airflow/dags/spark_pipeline_dag.py
[2026-05-09T21:37:27.272+0000] {processor.py:830} INFO - Processing file /opt/airflow/dags/spark_pipeline_dag.py for tasks to queue
[2026-05-09T21:37:27.274+0000] {logging_mixin.py:188} INFO - [2026-05-09T21:37:27.273+0000] {dagbag.py:538} INFO - Filling up the DagBag from /opt/airflow/dags/spark_pipeline_dag.py
[2026-05-09T21:37:27.360+0000] {processor.py:840} INFO - DAG(s) 'spark_pipeline' retrieved from /opt/airflow/dags/spark_pipeline_dag.py
[2026-05-09T21:37:27.764+0000] {logging_mixin.py:188} INFO - [2026-05-09T21:37:27.763+0000] {dag.py:3036} INFO - Sync 1 DAGs
[2026-05-09T21:37:27.841+0000] {logging_mixin.py:188} INFO - [2026-05-09T21:37:27.841+0000] {dag.py:3823} INFO - Setting next_dagrun for spark_pipeline to 2026-05-09 00:00:00+00:00, run_after=2026-05-10 00:00:00+00:00
[2026-05-09T21:37:27.929+0000] {processor.py:183} INFO - Processing /opt/airflow/dags/spark_pipeline_dag.py took 0.667 seconds
[2026-05-09T21:37:51.221+0000] {processor.py:161} INFO - Started process (PID=6760) to work on /opt/airflow/dags/spark_pipeline_dag.py
[2026-05-09T21:37:51.223+0000] {processor.py:830} INFO - Processing file /opt/airflow/dags/spark_pipeline_dag.py for tasks to queue
[2026-05-09T21:37:51.227+0000] {logging_mixin.py:188} INFO - [2026-05-09T21:37:51.226+0000] {dagbag.py:538} INFO - Filling up the DagBag from /opt/airflow/dags/spark_pipeline_dag.py
[2026-05-09T21:37:51.269+0000] {processor.py:840} INFO - DAG(s) 'spark_pipeline' retrieved from /opt/airflow/dags/spark_pipeline_dag.py
[2026-05-09T21:37:51.334+0000] {logging_mixin.py:188} INFO - [2026-05-09T21:37:51.333+0000] {dag.py:3036} INFO - Sync 1 DAGs
[2026-05-09T21:37:51.380+0000] {logging_mixin.py:188} INFO - [2026-05-09T21:37:51.379+0000] {dag.py:3823} INFO - Setting next_dagrun for spark_pipeline to 2026-05-09 00:00:00+00:00, run_after=2026-05-10 00:00:00+00:00
[2026-05-09T21:37:51.424+0000] {processor.py:183} INFO - Processing /opt/airflow/dags/spark_pipeline_dag.py took 0.209 seconds
[2026-05-09T21:38:22.392+0000] {processor.py:161} INFO - Started process (PID=6776) to work on /opt/airflow/dags/spark_pipeline_dag.py
[2026-05-09T21:38:22.393+0000] {processor.py:830} INFO - Processing file /opt/airflow/dags/spark_pipeline_dag.py for tasks to queue
[2026-05-09T21:38:22.395+0000] {logging_mixin.py:188} INFO - [2026-05-09T21:38:22.395+0000] {dagbag.py:538} INFO - Filling up the DagBag from /opt/airflow/dags/spark_pipeline_dag.py
[2026-05-09T21:38:22.433+0000] {processor.py:840} INFO - DAG(s) 'spark_pipeline' retrieved from /opt/airflow/dags/spark_pipeline_dag.py
[2026-05-09T21:38:22.486+0000] {logging_mixin.py:188} INFO - [2026-05-09T21:38:22.486+0000] {dag.py:3036} INFO - Sync 1 DAGs
[2026-05-09T21:38:22.523+0000] {logging_mixin.py:188} INFO - [2026-05-09T21:38:22.523+0000] {dag.py:3823} INFO - Setting next_dagrun for spark_pipeline to 2026-05-09 00:00:00+00:00, run_after=2026-05-10 00:00:00+00:00
[2026-05-09T21:38:22.554+0000] {processor.py:183} INFO - Processing /opt/airflow/dags/spark_pipeline_dag.py took 0.167 seconds
[2026-05-09T21:38:51.321+0000] {processor.py:161} INFO - Started process (PID=6792) to work on /opt/airflow/dags/spark_pipeline_dag.py
[2026-05-09T21:38:51.323+0000] {processor.py:830} INFO - Processing file /opt/airflow/dags/spark_pipeline_dag.py for tasks to queue
[2026-05-09T21:38:51.325+0000] {logging_mixin.py:188} INFO - [2026-05-09T21:38:51.324+0000] {dagbag.py:538} INFO - Filling up the DagBag from /opt/airflow/dags/spark_pipeline_dag.py
[2026-05-09T21:38:51.360+0000] {processor.py:840} INFO - DAG(s) 'spark_pipeline' retrieved from /opt/airflow/dags/spark_pipeline_dag.py
[2026-05-09T21:38:51.413+0000] {logging_mixin.py:188} INFO - [2026-05-09T21:38:51.412+0000] {dag.py:3036} INFO - Sync 1 DAGs
[2026-05-09T21:38:51.457+0000] {logging_mixin.py:188} INFO - [2026-05-09T21:38:51.456+0000] {dag.py:3823} INFO - Setting next_dagrun for spark_pipeline to 2026-05-09 00:00:00+00:00, run_after=2026-05-10 00:00:00+00:00
[2026-05-09T21:38:51.493+0000] {processor.py:183} INFO - Processing /opt/airflow/dags/spark_pipeline_dag.py took 0.176 seconds
[2026-05-09T21:39:23.813+0000] {processor.py:161} INFO - Started process (PID=6803) to work on /opt/airflow/dags/spark_pipeline_dag.py
[2026-05-09T21:39:23.815+0000] {processor.py:830} INFO - Processing file /opt/airflow/dags/spark_pipeline_dag.py for tasks to queue
[2026-05-09T21:39:23.817+0000] {logging_mixin.py:188} INFO - [2026-05-09T21:39:23.816+0000] {dagbag.py:538} INFO - Filling up the DagBag from /opt/airflow/dags/spark_pipeline_dag.py
[2026-05-09T21:39:16.375+0000] {processor.py:840} INFO - DAG(s) 'spark_pipeline' retrieved from /opt/airflow/dags/spark_pipeline_dag.py
[2026-05-09T21:39:16.445+0000] {logging_mixin.py:188} INFO - [2026-05-09T21:39:16.445+0000] {dag.py:3036} INFO - Sync 1 DAGs
[2026-05-09T21:39:16.507+0000] {logging_mixin.py:188} INFO - [2026-05-09T21:39:16.506+0000] {dag.py:3823} INFO - Setting next_dagrun for spark_pipeline to 2026-05-09 00:00:00+00:00, run_after=2026-05-10 00:00:00+00:00
[2026-05-09T21:39:16.548+0000] {processor.py:183} INFO - Processing /opt/airflow/dags/spark_pipeline_dag.py took 0.224 seconds
[2026-05-09T21:39:46.952+0000] {processor.py:161} INFO - Started process (PID=6819) to work on /opt/airflow/dags/spark_pipeline_dag.py
[2026-05-09T21:39:46.954+0000] {processor.py:830} INFO - Processing file /opt/airflow/dags/spark_pipeline_dag.py for tasks to queue
[2026-05-09T21:39:46.956+0000] {logging_mixin.py:188} INFO - [2026-05-09T21:39:46.955+0000] {dagbag.py:538} INFO - Filling up the DagBag from /opt/airflow/dags/spark_pipeline_dag.py
[2026-05-09T21:39:47.000+0000] {processor.py:840} INFO - DAG(s) 'spark_pipeline' retrieved from /opt/airflow/dags/spark_pipeline_dag.py
[2026-05-09T21:39:47.073+0000] {logging_mixin.py:188} INFO - [2026-05-09T21:39:47.073+0000] {dag.py:3036} INFO - Sync 1 DAGs
[2026-05-09T21:39:47.131+0000] {logging_mixin.py:188} INFO - [2026-05-09T21:39:47.130+0000] {dag.py:3823} INFO - Setting next_dagrun for spark_pipeline to 2026-05-09 00:00:00+00:00, run_after=2026-05-10 00:00:00+00:00
[2026-05-09T21:39:47.192+0000] {processor.py:183} INFO - Processing /opt/airflow/dags/spark_pipeline_dag.py took 0.245 seconds
[2026-05-09T21:40:17.276+0000] {processor.py:161} INFO - Started process (PID=6835) to work on /opt/airflow/dags/spark_pipeline_dag.py
[2026-05-09T21:40:17.278+0000] {processor.py:830} INFO - Processing file /opt/airflow/dags/spark_pipeline_dag.py for tasks to queue
[2026-05-09T21:40:17.280+0000] {logging_mixin.py:188} INFO - [2026-05-09T21:40:17.280+0000] {dagbag.py:538} INFO - Filling up the DagBag from /opt/airflow/dags/spark_pipeline_dag.py
[2026-05-09T21:40:17.317+0000] {processor.py:840} INFO - DAG(s) 'spark_pipeline' retrieved from /opt/airflow/dags/spark_pipeline_dag.py
[2026-05-09T21:40:17.367+0000] {logging_mixin.py:188} INFO - [2026-05-09T21:40:17.366+0000] {dag.py:3036} INFO - Sync 1 DAGs
[2026-05-09T21:40:17.405+0000] {logging_mixin.py:188} INFO - [2026-05-09T21:40:17.405+0000] {dag.py:3823} INFO - Setting next_dagrun for spark_pipeline to 2026-05-09 00:00:00+00:00, run_after=2026-05-10 00:00:00+00:00
[2026-05-09T21:40:17.440+0000] {processor.py:183} INFO - Processing /opt/airflow/dags/spark_pipeline_dag.py took 0.168 seconds
[2026-05-09T21:40:47.910+0000] {processor.py:161} INFO - Started process (PID=6851) to work on /opt/airflow/dags/spark_pipeline_dag.py
[2026-05-09T21:40:47.911+0000] {processor.py:830} INFO - Processing file /opt/airflow/dags/spark_pipeline_dag.py for tasks to queue
[2026-05-09T21:40:47.914+0000] {logging_mixin.py:188} INFO - [2026-05-09T21:40:47.913+0000] {dagbag.py:538} INFO - Filling up the DagBag from /opt/airflow/dags/spark_pipeline_dag.py
[2026-05-09T21:40:47.952+0000] {processor.py:840} INFO - DAG(s) 'spark_pipeline' retrieved from /opt/airflow/dags/spark_pipeline_dag.py
[2026-05-09T21:40:48.008+0000] {logging_mixin.py:188} INFO - [2026-05-09T21:40:48.007+0000] {dag.py:3036} INFO - Sync 1 DAGs
[2026-05-09T21:40:48.062+0000] {logging_mixin.py:188} INFO - [2026-05-09T21:40:48.062+0000] {dag.py:3823} INFO - Setting next_dagrun for spark_pipeline to 2026-05-09 00:00:00+00:00, run_after=2026-05-10 00:00:00+00:00
[2026-05-09T21:40:48.267+0000] {processor.py:183} INFO - Processing /opt/airflow/dags/spark_pipeline_dag.py took 0.363 seconds
[2026-05-09T21:41:23.921+0000] {processor.py:161} INFO - Started process (PID=6867) to work on /opt/airflow/dags/spark_pipeline_dag.py
[2026-05-09T21:41:23.923+0000] {processor.py:830} INFO - Processing file /opt/airflow/dags/spark_pipeline_dag.py for tasks to queue
[2026-05-09T21:41:23.925+0000] {logging_mixin.py:188} INFO - [2026-05-09T21:41:23.924+0000] {dagbag.py:538} INFO - Filling up the DagBag from /opt/airflow/dags/spark_pipeline_dag.py
[2026-05-09T21:41:16.529+0000] {processor.py:840} INFO - DAG(s) 'spark_pipeline' retrieved from /opt/airflow/dags/spark_pipeline_dag.py
[2026-05-09T21:41:16.586+0000] {logging_mixin.py:188} INFO - [2026-05-09T21:41:16.585+0000] {dag.py:3036} INFO - Sync 1 DAGs
[2026-05-09T21:41:16.634+0000] {logging_mixin.py:188} INFO - [2026-05-09T21:41:16.633+0000] {dag.py:3823} INFO - Setting next_dagrun for spark_pipeline to 2026-05-09 00:00:00+00:00, run_after=2026-05-10 00:00:00+00:00
[2026-05-09T21:41:16.788+0000] {processor.py:183} INFO - Processing /opt/airflow/dags/spark_pipeline_dag.py took 0.317 seconds
[2026-05-09T21:41:41.609+0000] {processor.py:161} INFO - Started process (PID=6883) to work on /opt/airflow/dags/spark_pipeline_dag.py
[2026-05-09T21:41:41.612+0000] {processor.py:830} INFO - Processing file /opt/airflow/dags/spark_pipeline_dag.py for tasks to queue
[2026-05-09T21:41:41.617+0000] {logging_mixin.py:188} INFO - [2026-05-09T21:41:41.615+0000] {dagbag.py:538} INFO - Filling up the DagBag from /opt/airflow/dags/spark_pipeline_dag.py
[2026-05-09T21:41:41.674+0000] {processor.py:840} INFO - DAG(s) 'spark_pipeline' retrieved from /opt/airflow/dags/spark_pipeline_dag.py
[2026-05-09T21:41:41.746+0000] {logging_mixin.py:188} INFO - [2026-05-09T21:41:41.745+0000] {dag.py:3036} INFO - Sync 1 DAGs
[2026-05-09T21:41:41.801+0000] {logging_mixin.py:188} INFO - [2026-05-09T21:41:41.800+0000] {dag.py:3823} INFO - Setting next_dagrun for spark_pipeline to 2026-05-09 00:00:00+00:00, run_after=2026-05-10 00:00:00+00:00
[2026-05-09T21:41:41.878+0000] {processor.py:183} INFO - Processing /opt/airflow/dags/spark_pipeline_dag.py took 0.278 seconds
[2026-05-09T21:42:18.940+0000] {processor.py:161} INFO - Started process (PID=6899) to work on /opt/airflow/dags/spark_pipeline_dag.py
[2026-05-09T21:42:18.943+0000] {processor.py:830} INFO - Processing file /opt/airflow/dags/spark_pipeline_dag.py for tasks to queue
[2026-05-09T21:42:18.945+0000] {logging_mixin.py:188} INFO - [2026-05-09T21:42:18.944+0000] {dagbag.py:538} INFO - Filling up the DagBag from /opt/airflow/dags/spark_pipeline_dag.py
[2026-05-09T21:42:18.983+0000] {processor.py:840} INFO - DAG(s) 'spark_pipeline' retrieved from /opt/airflow/dags/spark_pipeline_dag.py
[2026-05-09T21:42:19.053+0000] {logging_mixin.py:188} INFO - [2026-05-09T21:42:19.052+0000] {dag.py:3036} INFO - Sync 1 DAGs
[2026-05-09T21:42:11.659+0000] {logging_mixin.py:188} INFO - [2026-05-09T21:42:11.658+0000] {dag.py:3823} INFO - Setting next_dagrun for spark_pipeline to 2026-05-09 00:00:00+00:00, run_after=2026-05-10 00:00:00+00:00
[2026-05-09T21:42:11.701+0000] {processor.py:183} INFO - Processing /opt/airflow/dags/spark_pipeline_dag.py took 0.213 seconds
[2026-05-09T21:42:41.780+0000] {processor.py:161} INFO - Started process (PID=6915) to work on /opt/airflow/dags/spark_pipeline_dag.py
[2026-05-09T21:42:41.791+0000] {processor.py:830} INFO - Processing file /opt/airflow/dags/spark_pipeline_dag.py for tasks to queue
[2026-05-09T21:42:41.793+0000] {logging_mixin.py:188} INFO - [2026-05-09T21:42:41.793+0000] {dagbag.py:538} INFO - Filling up the DagBag from /opt/airflow/dags/spark_pipeline_dag.py
[2026-05-09T21:42:41.829+0000] {processor.py:840} INFO - DAG(s) 'spark_pipeline' retrieved from /opt/airflow/dags/spark_pipeline_dag.py
[2026-05-09T21:42:41.877+0000] {logging_mixin.py:188} INFO - [2026-05-09T21:42:41.876+0000] {dag.py:3036} INFO - Sync 1 DAGs
[2026-05-09T21:42:41.914+0000] {logging_mixin.py:188} INFO - [2026-05-09T21:42:41.914+0000] {dag.py:3823} INFO - Setting next_dagrun for spark_pipeline to 2026-05-09 00:00:00+00:00, run_after=2026-05-10 00:00:00+00:00
[2026-05-09T21:42:41.956+0000] {processor.py:183} INFO - Processing /opt/airflow/dags/spark_pipeline_dag.py took 0.183 seconds
[2026-05-09T21:43:19.054+0000] {processor.py:161} INFO - Started process (PID=6931) to work on /opt/airflow/dags/spark_pipeline_dag.py
[2026-05-09T21:43:19.056+0000] {processor.py:830} INFO - Processing file /opt/airflow/dags/spark_pipeline_dag.py for tasks to queue
[2026-05-09T21:43:19.058+0000] {logging_mixin.py:188} INFO - [2026-05-09T21:43:19.057+0000] {dagbag.py:538} INFO - Filling up the DagBag from /opt/airflow/dags/spark_pipeline_dag.py
[2026-05-09T21:43:19.095+0000] {processor.py:840} INFO - DAG(s) 'spark_pipeline' retrieved from /opt/airflow/dags/spark_pipeline_dag.py
[2026-05-09T21:43:19.169+0000] {logging_mixin.py:188} INFO - [2026-05-09T21:43:19.168+0000] {dag.py:3036} INFO - Sync 1 DAGs
[2026-05-09T21:43:11.775+0000] {logging_mixin.py:188} INFO - [2026-05-09T21:43:11.774+0000] {dag.py:3823} INFO - Setting next_dagrun for spark_pipeline to 2026-05-09 00:00:00+00:00, run_after=2026-05-10 00:00:00+00:00
[2026-05-09T21:43:11.870+0000] {processor.py:183} INFO - Processing /opt/airflow/dags/spark_pipeline_dag.py took 0.267 seconds
[2026-05-09T21:43:42.628+0000] {processor.py:161} INFO - Started process (PID=6947) to work on /opt/airflow/dags/spark_pipeline_dag.py
[2026-05-09T21:43:42.630+0000] {processor.py:830} INFO - Processing file /opt/airflow/dags/spark_pipeline_dag.py for tasks to queue
[2026-05-09T21:43:42.632+0000] {logging_mixin.py:188} INFO - [2026-05-09T21:43:42.632+0000] {dagbag.py:538} INFO - Filling up the DagBag from /opt/airflow/dags/spark_pipeline_dag.py
[2026-05-09T21:43:42.679+0000] {processor.py:840} INFO - DAG(s) 'spark_pipeline' retrieved from /opt/airflow/dags/spark_pipeline_dag.py
[2026-05-09T21:43:42.743+0000] {logging_mixin.py:188} INFO - [2026-05-09T21:43:42.742+0000] {dag.py:3036} INFO - Sync 1 DAGs
[2026-05-09T21:43:42.798+0000] {logging_mixin.py:188} INFO - [2026-05-09T21:43:42.797+0000] {dag.py:3823} INFO - Setting next_dagrun for spark_pipeline to 2026-05-09 00:00:00+00:00, run_after=2026-05-10 00:00:00+00:00
[2026-05-09T21:43:42.841+0000] {processor.py:183} INFO - Processing /opt/airflow/dags/spark_pipeline_dag.py took 0.219 seconds
[2026-05-09T21:44:06.880+0000] {processor.py:161} INFO - Started process (PID=6963) to work on /opt/airflow/dags/spark_pipeline_dag.py
[2026-05-09T21:44:06.882+0000] {processor.py:830} INFO - Processing file /opt/airflow/dags/spark_pipeline_dag.py for tasks to queue
[2026-05-09T21:44:06.885+0000] {logging_mixin.py:188} INFO - [2026-05-09T21:44:06.884+0000] {dagbag.py:538} INFO - Filling up the DagBag from /opt/airflow/dags/spark_pipeline_dag.py
[2026-05-09T21:44:06.938+0000] {processor.py:840} INFO - DAG(s) 'spark_pipeline' retrieved from /opt/airflow/dags/spark_pipeline_dag.py
[2026-05-09T21:44:06.988+0000] {logging_mixin.py:188} INFO - [2026-05-09T21:44:06.988+0000] {dag.py:3036} INFO - Sync 1 DAGs
[2026-05-09T21:44:07.035+0000] {logging_mixin.py:188} INFO - [2026-05-09T21:44:07.035+0000] {dag.py:3823} INFO - Setting next_dagrun for spark_pipeline to 2026-05-09 00:00:00+00:00, run_after=2026-05-10 00:00:00+00:00
[2026-05-09T21:44:07.077+0000] {processor.py:183} INFO - Processing /opt/airflow/dags/spark_pipeline_dag.py took 0.203 seconds
[2026-05-09T21:44:36.911+0000] {processor.py:161} INFO - Started process (PID=6979) to work on /opt/airflow/dags/spark_pipeline_dag.py
[2026-05-09T21:44:36.914+0000] {processor.py:830} INFO - Processing file /opt/airflow/dags/spark_pipeline_dag.py for tasks to queue
[2026-05-09T21:44:36.916+0000] {logging_mixin.py:188} INFO - [2026-05-09T21:44:36.916+0000] {dagbag.py:538} INFO - Filling up the DagBag from /opt/airflow/dags/spark_pipeline_dag.py
[2026-05-09T21:44:36.955+0000] {processor.py:840} INFO - DAG(s) 'spark_pipeline' retrieved from /opt/airflow/dags/spark_pipeline_dag.py
[2026-05-09T21:44:37.004+0000] {logging_mixin.py:188} INFO - [2026-05-09T21:44:37.004+0000] {dag.py:3036} INFO - Sync 1 DAGs
[2026-05-09T21:44:37.060+0000] {logging_mixin.py:188} INFO - [2026-05-09T21:44:37.060+0000] {dag.py:3823} INFO - Setting next_dagrun for spark_pipeline to 2026-05-09 00:00:00+00:00, run_after=2026-05-10 00:00:00+00:00
[2026-05-09T21:44:37.105+0000] {processor.py:183} INFO - Processing /opt/airflow/dags/spark_pipeline_dag.py took 0.199 seconds
[2026-05-09T21:45:06.961+0000] {processor.py:161} INFO - Started process (PID=6995) to work on /opt/airflow/dags/spark_pipeline_dag.py
[2026-05-09T21:45:06.964+0000] {processor.py:830} INFO - Processing file /opt/airflow/dags/spark_pipeline_dag.py for tasks to queue
[2026-05-09T21:45:06.971+0000] {logging_mixin.py:188} INFO - [2026-05-09T21:45:06.971+0000] {dagbag.py:538} INFO - Filling up the DagBag from /opt/airflow/dags/spark_pipeline_dag.py
[2026-05-09T21:45:07.015+0000] {processor.py:840} INFO - DAG(s) 'spark_pipeline' retrieved from /opt/airflow/dags/spark_pipeline_dag.py
[2026-05-09T21:45:07.074+0000] {logging_mixin.py:188} INFO - [2026-05-09T21:45:07.074+0000] {dag.py:3036} INFO - Sync 1 DAGs
[2026-05-09T21:45:07.123+0000] {logging_mixin.py:188} INFO - [2026-05-09T21:45:07.122+0000] {dag.py:3823} INFO - Setting next_dagrun for spark_pipeline to 2026-05-09 00:00:00+00:00, run_after=2026-05-10 00:00:00+00:00
[2026-05-09T21:45:07.168+0000] {processor.py:183} INFO - Processing /opt/airflow/dags/spark_pipeline_dag.py took 0.212 seconds
[2026-05-09T21:45:37.619+0000] {processor.py:161} INFO - Started process (PID=7011) to work on /opt/airflow/dags/spark_pipeline_dag.py
[2026-05-09T21:45:37.620+0000] {processor.py:830} INFO - Processing file /opt/airflow/dags/spark_pipeline_dag.py for tasks to queue
[2026-05-09T21:45:37.622+0000] {logging_mixin.py:188} INFO - [2026-05-09T21:45:37.622+0000] {dagbag.py:538} INFO - Filling up the DagBag from /opt/airflow/dags/spark_pipeline_dag.py
[2026-05-09T21:45:37.666+0000] {processor.py:840} INFO - DAG(s) 'spark_pipeline' retrieved from /opt/airflow/dags/spark_pipeline_dag.py
[2026-05-09T21:45:37.728+0000] {logging_mixin.py:188} INFO - [2026-05-09T21:45:37.727+0000] {dag.py:3036} INFO - Sync 1 DAGs
[2026-05-09T21:45:37.773+0000] {logging_mixin.py:188} INFO - [2026-05-09T21:45:37.773+0000] {dag.py:3823} INFO - Setting next_dagrun for spark_pipeline to 2026-05-09 00:00:00+00:00, run_after=2026-05-10 00:00:00+00:00
[2026-05-09T21:45:37.815+0000] {processor.py:183} INFO - Processing /opt/airflow/dags/spark_pipeline_dag.py took 0.203 seconds
[2026-05-09T21:46:07.891+0000] {processor.py:161} INFO - Started process (PID=7027) to work on /opt/airflow/dags/spark_pipeline_dag.py
[2026-05-09T21:46:07.892+0000] {processor.py:830} INFO - Processing file /opt/airflow/dags/spark_pipeline_dag.py for tasks to queue
[2026-05-09T21:46:07.894+0000] {logging_mixin.py:188} INFO - [2026-05-09T21:46:07.893+0000] {dagbag.py:538} INFO - Filling up the DagBag from /opt/airflow/dags/spark_pipeline_dag.py
[2026-05-09T21:46:07.931+0000] {processor.py:840} INFO - DAG(s) 'spark_pipeline' retrieved from /opt/airflow/dags/spark_pipeline_dag.py
[2026-05-09T21:46:07.989+0000] {logging_mixin.py:188} INFO - [2026-05-09T21:46:07.988+0000] {dag.py:3036} INFO - Sync 1 DAGs
[2026-05-09T21:46:08.027+0000] {logging_mixin.py:188} INFO - [2026-05-09T21:46:08.027+0000] {dag.py:3823} INFO - Setting next_dagrun for spark_pipeline to 2026-05-09 00:00:00+00:00, run_after=2026-05-10 00:00:00+00:00
[2026-05-09T21:46:08.066+0000] {processor.py:183} INFO - Processing /opt/airflow/dags/spark_pipeline_dag.py took 0.180 seconds
[2026-05-09T21:46:38.268+0000] {processor.py:161} INFO - Started process (PID=7043) to work on /opt/airflow/dags/spark_pipeline_dag.py
[2026-05-09T21:46:38.270+0000] {processor.py:830} INFO - Processing file /opt/airflow/dags/spark_pipeline_dag.py for tasks to queue
[2026-05-09T21:46:38.272+0000] {logging_mixin.py:188} INFO - [2026-05-09T21:46:38.272+0000] {dagbag.py:538} INFO - Filling up the DagBag from /opt/airflow/dags/spark_pipeline_dag.py
[2026-05-09T21:46:38.312+0000] {processor.py:840} INFO - DAG(s) 'spark_pipeline' retrieved from /opt/airflow/dags/spark_pipeline_dag.py
[2026-05-09T21:46:38.362+0000] {logging_mixin.py:188} INFO - [2026-05-09T21:46:38.361+0000] {dag.py:3036} INFO - Sync 1 DAGs
[2026-05-09T21:46:38.408+0000] {logging_mixin.py:188} INFO - [2026-05-09T21:46:38.408+0000] {dag.py:3823} INFO - Setting next_dagrun for spark_pipeline to 2026-05-09 00:00:00+00:00, run_after=2026-05-10 00:00:00+00:00
[2026-05-09T21:46:38.450+0000] {processor.py:183} INFO - Processing /opt/airflow/dags/spark_pipeline_dag.py took 0.186 seconds
[2026-05-09T21:47:09.486+0000] {processor.py:161} INFO - Started process (PID=7059) to work on /opt/airflow/dags/spark_pipeline_dag.py
[2026-05-09T21:47:09.488+0000] {processor.py:830} INFO - Processing file /opt/airflow/dags/spark_pipeline_dag.py for tasks to queue
[2026-05-09T21:47:09.492+0000] {logging_mixin.py:188} INFO - [2026-05-09T21:47:09.491+0000] {dagbag.py:538} INFO - Filling up the DagBag from /opt/airflow/dags/spark_pipeline_dag.py
[2026-05-09T21:47:09.556+0000] {processor.py:840} INFO - DAG(s) 'spark_pipeline' retrieved from /opt/airflow/dags/spark_pipeline_dag.py
[2026-05-09T21:47:09.629+0000] {logging_mixin.py:188} INFO - [2026-05-09T21:47:09.629+0000] {dag.py:3036} INFO - Sync 1 DAGs
[2026-05-09T21:47:09.683+0000] {logging_mixin.py:188} INFO - [2026-05-09T21:47:09.682+0000] {dag.py:3823} INFO - Setting next_dagrun for spark_pipeline to 2026-05-09 00:00:00+00:00, run_after=2026-05-10 00:00:00+00:00
[2026-05-09T21:47:09.727+0000] {processor.py:183} INFO - Processing /opt/airflow/dags/spark_pipeline_dag.py took 0.251 seconds
[2026-05-09T21:47:40.324+0000] {processor.py:161} INFO - Started process (PID=7075) to work on /opt/airflow/dags/spark_pipeline_dag.py
[2026-05-09T21:47:40.326+0000] {processor.py:830} INFO - Processing file /opt/airflow/dags/spark_pipeline_dag.py for tasks to queue
[2026-05-09T21:47:40.329+0000] {logging_mixin.py:188} INFO - [2026-05-09T21:47:40.328+0000] {dagbag.py:538} INFO - Filling up the DagBag from /opt/airflow/dags/spark_pipeline_dag.py
[2026-05-09T21:47:40.381+0000] {processor.py:840} INFO - DAG(s) 'spark_pipeline' retrieved from /opt/airflow/dags/spark_pipeline_dag.py
[2026-05-09T21:47:40.432+0000] {logging_mixin.py:188} INFO - [2026-05-09T21:47:40.432+0000] {dag.py:3036} INFO - Sync 1 DAGs
[2026-05-09T21:47:40.474+0000] {logging_mixin.py:188} INFO - [2026-05-09T21:47:40.474+0000] {dag.py:3823} INFO - Setting next_dagrun for spark_pipeline to 2026-05-09 00:00:00+00:00, run_after=2026-05-10 00:00:00+00:00
[2026-05-09T21:47:40.519+0000] {processor.py:183} INFO - Processing /opt/airflow/dags/spark_pipeline_dag.py took 0.201 seconds
[2026-05-09T21:48:11.455+0000] {processor.py:161} INFO - Started process (PID=7091) to work on /opt/airflow/dags/spark_pipeline_dag.py
[2026-05-09T21:48:11.457+0000] {processor.py:830} INFO - Processing file /opt/airflow/dags/spark_pipeline_dag.py for tasks to queue
[2026-05-09T21:48:11.460+0000] {logging_mixin.py:188} INFO - [2026-05-09T21:48:11.459+0000] {dagbag.py:538} INFO - Filling up the DagBag from /opt/airflow/dags/spark_pipeline_dag.py
[2026-05-09T21:48:11.507+0000] {processor.py:840} INFO - DAG(s) 'spark_pipeline' retrieved from /opt/airflow/dags/spark_pipeline_dag.py
[2026-05-09T21:48:11.562+0000] {logging_mixin.py:188} INFO - [2026-05-09T21:48:11.561+0000] {dag.py:3036} INFO - Sync 1 DAGs
[2026-05-09T21:48:11.610+0000] {logging_mixin.py:188} INFO - [2026-05-09T21:48:11.610+0000] {dag.py:3823} INFO - Setting next_dagrun for spark_pipeline to 2026-05-09 00:00:00+00:00, run_after=2026-05-10 00:00:00+00:00
[2026-05-09T21:48:11.655+0000] {processor.py:183} INFO - Processing /opt/airflow/dags/spark_pipeline_dag.py took 0.207 seconds
[2026-05-09T21:48:25.453+0000] {processor.py:161} INFO - Started process (PID=7101) to work on /opt/airflow/dags/spark_pipeline_dag.py
[2026-05-09T21:48:25.455+0000] {processor.py:830} INFO - Processing file /opt/airflow/dags/spark_pipeline_dag.py for tasks to queue
[2026-05-09T21:48:25.458+0000] {logging_mixin.py:188} INFO - [2026-05-09T21:48:25.457+0000] {dagbag.py:538} INFO - Filling up the DagBag from /opt/airflow/dags/spark_pipeline_dag.py
[2026-05-09T21:48:25.661+0000] {processor.py:840} INFO - DAG(s) 'spark_pipeline' retrieved from /opt/airflow/dags/spark_pipeline_dag.py
[2026-05-09T21:48:26.027+0000] {logging_mixin.py:188} INFO - [2026-05-09T21:48:26.026+0000] {dag.py:3036} INFO - Sync 1 DAGs
[2026-05-09T21:48:26.254+0000] {logging_mixin.py:188} INFO - [2026-05-09T21:48:26.253+0000] {dag.py:3823} INFO - Setting next_dagrun for spark_pipeline to 2026-05-09 00:00:00+00:00, run_after=2026-05-10 00:00:00+00:00
[2026-05-09T21:48:26.319+0000] {processor.py:183} INFO - Processing /opt/airflow/dags/spark_pipeline_dag.py took 0.870 seconds
[2026-05-09T21:48:26.416+0000] {processor.py:161} INFO - Started process (PID=7106) to work on /opt/airflow/dags/spark_pipeline_dag.py
[2026-05-09T21:48:26.419+0000] {processor.py:830} INFO - Processing file /opt/airflow/dags/spark_pipeline_dag.py for tasks to queue
[2026-05-09T21:48:26.421+0000] {logging_mixin.py:188} INFO - [2026-05-09T21:48:26.421+0000] {dagbag.py:538} INFO - Filling up the DagBag from /opt/airflow/dags/spark_pipeline_dag.py
[2026-05-09T21:48:26.592+0000] {processor.py:840} INFO - DAG(s) 'spark_pipeline' retrieved from /opt/airflow/dags/spark_pipeline_dag.py
[2026-05-09T21:48:26.619+0000] {logging_mixin.py:188} INFO - [2026-05-09T21:48:26.619+0000] {dag.py:3036} INFO - Sync 1 DAGs
[2026-05-09T21:48:26.667+0000] {logging_mixin.py:188} INFO - [2026-05-09T21:48:26.666+0000] {dag.py:3823} INFO - Setting next_dagrun for spark_pipeline to 2026-05-09 00:00:00+00:00, run_after=2026-05-10 00:00:00+00:00
[2026-05-09T21:48:26.715+0000] {processor.py:183} INFO - Processing /opt/airflow/dags/spark_pipeline_dag.py took 0.304 seconds
[2026-05-09T21:48:26.800+0000] {processor.py:161} INFO - Started process (PID=7111) to work on /opt/airflow/dags/spark_pipeline_dag.py
[2026-05-09T21:48:26.802+0000] {processor.py:830} INFO - Processing file /opt/airflow/dags/spark_pipeline_dag.py for tasks to queue
[2026-05-09T21:48:26.804+0000] {logging_mixin.py:188} INFO - [2026-05-09T21:48:26.804+0000] {dagbag.py:538} INFO - Filling up the DagBag from /opt/airflow/dags/spark_pipeline_dag.py
[2026-05-09T21:48:26.978+0000] {processor.py:840} INFO - DAG(s) 'spark_pipeline' retrieved from /opt/airflow/dags/spark_pipeline_dag.py
[2026-05-09T21:48:27.007+0000] {logging_mixin.py:188} INFO - [2026-05-09T21:48:27.007+0000] {dag.py:3036} INFO - Sync 1 DAGs
[2026-05-09T21:48:27.045+0000] {logging_mixin.py:188} INFO - [2026-05-09T21:48:27.044+0000] {dag.py:3823} INFO - Setting next_dagrun for spark_pipeline to 2026-05-09 00:00:00+00:00, run_after=2026-05-10 00:00:00+00:00
[2026-05-09T21:48:27.083+0000] {processor.py:183} INFO - Processing /opt/airflow/dags/spark_pipeline_dag.py took 0.287 seconds
[2026-05-09T21:48:27.172+0000] {processor.py:161} INFO - Started process (PID=7116) to work on /opt/airflow/dags/spark_pipeline_dag.py
[2026-05-09T21:48:27.174+0000] {processor.py:830} INFO - Processing file /opt/airflow/dags/spark_pipeline_dag.py for tasks to queue
[2026-05-09T21:48:27.177+0000] {logging_mixin.py:188} INFO - [2026-05-09T21:48:27.176+0000] {dagbag.py:538} INFO - Filling up the DagBag from /opt/airflow/dags/spark_pipeline_dag.py
[2026-05-09T21:48:27.412+0000] {processor.py:840} INFO - DAG(s) 'spark_pipeline' retrieved from /opt/airflow/dags/spark_pipeline_dag.py
[2026-05-09T21:48:27.458+0000] {logging_mixin.py:188} INFO - [2026-05-09T21:48:27.457+0000] {dag.py:3036} INFO - Sync 1 DAGs
[2026-05-09T21:48:27.507+0000] {logging_mixin.py:188} INFO - [2026-05-09T21:48:27.506+0000] {dag.py:3823} INFO - Setting next_dagrun for spark_pipeline to 2026-05-09 00:00:00+00:00, run_after=2026-05-10 00:00:00+00:00
[2026-05-09T21:48:27.552+0000] {processor.py:183} INFO - Processing /opt/airflow/dags/spark_pipeline_dag.py took 0.385 seconds
[2026-05-09T21:48:27.641+0000] {processor.py:161} INFO - Started process (PID=7121) to work on /opt/airflow/dags/spark_pipeline_dag.py
[2026-05-09T21:48:27.643+0000] {processor.py:830} INFO - Processing file /opt/airflow/dags/spark_pipeline_dag.py for tasks to queue
[2026-05-09T21:48:27.646+0000] {logging_mixin.py:188} INFO - [2026-05-09T21:48:27.645+0000] {dagbag.py:538} INFO - Filling up the DagBag from /opt/airflow/dags/spark_pipeline_dag.py
[2026-05-09T21:48:27.343+0000] {processor.py:840} INFO - DAG(s) 'spark_pipeline' retrieved from /opt/airflow/dags/spark_pipeline_dag.py
[2026-05-09T21:48:27.373+0000] {logging_mixin.py:188} INFO - [2026-05-09T21:48:27.372+0000] {dag.py:3036} INFO - Sync 1 DAGs
[2026-05-09T21:48:27.423+0000] {logging_mixin.py:188} INFO - [2026-05-09T21:48:27.423+0000] {dag.py:3823} INFO - Setting next_dagrun for spark_pipeline to 2026-05-09 00:00:00+00:00, run_after=2026-05-10 00:00:00+00:00
[2026-05-09T21:48:27.467+0000] {processor.py:183} INFO - Processing /opt/airflow/dags/spark_pipeline_dag.py took 0.335 seconds
[2026-05-09T21:48:27.553+0000] {processor.py:161} INFO - Started process (PID=7126) to work on /opt/airflow/dags/spark_pipeline_dag.py
[2026-05-09T21:48:27.555+0000] {processor.py:830} INFO - Processing file /opt/airflow/dags/spark_pipeline_dag.py for tasks to queue
[2026-05-09T21:48:27.557+0000] {logging_mixin.py:188} INFO - [2026-05-09T21:48:27.557+0000] {dagbag.py:538} INFO - Filling up the DagBag from /opt/airflow/dags/spark_pipeline_dag.py
[2026-05-09T21:48:27.727+0000] {processor.py:840} INFO - DAG(s) 'spark_pipeline' retrieved from /opt/airflow/dags/spark_pipeline_dag.py
[2026-05-09T21:48:27.755+0000] {logging_mixin.py:188} INFO - [2026-05-09T21:48:27.754+0000] {dag.py:3036} INFO - Sync 1 DAGs
[2026-05-09T21:48:27.796+0000] {logging_mixin.py:188} INFO - [2026-05-09T21:48:27.795+0000] {dag.py:3823} INFO - Setting next_dagrun for spark_pipeline to 2026-05-09 00:00:00+00:00, run_after=2026-05-10 00:00:00+00:00
[2026-05-09T21:48:27.837+0000] {processor.py:183} INFO - Processing /opt/airflow/dags/spark_pipeline_dag.py took 0.288 seconds
[2026-05-09T21:48:27.926+0000] {processor.py:161} INFO - Started process (PID=7131) to work on /opt/airflow/dags/spark_pipeline_dag.py
[2026-05-09T21:48:27.930+0000] {processor.py:830} INFO - Processing file /opt/airflow/dags/spark_pipeline_dag.py for tasks to queue
[2026-05-09T21:48:27.933+0000] {logging_mixin.py:188} INFO - [2026-05-09T21:48:27.932+0000] {dagbag.py:538} INFO - Filling up the DagBag from /opt/airflow/dags/spark_pipeline_dag.py
[2026-05-09T21:48:28.101+0000] {processor.py:840} INFO - DAG(s) 'spark_pipeline' retrieved from /opt/airflow/dags/spark_pipeline_dag.py
[2026-05-09T21:48:28.127+0000] {logging_mixin.py:188} INFO - [2026-05-09T21:48:28.127+0000] {dag.py:3036} INFO - Sync 1 DAGs
[2026-05-09T21:48:28.172+0000] {logging_mixin.py:188} INFO - [2026-05-09T21:48:28.172+0000] {dag.py:3823} INFO - Setting next_dagrun for spark_pipeline to 2026-05-09 00:00:00+00:00, run_after=2026-05-10 00:00:00+00:00
[2026-05-09T21:48:28.213+0000] {processor.py:183} INFO - Processing /opt/airflow/dags/spark_pipeline_dag.py took 0.292 seconds
[2026-05-09T21:48:28.304+0000] {processor.py:161} INFO - Started process (PID=7136) to work on /opt/airflow/dags/spark_pipeline_dag.py
[2026-05-09T21:48:28.306+0000] {processor.py:830} INFO - Processing file /opt/airflow/dags/spark_pipeline_dag.py for tasks to queue
[2026-05-09T21:48:28.308+0000] {logging_mixin.py:188} INFO - [2026-05-09T21:48:28.307+0000] {dagbag.py:538} INFO - Filling up the DagBag from /opt/airflow/dags/spark_pipeline_dag.py
[2026-05-09T21:48:28.468+0000] {processor.py:840} INFO - DAG(s) 'spark_pipeline' retrieved from /opt/airflow/dags/spark_pipeline_dag.py
[2026-05-09T21:48:28.497+0000] {logging_mixin.py:188} INFO - [2026-05-09T21:48:28.497+0000] {dag.py:3036} INFO - Sync 1 DAGs
[2026-05-09T21:48:28.571+0000] {logging_mixin.py:188} INFO - [2026-05-09T21:48:28.570+0000] {dag.py:3823} INFO - Setting next_dagrun for spark_pipeline to 2026-05-09 00:00:00+00:00, run_after=2026-05-10 00:00:00+00:00
[2026-05-09T21:48:28.624+0000] {processor.py:183} INFO - Processing /opt/airflow/dags/spark_pipeline_dag.py took 0.325 seconds
[2026-05-09T21:48:28.718+0000] {processor.py:161} INFO - Started process (PID=7141) to work on /opt/airflow/dags/spark_pipeline_dag.py
[2026-05-09T21:48:28.722+0000] {processor.py:830} INFO - Processing file /opt/airflow/dags/spark_pipeline_dag.py for tasks to queue
[2026-05-09T21:48:28.725+0000] {logging_mixin.py:188} INFO - [2026-05-09T21:48:28.724+0000] {dagbag.py:538} INFO - Filling up the DagBag from /opt/airflow/dags/spark_pipeline_dag.py
[2026-05-09T21:48:28.896+0000] {processor.py:840} INFO - DAG(s) 'spark_pipeline' retrieved from /opt/airflow/dags/spark_pipeline_dag.py
[2026-05-09T21:48:28.922+0000] {logging_mixin.py:188} INFO - [2026-05-09T21:48:28.922+0000] {dag.py:3036} INFO - Sync 1 DAGs
[2026-05-09T21:48:28.973+0000] {logging_mixin.py:188} INFO - [2026-05-09T21:48:28.973+0000] {dag.py:3823} INFO - Setting next_dagrun for spark_pipeline to 2026-05-09 00:00:00+00:00, run_after=2026-05-10 00:00:00+00:00
[2026-05-09T21:48:29.018+0000] {processor.py:183} INFO - Processing /opt/airflow/dags/spark_pipeline_dag.py took 0.307 seconds
[2026-05-09T21:48:29.113+0000] {processor.py:161} INFO - Started process (PID=7146) to work on /opt/airflow/dags/spark_pipeline_dag.py
[2026-05-09T21:48:29.115+0000] {processor.py:830} INFO - Processing file /opt/airflow/dags/spark_pipeline_dag.py for tasks to queue
[2026-05-09T21:48:29.119+0000] {logging_mixin.py:188} INFO - [2026-05-09T21:48:29.117+0000] {dagbag.py:538} INFO - Filling up the DagBag from /opt/airflow/dags/spark_pipeline_dag.py
[2026-05-09T21:48:29.361+0000] {processor.py:840} INFO - DAG(s) 'spark_pipeline' retrieved from /opt/airflow/dags/spark_pipeline_dag.py
[2026-05-09T21:48:29.391+0000] {logging_mixin.py:188} INFO - [2026-05-09T21:48:29.390+0000] {dag.py:3036} INFO - Sync 1 DAGs
[2026-05-09T21:48:29.452+0000] {logging_mixin.py:188} INFO - [2026-05-09T21:48:29.451+0000] {dag.py:3823} INFO - Setting next_dagrun for spark_pipeline to 2026-05-09 00:00:00+00:00, run_after=2026-05-10 00:00:00+00:00
[2026-05-09T21:48:29.508+0000] {processor.py:183} INFO - Processing /opt/airflow/dags/spark_pipeline_dag.py took 0.400 seconds
[2026-05-09T21:48:29.628+0000] {processor.py:161} INFO - Started process (PID=7151) to work on /opt/airflow/dags/spark_pipeline_dag.py
[2026-05-09T21:48:29.633+0000] {processor.py:830} INFO - Processing file /opt/airflow/dags/spark_pipeline_dag.py for tasks to queue
[2026-05-09T21:48:29.636+0000] {logging_mixin.py:188} INFO - [2026-05-09T21:48:29.636+0000] {dagbag.py:538} INFO - Filling up the DagBag from /opt/airflow/dags/spark_pipeline_dag.py
[2026-05-09T21:48:29.831+0000] {processor.py:840} INFO - DAG(s) 'spark_pipeline' retrieved from /opt/airflow/dags/spark_pipeline_dag.py
[2026-05-09T21:48:29.857+0000] {logging_mixin.py:188} INFO - [2026-05-09T21:48:29.857+0000] {dag.py:3036} INFO - Sync 1 DAGs
[2026-05-09T21:48:29.908+0000] {logging_mixin.py:188} INFO - [2026-05-09T21:48:29.908+0000] {dag.py:3823} INFO - Setting next_dagrun for spark_pipeline to 2026-05-09 00:00:00+00:00, run_after=2026-05-10 00:00:00+00:00
[2026-05-09T21:48:29.952+0000] {processor.py:183} INFO - Processing /opt/airflow/dags/spark_pipeline_dag.py took 0.334 seconds
[2026-05-09T21:48:30.047+0000] {processor.py:161} INFO - Started process (PID=7156) to work on /opt/airflow/dags/spark_pipeline_dag.py
[2026-05-09T21:48:30.048+0000] {processor.py:830} INFO - Processing file /opt/airflow/dags/spark_pipeline_dag.py for tasks to queue
[2026-05-09T21:48:30.052+0000] {logging_mixin.py:188} INFO - [2026-05-09T21:48:30.050+0000] {dagbag.py:538} INFO - Filling up the DagBag from /opt/airflow/dags/spark_pipeline_dag.py
[2026-05-09T21:48:30.277+0000] {processor.py:840} INFO - DAG(s) 'spark_pipeline' retrieved from /opt/airflow/dags/spark_pipeline_dag.py
[2026-05-09T21:48:30.312+0000] {logging_mixin.py:188} INFO - [2026-05-09T21:48:30.312+0000] {dag.py:3036} INFO - Sync 1 DAGs
[2026-05-09T21:48:30.360+0000] {logging_mixin.py:188} INFO - [2026-05-09T21:48:30.360+0000] {dag.py:3823} INFO - Setting next_dagrun for spark_pipeline to 2026-05-09 00:00:00+00:00, run_after=2026-05-10 00:00:00+00:00
[2026-05-09T21:48:30.413+0000] {processor.py:183} INFO - Processing /opt/airflow/dags/spark_pipeline_dag.py took 0.371 seconds
[2026-05-09T21:48:30.511+0000] {processor.py:161} INFO - Started process (PID=7161) to work on /opt/airflow/dags/spark_pipeline_dag.py
[2026-05-09T21:48:30.514+0000] {processor.py:830} INFO - Processing file /opt/airflow/dags/spark_pipeline_dag.py for tasks to queue
[2026-05-09T21:48:30.517+0000] {logging_mixin.py:188} INFO - [2026-05-09T21:48:30.516+0000] {dagbag.py:538} INFO - Filling up the DagBag from /opt/airflow/dags/spark_pipeline_dag.py
[2026-05-09T21:48:30.687+0000] {processor.py:840} INFO - DAG(s) 'spark_pipeline' retrieved from /opt/airflow/dags/spark_pipeline_dag.py
[2026-05-09T21:48:30.713+0000] {logging_mixin.py:188} INFO - [2026-05-09T21:48:30.712+0000] {dag.py:3036} INFO - Sync 1 DAGs
[2026-05-09T21:48:30.771+0000] {logging_mixin.py:188} INFO - [2026-05-09T21:48:30.771+0000] {dag.py:3823} INFO - Setting next_dagrun for spark_pipeline to 2026-05-09 00:00:00+00:00, run_after=2026-05-10 00:00:00+00:00
[2026-05-09T21:48:30.820+0000] {processor.py:183} INFO - Processing /opt/airflow/dags/spark_pipeline_dag.py took 0.314 seconds
[2026-05-09T21:48:30.909+0000] {processor.py:161} INFO - Started process (PID=7166) to work on /opt/airflow/dags/spark_pipeline_dag.py
[2026-05-09T21:48:30.911+0000] {processor.py:830} INFO - Processing file /opt/airflow/dags/spark_pipeline_dag.py for tasks to queue
[2026-05-09T21:48:30.915+0000] {logging_mixin.py:188} INFO - [2026-05-09T21:48:30.914+0000] {dagbag.py:538} INFO - Filling up the DagBag from /opt/airflow/dags/spark_pipeline_dag.py
[2026-05-09T21:48:31.145+0000] {processor.py:840} INFO - DAG(s) 'spark_pipeline' retrieved from /opt/airflow/dags/spark_pipeline_dag.py
[2026-05-09T21:48:31.177+0000] {logging_mixin.py:188} INFO - [2026-05-09T21:48:31.176+0000] {dag.py:3036} INFO - Sync 1 DAGs
[2026-05-09T21:48:31.233+0000] {logging_mixin.py:188} INFO - [2026-05-09T21:48:31.232+0000] {dag.py:3823} INFO - Setting next_dagrun for spark_pipeline to 2026-05-09 00:00:00+00:00, run_after=2026-05-10 00:00:00+00:00
[2026-05-09T21:48:31.276+0000] {processor.py:183} INFO - Processing /opt/airflow/dags/spark_pipeline_dag.py took 0.371 seconds
[2026-05-09T21:48:31.373+0000] {processor.py:161} INFO - Started process (PID=7171) to work on /opt/airflow/dags/spark_pipeline_dag.py
[2026-05-09T21:48:31.375+0000] {processor.py:830} INFO - Processing file /opt/airflow/dags/spark_pipeline_dag.py for tasks to queue
[2026-05-09T21:48:31.379+0000] {logging_mixin.py:188} INFO - [2026-05-09T21:48:31.378+0000] {dagbag.py:538} INFO - Filling up the DagBag from /opt/airflow/dags/spark_pipeline_dag.py
[2026-05-09T21:48:31.577+0000] {processor.py:840} INFO - DAG(s) 'spark_pipeline' retrieved from /opt/airflow/dags/spark_pipeline_dag.py
[2026-05-09T21:48:31.602+0000] {logging_mixin.py:188} INFO - [2026-05-09T21:48:31.602+0000] {dag.py:3036} INFO - Sync 1 DAGs
[2026-05-09T21:48:31.658+0000] {logging_mixin.py:188} INFO - [2026-05-09T21:48:31.658+0000] {dag.py:3823} INFO - Setting next_dagrun for spark_pipeline to 2026-05-09 00:00:00+00:00, run_after=2026-05-10 00:00:00+00:00
[2026-05-09T21:48:31.702+0000] {processor.py:183} INFO - Processing /opt/airflow/dags/spark_pipeline_dag.py took 0.336 seconds
[2026-05-09T21:48:31.799+0000] {processor.py:161} INFO - Started process (PID=7176) to work on /opt/airflow/dags/spark_pipeline_dag.py
[2026-05-09T21:48:31.801+0000] {processor.py:830} INFO - Processing file /opt/airflow/dags/spark_pipeline_dag.py for tasks to queue
[2026-05-09T21:48:31.804+0000] {logging_mixin.py:188} INFO - [2026-05-09T21:48:31.803+0000] {dagbag.py:538} INFO - Filling up the DagBag from /opt/airflow/dags/spark_pipeline_dag.py
[2026-05-09T21:48:32.001+0000] {processor.py:840} INFO - DAG(s) 'spark_pipeline' retrieved from /opt/airflow/dags/spark_pipeline_dag.py
[2026-05-09T21:48:32.030+0000] {logging_mixin.py:188} INFO - [2026-05-09T21:48:32.030+0000] {dag.py:3036} INFO - Sync 1 DAGs
[2026-05-09T21:48:32.081+0000] {logging_mixin.py:188} INFO - [2026-05-09T21:48:32.081+0000] {dag.py:3823} INFO - Setting next_dagrun for spark_pipeline to 2026-05-09 00:00:00+00:00, run_after=2026-05-10 00:00:00+00:00
[2026-05-09T21:48:32.128+0000] {processor.py:183} INFO - Processing /opt/airflow/dags/spark_pipeline_dag.py took 0.335 seconds
[2026-05-09T21:49:05.393+0000] {processor.py:161} INFO - Started process (PID=7219) to work on /opt/airflow/dags/spark_pipeline_dag.py
[2026-05-09T21:49:05.394+0000] {processor.py:830} INFO - Processing file /opt/airflow/dags/spark_pipeline_dag.py for tasks to queue
[2026-05-09T21:49:05.396+0000] {logging_mixin.py:188} INFO - [2026-05-09T21:49:05.396+0000] {dagbag.py:538} INFO - Filling up the DagBag from /opt/airflow/dags/spark_pipeline_dag.py
[2026-05-09T21:49:05.564+0000] {processor.py:840} INFO - DAG(s) 'spark_pipeline' retrieved from /opt/airflow/dags/spark_pipeline_dag.py
[2026-05-09T21:49:05.628+0000] {logging_mixin.py:188} INFO - [2026-05-09T21:49:05.628+0000] {dag.py:3036} INFO - Sync 1 DAGs
[2026-05-09T21:49:05.690+0000] {logging_mixin.py:188} INFO - [2026-05-09T21:49:05.689+0000] {dag.py:3823} INFO - Setting next_dagrun for spark_pipeline to 2026-05-09 00:00:00+00:00, run_after=2026-05-10 00:00:00+00:00
[2026-05-09T21:49:05.733+0000] {processor.py:183} INFO - Processing /opt/airflow/dags/spark_pipeline_dag.py took 0.354 seconds
[2026-05-09T21:49:40.002+0000] {processor.py:161} INFO - Started process (PID=7258) to work on /opt/airflow/dags/spark_pipeline_dag.py
[2026-05-09T21:49:40.005+0000] {processor.py:830} INFO - Processing file /opt/airflow/dags/spark_pipeline_dag.py for tasks to queue
[2026-05-09T21:49:40.008+0000] {logging_mixin.py:188} INFO - [2026-05-09T21:49:40.007+0000] {dagbag.py:538} INFO - Filling up the DagBag from /opt/airflow/dags/spark_pipeline_dag.py
[2026-05-09T21:49:40.282+0000] {processor.py:840} INFO - DAG(s) 'spark_pipeline' retrieved from /opt/airflow/dags/spark_pipeline_dag.py
[2026-05-09T21:49:40.341+0000] {logging_mixin.py:188} INFO - [2026-05-09T21:49:40.341+0000] {dag.py:3036} INFO - Sync 1 DAGs
[2026-05-09T21:49:40.392+0000] {logging_mixin.py:188} INFO - [2026-05-09T21:49:40.391+0000] {dag.py:3823} INFO - Setting next_dagrun for spark_pipeline to 2026-05-09 00:00:00+00:00, run_after=2026-05-10 00:00:00+00:00
[2026-05-09T21:49:40.443+0000] {processor.py:183} INFO - Processing /opt/airflow/dags/spark_pipeline_dag.py took 0.450 seconds
[2026-05-09T21:50:10.940+0000] {processor.py:161} INFO - Started process (PID=7274) to work on /opt/airflow/dags/spark_pipeline_dag.py
[2026-05-09T21:50:10.941+0000] {processor.py:830} INFO - Processing file /opt/airflow/dags/spark_pipeline_dag.py for tasks to queue
[2026-05-09T21:50:10.943+0000] {logging_mixin.py:188} INFO - [2026-05-09T21:50:10.943+0000] {dagbag.py:538} INFO - Filling up the DagBag from /opt/airflow/dags/spark_pipeline_dag.py
[2026-05-09T21:50:11.200+0000] {processor.py:840} INFO - DAG(s) 'spark_pipeline' retrieved from /opt/airflow/dags/spark_pipeline_dag.py
[2026-05-09T21:50:11.254+0000] {logging_mixin.py:188} INFO - [2026-05-09T21:50:11.253+0000] {dag.py:3036} INFO - Sync 1 DAGs
[2026-05-09T21:50:11.290+0000] {logging_mixin.py:188} INFO - [2026-05-09T21:50:11.289+0000] {dag.py:3823} INFO - Setting next_dagrun for spark_pipeline to 2026-05-09 00:00:00+00:00, run_after=2026-05-10 00:00:00+00:00
[2026-05-09T21:50:11.333+0000] {processor.py:183} INFO - Processing /opt/airflow/dags/spark_pipeline_dag.py took 0.397 seconds
[2026-05-09T21:50:41.985+0000] {processor.py:161} INFO - Started process (PID=7290) to work on /opt/airflow/dags/spark_pipeline_dag.py
[2026-05-09T21:50:41.987+0000] {processor.py:830} INFO - Processing file /opt/airflow/dags/spark_pipeline_dag.py for tasks to queue
[2026-05-09T21:50:41.989+0000] {logging_mixin.py:188} INFO - [2026-05-09T21:50:41.989+0000] {dagbag.py:538} INFO - Filling up the DagBag from /opt/airflow/dags/spark_pipeline_dag.py
[2026-05-09T21:50:42.152+0000] {processor.py:840} INFO - DAG(s) 'spark_pipeline' retrieved from /opt/airflow/dags/spark_pipeline_dag.py
[2026-05-09T21:50:42.206+0000] {logging_mixin.py:188} INFO - [2026-05-09T21:50:42.205+0000] {dag.py:3036} INFO - Sync 1 DAGs
[2026-05-09T21:50:42.255+0000] {logging_mixin.py:188} INFO - [2026-05-09T21:50:42.255+0000] {dag.py:3823} INFO - Setting next_dagrun for spark_pipeline to 2026-05-09 00:00:00+00:00, run_after=2026-05-10 00:00:00+00:00
[2026-05-09T21:50:42.479+0000] {processor.py:183} INFO - Processing /opt/airflow/dags/spark_pipeline_dag.py took 0.499 seconds
[2026-05-09T21:51:12.593+0000] {processor.py:161} INFO - Started process (PID=7306) to work on /opt/airflow/dags/spark_pipeline_dag.py
[2026-05-09T21:51:12.595+0000] {processor.py:830} INFO - Processing file /opt/airflow/dags/spark_pipeline_dag.py for tasks to queue
[2026-05-09T21:51:12.597+0000] {logging_mixin.py:188} INFO - [2026-05-09T21:51:12.597+0000] {dagbag.py:538} INFO - Filling up the DagBag from /opt/airflow/dags/spark_pipeline_dag.py
[2026-05-09T21:51:12.744+0000] {processor.py:840} INFO - DAG(s) 'spark_pipeline' retrieved from /opt/airflow/dags/spark_pipeline_dag.py
[2026-05-09T21:51:12.802+0000] {logging_mixin.py:188} INFO - [2026-05-09T21:51:12.801+0000] {dag.py:3036} INFO - Sync 1 DAGs
[2026-05-09T21:51:12.847+0000] {logging_mixin.py:188} INFO - [2026-05-09T21:51:12.846+0000] {dag.py:3823} INFO - Setting next_dagrun for spark_pipeline to 2026-05-09 00:00:00+00:00, run_after=2026-05-10 00:00:00+00:00
[2026-05-09T21:51:12.886+0000] {processor.py:183} INFO - Processing /opt/airflow/dags/spark_pipeline_dag.py took 0.296 seconds
[2026-05-09T21:51:43.261+0000] {processor.py:161} INFO - Started process (PID=7322) to work on /opt/airflow/dags/spark_pipeline_dag.py
[2026-05-09T21:51:43.263+0000] {processor.py:830} INFO - Processing file /opt/airflow/dags/spark_pipeline_dag.py for tasks to queue
[2026-05-09T21:51:43.265+0000] {logging_mixin.py:188} INFO - [2026-05-09T21:51:43.264+0000] {dagbag.py:538} INFO - Filling up the DagBag from /opt/airflow/dags/spark_pipeline_dag.py
[2026-05-09T21:51:43.415+0000] {processor.py:840} INFO - DAG(s) 'spark_pipeline' retrieved from /opt/airflow/dags/spark_pipeline_dag.py
[2026-05-09T21:51:43.463+0000] {logging_mixin.py:188} INFO - [2026-05-09T21:51:43.463+0000] {dag.py:3036} INFO - Sync 1 DAGs
[2026-05-09T21:51:43.515+0000] {logging_mixin.py:188} INFO - [2026-05-09T21:51:43.515+0000] {dag.py:3823} INFO - Setting next_dagrun for spark_pipeline to 2026-05-09 00:00:00+00:00, run_after=2026-05-10 00:00:00+00:00
[2026-05-09T21:51:43.570+0000] {processor.py:183} INFO - Processing /opt/airflow/dags/spark_pipeline_dag.py took 0.314 seconds
[2026-05-09T21:52:14.072+0000] {processor.py:161} INFO - Started process (PID=7338) to work on /opt/airflow/dags/spark_pipeline_dag.py
[2026-05-09T21:52:14.074+0000] {processor.py:830} INFO - Processing file /opt/airflow/dags/spark_pipeline_dag.py for tasks to queue
[2026-05-09T21:52:14.076+0000] {logging_mixin.py:188} INFO - [2026-05-09T21:52:14.076+0000] {dagbag.py:538} INFO - Filling up the DagBag from /opt/airflow/dags/spark_pipeline_dag.py
[2026-05-09T21:52:14.245+0000] {processor.py:840} INFO - DAG(s) 'spark_pipeline' retrieved from /opt/airflow/dags/spark_pipeline_dag.py
[2026-05-09T21:52:14.301+0000] {logging_mixin.py:188} INFO - [2026-05-09T21:52:14.301+0000] {dag.py:3036} INFO - Sync 1 DAGs
[2026-05-09T21:52:14.344+0000] {logging_mixin.py:188} INFO - [2026-05-09T21:52:14.344+0000] {dag.py:3823} INFO - Setting next_dagrun for spark_pipeline to 2026-05-09 00:00:00+00:00, run_after=2026-05-10 00:00:00+00:00
[2026-05-09T21:52:14.379+0000] {processor.py:183} INFO - Processing /opt/airflow/dags/spark_pipeline_dag.py took 0.312 seconds
[2026-05-09T21:52:44.700+0000] {processor.py:161} INFO - Started process (PID=7354) to work on /opt/airflow/dags/spark_pipeline_dag.py
[2026-05-09T21:52:44.702+0000] {processor.py:830} INFO - Processing file /opt/airflow/dags/spark_pipeline_dag.py for tasks to queue
[2026-05-09T21:52:44.705+0000] {logging_mixin.py:188} INFO - [2026-05-09T21:52:44.704+0000] {dagbag.py:538} INFO - Filling up the DagBag from /opt/airflow/dags/spark_pipeline_dag.py
[2026-05-09T21:52:44.877+0000] {processor.py:840} INFO - DAG(s) 'spark_pipeline' retrieved from /opt/airflow/dags/spark_pipeline_dag.py
[2026-05-09T21:52:44.946+0000] {logging_mixin.py:188} INFO - [2026-05-09T21:52:44.946+0000] {dag.py:3036} INFO - Sync 1 DAGs
[2026-05-09T21:52:45.021+0000] {logging_mixin.py:188} INFO - [2026-05-09T21:52:45.020+0000] {dag.py:3823} INFO - Setting next_dagrun for spark_pipeline to 2026-05-09 00:00:00+00:00, run_after=2026-05-10 00:00:00+00:00
[2026-05-09T21:52:45.805+0000] {processor.py:183} INFO - Processing /opt/airflow/dags/spark_pipeline_dag.py took 1.112 seconds
[2026-05-09T21:53:16.231+0000] {processor.py:161} INFO - Started process (PID=7370) to work on /opt/airflow/dags/spark_pipeline_dag.py
[2026-05-09T21:53:16.233+0000] {processor.py:830} INFO - Processing file /opt/airflow/dags/spark_pipeline_dag.py for tasks to queue
[2026-05-09T21:53:16.235+0000] {logging_mixin.py:188} INFO - [2026-05-09T21:53:16.234+0000] {dagbag.py:538} INFO - Filling up the DagBag from /opt/airflow/dags/spark_pipeline_dag.py
[2026-05-09T21:53:16.389+0000] {processor.py:840} INFO - DAG(s) 'spark_pipeline' retrieved from /opt/airflow/dags/spark_pipeline_dag.py
[2026-05-09T21:53:16.440+0000] {logging_mixin.py:188} INFO - [2026-05-09T21:53:16.440+0000] {dag.py:3036} INFO - Sync 1 DAGs
[2026-05-09T21:53:16.483+0000] {logging_mixin.py:188} INFO - [2026-05-09T21:53:16.483+0000] {dag.py:3823} INFO - Setting next_dagrun for spark_pipeline to 2026-05-09 00:00:00+00:00, run_after=2026-05-10 00:00:00+00:00
[2026-05-09T21:53:16.699+0000] {processor.py:183} INFO - Processing /opt/airflow/dags/spark_pipeline_dag.py took 0.473 seconds
[2026-05-09T21:53:47.704+0000] {processor.py:161} INFO - Started process (PID=7391) to work on /opt/airflow/dags/spark_pipeline_dag.py
[2026-05-09T21:53:47.707+0000] {processor.py:830} INFO - Processing file /opt/airflow/dags/spark_pipeline_dag.py for tasks to queue
[2026-05-09T21:53:47.710+0000] {logging_mixin.py:188} INFO - [2026-05-09T21:53:47.709+0000] {dagbag.py:538} INFO - Filling up the DagBag from /opt/airflow/dags/spark_pipeline_dag.py
[2026-05-09T21:53:48.003+0000] {processor.py:840} INFO - DAG(s) 'spark_pipeline' retrieved from /opt/airflow/dags/spark_pipeline_dag.py
[2026-05-09T21:53:48.093+0000] {logging_mixin.py:188} INFO - [2026-05-09T21:53:48.092+0000] {dag.py:3036} INFO - Sync 1 DAGs
[2026-05-09T21:53:55.133+0000] {logging_mixin.py:188} INFO - [2026-05-09T21:53:55.132+0000] {dag.py:3823} INFO - Setting next_dagrun for spark_pipeline to 2026-05-09 00:00:00+00:00, run_after=2026-05-10 00:00:00+00:00
[2026-05-09T21:53:55.190+0000] {processor.py:183} INFO - Processing /opt/airflow/dags/spark_pipeline_dag.py took 0.540 seconds
[2026-05-09T21:54:25.555+0000] {processor.py:161} INFO - Started process (PID=7407) to work on /opt/airflow/dags/spark_pipeline_dag.py
[2026-05-09T21:54:25.557+0000] {processor.py:830} INFO - Processing file /opt/airflow/dags/spark_pipeline_dag.py for tasks to queue
[2026-05-09T21:54:25.559+0000] {logging_mixin.py:188} INFO - [2026-05-09T21:54:25.558+0000] {dagbag.py:538} INFO - Filling up the DagBag from /opt/airflow/dags/spark_pipeline_dag.py
[2026-05-09T21:54:25.728+0000] {processor.py:840} INFO - DAG(s) 'spark_pipeline' retrieved from /opt/airflow/dags/spark_pipeline_dag.py
[2026-05-09T21:54:25.783+0000] {logging_mixin.py:188} INFO - [2026-05-09T21:54:25.783+0000] {dag.py:3036} INFO - Sync 1 DAGs
[2026-05-09T21:54:25.829+0000] {logging_mixin.py:188} INFO - [2026-05-09T21:54:25.829+0000] {dag.py:3823} INFO - Setting next_dagrun for spark_pipeline to 2026-05-09 00:00:00+00:00, run_after=2026-05-10 00:00:00+00:00
[2026-05-09T21:54:25.871+0000] {processor.py:183} INFO - Processing /opt/airflow/dags/spark_pipeline_dag.py took 0.321 seconds
[2026-05-09T21:55:00.336+0000] {processor.py:161} INFO - Started process (PID=7423) to work on /opt/airflow/dags/spark_pipeline_dag.py
[2026-05-09T21:55:00.338+0000] {processor.py:830} INFO - Processing file /opt/airflow/dags/spark_pipeline_dag.py for tasks to queue
[2026-05-09T21:55:00.340+0000] {logging_mixin.py:188} INFO - [2026-05-09T21:55:00.340+0000] {dagbag.py:538} INFO - Filling up the DagBag from /opt/airflow/dags/spark_pipeline_dag.py
[2026-05-09T21:54:53.119+0000] {processor.py:840} INFO - DAG(s) 'spark_pipeline' retrieved from /opt/airflow/dags/spark_pipeline_dag.py
[2026-05-09T21:54:53.176+0000] {logging_mixin.py:188} INFO - [2026-05-09T21:54:53.176+0000] {dag.py:3036} INFO - Sync 1 DAGs
[2026-05-09T21:54:53.241+0000] {logging_mixin.py:188} INFO - [2026-05-09T21:54:53.240+0000] {dag.py:3823} INFO - Setting next_dagrun for spark_pipeline to 2026-05-09 00:00:00+00:00, run_after=2026-05-10 00:00:00+00:00
[2026-05-09T21:54:53.303+0000] {processor.py:183} INFO - Processing /opt/airflow/dags/spark_pipeline_dag.py took 0.442 seconds
[2026-05-09T21:55:22.968+0000] {processor.py:161} INFO - Started process (PID=7439) to work on /opt/airflow/dags/spark_pipeline_dag.py
[2026-05-09T21:55:22.970+0000] {processor.py:830} INFO - Processing file /opt/airflow/dags/spark_pipeline_dag.py for tasks to queue
[2026-05-09T21:55:22.973+0000] {logging_mixin.py:188} INFO - [2026-05-09T21:55:22.972+0000] {dagbag.py:538} INFO - Filling up the DagBag from /opt/airflow/dags/spark_pipeline_dag.py
[2026-05-09T21:55:23.154+0000] {processor.py:840} INFO - DAG(s) 'spark_pipeline' retrieved from /opt/airflow/dags/spark_pipeline_dag.py
[2026-05-09T21:55:23.222+0000] {logging_mixin.py:188} INFO - [2026-05-09T21:55:23.222+0000] {dag.py:3036} INFO - Sync 1 DAGs
[2026-05-09T21:55:23.285+0000] {logging_mixin.py:188} INFO - [2026-05-09T21:55:23.284+0000] {dag.py:3823} INFO - Setting next_dagrun for spark_pipeline to 2026-05-09 00:00:00+00:00, run_after=2026-05-10 00:00:00+00:00
[2026-05-09T21:55:23.338+0000] {processor.py:183} INFO - Processing /opt/airflow/dags/spark_pipeline_dag.py took 0.376 seconds
[2026-05-09T21:55:54.209+0000] {processor.py:161} INFO - Started process (PID=7455) to work on /opt/airflow/dags/spark_pipeline_dag.py
[2026-05-09T21:55:54.211+0000] {processor.py:830} INFO - Processing file /opt/airflow/dags/spark_pipeline_dag.py for tasks to queue
[2026-05-09T21:55:54.214+0000] {logging_mixin.py:188} INFO - [2026-05-09T21:55:54.213+0000] {dagbag.py:538} INFO - Filling up the DagBag from /opt/airflow/dags/spark_pipeline_dag.py
[2026-05-09T21:55:54.396+0000] {processor.py:840} INFO - DAG(s) 'spark_pipeline' retrieved from /opt/airflow/dags/spark_pipeline_dag.py
[2026-05-09T21:55:54.464+0000] {logging_mixin.py:188} INFO - [2026-05-09T21:55:54.463+0000] {dag.py:3036} INFO - Sync 1 DAGs
[2026-05-09T21:55:54.523+0000] {logging_mixin.py:188} INFO - [2026-05-09T21:55:54.522+0000] {dag.py:3823} INFO - Setting next_dagrun for spark_pipeline to 2026-05-09 00:00:00+00:00, run_after=2026-05-10 00:00:00+00:00
[2026-05-09T21:55:54.756+0000] {processor.py:183} INFO - Processing /opt/airflow/dags/spark_pipeline_dag.py took 0.551 seconds
[2026-05-09T21:56:25.528+0000] {processor.py:161} INFO - Started process (PID=7471) to work on /opt/airflow/dags/spark_pipeline_dag.py
[2026-05-09T21:56:25.530+0000] {processor.py:830} INFO - Processing file /opt/airflow/dags/spark_pipeline_dag.py for tasks to queue
[2026-05-09T21:56:25.532+0000] {logging_mixin.py:188} INFO - [2026-05-09T21:56:25.531+0000] {dagbag.py:538} INFO - Filling up the DagBag from /opt/airflow/dags/spark_pipeline_dag.py
[2026-05-09T21:56:25.667+0000] {processor.py:840} INFO - DAG(s) 'spark_pipeline' retrieved from /opt/airflow/dags/spark_pipeline_dag.py
[2026-05-09T21:56:25.715+0000] {logging_mixin.py:188} INFO - [2026-05-09T21:56:25.714+0000] {dag.py:3036} INFO - Sync 1 DAGs
[2026-05-09T21:56:25.757+0000] {logging_mixin.py:188} INFO - [2026-05-09T21:56:25.757+0000] {dag.py:3823} INFO - Setting next_dagrun for spark_pipeline to 2026-05-09 00:00:00+00:00, run_after=2026-05-10 00:00:00+00:00
[2026-05-09T21:56:25.796+0000] {processor.py:183} INFO - Processing /opt/airflow/dags/spark_pipeline_dag.py took 0.272 seconds
[2026-05-09T21:56:56.036+0000] {processor.py:161} INFO - Started process (PID=7487) to work on /opt/airflow/dags/spark_pipeline_dag.py
[2026-05-09T21:56:56.037+0000] {processor.py:830} INFO - Processing file /opt/airflow/dags/spark_pipeline_dag.py for tasks to queue
[2026-05-09T21:56:56.039+0000] {logging_mixin.py:188} INFO - [2026-05-09T21:56:56.039+0000] {dagbag.py:538} INFO - Filling up the DagBag from /opt/airflow/dags/spark_pipeline_dag.py
[2026-05-09T21:56:56.164+0000] {processor.py:840} INFO - DAG(s) 'spark_pipeline' retrieved from /opt/airflow/dags/spark_pipeline_dag.py
[2026-05-09T21:56:56.218+0000] {logging_mixin.py:188} INFO - [2026-05-09T21:56:56.217+0000] {dag.py:3036} INFO - Sync 1 DAGs
[2026-05-09T21:56:56.261+0000] {logging_mixin.py:188} INFO - [2026-05-09T21:56:56.260+0000] {dag.py:3823} INFO - Setting next_dagrun for spark_pipeline to 2026-05-09 00:00:00+00:00, run_after=2026-05-10 00:00:00+00:00
[2026-05-09T21:56:56.298+0000] {processor.py:183} INFO - Processing /opt/airflow/dags/spark_pipeline_dag.py took 0.266 seconds
[2026-05-09T21:57:26.708+0000] {processor.py:161} INFO - Started process (PID=7503) to work on /opt/airflow/dags/spark_pipeline_dag.py
[2026-05-09T21:57:26.710+0000] {processor.py:830} INFO - Processing file /opt/airflow/dags/spark_pipeline_dag.py for tasks to queue
[2026-05-09T21:57:26.711+0000] {logging_mixin.py:188} INFO - [2026-05-09T21:57:26.711+0000] {dagbag.py:538} INFO - Filling up the DagBag from /opt/airflow/dags/spark_pipeline_dag.py
[2026-05-09T21:57:26.843+0000] {processor.py:840} INFO - DAG(s) 'spark_pipeline' retrieved from /opt/airflow/dags/spark_pipeline_dag.py
[2026-05-09T21:57:26.896+0000] {logging_mixin.py:188} INFO - [2026-05-09T21:57:26.895+0000] {dag.py:3036} INFO - Sync 1 DAGs
[2026-05-09T21:57:26.936+0000] {logging_mixin.py:188} INFO - [2026-05-09T21:57:26.935+0000] {dag.py:3823} INFO - Setting next_dagrun for spark_pipeline to 2026-05-09 00:00:00+00:00, run_after=2026-05-10 00:00:00+00:00
[2026-05-09T21:57:26.970+0000] {processor.py:183} INFO - Processing /opt/airflow/dags/spark_pipeline_dag.py took 0.266 seconds
[2026-05-09T21:57:57.605+0000] {processor.py:161} INFO - Started process (PID=7519) to work on /opt/airflow/dags/spark_pipeline_dag.py
[2026-05-09T21:57:57.607+0000] {processor.py:830} INFO - Processing file /opt/airflow/dags/spark_pipeline_dag.py for tasks to queue
[2026-05-09T21:57:57.609+0000] {logging_mixin.py:188} INFO - [2026-05-09T21:57:57.608+0000] {dagbag.py:538} INFO - Filling up the DagBag from /opt/airflow/dags/spark_pipeline_dag.py
[2026-05-09T21:57:57.752+0000] {processor.py:840} INFO - DAG(s) 'spark_pipeline' retrieved from /opt/airflow/dags/spark_pipeline_dag.py
[2026-05-09T21:57:57.804+0000] {logging_mixin.py:188} INFO - [2026-05-09T21:57:57.804+0000] {dag.py:3036} INFO - Sync 1 DAGs
[2026-05-09T21:57:57.850+0000] {logging_mixin.py:188} INFO - [2026-05-09T21:57:57.850+0000] {dag.py:3823} INFO - Setting next_dagrun for spark_pipeline to 2026-05-09 00:00:00+00:00, run_after=2026-05-10 00:00:00+00:00
[2026-05-09T21:57:57.889+0000] {processor.py:183} INFO - Processing /opt/airflow/dags/spark_pipeline_dag.py took 0.287 seconds
[2026-05-09T21:58:28.428+0000] {processor.py:161} INFO - Started process (PID=7535) to work on /opt/airflow/dags/spark_pipeline_dag.py
[2026-05-09T21:58:28.430+0000] {processor.py:830} INFO - Processing file /opt/airflow/dags/spark_pipeline_dag.py for tasks to queue
[2026-05-09T21:58:28.432+0000] {logging_mixin.py:188} INFO - [2026-05-09T21:58:28.431+0000] {dagbag.py:538} INFO - Filling up the DagBag from /opt/airflow/dags/spark_pipeline_dag.py
[2026-05-09T21:58:28.586+0000] {processor.py:840} INFO - DAG(s) 'spark_pipeline' retrieved from /opt/airflow/dags/spark_pipeline_dag.py
[2026-05-09T21:58:28.632+0000] {logging_mixin.py:188} INFO - [2026-05-09T21:58:28.632+0000] {dag.py:3036} INFO - Sync 1 DAGs
[2026-05-09T21:58:28.666+0000] {logging_mixin.py:188} INFO - [2026-05-09T21:58:28.666+0000] {dag.py:3823} INFO - Setting next_dagrun for spark_pipeline to 2026-05-09 00:00:00+00:00, run_after=2026-05-10 00:00:00+00:00
[2026-05-09T21:58:28.873+0000] {processor.py:183} INFO - Processing /opt/airflow/dags/spark_pipeline_dag.py took 0.449 seconds
[2026-05-09T21:58:59.782+0000] {processor.py:161} INFO - Started process (PID=7551) to work on /opt/airflow/dags/spark_pipeline_dag.py
[2026-05-09T21:58:59.784+0000] {processor.py:830} INFO - Processing file /opt/airflow/dags/spark_pipeline_dag.py for tasks to queue
[2026-05-09T21:58:59.786+0000] {logging_mixin.py:188} INFO - [2026-05-09T21:58:59.786+0000] {dagbag.py:538} INFO - Filling up the DagBag from /opt/airflow/dags/spark_pipeline_dag.py
[2026-05-09T21:58:59.960+0000] {processor.py:840} INFO - DAG(s) 'spark_pipeline' retrieved from /opt/airflow/dags/spark_pipeline_dag.py
[2026-05-09T21:59:00.024+0000] {logging_mixin.py:188} INFO - [2026-05-09T21:59:00.023+0000] {dag.py:3036} INFO - Sync 1 DAGs
[2026-05-09T21:59:00.284+0000] {logging_mixin.py:188} INFO - [2026-05-09T21:59:00.283+0000] {dag.py:3823} INFO - Setting next_dagrun for spark_pipeline to 2026-05-09 00:00:00+00:00, run_after=2026-05-10 00:00:00+00:00
[2026-05-09T21:59:00.330+0000] {processor.py:183} INFO - Processing /opt/airflow/dags/spark_pipeline_dag.py took 0.554 seconds
[2026-05-09T21:59:28.388+0000] {processor.py:161} INFO - Started process (PID=7567) to work on /opt/airflow/dags/spark_pipeline_dag.py
[2026-05-09T21:59:28.390+0000] {processor.py:830} INFO - Processing file /opt/airflow/dags/spark_pipeline_dag.py for tasks to queue
[2026-05-09T21:59:28.392+0000] {logging_mixin.py:188} INFO - [2026-05-09T21:59:28.392+0000] {dagbag.py:538} INFO - Filling up the DagBag from /opt/airflow/dags/spark_pipeline_dag.py
[2026-05-09T21:59:28.571+0000] {processor.py:840} INFO - DAG(s) 'spark_pipeline' retrieved from /opt/airflow/dags/spark_pipeline_dag.py
[2026-05-09T21:59:28.627+0000] {logging_mixin.py:188} INFO - [2026-05-09T21:59:28.626+0000] {dag.py:3036} INFO - Sync 1 DAGs
[2026-05-09T21:59:28.682+0000] {logging_mixin.py:188} INFO - [2026-05-09T21:59:28.682+0000] {dag.py:3823} INFO - Setting next_dagrun for spark_pipeline to 2026-05-09 00:00:00+00:00, run_after=2026-05-10 00:00:00+00:00
[2026-05-09T21:59:28.726+0000] {processor.py:183} INFO - Processing /opt/airflow/dags/spark_pipeline_dag.py took 0.342 seconds
[2026-05-09T22:00:06.366+0000] {processor.py:161} INFO - Started process (PID=7583) to work on /opt/airflow/dags/spark_pipeline_dag.py
[2026-05-09T22:00:06.368+0000] {processor.py:830} INFO - Processing file /opt/airflow/dags/spark_pipeline_dag.py for tasks to queue
[2026-05-09T22:00:06.370+0000] {logging_mixin.py:188} INFO - [2026-05-09T22:00:06.370+0000] {dagbag.py:538} INFO - Filling up the DagBag from /opt/airflow/dags/spark_pipeline_dag.py
[2026-05-09T22:00:06.523+0000] {processor.py:840} INFO - DAG(s) 'spark_pipeline' retrieved from /opt/airflow/dags/spark_pipeline_dag.py
[2026-05-09T22:00:06.573+0000] {logging_mixin.py:188} INFO - [2026-05-09T22:00:06.572+0000] {dag.py:3036} INFO - Sync 1 DAGs
[2026-05-09T22:00:06.631+0000] {logging_mixin.py:188} INFO - [2026-05-09T22:00:06.631+0000] {dag.py:3823} INFO - Setting next_dagrun for spark_pipeline to 2026-05-09 00:00:00+00:00, run_after=2026-05-10 00:00:00+00:00
[2026-05-09T22:00:06.684+0000] {processor.py:183} INFO - Processing /opt/airflow/dags/spark_pipeline_dag.py took 0.324 seconds
[2026-05-09T22:00:37.186+0000] {processor.py:161} INFO - Started process (PID=7599) to work on /opt/airflow/dags/spark_pipeline_dag.py
[2026-05-09T22:00:37.188+0000] {processor.py:830} INFO - Processing file /opt/airflow/dags/spark_pipeline_dag.py for tasks to queue
[2026-05-09T22:00:37.190+0000] {logging_mixin.py:188} INFO - [2026-05-09T22:00:37.189+0000] {dagbag.py:538} INFO - Filling up the DagBag from /opt/airflow/dags/spark_pipeline_dag.py
[2026-05-09T22:00:37.370+0000] {processor.py:840} INFO - DAG(s) 'spark_pipeline' retrieved from /opt/airflow/dags/spark_pipeline_dag.py
[2026-05-09T22:00:37.442+0000] {logging_mixin.py:188} INFO - [2026-05-09T22:00:37.441+0000] {dag.py:3036} INFO - Sync 1 DAGs
[2026-05-09T22:00:37.502+0000] {logging_mixin.py:188} INFO - [2026-05-09T22:00:37.501+0000] {dag.py:3823} INFO - Setting next_dagrun for spark_pipeline to 2026-05-09 00:00:00+00:00, run_after=2026-05-10 00:00:00+00:00
[2026-05-09T22:00:37.553+0000] {processor.py:183} INFO - Processing /opt/airflow/dags/spark_pipeline_dag.py took 0.374 seconds
[2026-05-09T22:01:08.136+0000] {processor.py:161} INFO - Started process (PID=7615) to work on /opt/airflow/dags/spark_pipeline_dag.py
[2026-05-09T22:01:08.138+0000] {processor.py:830} INFO - Processing file /opt/airflow/dags/spark_pipeline_dag.py for tasks to queue
[2026-05-09T22:01:08.141+0000] {logging_mixin.py:188} INFO - [2026-05-09T22:01:08.140+0000] {dagbag.py:538} INFO - Filling up the DagBag from /opt/airflow/dags/spark_pipeline_dag.py
[2026-05-09T22:01:08.321+0000] {processor.py:840} INFO - DAG(s) 'spark_pipeline' retrieved from /opt/airflow/dags/spark_pipeline_dag.py
[2026-05-09T22:01:08.376+0000] {logging_mixin.py:188} INFO - [2026-05-09T22:01:08.376+0000] {dag.py:3036} INFO - Sync 1 DAGs
[2026-05-09T22:01:08.435+0000] {logging_mixin.py:188} INFO - [2026-05-09T22:01:08.434+0000] {dag.py:3823} INFO - Setting next_dagrun for spark_pipeline to 2026-05-09 00:00:00+00:00, run_after=2026-05-10 00:00:00+00:00
[2026-05-09T22:01:08.485+0000] {processor.py:183} INFO - Processing /opt/airflow/dags/spark_pipeline_dag.py took 0.354 seconds
[2026-05-09T22:01:38.810+0000] {processor.py:161} INFO - Started process (PID=7631) to work on /opt/airflow/dags/spark_pipeline_dag.py
[2026-05-09T22:01:38.812+0000] {processor.py:830} INFO - Processing file /opt/airflow/dags/spark_pipeline_dag.py for tasks to queue
[2026-05-09T22:01:38.814+0000] {logging_mixin.py:188} INFO - [2026-05-09T22:01:38.814+0000] {dagbag.py:538} INFO - Filling up the DagBag from /opt/airflow/dags/spark_pipeline_dag.py
[2026-05-09T22:01:45.955+0000] {processor.py:840} INFO - DAG(s) 'spark_pipeline' retrieved from /opt/airflow/dags/spark_pipeline_dag.py
[2026-05-09T22:01:46.006+0000] {logging_mixin.py:188} INFO - [2026-05-09T22:01:46.005+0000] {dag.py:3036} INFO - Sync 1 DAGs
[2026-05-09T22:01:38.790+0000] {logging_mixin.py:188} INFO - [2026-05-09T22:01:38.790+0000] {dag.py:3823} INFO - Setting next_dagrun for spark_pipeline to 2026-05-09 00:00:00+00:00, run_after=2026-05-10 00:00:00+00:00
[2026-05-09T22:01:39.061+0000] {processor.py:183} INFO - Processing /opt/airflow/dags/spark_pipeline_dag.py took 0.755 seconds
[2026-05-09T22:02:09.417+0000] {processor.py:161} INFO - Started process (PID=7652) to work on /opt/airflow/dags/spark_pipeline_dag.py
[2026-05-09T22:02:09.419+0000] {processor.py:830} INFO - Processing file /opt/airflow/dags/spark_pipeline_dag.py for tasks to queue
[2026-05-09T22:02:09.421+0000] {logging_mixin.py:188} INFO - [2026-05-09T22:02:09.420+0000] {dagbag.py:538} INFO - Filling up the DagBag from /opt/airflow/dags/spark_pipeline_dag.py
[2026-05-09T22:02:09.569+0000] {processor.py:840} INFO - DAG(s) 'spark_pipeline' retrieved from /opt/airflow/dags/spark_pipeline_dag.py
[2026-05-09T22:02:09.620+0000] {logging_mixin.py:188} INFO - [2026-05-09T22:02:09.620+0000] {dag.py:3036} INFO - Sync 1 DAGs
[2026-05-09T22:02:09.658+0000] {logging_mixin.py:188} INFO - [2026-05-09T22:02:09.657+0000] {dag.py:3823} INFO - Setting next_dagrun for spark_pipeline to 2026-05-09 00:00:00+00:00, run_after=2026-05-10 00:00:00+00:00
[2026-05-09T22:02:09.796+0000] {processor.py:183} INFO - Processing /opt/airflow/dags/spark_pipeline_dag.py took 0.384 seconds
[2026-05-09T22:02:40.518+0000] {processor.py:161} INFO - Started process (PID=7668) to work on /opt/airflow/dags/spark_pipeline_dag.py
[2026-05-09T22:02:40.521+0000] {processor.py:830} INFO - Processing file /opt/airflow/dags/spark_pipeline_dag.py for tasks to queue
[2026-05-09T22:02:40.524+0000] {logging_mixin.py:188} INFO - [2026-05-09T22:02:40.523+0000] {dagbag.py:538} INFO - Filling up the DagBag from /opt/airflow/dags/spark_pipeline_dag.py
[2026-05-09T22:02:40.723+0000] {processor.py:840} INFO - DAG(s) 'spark_pipeline' retrieved from /opt/airflow/dags/spark_pipeline_dag.py
[2026-05-09T22:02:40.795+0000] {logging_mixin.py:188} INFO - [2026-05-09T22:02:40.794+0000] {dag.py:3036} INFO - Sync 1 DAGs
[2026-05-09T22:02:40.848+0000] {logging_mixin.py:188} INFO - [2026-05-09T22:02:40.848+0000] {dag.py:3823} INFO - Setting next_dagrun for spark_pipeline to 2026-05-09 00:00:00+00:00, run_after=2026-05-10 00:00:00+00:00
[2026-05-09T22:02:40.891+0000] {processor.py:183} INFO - Processing /opt/airflow/dags/spark_pipeline_dag.py took 0.380 seconds
[2026-05-09T22:03:11.067+0000] {processor.py:161} INFO - Started process (PID=7690) to work on /opt/airflow/dags/spark_pipeline_dag.py
[2026-05-09T22:03:11.069+0000] {processor.py:830} INFO - Processing file /opt/airflow/dags/spark_pipeline_dag.py for tasks to queue
[2026-05-09T22:03:11.071+0000] {logging_mixin.py:188} INFO - [2026-05-09T22:03:11.071+0000] {dagbag.py:538} INFO - Filling up the DagBag from /opt/airflow/dags/spark_pipeline_dag.py
[2026-05-09T22:03:11.234+0000] {processor.py:840} INFO - DAG(s) 'spark_pipeline' retrieved from /opt/airflow/dags/spark_pipeline_dag.py
[2026-05-09T22:03:11.287+0000] {logging_mixin.py:188} INFO - [2026-05-09T22:03:11.287+0000] {dag.py:3036} INFO - Sync 1 DAGs
[2026-05-09T22:03:11.334+0000] {logging_mixin.py:188} INFO - [2026-05-09T22:03:11.333+0000] {dag.py:3823} INFO - Setting next_dagrun for spark_pipeline to 2026-05-09 00:00:00+00:00, run_after=2026-05-10 00:00:00+00:00
[2026-05-09T22:03:11.379+0000] {processor.py:183} INFO - Processing /opt/airflow/dags/spark_pipeline_dag.py took 0.316 seconds
[2026-05-09T22:03:42.280+0000] {processor.py:161} INFO - Started process (PID=7706) to work on /opt/airflow/dags/spark_pipeline_dag.py
[2026-05-09T22:03:42.282+0000] {processor.py:830} INFO - Processing file /opt/airflow/dags/spark_pipeline_dag.py for tasks to queue
[2026-05-09T22:03:42.285+0000] {logging_mixin.py:188} INFO - [2026-05-09T22:03:42.284+0000] {dagbag.py:538} INFO - Filling up the DagBag from /opt/airflow/dags/spark_pipeline_dag.py
[2026-05-09T22:03:42.445+0000] {processor.py:840} INFO - DAG(s) 'spark_pipeline' retrieved from /opt/airflow/dags/spark_pipeline_dag.py
[2026-05-09T22:03:42.558+0000] {logging_mixin.py:188} INFO - [2026-05-09T22:03:42.557+0000] {dag.py:3036} INFO - Sync 1 DAGs
[2026-05-09T22:03:42.616+0000] {logging_mixin.py:188} INFO - [2026-05-09T22:03:42.616+0000] {dag.py:3823} INFO - Setting next_dagrun for spark_pipeline to 2026-05-09 00:00:00+00:00, run_after=2026-05-10 00:00:00+00:00
[2026-05-09T22:03:42.865+0000] {processor.py:183} INFO - Processing /opt/airflow/dags/spark_pipeline_dag.py took 0.592 seconds
[2026-05-09T22:04:13.677+0000] {processor.py:161} INFO - Started process (PID=7722) to work on /opt/airflow/dags/spark_pipeline_dag.py
[2026-05-09T22:04:13.678+0000] {processor.py:830} INFO - Processing file /opt/airflow/dags/spark_pipeline_dag.py for tasks to queue
[2026-05-09T22:04:13.680+0000] {logging_mixin.py:188} INFO - [2026-05-09T22:04:13.680+0000] {dagbag.py:538} INFO - Filling up the DagBag from /opt/airflow/dags/spark_pipeline_dag.py
[2026-05-09T22:04:13.864+0000] {processor.py:840} INFO - DAG(s) 'spark_pipeline' retrieved from /opt/airflow/dags/spark_pipeline_dag.py
[2026-05-09T22:04:21.196+0000] {logging_mixin.py:188} INFO - [2026-05-09T22:04:21.196+0000] {dag.py:3036} INFO - Sync 1 DAGs
[2026-05-09T22:04:21.243+0000] {logging_mixin.py:188} INFO - [2026-05-09T22:04:21.243+0000] {dag.py:3823} INFO - Setting next_dagrun for spark_pipeline to 2026-05-09 00:00:00+00:00, run_after=2026-05-10 00:00:00+00:00
[2026-05-09T22:04:13.822+0000] {processor.py:183} INFO - Processing /opt/airflow/dags/spark_pipeline_dag.py took 0.335 seconds
[2026-05-09T22:04:44.031+0000] {processor.py:161} INFO - Started process (PID=7736) to work on /opt/airflow/dags/spark_pipeline_dag.py
[2026-05-09T22:04:44.033+0000] {processor.py:830} INFO - Processing file /opt/airflow/dags/spark_pipeline_dag.py for tasks to queue
[2026-05-09T22:04:44.035+0000] {logging_mixin.py:188} INFO - [2026-05-09T22:04:44.034+0000] {dagbag.py:538} INFO - Filling up the DagBag from /opt/airflow/dags/spark_pipeline_dag.py
[2026-05-09T22:04:51.304+0000] {processor.py:840} INFO - DAG(s) 'spark_pipeline' retrieved from /opt/airflow/dags/spark_pipeline_dag.py
[2026-05-09T22:04:43.936+0000] {logging_mixin.py:188} INFO - [2026-05-09T22:04:43.935+0000] {dag.py:3036} INFO - Sync 1 DAGs
[2026-05-09T22:04:44.004+0000] {logging_mixin.py:188} INFO - [2026-05-09T22:04:44.003+0000] {dag.py:3823} INFO - Setting next_dagrun for spark_pipeline to 2026-05-09 00:00:00+00:00, run_after=2026-05-10 00:00:00+00:00
[2026-05-09T22:04:44.197+0000] {processor.py:183} INFO - Processing /opt/airflow/dags/spark_pipeline_dag.py took 0.622 seconds
