[2026-05-31T20:11:48.888+0000] {taskinstance.py:1956} INFO - Dependencies all met for dep_context=non-requeueable deps ti=<TaskInstance: dbt_pipeline.dbt_source_freshness scheduled__2026-05-30T00:00:00+00:00 [queued]>
[2026-05-31T20:11:48.914+0000] {taskinstance.py:1956} INFO - Dependencies all met for dep_context=requeueable deps ti=<TaskInstance: dbt_pipeline.dbt_source_freshness scheduled__2026-05-30T00:00:00+00:00 [queued]>
[2026-05-31T20:11:48.915+0000] {taskinstance.py:2170} INFO - Starting attempt 1 of 1
[2026-05-31T20:11:48.952+0000] {taskinstance.py:2191} INFO - Executing <Task(BashOperator): dbt_source_freshness> on 2026-05-30 00:00:00+00:00
[2026-05-31T20:11:48.961+0000] {standard_task_runner.py:60} INFO - Started process 12350 to run task
[2026-05-31T20:11:48.965+0000] {standard_task_runner.py:87} INFO - Running: ['***', 'tasks', 'run', 'dbt_pipeline', 'dbt_source_freshness', 'scheduled__2026-05-30T00:00:00+00:00', '--job-id', '169', '--raw', '--subdir', 'DAGS_FOLDER/dbt_pipeline_dag.py', '--cfg-path', '/tmp/tmpnohcrmvz']
[2026-05-31T20:11:48.969+0000] {standard_task_runner.py:88} INFO - Job 169: Subtask dbt_source_freshness
[2026-05-31T20:11:49.077+0000] {task_command.py:423} INFO - Running <TaskInstance: dbt_pipeline.dbt_source_freshness scheduled__2026-05-30T00:00:00+00:00 [running]> on host c5c53f6c77ae
[2026-05-31T20:11:49.293+0000] {taskinstance.py:2480} INFO - Exporting env vars: AIRFLOW_CTX_DAG_OWNER='***' AIRFLOW_CTX_DAG_ID='dbt_pipeline' AIRFLOW_CTX_TASK_ID='dbt_source_freshness' AIRFLOW_CTX_EXECUTION_DATE='2026-05-30T00:00:00+00:00' AIRFLOW_CTX_TRY_NUMBER='1' AIRFLOW_CTX_DAG_RUN_ID='scheduled__2026-05-30T00:00:00+00:00'
[2026-05-31T20:11:49.295+0000] {subprocess.py:63} INFO - Tmp dir root location: /tmp
[2026-05-31T20:11:49.299+0000] {subprocess.py:75} INFO - Running command: ['/usr/bin/bash', '-c', 'cd /opt/***/project/week7/de_journey && dbt source freshness --profiles-dir /opt/***/project/week7/de_journey --no-version-check']
[2026-05-31T20:11:49.319+0000] {subprocess.py:86} INFO - Output:
[2026-05-31T20:11:53.017+0000] {subprocess.py:93} INFO - [0m20:11:53  Running with dbt=1.8.7
[2026-05-31T20:11:55.177+0000] {subprocess.py:93} INFO - [0m20:11:55  Registered adapter: bigquery=1.8.3
[2026-05-31T20:12:01.538+0000] {subprocess.py:93} INFO - [0m20:12:01  Found 2 models, 1 snapshot, 13 data tests, 1 source, 759 macros
[2026-05-31T20:12:01.547+0000] {subprocess.py:93} INFO - [0m20:12:01
[2026-05-31T20:12:01.550+0000] {subprocess.py:93} INFO - [0m20:12:01  Nothing to do. Try checking your model configs and model specification args
[2026-05-31T20:12:01.938+0000] {subprocess.py:93} INFO - [0m20:12:01  Done.
[2026-05-31T20:12:03.374+0000] {subprocess.py:97} INFO - Command exited with return code 0
[2026-05-31T20:12:03.529+0000] {taskinstance.py:1138} INFO - Marking task as SUCCESS. dag_id=dbt_pipeline, task_id=dbt_source_freshness, execution_date=20260530T000000, start_date=20260531T201148, end_date=20260531T201203
[2026-05-31T20:12:03.755+0000] {local_task_job_runner.py:234} INFO - Task exited with return code 0
[2026-05-31T20:12:03.795+0000] {taskinstance.py:3280} INFO - 0 downstream tasks scheduled from follow-on schedule check
