[2026-05-03T18:33:11.778+0000] {taskinstance.py:1956} INFO - Dependencies all met for dep_context=non-requeueable deps ti=<TaskInstance: dbt_pipeline.dbt_snapshot scheduled__2026-05-02T00:00:00+00:00 [queued]>
[2026-05-03T18:33:11.799+0000] {taskinstance.py:1956} INFO - Dependencies all met for dep_context=requeueable deps ti=<TaskInstance: dbt_pipeline.dbt_snapshot scheduled__2026-05-02T00:00:00+00:00 [queued]>
[2026-05-03T18:33:11.801+0000] {taskinstance.py:2170} INFO - Starting attempt 1 of 1
[2026-05-03T18:33:13.350+0000] {taskinstance.py:2191} INFO - Executing <Task(BashOperator): dbt_snapshot> on 2026-05-02 00:00:00+00:00
[2026-05-03T18:33:13.375+0000] {standard_task_runner.py:60} INFO - Started process 3029 to run task
[2026-05-03T18:33:13.381+0000] {standard_task_runner.py:87} INFO - Running: ['***', 'tasks', 'run', 'dbt_pipeline', 'dbt_snapshot', 'scheduled__2026-05-02T00:00:00+00:00', '--job-id', '79', '--raw', '--subdir', 'DAGS_FOLDER/dbt_pipeline_dag.py', '--cfg-path', '/tmp/tmp538k1apw']
[2026-05-03T18:33:13.386+0000] {standard_task_runner.py:88} INFO - Job 79: Subtask dbt_snapshot
[2026-05-03T18:33:18.554+0000] {task_command.py:423} INFO - Running <TaskInstance: dbt_pipeline.dbt_snapshot scheduled__2026-05-02T00:00:00+00:00 [running]> on host c5c53f6c77ae
[2026-05-03T18:33:19.976+0000] {taskinstance.py:2480} INFO - Exporting env vars: AIRFLOW_CTX_DAG_OWNER='***' AIRFLOW_CTX_DAG_ID='dbt_pipeline' AIRFLOW_CTX_TASK_ID='dbt_snapshot' AIRFLOW_CTX_EXECUTION_DATE='2026-05-02T00:00:00+00:00' AIRFLOW_CTX_TRY_NUMBER='1' AIRFLOW_CTX_DAG_RUN_ID='scheduled__2026-05-02T00:00:00+00:00'
[2026-05-03T18:33:19.979+0000] {subprocess.py:63} INFO - Tmp dir root location: /tmp
[2026-05-03T18:33:20.331+0000] {subprocess.py:75} INFO - Running command: ['/usr/bin/bash', '-c', 'cd /opt/***/project/week7/de_journey && dbt snapshot --profiles-dir /opt/***/project/week7/de_journey --no-version-check']
[2026-05-03T18:33:20.539+0000] {subprocess.py:86} INFO - Output:
[2026-05-03T18:34:04.314+0000] {subprocess.py:93} INFO - [0m18:34:04  Running with dbt=1.8.7
[2026-05-03T18:34:10.077+0000] {subprocess.py:93} INFO - [0m18:34:10  Registered adapter: bigquery=1.8.3
[2026-05-03T18:34:17.207+0000] {subprocess.py:93} INFO - [0m18:34:17  Found 2 models, 1 snapshot, 13 data tests, 1 source, 759 macros
[2026-05-03T18:34:17.214+0000] {subprocess.py:93} INFO - [0m18:34:17
[2026-05-03T18:34:19.900+0000] {subprocess.py:93} INFO - [0m18:34:19  Concurrency: 4 threads (target='dev')
[2026-05-03T18:34:19.903+0000] {subprocess.py:93} INFO - [0m18:34:19
[2026-05-03T18:34:19.954+0000] {subprocess.py:93} INFO - [0m18:34:19  1 of 1 START snapshot snapshots.sales_snapshot ................................. [RUN]
[2026-05-03T18:34:30.410+0000] {subprocess.py:93} INFO - [0m18:34:30  1 of 1 OK snapshotted snapshots.sales_snapshot ................................. [[32mMERGE (0.0 rows, 351.0 Bytes processed)[0m in 10.44s]
[2026-05-03T18:34:30.440+0000] {subprocess.py:93} INFO - [0m18:34:30
[2026-05-03T18:34:30.443+0000] {subprocess.py:93} INFO - [0m18:34:30  Finished running 1 snapshot in 0 hours 0 minutes and 13.22 seconds (13.22s).
[2026-05-03T18:34:30.739+0000] {subprocess.py:93} INFO - [0m18:34:30
[2026-05-03T18:34:30.742+0000] {subprocess.py:93} INFO - [0m18:34:30  [32mCompleted successfully[0m
[2026-05-03T18:34:30.744+0000] {subprocess.py:93} INFO - [0m18:34:30
[2026-05-03T18:34:30.747+0000] {subprocess.py:93} INFO - [0m18:34:30  Done. PASS=1 WARN=0 ERROR=0 SKIP=0 TOTAL=1
[2026-05-03T18:34:32.718+0000] {subprocess.py:97} INFO - Command exited with return code 0
[2026-05-03T18:34:32.774+0000] {taskinstance.py:1138} INFO - Marking task as SUCCESS. dag_id=dbt_pipeline, task_id=dbt_snapshot, execution_date=20260502T000000, start_date=20260503T183311, end_date=20260503T183432
[2026-05-03T18:34:32.907+0000] {local_task_job_runner.py:234} INFO - Task exited with return code 0
[2026-05-03T18:34:32.955+0000] {taskinstance.py:3280} INFO - 1 downstream tasks scheduled from follow-on schedule check
