[2026-05-08T20:08:13.153+0000] {taskinstance.py:1956} INFO - Dependencies all met for dep_context=non-requeueable deps ti=<TaskInstance: dbt_pipeline.dbt_source_freshness scheduled__2026-05-07T00:00:00+00:00 [queued]>
[2026-05-08T20:08:13.177+0000] {taskinstance.py:1956} INFO - Dependencies all met for dep_context=requeueable deps ti=<TaskInstance: dbt_pipeline.dbt_source_freshness scheduled__2026-05-07T00:00:00+00:00 [queued]>
[2026-05-08T20:08:13.179+0000] {taskinstance.py:2170} INFO - Starting attempt 1 of 1
[2026-05-08T20:08:13.294+0000] {taskinstance.py:2191} INFO - Executing <Task(BashOperator): dbt_source_freshness> on 2026-05-07 00:00:00+00:00
[2026-05-08T20:08:13.304+0000] {standard_task_runner.py:60} INFO - Started process 4636 to run task
[2026-05-08T20:08:13.309+0000] {standard_task_runner.py:87} INFO - Running: ['***', 'tasks', 'run', 'dbt_pipeline', 'dbt_source_freshness', 'scheduled__2026-05-07T00:00:00+00:00', '--job-id', '105', '--raw', '--subdir', 'DAGS_FOLDER/dbt_pipeline_dag.py', '--cfg-path', '/tmp/tmpg8v_nylb']
[2026-05-08T20:08:13.312+0000] {standard_task_runner.py:88} INFO - Job 105: Subtask dbt_source_freshness
[2026-05-08T20:08:13.481+0000] {task_command.py:423} INFO - Running <TaskInstance: dbt_pipeline.dbt_source_freshness scheduled__2026-05-07T00:00:00+00:00 [running]> on host c5c53f6c77ae
[2026-05-08T20:08:13.780+0000] {taskinstance.py:2480} INFO - Exporting env vars: AIRFLOW_CTX_DAG_OWNER='***' AIRFLOW_CTX_DAG_ID='dbt_pipeline' AIRFLOW_CTX_TASK_ID='dbt_source_freshness' AIRFLOW_CTX_EXECUTION_DATE='2026-05-07T00:00:00+00:00' AIRFLOW_CTX_TRY_NUMBER='1' AIRFLOW_CTX_DAG_RUN_ID='scheduled__2026-05-07T00:00:00+00:00'
[2026-05-08T20:08:13.783+0000] {subprocess.py:63} INFO - Tmp dir root location: /tmp
[2026-05-08T20:08:13.805+0000] {subprocess.py:75} INFO - Running command: ['/usr/bin/bash', '-c', 'cd /opt/***/project/week7/de_journey && dbt source freshness --profiles-dir /opt/***/project/week7/de_journey --no-version-check']
[2026-05-08T20:08:13.822+0000] {subprocess.py:86} INFO - Output:
[2026-05-08T20:08:18.073+0000] {subprocess.py:93} INFO - [0m20:08:18  Running with dbt=1.8.7
[2026-05-08T20:08:20.403+0000] {subprocess.py:93} INFO - [0m20:08:20  Registered adapter: bigquery=1.8.3
[2026-05-08T20:08:27.125+0000] {subprocess.py:93} INFO - [0m20:08:27  Found 2 models, 1 snapshot, 13 data tests, 1 source, 759 macros
[2026-05-08T20:08:27.134+0000] {subprocess.py:93} INFO - [0m20:08:27
[2026-05-08T20:08:27.138+0000] {subprocess.py:93} INFO - [0m20:08:27  Nothing to do. Try checking your model configs and model specification args
[2026-05-08T20:08:27.623+0000] {subprocess.py:93} INFO - [0m20:08:27  Done.
[2026-05-08T20:08:28.946+0000] {subprocess.py:97} INFO - Command exited with return code 0
[2026-05-08T20:08:28.638+0000] {taskinstance.py:1138} INFO - Marking task as SUCCESS. dag_id=dbt_pipeline, task_id=dbt_source_freshness, execution_date=20260507T000000, start_date=20260508T200813, end_date=20260508T200828
[2026-05-08T20:08:29.077+0000] {local_task_job_runner.py:234} INFO - Task exited with return code 0
[2026-05-08T20:08:29.105+0000] {taskinstance.py:3280} INFO - 0 downstream tasks scheduled from follow-on schedule check
