[2026-05-08T20:03:53.468+0000] {taskinstance.py:1956} INFO - Dependencies all met for dep_context=non-requeueable deps ti=<TaskInstance: dbt_pipeline.dbt_snapshot scheduled__2026-05-07T00:00:00+00:00 [queued]>
[2026-05-08T20:03:53.517+0000] {taskinstance.py:1956} INFO - Dependencies all met for dep_context=requeueable deps ti=<TaskInstance: dbt_pipeline.dbt_snapshot scheduled__2026-05-07T00:00:00+00:00 [queued]>
[2026-05-08T20:03:53.519+0000] {taskinstance.py:2170} INFO - Starting attempt 1 of 1
[2026-05-08T20:03:56.044+0000] {taskinstance.py:2191} INFO - Executing <Task(BashOperator): dbt_snapshot> on 2026-05-07 00:00:00+00:00
[2026-05-08T20:03:56.061+0000] {standard_task_runner.py:60} INFO - Started process 4457 to run task
[2026-05-08T20:03:56.070+0000] {standard_task_runner.py:87} INFO - Running: ['***', 'tasks', 'run', 'dbt_pipeline', 'dbt_snapshot', 'scheduled__2026-05-07T00:00:00+00:00', '--job-id', '95', '--raw', '--subdir', 'DAGS_FOLDER/dbt_pipeline_dag.py', '--cfg-path', '/tmp/tmpp8x2jdnn']
[2026-05-08T20:03:56.073+0000] {standard_task_runner.py:88} INFO - Job 95: Subtask dbt_snapshot
[2026-05-08T20:03:56.910+0000] {task_command.py:423} INFO - Running <TaskInstance: dbt_pipeline.dbt_snapshot scheduled__2026-05-07T00:00:00+00:00 [running]> on host c5c53f6c77ae
[2026-05-08T20:03:58.156+0000] {taskinstance.py:2480} INFO - Exporting env vars: AIRFLOW_CTX_DAG_OWNER='***' AIRFLOW_CTX_DAG_ID='dbt_pipeline' AIRFLOW_CTX_TASK_ID='dbt_snapshot' AIRFLOW_CTX_EXECUTION_DATE='2026-05-07T00:00:00+00:00' AIRFLOW_CTX_TRY_NUMBER='1' AIRFLOW_CTX_DAG_RUN_ID='scheduled__2026-05-07T00:00:00+00:00'
[2026-05-08T20:03:58.161+0000] {subprocess.py:63} INFO - Tmp dir root location: /tmp
[2026-05-08T20:03:58.293+0000] {subprocess.py:75} INFO - Running command: ['/usr/bin/bash', '-c', 'cd /opt/***/project/week7/de_journey && dbt snapshot --profiles-dir /opt/***/project/week7/de_journey --no-version-check']
[2026-05-08T20:03:58.984+0000] {subprocess.py:86} INFO - Output:
[2026-05-08T20:06:07.345+0000] {subprocess.py:93} INFO - [0m20:06:07  Running with dbt=1.8.7
[2026-05-08T20:06:11.400+0000] {subprocess.py:93} INFO - [0m20:06:11  Registered adapter: bigquery=1.8.3
[2026-05-08T20:06:58.904+0000] {subprocess.py:93} INFO - [0m20:06:58  Found 2 models, 1 snapshot, 13 data tests, 1 source, 759 macros
[2026-05-08T20:06:58.913+0000] {subprocess.py:93} INFO - [0m20:06:58
[2026-05-08T20:07:00.932+0000] {subprocess.py:93} INFO - [0m20:07:00  Concurrency: 4 threads (target='dev')
[2026-05-08T20:07:00.939+0000] {subprocess.py:93} INFO - [0m20:07:00
[2026-05-08T20:07:00.992+0000] {subprocess.py:93} INFO - [0m20:07:00  1 of 1 START snapshot snapshots.sales_snapshot ................................. [RUN]
[2026-05-08T20:07:13.580+0000] {subprocess.py:93} INFO - [0m20:07:13  1 of 1 OK snapshotted snapshots.sales_snapshot ................................. [[32mMERGE (0.0 rows, 351.0 Bytes processed)[0m in 12.58s]
[2026-05-08T20:07:13.599+0000] {subprocess.py:93} INFO - [0m20:07:13
[2026-05-08T20:07:13.602+0000] {subprocess.py:93} INFO - [0m20:07:13  Finished running 1 snapshot in 0 hours 0 minutes and 14.68 seconds (14.68s).
[2026-05-08T20:07:13.993+0000] {subprocess.py:93} INFO - [0m20:07:13
[2026-05-08T20:07:13.996+0000] {subprocess.py:93} INFO - [0m20:07:13  [32mCompleted successfully[0m
[2026-05-08T20:07:13.999+0000] {subprocess.py:93} INFO - [0m20:07:13
[2026-05-08T20:07:14.002+0000] {subprocess.py:93} INFO - [0m20:07:14  Done. PASS=1 WARN=0 ERROR=0 SKIP=0 TOTAL=1
[2026-05-08T20:07:16.508+0000] {subprocess.py:97} INFO - Command exited with return code 0
[2026-05-08T20:07:16.610+0000] {taskinstance.py:1138} INFO - Marking task as SUCCESS. dag_id=dbt_pipeline, task_id=dbt_snapshot, execution_date=20260507T000000, start_date=20260508T200353, end_date=20260508T200716
[2026-05-08T20:07:16.778+0000] {local_task_job_runner.py:234} INFO - Task exited with return code 0
[2026-05-08T20:07:16.843+0000] {taskinstance.py:3280} INFO - 1 downstream tasks scheduled from follow-on schedule check
