[2026-04-29T21:10:03.122+0000] {taskinstance.py:1956} INFO - Dependencies all met for dep_context=non-requeueable deps ti=<TaskInstance: dbt_pipeline.dbt_source_freshness manual__2026-04-29T21:08:40.476406+00:00 [queued]>
[2026-04-29T21:10:03.143+0000] {taskinstance.py:1956} INFO - Dependencies all met for dep_context=requeueable deps ti=<TaskInstance: dbt_pipeline.dbt_source_freshness manual__2026-04-29T21:08:40.476406+00:00 [queued]>
[2026-04-29T21:10:03.145+0000] {taskinstance.py:2170} INFO - Starting attempt 1 of 1
[2026-04-29T21:10:03.179+0000] {taskinstance.py:2191} INFO - Executing <Task(BashOperator): dbt_source_freshness> on 2026-04-29 21:08:40.476406+00:00
[2026-04-29T21:10:03.187+0000] {standard_task_runner.py:60} INFO - Started process 336 to run task
[2026-04-29T21:10:03.192+0000] {standard_task_runner.py:87} INFO - Running: ['***', 'tasks', 'run', 'dbt_pipeline', 'dbt_source_freshness', 'manual__2026-04-29T21:08:40.476406+00:00', '--job-id', '67', '--raw', '--subdir', 'DAGS_FOLDER/dbt_pipeline_dag.py', '--cfg-path', '/tmp/tmptfcl8sfe']
[2026-04-29T21:10:03.195+0000] {standard_task_runner.py:88} INFO - Job 67: Subtask dbt_source_freshness
[2026-04-29T21:10:03.295+0000] {task_command.py:423} INFO - Running <TaskInstance: dbt_pipeline.dbt_source_freshness manual__2026-04-29T21:08:40.476406+00:00 [running]> on host c5c53f6c77ae
[2026-04-29T21:10:03.478+0000] {taskinstance.py:2480} INFO - Exporting env vars: AIRFLOW_CTX_DAG_OWNER='***' AIRFLOW_CTX_DAG_ID='dbt_pipeline' AIRFLOW_CTX_TASK_ID='dbt_source_freshness' AIRFLOW_CTX_EXECUTION_DATE='2026-04-29T21:08:40.476406+00:00' AIRFLOW_CTX_TRY_NUMBER='1' AIRFLOW_CTX_DAG_RUN_ID='manual__2026-04-29T21:08:40.476406+00:00'
[2026-04-29T21:10:03.481+0000] {subprocess.py:63} INFO - Tmp dir root location: /tmp
[2026-04-29T21:10:03.483+0000] {subprocess.py:75} INFO - Running command: ['/usr/bin/bash', '-c', 'cd /opt/***/project/week7/de_journey && dbt source freshness --profiles-dir /opt/***/project/week7/de_journey --no-version-check']
[2026-04-29T21:10:03.500+0000] {subprocess.py:86} INFO - Output:
[2026-04-29T21:10:06.868+0000] {subprocess.py:93} INFO - [0m21:10:06  Running with dbt=1.8.7
[2026-04-29T21:10:09.162+0000] {subprocess.py:93} INFO - [0m21:10:09  Registered adapter: bigquery=1.8.3
[2026-04-29T21:10:15.220+0000] {subprocess.py:93} INFO - [0m21:10:15  Found 2 models, 1 snapshot, 13 data tests, 1 source, 759 macros
[2026-04-29T21:10:15.230+0000] {subprocess.py:93} INFO - [0m21:10:15
[2026-04-29T21:10:15.232+0000] {subprocess.py:93} INFO - [0m21:10:15  Nothing to do. Try checking your model configs and model specification args
[2026-04-29T21:10:15.421+0000] {subprocess.py:93} INFO - [0m21:10:15  Done.
[2026-04-29T21:10:22.532+0000] {subprocess.py:97} INFO - Command exited with return code 0
[2026-04-29T21:10:16.290+0000] {taskinstance.py:1138} INFO - Marking task as SUCCESS. dag_id=dbt_pipeline, task_id=dbt_source_freshness, execution_date=20260429T210840, start_date=20260429T211003, end_date=20260429T211016
[2026-04-29T21:10:16.423+0000] {local_task_job_runner.py:234} INFO - Task exited with return code 0
[2026-04-29T21:10:16.475+0000] {taskinstance.py:3280} INFO - 0 downstream tasks scheduled from follow-on schedule check
