[2026-04-24T18:55:45.994+0000] {processor.py:161} INFO - Started process (PID=2122) to work on /opt/airflow/dags/dbt_pipeline_dag.py
[2026-04-24T18:55:46.001+0000] {processor.py:830} INFO - Processing file /opt/airflow/dags/dbt_pipeline_dag.py for tasks to queue
[2026-04-24T18:55:46.003+0000] {logging_mixin.py:188} INFO - [2026-04-24T18:55:46.003+0000] {dagbag.py:538} INFO - Filling up the DagBag from /opt/airflow/dags/dbt_pipeline_dag.py
[2026-04-24T18:55:46.190+0000] {processor.py:840} INFO - DAG(s) 'dbt_pipeline' retrieved from /opt/airflow/dags/dbt_pipeline_dag.py
[2026-04-24T18:55:46.466+0000] {logging_mixin.py:188} INFO - [2026-04-24T18:55:46.465+0000] {dag.py:3036} INFO - Sync 1 DAGs
[2026-04-24T18:55:47.441+0000] {logging_mixin.py:188} INFO - [2026-04-24T18:55:47.440+0000] {dag.py:3823} INFO - Setting next_dagrun for dbt_pipeline to 2026-04-23 00:00:00+00:00, run_after=2026-04-24 00:00:00+00:00
[2026-04-24T18:55:48.110+0000] {processor.py:183} INFO - Processing /opt/airflow/dags/dbt_pipeline_dag.py took 2.126 seconds
[2026-04-24T18:56:23.551+0000] {processor.py:161} INFO - Started process (PID=2150) to work on /opt/airflow/dags/dbt_pipeline_dag.py
[2026-04-24T18:56:23.729+0000] {processor.py:830} INFO - Processing file /opt/airflow/dags/dbt_pipeline_dag.py for tasks to queue
[2026-04-24T18:56:23.789+0000] {logging_mixin.py:188} INFO - [2026-04-24T18:56:23.769+0000] {dagbag.py:538} INFO - Filling up the DagBag from /opt/airflow/dags/dbt_pipeline_dag.py
[2026-04-24T18:56:25.487+0000] {processor.py:840} INFO - DAG(s) 'dbt_pipeline' retrieved from /opt/airflow/dags/dbt_pipeline_dag.py
[2026-04-24T18:56:25.692+0000] {logging_mixin.py:188} INFO - [2026-04-24T18:56:25.691+0000] {dag.py:3036} INFO - Sync 1 DAGs
[2026-04-24T18:56:25.854+0000] {logging_mixin.py:188} INFO - [2026-04-24T18:56:25.853+0000] {dag.py:3823} INFO - Setting next_dagrun for dbt_pipeline to 2026-04-24 00:00:00+00:00, run_after=2026-04-25 00:00:00+00:00
[2026-04-24T18:56:26.312+0000] {processor.py:183} INFO - Processing /opt/airflow/dags/dbt_pipeline_dag.py took 2.915 seconds
[2026-04-24T18:56:57.706+0000] {processor.py:161} INFO - Started process (PID=2190) to work on /opt/airflow/dags/dbt_pipeline_dag.py
[2026-04-24T18:56:57.748+0000] {processor.py:830} INFO - Processing file /opt/airflow/dags/dbt_pipeline_dag.py for tasks to queue
[2026-04-24T18:56:57.763+0000] {logging_mixin.py:188} INFO - [2026-04-24T18:56:57.763+0000] {dagbag.py:538} INFO - Filling up the DagBag from /opt/airflow/dags/dbt_pipeline_dag.py
[2026-04-24T18:56:58.600+0000] {processor.py:840} INFO - DAG(s) 'dbt_pipeline' retrieved from /opt/airflow/dags/dbt_pipeline_dag.py
[2026-04-24T18:56:58.893+0000] {logging_mixin.py:188} INFO - [2026-04-24T18:56:58.892+0000] {dag.py:3036} INFO - Sync 1 DAGs
[2026-04-24T18:56:59.336+0000] {logging_mixin.py:188} INFO - [2026-04-24T18:56:59.335+0000] {dag.py:3823} INFO - Setting next_dagrun for dbt_pipeline to 2026-04-24 00:00:00+00:00, run_after=2026-04-25 00:00:00+00:00
[2026-04-24T18:56:59.553+0000] {processor.py:183} INFO - Processing /opt/airflow/dags/dbt_pipeline_dag.py took 1.875 seconds
[2026-04-24T18:57:30.034+0000] {processor.py:161} INFO - Started process (PID=2263) to work on /opt/airflow/dags/dbt_pipeline_dag.py
[2026-04-24T18:57:30.056+0000] {processor.py:830} INFO - Processing file /opt/airflow/dags/dbt_pipeline_dag.py for tasks to queue
[2026-04-24T18:57:30.064+0000] {logging_mixin.py:188} INFO - [2026-04-24T18:57:30.063+0000] {dagbag.py:538} INFO - Filling up the DagBag from /opt/airflow/dags/dbt_pipeline_dag.py
[2026-04-24T18:57:30.154+0000] {processor.py:840} INFO - DAG(s) 'dbt_pipeline' retrieved from /opt/airflow/dags/dbt_pipeline_dag.py
[2026-04-24T18:57:30.265+0000] {logging_mixin.py:188} INFO - [2026-04-24T18:57:30.265+0000] {dag.py:3036} INFO - Sync 1 DAGs
[2026-04-24T18:57:30.384+0000] {logging_mixin.py:188} INFO - [2026-04-24T18:57:30.383+0000] {dag.py:3823} INFO - Setting next_dagrun for dbt_pipeline to 2026-04-24 00:00:00+00:00, run_after=2026-04-25 00:00:00+00:00
[2026-04-24T18:57:30.454+0000] {processor.py:183} INFO - Processing /opt/airflow/dags/dbt_pipeline_dag.py took 0.427 seconds
[2026-04-24T18:58:01.389+0000] {processor.py:161} INFO - Started process (PID=2294) to work on /opt/airflow/dags/dbt_pipeline_dag.py
[2026-04-24T18:58:01.392+0000] {processor.py:830} INFO - Processing file /opt/airflow/dags/dbt_pipeline_dag.py for tasks to queue
[2026-04-24T18:58:01.395+0000] {logging_mixin.py:188} INFO - [2026-04-24T18:58:01.394+0000] {dagbag.py:538} INFO - Filling up the DagBag from /opt/airflow/dags/dbt_pipeline_dag.py
[2026-04-24T18:58:01.446+0000] {processor.py:840} INFO - DAG(s) 'dbt_pipeline' retrieved from /opt/airflow/dags/dbt_pipeline_dag.py
[2026-04-24T18:58:01.512+0000] {logging_mixin.py:188} INFO - [2026-04-24T18:58:01.512+0000] {dag.py:3036} INFO - Sync 1 DAGs
[2026-04-24T18:58:01.566+0000] {logging_mixin.py:188} INFO - [2026-04-24T18:58:01.566+0000] {dag.py:3823} INFO - Setting next_dagrun for dbt_pipeline to 2026-04-24 00:00:00+00:00, run_after=2026-04-25 00:00:00+00:00
[2026-04-24T18:58:01.630+0000] {processor.py:183} INFO - Processing /opt/airflow/dags/dbt_pipeline_dag.py took 0.247 seconds
[2026-04-24T18:58:31.841+0000] {processor.py:161} INFO - Started process (PID=2305) to work on /opt/airflow/dags/dbt_pipeline_dag.py
[2026-04-24T18:58:31.843+0000] {processor.py:830} INFO - Processing file /opt/airflow/dags/dbt_pipeline_dag.py for tasks to queue
[2026-04-24T18:58:31.845+0000] {logging_mixin.py:188} INFO - [2026-04-24T18:58:31.845+0000] {dagbag.py:538} INFO - Filling up the DagBag from /opt/airflow/dags/dbt_pipeline_dag.py
[2026-04-24T18:58:31.893+0000] {processor.py:840} INFO - DAG(s) 'dbt_pipeline' retrieved from /opt/airflow/dags/dbt_pipeline_dag.py
[2026-04-24T18:58:31.945+0000] {logging_mixin.py:188} INFO - [2026-04-24T18:58:31.944+0000] {dag.py:3036} INFO - Sync 1 DAGs
[2026-04-24T18:58:31.988+0000] {logging_mixin.py:188} INFO - [2026-04-24T18:58:31.988+0000] {dag.py:3823} INFO - Setting next_dagrun for dbt_pipeline to 2026-04-24 00:00:00+00:00, run_after=2026-04-25 00:00:00+00:00
[2026-04-24T18:58:32.028+0000] {processor.py:183} INFO - Processing /opt/airflow/dags/dbt_pipeline_dag.py took 0.192 seconds
[2026-04-24T18:59:02.431+0000] {processor.py:161} INFO - Started process (PID=2316) to work on /opt/airflow/dags/dbt_pipeline_dag.py
[2026-04-24T18:59:02.435+0000] {processor.py:830} INFO - Processing file /opt/airflow/dags/dbt_pipeline_dag.py for tasks to queue
[2026-04-24T18:59:02.438+0000] {logging_mixin.py:188} INFO - [2026-04-24T18:59:02.437+0000] {dagbag.py:538} INFO - Filling up the DagBag from /opt/airflow/dags/dbt_pipeline_dag.py
[2026-04-24T18:59:02.500+0000] {processor.py:840} INFO - DAG(s) 'dbt_pipeline' retrieved from /opt/airflow/dags/dbt_pipeline_dag.py
[2026-04-24T18:59:02.577+0000] {logging_mixin.py:188} INFO - [2026-04-24T18:59:02.576+0000] {dag.py:3036} INFO - Sync 1 DAGs
[2026-04-24T18:59:02.641+0000] {logging_mixin.py:188} INFO - [2026-04-24T18:59:02.641+0000] {dag.py:3823} INFO - Setting next_dagrun for dbt_pipeline to 2026-04-24 00:00:00+00:00, run_after=2026-04-25 00:00:00+00:00
[2026-04-24T18:59:02.698+0000] {processor.py:183} INFO - Processing /opt/airflow/dags/dbt_pipeline_dag.py took 0.276 seconds
[2026-04-24T18:59:33.053+0000] {processor.py:161} INFO - Started process (PID=2327) to work on /opt/airflow/dags/dbt_pipeline_dag.py
[2026-04-24T18:59:33.056+0000] {processor.py:830} INFO - Processing file /opt/airflow/dags/dbt_pipeline_dag.py for tasks to queue
[2026-04-24T18:59:33.059+0000] {logging_mixin.py:188} INFO - [2026-04-24T18:59:33.058+0000] {dagbag.py:538} INFO - Filling up the DagBag from /opt/airflow/dags/dbt_pipeline_dag.py
[2026-04-24T18:59:33.110+0000] {processor.py:840} INFO - DAG(s) 'dbt_pipeline' retrieved from /opt/airflow/dags/dbt_pipeline_dag.py
[2026-04-24T18:59:33.202+0000] {logging_mixin.py:188} INFO - [2026-04-24T18:59:33.201+0000] {dag.py:3036} INFO - Sync 1 DAGs
[2026-04-24T18:59:33.288+0000] {logging_mixin.py:188} INFO - [2026-04-24T18:59:33.287+0000] {dag.py:3823} INFO - Setting next_dagrun for dbt_pipeline to 2026-04-24 00:00:00+00:00, run_after=2026-04-25 00:00:00+00:00
[2026-04-24T18:59:33.347+0000] {processor.py:183} INFO - Processing /opt/airflow/dags/dbt_pipeline_dag.py took 0.299 seconds
[2026-04-24T19:00:03.570+0000] {processor.py:161} INFO - Started process (PID=2338) to work on /opt/airflow/dags/dbt_pipeline_dag.py
[2026-04-24T19:00:03.573+0000] {processor.py:830} INFO - Processing file /opt/airflow/dags/dbt_pipeline_dag.py for tasks to queue
[2026-04-24T19:00:03.575+0000] {logging_mixin.py:188} INFO - [2026-04-24T19:00:03.574+0000] {dagbag.py:538} INFO - Filling up the DagBag from /opt/airflow/dags/dbt_pipeline_dag.py
[2026-04-24T19:00:03.619+0000] {processor.py:840} INFO - DAG(s) 'dbt_pipeline' retrieved from /opt/airflow/dags/dbt_pipeline_dag.py
[2026-04-24T19:00:03.672+0000] {logging_mixin.py:188} INFO - [2026-04-24T19:00:03.671+0000] {dag.py:3036} INFO - Sync 1 DAGs
[2026-04-24T19:00:03.715+0000] {logging_mixin.py:188} INFO - [2026-04-24T19:00:03.715+0000] {dag.py:3823} INFO - Setting next_dagrun for dbt_pipeline to 2026-04-24 00:00:00+00:00, run_after=2026-04-25 00:00:00+00:00
[2026-04-24T19:00:03.761+0000] {processor.py:183} INFO - Processing /opt/airflow/dags/dbt_pipeline_dag.py took 0.196 seconds
[2026-04-24T19:00:33.975+0000] {processor.py:161} INFO - Started process (PID=2349) to work on /opt/airflow/dags/dbt_pipeline_dag.py
[2026-04-24T19:00:33.987+0000] {processor.py:830} INFO - Processing file /opt/airflow/dags/dbt_pipeline_dag.py for tasks to queue
[2026-04-24T19:00:33.991+0000] {logging_mixin.py:188} INFO - [2026-04-24T19:00:33.990+0000] {dagbag.py:538} INFO - Filling up the DagBag from /opt/airflow/dags/dbt_pipeline_dag.py
[2026-04-24T19:00:34.076+0000] {processor.py:840} INFO - DAG(s) 'dbt_pipeline' retrieved from /opt/airflow/dags/dbt_pipeline_dag.py
[2026-04-24T19:00:34.207+0000] {logging_mixin.py:188} INFO - [2026-04-24T19:00:34.206+0000] {dag.py:3036} INFO - Sync 1 DAGs
[2026-04-24T19:00:34.324+0000] {logging_mixin.py:188} INFO - [2026-04-24T19:00:34.324+0000] {dag.py:3823} INFO - Setting next_dagrun for dbt_pipeline to 2026-04-24 00:00:00+00:00, run_after=2026-04-25 00:00:00+00:00
[2026-04-24T19:00:34.415+0000] {processor.py:183} INFO - Processing /opt/airflow/dags/dbt_pipeline_dag.py took 0.449 seconds
[2026-04-24T19:01:04.997+0000] {processor.py:161} INFO - Started process (PID=2360) to work on /opt/airflow/dags/dbt_pipeline_dag.py
[2026-04-24T19:01:05.000+0000] {processor.py:830} INFO - Processing file /opt/airflow/dags/dbt_pipeline_dag.py for tasks to queue
[2026-04-24T19:01:05.002+0000] {logging_mixin.py:188} INFO - [2026-04-24T19:01:05.001+0000] {dagbag.py:538} INFO - Filling up the DagBag from /opt/airflow/dags/dbt_pipeline_dag.py
[2026-04-24T19:01:05.073+0000] {processor.py:840} INFO - DAG(s) 'dbt_pipeline' retrieved from /opt/airflow/dags/dbt_pipeline_dag.py
[2026-04-24T19:01:05.298+0000] {logging_mixin.py:188} INFO - [2026-04-24T19:01:05.298+0000] {dag.py:3036} INFO - Sync 1 DAGs
[2026-04-24T19:01:05.491+0000] {logging_mixin.py:188} INFO - [2026-04-24T19:01:05.482+0000] {dag.py:3823} INFO - Setting next_dagrun for dbt_pipeline to 2026-04-24 00:00:00+00:00, run_after=2026-04-25 00:00:00+00:00
[2026-04-24T19:01:05.588+0000] {processor.py:183} INFO - Processing /opt/airflow/dags/dbt_pipeline_dag.py took 0.597 seconds
[2026-04-24T19:01:36.738+0000] {processor.py:161} INFO - Started process (PID=2371) to work on /opt/airflow/dags/dbt_pipeline_dag.py
[2026-04-24T19:01:36.741+0000] {processor.py:830} INFO - Processing file /opt/airflow/dags/dbt_pipeline_dag.py for tasks to queue
[2026-04-24T19:01:36.744+0000] {logging_mixin.py:188} INFO - [2026-04-24T19:01:36.743+0000] {dagbag.py:538} INFO - Filling up the DagBag from /opt/airflow/dags/dbt_pipeline_dag.py
[2026-04-24T19:01:36.831+0000] {processor.py:840} INFO - DAG(s) 'dbt_pipeline' retrieved from /opt/airflow/dags/dbt_pipeline_dag.py
[2026-04-24T19:01:36.956+0000] {logging_mixin.py:188} INFO - [2026-04-24T19:01:36.955+0000] {dag.py:3036} INFO - Sync 1 DAGs
[2026-04-24T19:01:37.051+0000] {logging_mixin.py:188} INFO - [2026-04-24T19:01:37.050+0000] {dag.py:3823} INFO - Setting next_dagrun for dbt_pipeline to 2026-04-24 00:00:00+00:00, run_after=2026-04-25 00:00:00+00:00
[2026-04-24T19:01:37.126+0000] {processor.py:183} INFO - Processing /opt/airflow/dags/dbt_pipeline_dag.py took 0.396 seconds
[2026-04-24T19:02:07.485+0000] {processor.py:161} INFO - Started process (PID=2382) to work on /opt/airflow/dags/dbt_pipeline_dag.py
[2026-04-24T19:02:07.487+0000] {processor.py:830} INFO - Processing file /opt/airflow/dags/dbt_pipeline_dag.py for tasks to queue
[2026-04-24T19:02:07.491+0000] {logging_mixin.py:188} INFO - [2026-04-24T19:02:07.489+0000] {dagbag.py:538} INFO - Filling up the DagBag from /opt/airflow/dags/dbt_pipeline_dag.py
[2026-04-24T19:02:07.554+0000] {processor.py:840} INFO - DAG(s) 'dbt_pipeline' retrieved from /opt/airflow/dags/dbt_pipeline_dag.py
[2026-04-24T19:02:07.616+0000] {logging_mixin.py:188} INFO - [2026-04-24T19:02:07.616+0000] {dag.py:3036} INFO - Sync 1 DAGs
[2026-04-24T19:02:07.672+0000] {logging_mixin.py:188} INFO - [2026-04-24T19:02:07.672+0000] {dag.py:3823} INFO - Setting next_dagrun for dbt_pipeline to 2026-04-24 00:00:00+00:00, run_after=2026-04-25 00:00:00+00:00
[2026-04-24T19:02:07.739+0000] {processor.py:183} INFO - Processing /opt/airflow/dags/dbt_pipeline_dag.py took 0.261 seconds
[2026-04-24T19:02:37.982+0000] {processor.py:161} INFO - Started process (PID=2393) to work on /opt/airflow/dags/dbt_pipeline_dag.py
[2026-04-24T19:02:37.987+0000] {processor.py:830} INFO - Processing file /opt/airflow/dags/dbt_pipeline_dag.py for tasks to queue
[2026-04-24T19:02:37.995+0000] {logging_mixin.py:188} INFO - [2026-04-24T19:02:37.992+0000] {dagbag.py:538} INFO - Filling up the DagBag from /opt/airflow/dags/dbt_pipeline_dag.py
[2026-04-24T19:02:38.054+0000] {processor.py:840} INFO - DAG(s) 'dbt_pipeline' retrieved from /opt/airflow/dags/dbt_pipeline_dag.py
[2026-04-24T19:02:38.114+0000] {logging_mixin.py:188} INFO - [2026-04-24T19:02:38.114+0000] {dag.py:3036} INFO - Sync 1 DAGs
[2026-04-24T19:02:38.160+0000] {logging_mixin.py:188} INFO - [2026-04-24T19:02:38.159+0000] {dag.py:3823} INFO - Setting next_dagrun for dbt_pipeline to 2026-04-24 00:00:00+00:00, run_after=2026-04-25 00:00:00+00:00
[2026-04-24T19:02:38.210+0000] {processor.py:183} INFO - Processing /opt/airflow/dags/dbt_pipeline_dag.py took 0.246 seconds
[2026-04-24T19:03:09.215+0000] {processor.py:161} INFO - Started process (PID=2404) to work on /opt/airflow/dags/dbt_pipeline_dag.py
[2026-04-24T19:03:09.218+0000] {processor.py:830} INFO - Processing file /opt/airflow/dags/dbt_pipeline_dag.py for tasks to queue
[2026-04-24T19:03:09.220+0000] {logging_mixin.py:188} INFO - [2026-04-24T19:03:09.220+0000] {dagbag.py:538} INFO - Filling up the DagBag from /opt/airflow/dags/dbt_pipeline_dag.py
[2026-04-24T19:03:09.274+0000] {processor.py:840} INFO - DAG(s) 'dbt_pipeline' retrieved from /opt/airflow/dags/dbt_pipeline_dag.py
[2026-04-24T19:03:09.329+0000] {logging_mixin.py:188} INFO - [2026-04-24T19:03:09.328+0000] {dag.py:3036} INFO - Sync 1 DAGs
[2026-04-24T19:03:09.372+0000] {logging_mixin.py:188} INFO - [2026-04-24T19:03:09.371+0000] {dag.py:3823} INFO - Setting next_dagrun for dbt_pipeline to 2026-04-24 00:00:00+00:00, run_after=2026-04-25 00:00:00+00:00
[2026-04-24T19:03:09.419+0000] {processor.py:183} INFO - Processing /opt/airflow/dags/dbt_pipeline_dag.py took 0.209 seconds
[2026-04-24T19:03:40.149+0000] {processor.py:161} INFO - Started process (PID=2415) to work on /opt/airflow/dags/dbt_pipeline_dag.py
[2026-04-24T19:03:40.151+0000] {processor.py:830} INFO - Processing file /opt/airflow/dags/dbt_pipeline_dag.py for tasks to queue
[2026-04-24T19:03:40.153+0000] {logging_mixin.py:188} INFO - [2026-04-24T19:03:40.153+0000] {dagbag.py:538} INFO - Filling up the DagBag from /opt/airflow/dags/dbt_pipeline_dag.py
[2026-04-24T19:03:40.203+0000] {processor.py:840} INFO - DAG(s) 'dbt_pipeline' retrieved from /opt/airflow/dags/dbt_pipeline_dag.py
[2026-04-24T19:03:40.265+0000] {logging_mixin.py:188} INFO - [2026-04-24T19:03:40.263+0000] {dag.py:3036} INFO - Sync 1 DAGs
[2026-04-24T19:03:40.329+0000] {logging_mixin.py:188} INFO - [2026-04-24T19:03:40.328+0000] {dag.py:3823} INFO - Setting next_dagrun for dbt_pipeline to 2026-04-24 00:00:00+00:00, run_after=2026-04-25 00:00:00+00:00
[2026-04-24T19:03:40.375+0000] {processor.py:183} INFO - Processing /opt/airflow/dags/dbt_pipeline_dag.py took 0.230 seconds
[2026-04-24T19:04:10.529+0000] {processor.py:161} INFO - Started process (PID=2426) to work on /opt/airflow/dags/dbt_pipeline_dag.py
[2026-04-24T19:04:10.531+0000] {processor.py:830} INFO - Processing file /opt/airflow/dags/dbt_pipeline_dag.py for tasks to queue
[2026-04-24T19:04:10.533+0000] {logging_mixin.py:188} INFO - [2026-04-24T19:04:10.533+0000] {dagbag.py:538} INFO - Filling up the DagBag from /opt/airflow/dags/dbt_pipeline_dag.py
[2026-04-24T19:04:10.586+0000] {processor.py:840} INFO - DAG(s) 'dbt_pipeline' retrieved from /opt/airflow/dags/dbt_pipeline_dag.py
[2026-04-24T19:04:10.654+0000] {logging_mixin.py:188} INFO - [2026-04-24T19:04:10.654+0000] {dag.py:3036} INFO - Sync 1 DAGs
[2026-04-24T19:04:10.701+0000] {logging_mixin.py:188} INFO - [2026-04-24T19:04:10.701+0000] {dag.py:3823} INFO - Setting next_dagrun for dbt_pipeline to 2026-04-24 00:00:00+00:00, run_after=2026-04-25 00:00:00+00:00
[2026-04-24T19:04:10.753+0000] {processor.py:183} INFO - Processing /opt/airflow/dags/dbt_pipeline_dag.py took 0.230 seconds
[2026-04-24T19:04:41.022+0000] {processor.py:161} INFO - Started process (PID=2437) to work on /opt/airflow/dags/dbt_pipeline_dag.py
[2026-04-24T19:04:41.024+0000] {processor.py:830} INFO - Processing file /opt/airflow/dags/dbt_pipeline_dag.py for tasks to queue
[2026-04-24T19:04:41.026+0000] {logging_mixin.py:188} INFO - [2026-04-24T19:04:41.026+0000] {dagbag.py:538} INFO - Filling up the DagBag from /opt/airflow/dags/dbt_pipeline_dag.py
[2026-04-24T19:04:41.070+0000] {processor.py:840} INFO - DAG(s) 'dbt_pipeline' retrieved from /opt/airflow/dags/dbt_pipeline_dag.py
[2026-04-24T19:04:41.132+0000] {logging_mixin.py:188} INFO - [2026-04-24T19:04:41.132+0000] {dag.py:3036} INFO - Sync 1 DAGs
[2026-04-24T19:04:41.195+0000] {logging_mixin.py:188} INFO - [2026-04-24T19:04:41.195+0000] {dag.py:3823} INFO - Setting next_dagrun for dbt_pipeline to 2026-04-24 00:00:00+00:00, run_after=2026-04-25 00:00:00+00:00
[2026-04-24T19:04:41.245+0000] {processor.py:183} INFO - Processing /opt/airflow/dags/dbt_pipeline_dag.py took 0.230 seconds
[2026-04-24T19:05:11.443+0000] {processor.py:161} INFO - Started process (PID=2448) to work on /opt/airflow/dags/dbt_pipeline_dag.py
[2026-04-24T19:05:11.446+0000] {processor.py:830} INFO - Processing file /opt/airflow/dags/dbt_pipeline_dag.py for tasks to queue
[2026-04-24T19:05:11.449+0000] {logging_mixin.py:188} INFO - [2026-04-24T19:05:11.448+0000] {dagbag.py:538} INFO - Filling up the DagBag from /opt/airflow/dags/dbt_pipeline_dag.py
[2026-04-24T19:05:11.520+0000] {processor.py:840} INFO - DAG(s) 'dbt_pipeline' retrieved from /opt/airflow/dags/dbt_pipeline_dag.py
[2026-04-24T19:05:11.655+0000] {logging_mixin.py:188} INFO - [2026-04-24T19:05:11.654+0000] {dag.py:3036} INFO - Sync 1 DAGs
[2026-04-24T19:05:11.715+0000] {logging_mixin.py:188} INFO - [2026-04-24T19:05:11.715+0000] {dag.py:3823} INFO - Setting next_dagrun for dbt_pipeline to 2026-04-24 00:00:00+00:00, run_after=2026-04-25 00:00:00+00:00
[2026-04-24T19:05:11.758+0000] {processor.py:183} INFO - Processing /opt/airflow/dags/dbt_pipeline_dag.py took 0.323 seconds
[2026-04-24T19:05:41.908+0000] {processor.py:161} INFO - Started process (PID=2459) to work on /opt/airflow/dags/dbt_pipeline_dag.py
[2026-04-24T19:05:41.910+0000] {processor.py:830} INFO - Processing file /opt/airflow/dags/dbt_pipeline_dag.py for tasks to queue
[2026-04-24T19:05:41.914+0000] {logging_mixin.py:188} INFO - [2026-04-24T19:05:41.914+0000] {dagbag.py:538} INFO - Filling up the DagBag from /opt/airflow/dags/dbt_pipeline_dag.py
[2026-04-24T19:05:41.972+0000] {processor.py:840} INFO - DAG(s) 'dbt_pipeline' retrieved from /opt/airflow/dags/dbt_pipeline_dag.py
[2026-04-24T19:05:42.041+0000] {logging_mixin.py:188} INFO - [2026-04-24T19:05:42.041+0000] {dag.py:3036} INFO - Sync 1 DAGs
[2026-04-24T19:05:42.096+0000] {logging_mixin.py:188} INFO - [2026-04-24T19:05:42.095+0000] {dag.py:3823} INFO - Setting next_dagrun for dbt_pipeline to 2026-04-24 00:00:00+00:00, run_after=2026-04-25 00:00:00+00:00
[2026-04-24T19:05:42.136+0000] {processor.py:183} INFO - Processing /opt/airflow/dags/dbt_pipeline_dag.py took 0.237 seconds
[2026-04-24T19:06:13.120+0000] {processor.py:161} INFO - Started process (PID=2470) to work on /opt/airflow/dags/dbt_pipeline_dag.py
[2026-04-24T19:06:13.122+0000] {processor.py:830} INFO - Processing file /opt/airflow/dags/dbt_pipeline_dag.py for tasks to queue
[2026-04-24T19:06:13.124+0000] {logging_mixin.py:188} INFO - [2026-04-24T19:06:13.123+0000] {dagbag.py:538} INFO - Filling up the DagBag from /opt/airflow/dags/dbt_pipeline_dag.py
[2026-04-24T19:06:13.178+0000] {processor.py:840} INFO - DAG(s) 'dbt_pipeline' retrieved from /opt/airflow/dags/dbt_pipeline_dag.py
[2026-04-24T19:06:13.236+0000] {logging_mixin.py:188} INFO - [2026-04-24T19:06:13.234+0000] {dag.py:3036} INFO - Sync 1 DAGs
[2026-04-24T19:06:13.283+0000] {logging_mixin.py:188} INFO - [2026-04-24T19:06:13.282+0000] {dag.py:3823} INFO - Setting next_dagrun for dbt_pipeline to 2026-04-24 00:00:00+00:00, run_after=2026-04-25 00:00:00+00:00
[2026-04-24T19:06:13.330+0000] {processor.py:183} INFO - Processing /opt/airflow/dags/dbt_pipeline_dag.py took 0.216 seconds
[2026-04-24T19:06:43.478+0000] {processor.py:161} INFO - Started process (PID=2481) to work on /opt/airflow/dags/dbt_pipeline_dag.py
[2026-04-24T19:06:43.480+0000] {processor.py:830} INFO - Processing file /opt/airflow/dags/dbt_pipeline_dag.py for tasks to queue
[2026-04-24T19:06:43.483+0000] {logging_mixin.py:188} INFO - [2026-04-24T19:06:43.482+0000] {dagbag.py:538} INFO - Filling up the DagBag from /opt/airflow/dags/dbt_pipeline_dag.py
[2026-04-24T19:06:43.532+0000] {processor.py:840} INFO - DAG(s) 'dbt_pipeline' retrieved from /opt/airflow/dags/dbt_pipeline_dag.py
[2026-04-24T19:06:43.599+0000] {logging_mixin.py:188} INFO - [2026-04-24T19:06:43.598+0000] {dag.py:3036} INFO - Sync 1 DAGs
[2026-04-24T19:06:43.651+0000] {logging_mixin.py:188} INFO - [2026-04-24T19:06:43.650+0000] {dag.py:3823} INFO - Setting next_dagrun for dbt_pipeline to 2026-04-24 00:00:00+00:00, run_after=2026-04-25 00:00:00+00:00
[2026-04-24T19:06:43.700+0000] {processor.py:183} INFO - Processing /opt/airflow/dags/dbt_pipeline_dag.py took 0.228 seconds
[2026-04-24T19:07:13.953+0000] {processor.py:161} INFO - Started process (PID=2490) to work on /opt/airflow/dags/dbt_pipeline_dag.py
[2026-04-24T19:07:13.956+0000] {processor.py:830} INFO - Processing file /opt/airflow/dags/dbt_pipeline_dag.py for tasks to queue
[2026-04-24T19:07:13.961+0000] {logging_mixin.py:188} INFO - [2026-04-24T19:07:13.961+0000] {dagbag.py:538} INFO - Filling up the DagBag from /opt/airflow/dags/dbt_pipeline_dag.py
[2026-04-24T19:07:14.033+0000] {processor.py:840} INFO - DAG(s) 'dbt_pipeline' retrieved from /opt/airflow/dags/dbt_pipeline_dag.py
[2026-04-24T19:07:14.121+0000] {logging_mixin.py:188} INFO - [2026-04-24T19:07:14.120+0000] {dag.py:3036} INFO - Sync 1 DAGs
[2026-04-24T19:07:14.216+0000] {logging_mixin.py:188} INFO - [2026-04-24T19:07:14.215+0000] {dag.py:3823} INFO - Setting next_dagrun for dbt_pipeline to 2026-04-24 00:00:00+00:00, run_after=2026-04-25 00:00:00+00:00
[2026-04-24T19:07:14.295+0000] {processor.py:183} INFO - Processing /opt/airflow/dags/dbt_pipeline_dag.py took 0.350 seconds
[2026-04-24T19:07:44.659+0000] {processor.py:161} INFO - Started process (PID=2497) to work on /opt/airflow/dags/dbt_pipeline_dag.py
[2026-04-24T19:07:44.666+0000] {processor.py:830} INFO - Processing file /opt/airflow/dags/dbt_pipeline_dag.py for tasks to queue
[2026-04-24T19:07:44.671+0000] {logging_mixin.py:188} INFO - [2026-04-24T19:07:44.670+0000] {dagbag.py:538} INFO - Filling up the DagBag from /opt/airflow/dags/dbt_pipeline_dag.py
[2026-04-24T19:07:44.796+0000] {processor.py:840} INFO - DAG(s) 'dbt_pipeline' retrieved from /opt/airflow/dags/dbt_pipeline_dag.py
[2026-04-24T19:07:44.908+0000] {logging_mixin.py:188} INFO - [2026-04-24T19:07:44.907+0000] {dag.py:3036} INFO - Sync 1 DAGs
[2026-04-24T19:07:45.027+0000] {logging_mixin.py:188} INFO - [2026-04-24T19:07:45.027+0000] {dag.py:3823} INFO - Setting next_dagrun for dbt_pipeline to 2026-04-24 00:00:00+00:00, run_after=2026-04-25 00:00:00+00:00
[2026-04-24T19:07:45.112+0000] {processor.py:183} INFO - Processing /opt/airflow/dags/dbt_pipeline_dag.py took 0.471 seconds
[2026-04-24T19:08:15.991+0000] {processor.py:161} INFO - Started process (PID=2512) to work on /opt/airflow/dags/dbt_pipeline_dag.py
[2026-04-24T19:08:15.997+0000] {processor.py:830} INFO - Processing file /opt/airflow/dags/dbt_pipeline_dag.py for tasks to queue
[2026-04-24T19:08:16.001+0000] {logging_mixin.py:188} INFO - [2026-04-24T19:08:16.000+0000] {dagbag.py:538} INFO - Filling up the DagBag from /opt/airflow/dags/dbt_pipeline_dag.py
[2026-04-24T19:08:16.076+0000] {processor.py:840} INFO - DAG(s) 'dbt_pipeline' retrieved from /opt/airflow/dags/dbt_pipeline_dag.py
[2026-04-24T19:08:16.174+0000] {logging_mixin.py:188} INFO - [2026-04-24T19:08:16.171+0000] {dag.py:3036} INFO - Sync 1 DAGs
[2026-04-24T19:08:16.269+0000] {logging_mixin.py:188} INFO - [2026-04-24T19:08:16.269+0000] {dag.py:3823} INFO - Setting next_dagrun for dbt_pipeline to 2026-04-24 00:00:00+00:00, run_after=2026-04-25 00:00:00+00:00
[2026-04-24T19:08:16.385+0000] {processor.py:183} INFO - Processing /opt/airflow/dags/dbt_pipeline_dag.py took 0.400 seconds
[2026-04-24T19:08:47.386+0000] {processor.py:161} INFO - Started process (PID=2519) to work on /opt/airflow/dags/dbt_pipeline_dag.py
[2026-04-24T19:08:47.389+0000] {processor.py:830} INFO - Processing file /opt/airflow/dags/dbt_pipeline_dag.py for tasks to queue
[2026-04-24T19:08:47.395+0000] {logging_mixin.py:188} INFO - [2026-04-24T19:08:47.394+0000] {dagbag.py:538} INFO - Filling up the DagBag from /opt/airflow/dags/dbt_pipeline_dag.py
[2026-04-24T19:08:47.453+0000] {processor.py:840} INFO - DAG(s) 'dbt_pipeline' retrieved from /opt/airflow/dags/dbt_pipeline_dag.py
[2026-04-24T19:08:47.515+0000] {logging_mixin.py:188} INFO - [2026-04-24T19:08:47.515+0000] {dag.py:3036} INFO - Sync 1 DAGs
[2026-04-24T19:08:47.570+0000] {logging_mixin.py:188} INFO - [2026-04-24T19:08:47.569+0000] {dag.py:3823} INFO - Setting next_dagrun for dbt_pipeline to 2026-04-24 00:00:00+00:00, run_after=2026-04-25 00:00:00+00:00
[2026-04-24T19:08:47.626+0000] {processor.py:183} INFO - Processing /opt/airflow/dags/dbt_pipeline_dag.py took 0.251 seconds
[2026-04-24T19:09:17.943+0000] {processor.py:161} INFO - Started process (PID=2530) to work on /opt/airflow/dags/dbt_pipeline_dag.py
[2026-04-24T19:09:17.947+0000] {processor.py:830} INFO - Processing file /opt/airflow/dags/dbt_pipeline_dag.py for tasks to queue
[2026-04-24T19:09:17.949+0000] {logging_mixin.py:188} INFO - [2026-04-24T19:09:17.949+0000] {dagbag.py:538} INFO - Filling up the DagBag from /opt/airflow/dags/dbt_pipeline_dag.py
[2026-04-24T19:09:18.012+0000] {processor.py:840} INFO - DAG(s) 'dbt_pipeline' retrieved from /opt/airflow/dags/dbt_pipeline_dag.py
[2026-04-24T19:09:18.131+0000] {logging_mixin.py:188} INFO - [2026-04-24T19:09:18.130+0000] {dag.py:3036} INFO - Sync 1 DAGs
[2026-04-24T19:09:18.219+0000] {logging_mixin.py:188} INFO - [2026-04-24T19:09:18.218+0000] {dag.py:3823} INFO - Setting next_dagrun for dbt_pipeline to 2026-04-24 00:00:00+00:00, run_after=2026-04-25 00:00:00+00:00
[2026-04-24T19:09:18.281+0000] {processor.py:183} INFO - Processing /opt/airflow/dags/dbt_pipeline_dag.py took 0.342 seconds
[2026-04-24T19:09:49.225+0000] {processor.py:161} INFO - Started process (PID=2541) to work on /opt/airflow/dags/dbt_pipeline_dag.py
[2026-04-24T19:09:49.228+0000] {processor.py:830} INFO - Processing file /opt/airflow/dags/dbt_pipeline_dag.py for tasks to queue
[2026-04-24T19:09:49.230+0000] {logging_mixin.py:188} INFO - [2026-04-24T19:09:49.230+0000] {dagbag.py:538} INFO - Filling up the DagBag from /opt/airflow/dags/dbt_pipeline_dag.py
[2026-04-24T19:09:49.308+0000] {processor.py:840} INFO - DAG(s) 'dbt_pipeline' retrieved from /opt/airflow/dags/dbt_pipeline_dag.py
[2026-04-24T19:09:49.405+0000] {logging_mixin.py:188} INFO - [2026-04-24T19:09:49.404+0000] {dag.py:3036} INFO - Sync 1 DAGs
[2026-04-24T19:09:49.476+0000] {logging_mixin.py:188} INFO - [2026-04-24T19:09:49.476+0000] {dag.py:3823} INFO - Setting next_dagrun for dbt_pipeline to 2026-04-24 00:00:00+00:00, run_after=2026-04-25 00:00:00+00:00
[2026-04-24T19:09:49.546+0000] {processor.py:183} INFO - Processing /opt/airflow/dags/dbt_pipeline_dag.py took 0.329 seconds
[2026-04-24T19:10:19.828+0000] {processor.py:161} INFO - Started process (PID=2552) to work on /opt/airflow/dags/dbt_pipeline_dag.py
[2026-04-24T19:10:19.832+0000] {processor.py:830} INFO - Processing file /opt/airflow/dags/dbt_pipeline_dag.py for tasks to queue
[2026-04-24T19:10:19.848+0000] {logging_mixin.py:188} INFO - [2026-04-24T19:10:19.847+0000] {dagbag.py:538} INFO - Filling up the DagBag from /opt/airflow/dags/dbt_pipeline_dag.py
[2026-04-24T19:10:19.933+0000] {processor.py:840} INFO - DAG(s) 'dbt_pipeline' retrieved from /opt/airflow/dags/dbt_pipeline_dag.py
[2026-04-24T19:10:20.012+0000] {logging_mixin.py:188} INFO - [2026-04-24T19:10:20.011+0000] {dag.py:3036} INFO - Sync 1 DAGs
[2026-04-24T19:10:20.076+0000] {logging_mixin.py:188} INFO - [2026-04-24T19:10:20.076+0000] {dag.py:3823} INFO - Setting next_dagrun for dbt_pipeline to 2026-04-24 00:00:00+00:00, run_after=2026-04-25 00:00:00+00:00
[2026-04-24T19:10:20.132+0000] {processor.py:183} INFO - Processing /opt/airflow/dags/dbt_pipeline_dag.py took 0.314 seconds
[2026-04-24T19:10:50.319+0000] {processor.py:161} INFO - Started process (PID=2563) to work on /opt/airflow/dags/dbt_pipeline_dag.py
[2026-04-24T19:10:50.322+0000] {processor.py:830} INFO - Processing file /opt/airflow/dags/dbt_pipeline_dag.py for tasks to queue
[2026-04-24T19:10:50.324+0000] {logging_mixin.py:188} INFO - [2026-04-24T19:10:50.323+0000] {dagbag.py:538} INFO - Filling up the DagBag from /opt/airflow/dags/dbt_pipeline_dag.py
[2026-04-24T19:10:50.372+0000] {processor.py:840} INFO - DAG(s) 'dbt_pipeline' retrieved from /opt/airflow/dags/dbt_pipeline_dag.py
[2026-04-24T19:10:50.438+0000] {logging_mixin.py:188} INFO - [2026-04-24T19:10:50.438+0000] {dag.py:3036} INFO - Sync 1 DAGs
[2026-04-24T19:10:50.494+0000] {logging_mixin.py:188} INFO - [2026-04-24T19:10:50.494+0000] {dag.py:3823} INFO - Setting next_dagrun for dbt_pipeline to 2026-04-24 00:00:00+00:00, run_after=2026-04-25 00:00:00+00:00
[2026-04-24T19:10:50.553+0000] {processor.py:183} INFO - Processing /opt/airflow/dags/dbt_pipeline_dag.py took 0.241 seconds
[2026-04-24T19:11:20.693+0000] {processor.py:161} INFO - Started process (PID=2574) to work on /opt/airflow/dags/dbt_pipeline_dag.py
[2026-04-24T19:11:20.695+0000] {processor.py:830} INFO - Processing file /opt/airflow/dags/dbt_pipeline_dag.py for tasks to queue
[2026-04-24T19:11:20.698+0000] {logging_mixin.py:188} INFO - [2026-04-24T19:11:20.697+0000] {dagbag.py:538} INFO - Filling up the DagBag from /opt/airflow/dags/dbt_pipeline_dag.py
[2026-04-24T19:11:20.753+0000] {processor.py:840} INFO - DAG(s) 'dbt_pipeline' retrieved from /opt/airflow/dags/dbt_pipeline_dag.py
[2026-04-24T19:11:20.819+0000] {logging_mixin.py:188} INFO - [2026-04-24T19:11:20.818+0000] {dag.py:3036} INFO - Sync 1 DAGs
[2026-04-24T19:11:20.876+0000] {logging_mixin.py:188} INFO - [2026-04-24T19:11:20.876+0000] {dag.py:3823} INFO - Setting next_dagrun for dbt_pipeline to 2026-04-24 00:00:00+00:00, run_after=2026-04-25 00:00:00+00:00
[2026-04-24T19:11:20.935+0000] {processor.py:183} INFO - Processing /opt/airflow/dags/dbt_pipeline_dag.py took 0.249 seconds
[2026-04-24T19:11:51.137+0000] {processor.py:161} INFO - Started process (PID=2585) to work on /opt/airflow/dags/dbt_pipeline_dag.py
[2026-04-24T19:11:51.139+0000] {processor.py:830} INFO - Processing file /opt/airflow/dags/dbt_pipeline_dag.py for tasks to queue
[2026-04-24T19:11:51.145+0000] {logging_mixin.py:188} INFO - [2026-04-24T19:11:51.141+0000] {dagbag.py:538} INFO - Filling up the DagBag from /opt/airflow/dags/dbt_pipeline_dag.py
[2026-04-24T19:11:51.225+0000] {processor.py:840} INFO - DAG(s) 'dbt_pipeline' retrieved from /opt/airflow/dags/dbt_pipeline_dag.py
[2026-04-24T19:11:51.305+0000] {logging_mixin.py:188} INFO - [2026-04-24T19:11:51.305+0000] {dag.py:3036} INFO - Sync 1 DAGs
[2026-04-24T19:11:51.367+0000] {logging_mixin.py:188} INFO - [2026-04-24T19:11:51.367+0000] {dag.py:3823} INFO - Setting next_dagrun for dbt_pipeline to 2026-04-24 00:00:00+00:00, run_after=2026-04-25 00:00:00+00:00
[2026-04-24T19:11:51.426+0000] {processor.py:183} INFO - Processing /opt/airflow/dags/dbt_pipeline_dag.py took 0.297 seconds
[2026-04-24T19:12:22.016+0000] {processor.py:161} INFO - Started process (PID=2596) to work on /opt/airflow/dags/dbt_pipeline_dag.py
[2026-04-24T19:12:22.022+0000] {processor.py:830} INFO - Processing file /opt/airflow/dags/dbt_pipeline_dag.py for tasks to queue
[2026-04-24T19:12:22.024+0000] {logging_mixin.py:188} INFO - [2026-04-24T19:12:22.024+0000] {dagbag.py:538} INFO - Filling up the DagBag from /opt/airflow/dags/dbt_pipeline_dag.py
[2026-04-24T19:12:22.105+0000] {processor.py:840} INFO - DAG(s) 'dbt_pipeline' retrieved from /opt/airflow/dags/dbt_pipeline_dag.py
[2026-04-24T19:12:22.203+0000] {logging_mixin.py:188} INFO - [2026-04-24T19:12:22.202+0000] {dag.py:3036} INFO - Sync 1 DAGs
[2026-04-24T19:12:22.286+0000] {logging_mixin.py:188} INFO - [2026-04-24T19:12:22.286+0000] {dag.py:3823} INFO - Setting next_dagrun for dbt_pipeline to 2026-04-24 00:00:00+00:00, run_after=2026-04-25 00:00:00+00:00
[2026-04-24T19:12:22.362+0000] {processor.py:183} INFO - Processing /opt/airflow/dags/dbt_pipeline_dag.py took 0.356 seconds
[2026-04-24T19:12:52.556+0000] {processor.py:161} INFO - Started process (PID=2607) to work on /opt/airflow/dags/dbt_pipeline_dag.py
[2026-04-24T19:12:52.562+0000] {processor.py:830} INFO - Processing file /opt/airflow/dags/dbt_pipeline_dag.py for tasks to queue
[2026-04-24T19:12:52.564+0000] {logging_mixin.py:188} INFO - [2026-04-24T19:12:52.563+0000] {dagbag.py:538} INFO - Filling up the DagBag from /opt/airflow/dags/dbt_pipeline_dag.py
[2026-04-24T19:12:52.637+0000] {processor.py:840} INFO - DAG(s) 'dbt_pipeline' retrieved from /opt/airflow/dags/dbt_pipeline_dag.py
[2026-04-24T19:12:52.724+0000] {logging_mixin.py:188} INFO - [2026-04-24T19:12:52.723+0000] {dag.py:3036} INFO - Sync 1 DAGs
[2026-04-24T19:12:52.794+0000] {logging_mixin.py:188} INFO - [2026-04-24T19:12:52.794+0000] {dag.py:3823} INFO - Setting next_dagrun for dbt_pipeline to 2026-04-24 00:00:00+00:00, run_after=2026-04-25 00:00:00+00:00
[2026-04-24T19:12:52.857+0000] {processor.py:183} INFO - Processing /opt/airflow/dags/dbt_pipeline_dag.py took 0.311 seconds
[2026-04-24T19:13:23.210+0000] {processor.py:161} INFO - Started process (PID=2618) to work on /opt/airflow/dags/dbt_pipeline_dag.py
[2026-04-24T19:13:23.216+0000] {processor.py:830} INFO - Processing file /opt/airflow/dags/dbt_pipeline_dag.py for tasks to queue
[2026-04-24T19:13:23.219+0000] {logging_mixin.py:188} INFO - [2026-04-24T19:13:23.218+0000] {dagbag.py:538} INFO - Filling up the DagBag from /opt/airflow/dags/dbt_pipeline_dag.py
[2026-04-24T19:13:23.301+0000] {processor.py:840} INFO - DAG(s) 'dbt_pipeline' retrieved from /opt/airflow/dags/dbt_pipeline_dag.py
[2026-04-24T19:13:23.414+0000] {logging_mixin.py:188} INFO - [2026-04-24T19:13:23.410+0000] {dag.py:3036} INFO - Sync 1 DAGs
[2026-04-24T19:13:23.510+0000] {logging_mixin.py:188} INFO - [2026-04-24T19:13:23.509+0000] {dag.py:3823} INFO - Setting next_dagrun for dbt_pipeline to 2026-04-24 00:00:00+00:00, run_after=2026-04-25 00:00:00+00:00
[2026-04-24T19:13:23.597+0000] {processor.py:183} INFO - Processing /opt/airflow/dags/dbt_pipeline_dag.py took 0.392 seconds
[2026-04-24T19:13:53.956+0000] {processor.py:161} INFO - Started process (PID=2629) to work on /opt/airflow/dags/dbt_pipeline_dag.py
[2026-04-24T19:13:53.957+0000] {processor.py:830} INFO - Processing file /opt/airflow/dags/dbt_pipeline_dag.py for tasks to queue
[2026-04-24T19:13:53.959+0000] {logging_mixin.py:188} INFO - [2026-04-24T19:13:53.959+0000] {dagbag.py:538} INFO - Filling up the DagBag from /opt/airflow/dags/dbt_pipeline_dag.py
[2026-04-24T19:13:54.027+0000] {processor.py:840} INFO - DAG(s) 'dbt_pipeline' retrieved from /opt/airflow/dags/dbt_pipeline_dag.py
[2026-04-24T19:13:54.119+0000] {logging_mixin.py:188} INFO - [2026-04-24T19:13:54.118+0000] {dag.py:3036} INFO - Sync 1 DAGs
[2026-04-24T19:13:54.197+0000] {logging_mixin.py:188} INFO - [2026-04-24T19:13:54.196+0000] {dag.py:3823} INFO - Setting next_dagrun for dbt_pipeline to 2026-04-24 00:00:00+00:00, run_after=2026-04-25 00:00:00+00:00
[2026-04-24T19:13:54.267+0000] {processor.py:183} INFO - Processing /opt/airflow/dags/dbt_pipeline_dag.py took 0.319 seconds
[2026-04-24T19:14:25.337+0000] {processor.py:161} INFO - Started process (PID=2640) to work on /opt/airflow/dags/dbt_pipeline_dag.py
[2026-04-24T19:14:25.342+0000] {processor.py:830} INFO - Processing file /opt/airflow/dags/dbt_pipeline_dag.py for tasks to queue
[2026-04-24T19:14:25.345+0000] {logging_mixin.py:188} INFO - [2026-04-24T19:14:25.344+0000] {dagbag.py:538} INFO - Filling up the DagBag from /opt/airflow/dags/dbt_pipeline_dag.py
[2026-04-24T19:14:25.413+0000] {processor.py:840} INFO - DAG(s) 'dbt_pipeline' retrieved from /opt/airflow/dags/dbt_pipeline_dag.py
[2026-04-24T19:14:25.502+0000] {logging_mixin.py:188} INFO - [2026-04-24T19:14:25.502+0000] {dag.py:3036} INFO - Sync 1 DAGs
[2026-04-24T19:14:25.584+0000] {logging_mixin.py:188} INFO - [2026-04-24T19:14:25.583+0000] {dag.py:3823} INFO - Setting next_dagrun for dbt_pipeline to 2026-04-24 00:00:00+00:00, run_after=2026-04-25 00:00:00+00:00
[2026-04-24T19:14:25.682+0000] {processor.py:183} INFO - Processing /opt/airflow/dags/dbt_pipeline_dag.py took 0.355 seconds
[2026-04-24T19:14:56.790+0000] {processor.py:161} INFO - Started process (PID=2651) to work on /opt/airflow/dags/dbt_pipeline_dag.py
[2026-04-24T19:14:56.796+0000] {processor.py:830} INFO - Processing file /opt/airflow/dags/dbt_pipeline_dag.py for tasks to queue
[2026-04-24T19:14:56.798+0000] {logging_mixin.py:188} INFO - [2026-04-24T19:14:56.797+0000] {dagbag.py:538} INFO - Filling up the DagBag from /opt/airflow/dags/dbt_pipeline_dag.py
[2026-04-24T19:14:56.895+0000] {processor.py:840} INFO - DAG(s) 'dbt_pipeline' retrieved from /opt/airflow/dags/dbt_pipeline_dag.py
[2026-04-24T19:14:57.009+0000] {logging_mixin.py:188} INFO - [2026-04-24T19:14:57.009+0000] {dag.py:3036} INFO - Sync 1 DAGs
[2026-04-24T19:14:57.117+0000] {logging_mixin.py:188} INFO - [2026-04-24T19:14:57.116+0000] {dag.py:3823} INFO - Setting next_dagrun for dbt_pipeline to 2026-04-24 00:00:00+00:00, run_after=2026-04-25 00:00:00+00:00
[2026-04-24T19:14:57.206+0000] {processor.py:183} INFO - Processing /opt/airflow/dags/dbt_pipeline_dag.py took 0.427 seconds
[2026-04-24T19:15:27.366+0000] {processor.py:161} INFO - Started process (PID=2662) to work on /opt/airflow/dags/dbt_pipeline_dag.py
[2026-04-24T19:15:27.373+0000] {processor.py:830} INFO - Processing file /opt/airflow/dags/dbt_pipeline_dag.py for tasks to queue
[2026-04-24T19:15:27.376+0000] {logging_mixin.py:188} INFO - [2026-04-24T19:15:27.375+0000] {dagbag.py:538} INFO - Filling up the DagBag from /opt/airflow/dags/dbt_pipeline_dag.py
[2026-04-24T19:15:27.484+0000] {processor.py:840} INFO - DAG(s) 'dbt_pipeline' retrieved from /opt/airflow/dags/dbt_pipeline_dag.py
[2026-04-24T19:15:27.605+0000] {logging_mixin.py:188} INFO - [2026-04-24T19:15:27.604+0000] {dag.py:3036} INFO - Sync 1 DAGs
[2026-04-24T19:15:27.694+0000] {logging_mixin.py:188} INFO - [2026-04-24T19:15:27.694+0000] {dag.py:3823} INFO - Setting next_dagrun for dbt_pipeline to 2026-04-24 00:00:00+00:00, run_after=2026-04-25 00:00:00+00:00
[2026-04-24T19:15:27.777+0000] {processor.py:183} INFO - Processing /opt/airflow/dags/dbt_pipeline_dag.py took 0.423 seconds
[2026-04-24T19:15:57.970+0000] {processor.py:161} INFO - Started process (PID=2673) to work on /opt/airflow/dags/dbt_pipeline_dag.py
[2026-04-24T19:15:57.972+0000] {processor.py:830} INFO - Processing file /opt/airflow/dags/dbt_pipeline_dag.py for tasks to queue
[2026-04-24T19:15:57.979+0000] {logging_mixin.py:188} INFO - [2026-04-24T19:15:57.974+0000] {dagbag.py:538} INFO - Filling up the DagBag from /opt/airflow/dags/dbt_pipeline_dag.py
[2026-04-24T19:15:58.043+0000] {processor.py:840} INFO - DAG(s) 'dbt_pipeline' retrieved from /opt/airflow/dags/dbt_pipeline_dag.py
[2026-04-24T19:15:58.130+0000] {logging_mixin.py:188} INFO - [2026-04-24T19:15:58.129+0000] {dag.py:3036} INFO - Sync 1 DAGs
[2026-04-24T19:15:58.242+0000] {logging_mixin.py:188} INFO - [2026-04-24T19:15:58.241+0000] {dag.py:3823} INFO - Setting next_dagrun for dbt_pipeline to 2026-04-24 00:00:00+00:00, run_after=2026-04-25 00:00:00+00:00
[2026-04-24T19:15:58.360+0000] {processor.py:183} INFO - Processing /opt/airflow/dags/dbt_pipeline_dag.py took 0.400 seconds
[2026-04-24T19:16:29.042+0000] {processor.py:161} INFO - Started process (PID=2684) to work on /opt/airflow/dags/dbt_pipeline_dag.py
[2026-04-24T19:16:29.044+0000] {processor.py:830} INFO - Processing file /opt/airflow/dags/dbt_pipeline_dag.py for tasks to queue
[2026-04-24T19:16:29.054+0000] {logging_mixin.py:188} INFO - [2026-04-24T19:16:29.051+0000] {dagbag.py:538} INFO - Filling up the DagBag from /opt/airflow/dags/dbt_pipeline_dag.py
[2026-04-24T19:16:29.145+0000] {processor.py:840} INFO - DAG(s) 'dbt_pipeline' retrieved from /opt/airflow/dags/dbt_pipeline_dag.py
[2026-04-24T19:16:29.256+0000] {logging_mixin.py:188} INFO - [2026-04-24T19:16:29.255+0000] {dag.py:3036} INFO - Sync 1 DAGs
[2026-04-24T19:16:29.355+0000] {logging_mixin.py:188} INFO - [2026-04-24T19:16:29.354+0000] {dag.py:3823} INFO - Setting next_dagrun for dbt_pipeline to 2026-04-24 00:00:00+00:00, run_after=2026-04-25 00:00:00+00:00
[2026-04-24T19:16:29.443+0000] {processor.py:183} INFO - Processing /opt/airflow/dags/dbt_pipeline_dag.py took 0.418 seconds
[2026-04-24T19:16:59.774+0000] {processor.py:161} INFO - Started process (PID=2695) to work on /opt/airflow/dags/dbt_pipeline_dag.py
[2026-04-24T19:16:59.775+0000] {processor.py:830} INFO - Processing file /opt/airflow/dags/dbt_pipeline_dag.py for tasks to queue
[2026-04-24T19:16:59.777+0000] {logging_mixin.py:188} INFO - [2026-04-24T19:16:59.777+0000] {dagbag.py:538} INFO - Filling up the DagBag from /opt/airflow/dags/dbt_pipeline_dag.py
[2026-04-24T19:16:59.835+0000] {processor.py:840} INFO - DAG(s) 'dbt_pipeline' retrieved from /opt/airflow/dags/dbt_pipeline_dag.py
[2026-04-24T19:16:59.913+0000] {logging_mixin.py:188} INFO - [2026-04-24T19:16:59.908+0000] {dag.py:3036} INFO - Sync 1 DAGs
[2026-04-24T19:16:59.975+0000] {logging_mixin.py:188} INFO - [2026-04-24T19:16:59.974+0000] {dag.py:3823} INFO - Setting next_dagrun for dbt_pipeline to 2026-04-24 00:00:00+00:00, run_after=2026-04-25 00:00:00+00:00
[2026-04-24T19:17:00.038+0000] {processor.py:183} INFO - Processing /opt/airflow/dags/dbt_pipeline_dag.py took 0.273 seconds
[2026-04-24T19:17:30.301+0000] {processor.py:161} INFO - Started process (PID=2706) to work on /opt/airflow/dags/dbt_pipeline_dag.py
[2026-04-24T19:17:30.308+0000] {processor.py:830} INFO - Processing file /opt/airflow/dags/dbt_pipeline_dag.py for tasks to queue
[2026-04-24T19:17:30.310+0000] {logging_mixin.py:188} INFO - [2026-04-24T19:17:30.309+0000] {dagbag.py:538} INFO - Filling up the DagBag from /opt/airflow/dags/dbt_pipeline_dag.py
[2026-04-24T19:17:30.388+0000] {processor.py:840} INFO - DAG(s) 'dbt_pipeline' retrieved from /opt/airflow/dags/dbt_pipeline_dag.py
[2026-04-24T19:17:30.489+0000] {logging_mixin.py:188} INFO - [2026-04-24T19:17:30.489+0000] {dag.py:3036} INFO - Sync 1 DAGs
[2026-04-24T19:17:30.601+0000] {logging_mixin.py:188} INFO - [2026-04-24T19:17:30.601+0000] {dag.py:3823} INFO - Setting next_dagrun for dbt_pipeline to 2026-04-24 00:00:00+00:00, run_after=2026-04-25 00:00:00+00:00
[2026-04-24T19:17:30.710+0000] {processor.py:183} INFO - Processing /opt/airflow/dags/dbt_pipeline_dag.py took 0.419 seconds
[2026-04-24T19:18:01.200+0000] {processor.py:161} INFO - Started process (PID=2715) to work on /opt/airflow/dags/dbt_pipeline_dag.py
[2026-04-24T19:18:01.201+0000] {processor.py:830} INFO - Processing file /opt/airflow/dags/dbt_pipeline_dag.py for tasks to queue
[2026-04-24T19:18:01.209+0000] {logging_mixin.py:188} INFO - [2026-04-24T19:18:01.203+0000] {dagbag.py:538} INFO - Filling up the DagBag from /opt/airflow/dags/dbt_pipeline_dag.py
[2026-04-24T19:18:01.279+0000] {processor.py:840} INFO - DAG(s) 'dbt_pipeline' retrieved from /opt/airflow/dags/dbt_pipeline_dag.py
[2026-04-24T19:18:01.384+0000] {logging_mixin.py:188} INFO - [2026-04-24T19:18:01.383+0000] {dag.py:3036} INFO - Sync 1 DAGs
[2026-04-24T19:18:01.479+0000] {logging_mixin.py:188} INFO - [2026-04-24T19:18:01.474+0000] {dag.py:3823} INFO - Setting next_dagrun for dbt_pipeline to 2026-04-24 00:00:00+00:00, run_after=2026-04-25 00:00:00+00:00
[2026-04-24T19:18:01.579+0000] {processor.py:183} INFO - Processing /opt/airflow/dags/dbt_pipeline_dag.py took 0.389 seconds
[2026-04-24T19:18:32.250+0000] {processor.py:161} INFO - Started process (PID=2722) to work on /opt/airflow/dags/dbt_pipeline_dag.py
[2026-04-24T19:18:32.257+0000] {processor.py:830} INFO - Processing file /opt/airflow/dags/dbt_pipeline_dag.py for tasks to queue
[2026-04-24T19:18:32.259+0000] {logging_mixin.py:188} INFO - [2026-04-24T19:18:32.258+0000] {dagbag.py:538} INFO - Filling up the DagBag from /opt/airflow/dags/dbt_pipeline_dag.py
[2026-04-24T19:18:32.347+0000] {processor.py:840} INFO - DAG(s) 'dbt_pipeline' retrieved from /opt/airflow/dags/dbt_pipeline_dag.py
[2026-04-24T19:18:32.457+0000] {logging_mixin.py:188} INFO - [2026-04-24T19:18:32.457+0000] {dag.py:3036} INFO - Sync 1 DAGs
[2026-04-24T19:18:32.556+0000] {logging_mixin.py:188} INFO - [2026-04-24T19:18:32.556+0000] {dag.py:3823} INFO - Setting next_dagrun for dbt_pipeline to 2026-04-24 00:00:00+00:00, run_after=2026-04-25 00:00:00+00:00
[2026-04-24T19:18:32.636+0000] {processor.py:183} INFO - Processing /opt/airflow/dags/dbt_pipeline_dag.py took 0.396 seconds
[2026-04-24T19:19:03.115+0000] {processor.py:161} INFO - Started process (PID=2733) to work on /opt/airflow/dags/dbt_pipeline_dag.py
[2026-04-24T19:19:03.117+0000] {processor.py:830} INFO - Processing file /opt/airflow/dags/dbt_pipeline_dag.py for tasks to queue
[2026-04-24T19:19:03.119+0000] {logging_mixin.py:188} INFO - [2026-04-24T19:19:03.119+0000] {dagbag.py:538} INFO - Filling up the DagBag from /opt/airflow/dags/dbt_pipeline_dag.py
[2026-04-24T19:19:03.215+0000] {processor.py:840} INFO - DAG(s) 'dbt_pipeline' retrieved from /opt/airflow/dags/dbt_pipeline_dag.py
[2026-04-24T19:19:03.309+0000] {logging_mixin.py:188} INFO - [2026-04-24T19:19:03.309+0000] {dag.py:3036} INFO - Sync 1 DAGs
[2026-04-24T19:19:03.396+0000] {logging_mixin.py:188} INFO - [2026-04-24T19:19:03.395+0000] {dag.py:3823} INFO - Setting next_dagrun for dbt_pipeline to 2026-04-24 00:00:00+00:00, run_after=2026-04-25 00:00:00+00:00
[2026-04-24T19:19:03.488+0000] {processor.py:183} INFO - Processing /opt/airflow/dags/dbt_pipeline_dag.py took 0.382 seconds
[2026-04-24T19:19:34.298+0000] {processor.py:161} INFO - Started process (PID=2744) to work on /opt/airflow/dags/dbt_pipeline_dag.py
[2026-04-24T19:19:34.301+0000] {processor.py:830} INFO - Processing file /opt/airflow/dags/dbt_pipeline_dag.py for tasks to queue
[2026-04-24T19:19:34.308+0000] {logging_mixin.py:188} INFO - [2026-04-24T19:19:34.302+0000] {dagbag.py:538} INFO - Filling up the DagBag from /opt/airflow/dags/dbt_pipeline_dag.py
[2026-04-24T19:19:34.380+0000] {processor.py:840} INFO - DAG(s) 'dbt_pipeline' retrieved from /opt/airflow/dags/dbt_pipeline_dag.py
[2026-04-24T19:19:34.468+0000] {logging_mixin.py:188} INFO - [2026-04-24T19:19:34.468+0000] {dag.py:3036} INFO - Sync 1 DAGs
[2026-04-24T19:19:34.570+0000] {logging_mixin.py:188} INFO - [2026-04-24T19:19:34.570+0000] {dag.py:3823} INFO - Setting next_dagrun for dbt_pipeline to 2026-04-24 00:00:00+00:00, run_after=2026-04-25 00:00:00+00:00
[2026-04-24T19:19:34.648+0000] {processor.py:183} INFO - Processing /opt/airflow/dags/dbt_pipeline_dag.py took 0.360 seconds
[2026-04-24T19:20:05.233+0000] {processor.py:161} INFO - Started process (PID=2755) to work on /opt/airflow/dags/dbt_pipeline_dag.py
[2026-04-24T19:20:05.235+0000] {processor.py:830} INFO - Processing file /opt/airflow/dags/dbt_pipeline_dag.py for tasks to queue
[2026-04-24T19:20:05.243+0000] {logging_mixin.py:188} INFO - [2026-04-24T19:20:05.242+0000] {dagbag.py:538} INFO - Filling up the DagBag from /opt/airflow/dags/dbt_pipeline_dag.py
[2026-04-24T19:20:05.354+0000] {processor.py:840} INFO - DAG(s) 'dbt_pipeline' retrieved from /opt/airflow/dags/dbt_pipeline_dag.py
[2026-04-24T19:20:05.515+0000] {logging_mixin.py:188} INFO - [2026-04-24T19:20:05.514+0000] {dag.py:3036} INFO - Sync 1 DAGs
[2026-04-24T19:20:05.633+0000] {logging_mixin.py:188} INFO - [2026-04-24T19:20:05.632+0000] {dag.py:3823} INFO - Setting next_dagrun for dbt_pipeline to 2026-04-24 00:00:00+00:00, run_after=2026-04-25 00:00:00+00:00
[2026-04-24T19:20:05.721+0000] {processor.py:183} INFO - Processing /opt/airflow/dags/dbt_pipeline_dag.py took 0.500 seconds
[2026-04-24T19:20:36.374+0000] {processor.py:161} INFO - Started process (PID=2766) to work on /opt/airflow/dags/dbt_pipeline_dag.py
[2026-04-24T19:20:36.382+0000] {processor.py:830} INFO - Processing file /opt/airflow/dags/dbt_pipeline_dag.py for tasks to queue
[2026-04-24T19:20:36.391+0000] {logging_mixin.py:188} INFO - [2026-04-24T19:20:36.385+0000] {dagbag.py:538} INFO - Filling up the DagBag from /opt/airflow/dags/dbt_pipeline_dag.py
[2026-04-24T19:20:36.503+0000] {processor.py:840} INFO - DAG(s) 'dbt_pipeline' retrieved from /opt/airflow/dags/dbt_pipeline_dag.py
[2026-04-24T19:20:36.705+0000] {logging_mixin.py:188} INFO - [2026-04-24T19:20:36.705+0000] {dag.py:3036} INFO - Sync 1 DAGs
[2026-04-24T19:20:36.861+0000] {logging_mixin.py:188} INFO - [2026-04-24T19:20:36.854+0000] {dag.py:3823} INFO - Setting next_dagrun for dbt_pipeline to 2026-04-24 00:00:00+00:00, run_after=2026-04-25 00:00:00+00:00
[2026-04-24T19:20:36.984+0000] {processor.py:183} INFO - Processing /opt/airflow/dags/dbt_pipeline_dag.py took 0.622 seconds
[2026-04-24T19:21:07.415+0000] {processor.py:161} INFO - Started process (PID=2777) to work on /opt/airflow/dags/dbt_pipeline_dag.py
[2026-04-24T19:21:07.422+0000] {processor.py:830} INFO - Processing file /opt/airflow/dags/dbt_pipeline_dag.py for tasks to queue
[2026-04-24T19:21:07.425+0000] {logging_mixin.py:188} INFO - [2026-04-24T19:21:07.424+0000] {dagbag.py:538} INFO - Filling up the DagBag from /opt/airflow/dags/dbt_pipeline_dag.py
[2026-04-24T19:21:07.583+0000] {processor.py:840} INFO - DAG(s) 'dbt_pipeline' retrieved from /opt/airflow/dags/dbt_pipeline_dag.py
[2026-04-24T19:21:07.705+0000] {logging_mixin.py:188} INFO - [2026-04-24T19:21:07.704+0000] {dag.py:3036} INFO - Sync 1 DAGs
[2026-04-24T19:21:07.803+0000] {logging_mixin.py:188} INFO - [2026-04-24T19:21:07.802+0000] {dag.py:3823} INFO - Setting next_dagrun for dbt_pipeline to 2026-04-24 00:00:00+00:00, run_after=2026-04-25 00:00:00+00:00
[2026-04-24T19:21:07.926+0000] {processor.py:183} INFO - Processing /opt/airflow/dags/dbt_pipeline_dag.py took 0.533 seconds
[2026-04-24T19:21:38.772+0000] {processor.py:161} INFO - Started process (PID=2788) to work on /opt/airflow/dags/dbt_pipeline_dag.py
[2026-04-24T19:21:38.779+0000] {processor.py:830} INFO - Processing file /opt/airflow/dags/dbt_pipeline_dag.py for tasks to queue
[2026-04-24T19:21:38.781+0000] {logging_mixin.py:188} INFO - [2026-04-24T19:21:38.780+0000] {dagbag.py:538} INFO - Filling up the DagBag from /opt/airflow/dags/dbt_pipeline_dag.py
[2026-04-24T19:21:38.868+0000] {processor.py:840} INFO - DAG(s) 'dbt_pipeline' retrieved from /opt/airflow/dags/dbt_pipeline_dag.py
[2026-04-24T19:21:38.978+0000] {logging_mixin.py:188} INFO - [2026-04-24T19:21:38.972+0000] {dag.py:3036} INFO - Sync 1 DAGs
[2026-04-24T19:21:39.081+0000] {logging_mixin.py:188} INFO - [2026-04-24T19:21:39.080+0000] {dag.py:3823} INFO - Setting next_dagrun for dbt_pipeline to 2026-04-24 00:00:00+00:00, run_after=2026-04-25 00:00:00+00:00
[2026-04-24T19:21:39.170+0000] {processor.py:183} INFO - Processing /opt/airflow/dags/dbt_pipeline_dag.py took 0.409 seconds
[2026-04-24T19:22:10.073+0000] {processor.py:161} INFO - Started process (PID=2799) to work on /opt/airflow/dags/dbt_pipeline_dag.py
[2026-04-24T19:22:10.081+0000] {processor.py:830} INFO - Processing file /opt/airflow/dags/dbt_pipeline_dag.py for tasks to queue
[2026-04-24T19:22:10.083+0000] {logging_mixin.py:188} INFO - [2026-04-24T19:22:10.082+0000] {dagbag.py:538} INFO - Filling up the DagBag from /opt/airflow/dags/dbt_pipeline_dag.py
[2026-04-24T19:22:10.172+0000] {processor.py:840} INFO - DAG(s) 'dbt_pipeline' retrieved from /opt/airflow/dags/dbt_pipeline_dag.py
[2026-04-24T19:22:10.331+0000] {logging_mixin.py:188} INFO - [2026-04-24T19:22:10.324+0000] {dag.py:3036} INFO - Sync 1 DAGs
[2026-04-24T19:22:10.463+0000] {logging_mixin.py:188} INFO - [2026-04-24T19:22:10.463+0000] {dag.py:3823} INFO - Setting next_dagrun for dbt_pipeline to 2026-04-24 00:00:00+00:00, run_after=2026-04-25 00:00:00+00:00
[2026-04-24T19:22:10.583+0000] {processor.py:183} INFO - Processing /opt/airflow/dags/dbt_pipeline_dag.py took 0.520 seconds
[2026-04-24T19:22:40.810+0000] {processor.py:161} INFO - Started process (PID=2810) to work on /opt/airflow/dags/dbt_pipeline_dag.py
[2026-04-24T19:22:40.812+0000] {processor.py:830} INFO - Processing file /opt/airflow/dags/dbt_pipeline_dag.py for tasks to queue
[2026-04-24T19:22:40.821+0000] {logging_mixin.py:188} INFO - [2026-04-24T19:22:40.820+0000] {dagbag.py:538} INFO - Filling up the DagBag from /opt/airflow/dags/dbt_pipeline_dag.py
[2026-04-24T19:22:40.963+0000] {processor.py:840} INFO - DAG(s) 'dbt_pipeline' retrieved from /opt/airflow/dags/dbt_pipeline_dag.py
[2026-04-24T19:22:41.140+0000] {logging_mixin.py:188} INFO - [2026-04-24T19:22:41.133+0000] {dag.py:3036} INFO - Sync 1 DAGs
[2026-04-24T19:22:41.273+0000] {logging_mixin.py:188} INFO - [2026-04-24T19:22:41.272+0000] {dag.py:3823} INFO - Setting next_dagrun for dbt_pipeline to 2026-04-24 00:00:00+00:00, run_after=2026-04-25 00:00:00+00:00
[2026-04-24T19:22:41.389+0000] {processor.py:183} INFO - Processing /opt/airflow/dags/dbt_pipeline_dag.py took 0.596 seconds
[2026-04-24T19:23:11.941+0000] {processor.py:161} INFO - Started process (PID=2821) to work on /opt/airflow/dags/dbt_pipeline_dag.py
[2026-04-24T19:23:11.950+0000] {processor.py:830} INFO - Processing file /opt/airflow/dags/dbt_pipeline_dag.py for tasks to queue
[2026-04-24T19:23:11.959+0000] {logging_mixin.py:188} INFO - [2026-04-24T19:23:11.959+0000] {dagbag.py:538} INFO - Filling up the DagBag from /opt/airflow/dags/dbt_pipeline_dag.py
[2026-04-24T19:23:12.321+0000] {processor.py:840} INFO - DAG(s) 'dbt_pipeline' retrieved from /opt/airflow/dags/dbt_pipeline_dag.py
[2026-04-24T19:23:12.531+0000] {logging_mixin.py:188} INFO - [2026-04-24T19:23:12.530+0000] {dag.py:3036} INFO - Sync 1 DAGs
[2026-04-24T19:23:12.759+0000] {logging_mixin.py:188} INFO - [2026-04-24T19:23:12.758+0000] {dag.py:3823} INFO - Setting next_dagrun for dbt_pipeline to 2026-04-24 00:00:00+00:00, run_after=2026-04-25 00:00:00+00:00
[2026-04-24T19:23:12.910+0000] {processor.py:183} INFO - Processing /opt/airflow/dags/dbt_pipeline_dag.py took 0.982 seconds
[2026-04-24T19:23:44.168+0000] {processor.py:161} INFO - Started process (PID=2832) to work on /opt/airflow/dags/dbt_pipeline_dag.py
[2026-04-24T19:23:44.176+0000] {processor.py:830} INFO - Processing file /opt/airflow/dags/dbt_pipeline_dag.py for tasks to queue
[2026-04-24T19:23:44.179+0000] {logging_mixin.py:188} INFO - [2026-04-24T19:23:44.178+0000] {dagbag.py:538} INFO - Filling up the DagBag from /opt/airflow/dags/dbt_pipeline_dag.py
[2026-04-24T19:23:44.367+0000] {processor.py:840} INFO - DAG(s) 'dbt_pipeline' retrieved from /opt/airflow/dags/dbt_pipeline_dag.py
[2026-04-24T19:23:44.706+0000] {logging_mixin.py:188} INFO - [2026-04-24T19:23:44.698+0000] {dag.py:3036} INFO - Sync 1 DAGs
[2026-04-24T19:23:44.987+0000] {logging_mixin.py:188} INFO - [2026-04-24T19:23:44.986+0000] {dag.py:3823} INFO - Setting next_dagrun for dbt_pipeline to 2026-04-24 00:00:00+00:00, run_after=2026-04-25 00:00:00+00:00
[2026-04-24T19:23:45.227+0000] {processor.py:183} INFO - Processing /opt/airflow/dags/dbt_pipeline_dag.py took 1.079 seconds
[2026-04-24T19:24:15.935+0000] {processor.py:161} INFO - Started process (PID=2843) to work on /opt/airflow/dags/dbt_pipeline_dag.py
[2026-04-24T19:24:15.937+0000] {processor.py:830} INFO - Processing file /opt/airflow/dags/dbt_pipeline_dag.py for tasks to queue
[2026-04-24T19:24:15.946+0000] {logging_mixin.py:188} INFO - [2026-04-24T19:24:15.945+0000] {dagbag.py:538} INFO - Filling up the DagBag from /opt/airflow/dags/dbt_pipeline_dag.py
[2026-04-24T19:24:16.076+0000] {processor.py:840} INFO - DAG(s) 'dbt_pipeline' retrieved from /opt/airflow/dags/dbt_pipeline_dag.py
[2026-04-24T19:24:13.738+0000] {logging_mixin.py:188} INFO - [2026-04-24T19:24:13.738+0000] {dag.py:3036} INFO - Sync 1 DAGs
[2026-04-24T19:24:13.878+0000] {logging_mixin.py:188} INFO - [2026-04-24T19:24:13.877+0000] {dag.py:3823} INFO - Setting next_dagrun for dbt_pipeline to 2026-04-24 00:00:00+00:00, run_after=2026-04-25 00:00:00+00:00
[2026-04-24T19:24:13.989+0000] {processor.py:183} INFO - Processing /opt/airflow/dags/dbt_pipeline_dag.py took 0.589 seconds
[2026-04-24T19:24:44.884+0000] {processor.py:161} INFO - Started process (PID=2848) to work on /opt/airflow/dags/dbt_pipeline_dag.py
[2026-04-24T19:24:44.892+0000] {processor.py:830} INFO - Processing file /opt/airflow/dags/dbt_pipeline_dag.py for tasks to queue
[2026-04-24T19:24:44.894+0000] {logging_mixin.py:188} INFO - [2026-04-24T19:24:44.893+0000] {dagbag.py:538} INFO - Filling up the DagBag from /opt/airflow/dags/dbt_pipeline_dag.py
[2026-04-24T19:24:45.014+0000] {processor.py:840} INFO - DAG(s) 'dbt_pipeline' retrieved from /opt/airflow/dags/dbt_pipeline_dag.py
[2026-04-24T19:24:45.213+0000] {logging_mixin.py:188} INFO - [2026-04-24T19:24:45.213+0000] {dag.py:3036} INFO - Sync 1 DAGs
[2026-04-24T19:24:45.445+0000] {logging_mixin.py:188} INFO - [2026-04-24T19:24:45.444+0000] {dag.py:3823} INFO - Setting next_dagrun for dbt_pipeline to 2026-04-24 00:00:00+00:00, run_after=2026-04-25 00:00:00+00:00
[2026-04-24T19:24:45.634+0000] {processor.py:183} INFO - Processing /opt/airflow/dags/dbt_pipeline_dag.py took 0.761 seconds
[2026-04-24T19:25:16.718+0000] {processor.py:161} INFO - Started process (PID=2859) to work on /opt/airflow/dags/dbt_pipeline_dag.py
[2026-04-24T19:25:16.727+0000] {processor.py:830} INFO - Processing file /opt/airflow/dags/dbt_pipeline_dag.py for tasks to queue
[2026-04-24T19:25:16.737+0000] {logging_mixin.py:188} INFO - [2026-04-24T19:25:16.736+0000] {dagbag.py:538} INFO - Filling up the DagBag from /opt/airflow/dags/dbt_pipeline_dag.py
[2026-04-24T19:25:17.079+0000] {processor.py:840} INFO - DAG(s) 'dbt_pipeline' retrieved from /opt/airflow/dags/dbt_pipeline_dag.py
[2026-04-24T19:25:17.319+0000] {logging_mixin.py:188} INFO - [2026-04-24T19:25:17.318+0000] {dag.py:3036} INFO - Sync 1 DAGs
[2026-04-24T19:25:17.626+0000] {logging_mixin.py:188} INFO - [2026-04-24T19:25:17.619+0000] {dag.py:3823} INFO - Setting next_dagrun for dbt_pipeline to 2026-04-24 00:00:00+00:00, run_after=2026-04-25 00:00:00+00:00
[2026-04-24T19:25:17.878+0000] {processor.py:183} INFO - Processing /opt/airflow/dags/dbt_pipeline_dag.py took 1.181 seconds
[2026-04-24T19:25:49.099+0000] {processor.py:161} INFO - Started process (PID=2870) to work on /opt/airflow/dags/dbt_pipeline_dag.py
[2026-04-24T19:25:49.116+0000] {processor.py:830} INFO - Processing file /opt/airflow/dags/dbt_pipeline_dag.py for tasks to queue
[2026-04-24T19:25:49.119+0000] {logging_mixin.py:188} INFO - [2026-04-24T19:25:49.118+0000] {dagbag.py:538} INFO - Filling up the DagBag from /opt/airflow/dags/dbt_pipeline_dag.py
[2026-04-24T19:25:49.288+0000] {processor.py:840} INFO - DAG(s) 'dbt_pipeline' retrieved from /opt/airflow/dags/dbt_pipeline_dag.py
[2026-04-24T19:25:49.487+0000] {logging_mixin.py:188} INFO - [2026-04-24T19:25:49.486+0000] {dag.py:3036} INFO - Sync 1 DAGs
[2026-04-24T19:25:49.677+0000] {logging_mixin.py:188} INFO - [2026-04-24T19:25:49.676+0000] {dag.py:3823} INFO - Setting next_dagrun for dbt_pipeline to 2026-04-24 00:00:00+00:00, run_after=2026-04-25 00:00:00+00:00
[2026-04-24T19:25:49.828+0000] {processor.py:183} INFO - Processing /opt/airflow/dags/dbt_pipeline_dag.py took 0.749 seconds
[2026-04-24T19:26:20.690+0000] {processor.py:161} INFO - Started process (PID=2881) to work on /opt/airflow/dags/dbt_pipeline_dag.py
[2026-04-24T19:26:20.693+0000] {processor.py:830} INFO - Processing file /opt/airflow/dags/dbt_pipeline_dag.py for tasks to queue
[2026-04-24T19:26:20.702+0000] {logging_mixin.py:188} INFO - [2026-04-24T19:26:20.701+0000] {dagbag.py:538} INFO - Filling up the DagBag from /opt/airflow/dags/dbt_pipeline_dag.py
[2026-04-24T19:26:20.842+0000] {processor.py:840} INFO - DAG(s) 'dbt_pipeline' retrieved from /opt/airflow/dags/dbt_pipeline_dag.py
[2026-04-24T19:26:21.091+0000] {logging_mixin.py:188} INFO - [2026-04-24T19:26:21.090+0000] {dag.py:3036} INFO - Sync 1 DAGs
[2026-04-24T19:26:21.341+0000] {logging_mixin.py:188} INFO - [2026-04-24T19:26:21.341+0000] {dag.py:3823} INFO - Setting next_dagrun for dbt_pipeline to 2026-04-24 00:00:00+00:00, run_after=2026-04-25 00:00:00+00:00
[2026-04-24T19:26:21.502+0000] {processor.py:183} INFO - Processing /opt/airflow/dags/dbt_pipeline_dag.py took 0.839 seconds
[2026-04-24T19:26:52.426+0000] {processor.py:161} INFO - Started process (PID=2892) to work on /opt/airflow/dags/dbt_pipeline_dag.py
[2026-04-24T19:26:52.445+0000] {processor.py:830} INFO - Processing file /opt/airflow/dags/dbt_pipeline_dag.py for tasks to queue
[2026-04-24T19:26:52.454+0000] {logging_mixin.py:188} INFO - [2026-04-24T19:26:52.454+0000] {dagbag.py:538} INFO - Filling up the DagBag from /opt/airflow/dags/dbt_pipeline_dag.py
[2026-04-24T19:26:52.596+0000] {processor.py:840} INFO - DAG(s) 'dbt_pipeline' retrieved from /opt/airflow/dags/dbt_pipeline_dag.py
[2026-04-24T19:26:52.815+0000] {logging_mixin.py:188} INFO - [2026-04-24T19:26:52.815+0000] {dag.py:3036} INFO - Sync 1 DAGs
[2026-04-24T19:26:53.016+0000] {logging_mixin.py:188} INFO - [2026-04-24T19:26:53.016+0000] {dag.py:3823} INFO - Setting next_dagrun for dbt_pipeline to 2026-04-24 00:00:00+00:00, run_after=2026-04-25 00:00:00+00:00
[2026-04-24T19:26:53.184+0000] {processor.py:183} INFO - Processing /opt/airflow/dags/dbt_pipeline_dag.py took 0.788 seconds
[2026-04-24T19:27:23.655+0000] {processor.py:161} INFO - Started process (PID=2903) to work on /opt/airflow/dags/dbt_pipeline_dag.py
[2026-04-24T19:27:23.664+0000] {processor.py:830} INFO - Processing file /opt/airflow/dags/dbt_pipeline_dag.py for tasks to queue
[2026-04-24T19:27:23.674+0000] {logging_mixin.py:188} INFO - [2026-04-24T19:27:23.666+0000] {dagbag.py:538} INFO - Filling up the DagBag from /opt/airflow/dags/dbt_pipeline_dag.py
[2026-04-24T19:27:23.835+0000] {processor.py:840} INFO - DAG(s) 'dbt_pipeline' retrieved from /opt/airflow/dags/dbt_pipeline_dag.py
[2026-04-24T19:27:24.174+0000] {logging_mixin.py:188} INFO - [2026-04-24T19:27:24.174+0000] {dag.py:3036} INFO - Sync 1 DAGs
[2026-04-24T19:27:24.374+0000] {logging_mixin.py:188} INFO - [2026-04-24T19:27:24.366+0000] {dag.py:3823} INFO - Setting next_dagrun for dbt_pipeline to 2026-04-24 00:00:00+00:00, run_after=2026-04-25 00:00:00+00:00
[2026-04-24T19:27:24.525+0000] {processor.py:183} INFO - Processing /opt/airflow/dags/dbt_pipeline_dag.py took 0.889 seconds
[2026-04-24T19:27:55.410+0000] {processor.py:161} INFO - Started process (PID=2912) to work on /opt/airflow/dags/dbt_pipeline_dag.py
[2026-04-24T19:27:55.420+0000] {processor.py:830} INFO - Processing file /opt/airflow/dags/dbt_pipeline_dag.py for tasks to queue
[2026-04-24T19:27:55.431+0000] {logging_mixin.py:188} INFO - [2026-04-24T19:27:55.430+0000] {dagbag.py:538} INFO - Filling up the DagBag from /opt/airflow/dags/dbt_pipeline_dag.py
[2026-04-24T19:27:55.721+0000] {processor.py:840} INFO - DAG(s) 'dbt_pipeline' retrieved from /opt/airflow/dags/dbt_pipeline_dag.py
[2026-04-24T19:27:56.143+0000] {logging_mixin.py:188} INFO - [2026-04-24T19:27:56.142+0000] {dag.py:3036} INFO - Sync 1 DAGs
[2026-04-24T19:27:54.019+0000] {logging_mixin.py:188} INFO - [2026-04-24T19:27:54.018+0000] {dag.py:3823} INFO - Setting next_dagrun for dbt_pipeline to 2026-04-24 00:00:00+00:00, run_after=2026-04-25 00:00:00+00:00
[2026-04-24T19:27:54.291+0000] {processor.py:183} INFO - Processing /opt/airflow/dags/dbt_pipeline_dag.py took 1.440 seconds
[2026-04-24T19:28:25.262+0000] {processor.py:161} INFO - Started process (PID=2919) to work on /opt/airflow/dags/dbt_pipeline_dag.py
[2026-04-24T19:28:25.272+0000] {processor.py:830} INFO - Processing file /opt/airflow/dags/dbt_pipeline_dag.py for tasks to queue
[2026-04-24T19:28:25.283+0000] {logging_mixin.py:188} INFO - [2026-04-24T19:28:25.282+0000] {dagbag.py:538} INFO - Filling up the DagBag from /opt/airflow/dags/dbt_pipeline_dag.py
[2026-04-24T19:28:25.472+0000] {processor.py:840} INFO - DAG(s) 'dbt_pipeline' retrieved from /opt/airflow/dags/dbt_pipeline_dag.py
[2026-04-24T19:28:25.731+0000] {logging_mixin.py:188} INFO - [2026-04-24T19:28:25.731+0000] {dag.py:3036} INFO - Sync 1 DAGs
[2026-04-24T19:28:26.072+0000] {logging_mixin.py:188} INFO - [2026-04-24T19:28:26.071+0000] {dag.py:3823} INFO - Setting next_dagrun for dbt_pipeline to 2026-04-24 00:00:00+00:00, run_after=2026-04-25 00:00:00+00:00
[2026-04-24T19:28:26.342+0000] {processor.py:183} INFO - Processing /opt/airflow/dags/dbt_pipeline_dag.py took 1.111 seconds
[2026-04-24T19:28:57.222+0000] {processor.py:161} INFO - Started process (PID=2930) to work on /opt/airflow/dags/dbt_pipeline_dag.py
[2026-04-24T19:28:57.250+0000] {processor.py:830} INFO - Processing file /opt/airflow/dags/dbt_pipeline_dag.py for tasks to queue
[2026-04-24T19:28:57.261+0000] {logging_mixin.py:188} INFO - [2026-04-24T19:28:57.260+0000] {dagbag.py:538} INFO - Filling up the DagBag from /opt/airflow/dags/dbt_pipeline_dag.py
[2026-04-24T19:28:57.572+0000] {processor.py:840} INFO - DAG(s) 'dbt_pipeline' retrieved from /opt/airflow/dags/dbt_pipeline_dag.py
[2026-04-24T19:28:58.140+0000] {logging_mixin.py:188} INFO - [2026-04-24T19:28:58.132+0000] {dag.py:3036} INFO - Sync 1 DAGs
[2026-04-24T19:28:58.892+0000] {logging_mixin.py:188} INFO - [2026-04-24T19:28:58.892+0000] {dag.py:3823} INFO - Setting next_dagrun for dbt_pipeline to 2026-04-24 00:00:00+00:00, run_after=2026-04-25 00:00:00+00:00
[2026-04-24T19:28:59.472+0000] {processor.py:183} INFO - Processing /opt/airflow/dags/dbt_pipeline_dag.py took 2.300 seconds
[2026-04-24T19:29:30.865+0000] {processor.py:161} INFO - Started process (PID=2941) to work on /opt/airflow/dags/dbt_pipeline_dag.py
[2026-04-24T19:29:30.884+0000] {processor.py:830} INFO - Processing file /opt/airflow/dags/dbt_pipeline_dag.py for tasks to queue
[2026-04-24T19:29:30.894+0000] {logging_mixin.py:188} INFO - [2026-04-24T19:29:30.893+0000] {dagbag.py:538} INFO - Filling up the DagBag from /opt/airflow/dags/dbt_pipeline_dag.py
[2026-04-24T19:29:31.125+0000] {processor.py:840} INFO - DAG(s) 'dbt_pipeline' retrieved from /opt/airflow/dags/dbt_pipeline_dag.py
[2026-04-24T19:29:31.464+0000] {logging_mixin.py:188} INFO - [2026-04-24T19:29:31.455+0000] {dag.py:3036} INFO - Sync 1 DAGs
[2026-04-24T19:29:31.753+0000] {logging_mixin.py:188} INFO - [2026-04-24T19:29:31.745+0000] {dag.py:3823} INFO - Setting next_dagrun for dbt_pipeline to 2026-04-24 00:00:00+00:00, run_after=2026-04-25 00:00:00+00:00
[2026-04-24T19:29:32.034+0000] {processor.py:183} INFO - Processing /opt/airflow/dags/dbt_pipeline_dag.py took 1.200 seconds
[2026-04-24T19:30:03.058+0000] {processor.py:161} INFO - Started process (PID=2952) to work on /opt/airflow/dags/dbt_pipeline_dag.py
[2026-04-24T19:30:03.077+0000] {processor.py:830} INFO - Processing file /opt/airflow/dags/dbt_pipeline_dag.py for tasks to queue
[2026-04-24T19:30:03.089+0000] {logging_mixin.py:188} INFO - [2026-04-24T19:30:03.088+0000] {dagbag.py:538} INFO - Filling up the DagBag from /opt/airflow/dags/dbt_pipeline_dag.py
[2026-04-24T19:30:03.499+0000] {processor.py:840} INFO - DAG(s) 'dbt_pipeline' retrieved from /opt/airflow/dags/dbt_pipeline_dag.py
[2026-04-24T19:30:04.079+0000] {logging_mixin.py:188} INFO - [2026-04-24T19:30:04.078+0000] {dag.py:3036} INFO - Sync 1 DAGs
[2026-04-24T19:30:04.638+0000] {logging_mixin.py:188} INFO - [2026-04-24T19:30:04.629+0000] {dag.py:3823} INFO - Setting next_dagrun for dbt_pipeline to 2026-04-24 00:00:00+00:00, run_after=2026-04-25 00:00:00+00:00
[2026-04-24T19:30:05.229+0000] {processor.py:183} INFO - Processing /opt/airflow/dags/dbt_pipeline_dag.py took 2.201 seconds
[2026-04-24T19:30:36.613+0000] {processor.py:161} INFO - Started process (PID=2963) to work on /opt/airflow/dags/dbt_pipeline_dag.py
[2026-04-24T19:30:36.623+0000] {processor.py:830} INFO - Processing file /opt/airflow/dags/dbt_pipeline_dag.py for tasks to queue
[2026-04-24T19:30:36.633+0000] {logging_mixin.py:188} INFO - [2026-04-24T19:30:36.625+0000] {dagbag.py:538} INFO - Filling up the DagBag from /opt/airflow/dags/dbt_pipeline_dag.py
[2026-04-24T19:30:36.854+0000] {processor.py:840} INFO - DAG(s) 'dbt_pipeline' retrieved from /opt/airflow/dags/dbt_pipeline_dag.py
[2026-04-24T19:30:37.294+0000] {logging_mixin.py:188} INFO - [2026-04-24T19:30:37.293+0000] {dag.py:3036} INFO - Sync 1 DAGs
[2026-04-24T19:30:37.625+0000] {logging_mixin.py:188} INFO - [2026-04-24T19:30:37.624+0000] {dag.py:3823} INFO - Setting next_dagrun for dbt_pipeline to 2026-04-24 00:00:00+00:00, run_after=2026-04-25 00:00:00+00:00
[2026-04-24T19:30:37.884+0000] {processor.py:183} INFO - Processing /opt/airflow/dags/dbt_pipeline_dag.py took 1.310 seconds
[2026-04-24T19:31:08.473+0000] {processor.py:161} INFO - Started process (PID=2972) to work on /opt/airflow/dags/dbt_pipeline_dag.py
[2026-04-24T19:31:08.484+0000] {processor.py:830} INFO - Processing file /opt/airflow/dags/dbt_pipeline_dag.py for tasks to queue
[2026-04-24T19:31:08.503+0000] {logging_mixin.py:188} INFO - [2026-04-24T19:31:08.494+0000] {dagbag.py:538} INFO - Filling up the DagBag from /opt/airflow/dags/dbt_pipeline_dag.py
[2026-04-24T19:31:06.344+0000] {processor.py:840} INFO - DAG(s) 'dbt_pipeline' retrieved from /opt/airflow/dags/dbt_pipeline_dag.py
[2026-04-24T19:31:06.824+0000] {logging_mixin.py:188} INFO - [2026-04-24T19:31:06.815+0000] {dag.py:3036} INFO - Sync 1 DAGs
[2026-04-24T19:31:07.294+0000] {logging_mixin.py:188} INFO - [2026-04-24T19:31:07.285+0000] {dag.py:3823} INFO - Setting next_dagrun for dbt_pipeline to 2026-04-24 00:00:00+00:00, run_after=2026-04-25 00:00:00+00:00
[2026-04-24T19:31:07.804+0000] {processor.py:183} INFO - Processing /opt/airflow/dags/dbt_pipeline_dag.py took 1.920 seconds
[2026-04-24T19:31:39.545+0000] {processor.py:161} INFO - Started process (PID=2979) to work on /opt/airflow/dags/dbt_pipeline_dag.py
[2026-04-24T19:31:39.555+0000] {processor.py:830} INFO - Processing file /opt/airflow/dags/dbt_pipeline_dag.py for tasks to queue
[2026-04-24T19:31:39.566+0000] {logging_mixin.py:188} INFO - [2026-04-24T19:31:39.566+0000] {dagbag.py:538} INFO - Filling up the DagBag from /opt/airflow/dags/dbt_pipeline_dag.py
[2026-04-24T19:31:40.016+0000] {processor.py:840} INFO - DAG(s) 'dbt_pipeline' retrieved from /opt/airflow/dags/dbt_pipeline_dag.py
[2026-04-24T19:31:40.545+0000] {logging_mixin.py:188} INFO - [2026-04-24T19:31:40.536+0000] {dag.py:3036} INFO - Sync 1 DAGs
[2026-04-24T19:31:40.856+0000] {logging_mixin.py:188} INFO - [2026-04-24T19:31:40.855+0000] {dag.py:3823} INFO - Setting next_dagrun for dbt_pipeline to 2026-04-24 00:00:00+00:00, run_after=2026-04-25 00:00:00+00:00
[2026-04-24T19:31:41.136+0000] {processor.py:183} INFO - Processing /opt/airflow/dags/dbt_pipeline_dag.py took 1.650 seconds
[2026-04-24T19:32:12.573+0000] {processor.py:161} INFO - Started process (PID=2990) to work on /opt/airflow/dags/dbt_pipeline_dag.py
[2026-04-24T19:32:12.622+0000] {processor.py:830} INFO - Processing file /opt/airflow/dags/dbt_pipeline_dag.py for tasks to queue
[2026-04-24T19:32:12.672+0000] {logging_mixin.py:188} INFO - [2026-04-24T19:32:12.662+0000] {dagbag.py:538} INFO - Filling up the DagBag from /opt/airflow/dags/dbt_pipeline_dag.py
[2026-04-24T19:32:13.522+0000] {processor.py:840} INFO - DAG(s) 'dbt_pipeline' retrieved from /opt/airflow/dags/dbt_pipeline_dag.py
[2026-04-24T19:32:14.343+0000] {logging_mixin.py:188} INFO - [2026-04-24T19:32:14.342+0000] {dag.py:3036} INFO - Sync 1 DAGs
[2026-04-24T19:32:15.132+0000] {logging_mixin.py:188} INFO - [2026-04-24T19:32:15.123+0000] {dag.py:3823} INFO - Setting next_dagrun for dbt_pipeline to 2026-04-24 00:00:00+00:00, run_after=2026-04-25 00:00:00+00:00
[2026-04-24T19:32:15.942+0000] {processor.py:183} INFO - Processing /opt/airflow/dags/dbt_pipeline_dag.py took 3.470 seconds
[2026-04-24T19:32:48.230+0000] {processor.py:161} INFO - Started process (PID=3001) to work on /opt/airflow/dags/dbt_pipeline_dag.py
[2026-04-24T19:32:48.260+0000] {processor.py:830} INFO - Processing file /opt/airflow/dags/dbt_pipeline_dag.py for tasks to queue
[2026-04-24T19:32:48.291+0000] {logging_mixin.py:188} INFO - [2026-04-24T19:32:48.271+0000] {dagbag.py:538} INFO - Filling up the DagBag from /opt/airflow/dags/dbt_pipeline_dag.py
[2026-04-24T19:32:49.051+0000] {processor.py:840} INFO - DAG(s) 'dbt_pipeline' retrieved from /opt/airflow/dags/dbt_pipeline_dag.py
[2026-04-24T19:32:50.420+0000] {logging_mixin.py:188} INFO - [2026-04-24T19:32:50.341+0000] {dag.py:3036} INFO - Sync 1 DAGs
[2026-04-24T19:32:51.300+0000] {logging_mixin.py:188} INFO - [2026-04-24T19:32:51.300+0000] {dag.py:3823} INFO - Setting next_dagrun for dbt_pipeline to 2026-04-24 00:00:00+00:00, run_after=2026-04-25 00:00:00+00:00
[2026-04-24T19:32:52.630+0000] {processor.py:183} INFO - Processing /opt/airflow/dags/dbt_pipeline_dag.py took 4.491 seconds
[2026-04-24T19:33:24.282+0000] {processor.py:161} INFO - Started process (PID=3010) to work on /opt/airflow/dags/dbt_pipeline_dag.py
[2026-04-24T19:33:24.311+0000] {processor.py:830} INFO - Processing file /opt/airflow/dags/dbt_pipeline_dag.py for tasks to queue
[2026-04-24T19:33:24.371+0000] {logging_mixin.py:188} INFO - [2026-04-24T19:33:24.331+0000] {dagbag.py:538} INFO - Filling up the DagBag from /opt/airflow/dags/dbt_pipeline_dag.py
[2026-04-24T19:33:25.512+0000] {processor.py:840} INFO - DAG(s) 'dbt_pipeline' retrieved from /opt/airflow/dags/dbt_pipeline_dag.py
[2026-04-24T19:33:23.944+0000] {logging_mixin.py:188} INFO - [2026-04-24T19:33:23.934+0000] {dag.py:3036} INFO - Sync 1 DAGs
[2026-04-24T19:33:24.724+0000] {logging_mixin.py:188} INFO - [2026-04-24T19:33:24.723+0000] {dag.py:3823} INFO - Setting next_dagrun for dbt_pipeline to 2026-04-24 00:00:00+00:00, run_after=2026-04-25 00:00:00+00:00
[2026-04-24T19:33:25.684+0000] {processor.py:183} INFO - Processing /opt/airflow/dags/dbt_pipeline_dag.py took 4.120 seconds
[2026-04-24T19:33:57.118+0000] {processor.py:161} INFO - Started process (PID=3017) to work on /opt/airflow/dags/dbt_pipeline_dag.py
[2026-04-24T19:33:57.138+0000] {processor.py:830} INFO - Processing file /opt/airflow/dags/dbt_pipeline_dag.py for tasks to queue
[2026-04-24T19:33:57.159+0000] {logging_mixin.py:188} INFO - [2026-04-24T19:33:57.149+0000] {dagbag.py:538} INFO - Filling up the DagBag from /opt/airflow/dags/dbt_pipeline_dag.py
[2026-04-24T19:33:57.658+0000] {processor.py:840} INFO - DAG(s) 'dbt_pipeline' retrieved from /opt/airflow/dags/dbt_pipeline_dag.py
[2026-04-24T19:33:58.538+0000] {logging_mixin.py:188} INFO - [2026-04-24T19:33:58.538+0000] {dag.py:3036} INFO - Sync 1 DAGs
[2026-04-24T19:33:59.169+0000] {logging_mixin.py:188} INFO - [2026-04-24T19:33:59.168+0000] {dag.py:3823} INFO - Setting next_dagrun for dbt_pipeline to 2026-04-24 00:00:00+00:00, run_after=2026-04-25 00:00:00+00:00
[2026-04-24T19:33:59.668+0000] {processor.py:183} INFO - Processing /opt/airflow/dags/dbt_pipeline_dag.py took 2.619 seconds
[2026-04-24T19:34:31.346+0000] {processor.py:161} INFO - Started process (PID=3028) to work on /opt/airflow/dags/dbt_pipeline_dag.py
[2026-04-24T19:34:31.366+0000] {processor.py:830} INFO - Processing file /opt/airflow/dags/dbt_pipeline_dag.py for tasks to queue
[2026-04-24T19:34:31.386+0000] {logging_mixin.py:188} INFO - [2026-04-24T19:34:31.376+0000] {dagbag.py:538} INFO - Filling up the DagBag from /opt/airflow/dags/dbt_pipeline_dag.py
[2026-04-24T19:34:31.825+0000] {processor.py:840} INFO - DAG(s) 'dbt_pipeline' retrieved from /opt/airflow/dags/dbt_pipeline_dag.py
[2026-04-24T19:34:32.326+0000] {logging_mixin.py:188} INFO - [2026-04-24T19:34:32.317+0000] {dag.py:3036} INFO - Sync 1 DAGs
[2026-04-24T19:34:32.736+0000] {logging_mixin.py:188} INFO - [2026-04-24T19:34:32.736+0000] {dag.py:3823} INFO - Setting next_dagrun for dbt_pipeline to 2026-04-24 00:00:00+00:00, run_after=2026-04-25 00:00:00+00:00
[2026-04-24T19:34:33.176+0000] {processor.py:183} INFO - Processing /opt/airflow/dags/dbt_pipeline_dag.py took 1.871 seconds
[2026-04-24T19:35:03.954+0000] {processor.py:161} INFO - Started process (PID=3037) to work on /opt/airflow/dags/dbt_pipeline_dag.py
[2026-04-24T19:35:03.974+0000] {processor.py:830} INFO - Processing file /opt/airflow/dags/dbt_pipeline_dag.py for tasks to queue
[2026-04-24T19:35:04.004+0000] {logging_mixin.py:188} INFO - [2026-04-24T19:35:03.994+0000] {dagbag.py:538} INFO - Filling up the DagBag from /opt/airflow/dags/dbt_pipeline_dag.py
[2026-04-24T19:35:04.674+0000] {processor.py:840} INFO - DAG(s) 'dbt_pipeline' retrieved from /opt/airflow/dags/dbt_pipeline_dag.py
[2026-04-24T19:35:05.553+0000] {logging_mixin.py:188} INFO - [2026-04-24T19:35:05.544+0000] {dag.py:3036} INFO - Sync 1 DAGs
[2026-04-24T19:35:06.454+0000] {logging_mixin.py:188} INFO - [2026-04-24T19:35:06.444+0000] {dag.py:3823} INFO - Setting next_dagrun for dbt_pipeline to 2026-04-24 00:00:00+00:00, run_after=2026-04-25 00:00:00+00:00
[2026-04-24T19:35:07.363+0000] {processor.py:183} INFO - Processing /opt/airflow/dags/dbt_pipeline_dag.py took 3.480 seconds
[2026-04-24T19:35:38.614+0000] {processor.py:161} INFO - Started process (PID=3044) to work on /opt/airflow/dags/dbt_pipeline_dag.py
[2026-04-24T19:35:38.644+0000] {processor.py:830} INFO - Processing file /opt/airflow/dags/dbt_pipeline_dag.py for tasks to queue
[2026-04-24T19:35:38.693+0000] {logging_mixin.py:188} INFO - [2026-04-24T19:35:38.683+0000] {dagbag.py:538} INFO - Filling up the DagBag from /opt/airflow/dags/dbt_pipeline_dag.py
[2026-04-24T19:35:39.703+0000] {processor.py:840} INFO - DAG(s) 'dbt_pipeline' retrieved from /opt/airflow/dags/dbt_pipeline_dag.py
[2026-04-24T19:35:41.124+0000] {logging_mixin.py:188} INFO - [2026-04-24T19:35:41.114+0000] {dag.py:3036} INFO - Sync 1 DAGs
[2026-04-24T19:35:42.653+0000] {logging_mixin.py:188} INFO - [2026-04-24T19:35:42.643+0000] {dag.py:3823} INFO - Setting next_dagrun for dbt_pipeline to 2026-04-24 00:00:00+00:00, run_after=2026-04-25 00:00:00+00:00
[2026-04-24T19:35:43.877+0000] {processor.py:183} INFO - Processing /opt/airflow/dags/dbt_pipeline_dag.py took 5.390 seconds
[2026-04-24T19:36:14.599+0000] {processor.py:161} INFO - Started process (PID=3053) to work on /opt/airflow/dags/dbt_pipeline_dag.py
[2026-04-24T19:36:14.679+0000] {processor.py:830} INFO - Processing file /opt/airflow/dags/dbt_pipeline_dag.py for tasks to queue
[2026-04-24T19:36:14.789+0000] {logging_mixin.py:188} INFO - [2026-04-24T19:36:14.729+0000] {dagbag.py:538} INFO - Filling up the DagBag from /opt/airflow/dags/dbt_pipeline_dag.py
[2026-04-24T19:36:16.359+0000] {processor.py:840} INFO - DAG(s) 'dbt_pipeline' retrieved from /opt/airflow/dags/dbt_pipeline_dag.py
[2026-04-24T19:36:19.199+0000] {logging_mixin.py:188} INFO - [2026-04-24T19:36:19.169+0000] {dag.py:3036} INFO - Sync 1 DAGs
[2026-04-24T19:36:21.069+0000] {logging_mixin.py:188} INFO - [2026-04-24T19:36:21.039+0000] {dag.py:3823} INFO - Setting next_dagrun for dbt_pipeline to 2026-04-24 00:00:00+00:00, run_after=2026-04-25 00:00:00+00:00
[2026-04-24T19:36:22.359+0000] {processor.py:183} INFO - Processing /opt/airflow/dags/dbt_pipeline_dag.py took 8.090 seconds
[2026-04-24T19:36:57.286+0000] {processor.py:161} INFO - Started process (PID=3063) to work on /opt/airflow/dags/dbt_pipeline_dag.py
[2026-04-24T19:36:57.356+0000] {processor.py:830} INFO - Processing file /opt/airflow/dags/dbt_pipeline_dag.py for tasks to queue
[2026-04-24T19:36:57.506+0000] {logging_mixin.py:188} INFO - [2026-04-24T19:36:57.466+0000] {dagbag.py:538} INFO - Filling up the DagBag from /opt/airflow/dags/dbt_pipeline_dag.py
[2026-04-24T19:36:59.456+0000] {processor.py:840} INFO - DAG(s) 'dbt_pipeline' retrieved from /opt/airflow/dags/dbt_pipeline_dag.py
[2026-04-24T19:37:03.406+0000] {logging_mixin.py:188} INFO - [2026-04-24T19:37:03.396+0000] {dag.py:3036} INFO - Sync 1 DAGs
[2026-04-24T19:37:06.486+0000] {logging_mixin.py:188} INFO - [2026-04-24T19:37:06.456+0000] {dag.py:3823} INFO - Setting next_dagrun for dbt_pipeline to 2026-04-24 00:00:00+00:00, run_after=2026-04-25 00:00:00+00:00
[2026-04-24T19:37:06.263+0000] {processor.py:183} INFO - Processing /opt/airflow/dags/dbt_pipeline_dag.py took 11.910 seconds
[2026-04-24T19:37:41.638+0000] {processor.py:161} INFO - Started process (PID=3071) to work on /opt/airflow/dags/dbt_pipeline_dag.py
[2026-04-24T19:37:41.898+0000] {processor.py:830} INFO - Processing file /opt/airflow/dags/dbt_pipeline_dag.py for tasks to queue
[2026-04-24T19:37:42.548+0000] {logging_mixin.py:188} INFO - [2026-04-24T19:37:42.348+0000] {dagbag.py:538} INFO - Filling up the DagBag from /opt/airflow/dags/dbt_pipeline_dag.py
[2026-04-24T19:37:51.148+0000] {processor.py:840} INFO - DAG(s) 'dbt_pipeline' retrieved from /opt/airflow/dags/dbt_pipeline_dag.py
[2026-04-24T19:38:06.827+0000] {logging_mixin.py:188} INFO - [2026-04-24T19:38:06.537+0000] {dag.py:3036} INFO - Sync 1 DAGs
[2026-04-26T11:09:24.029+0000] {processor.py:161} INFO - Started process (PID=3077) to work on /opt/airflow/dags/dbt_pipeline_dag.py
[2026-04-26T11:09:24.191+0000] {processor.py:830} INFO - Processing file /opt/airflow/dags/dbt_pipeline_dag.py for tasks to queue
[2026-04-26T11:09:24.209+0000] {logging_mixin.py:188} INFO - [2026-04-26T11:09:24.208+0000] {dagbag.py:538} INFO - Filling up the DagBag from /opt/airflow/dags/dbt_pipeline_dag.py
[2026-04-26T11:09:24.841+0000] {processor.py:840} INFO - DAG(s) 'dbt_pipeline' retrieved from /opt/airflow/dags/dbt_pipeline_dag.py
