[2026-04-24T18:56:16.738+0000] {processor.py:161} INFO - Started process (PID=2145) to work on /opt/airflow/dags/sales_pipeline_dag.py
[2026-04-24T18:56:16.750+0000] {processor.py:830} INFO - Processing file /opt/airflow/dags/sales_pipeline_dag.py for tasks to queue
[2026-04-24T18:56:16.755+0000] {logging_mixin.py:188} INFO - [2026-04-24T18:56:16.755+0000] {dagbag.py:538} INFO - Filling up the DagBag from /opt/airflow/dags/sales_pipeline_dag.py
[2026-04-24T18:56:29.553+0000] {processor.py:840} INFO - DAG(s) 'sales_pipeline' retrieved from /opt/airflow/dags/sales_pipeline_dag.py
[2026-04-24T18:56:29.704+0000] {logging_mixin.py:188} INFO - [2026-04-24T18:56:29.702+0000] {dag.py:3036} INFO - Sync 1 DAGs
[2026-04-24T18:56:29.850+0000] {logging_mixin.py:188} INFO - [2026-04-24T18:56:29.850+0000] {dag.py:3823} INFO - Setting next_dagrun for sales_pipeline to 2026-04-24 00:00:00+00:00, run_after=2026-04-25 00:00:00+00:00
[2026-04-24T18:56:30.031+0000] {processor.py:183} INFO - Processing /opt/airflow/dags/sales_pipeline_dag.py took 13.308 seconds
[2026-04-24T18:57:00.917+0000] {processor.py:161} INFO - Started process (PID=2203) to work on /opt/airflow/dags/sales_pipeline_dag.py
[2026-04-24T18:57:00.957+0000] {processor.py:830} INFO - Processing file /opt/airflow/dags/sales_pipeline_dag.py for tasks to queue
[2026-04-24T18:57:00.975+0000] {logging_mixin.py:188} INFO - [2026-04-24T18:57:00.975+0000] {dagbag.py:538} INFO - Filling up the DagBag from /opt/airflow/dags/sales_pipeline_dag.py
[2026-04-24T18:57:03.822+0000] {processor.py:840} INFO - DAG(s) 'sales_pipeline' retrieved from /opt/airflow/dags/sales_pipeline_dag.py
[2026-04-24T18:57:03.880+0000] {logging_mixin.py:188} INFO - [2026-04-24T18:57:03.879+0000] {dag.py:3036} INFO - Sync 1 DAGs
[2026-04-24T18:57:03.942+0000] {logging_mixin.py:188} INFO - [2026-04-24T18:57:03.941+0000] {dag.py:3823} INFO - Setting next_dagrun for sales_pipeline to 2026-04-24 00:00:00+00:00, run_after=2026-04-25 00:00:00+00:00
[2026-04-24T18:57:04.093+0000] {processor.py:183} INFO - Processing /opt/airflow/dags/sales_pipeline_dag.py took 3.182 seconds
[2026-04-24T18:57:34.655+0000] {processor.py:161} INFO - Started process (PID=2288) to work on /opt/airflow/dags/sales_pipeline_dag.py
[2026-04-24T18:57:34.658+0000] {processor.py:830} INFO - Processing file /opt/airflow/dags/sales_pipeline_dag.py for tasks to queue
[2026-04-24T18:57:34.661+0000] {logging_mixin.py:188} INFO - [2026-04-24T18:57:34.660+0000] {dagbag.py:538} INFO - Filling up the DagBag from /opt/airflow/dags/sales_pipeline_dag.py
[2026-04-24T18:57:36.776+0000] {processor.py:840} INFO - DAG(s) 'sales_pipeline' retrieved from /opt/airflow/dags/sales_pipeline_dag.py
[2026-04-24T18:57:36.863+0000] {logging_mixin.py:188} INFO - [2026-04-24T18:57:36.862+0000] {dag.py:3036} INFO - Sync 1 DAGs
[2026-04-24T18:57:36.961+0000] {logging_mixin.py:188} INFO - [2026-04-24T18:57:36.960+0000] {dag.py:3823} INFO - Setting next_dagrun for sales_pipeline to 2026-04-24 00:00:00+00:00, run_after=2026-04-25 00:00:00+00:00
[2026-04-24T18:57:37.097+0000] {processor.py:183} INFO - Processing /opt/airflow/dags/sales_pipeline_dag.py took 2.448 seconds
[2026-04-24T18:58:07.533+0000] {processor.py:161} INFO - Started process (PID=2299) to work on /opt/airflow/dags/sales_pipeline_dag.py
[2026-04-24T18:58:07.537+0000] {processor.py:830} INFO - Processing file /opt/airflow/dags/sales_pipeline_dag.py for tasks to queue
[2026-04-24T18:58:07.540+0000] {logging_mixin.py:188} INFO - [2026-04-24T18:58:07.539+0000] {dagbag.py:538} INFO - Filling up the DagBag from /opt/airflow/dags/sales_pipeline_dag.py
[2026-04-24T18:58:06.264+0000] {processor.py:840} INFO - DAG(s) 'sales_pipeline' retrieved from /opt/airflow/dags/sales_pipeline_dag.py
[2026-04-24T18:58:06.336+0000] {logging_mixin.py:188} INFO - [2026-04-24T18:58:06.332+0000] {dag.py:3036} INFO - Sync 1 DAGs
[2026-04-24T18:58:06.375+0000] {logging_mixin.py:188} INFO - [2026-04-24T18:58:06.374+0000] {dag.py:3823} INFO - Setting next_dagrun for sales_pipeline to 2026-04-24 00:00:00+00:00, run_after=2026-04-25 00:00:00+00:00
[2026-04-24T18:58:06.513+0000] {processor.py:183} INFO - Processing /opt/airflow/dags/sales_pipeline_dag.py took 1.505 seconds
[2026-04-24T18:58:36.832+0000] {processor.py:161} INFO - Started process (PID=2310) to work on /opt/airflow/dags/sales_pipeline_dag.py
[2026-04-24T18:58:36.834+0000] {processor.py:830} INFO - Processing file /opt/airflow/dags/sales_pipeline_dag.py for tasks to queue
[2026-04-24T18:58:36.836+0000] {logging_mixin.py:188} INFO - [2026-04-24T18:58:36.835+0000] {dagbag.py:538} INFO - Filling up the DagBag from /opt/airflow/dags/sales_pipeline_dag.py
[2026-04-24T18:58:38.054+0000] {processor.py:840} INFO - DAG(s) 'sales_pipeline' retrieved from /opt/airflow/dags/sales_pipeline_dag.py
[2026-04-24T18:58:38.112+0000] {logging_mixin.py:188} INFO - [2026-04-24T18:58:38.111+0000] {dag.py:3036} INFO - Sync 1 DAGs
[2026-04-24T18:58:38.144+0000] {logging_mixin.py:188} INFO - [2026-04-24T18:58:38.144+0000] {dag.py:3823} INFO - Setting next_dagrun for sales_pipeline to 2026-04-24 00:00:00+00:00, run_after=2026-04-25 00:00:00+00:00
[2026-04-24T18:58:38.181+0000] {processor.py:183} INFO - Processing /opt/airflow/dags/sales_pipeline_dag.py took 1.354 seconds
[2026-04-24T18:59:08.390+0000] {processor.py:161} INFO - Started process (PID=2321) to work on /opt/airflow/dags/sales_pipeline_dag.py
[2026-04-24T18:59:08.393+0000] {processor.py:830} INFO - Processing file /opt/airflow/dags/sales_pipeline_dag.py for tasks to queue
[2026-04-24T18:59:08.395+0000] {logging_mixin.py:188} INFO - [2026-04-24T18:59:08.394+0000] {dagbag.py:538} INFO - Filling up the DagBag from /opt/airflow/dags/sales_pipeline_dag.py
[2026-04-24T18:59:09.616+0000] {processor.py:840} INFO - DAG(s) 'sales_pipeline' retrieved from /opt/airflow/dags/sales_pipeline_dag.py
[2026-04-24T18:59:09.662+0000] {logging_mixin.py:188} INFO - [2026-04-24T18:59:09.661+0000] {dag.py:3036} INFO - Sync 1 DAGs
[2026-04-24T18:59:09.705+0000] {logging_mixin.py:188} INFO - [2026-04-24T18:59:09.704+0000] {dag.py:3823} INFO - Setting next_dagrun for sales_pipeline to 2026-04-24 00:00:00+00:00, run_after=2026-04-25 00:00:00+00:00
[2026-04-24T18:59:09.751+0000] {processor.py:183} INFO - Processing /opt/airflow/dags/sales_pipeline_dag.py took 1.368 seconds
[2026-04-24T18:59:40.263+0000] {processor.py:161} INFO - Started process (PID=2332) to work on /opt/airflow/dags/sales_pipeline_dag.py
[2026-04-24T18:59:40.266+0000] {processor.py:830} INFO - Processing file /opt/airflow/dags/sales_pipeline_dag.py for tasks to queue
[2026-04-24T18:59:40.269+0000] {logging_mixin.py:188} INFO - [2026-04-24T18:59:40.268+0000] {dagbag.py:538} INFO - Filling up the DagBag from /opt/airflow/dags/sales_pipeline_dag.py
[2026-04-24T18:59:41.549+0000] {processor.py:840} INFO - DAG(s) 'sales_pipeline' retrieved from /opt/airflow/dags/sales_pipeline_dag.py
[2026-04-24T18:59:41.604+0000] {logging_mixin.py:188} INFO - [2026-04-24T18:59:41.603+0000] {dag.py:3036} INFO - Sync 1 DAGs
[2026-04-24T18:59:41.651+0000] {logging_mixin.py:188} INFO - [2026-04-24T18:59:41.651+0000] {dag.py:3823} INFO - Setting next_dagrun for sales_pipeline to 2026-04-24 00:00:00+00:00, run_after=2026-04-25 00:00:00+00:00
[2026-04-24T18:59:41.698+0000] {processor.py:183} INFO - Processing /opt/airflow/dags/sales_pipeline_dag.py took 1.442 seconds
[2026-04-24T19:00:12.021+0000] {processor.py:161} INFO - Started process (PID=2343) to work on /opt/airflow/dags/sales_pipeline_dag.py
[2026-04-24T19:00:12.023+0000] {processor.py:830} INFO - Processing file /opt/airflow/dags/sales_pipeline_dag.py for tasks to queue
[2026-04-24T19:00:12.025+0000] {logging_mixin.py:188} INFO - [2026-04-24T19:00:12.025+0000] {dagbag.py:538} INFO - Filling up the DagBag from /opt/airflow/dags/sales_pipeline_dag.py
[2026-04-24T19:00:13.242+0000] {processor.py:840} INFO - DAG(s) 'sales_pipeline' retrieved from /opt/airflow/dags/sales_pipeline_dag.py
[2026-04-24T19:00:13.296+0000] {logging_mixin.py:188} INFO - [2026-04-24T19:00:13.295+0000] {dag.py:3036} INFO - Sync 1 DAGs
[2026-04-24T19:00:13.342+0000] {logging_mixin.py:188} INFO - [2026-04-24T19:00:13.341+0000] {dag.py:3823} INFO - Setting next_dagrun for sales_pipeline to 2026-04-24 00:00:00+00:00, run_after=2026-04-25 00:00:00+00:00
[2026-04-24T19:00:13.389+0000] {processor.py:183} INFO - Processing /opt/airflow/dags/sales_pipeline_dag.py took 1.374 seconds
[2026-04-24T19:00:43.655+0000] {processor.py:161} INFO - Started process (PID=2354) to work on /opt/airflow/dags/sales_pipeline_dag.py
[2026-04-24T19:00:43.674+0000] {processor.py:830} INFO - Processing file /opt/airflow/dags/sales_pipeline_dag.py for tasks to queue
[2026-04-24T19:00:43.677+0000] {logging_mixin.py:188} INFO - [2026-04-24T19:00:43.677+0000] {dagbag.py:538} INFO - Filling up the DagBag from /opt/airflow/dags/sales_pipeline_dag.py
[2026-04-24T19:00:48.971+0000] {processor.py:840} INFO - DAG(s) 'sales_pipeline' retrieved from /opt/airflow/dags/sales_pipeline_dag.py
[2026-04-24T19:00:49.133+0000] {logging_mixin.py:188} INFO - [2026-04-24T19:00:49.115+0000] {dag.py:3036} INFO - Sync 1 DAGs
[2026-04-24T19:00:49.246+0000] {logging_mixin.py:188} INFO - [2026-04-24T19:00:49.245+0000] {dag.py:3823} INFO - Setting next_dagrun for sales_pipeline to 2026-04-24 00:00:00+00:00, run_after=2026-04-25 00:00:00+00:00
[2026-04-24T19:00:49.371+0000] {processor.py:183} INFO - Processing /opt/airflow/dags/sales_pipeline_dag.py took 5.736 seconds
[2026-04-24T19:01:19.778+0000] {processor.py:161} INFO - Started process (PID=2365) to work on /opt/airflow/dags/sales_pipeline_dag.py
[2026-04-24T19:01:19.781+0000] {processor.py:830} INFO - Processing file /opt/airflow/dags/sales_pipeline_dag.py for tasks to queue
[2026-04-24T19:01:19.785+0000] {logging_mixin.py:188} INFO - [2026-04-24T19:01:19.785+0000] {dagbag.py:538} INFO - Filling up the DagBag from /opt/airflow/dags/sales_pipeline_dag.py
[2026-04-24T19:01:19.007+0000] {processor.py:840} INFO - DAG(s) 'sales_pipeline' retrieved from /opt/airflow/dags/sales_pipeline_dag.py
[2026-04-24T19:01:19.075+0000] {logging_mixin.py:188} INFO - [2026-04-24T19:01:19.074+0000] {dag.py:3036} INFO - Sync 1 DAGs
[2026-04-24T19:01:19.141+0000] {logging_mixin.py:188} INFO - [2026-04-24T19:01:19.138+0000] {dag.py:3823} INFO - Setting next_dagrun for sales_pipeline to 2026-04-24 00:00:00+00:00, run_after=2026-04-25 00:00:00+00:00
[2026-04-24T19:01:19.214+0000] {processor.py:183} INFO - Processing /opt/airflow/dags/sales_pipeline_dag.py took 1.958 seconds
[2026-04-24T19:01:49.444+0000] {processor.py:161} INFO - Started process (PID=2376) to work on /opt/airflow/dags/sales_pipeline_dag.py
[2026-04-24T19:01:49.448+0000] {processor.py:830} INFO - Processing file /opt/airflow/dags/sales_pipeline_dag.py for tasks to queue
[2026-04-24T19:01:49.453+0000] {logging_mixin.py:188} INFO - [2026-04-24T19:01:49.452+0000] {dagbag.py:538} INFO - Filling up the DagBag from /opt/airflow/dags/sales_pipeline_dag.py
[2026-04-24T19:01:50.995+0000] {processor.py:840} INFO - DAG(s) 'sales_pipeline' retrieved from /opt/airflow/dags/sales_pipeline_dag.py
[2026-04-24T19:01:51.059+0000] {logging_mixin.py:188} INFO - [2026-04-24T19:01:51.058+0000] {dag.py:3036} INFO - Sync 1 DAGs
[2026-04-24T19:01:51.115+0000] {logging_mixin.py:188} INFO - [2026-04-24T19:01:51.115+0000] {dag.py:3823} INFO - Setting next_dagrun for sales_pipeline to 2026-04-24 00:00:00+00:00, run_after=2026-04-25 00:00:00+00:00
[2026-04-24T19:01:51.196+0000] {processor.py:183} INFO - Processing /opt/airflow/dags/sales_pipeline_dag.py took 1.758 seconds
[2026-04-24T19:02:21.399+0000] {processor.py:161} INFO - Started process (PID=2387) to work on /opt/airflow/dags/sales_pipeline_dag.py
[2026-04-24T19:02:21.401+0000] {processor.py:830} INFO - Processing file /opt/airflow/dags/sales_pipeline_dag.py for tasks to queue
[2026-04-24T19:02:21.403+0000] {logging_mixin.py:188} INFO - [2026-04-24T19:02:21.403+0000] {dagbag.py:538} INFO - Filling up the DagBag from /opt/airflow/dags/sales_pipeline_dag.py
[2026-04-24T19:02:22.667+0000] {processor.py:840} INFO - DAG(s) 'sales_pipeline' retrieved from /opt/airflow/dags/sales_pipeline_dag.py
[2026-04-24T19:02:22.718+0000] {logging_mixin.py:188} INFO - [2026-04-24T19:02:22.717+0000] {dag.py:3036} INFO - Sync 1 DAGs
[2026-04-24T19:02:22.764+0000] {logging_mixin.py:188} INFO - [2026-04-24T19:02:22.764+0000] {dag.py:3823} INFO - Setting next_dagrun for sales_pipeline to 2026-04-24 00:00:00+00:00, run_after=2026-04-25 00:00:00+00:00
[2026-04-24T19:02:22.811+0000] {processor.py:183} INFO - Processing /opt/airflow/dags/sales_pipeline_dag.py took 1.418 seconds
[2026-04-24T19:02:53.053+0000] {processor.py:161} INFO - Started process (PID=2398) to work on /opt/airflow/dags/sales_pipeline_dag.py
[2026-04-24T19:02:53.057+0000] {processor.py:830} INFO - Processing file /opt/airflow/dags/sales_pipeline_dag.py for tasks to queue
[2026-04-24T19:02:53.059+0000] {logging_mixin.py:188} INFO - [2026-04-24T19:02:53.059+0000] {dagbag.py:538} INFO - Filling up the DagBag from /opt/airflow/dags/sales_pipeline_dag.py
[2026-04-24T19:02:54.519+0000] {processor.py:840} INFO - DAG(s) 'sales_pipeline' retrieved from /opt/airflow/dags/sales_pipeline_dag.py
[2026-04-24T19:02:54.588+0000] {logging_mixin.py:188} INFO - [2026-04-24T19:02:54.586+0000] {dag.py:3036} INFO - Sync 1 DAGs
[2026-04-24T19:02:54.649+0000] {logging_mixin.py:188} INFO - [2026-04-24T19:02:54.648+0000] {dag.py:3823} INFO - Setting next_dagrun for sales_pipeline to 2026-04-24 00:00:00+00:00, run_after=2026-04-25 00:00:00+00:00
[2026-04-24T19:02:54.700+0000] {processor.py:183} INFO - Processing /opt/airflow/dags/sales_pipeline_dag.py took 1.652 seconds
[2026-04-24T19:03:25.152+0000] {processor.py:161} INFO - Started process (PID=2409) to work on /opt/airflow/dags/sales_pipeline_dag.py
[2026-04-24T19:03:25.156+0000] {processor.py:830} INFO - Processing file /opt/airflow/dags/sales_pipeline_dag.py for tasks to queue
[2026-04-24T19:03:25.159+0000] {logging_mixin.py:188} INFO - [2026-04-24T19:03:25.158+0000] {dagbag.py:538} INFO - Filling up the DagBag from /opt/airflow/dags/sales_pipeline_dag.py
[2026-04-24T19:03:26.916+0000] {processor.py:840} INFO - DAG(s) 'sales_pipeline' retrieved from /opt/airflow/dags/sales_pipeline_dag.py
[2026-04-24T19:03:27.001+0000] {logging_mixin.py:188} INFO - [2026-04-24T19:03:27.000+0000] {dag.py:3036} INFO - Sync 1 DAGs
[2026-04-24T19:03:27.085+0000] {logging_mixin.py:188} INFO - [2026-04-24T19:03:27.084+0000] {dag.py:3823} INFO - Setting next_dagrun for sales_pipeline to 2026-04-24 00:00:00+00:00, run_after=2026-04-25 00:00:00+00:00
[2026-04-24T19:03:27.161+0000] {processor.py:183} INFO - Processing /opt/airflow/dags/sales_pipeline_dag.py took 2.015 seconds
[2026-04-24T19:03:57.552+0000] {processor.py:161} INFO - Started process (PID=2420) to work on /opt/airflow/dags/sales_pipeline_dag.py
[2026-04-24T19:03:57.555+0000] {processor.py:830} INFO - Processing file /opt/airflow/dags/sales_pipeline_dag.py for tasks to queue
[2026-04-24T19:03:57.557+0000] {logging_mixin.py:188} INFO - [2026-04-24T19:03:57.557+0000] {dagbag.py:538} INFO - Filling up the DagBag from /opt/airflow/dags/sales_pipeline_dag.py
[2026-04-24T19:03:58.778+0000] {processor.py:840} INFO - DAG(s) 'sales_pipeline' retrieved from /opt/airflow/dags/sales_pipeline_dag.py
[2026-04-24T19:03:58.828+0000] {logging_mixin.py:188} INFO - [2026-04-24T19:03:58.828+0000] {dag.py:3036} INFO - Sync 1 DAGs
[2026-04-24T19:03:58.881+0000] {logging_mixin.py:188} INFO - [2026-04-24T19:03:58.881+0000] {dag.py:3823} INFO - Setting next_dagrun for sales_pipeline to 2026-04-24 00:00:00+00:00, run_after=2026-04-25 00:00:00+00:00
[2026-04-24T19:03:58.932+0000] {processor.py:183} INFO - Processing /opt/airflow/dags/sales_pipeline_dag.py took 1.385 seconds
[2026-04-24T19:04:29.252+0000] {processor.py:161} INFO - Started process (PID=2431) to work on /opt/airflow/dags/sales_pipeline_dag.py
[2026-04-24T19:04:29.256+0000] {processor.py:830} INFO - Processing file /opt/airflow/dags/sales_pipeline_dag.py for tasks to queue
[2026-04-24T19:04:29.259+0000] {logging_mixin.py:188} INFO - [2026-04-24T19:04:29.258+0000] {dagbag.py:538} INFO - Filling up the DagBag from /opt/airflow/dags/sales_pipeline_dag.py
[2026-04-24T19:04:30.564+0000] {processor.py:840} INFO - DAG(s) 'sales_pipeline' retrieved from /opt/airflow/dags/sales_pipeline_dag.py
[2026-04-24T19:04:30.630+0000] {logging_mixin.py:188} INFO - [2026-04-24T19:04:30.629+0000] {dag.py:3036} INFO - Sync 1 DAGs
[2026-04-24T19:04:30.692+0000] {logging_mixin.py:188} INFO - [2026-04-24T19:04:30.692+0000] {dag.py:3823} INFO - Setting next_dagrun for sales_pipeline to 2026-04-24 00:00:00+00:00, run_after=2026-04-25 00:00:00+00:00
[2026-04-24T19:04:30.752+0000] {processor.py:183} INFO - Processing /opt/airflow/dags/sales_pipeline_dag.py took 1.511 seconds
[2026-04-24T19:05:01.060+0000] {processor.py:161} INFO - Started process (PID=2442) to work on /opt/airflow/dags/sales_pipeline_dag.py
[2026-04-24T19:05:01.064+0000] {processor.py:830} INFO - Processing file /opt/airflow/dags/sales_pipeline_dag.py for tasks to queue
[2026-04-24T19:05:01.065+0000] {logging_mixin.py:188} INFO - [2026-04-24T19:05:01.065+0000] {dagbag.py:538} INFO - Filling up the DagBag from /opt/airflow/dags/sales_pipeline_dag.py
[2026-04-24T19:05:02.511+0000] {processor.py:840} INFO - DAG(s) 'sales_pipeline' retrieved from /opt/airflow/dags/sales_pipeline_dag.py
[2026-04-24T19:05:02.566+0000] {logging_mixin.py:188} INFO - [2026-04-24T19:05:02.565+0000] {dag.py:3036} INFO - Sync 1 DAGs
[2026-04-24T19:05:02.626+0000] {logging_mixin.py:188} INFO - [2026-04-24T19:05:02.626+0000] {dag.py:3823} INFO - Setting next_dagrun for sales_pipeline to 2026-04-24 00:00:00+00:00, run_after=2026-04-25 00:00:00+00:00
[2026-04-24T19:05:02.674+0000] {processor.py:183} INFO - Processing /opt/airflow/dags/sales_pipeline_dag.py took 1.618 seconds
[2026-04-24T19:05:33.528+0000] {processor.py:161} INFO - Started process (PID=2453) to work on /opt/airflow/dags/sales_pipeline_dag.py
[2026-04-24T19:05:33.530+0000] {processor.py:830} INFO - Processing file /opt/airflow/dags/sales_pipeline_dag.py for tasks to queue
[2026-04-24T19:05:33.535+0000] {logging_mixin.py:188} INFO - [2026-04-24T19:05:33.534+0000] {dagbag.py:538} INFO - Filling up the DagBag from /opt/airflow/dags/sales_pipeline_dag.py
[2026-04-24T19:05:35.135+0000] {processor.py:840} INFO - DAG(s) 'sales_pipeline' retrieved from /opt/airflow/dags/sales_pipeline_dag.py
[2026-04-24T19:05:35.220+0000] {logging_mixin.py:188} INFO - [2026-04-24T19:05:35.215+0000] {dag.py:3036} INFO - Sync 1 DAGs
[2026-04-24T19:05:35.307+0000] {logging_mixin.py:188} INFO - [2026-04-24T19:05:35.306+0000] {dag.py:3823} INFO - Setting next_dagrun for sales_pipeline to 2026-04-24 00:00:00+00:00, run_after=2026-04-25 00:00:00+00:00
[2026-04-24T19:05:35.378+0000] {processor.py:183} INFO - Processing /opt/airflow/dags/sales_pipeline_dag.py took 1.857 seconds
[2026-04-24T19:06:08.093+0000] {processor.py:161} INFO - Started process (PID=2464) to work on /opt/airflow/dags/sales_pipeline_dag.py
[2026-04-24T19:06:08.098+0000] {processor.py:830} INFO - Processing file /opt/airflow/dags/sales_pipeline_dag.py for tasks to queue
[2026-04-24T19:06:08.101+0000] {logging_mixin.py:188} INFO - [2026-04-24T19:06:08.100+0000] {dagbag.py:538} INFO - Filling up the DagBag from /opt/airflow/dags/sales_pipeline_dag.py
[2026-04-24T19:06:09.803+0000] {processor.py:840} INFO - DAG(s) 'sales_pipeline' retrieved from /opt/airflow/dags/sales_pipeline_dag.py
[2026-04-24T19:06:09.873+0000] {logging_mixin.py:188} INFO - [2026-04-24T19:06:09.872+0000] {dag.py:3036} INFO - Sync 1 DAGs
[2026-04-24T19:06:09.920+0000] {logging_mixin.py:188} INFO - [2026-04-24T19:06:09.920+0000] {dag.py:3823} INFO - Setting next_dagrun for sales_pipeline to 2026-04-24 00:00:00+00:00, run_after=2026-04-25 00:00:00+00:00
[2026-04-24T19:06:09.966+0000] {processor.py:183} INFO - Processing /opt/airflow/dags/sales_pipeline_dag.py took 1.885 seconds
[2026-04-24T19:06:40.281+0000] {processor.py:161} INFO - Started process (PID=2475) to work on /opt/airflow/dags/sales_pipeline_dag.py
[2026-04-24T19:06:40.287+0000] {processor.py:830} INFO - Processing file /opt/airflow/dags/sales_pipeline_dag.py for tasks to queue
[2026-04-24T19:06:40.290+0000] {logging_mixin.py:188} INFO - [2026-04-24T19:06:40.289+0000] {dagbag.py:538} INFO - Filling up the DagBag from /opt/airflow/dags/sales_pipeline_dag.py
[2026-04-24T19:06:41.767+0000] {processor.py:840} INFO - DAG(s) 'sales_pipeline' retrieved from /opt/airflow/dags/sales_pipeline_dag.py
[2026-04-24T19:06:41.847+0000] {logging_mixin.py:188} INFO - [2026-04-24T19:06:41.846+0000] {dag.py:3036} INFO - Sync 1 DAGs
[2026-04-24T19:06:41.907+0000] {logging_mixin.py:188} INFO - [2026-04-24T19:06:41.906+0000] {dag.py:3823} INFO - Setting next_dagrun for sales_pipeline to 2026-04-24 00:00:00+00:00, run_after=2026-04-25 00:00:00+00:00
[2026-04-24T19:06:41.955+0000] {processor.py:183} INFO - Processing /opt/airflow/dags/sales_pipeline_dag.py took 1.684 seconds
[2026-04-24T19:07:12.657+0000] {processor.py:161} INFO - Started process (PID=2486) to work on /opt/airflow/dags/sales_pipeline_dag.py
[2026-04-24T19:07:12.662+0000] {processor.py:830} INFO - Processing file /opt/airflow/dags/sales_pipeline_dag.py for tasks to queue
[2026-04-24T19:07:12.665+0000] {logging_mixin.py:188} INFO - [2026-04-24T19:07:12.664+0000] {dagbag.py:538} INFO - Filling up the DagBag from /opt/airflow/dags/sales_pipeline_dag.py
[2026-04-24T19:07:14.596+0000] {processor.py:840} INFO - DAG(s) 'sales_pipeline' retrieved from /opt/airflow/dags/sales_pipeline_dag.py
[2026-04-24T19:07:14.664+0000] {logging_mixin.py:188} INFO - [2026-04-24T19:07:14.663+0000] {dag.py:3036} INFO - Sync 1 DAGs
[2026-04-24T19:07:14.726+0000] {logging_mixin.py:188} INFO - [2026-04-24T19:07:14.725+0000] {dag.py:3823} INFO - Setting next_dagrun for sales_pipeline to 2026-04-24 00:00:00+00:00, run_after=2026-04-25 00:00:00+00:00
[2026-04-24T19:07:14.792+0000] {processor.py:183} INFO - Processing /opt/airflow/dags/sales_pipeline_dag.py took 2.145 seconds
[2026-04-24T19:07:44.958+0000] {processor.py:161} INFO - Started process (PID=2500) to work on /opt/airflow/dags/sales_pipeline_dag.py
[2026-04-24T19:07:44.965+0000] {processor.py:830} INFO - Processing file /opt/airflow/dags/sales_pipeline_dag.py for tasks to queue
[2026-04-24T19:07:44.978+0000] {logging_mixin.py:188} INFO - [2026-04-24T19:07:44.976+0000] {dagbag.py:538} INFO - Filling up the DagBag from /opt/airflow/dags/sales_pipeline_dag.py
[2026-04-24T19:07:44.132+0000] {processor.py:840} INFO - DAG(s) 'sales_pipeline' retrieved from /opt/airflow/dags/sales_pipeline_dag.py
[2026-04-24T19:07:44.220+0000] {logging_mixin.py:188} INFO - [2026-04-24T19:07:44.218+0000] {dag.py:3036} INFO - Sync 1 DAGs
[2026-04-24T19:07:44.308+0000] {logging_mixin.py:188} INFO - [2026-04-24T19:07:44.308+0000] {dag.py:3823} INFO - Setting next_dagrun for sales_pipeline to 2026-04-24 00:00:00+00:00, run_after=2026-04-25 00:00:00+00:00
[2026-04-24T19:07:44.392+0000] {processor.py:183} INFO - Processing /opt/airflow/dags/sales_pipeline_dag.py took 1.962 seconds
[2026-04-24T19:08:14.970+0000] {processor.py:161} INFO - Started process (PID=2508) to work on /opt/airflow/dags/sales_pipeline_dag.py
[2026-04-24T19:08:14.976+0000] {processor.py:830} INFO - Processing file /opt/airflow/dags/sales_pipeline_dag.py for tasks to queue
[2026-04-24T19:08:14.979+0000] {logging_mixin.py:188} INFO - [2026-04-24T19:08:14.978+0000] {dagbag.py:538} INFO - Filling up the DagBag from /opt/airflow/dags/sales_pipeline_dag.py
[2026-04-24T19:08:16.889+0000] {processor.py:840} INFO - DAG(s) 'sales_pipeline' retrieved from /opt/airflow/dags/sales_pipeline_dag.py
[2026-04-24T19:08:16.956+0000] {logging_mixin.py:188} INFO - [2026-04-24T19:08:16.950+0000] {dag.py:3036} INFO - Sync 1 DAGs
[2026-04-24T19:08:17.001+0000] {logging_mixin.py:188} INFO - [2026-04-24T19:08:17.000+0000] {dag.py:3823} INFO - Setting next_dagrun for sales_pipeline to 2026-04-24 00:00:00+00:00, run_after=2026-04-25 00:00:00+00:00
[2026-04-24T19:08:17.064+0000] {processor.py:183} INFO - Processing /opt/airflow/dags/sales_pipeline_dag.py took 2.110 seconds
[2026-04-24T19:08:47.395+0000] {processor.py:161} INFO - Started process (PID=2522) to work on /opt/airflow/dags/sales_pipeline_dag.py
[2026-04-24T19:08:47.397+0000] {processor.py:830} INFO - Processing file /opt/airflow/dags/sales_pipeline_dag.py for tasks to queue
[2026-04-24T19:08:47.398+0000] {logging_mixin.py:188} INFO - [2026-04-24T19:08:47.398+0000] {dagbag.py:538} INFO - Filling up the DagBag from /opt/airflow/dags/sales_pipeline_dag.py
[2026-04-24T19:08:49.049+0000] {processor.py:840} INFO - DAG(s) 'sales_pipeline' retrieved from /opt/airflow/dags/sales_pipeline_dag.py
[2026-04-24T19:08:49.125+0000] {logging_mixin.py:188} INFO - [2026-04-24T19:08:49.124+0000] {dag.py:3036} INFO - Sync 1 DAGs
[2026-04-24T19:08:49.184+0000] {logging_mixin.py:188} INFO - [2026-04-24T19:08:49.184+0000] {dag.py:3823} INFO - Setting next_dagrun for sales_pipeline to 2026-04-24 00:00:00+00:00, run_after=2026-04-25 00:00:00+00:00
[2026-04-24T19:08:49.243+0000] {processor.py:183} INFO - Processing /opt/airflow/dags/sales_pipeline_dag.py took 1.854 seconds
[2026-04-24T19:09:19.470+0000] {processor.py:161} INFO - Started process (PID=2535) to work on /opt/airflow/dags/sales_pipeline_dag.py
[2026-04-24T19:09:19.472+0000] {processor.py:830} INFO - Processing file /opt/airflow/dags/sales_pipeline_dag.py for tasks to queue
[2026-04-24T19:09:19.476+0000] {logging_mixin.py:188} INFO - [2026-04-24T19:09:19.473+0000] {dagbag.py:538} INFO - Filling up the DagBag from /opt/airflow/dags/sales_pipeline_dag.py
[2026-04-24T19:09:20.990+0000] {processor.py:840} INFO - DAG(s) 'sales_pipeline' retrieved from /opt/airflow/dags/sales_pipeline_dag.py
[2026-04-24T19:09:21.044+0000] {logging_mixin.py:188} INFO - [2026-04-24T19:09:21.043+0000] {dag.py:3036} INFO - Sync 1 DAGs
[2026-04-24T19:09:21.091+0000] {logging_mixin.py:188} INFO - [2026-04-24T19:09:21.091+0000] {dag.py:3823} INFO - Setting next_dagrun for sales_pipeline to 2026-04-24 00:00:00+00:00, run_after=2026-04-25 00:00:00+00:00
[2026-04-24T19:09:21.140+0000] {processor.py:183} INFO - Processing /opt/airflow/dags/sales_pipeline_dag.py took 1.678 seconds
[2026-04-24T19:09:51.310+0000] {processor.py:161} INFO - Started process (PID=2546) to work on /opt/airflow/dags/sales_pipeline_dag.py
[2026-04-24T19:09:51.315+0000] {processor.py:830} INFO - Processing file /opt/airflow/dags/sales_pipeline_dag.py for tasks to queue
[2026-04-24T19:09:51.317+0000] {logging_mixin.py:188} INFO - [2026-04-24T19:09:51.316+0000] {dagbag.py:538} INFO - Filling up the DagBag from /opt/airflow/dags/sales_pipeline_dag.py
[2026-04-24T19:09:52.714+0000] {processor.py:840} INFO - DAG(s) 'sales_pipeline' retrieved from /opt/airflow/dags/sales_pipeline_dag.py
[2026-04-24T19:09:52.777+0000] {logging_mixin.py:188} INFO - [2026-04-24T19:09:52.776+0000] {dag.py:3036} INFO - Sync 1 DAGs
[2026-04-24T19:09:52.834+0000] {logging_mixin.py:188} INFO - [2026-04-24T19:09:52.834+0000] {dag.py:3823} INFO - Setting next_dagrun for sales_pipeline to 2026-04-24 00:00:00+00:00, run_after=2026-04-25 00:00:00+00:00
[2026-04-24T19:09:52.879+0000] {processor.py:183} INFO - Processing /opt/airflow/dags/sales_pipeline_dag.py took 1.580 seconds
[2026-04-24T19:10:23.106+0000] {processor.py:161} INFO - Started process (PID=2557) to work on /opt/airflow/dags/sales_pipeline_dag.py
[2026-04-24T19:10:23.108+0000] {processor.py:830} INFO - Processing file /opt/airflow/dags/sales_pipeline_dag.py for tasks to queue
[2026-04-24T19:10:23.110+0000] {logging_mixin.py:188} INFO - [2026-04-24T19:10:23.110+0000] {dagbag.py:538} INFO - Filling up the DagBag from /opt/airflow/dags/sales_pipeline_dag.py
[2026-04-24T19:10:24.708+0000] {processor.py:840} INFO - DAG(s) 'sales_pipeline' retrieved from /opt/airflow/dags/sales_pipeline_dag.py
[2026-04-24T19:10:24.778+0000] {logging_mixin.py:188} INFO - [2026-04-24T19:10:24.777+0000] {dag.py:3036} INFO - Sync 1 DAGs
[2026-04-24T19:10:24.852+0000] {logging_mixin.py:188} INFO - [2026-04-24T19:10:24.851+0000] {dag.py:3823} INFO - Setting next_dagrun for sales_pipeline to 2026-04-24 00:00:00+00:00, run_after=2026-04-25 00:00:00+00:00
[2026-04-24T19:10:24.921+0000] {processor.py:183} INFO - Processing /opt/airflow/dags/sales_pipeline_dag.py took 1.823 seconds
[2026-04-24T19:10:55.511+0000] {processor.py:161} INFO - Started process (PID=2568) to work on /opt/airflow/dags/sales_pipeline_dag.py
[2026-04-24T19:10:55.513+0000] {processor.py:830} INFO - Processing file /opt/airflow/dags/sales_pipeline_dag.py for tasks to queue
[2026-04-24T19:10:55.519+0000] {logging_mixin.py:188} INFO - [2026-04-24T19:10:55.519+0000] {dagbag.py:538} INFO - Filling up the DagBag from /opt/airflow/dags/sales_pipeline_dag.py
[2026-04-24T19:10:57.428+0000] {processor.py:840} INFO - DAG(s) 'sales_pipeline' retrieved from /opt/airflow/dags/sales_pipeline_dag.py
[2026-04-24T19:10:57.522+0000] {logging_mixin.py:188} INFO - [2026-04-24T19:10:57.520+0000] {dag.py:3036} INFO - Sync 1 DAGs
[2026-04-24T19:10:57.604+0000] {logging_mixin.py:188} INFO - [2026-04-24T19:10:57.604+0000] {dag.py:3823} INFO - Setting next_dagrun for sales_pipeline to 2026-04-24 00:00:00+00:00, run_after=2026-04-25 00:00:00+00:00
[2026-04-24T19:10:57.659+0000] {processor.py:183} INFO - Processing /opt/airflow/dags/sales_pipeline_dag.py took 2.157 seconds
[2026-04-24T19:11:28.410+0000] {processor.py:161} INFO - Started process (PID=2579) to work on /opt/airflow/dags/sales_pipeline_dag.py
[2026-04-24T19:11:28.416+0000] {processor.py:830} INFO - Processing file /opt/airflow/dags/sales_pipeline_dag.py for tasks to queue
[2026-04-24T19:11:28.420+0000] {logging_mixin.py:188} INFO - [2026-04-24T19:11:28.420+0000] {dagbag.py:538} INFO - Filling up the DagBag from /opt/airflow/dags/sales_pipeline_dag.py
[2026-04-24T19:11:30.151+0000] {processor.py:840} INFO - DAG(s) 'sales_pipeline' retrieved from /opt/airflow/dags/sales_pipeline_dag.py
[2026-04-24T19:11:30.208+0000] {logging_mixin.py:188} INFO - [2026-04-24T19:11:30.207+0000] {dag.py:3036} INFO - Sync 1 DAGs
[2026-04-24T19:11:30.266+0000] {logging_mixin.py:188} INFO - [2026-04-24T19:11:30.266+0000] {dag.py:3823} INFO - Setting next_dagrun for sales_pipeline to 2026-04-24 00:00:00+00:00, run_after=2026-04-25 00:00:00+00:00
[2026-04-24T19:11:30.317+0000] {processor.py:183} INFO - Processing /opt/airflow/dags/sales_pipeline_dag.py took 1.918 seconds
[2026-04-24T19:12:00.932+0000] {processor.py:161} INFO - Started process (PID=2590) to work on /opt/airflow/dags/sales_pipeline_dag.py
[2026-04-24T19:12:00.937+0000] {processor.py:830} INFO - Processing file /opt/airflow/dags/sales_pipeline_dag.py for tasks to queue
[2026-04-24T19:12:00.939+0000] {logging_mixin.py:188} INFO - [2026-04-24T19:12:00.939+0000] {dagbag.py:538} INFO - Filling up the DagBag from /opt/airflow/dags/sales_pipeline_dag.py
[2026-04-24T19:12:02.638+0000] {processor.py:840} INFO - DAG(s) 'sales_pipeline' retrieved from /opt/airflow/dags/sales_pipeline_dag.py
[2026-04-24T19:12:02.718+0000] {logging_mixin.py:188} INFO - [2026-04-24T19:12:02.713+0000] {dag.py:3036} INFO - Sync 1 DAGs
[2026-04-24T19:12:02.788+0000] {logging_mixin.py:188} INFO - [2026-04-24T19:12:02.784+0000] {dag.py:3823} INFO - Setting next_dagrun for sales_pipeline to 2026-04-24 00:00:00+00:00, run_after=2026-04-25 00:00:00+00:00
[2026-04-24T19:12:02.849+0000] {processor.py:183} INFO - Processing /opt/airflow/dags/sales_pipeline_dag.py took 1.925 seconds
[2026-04-24T19:12:33.475+0000] {processor.py:161} INFO - Started process (PID=2601) to work on /opt/airflow/dags/sales_pipeline_dag.py
[2026-04-24T19:12:33.481+0000] {processor.py:830} INFO - Processing file /opt/airflow/dags/sales_pipeline_dag.py for tasks to queue
[2026-04-24T19:12:33.483+0000] {logging_mixin.py:188} INFO - [2026-04-24T19:12:33.483+0000] {dagbag.py:538} INFO - Filling up the DagBag from /opt/airflow/dags/sales_pipeline_dag.py
[2026-04-24T19:12:35.055+0000] {processor.py:840} INFO - DAG(s) 'sales_pipeline' retrieved from /opt/airflow/dags/sales_pipeline_dag.py
[2026-04-24T19:12:35.122+0000] {logging_mixin.py:188} INFO - [2026-04-24T19:12:35.122+0000] {dag.py:3036} INFO - Sync 1 DAGs
[2026-04-24T19:12:35.174+0000] {logging_mixin.py:188} INFO - [2026-04-24T19:12:35.174+0000] {dag.py:3823} INFO - Setting next_dagrun for sales_pipeline to 2026-04-24 00:00:00+00:00, run_after=2026-04-25 00:00:00+00:00
[2026-04-24T19:12:35.231+0000] {processor.py:183} INFO - Processing /opt/airflow/dags/sales_pipeline_dag.py took 1.764 seconds
[2026-04-24T19:13:05.921+0000] {processor.py:161} INFO - Started process (PID=2612) to work on /opt/airflow/dags/sales_pipeline_dag.py
[2026-04-24T19:13:05.923+0000] {processor.py:830} INFO - Processing file /opt/airflow/dags/sales_pipeline_dag.py for tasks to queue
[2026-04-24T19:13:05.926+0000] {logging_mixin.py:188} INFO - [2026-04-24T19:13:05.925+0000] {dagbag.py:538} INFO - Filling up the DagBag from /opt/airflow/dags/sales_pipeline_dag.py
[2026-04-24T19:13:08.533+0000] {processor.py:840} INFO - DAG(s) 'sales_pipeline' retrieved from /opt/airflow/dags/sales_pipeline_dag.py
[2026-04-24T19:13:08.627+0000] {logging_mixin.py:188} INFO - [2026-04-24T19:13:08.622+0000] {dag.py:3036} INFO - Sync 1 DAGs
[2026-04-24T19:13:08.707+0000] {logging_mixin.py:188} INFO - [2026-04-24T19:13:08.707+0000] {dag.py:3823} INFO - Setting next_dagrun for sales_pipeline to 2026-04-24 00:00:00+00:00, run_after=2026-04-25 00:00:00+00:00
[2026-04-24T19:13:08.774+0000] {processor.py:183} INFO - Processing /opt/airflow/dags/sales_pipeline_dag.py took 2.862 seconds
[2026-04-24T19:13:39.009+0000] {processor.py:161} INFO - Started process (PID=2623) to work on /opt/airflow/dags/sales_pipeline_dag.py
[2026-04-24T19:13:39.015+0000] {processor.py:830} INFO - Processing file /opt/airflow/dags/sales_pipeline_dag.py for tasks to queue
[2026-04-24T19:13:39.017+0000] {logging_mixin.py:188} INFO - [2026-04-24T19:13:39.016+0000] {dagbag.py:538} INFO - Filling up the DagBag from /opt/airflow/dags/sales_pipeline_dag.py
[2026-04-24T19:13:40.977+0000] {processor.py:840} INFO - DAG(s) 'sales_pipeline' retrieved from /opt/airflow/dags/sales_pipeline_dag.py
[2026-04-24T19:13:41.068+0000] {logging_mixin.py:188} INFO - [2026-04-24T19:13:41.067+0000] {dag.py:3036} INFO - Sync 1 DAGs
[2026-04-24T19:13:41.147+0000] {logging_mixin.py:188} INFO - [2026-04-24T19:13:41.147+0000] {dag.py:3823} INFO - Setting next_dagrun for sales_pipeline to 2026-04-24 00:00:00+00:00, run_after=2026-04-25 00:00:00+00:00
[2026-04-24T19:13:41.218+0000] {processor.py:183} INFO - Processing /opt/airflow/dags/sales_pipeline_dag.py took 2.217 seconds
[2026-04-24T19:14:12.054+0000] {processor.py:161} INFO - Started process (PID=2634) to work on /opt/airflow/dags/sales_pipeline_dag.py
[2026-04-24T19:14:12.056+0000] {processor.py:830} INFO - Processing file /opt/airflow/dags/sales_pipeline_dag.py for tasks to queue
[2026-04-24T19:14:12.063+0000] {logging_mixin.py:188} INFO - [2026-04-24T19:14:12.062+0000] {dagbag.py:538} INFO - Filling up the DagBag from /opt/airflow/dags/sales_pipeline_dag.py
[2026-04-24T19:14:13.823+0000] {processor.py:840} INFO - DAG(s) 'sales_pipeline' retrieved from /opt/airflow/dags/sales_pipeline_dag.py
[2026-04-24T19:14:13.892+0000] {logging_mixin.py:188} INFO - [2026-04-24T19:14:13.891+0000] {dag.py:3036} INFO - Sync 1 DAGs
[2026-04-24T19:14:13.955+0000] {logging_mixin.py:188} INFO - [2026-04-24T19:14:13.954+0000] {dag.py:3823} INFO - Setting next_dagrun for sales_pipeline to 2026-04-24 00:00:00+00:00, run_after=2026-04-25 00:00:00+00:00
[2026-04-24T19:14:14.034+0000] {processor.py:183} INFO - Processing /opt/airflow/dags/sales_pipeline_dag.py took 1.991 seconds
[2026-04-24T19:14:44.379+0000] {processor.py:161} INFO - Started process (PID=2645) to work on /opt/airflow/dags/sales_pipeline_dag.py
[2026-04-24T19:14:44.385+0000] {processor.py:830} INFO - Processing file /opt/airflow/dags/sales_pipeline_dag.py for tasks to queue
[2026-04-24T19:14:44.387+0000] {logging_mixin.py:188} INFO - [2026-04-24T19:14:44.387+0000] {dagbag.py:538} INFO - Filling up the DagBag from /opt/airflow/dags/sales_pipeline_dag.py
[2026-04-24T19:14:46.989+0000] {processor.py:840} INFO - DAG(s) 'sales_pipeline' retrieved from /opt/airflow/dags/sales_pipeline_dag.py
[2026-04-24T19:14:47.136+0000] {logging_mixin.py:188} INFO - [2026-04-24T19:14:47.130+0000] {dag.py:3036} INFO - Sync 1 DAGs
[2026-04-24T19:14:47.268+0000] {logging_mixin.py:188} INFO - [2026-04-24T19:14:47.267+0000] {dag.py:3823} INFO - Setting next_dagrun for sales_pipeline to 2026-04-24 00:00:00+00:00, run_after=2026-04-25 00:00:00+00:00
[2026-04-24T19:14:47.395+0000] {processor.py:183} INFO - Processing /opt/airflow/dags/sales_pipeline_dag.py took 3.025 seconds
[2026-04-24T19:15:17.786+0000] {processor.py:161} INFO - Started process (PID=2656) to work on /opt/airflow/dags/sales_pipeline_dag.py
[2026-04-24T19:15:17.792+0000] {processor.py:830} INFO - Processing file /opt/airflow/dags/sales_pipeline_dag.py for tasks to queue
[2026-04-24T19:15:17.795+0000] {logging_mixin.py:188} INFO - [2026-04-24T19:15:17.794+0000] {dagbag.py:538} INFO - Filling up the DagBag from /opt/airflow/dags/sales_pipeline_dag.py
[2026-04-24T19:15:19.798+0000] {processor.py:840} INFO - DAG(s) 'sales_pipeline' retrieved from /opt/airflow/dags/sales_pipeline_dag.py
[2026-04-24T19:15:19.887+0000] {logging_mixin.py:188} INFO - [2026-04-24T19:15:19.886+0000] {dag.py:3036} INFO - Sync 1 DAGs
[2026-04-24T19:15:19.974+0000] {logging_mixin.py:188} INFO - [2026-04-24T19:15:19.974+0000] {dag.py:3823} INFO - Setting next_dagrun for sales_pipeline to 2026-04-24 00:00:00+00:00, run_after=2026-04-25 00:00:00+00:00
[2026-04-24T19:15:20.044+0000] {processor.py:183} INFO - Processing /opt/airflow/dags/sales_pipeline_dag.py took 2.267 seconds
[2026-04-24T19:15:50.752+0000] {processor.py:161} INFO - Started process (PID=2667) to work on /opt/airflow/dags/sales_pipeline_dag.py
[2026-04-24T19:15:50.759+0000] {processor.py:830} INFO - Processing file /opt/airflow/dags/sales_pipeline_dag.py for tasks to queue
[2026-04-24T19:15:50.760+0000] {logging_mixin.py:188} INFO - [2026-04-24T19:15:50.760+0000] {dagbag.py:538} INFO - Filling up the DagBag from /opt/airflow/dags/sales_pipeline_dag.py
[2026-04-24T19:15:52.494+0000] {processor.py:840} INFO - DAG(s) 'sales_pipeline' retrieved from /opt/airflow/dags/sales_pipeline_dag.py
[2026-04-24T19:15:52.582+0000] {logging_mixin.py:188} INFO - [2026-04-24T19:15:52.582+0000] {dag.py:3036} INFO - Sync 1 DAGs
[2026-04-24T19:15:52.643+0000] {logging_mixin.py:188} INFO - [2026-04-24T19:15:52.642+0000] {dag.py:3823} INFO - Setting next_dagrun for sales_pipeline to 2026-04-24 00:00:00+00:00, run_after=2026-04-25 00:00:00+00:00
[2026-04-24T19:15:52.712+0000] {processor.py:183} INFO - Processing /opt/airflow/dags/sales_pipeline_dag.py took 1.969 seconds
[2026-04-24T19:16:23.318+0000] {processor.py:161} INFO - Started process (PID=2678) to work on /opt/airflow/dags/sales_pipeline_dag.py
[2026-04-24T19:16:23.321+0000] {processor.py:830} INFO - Processing file /opt/airflow/dags/sales_pipeline_dag.py for tasks to queue
[2026-04-24T19:16:23.328+0000] {logging_mixin.py:188} INFO - [2026-04-24T19:16:23.327+0000] {dagbag.py:538} INFO - Filling up the DagBag from /opt/airflow/dags/sales_pipeline_dag.py
[2026-04-24T19:16:25.220+0000] {processor.py:840} INFO - DAG(s) 'sales_pipeline' retrieved from /opt/airflow/dags/sales_pipeline_dag.py
[2026-04-24T19:16:25.308+0000] {logging_mixin.py:188} INFO - [2026-04-24T19:16:25.307+0000] {dag.py:3036} INFO - Sync 1 DAGs
[2026-04-24T19:16:25.389+0000] {logging_mixin.py:188} INFO - [2026-04-24T19:16:25.389+0000] {dag.py:3823} INFO - Setting next_dagrun for sales_pipeline to 2026-04-24 00:00:00+00:00, run_after=2026-04-25 00:00:00+00:00
[2026-04-24T19:16:25.479+0000] {processor.py:183} INFO - Processing /opt/airflow/dags/sales_pipeline_dag.py took 2.170 seconds
[2026-04-24T19:16:53.589+0000] {processor.py:161} INFO - Started process (PID=2689) to work on /opt/airflow/dags/sales_pipeline_dag.py
[2026-04-24T19:16:53.596+0000] {processor.py:830} INFO - Processing file /opt/airflow/dags/sales_pipeline_dag.py for tasks to queue
[2026-04-24T19:16:53.598+0000] {logging_mixin.py:188} INFO - [2026-04-24T19:16:53.598+0000] {dagbag.py:538} INFO - Filling up the DagBag from /opt/airflow/dags/sales_pipeline_dag.py
[2026-04-24T19:16:56.175+0000] {processor.py:840} INFO - DAG(s) 'sales_pipeline' retrieved from /opt/airflow/dags/sales_pipeline_dag.py
[2026-04-24T19:16:56.289+0000] {logging_mixin.py:188} INFO - [2026-04-24T19:16:56.287+0000] {dag.py:3036} INFO - Sync 1 DAGs
[2026-04-24T19:16:56.418+0000] {logging_mixin.py:188} INFO - [2026-04-24T19:16:56.417+0000] {dag.py:3823} INFO - Setting next_dagrun for sales_pipeline to 2026-04-24 00:00:00+00:00, run_after=2026-04-25 00:00:00+00:00
[2026-04-24T19:16:56.548+0000] {processor.py:183} INFO - Processing /opt/airflow/dags/sales_pipeline_dag.py took 2.964 seconds
[2026-04-24T19:17:26.951+0000] {processor.py:161} INFO - Started process (PID=2700) to work on /opt/airflow/dags/sales_pipeline_dag.py
[2026-04-24T19:17:26.958+0000] {processor.py:830} INFO - Processing file /opt/airflow/dags/sales_pipeline_dag.py for tasks to queue
[2026-04-24T19:17:26.960+0000] {logging_mixin.py:188} INFO - [2026-04-24T19:17:26.960+0000] {dagbag.py:538} INFO - Filling up the DagBag from /opt/airflow/dags/sales_pipeline_dag.py
[2026-04-24T19:17:29.011+0000] {processor.py:840} INFO - DAG(s) 'sales_pipeline' retrieved from /opt/airflow/dags/sales_pipeline_dag.py
[2026-04-24T19:17:29.083+0000] {logging_mixin.py:188} INFO - [2026-04-24T19:17:29.082+0000] {dag.py:3036} INFO - Sync 1 DAGs
[2026-04-24T19:17:29.182+0000] {logging_mixin.py:188} INFO - [2026-04-24T19:17:29.181+0000] {dag.py:3823} INFO - Setting next_dagrun for sales_pipeline to 2026-04-24 00:00:00+00:00, run_after=2026-04-25 00:00:00+00:00
[2026-04-24T19:17:29.259+0000] {processor.py:183} INFO - Processing /opt/airflow/dags/sales_pipeline_dag.py took 2.319 seconds
[2026-04-24T19:17:59.610+0000] {processor.py:161} INFO - Started process (PID=2711) to work on /opt/airflow/dags/sales_pipeline_dag.py
[2026-04-24T19:17:59.613+0000] {processor.py:830} INFO - Processing file /opt/airflow/dags/sales_pipeline_dag.py for tasks to queue
[2026-04-24T19:17:59.621+0000] {logging_mixin.py:188} INFO - [2026-04-24T19:17:59.620+0000] {dagbag.py:538} INFO - Filling up the DagBag from /opt/airflow/dags/sales_pipeline_dag.py
[2026-04-24T19:18:01.882+0000] {processor.py:840} INFO - DAG(s) 'sales_pipeline' retrieved from /opt/airflow/dags/sales_pipeline_dag.py
[2026-04-24T19:18:01.974+0000] {logging_mixin.py:188} INFO - [2026-04-24T19:18:01.972+0000] {dag.py:3036} INFO - Sync 1 DAGs
[2026-04-24T19:18:02.059+0000] {logging_mixin.py:188} INFO - [2026-04-24T19:18:02.053+0000] {dag.py:3823} INFO - Setting next_dagrun for sales_pipeline to 2026-04-24 00:00:00+00:00, run_after=2026-04-25 00:00:00+00:00
[2026-04-24T19:18:02.142+0000] {processor.py:183} INFO - Processing /opt/airflow/dags/sales_pipeline_dag.py took 2.551 seconds
[2026-04-24T19:18:32.437+0000] {processor.py:161} INFO - Started process (PID=2725) to work on /opt/airflow/dags/sales_pipeline_dag.py
[2026-04-24T19:18:32.449+0000] {processor.py:830} INFO - Processing file /opt/airflow/dags/sales_pipeline_dag.py for tasks to queue
[2026-04-24T19:18:32.456+0000] {logging_mixin.py:188} INFO - [2026-04-24T19:18:32.450+0000] {dagbag.py:538} INFO - Filling up the DagBag from /opt/airflow/dags/sales_pipeline_dag.py
[2026-04-24T19:18:34.649+0000] {processor.py:840} INFO - DAG(s) 'sales_pipeline' retrieved from /opt/airflow/dags/sales_pipeline_dag.py
[2026-04-24T19:18:34.739+0000] {logging_mixin.py:188} INFO - [2026-04-24T19:18:34.738+0000] {dag.py:3036} INFO - Sync 1 DAGs
[2026-04-24T19:18:34.826+0000] {logging_mixin.py:188} INFO - [2026-04-24T19:18:34.826+0000] {dag.py:3823} INFO - Setting next_dagrun for sales_pipeline to 2026-04-24 00:00:00+00:00, run_after=2026-04-25 00:00:00+00:00
[2026-04-24T19:18:34.898+0000] {processor.py:183} INFO - Processing /opt/airflow/dags/sales_pipeline_dag.py took 2.471 seconds
[2026-04-24T19:19:05.257+0000] {processor.py:161} INFO - Started process (PID=2738) to work on /opt/airflow/dags/sales_pipeline_dag.py
[2026-04-24T19:19:05.259+0000] {processor.py:830} INFO - Processing file /opt/airflow/dags/sales_pipeline_dag.py for tasks to queue
[2026-04-24T19:19:05.277+0000] {logging_mixin.py:188} INFO - [2026-04-24T19:19:05.276+0000] {dagbag.py:538} INFO - Filling up the DagBag from /opt/airflow/dags/sales_pipeline_dag.py
[2026-04-24T19:19:08.628+0000] {processor.py:840} INFO - DAG(s) 'sales_pipeline' retrieved from /opt/airflow/dags/sales_pipeline_dag.py
[2026-04-24T19:19:08.765+0000] {logging_mixin.py:188} INFO - [2026-04-24T19:19:08.759+0000] {dag.py:3036} INFO - Sync 1 DAGs
[2026-04-24T19:19:08.878+0000] {logging_mixin.py:188} INFO - [2026-04-24T19:19:08.877+0000] {dag.py:3823} INFO - Setting next_dagrun for sales_pipeline to 2026-04-24 00:00:00+00:00, run_after=2026-04-25 00:00:00+00:00
[2026-04-24T19:19:08.987+0000] {processor.py:183} INFO - Processing /opt/airflow/dags/sales_pipeline_dag.py took 3.741 seconds
[2026-04-24T19:19:39.479+0000] {processor.py:161} INFO - Started process (PID=2749) to work on /opt/airflow/dags/sales_pipeline_dag.py
[2026-04-24T19:19:39.481+0000] {processor.py:830} INFO - Processing file /opt/airflow/dags/sales_pipeline_dag.py for tasks to queue
[2026-04-24T19:19:39.489+0000] {logging_mixin.py:188} INFO - [2026-04-24T19:19:39.488+0000] {dagbag.py:538} INFO - Filling up the DagBag from /opt/airflow/dags/sales_pipeline_dag.py
[2026-04-24T19:19:39.283+0000] {processor.py:840} INFO - DAG(s) 'sales_pipeline' retrieved from /opt/airflow/dags/sales_pipeline_dag.py
[2026-04-24T19:19:39.402+0000] {logging_mixin.py:188} INFO - [2026-04-24T19:19:39.396+0000] {dag.py:3036} INFO - Sync 1 DAGs
[2026-04-24T19:19:39.505+0000] {logging_mixin.py:188} INFO - [2026-04-24T19:19:39.505+0000] {dag.py:3823} INFO - Setting next_dagrun for sales_pipeline to 2026-04-24 00:00:00+00:00, run_after=2026-04-25 00:00:00+00:00
[2026-04-24T19:19:39.595+0000] {processor.py:183} INFO - Processing /opt/airflow/dags/sales_pipeline_dag.py took 2.641 seconds
[2026-04-24T19:20:10.183+0000] {processor.py:161} INFO - Started process (PID=2760) to work on /opt/airflow/dags/sales_pipeline_dag.py
[2026-04-24T19:20:10.185+0000] {processor.py:830} INFO - Processing file /opt/airflow/dags/sales_pipeline_dag.py for tasks to queue
[2026-04-24T19:20:10.193+0000] {logging_mixin.py:188} INFO - [2026-04-24T19:20:10.192+0000] {dagbag.py:538} INFO - Filling up the DagBag from /opt/airflow/dags/sales_pipeline_dag.py
[2026-04-24T19:20:12.702+0000] {processor.py:840} INFO - DAG(s) 'sales_pipeline' retrieved from /opt/airflow/dags/sales_pipeline_dag.py
[2026-04-24T19:20:12.812+0000] {logging_mixin.py:188} INFO - [2026-04-24T19:20:12.807+0000] {dag.py:3036} INFO - Sync 1 DAGs
[2026-04-24T19:20:12.892+0000] {logging_mixin.py:188} INFO - [2026-04-24T19:20:12.891+0000] {dag.py:3823} INFO - Setting next_dagrun for sales_pipeline to 2026-04-24 00:00:00+00:00, run_after=2026-04-25 00:00:00+00:00
[2026-04-24T19:20:12.973+0000] {processor.py:183} INFO - Processing /opt/airflow/dags/sales_pipeline_dag.py took 2.802 seconds
[2026-04-24T19:20:43.453+0000] {processor.py:161} INFO - Started process (PID=2771) to work on /opt/airflow/dags/sales_pipeline_dag.py
[2026-04-24T19:20:43.462+0000] {processor.py:830} INFO - Processing file /opt/airflow/dags/sales_pipeline_dag.py for tasks to queue
[2026-04-24T19:20:43.471+0000] {logging_mixin.py:188} INFO - [2026-04-24T19:20:43.464+0000] {dagbag.py:538} INFO - Filling up the DagBag from /opt/airflow/dags/sales_pipeline_dag.py
[2026-04-24T19:20:47.463+0000] {processor.py:840} INFO - DAG(s) 'sales_pipeline' retrieved from /opt/airflow/dags/sales_pipeline_dag.py
[2026-04-24T19:20:47.711+0000] {logging_mixin.py:188} INFO - [2026-04-24T19:20:47.694+0000] {dag.py:3036} INFO - Sync 1 DAGs
[2026-04-24T19:20:47.862+0000] {logging_mixin.py:188} INFO - [2026-04-24T19:20:47.861+0000] {dag.py:3823} INFO - Setting next_dagrun for sales_pipeline to 2026-04-24 00:00:00+00:00, run_after=2026-04-25 00:00:00+00:00
[2026-04-24T19:20:48.002+0000] {processor.py:183} INFO - Processing /opt/airflow/dags/sales_pipeline_dag.py took 4.570 seconds
[2026-04-24T19:21:18.495+0000] {processor.py:161} INFO - Started process (PID=2782) to work on /opt/airflow/dags/sales_pipeline_dag.py
[2026-04-24T19:21:18.502+0000] {processor.py:830} INFO - Processing file /opt/airflow/dags/sales_pipeline_dag.py for tasks to queue
[2026-04-24T19:21:18.505+0000] {logging_mixin.py:188} INFO - [2026-04-24T19:21:18.504+0000] {dagbag.py:538} INFO - Filling up the DagBag from /opt/airflow/dags/sales_pipeline_dag.py
[2026-04-24T19:21:21.163+0000] {processor.py:840} INFO - DAG(s) 'sales_pipeline' retrieved from /opt/airflow/dags/sales_pipeline_dag.py
[2026-04-24T19:21:21.275+0000] {logging_mixin.py:188} INFO - [2026-04-24T19:21:21.273+0000] {dag.py:3036} INFO - Sync 1 DAGs
[2026-04-24T19:21:21.373+0000] {logging_mixin.py:188} INFO - [2026-04-24T19:21:21.373+0000] {dag.py:3823} INFO - Setting next_dagrun for sales_pipeline to 2026-04-24 00:00:00+00:00, run_after=2026-04-25 00:00:00+00:00
[2026-04-24T19:21:21.476+0000] {processor.py:183} INFO - Processing /opt/airflow/dags/sales_pipeline_dag.py took 2.991 seconds
[2026-04-24T19:21:51.741+0000] {processor.py:161} INFO - Started process (PID=2793) to work on /opt/airflow/dags/sales_pipeline_dag.py
[2026-04-24T19:21:51.748+0000] {processor.py:830} INFO - Processing file /opt/airflow/dags/sales_pipeline_dag.py for tasks to queue
[2026-04-24T19:21:51.750+0000] {logging_mixin.py:188} INFO - [2026-04-24T19:21:51.749+0000] {dagbag.py:538} INFO - Filling up the DagBag from /opt/airflow/dags/sales_pipeline_dag.py
[2026-04-24T19:21:54.389+0000] {processor.py:840} INFO - DAG(s) 'sales_pipeline' retrieved from /opt/airflow/dags/sales_pipeline_dag.py
[2026-04-24T19:21:54.488+0000] {logging_mixin.py:188} INFO - [2026-04-24T19:21:54.481+0000] {dag.py:3036} INFO - Sync 1 DAGs
[2026-04-24T19:21:54.581+0000] {logging_mixin.py:188} INFO - [2026-04-24T19:21:54.580+0000] {dag.py:3823} INFO - Setting next_dagrun for sales_pipeline to 2026-04-24 00:00:00+00:00, run_after=2026-04-25 00:00:00+00:00
[2026-04-24T19:21:54.670+0000] {processor.py:183} INFO - Processing /opt/airflow/dags/sales_pipeline_dag.py took 2.942 seconds
[2026-04-24T19:22:25.201+0000] {processor.py:161} INFO - Started process (PID=2804) to work on /opt/airflow/dags/sales_pipeline_dag.py
[2026-04-24T19:22:25.203+0000] {processor.py:830} INFO - Processing file /opt/airflow/dags/sales_pipeline_dag.py for tasks to queue
[2026-04-24T19:22:25.211+0000] {logging_mixin.py:188} INFO - [2026-04-24T19:22:25.210+0000] {dagbag.py:538} INFO - Filling up the DagBag from /opt/airflow/dags/sales_pipeline_dag.py
[2026-04-24T19:22:26.371+0000] {processor.py:840} INFO - DAG(s) 'sales_pipeline' retrieved from /opt/airflow/dags/sales_pipeline_dag.py
[2026-04-24T19:22:26.679+0000] {logging_mixin.py:188} INFO - [2026-04-24T19:22:26.672+0000] {dag.py:3036} INFO - Sync 1 DAGs
[2026-04-24T19:22:26.881+0000] {logging_mixin.py:188} INFO - [2026-04-24T19:22:26.881+0000] {dag.py:3823} INFO - Setting next_dagrun for sales_pipeline to 2026-04-24 00:00:00+00:00, run_after=2026-04-25 00:00:00+00:00
[2026-04-24T19:22:27.053+0000] {processor.py:183} INFO - Processing /opt/airflow/dags/sales_pipeline_dag.py took 4.383 seconds
[2026-04-24T19:22:57.907+0000] {processor.py:161} INFO - Started process (PID=2815) to work on /opt/airflow/dags/sales_pipeline_dag.py
[2026-04-24T19:22:57.917+0000] {processor.py:830} INFO - Processing file /opt/airflow/dags/sales_pipeline_dag.py for tasks to queue
[2026-04-24T19:22:57.927+0000] {logging_mixin.py:188} INFO - [2026-04-24T19:22:57.926+0000] {dagbag.py:538} INFO - Filling up the DagBag from /opt/airflow/dags/sales_pipeline_dag.py
[2026-04-24T19:23:03.305+0000] {processor.py:840} INFO - DAG(s) 'sales_pipeline' retrieved from /opt/airflow/dags/sales_pipeline_dag.py
[2026-04-24T19:23:03.447+0000] {logging_mixin.py:188} INFO - [2026-04-24T19:23:03.445+0000] {dag.py:3036} INFO - Sync 1 DAGs
[2026-04-24T19:23:03.626+0000] {logging_mixin.py:188} INFO - [2026-04-24T19:23:03.626+0000] {dag.py:3823} INFO - Setting next_dagrun for sales_pipeline to 2026-04-24 00:00:00+00:00, run_after=2026-04-25 00:00:00+00:00
[2026-04-24T19:23:03.777+0000] {processor.py:183} INFO - Processing /opt/airflow/dags/sales_pipeline_dag.py took 5.891 seconds
[2026-04-24T19:23:34.708+0000] {processor.py:161} INFO - Started process (PID=2826) to work on /opt/airflow/dags/sales_pipeline_dag.py
[2026-04-24T19:23:34.717+0000] {processor.py:830} INFO - Processing file /opt/airflow/dags/sales_pipeline_dag.py for tasks to queue
[2026-04-24T19:23:34.719+0000] {logging_mixin.py:188} INFO - [2026-04-24T19:23:34.718+0000] {dagbag.py:538} INFO - Filling up the DagBag from /opt/airflow/dags/sales_pipeline_dag.py
[2026-04-24T19:23:39.107+0000] {processor.py:840} INFO - DAG(s) 'sales_pipeline' retrieved from /opt/airflow/dags/sales_pipeline_dag.py
[2026-04-24T19:23:39.338+0000] {logging_mixin.py:188} INFO - [2026-04-24T19:23:39.337+0000] {dag.py:3036} INFO - Sync 1 DAGs
[2026-04-24T19:23:39.548+0000] {logging_mixin.py:188} INFO - [2026-04-24T19:23:39.547+0000] {dag.py:3823} INFO - Setting next_dagrun for sales_pipeline to 2026-04-24 00:00:00+00:00, run_after=2026-04-25 00:00:00+00:00
[2026-04-24T19:23:39.698+0000] {processor.py:183} INFO - Processing /opt/airflow/dags/sales_pipeline_dag.py took 5.010 seconds
[2026-04-24T19:24:10.815+0000] {processor.py:161} INFO - Started process (PID=2837) to work on /opt/airflow/dags/sales_pipeline_dag.py
[2026-04-24T19:24:10.817+0000] {processor.py:830} INFO - Processing file /opt/airflow/dags/sales_pipeline_dag.py for tasks to queue
[2026-04-24T19:24:10.826+0000] {logging_mixin.py:188} INFO - [2026-04-24T19:24:10.825+0000] {dagbag.py:538} INFO - Filling up the DagBag from /opt/airflow/dags/sales_pipeline_dag.py
[2026-04-24T19:24:14.288+0000] {processor.py:840} INFO - DAG(s) 'sales_pipeline' retrieved from /opt/airflow/dags/sales_pipeline_dag.py
[2026-04-24T19:24:14.425+0000] {logging_mixin.py:188} INFO - [2026-04-24T19:24:14.418+0000] {dag.py:3036} INFO - Sync 1 DAGs
[2026-04-24T19:24:14.536+0000] {logging_mixin.py:188} INFO - [2026-04-24T19:24:14.535+0000] {dag.py:3823} INFO - Setting next_dagrun for sales_pipeline to 2026-04-24 00:00:00+00:00, run_after=2026-04-25 00:00:00+00:00
[2026-04-24T19:24:14.626+0000] {processor.py:183} INFO - Processing /opt/airflow/dags/sales_pipeline_dag.py took 3.829 seconds
[2026-04-24T19:24:44.993+0000] {processor.py:161} INFO - Started process (PID=2851) to work on /opt/airflow/dags/sales_pipeline_dag.py
[2026-04-24T19:24:44.995+0000] {processor.py:830} INFO - Processing file /opt/airflow/dags/sales_pipeline_dag.py for tasks to queue
[2026-04-24T19:24:45.003+0000] {logging_mixin.py:188} INFO - [2026-04-24T19:24:45.003+0000] {dagbag.py:538} INFO - Filling up the DagBag from /opt/airflow/dags/sales_pipeline_dag.py
[2026-04-24T19:24:50.274+0000] {processor.py:840} INFO - DAG(s) 'sales_pipeline' retrieved from /opt/airflow/dags/sales_pipeline_dag.py
[2026-04-24T19:24:50.422+0000] {logging_mixin.py:188} INFO - [2026-04-24T19:24:50.414+0000] {dag.py:3036} INFO - Sync 1 DAGs
[2026-04-24T19:24:50.544+0000] {logging_mixin.py:188} INFO - [2026-04-24T19:24:50.543+0000] {dag.py:3823} INFO - Setting next_dagrun for sales_pipeline to 2026-04-24 00:00:00+00:00, run_after=2026-04-25 00:00:00+00:00
[2026-04-24T19:24:50.703+0000] {processor.py:183} INFO - Processing /opt/airflow/dags/sales_pipeline_dag.py took 5.729 seconds
[2026-04-24T19:25:21.367+0000] {processor.py:161} INFO - Started process (PID=2864) to work on /opt/airflow/dags/sales_pipeline_dag.py
[2026-04-24T19:25:21.376+0000] {processor.py:830} INFO - Processing file /opt/airflow/dags/sales_pipeline_dag.py for tasks to queue
[2026-04-24T19:25:21.386+0000] {logging_mixin.py:188} INFO - [2026-04-24T19:25:21.378+0000] {dagbag.py:538} INFO - Filling up the DagBag from /opt/airflow/dags/sales_pipeline_dag.py
[2026-04-24T19:25:25.438+0000] {processor.py:840} INFO - DAG(s) 'sales_pipeline' retrieved from /opt/airflow/dags/sales_pipeline_dag.py
[2026-04-24T19:25:25.596+0000] {logging_mixin.py:188} INFO - [2026-04-24T19:25:25.588+0000] {dag.py:3036} INFO - Sync 1 DAGs
[2026-04-24T19:25:25.748+0000] {logging_mixin.py:188} INFO - [2026-04-24T19:25:25.747+0000] {dag.py:3823} INFO - Setting next_dagrun for sales_pipeline to 2026-04-24 00:00:00+00:00, run_after=2026-04-25 00:00:00+00:00
[2026-04-24T19:25:25.906+0000] {processor.py:183} INFO - Processing /opt/airflow/dags/sales_pipeline_dag.py took 4.559 seconds
[2026-04-24T19:25:56.256+0000] {processor.py:161} INFO - Started process (PID=2875) to work on /opt/airflow/dags/sales_pipeline_dag.py
[2026-04-24T19:25:56.258+0000] {processor.py:830} INFO - Processing file /opt/airflow/dags/sales_pipeline_dag.py for tasks to queue
[2026-04-24T19:25:56.267+0000] {logging_mixin.py:188} INFO - [2026-04-24T19:25:56.266+0000] {dagbag.py:538} INFO - Filling up the DagBag from /opt/airflow/dags/sales_pipeline_dag.py
[2026-04-24T19:26:01.617+0000] {processor.py:840} INFO - DAG(s) 'sales_pipeline' retrieved from /opt/airflow/dags/sales_pipeline_dag.py
[2026-04-24T19:26:01.779+0000] {logging_mixin.py:188} INFO - [2026-04-24T19:26:01.778+0000] {dag.py:3036} INFO - Sync 1 DAGs
[2026-04-24T19:26:01.929+0000] {logging_mixin.py:188} INFO - [2026-04-24T19:26:01.928+0000] {dag.py:3823} INFO - Setting next_dagrun for sales_pipeline to 2026-04-24 00:00:00+00:00, run_after=2026-04-25 00:00:00+00:00
[2026-04-24T19:26:02.087+0000] {processor.py:183} INFO - Processing /opt/airflow/dags/sales_pipeline_dag.py took 5.848 seconds
[2026-04-24T19:26:33.201+0000] {processor.py:161} INFO - Started process (PID=2886) to work on /opt/airflow/dags/sales_pipeline_dag.py
[2026-04-24T19:26:33.210+0000] {processor.py:830} INFO - Processing file /opt/airflow/dags/sales_pipeline_dag.py for tasks to queue
[2026-04-24T19:26:33.212+0000] {logging_mixin.py:188} INFO - [2026-04-24T19:26:33.212+0000] {dagbag.py:538} INFO - Filling up the DagBag from /opt/airflow/dags/sales_pipeline_dag.py
[2026-04-24T19:26:35.464+0000] {processor.py:840} INFO - DAG(s) 'sales_pipeline' retrieved from /opt/airflow/dags/sales_pipeline_dag.py
[2026-04-24T19:26:35.794+0000] {logging_mixin.py:188} INFO - [2026-04-24T19:26:35.784+0000] {dag.py:3036} INFO - Sync 1 DAGs
[2026-04-24T19:26:36.077+0000] {logging_mixin.py:188} INFO - [2026-04-24T19:26:36.076+0000] {dag.py:3823} INFO - Setting next_dagrun for sales_pipeline to 2026-04-24 00:00:00+00:00, run_after=2026-04-25 00:00:00+00:00
[2026-04-24T19:26:36.314+0000] {processor.py:183} INFO - Processing /opt/airflow/dags/sales_pipeline_dag.py took 5.648 seconds
[2026-04-24T19:27:07.276+0000] {processor.py:161} INFO - Started process (PID=2897) to work on /opt/airflow/dags/sales_pipeline_dag.py
[2026-04-24T19:27:07.295+0000] {processor.py:830} INFO - Processing file /opt/airflow/dags/sales_pipeline_dag.py for tasks to queue
[2026-04-24T19:27:07.315+0000] {logging_mixin.py:188} INFO - [2026-04-24T19:27:07.314+0000] {dagbag.py:538} INFO - Filling up the DagBag from /opt/airflow/dags/sales_pipeline_dag.py
[2026-04-24T19:27:13.396+0000] {processor.py:840} INFO - DAG(s) 'sales_pipeline' retrieved from /opt/airflow/dags/sales_pipeline_dag.py
[2026-04-24T19:27:13.576+0000] {logging_mixin.py:188} INFO - [2026-04-24T19:27:13.575+0000] {dag.py:3036} INFO - Sync 1 DAGs
[2026-04-24T19:27:13.836+0000] {logging_mixin.py:188} INFO - [2026-04-24T19:27:13.835+0000] {dag.py:3823} INFO - Setting next_dagrun for sales_pipeline to 2026-04-24 00:00:00+00:00, run_after=2026-04-25 00:00:00+00:00
[2026-04-24T19:27:14.005+0000] {processor.py:183} INFO - Processing /opt/airflow/dags/sales_pipeline_dag.py took 6.798 seconds
[2026-04-24T19:27:44.760+0000] {processor.py:161} INFO - Started process (PID=2908) to work on /opt/airflow/dags/sales_pipeline_dag.py
[2026-04-24T19:27:44.771+0000] {processor.py:830} INFO - Processing file /opt/airflow/dags/sales_pipeline_dag.py for tasks to queue
[2026-04-24T19:27:44.791+0000] {logging_mixin.py:188} INFO - [2026-04-24T19:27:44.790+0000] {dagbag.py:538} INFO - Filling up the DagBag from /opt/airflow/dags/sales_pipeline_dag.py
[2026-04-24T19:27:55.701+0000] {processor.py:840} INFO - DAG(s) 'sales_pipeline' retrieved from /opt/airflow/dags/sales_pipeline_dag.py
[2026-04-24T19:27:56.091+0000] {logging_mixin.py:188} INFO - [2026-04-24T19:27:56.089+0000] {dag.py:3036} INFO - Sync 1 DAGs
[2026-04-24T19:27:53.959+0000] {logging_mixin.py:188} INFO - [2026-04-24T19:27:53.951+0000] {dag.py:3823} INFO - Setting next_dagrun for sales_pipeline to 2026-04-24 00:00:00+00:00, run_after=2026-04-25 00:00:00+00:00
[2026-04-24T19:27:54.219+0000] {processor.py:183} INFO - Processing /opt/airflow/dags/sales_pipeline_dag.py took 12.040 seconds
[2026-04-24T19:28:25.332+0000] {processor.py:161} INFO - Started process (PID=2922) to work on /opt/airflow/dags/sales_pipeline_dag.py
[2026-04-24T19:28:25.342+0000] {processor.py:830} INFO - Processing file /opt/airflow/dags/sales_pipeline_dag.py for tasks to queue
[2026-04-24T19:28:25.361+0000] {logging_mixin.py:188} INFO - [2026-04-24T19:28:25.353+0000] {dagbag.py:538} INFO - Filling up the DagBag from /opt/airflow/dags/sales_pipeline_dag.py
[2026-04-24T19:28:34.173+0000] {processor.py:840} INFO - DAG(s) 'sales_pipeline' retrieved from /opt/airflow/dags/sales_pipeline_dag.py
[2026-04-24T19:28:34.472+0000] {logging_mixin.py:188} INFO - [2026-04-24T19:28:34.471+0000] {dag.py:3036} INFO - Sync 1 DAGs
[2026-04-24T19:28:34.701+0000] {logging_mixin.py:188} INFO - [2026-04-24T19:28:34.701+0000] {dag.py:3823} INFO - Setting next_dagrun for sales_pipeline to 2026-04-24 00:00:00+00:00, run_after=2026-04-25 00:00:00+00:00
[2026-04-24T19:28:34.891+0000] {processor.py:183} INFO - Processing /opt/airflow/dags/sales_pipeline_dag.py took 9.600 seconds
[2026-04-24T19:29:05.482+0000] {processor.py:161} INFO - Started process (PID=2935) to work on /opt/airflow/dags/sales_pipeline_dag.py
[2026-04-24T19:29:05.500+0000] {processor.py:830} INFO - Processing file /opt/airflow/dags/sales_pipeline_dag.py for tasks to queue
[2026-04-24T19:29:05.511+0000] {logging_mixin.py:188} INFO - [2026-04-24T19:29:05.510+0000] {dagbag.py:538} INFO - Filling up the DagBag from /opt/airflow/dags/sales_pipeline_dag.py
[2026-04-24T19:29:11.151+0000] {processor.py:840} INFO - DAG(s) 'sales_pipeline' retrieved from /opt/airflow/dags/sales_pipeline_dag.py
[2026-04-24T19:29:11.470+0000] {logging_mixin.py:188} INFO - [2026-04-24T19:29:11.462+0000] {dag.py:3036} INFO - Sync 1 DAGs
[2026-04-24T19:29:11.721+0000] {logging_mixin.py:188} INFO - [2026-04-24T19:29:11.720+0000] {dag.py:3823} INFO - Setting next_dagrun for sales_pipeline to 2026-04-24 00:00:00+00:00, run_after=2026-04-25 00:00:00+00:00
[2026-04-24T19:29:11.892+0000] {processor.py:183} INFO - Processing /opt/airflow/dags/sales_pipeline_dag.py took 6.440 seconds
[2026-04-24T19:29:42.784+0000] {processor.py:161} INFO - Started process (PID=2946) to work on /opt/airflow/dags/sales_pipeline_dag.py
[2026-04-24T19:29:42.794+0000] {processor.py:830} INFO - Processing file /opt/airflow/dags/sales_pipeline_dag.py for tasks to queue
[2026-04-24T19:29:42.805+0000] {logging_mixin.py:188} INFO - [2026-04-24T19:29:42.804+0000] {dagbag.py:538} INFO - Filling up the DagBag from /opt/airflow/dags/sales_pipeline_dag.py
[2026-04-24T19:29:50.209+0000] {processor.py:840} INFO - DAG(s) 'sales_pipeline' retrieved from /opt/airflow/dags/sales_pipeline_dag.py
[2026-04-24T19:29:50.458+0000] {logging_mixin.py:188} INFO - [2026-04-24T19:29:50.457+0000] {dag.py:3036} INFO - Sync 1 DAGs
[2026-04-24T19:29:50.708+0000] {logging_mixin.py:188} INFO - [2026-04-24T19:29:50.707+0000] {dag.py:3823} INFO - Setting next_dagrun for sales_pipeline to 2026-04-24 00:00:00+00:00, run_after=2026-04-25 00:00:00+00:00
[2026-04-24T19:29:50.989+0000] {processor.py:183} INFO - Processing /opt/airflow/dags/sales_pipeline_dag.py took 10.752 seconds
[2026-04-24T19:30:22.593+0000] {processor.py:161} INFO - Started process (PID=2957) to work on /opt/airflow/dags/sales_pipeline_dag.py
[2026-04-24T19:30:22.603+0000] {processor.py:830} INFO - Processing file /opt/airflow/dags/sales_pipeline_dag.py for tasks to queue
[2026-04-24T19:30:22.614+0000] {logging_mixin.py:188} INFO - [2026-04-24T19:30:22.613+0000] {dagbag.py:538} INFO - Filling up the DagBag from /opt/airflow/dags/sales_pipeline_dag.py
[2026-04-24T19:30:30.044+0000] {processor.py:840} INFO - DAG(s) 'sales_pipeline' retrieved from /opt/airflow/dags/sales_pipeline_dag.py
[2026-04-24T19:30:30.354+0000] {logging_mixin.py:188} INFO - [2026-04-24T19:30:30.353+0000] {dag.py:3036} INFO - Sync 1 DAGs
[2026-04-24T19:30:30.603+0000] {logging_mixin.py:188} INFO - [2026-04-24T19:30:30.603+0000] {dag.py:3823} INFO - Setting next_dagrun for sales_pipeline to 2026-04-24 00:00:00+00:00, run_after=2026-04-25 00:00:00+00:00
[2026-04-24T19:30:30.814+0000] {processor.py:183} INFO - Processing /opt/airflow/dags/sales_pipeline_dag.py took 8.250 seconds
[2026-04-24T19:31:01.664+0000] {processor.py:161} INFO - Started process (PID=2968) to work on /opt/airflow/dags/sales_pipeline_dag.py
[2026-04-24T19:31:01.673+0000] {processor.py:830} INFO - Processing file /opt/airflow/dags/sales_pipeline_dag.py for tasks to queue
[2026-04-24T19:31:01.684+0000] {logging_mixin.py:188} INFO - [2026-04-24T19:31:01.683+0000] {dagbag.py:538} INFO - Filling up the DagBag from /opt/airflow/dags/sales_pipeline_dag.py
[2026-04-24T19:31:10.024+0000] {processor.py:840} INFO - DAG(s) 'sales_pipeline' retrieved from /opt/airflow/dags/sales_pipeline_dag.py
[2026-04-24T19:31:10.355+0000] {logging_mixin.py:188} INFO - [2026-04-24T19:31:10.345+0000] {dag.py:3036} INFO - Sync 1 DAGs
[2026-04-24T19:31:10.604+0000] {logging_mixin.py:188} INFO - [2026-04-24T19:31:10.595+0000] {dag.py:3823} INFO - Setting next_dagrun for sales_pipeline to 2026-04-24 00:00:00+00:00, run_after=2026-04-25 00:00:00+00:00
[2026-04-24T19:31:10.806+0000] {processor.py:183} INFO - Processing /opt/airflow/dags/sales_pipeline_dag.py took 11.690 seconds
[2026-04-24T19:31:41.706+0000] {processor.py:161} INFO - Started process (PID=2984) to work on /opt/airflow/dags/sales_pipeline_dag.py
[2026-04-24T19:31:41.717+0000] {processor.py:830} INFO - Processing file /opt/airflow/dags/sales_pipeline_dag.py for tasks to queue
[2026-04-24T19:31:41.736+0000] {logging_mixin.py:188} INFO - [2026-04-24T19:31:41.726+0000] {dagbag.py:538} INFO - Filling up the DagBag from /opt/airflow/dags/sales_pipeline_dag.py
[2026-04-24T19:31:54.765+0000] {processor.py:840} INFO - DAG(s) 'sales_pipeline' retrieved from /opt/airflow/dags/sales_pipeline_dag.py
[2026-04-24T19:31:55.206+0000] {logging_mixin.py:188} INFO - [2026-04-24T19:31:55.196+0000] {dag.py:3036} INFO - Sync 1 DAGs
[2026-04-24T19:31:55.776+0000] {logging_mixin.py:188} INFO - [2026-04-24T19:31:55.775+0000] {dag.py:3823} INFO - Setting next_dagrun for sales_pipeline to 2026-04-24 00:00:00+00:00, run_after=2026-04-25 00:00:00+00:00
[2026-04-24T19:31:56.345+0000] {processor.py:183} INFO - Processing /opt/airflow/dags/sales_pipeline_dag.py took 14.671 seconds
[2026-04-24T19:32:27.553+0000] {processor.py:161} INFO - Started process (PID=2995) to work on /opt/airflow/dags/sales_pipeline_dag.py
[2026-04-24T19:32:27.572+0000] {processor.py:830} INFO - Processing file /opt/airflow/dags/sales_pipeline_dag.py for tasks to queue
[2026-04-24T19:32:27.583+0000] {logging_mixin.py:188} INFO - [2026-04-24T19:32:27.581+0000] {dagbag.py:538} INFO - Filling up the DagBag from /opt/airflow/dags/sales_pipeline_dag.py
[2026-04-24T19:32:36.110+0000] {processor.py:840} INFO - DAG(s) 'sales_pipeline' retrieved from /opt/airflow/dags/sales_pipeline_dag.py
[2026-04-24T19:32:36.520+0000] {logging_mixin.py:188} INFO - [2026-04-24T19:32:36.510+0000] {dag.py:3036} INFO - Sync 1 DAGs
[2026-04-24T19:32:37.020+0000] {logging_mixin.py:188} INFO - [2026-04-24T19:32:37.011+0000] {dag.py:3823} INFO - Setting next_dagrun for sales_pipeline to 2026-04-24 00:00:00+00:00, run_after=2026-04-25 00:00:00+00:00
[2026-04-24T19:32:37.450+0000] {processor.py:183} INFO - Processing /opt/airflow/dags/sales_pipeline_dag.py took 12.379 seconds
[2026-04-24T19:33:09.071+0000] {processor.py:161} INFO - Started process (PID=3006) to work on /opt/airflow/dags/sales_pipeline_dag.py
[2026-04-24T19:33:09.101+0000] {processor.py:830} INFO - Processing file /opt/airflow/dags/sales_pipeline_dag.py for tasks to queue
[2026-04-24T19:33:09.122+0000] {logging_mixin.py:188} INFO - [2026-04-24T19:33:09.121+0000] {dagbag.py:538} INFO - Filling up the DagBag from /opt/airflow/dags/sales_pipeline_dag.py
[2026-04-24T19:33:26.874+0000] {processor.py:840} INFO - DAG(s) 'sales_pipeline' retrieved from /opt/airflow/dags/sales_pipeline_dag.py
[2026-04-24T19:33:27.644+0000] {logging_mixin.py:188} INFO - [2026-04-24T19:33:27.633+0000] {dag.py:3036} INFO - Sync 1 DAGs
[2026-04-24T19:33:28.423+0000] {logging_mixin.py:188} INFO - [2026-04-24T19:33:28.414+0000] {dag.py:3823} INFO - Setting next_dagrun for sales_pipeline to 2026-04-24 00:00:00+00:00, run_after=2026-04-25 00:00:00+00:00
[2026-04-24T19:33:29.034+0000] {processor.py:183} INFO - Processing /opt/airflow/dags/sales_pipeline_dag.py took 22.570 seconds
[2026-04-24T19:34:00.418+0000] {processor.py:161} INFO - Started process (PID=3022) to work on /opt/airflow/dags/sales_pipeline_dag.py
[2026-04-24T19:34:00.458+0000] {processor.py:830} INFO - Processing file /opt/airflow/dags/sales_pipeline_dag.py for tasks to queue
[2026-04-24T19:34:00.478+0000] {logging_mixin.py:188} INFO - [2026-04-24T19:34:00.468+0000] {dagbag.py:538} INFO - Filling up the DagBag from /opt/airflow/dags/sales_pipeline_dag.py
[2026-04-24T19:34:18.568+0000] {processor.py:840} INFO - DAG(s) 'sales_pipeline' retrieved from /opt/airflow/dags/sales_pipeline_dag.py
[2026-04-24T19:34:19.208+0000] {logging_mixin.py:188} INFO - [2026-04-24T19:34:19.198+0000] {dag.py:3036} INFO - Sync 1 DAGs
[2026-04-24T19:34:19.988+0000] {logging_mixin.py:188} INFO - [2026-04-24T19:34:19.968+0000] {dag.py:3823} INFO - Setting next_dagrun for sales_pipeline to 2026-04-24 00:00:00+00:00, run_after=2026-04-25 00:00:00+00:00
[2026-04-24T19:34:20.659+0000] {processor.py:183} INFO - Processing /opt/airflow/dags/sales_pipeline_dag.py took 20.300 seconds
[2026-04-24T19:34:52.383+0000] {processor.py:161} INFO - Started process (PID=3033) to work on /opt/airflow/dags/sales_pipeline_dag.py
[2026-04-24T19:34:52.404+0000] {processor.py:830} INFO - Processing file /opt/airflow/dags/sales_pipeline_dag.py for tasks to queue
[2026-04-24T19:34:52.433+0000] {logging_mixin.py:188} INFO - [2026-04-24T19:34:52.423+0000] {dagbag.py:538} INFO - Filling up the DagBag from /opt/airflow/dags/sales_pipeline_dag.py
[2026-04-24T19:35:11.123+0000] {processor.py:840} INFO - DAG(s) 'sales_pipeline' retrieved from /opt/airflow/dags/sales_pipeline_dag.py
[2026-04-24T19:35:11.863+0000] {logging_mixin.py:188} INFO - [2026-04-24T19:35:11.844+0000] {dag.py:3036} INFO - Sync 1 DAGs
[2026-04-24T19:35:12.764+0000] {logging_mixin.py:188} INFO - [2026-04-24T19:35:12.763+0000] {dag.py:3823} INFO - Setting next_dagrun for sales_pipeline to 2026-04-24 00:00:00+00:00, run_after=2026-04-25 00:00:00+00:00
[2026-04-24T19:35:13.324+0000] {processor.py:183} INFO - Processing /opt/airflow/dags/sales_pipeline_dag.py took 21.010 seconds
[2026-04-24T19:35:45.909+0000] {processor.py:161} INFO - Started process (PID=3049) to work on /opt/airflow/dags/sales_pipeline_dag.py
[2026-04-24T19:35:45.950+0000] {processor.py:830} INFO - Processing file /opt/airflow/dags/sales_pipeline_dag.py for tasks to queue
[2026-04-24T19:35:46.119+0000] {logging_mixin.py:188} INFO - [2026-04-24T19:35:46.079+0000] {dagbag.py:538} INFO - Filling up the DagBag from /opt/airflow/dags/sales_pipeline_dag.py
[2026-04-24T19:36:14.259+0000] {logging_mixin.py:188} INFO - [2026-04-24T19:36:14.229+0000] {timeout.py:68} ERROR - Process timed out, PID: 3049
[2026-04-24T19:36:15.799+0000] {logging_mixin.py:188} INFO - [2026-04-24T19:36:14.329+0000] {dagbag.py:348} ERROR - Failed to import: /opt/airflow/dags/sales_pipeline_dag.py
Traceback (most recent call last):
  File "/home/airflow/.local/lib/python3.8/site-packages/airflow/models/dagbag.py", line 344, in parse
    loader.exec_module(new_module)
  File "<frozen importlib._bootstrap_external>", line 843, in exec_module
  File "<frozen importlib._bootstrap>", line 219, in _call_with_frames_removed
  File "/opt/airflow/dags/sales_pipeline_dag.py", line 6, in <module>
    from week5.cloud_sink import CloudSink
  File "/opt/airflow/project/week5/cloud_sink.py", line 3, in <module>
    from google.cloud import bigquery
  File "/home/airflow/.local/lib/python3.8/site-packages/google/cloud/bigquery/__init__.py", line 35, in <module>
    from google.cloud.bigquery.client import Client
  File "/home/airflow/.local/lib/python3.8/site-packages/google/cloud/bigquery/client.py", line 61, in <module>
    from google.cloud.bigquery_storage_v1.services.big_query_read.client import (
  File "/home/airflow/.local/lib/python3.8/site-packages/google/cloud/bigquery_storage_v1/__init__.py", line 23, in <module>
    from google.cloud.bigquery_storage_v1 import client
  File "/home/airflow/.local/lib/python3.8/site-packages/google/cloud/bigquery_storage_v1/client.py", line 26, in <module>
    from google.cloud.bigquery_storage_v1 import reader
  File "/home/airflow/.local/lib/python3.8/site-packages/google/cloud/bigquery_storage_v1/reader.py", line 30, in <module>
    import pandas
  File "/home/airflow/.local/lib/python3.8/site-packages/pandas/__init__.py", line 48, in <module>
    from pandas.core.api import (
  File "/home/airflow/.local/lib/python3.8/site-packages/pandas/core/api.py", line 47, in <module>
    from pandas.core.groupby import (
  File "/home/airflow/.local/lib/python3.8/site-packages/pandas/core/groupby/__init__.py", line 1, in <module>
    from pandas.core.groupby.generic import (
  File "/home/airflow/.local/lib/python3.8/site-packages/pandas/core/groupby/generic.py", line 77, in <module>
    from pandas.core.frame import DataFrame
  File "/home/airflow/.local/lib/python3.8/site-packages/pandas/core/frame.py", line 182, in <module>
    from pandas.core.generic import NDFrame
  File "/home/airflow/.local/lib/python3.8/site-packages/pandas/core/generic.py", line 169, in <module>
    from pandas.core.methods.describe import describe_ndframe
  File "<frozen importlib._bootstrap>", line 991, in _find_and_load
  File "<frozen importlib._bootstrap>", line 971, in _find_and_load_unlocked
  File "<frozen importlib._bootstrap>", line 914, in _find_spec
  File "<frozen importlib._bootstrap_external>", line 1407, in find_spec
  File "<frozen importlib._bootstrap_external>", line 1379, in _get_spec
  File "<frozen importlib._bootstrap_external>", line 1526, in find_spec
  File "<frozen importlib._bootstrap_external>", line 1495, in _get_spec
  File "<frozen importlib._bootstrap_external>", line 713, in spec_from_file_location
  File "/home/airflow/.local/lib/python3.8/site-packages/airflow/utils/timeout.py", line 69, in handle_timeout
    raise AirflowTaskTimeout(self.error_message)
airflow.exceptions.AirflowTaskTimeout: DagBag import timeout for /opt/airflow/dags/sales_pipeline_dag.py after 30.0s.
Please take a look at these docs to improve your DAG import time:
* https://airflow.apache.org/docs/apache-airflow/2.8.1/best-practices.html#top-level-python-code
* https://airflow.apache.org/docs/apache-airflow/2.8.1/best-practices.html#reducing-dag-complexity, PID: 3049
[2026-04-24T19:36:15.909+0000] {processor.py:842} WARNING - No viable dags retrieved from /opt/airflow/dags/sales_pipeline_dag.py
[2026-04-24T19:36:17.369+0000] {processor.py:183} INFO - Processing /opt/airflow/dags/sales_pipeline_dag.py took 34.079 seconds
[2026-04-24T19:36:51.466+0000] {processor.py:161} INFO - Started process (PID=3060) to work on /opt/airflow/dags/sales_pipeline_dag.py
[2026-04-24T19:36:51.526+0000] {processor.py:830} INFO - Processing file /opt/airflow/dags/sales_pipeline_dag.py for tasks to queue
[2026-04-24T19:36:51.646+0000] {logging_mixin.py:188} INFO - [2026-04-24T19:36:51.616+0000] {dagbag.py:538} INFO - Filling up the DagBag from /opt/airflow/dags/sales_pipeline_dag.py
[2026-04-24T19:37:19.783+0000] {logging_mixin.py:188} INFO - [2026-04-24T19:37:19.703+0000] {timeout.py:68} ERROR - Process timed out, PID: 3060
[2026-04-24T19:37:20.923+0000] {logging_mixin.py:188} INFO - [2026-04-24T19:37:19.813+0000] {dagbag.py:348} ERROR - Failed to import: /opt/airflow/dags/sales_pipeline_dag.py
Traceback (most recent call last):
  File "/home/airflow/.local/lib/python3.8/site-packages/airflow/models/dagbag.py", line 344, in parse
    loader.exec_module(new_module)
  File "<frozen importlib._bootstrap_external>", line 843, in exec_module
  File "<frozen importlib._bootstrap>", line 219, in _call_with_frames_removed
  File "/opt/airflow/dags/sales_pipeline_dag.py", line 6, in <module>
    from week5.cloud_sink import CloudSink
  File "/opt/airflow/project/week5/cloud_sink.py", line 3, in <module>
    from google.cloud import bigquery
  File "/home/airflow/.local/lib/python3.8/site-packages/google/cloud/bigquery/__init__.py", line 35, in <module>
    from google.cloud.bigquery.client import Client
  File "/home/airflow/.local/lib/python3.8/site-packages/google/cloud/bigquery/client.py", line 61, in <module>
    from google.cloud.bigquery_storage_v1.services.big_query_read.client import (
  File "/home/airflow/.local/lib/python3.8/site-packages/google/cloud/bigquery_storage_v1/__init__.py", line 23, in <module>
    from google.cloud.bigquery_storage_v1 import client
  File "/home/airflow/.local/lib/python3.8/site-packages/google/cloud/bigquery_storage_v1/client.py", line 26, in <module>
    from google.cloud.bigquery_storage_v1 import reader
  File "/home/airflow/.local/lib/python3.8/site-packages/google/cloud/bigquery_storage_v1/reader.py", line 30, in <module>
    import pandas
  File "/home/airflow/.local/lib/python3.8/site-packages/pandas/__init__.py", line 48, in <module>
    from pandas.core.api import (
  File "/home/airflow/.local/lib/python3.8/site-packages/pandas/core/api.py", line 27, in <module>
    from pandas.core.arrays import Categorical
  File "/home/airflow/.local/lib/python3.8/site-packages/pandas/core/arrays/__init__.py", line 1, in <module>
    from pandas.core.arrays.arrow import ArrowExtensionArray
  File "/home/airflow/.local/lib/python3.8/site-packages/pandas/core/arrays/arrow/__init__.py", line 1, in <module>
    from pandas.core.arrays.arrow.array import ArrowExtensionArray
  File "/home/airflow/.local/lib/python3.8/site-packages/pandas/core/arrays/arrow/array.py", line 77, in <module>
    import pyarrow.compute as pc
  File "/home/airflow/.local/lib/python3.8/site-packages/pyarrow/compute.py", line 18, in <module>
    from pyarrow._compute import (  # noqa
  File "/home/airflow/.local/lib/python3.8/site-packages/airflow/utils/timeout.py", line 69, in handle_timeout
    raise AirflowTaskTimeout(self.error_message)
airflow.exceptions.AirflowTaskTimeout: DagBag import timeout for /opt/airflow/dags/sales_pipeline_dag.py after 30.0s.
Please take a look at these docs to improve your DAG import time:
* https://airflow.apache.org/docs/apache-airflow/2.8.1/best-practices.html#top-level-python-code
* https://airflow.apache.org/docs/apache-airflow/2.8.1/best-practices.html#reducing-dag-complexity, PID: 3060
[2026-04-24T19:37:21.013+0000] {processor.py:842} WARNING - No viable dags retrieved from /opt/airflow/dags/sales_pipeline_dag.py
[2026-04-24T19:37:22.973+0000] {processor.py:183} INFO - Processing /opt/airflow/dags/sales_pipeline_dag.py took 34.310 seconds
[2026-04-24T19:38:03.367+0000] {processor.py:161} INFO - Started process (PID=3074) to work on /opt/airflow/dags/sales_pipeline_dag.py
[2026-04-24T19:38:05.017+0000] {processor.py:830} INFO - Processing file /opt/airflow/dags/sales_pipeline_dag.py for tasks to queue
[2026-04-24T19:38:05.897+0000] {logging_mixin.py:188} INFO - [2026-04-24T19:38:05.717+0000] {dagbag.py:538} INFO - Filling up the DagBag from /opt/airflow/dags/sales_pipeline_dag.py
[2026-04-24T19:38:36.355+0000] {logging_mixin.py:188} INFO - [2026-04-24T19:38:36.095+0000] {timeout.py:68} ERROR - Process timed out, PID: 3074
[2026-04-24T19:38:51.165+0000] {logging_mixin.py:188} INFO - [2026-04-24T19:38:37.875+0000] {dagbag.py:348} ERROR - Failed to import: /opt/airflow/dags/sales_pipeline_dag.py
Traceback (most recent call last):
  File "/home/airflow/.local/lib/python3.8/site-packages/airflow/models/dagbag.py", line 344, in parse
    loader.exec_module(new_module)
  File "<frozen importlib._bootstrap_external>", line 843, in exec_module
  File "<frozen importlib._bootstrap>", line 219, in _call_with_frames_removed
  File "/opt/airflow/dags/sales_pipeline_dag.py", line 4, in <module>
    from week3.sales_pipeline import SalesPipeline
  File "/opt/airflow/project/week3/sales_pipeline.py", line 5, in <module>
    from week3.config import Config
  File "/opt/airflow/project/week3/config.py", line 1, in <module>
    from pydantic_settings import BaseSettings
  File "/home/airflow/.local/lib/python3.8/site-packages/pydantic_settings/__init__.py", line 1, in <module>
    from .main import BaseSettings, CliApp, SettingsConfigDict
  File "/home/airflow/.local/lib/python3.8/site-packages/pydantic_settings/main.py", line 17, in <module>
    from .sources import (
  File "/home/airflow/.local/lib/python3.8/site-packages/pydantic_settings/sources.py", line 39, in <module>
    from dotenv import dotenv_values
  File "/home/airflow/.local/lib/python3.8/site-packages/dotenv/__init__.py", line 3, in <module>
    from .main import (dotenv_values, find_dotenv, get_key, load_dotenv, set_key,
  File "<frozen importlib._bootstrap>", line 991, in _find_and_load
  File "<frozen importlib._bootstrap>", line 971, in _find_and_load_unlocked
  File "<frozen importlib._bootstrap>", line 914, in _find_spec
  File "<frozen importlib._bootstrap_external>", line 1407, in find_spec
  File "<frozen importlib._bootstrap_external>", line 1379, in _get_spec
  File "<frozen importlib._bootstrap_external>", line 1539, in find_spec
  File "<frozen importlib._bootstrap_external>", line 156, in _path_isfile
  File "<frozen importlib._bootstrap_external>", line 148, in _path_is_mode_type
  File "<frozen importlib._bootstrap_external>", line 142, in _path_stat
  File "/home/airflow/.local/lib/python3.8/site-packages/airflow/utils/timeout.py", line 69, in handle_timeout
    raise AirflowTaskTimeout(self.error_message)
airflow.exceptions.AirflowTaskTimeout: DagBag import timeout for /opt/airflow/dags/sales_pipeline_dag.py after 30.0s.
Please take a look at these docs to improve your DAG import time:
* https://airflow.apache.org/docs/apache-airflow/2.8.1/best-practices.html#top-level-python-code
* https://airflow.apache.org/docs/apache-airflow/2.8.1/best-practices.html#reducing-dag-complexity, PID: 3074
