[2026-05-30T14:53:27.813+0000] {taskinstance.py:1956} INFO - Dependencies all met for dep_context=non-requeueable deps ti=<TaskInstance: dbt_pipeline.dbt_run scheduled__2026-05-16T00:00:00+00:00 [queued]>
[2026-05-30T14:53:27.870+0000] {taskinstance.py:1956} INFO - Dependencies all met for dep_context=requeueable deps ti=<TaskInstance: dbt_pipeline.dbt_run scheduled__2026-05-16T00:00:00+00:00 [queued]>
[2026-05-30T14:53:27.871+0000] {taskinstance.py:2170} INFO - Starting attempt 1 of 1
[2026-05-30T14:53:27.993+0000] {taskinstance.py:2191} INFO - Executing <Task(BashOperator): dbt_run> on 2026-05-16 00:00:00+00:00
[2026-05-30T14:53:28.024+0000] {standard_task_runner.py:60} INFO - Started process 9427 to run task
[2026-05-30T14:53:28.039+0000] {standard_task_runner.py:87} INFO - Running: ['***', 'tasks', 'run', 'dbt_pipeline', 'dbt_run', 'scheduled__2026-05-16T00:00:00+00:00', '--job-id', '154', '--raw', '--subdir', 'DAGS_FOLDER/dbt_pipeline_dag.py', '--cfg-path', '/tmp/tmpm4ardz5g']
[2026-05-30T14:53:28.058+0000] {standard_task_runner.py:88} INFO - Job 154: Subtask dbt_run
[2026-05-30T14:53:28.352+0000] {task_command.py:423} INFO - Running <TaskInstance: dbt_pipeline.dbt_run scheduled__2026-05-16T00:00:00+00:00 [running]> on host c5c53f6c77ae
[2026-05-30T14:53:28.735+0000] {taskinstance.py:2480} INFO - Exporting env vars: AIRFLOW_CTX_DAG_OWNER='***' AIRFLOW_CTX_DAG_ID='dbt_pipeline' AIRFLOW_CTX_TASK_ID='dbt_run' AIRFLOW_CTX_EXECUTION_DATE='2026-05-16T00:00:00+00:00' AIRFLOW_CTX_TRY_NUMBER='1' AIRFLOW_CTX_DAG_RUN_ID='scheduled__2026-05-16T00:00:00+00:00'
[2026-05-30T14:53:28.741+0000] {subprocess.py:63} INFO - Tmp dir root location: /tmp
[2026-05-30T14:53:28.746+0000] {subprocess.py:75} INFO - Running command: ['/usr/bin/bash', '-c', 'cd /opt/***/project/week7/de_journey && dbt run --profiles-dir /opt/***/project/week7/de_journey --no-version-check']
[2026-05-30T14:53:28.791+0000] {subprocess.py:86} INFO - Output:
[2026-05-30T14:53:41.185+0000] {subprocess.py:93} INFO - [0m14:53:41  Running with dbt=1.8.7
[2026-05-30T14:53:49.853+0000] {subprocess.py:93} INFO - [0m14:53:49  Registered adapter: bigquery=1.8.3
[2026-05-30T14:54:09.264+0000] {subprocess.py:93} INFO - [0m14:54:09  Found 2 models, 1 snapshot, 13 data tests, 1 source, 759 macros
[2026-05-30T14:54:09.317+0000] {subprocess.py:93} INFO - [0m14:54:09
[2026-05-30T14:54:12.221+0000] {subprocess.py:93} INFO - [0m14:54:12  Concurrency: 4 threads (target='dev')
[2026-05-30T14:54:12.225+0000] {subprocess.py:93} INFO - [0m14:54:12
[2026-05-30T14:54:12.326+0000] {subprocess.py:93} INFO - [0m14:54:12  1 of 2 START sql view model de_journey_dw_staging.stg_sales .................... [RUN]
[2026-05-30T14:54:14.815+0000] {subprocess.py:93} INFO - [0m14:54:14  1 of 2 OK created sql view model de_journey_dw_staging.stg_sales ............... [[32mCREATE VIEW (0 processed)[0m in 2.45s]
[2026-05-30T14:54:14.888+0000] {subprocess.py:93} INFO - [0m14:54:14  2 of 2 START sql incremental model de_journey_dw_marts.mart_sales_summary ...... [RUN]
[2026-05-30T14:54:19.924+0000] {subprocess.py:93} INFO - [0m14:54:19  2 of 2 OK created sql incremental model de_journey_dw_marts.mart_sales_summary . [[32mMERGE (0.0 rows, 278.0 Bytes processed)[0m in 5.00s]
[2026-05-30T14:54:19.989+0000] {subprocess.py:93} INFO - [0m14:54:19
[2026-05-30T14:54:19.992+0000] {subprocess.py:93} INFO - [0m14:54:19  Finished running 1 view model, 1 incremental model in 0 hours 0 minutes and 10.66 seconds (10.66s).
[2026-05-30T14:54:20.521+0000] {subprocess.py:93} INFO - [0m14:54:20
[2026-05-30T14:54:20.525+0000] {subprocess.py:93} INFO - [0m14:54:20  [32mCompleted successfully[0m
[2026-05-30T14:54:20.531+0000] {subprocess.py:93} INFO - [0m14:54:20
[2026-05-30T14:54:20.533+0000] {subprocess.py:93} INFO - [0m14:54:20  Done. PASS=2 WARN=0 ERROR=0 SKIP=0 TOTAL=2
[2026-05-30T14:54:22.791+0000] {subprocess.py:97} INFO - Command exited with return code 0
[2026-05-30T14:54:22.955+0000] {taskinstance.py:1138} INFO - Marking task as SUCCESS. dag_id=dbt_pipeline, task_id=dbt_run, execution_date=20260516T000000, start_date=20260530T145327, end_date=20260530T145422
[2026-05-30T14:54:45.495+0000] {local_task_job_runner.py:234} INFO - Task exited with return code 0
[2026-05-30T14:54:23.164+0000] {taskinstance.py:3280} INFO - 1 downstream tasks scheduled from follow-on schedule check
