[2026-05-09T20:41:36.326+0000] {taskinstance.py:1956} INFO - Dependencies all met for dep_context=non-requeueable deps ti=<TaskInstance: dbt_pipeline.dbt_snapshot scheduled__2026-05-08T00:00:00+00:00 [queued]>
[2026-05-09T20:41:36.348+0000] {taskinstance.py:1956} INFO - Dependencies all met for dep_context=requeueable deps ti=<TaskInstance: dbt_pipeline.dbt_snapshot scheduled__2026-05-08T00:00:00+00:00 [queued]>
[2026-05-09T20:41:36.349+0000] {taskinstance.py:2170} INFO - Starting attempt 1 of 1
[2026-05-09T20:41:38.207+0000] {taskinstance.py:2191} INFO - Executing <Task(BashOperator): dbt_snapshot> on 2026-05-08 00:00:00+00:00
[2026-05-09T20:41:38.216+0000] {standard_task_runner.py:60} INFO - Started process 5436 to run task
[2026-05-09T20:41:38.222+0000] {standard_task_runner.py:87} INFO - Running: ['***', 'tasks', 'run', 'dbt_pipeline', 'dbt_snapshot', 'scheduled__2026-05-08T00:00:00+00:00', '--job-id', '106', '--raw', '--subdir', 'DAGS_FOLDER/dbt_pipeline_dag.py', '--cfg-path', '/tmp/tmpplypwag1']
[2026-05-09T20:41:38.227+0000] {standard_task_runner.py:88} INFO - Job 106: Subtask dbt_snapshot
[2026-05-09T20:41:39.904+0000] {task_command.py:423} INFO - Running <TaskInstance: dbt_pipeline.dbt_snapshot scheduled__2026-05-08T00:00:00+00:00 [running]> on host c5c53f6c77ae
[2026-05-09T20:41:42.497+0000] {taskinstance.py:2480} INFO - Exporting env vars: AIRFLOW_CTX_DAG_OWNER='***' AIRFLOW_CTX_DAG_ID='dbt_pipeline' AIRFLOW_CTX_TASK_ID='dbt_snapshot' AIRFLOW_CTX_EXECUTION_DATE='2026-05-08T00:00:00+00:00' AIRFLOW_CTX_TRY_NUMBER='1' AIRFLOW_CTX_DAG_RUN_ID='scheduled__2026-05-08T00:00:00+00:00'
[2026-05-09T20:41:42.503+0000] {subprocess.py:63} INFO - Tmp dir root location: /tmp
[2026-05-09T20:41:42.784+0000] {subprocess.py:75} INFO - Running command: ['/usr/bin/bash', '-c', 'cd /opt/***/project/week7/de_journey && dbt snapshot --profiles-dir /opt/***/project/week7/de_journey --no-version-check']
[2026-05-09T20:41:43.398+0000] {subprocess.py:86} INFO - Output:
[2026-05-09T20:43:36.852+0000] {subprocess.py:93} INFO - [0m20:43:36  Running with dbt=1.8.7
[2026-05-09T20:44:00.732+0000] {subprocess.py:93} INFO - [0m20:44:00  Registered adapter: bigquery=1.8.3
[2026-05-09T20:44:39.342+0000] {subprocess.py:93} INFO - [0m20:44:39  Found 2 models, 1 snapshot, 13 data tests, 1 source, 759 macros
[2026-05-09T20:44:39.350+0000] {subprocess.py:93} INFO - [0m20:44:39
[2026-05-09T20:44:40.896+0000] {subprocess.py:93} INFO - [0m20:44:40  Concurrency: 4 threads (target='dev')
[2026-05-09T20:44:40.897+0000] {subprocess.py:93} INFO - [0m20:44:40
[2026-05-09T20:44:41.002+0000] {subprocess.py:93} INFO - [0m20:44:41  1 of 1 START snapshot snapshots.sales_snapshot ................................. [RUN]
[2026-05-09T20:44:49.350+0000] {subprocess.py:93} INFO - [0m20:44:49  1 of 1 OK snapshotted snapshots.sales_snapshot ................................. [[32mMERGE (0.0 rows, 351.0 Bytes processed)[0m in 8.34s]
[2026-05-09T20:44:49.365+0000] {subprocess.py:93} INFO - [0m20:44:49
[2026-05-09T20:44:49.366+0000] {subprocess.py:93} INFO - [0m20:44:49  Finished running 1 snapshot in 0 hours 0 minutes and 10.01 seconds (10.01s).
[2026-05-09T20:44:49.988+0000] {subprocess.py:93} INFO - [0m20:44:49
[2026-05-09T20:44:49.991+0000] {subprocess.py:93} INFO - [0m20:44:49  [32mCompleted successfully[0m
[2026-05-09T20:44:49.992+0000] {subprocess.py:93} INFO - [0m20:44:49
[2026-05-09T20:44:49.993+0000] {subprocess.py:93} INFO - [0m20:44:49  Done. PASS=1 WARN=0 ERROR=0 SKIP=0 TOTAL=1
[2026-05-09T20:44:57.667+0000] {subprocess.py:97} INFO - Command exited with return code 0
[2026-05-09T20:44:57.916+0000] {taskinstance.py:1138} INFO - Marking task as SUCCESS. dag_id=dbt_pipeline, task_id=dbt_snapshot, execution_date=20260508T000000, start_date=20260509T204136, end_date=20260509T204457
[2026-05-09T20:44:58.134+0000] {local_task_job_runner.py:234} INFO - Task exited with return code 0
[2026-05-09T20:44:58.396+0000] {taskinstance.py:3280} INFO - 0 downstream tasks scheduled from follow-on schedule check
