[2026-05-30T14:55:03.948+0000] {taskinstance.py:1956} INFO - Dependencies all met for dep_context=non-requeueable deps ti=<TaskInstance: dbt_pipeline.dbt_source_freshness scheduled__2026-05-29T00:00:00+00:00 [queued]>
[2026-05-30T14:55:04.005+0000] {taskinstance.py:1956} INFO - Dependencies all met for dep_context=requeueable deps ti=<TaskInstance: dbt_pipeline.dbt_source_freshness scheduled__2026-05-29T00:00:00+00:00 [queued]>
[2026-05-30T14:55:04.008+0000] {taskinstance.py:2170} INFO - Starting attempt 1 of 1
[2026-05-30T14:55:04.128+0000] {taskinstance.py:2191} INFO - Executing <Task(BashOperator): dbt_source_freshness> on 2026-05-29 00:00:00+00:00
[2026-05-30T14:55:04.147+0000] {standard_task_runner.py:60} INFO - Started process 9608 to run task
[2026-05-30T14:55:04.152+0000] {standard_task_runner.py:87} INFO - Running: ['***', 'tasks', 'run', 'dbt_pipeline', 'dbt_source_freshness', 'scheduled__2026-05-29T00:00:00+00:00', '--job-id', '157', '--raw', '--subdir', 'DAGS_FOLDER/dbt_pipeline_dag.py', '--cfg-path', '/tmp/tmplz4qvkrk']
[2026-05-30T14:55:04.174+0000] {standard_task_runner.py:88} INFO - Job 157: Subtask dbt_source_freshness
[2026-05-30T14:55:04.449+0000] {task_command.py:423} INFO - Running <TaskInstance: dbt_pipeline.dbt_source_freshness scheduled__2026-05-29T00:00:00+00:00 [running]> on host c5c53f6c77ae
[2026-05-30T14:55:05.013+0000] {taskinstance.py:2480} INFO - Exporting env vars: AIRFLOW_CTX_DAG_OWNER='***' AIRFLOW_CTX_DAG_ID='dbt_pipeline' AIRFLOW_CTX_TASK_ID='dbt_source_freshness' AIRFLOW_CTX_EXECUTION_DATE='2026-05-29T00:00:00+00:00' AIRFLOW_CTX_TRY_NUMBER='1' AIRFLOW_CTX_DAG_RUN_ID='scheduled__2026-05-29T00:00:00+00:00'
[2026-05-30T14:55:05.023+0000] {subprocess.py:63} INFO - Tmp dir root location: /tmp
[2026-05-30T14:55:05.029+0000] {subprocess.py:75} INFO - Running command: ['/usr/bin/bash', '-c', 'cd /opt/***/project/week7/de_journey && dbt source freshness --profiles-dir /opt/***/project/week7/de_journey --no-version-check']
[2026-05-30T14:55:05.066+0000] {subprocess.py:86} INFO - Output:
[2026-05-30T14:55:13.062+0000] {subprocess.py:93} INFO - [0m14:55:13  Running with dbt=1.8.7
[2026-05-30T14:55:17.879+0000] {subprocess.py:93} INFO - [0m14:55:17  Registered adapter: bigquery=1.8.3
[2026-05-30T14:55:28.666+0000] {subprocess.py:93} INFO - [0m14:55:28  Found 2 models, 1 snapshot, 13 data tests, 1 source, 759 macros
[2026-05-30T14:55:28.690+0000] {subprocess.py:93} INFO - [0m14:55:28
[2026-05-30T14:55:28.703+0000] {subprocess.py:93} INFO - [0m14:55:28  Nothing to do. Try checking your model configs and model specification args
[2026-05-30T14:55:29.151+0000] {subprocess.py:93} INFO - [0m14:55:29  Done.
[2026-05-30T14:55:31.135+0000] {subprocess.py:97} INFO - Command exited with return code 0
[2026-05-30T14:55:31.242+0000] {taskinstance.py:1138} INFO - Marking task as SUCCESS. dag_id=dbt_pipeline, task_id=dbt_source_freshness, execution_date=20260529T000000, start_date=20260530T145503, end_date=20260530T145531
[2026-05-30T14:55:31.437+0000] {local_task_job_runner.py:234} INFO - Task exited with return code 0
[2026-05-30T14:55:31.524+0000] {taskinstance.py:3280} INFO - 0 downstream tasks scheduled from follow-on schedule check
