[2026-04-13T15:38:09.336+0000] {taskinstance.py:1956} INFO - Dependencies all met for dep_context=non-requeueable deps ti=<TaskInstance: sales_pipeline.extract manual__2026-04-13T15:38:01.755671+00:00 [queued]>
[2026-04-13T15:38:09.414+0000] {taskinstance.py:1956} INFO - Dependencies all met for dep_context=requeueable deps ti=<TaskInstance: sales_pipeline.extract manual__2026-04-13T15:38:01.755671+00:00 [queued]>
[2026-04-13T15:38:09.417+0000] {taskinstance.py:2170} INFO - Starting attempt 1 of 1
[2026-04-13T15:38:09.575+0000] {taskinstance.py:2191} INFO - Executing <Task(PythonOperator): extract> on 2026-04-13 15:38:01.755671+00:00
[2026-04-13T15:38:09.627+0000] {standard_task_runner.py:60} INFO - Started process 194 to run task
[2026-04-13T15:38:09.657+0000] {standard_task_runner.py:87} INFO - Running: ['***', 'tasks', 'run', 'sales_pipeline', 'extract', 'manual__2026-04-13T15:38:01.755671+00:00', '--job-id', '12', '--raw', '--subdir', 'DAGS_FOLDER/sales_pipeline_dag.py', '--cfg-path', '/tmp/tmpcqr2dgka']
[2026-04-13T15:38:09.677+0000] {standard_task_runner.py:88} INFO - Job 12: Subtask extract
[2026-04-13T15:38:10.124+0000] {task_command.py:423} INFO - Running <TaskInstance: sales_pipeline.extract manual__2026-04-13T15:38:01.755671+00:00 [running]> on host 9c7376dc4485
[2026-04-13T15:38:10.627+0000] {taskinstance.py:2480} INFO - Exporting env vars: AIRFLOW_CTX_DAG_OWNER='***' AIRFLOW_CTX_DAG_ID='sales_pipeline' AIRFLOW_CTX_TASK_ID='extract' AIRFLOW_CTX_EXECUTION_DATE='2026-04-13T15:38:01.755671+00:00' AIRFLOW_CTX_TRY_NUMBER='1' AIRFLOW_CTX_DAG_RUN_ID='manual__2026-04-13T15:38:01.755671+00:00'
[2026-04-13T15:38:10.765+0000] {taskinstance.py:2698} ERROR - Task failed with exception
Traceback (most recent call last):
  File "/home/airflow/.local/lib/python3.8/site-packages/airflow/models/taskinstance.py", line 433, in _execute_task
    result = execute_callable(context=context, **execute_callable_kwargs)
  File "/home/airflow/.local/lib/python3.8/site-packages/airflow/operators/python.py", line 199, in execute
    return_value = self.execute_callable()
  File "/home/airflow/.local/lib/python3.8/site-packages/airflow/operators/python.py", line 216, in execute_callable
    return self.python_callable(*self.op_args, **self.op_kwargs)
  File "/opt/airflow/dags/sales_pipeline_dag.py", line 15, in extract
    result = pipe.extract("week1/data/sales.csv")
  File "/opt/airflow/project/week3/sales_pipeline.py", line 32, in extract
    with open(filepath, newline="") as extractee:
FileNotFoundError: [Errno 2] No such file or directory: 'week1/data/sales.csv'
[2026-04-13T15:38:10.906+0000] {taskinstance.py:1138} INFO - Marking task as FAILED. dag_id=sales_pipeline, task_id=extract, execution_date=20260413T153801, start_date=20260413T153809, end_date=20260413T153810
[2026-04-13T15:38:10.975+0000] {standard_task_runner.py:107} ERROR - Failed to execute job 12 for task extract ([Errno 2] No such file or directory: 'week1/data/sales.csv'; 194)
[2026-04-13T15:38:11.047+0000] {local_task_job_runner.py:234} INFO - Task exited with return code 1
[2026-04-13T15:38:11.214+0000] {taskinstance.py:3280} INFO - 0 downstream tasks scheduled from follow-on schedule check
