[2026-06-07T19:30:31.217+0000] {taskinstance.py:1956} INFO - Dependencies all met for dep_context=non-requeueable deps ti=<TaskInstance: dbt_pipeline.dbt_run scheduled__2026-06-06T00:00:00+00:00 [queued]>
[2026-06-07T19:30:31.238+0000] {taskinstance.py:1956} INFO - Dependencies all met for dep_context=requeueable deps ti=<TaskInstance: dbt_pipeline.dbt_run scheduled__2026-06-06T00:00:00+00:00 [queued]>
[2026-06-07T19:30:31.240+0000] {taskinstance.py:2170} INFO - Starting attempt 1 of 1
[2026-06-07T19:30:31.649+0000] {taskinstance.py:2191} INFO - Executing <Task(BashOperator): dbt_run> on 2026-06-06 00:00:00+00:00
[2026-06-07T19:30:31.659+0000] {standard_task_runner.py:60} INFO - Started process 19566 to run task
[2026-06-07T19:30:31.665+0000] {standard_task_runner.py:87} INFO - Running: ['***', 'tasks', 'run', 'dbt_pipeline', 'dbt_run', 'scheduled__2026-06-06T00:00:00+00:00', '--job-id', '203', '--raw', '--subdir', 'DAGS_FOLDER/dbt_pipeline_dag.py', '--cfg-path', '/tmp/tmp33v1cbf5']
[2026-06-07T19:30:31.669+0000] {standard_task_runner.py:88} INFO - Job 203: Subtask dbt_run
[2026-06-07T19:30:31.785+0000] {task_command.py:423} INFO - Running <TaskInstance: dbt_pipeline.dbt_run scheduled__2026-06-06T00:00:00+00:00 [running]> on host c5c53f6c77ae
[2026-06-07T19:30:32.078+0000] {taskinstance.py:2480} INFO - Exporting env vars: AIRFLOW_CTX_DAG_OWNER='***' AIRFLOW_CTX_DAG_ID='dbt_pipeline' AIRFLOW_CTX_TASK_ID='dbt_run' AIRFLOW_CTX_EXECUTION_DATE='2026-06-06T00:00:00+00:00' AIRFLOW_CTX_TRY_NUMBER='1' AIRFLOW_CTX_DAG_RUN_ID='scheduled__2026-06-06T00:00:00+00:00'
[2026-06-07T19:30:32.082+0000] {subprocess.py:63} INFO - Tmp dir root location: /tmp
[2026-06-07T19:30:32.085+0000] {subprocess.py:75} INFO - Running command: ['/usr/bin/bash', '-c', 'cd /opt/***/project/week7/de_journey && dbt run --profiles-dir /opt/***/project/week7/de_journey --no-version-check']
[2026-06-07T19:30:32.105+0000] {subprocess.py:86} INFO - Output:
[2026-06-07T19:30:35.954+0000] {subprocess.py:93} INFO - [0m19:30:35  Running with dbt=1.8.7
[2026-06-07T19:30:38.654+0000] {subprocess.py:93} INFO - [0m19:30:38  Registered adapter: bigquery=1.8.3
[2026-06-07T19:30:43.793+0000] {subprocess.py:93} INFO - [0m19:30:43  Found 2 models, 1 snapshot, 13 data tests, 1 source, 759 macros
[2026-06-07T19:30:43.800+0000] {subprocess.py:93} INFO - [0m19:30:43
[2026-06-07T19:30:45.094+0000] {subprocess.py:93} INFO - [0m19:30:45  Concurrency: 4 threads (target='dev')
[2026-06-07T19:30:45.096+0000] {subprocess.py:93} INFO - [0m19:30:45
[2026-06-07T19:30:45.115+0000] {subprocess.py:93} INFO - [0m19:30:45  1 of 2 START sql view model de_journey_dw_staging.stg_sales .................... [RUN]
[2026-06-07T19:30:46.564+0000] {subprocess.py:93} INFO - [0m19:30:46  1 of 2 OK created sql view model de_journey_dw_staging.stg_sales ............... [[32mCREATE VIEW (0 processed)[0m in 1.44s]
[2026-06-07T19:30:46.572+0000] {subprocess.py:93} INFO - [0m19:30:46  2 of 2 START sql incremental model de_journey_dw_marts.mart_sales_summary ...... [RUN]
[2026-06-07T19:30:51.408+0000] {subprocess.py:93} INFO - [0m19:30:51  2 of 2 OK created sql incremental model de_journey_dw_marts.mart_sales_summary . [[32mMERGE (0.0 rows, 278.0 Bytes processed)[0m in 4.83s]
[2026-06-07T19:30:51.421+0000] {subprocess.py:93} INFO - [0m19:30:51
[2026-06-07T19:30:51.423+0000] {subprocess.py:93} INFO - [0m19:30:51  Finished running 1 view model, 1 incremental model in 0 hours 0 minutes and 7.62 seconds (7.62s).
[2026-06-07T19:30:51.729+0000] {subprocess.py:93} INFO - [0m19:30:51
[2026-06-07T19:30:51.731+0000] {subprocess.py:93} INFO - [0m19:30:51  [32mCompleted successfully[0m
[2026-06-07T19:30:51.733+0000] {subprocess.py:93} INFO - [0m19:30:51
[2026-06-07T19:30:51.735+0000] {subprocess.py:93} INFO - [0m19:30:51  Done. PASS=2 WARN=0 ERROR=0 SKIP=0 TOTAL=2
[2026-06-07T19:30:52.994+0000] {subprocess.py:97} INFO - Command exited with return code 0
[2026-06-07T19:30:53.102+0000] {taskinstance.py:1138} INFO - Marking task as SUCCESS. dag_id=dbt_pipeline, task_id=dbt_run, execution_date=20260606T000000, start_date=20260607T193031, end_date=20260607T193053
[2026-06-07T19:30:53.201+0000] {local_task_job_runner.py:234} INFO - Task exited with return code 0
[2026-06-07T19:30:53.260+0000] {taskinstance.py:3280} INFO - 1 downstream tasks scheduled from follow-on schedule check
